2024-06-09 00:35:14,711 - mmdet - INFO - Environment info:
------------------------------------------------------------
sys.platform: linux
Python: 3.7.16 (default, Jan 17 2023, 22:20:44) [GCC 11.2.0]
CUDA available: True
GPU 0,1,2,3,4,5,6,7: NVIDIA GeForce RTX 3090
CUDA_HOME: /usr/local/cuda-12.0
NVCC: Build cuda_12.0.r12.0/compiler.31968024_0
GCC: gcc (Ubuntu 7.5.0-3ubuntu1~18.04) 7.5.0
PyTorch: 1.7.0
PyTorch compiling details: PyTorch built with:
  - GCC 7.3
  - C++ Version: 201402
  - Intel(R) oneAPI Math Kernel Library Version 2021.4-Product Build 20210904 for Intel(R) 64 architecture applications
  - Intel(R) MKL-DNN v1.6.0 (Git Hash 5ef631a030a6f73131c77892041042805a06064f)
  - OpenMP 201511 (a.k.a. OpenMP 4.5)
  - NNPACK is enabled
  - CPU capability usage: AVX2
  - CUDA Runtime 11.0
  - NVCC architecture flags: -gencode;arch=compute_37,code=sm_37;-gencode;arch=compute_50,code=sm_50;-gencode;arch=compute_60,code=sm_60;-gencode;arch=compute_61,code=sm_61;-gencode;arch=compute_70,code=sm_70;-gencode;arch=compute_75,code=sm_75;-gencode;arch=compute_80,code=sm_80;-gencode;arch=compute_37,code=compute_37
  - CuDNN 8.0.3
  - Magma 2.5.2
  - Build settings: BLAS=MKL, BUILD_TYPE=Release, CXX_FLAGS= -Wno-deprecated -fvisibility-inlines-hidden -DUSE_PTHREADPOOL -fopenmp -DNDEBUG -DUSE_FBGEMM -DUSE_QNNPACK -DUSE_PYTORCH_QNNPACK -DUSE_XNNPACK -DUSE_VULKAN_WRAPPER -O2 -fPIC -Wno-narrowing -Wall -Wextra -Werror=return-type -Wno-missing-field-initializers -Wno-type-limits -Wno-array-bounds -Wno-unknown-pragmas -Wno-sign-compare -Wno-unused-parameter -Wno-unused-variable -Wno-unused-function -Wno-unused-result -Wno-unused-local-typedefs -Wno-strict-overflow -Wno-strict-aliasing -Wno-error=deprecated-declarations -Wno-stringop-overflow -Wno-psabi -Wno-error=pedantic -Wno-error=redundant-decls -Wno-error=old-style-cast -fdiagnostics-color=always -faligned-new -Wno-unused-but-set-variable -Wno-maybe-uninitialized -fno-math-errno -fno-trapping-math -Werror=format -Wno-stringop-overflow, PERF_WITH_AVX=1, PERF_WITH_AVX2=1, PERF_WITH_AVX512=1, USE_CUDA=ON, USE_EXCEPTION_PTR=1, USE_GFLAGS=OFF, USE_GLOG=OFF, USE_MKL=ON, USE_MKLDNN=ON, USE_MPI=OFF, USE_NCCL=ON, USE_NNPACK=ON, USE_OPENMP=ON, 

TorchVision: 0.8.0
OpenCV: 4.8.1
MMCV: 1.3.3
MMCV Compiler: GCC 7.3
MMCV CUDA Compiler: 11.0
MMDetection: 2.13.0+c820f32
------------------------------------------------------------

2024-06-09 00:35:15,657 - mmdet - INFO - Distributed training: False
2024-06-09 00:35:16,531 - mmdet - INFO - Config:
checkpoint_config = dict(interval=1)
log_config = dict(interval=50, hooks=[dict(type='TextLoggerHook')])
custom_hooks = [dict(type='NumClassCheckHook')]
dist_params = dict(backend='nccl')
log_level = 'INFO'
load_from = '../TOV_mmdetection_cache/work_dir/coco/pre_trained/P2B.pth'
resume_from = None
workflow = [('train', 1)]
norm_cfg = dict(type='GN', num_groups=32, requires_grad=True)
debug = False
num_stages = 2
model = dict(
    type='P2BNet',
    pretrained='torchvision://resnet50',
    backbone=dict(
        type='ResNet',
        depth=50,
        num_stages=4,
        out_indices=(0, 1, 2, 3),
        frozen_stages=1,
        norm_cfg=dict(type='BN', requires_grad=True),
        norm_eval=True,
        style='pytorch'),
    neck=dict(
        type='FPN',
        in_channels=[256, 512, 1024, 2048],
        out_channels=256,
        start_level=0,
        add_extra_convs='on_input',
        num_outs=4,
        norm_cfg=dict(type='GN', num_groups=32, requires_grad=True)),
    roi_head=dict(
        type='P2BHead',
        num_stages=2,
        top_k=7,
        with_atten=False,
        bbox_roi_extractor=dict(
            type='SingleRoIExtractor',
            roi_layer=dict(type='RoIAlign', output_size=7),
            out_channels=256,
            featmap_strides=[4, 8, 16, 32]),
        bbox_head=dict(
            type='Shared2FCInstanceMILHead',
            num_stages=2,
            with_loss_pseudo=False,
            in_channels=256,
            fc_out_channels=1024,
            roi_feat_size=7,
            num_classes=6,
            num_ref_fcs=0,
            bbox_coder=dict(
                type='DeltaXYWHBBoxCoder',
                target_means=[0.0, 0.0, 0.0, 0.0],
                target_stds=[0.1, 0.1, 0.2, 0.2]),
            reg_class_agnostic=True,
            loss_type='MIL',
            loss_mil1=dict(
                type='MILLoss',
                binary_ins=False,
                loss_weight=0.25,
                loss_type='binary_cross_entropy'),
            loss_mil2=dict(
                type='MILLoss',
                binary_ins=False,
                loss_weight=0.25,
                loss_type='gfocal_loss'))),
    train_cfg=dict(
        base_proposal=dict(
            base_scales=[4, 8, 16, 32, 64, 128],
            base_ratios=[
                0.3333333333333333, 0.5, 0.6666666666666666, 1.0, 1.5, 2.0, 3.0
            ],
            shake_ratio=None,
            cut_mode='symmetry',
            gen_num_neg=0),
        fine_proposal=dict(
            gen_proposal_mode='fix_gen',
            cut_mode=None,
            shake_ratio=[0.1],
            base_ratios=[1, 1.2, 1.3, 0.8, 0.7],
            iou_thr=0.3,
            gen_num_neg=3500),
        rcnn=None),
    test_cfg=dict(rpn=None, rcnn=None))
dataset_type = 'CocoFmtDataset'
data_root = 'data/coco/'
img_norm_cfg = dict(
    mean=[123.675, 116.28, 103.53], std=[58.395, 57.12, 57.375], to_rgb=True)
train_pipeline = [
    dict(type='LoadImageFromFile'),
    dict(type='LoadAnnotations', with_bbox=True),
    dict(
        type='Resize',
        img_scale=[(2000, 480), (2000, 576), (2000, 688), (2000, 864),
                   (2000, 1000), (2000, 1200)],
        multiscale_mode='value',
        keep_ratio=True),
    dict(type='RandomFlip', flip_ratio=0.5),
    dict(
        type='Normalize',
        mean=[123.675, 116.28, 103.53],
        std=[58.395, 57.12, 57.375],
        to_rgb=True),
    dict(type='Pad', size_divisor=32),
    dict(type='DefaultFormatBundle'),
    dict(
        type='Collect',
        keys=[
            'img', 'gt_bboxes', 'gt_labels', 'gt_bboxes_ignore',
            'gt_true_bboxes'
        ])
]
test_scale = 1200
test_pipeline = [
    dict(type='LoadImageFromFile'),
    dict(type='LoadAnnotations', with_bbox=True),
    dict(
        type='MultiScaleFlipAug',
        img_scale=(2000, 1200),
        flip=False,
        transforms=[
            dict(type='Resize', keep_ratio=True),
            dict(type='RandomFlip'),
            dict(
                type='Normalize',
                mean=[123.675, 116.28, 103.53],
                std=[58.395, 57.12, 57.375],
                to_rgb=True),
            dict(type='Pad', size_divisor=32),
            dict(type='DefaultFormatBundle'),
            dict(
                type='Collect',
                keys=[
                    'img', 'gt_bboxes', 'gt_labels', 'gt_bboxes_ignore',
                    'gt_anns_id', 'gt_true_bboxes'
                ])
        ])
]
data = dict(
    samples_per_gpu=8,
    workers_per_gpu=1,
    shuffle=None,
    train=dict(
        type='CocoFmtDataset',
        ann_file='data/coco/annotations_qc_pt/instances_train2017_coarse.json',
        img_prefix='data/coco/images/train/',
        pipeline=[
            dict(type='LoadImageFromFile'),
            dict(type='LoadAnnotations', with_bbox=True),
            dict(
                type='Resize',
                img_scale=[(2000, 480), (2000, 576), (2000, 688), (2000, 864),
                           (2000, 1000), (2000, 1200)],
                multiscale_mode='value',
                keep_ratio=True),
            dict(type='RandomFlip', flip_ratio=0.5),
            dict(
                type='Normalize',
                mean=[123.675, 116.28, 103.53],
                std=[58.395, 57.12, 57.375],
                to_rgb=True),
            dict(type='Pad', size_divisor=32),
            dict(type='DefaultFormatBundle'),
            dict(
                type='Collect',
                keys=[
                    'img', 'gt_bboxes', 'gt_labels', 'gt_bboxes_ignore',
                    'gt_true_bboxes'
                ])
        ]),
    val=dict(
        samples_per_gpu=16,
        type='CocoFmtDataset',
        ann_file=
        '/home/lxz/P2BNet/TOV_mmdetection/data/coco/annotations/instances_train.json',
        img_prefix='data/coco/images/train',
        pipeline=[
            dict(type='LoadImageFromFile'),
            dict(type='LoadAnnotations', with_bbox=True),
            dict(
                type='MultiScaleFlipAug',
                img_scale=(2000, 1200),
                flip=False,
                transforms=[
                    dict(type='Resize', keep_ratio=True),
                    dict(type='RandomFlip'),
                    dict(
                        type='Normalize',
                        mean=[123.675, 116.28, 103.53],
                        std=[58.395, 57.12, 57.375],
                        to_rgb=True),
                    dict(type='Pad', size_divisor=32),
                    dict(type='DefaultFormatBundle'),
                    dict(
                        type='Collect',
                        keys=[
                            'img', 'gt_bboxes', 'gt_labels',
                            'gt_bboxes_ignore', 'gt_anns_id', 'gt_true_bboxes'
                        ])
                ])
        ],
        test_mode=False),
    test=dict(
        samples_per_gpu=16,
        type='CocoFmtDataset',
        ann_file=
        '/home/lxz/P2BNet/TOV_mmdetection/data/coco/annotations/instances_train.json',
        img_prefix='data/coco/images/train/',
        pipeline=[
            dict(type='LoadImageFromFile'),
            dict(type='LoadAnnotations', with_bbox=True),
            dict(
                type='MultiScaleFlipAug',
                img_scale=(2000, 1200),
                flip=False,
                transforms=[
                    dict(type='Resize', keep_ratio=True),
                    dict(type='RandomFlip'),
                    dict(
                        type='Normalize',
                        mean=[123.675, 116.28, 103.53],
                        std=[58.395, 57.12, 57.375],
                        to_rgb=True),
                    dict(type='Pad', size_divisor=32),
                    dict(type='DefaultFormatBundle'),
                    dict(
                        type='Collect',
                        keys=[
                            'img', 'gt_bboxes', 'gt_labels',
                            'gt_bboxes_ignore', 'gt_anns_id', 'gt_true_bboxes'
                        ])
                ])
        ],
        test_mode=False))
check = dict(stop_while_nan=False)
optimizer = dict(
    type='AdamW',
    lr=5e-05,
    betas=(0.9, 0.999),
    weight_decay=0.05,
    paramwise_cfg=dict(
        custom_keys=dict(
            absolute_pos_embed=dict(decay_mult=0.0),
            relative_position_bias_table=dict(decay_mult=0.0),
            norm=dict(decay_mult=0.0))))
optimizer_config = dict(grad_clip=dict(max_norm=35, norm_type=2))
lr_config = dict(
    policy='step',
    warmup='linear',
    warmup_iters=500,
    warmup_ratio=0.001,
    step=[8, 11])
runner = dict(type='EpochBasedRunner', max_epochs=24)
work_dir = '../TOV_mmdetection_cache/work_dir/coco/'
evaluation = dict(
    interval=2,
    metric='bbox',
    save_result_file=
    '../TOV_mmdetection_cache/work_dir/coco/_1200_latest_result.json',
    do_first_eval=False,
    do_final_eval=True)
gpu_ids = [5]

2024-06-09 00:35:22,124 - mmdet - INFO - load checkpoint from ../TOV_mmdetection_cache/work_dir/coco/pre_trained/P2B.pth
2024-06-09 00:35:22,124 - mmdet - INFO - Use load_from_local loader
2024-06-09 00:35:23,294 - mmdet - WARNING - The model and loaded state dict do not match exactly

size mismatch for roi_head.bbox_head.fc_cls.0.weight: copying a param with shape torch.Size([81, 1024]) from checkpoint, the shape in current model is torch.Size([7, 1024]).
size mismatch for roi_head.bbox_head.fc_cls.0.bias: copying a param with shape torch.Size([81]) from checkpoint, the shape in current model is torch.Size([7]).
size mismatch for roi_head.bbox_head.fc_cls.1.weight: copying a param with shape torch.Size([80, 1024]) from checkpoint, the shape in current model is torch.Size([6, 1024]).
size mismatch for roi_head.bbox_head.fc_cls.1.bias: copying a param with shape torch.Size([80]) from checkpoint, the shape in current model is torch.Size([6]).
size mismatch for roi_head.bbox_head.fc_ins.0.weight: copying a param with shape torch.Size([81, 1024]) from checkpoint, the shape in current model is torch.Size([7, 1024]).
size mismatch for roi_head.bbox_head.fc_ins.0.bias: copying a param with shape torch.Size([81]) from checkpoint, the shape in current model is torch.Size([7]).
size mismatch for roi_head.bbox_head.fc_ins.1.weight: copying a param with shape torch.Size([80, 1024]) from checkpoint, the shape in current model is torch.Size([6, 1024]).
size mismatch for roi_head.bbox_head.fc_ins.1.bias: copying a param with shape torch.Size([80]) from checkpoint, the shape in current model is torch.Size([6]).
2024-06-09 00:35:23,299 - mmdet - INFO - Start running, host: lxz@user-SYS-4029GP-TRT2, work_dir: /home/lxz/P2BNet/TOV_mmdetection_cache/work_dir/coco
2024-06-09 00:35:23,299 - mmdet - INFO - workflow: [('train', 1)], max: 24 epochs
2024-06-09 00:36:51,407 - mmdet - INFO - Epoch [1][50/180]	lr: 4.945e-06, eta: 2:05:24, time: 1.762, data_time: 0.072, memory: 17751, stage0_loss_instance_mil: 0.7014, stage0_bag_acc: 22.7451, stage0_mean_ious: 0.2855, stage0_s: 0.0000, stage0_m: 0.0161, stage0_l: 0.2382, stage0_h: 0.2892, stage1_loss_instance_mil: 0.1661, stage1_bag_acc: 14.5703, stage1_neg_loss: 0.0045, stage1_mean_ious: 0.2736, stage1_s: 0.0000, stage1_m: 0.0145, stage1_l: 0.2264, stage1_h: 0.2778, loss: 0.8720, grad_norm: 3.2873
2024-06-09 00:38:15,329 - mmdet - INFO - Epoch [1][100/180]	lr: 9.940e-06, eta: 2:00:59, time: 1.678, data_time: 0.024, memory: 17752, stage0_loss_instance_mil: 0.5801, stage0_bag_acc: 45.0688, stage0_mean_ious: 0.3395, stage0_s: 0.0000, stage0_m: 0.0363, stage0_l: 0.2235, stage0_h: 0.3513, stage1_loss_instance_mil: 0.2241, stage1_bag_acc: 22.5372, stage1_neg_loss: 0.0156, stage1_mean_ious: 0.3202, stage1_s: 0.0000, stage1_m: 0.0320, stage1_l: 0.2121, stage1_h: 0.3307, loss: 0.8198, grad_norm: 4.9019
2024-06-09 00:39:40,697 - mmdet - INFO - Epoch [1][150/180]	lr: 1.494e-05, eta: 1:59:15, time: 1.707, data_time: 0.025, memory: 17801, stage0_loss_instance_mil: 0.2835, stage0_bag_acc: 86.0142, stage0_mean_ious: 0.3802, stage0_s: 0.0000, stage0_m: 0.0178, stage0_l: 0.2066, stage0_h: 0.4079, stage1_loss_instance_mil: 0.3259, stage1_bag_acc: 74.1925, stage1_neg_loss: 0.0601, stage1_mean_ious: 0.3803, stage1_s: 0.0000, stage1_m: 0.0199, stage1_l: 0.2137, stage1_h: 0.4078, loss: 0.6694, grad_norm: 10.4672
2024-06-09 00:40:31,248 - mmdet - INFO - Saving checkpoint at 1 epochs
2024-06-09 00:42:00,365 - mmdet - INFO - Epoch [2][50/180]	lr: 2.293e-05, eta: 1:42:04, time: 1.740, data_time: 0.072, memory: 17801, stage0_loss_instance_mil: 0.0868, stage0_bag_acc: 95.8847, stage0_mean_ious: 0.4000, stage0_s: 0.0000, stage0_m: 0.0255, stage0_l: 0.2157, stage0_h: 0.4180, stage1_loss_instance_mil: 0.3412, stage1_bag_acc: 95.4252, stage1_neg_loss: 0.0980, stage1_mean_ious: 0.3984, stage1_s: 0.0000, stage1_m: 0.0248, stage1_l: 0.2158, stage1_h: 0.4159, loss: 0.5260, grad_norm: 17.0754
2024-06-09 00:43:23,582 - mmdet - INFO - Epoch [2][100/180]	lr: 2.792e-05, eta: 1:42:50, time: 1.664, data_time: 0.023, memory: 17801, stage0_loss_instance_mil: 0.0765, stage0_bag_acc: 95.4810, stage0_mean_ious: 0.3638, stage0_s: 0.0000, stage0_m: 0.0320, stage0_l: 0.1780, stage0_h: 0.3879, stage1_loss_instance_mil: 0.3383, stage1_bag_acc: 96.4907, stage1_neg_loss: 0.0833, stage1_mean_ious: 0.3451, stage1_s: 0.0000, stage1_m: 0.0280, stage1_l: 0.1685, stage1_h: 0.3689, loss: 0.4981, grad_norm: 14.9527
2024-06-09 00:44:48,642 - mmdet - INFO - Epoch [2][150/180]	lr: 3.292e-05, eta: 1:43:18, time: 1.701, data_time: 0.024, memory: 17801, stage0_loss_instance_mil: 0.0450, stage0_bag_acc: 97.8731, stage0_mean_ious: 0.3591, stage0_s: 0.0000, stage0_m: 0.0413, stage0_l: 0.1623, stage0_h: 0.3866, stage1_loss_instance_mil: 0.2942, stage1_bag_acc: 98.2272, stage1_neg_loss: 0.1199, stage1_mean_ious: 0.3454, stage1_s: 0.0000, stage1_m: 0.0326, stage1_l: 0.1451, stage1_h: 0.3740, loss: 0.4590, grad_norm: 23.3767
2024-06-09 00:45:40,587 - mmdet - INFO - Saving checkpoint at 2 epochs
2024-06-09 00:47:11,381 - mmdet - INFO - Evaluating bbox...
2024-06-09 00:47:12,209 - mmdet - INFO -  Average Precision  (AP) @[ IoU=0.50:0.95 | area=   all | maxDets=100 ] = 0.0773
2024-06-09 00:47:12,209 - mmdet - INFO -  Average Precision  (AP) @[ IoU=0.50      | area=   all | maxDets=1000 ] = 0.2697
2024-06-09 00:47:12,209 - mmdet - INFO -  Average Precision  (AP) @[ IoU=0.60      | area=   all | maxDets=1000 ] = 0.1384
2024-06-09 00:47:12,209 - mmdet - INFO -  Average Precision  (AP) @[ IoU=0.70      | area=   all | maxDets=1000 ] = 0.0513
2024-06-09 00:47:12,209 - mmdet - INFO -  Average Precision  (AP) @[ IoU=0.75      | area=   all | maxDets=1000 ] = 0.0218
2024-06-09 00:47:12,209 - mmdet - INFO -  Average Precision  (AP) @[ IoU=0.80      | area=   all | maxDets=1000 ] = 0.0080
2024-06-09 00:47:12,209 - mmdet - INFO -  Average Precision  (AP) @[ IoU=0.90      | area=   all | maxDets=1000 ] = 0.0001
2024-06-09 00:47:12,210 - mmdet - INFO -  Average Precision  (AP) @[ IoU=0.50:0.95 | area= small | maxDets=1000 ] = 0.0144
2024-06-09 00:47:12,210 - mmdet - INFO -  Average Precision  (AP) @[ IoU=0.50:0.95 | area=medium | maxDets=1000 ] = 0.0834
2024-06-09 00:47:12,210 - mmdet - INFO -  Average Precision  (AP) @[ IoU=0.50:0.95 | area= large | maxDets=1000 ] = 0.0873
2024-06-09 00:47:12,210 - mmdet - INFO -  Average Recall     (AR) @[ IoU=0.50:0.95 | area=   all | maxDets=100 ] = 0.1393
2024-06-09 00:47:12,210 - mmdet - INFO -  Average Recall     (AR) @[ IoU=0.50:0.95 | area=   all | maxDets=300 ] = 0.1393
2024-06-09 00:47:12,210 - mmdet - INFO -  Average Recall     (AR) @[ IoU=0.50:0.95 | area=   all | maxDets=1000 ] = 0.1393
2024-06-09 00:47:12,210 - mmdet - INFO -  Average Recall     (AR) @[ IoU=0.50:0.95 | area= small | maxDets=1000 ] = 0.0259
2024-06-09 00:47:12,210 - mmdet - INFO -  Average Recall     (AR) @[ IoU=0.50:0.95 | area=medium | maxDets=1000 ] = 0.1572
2024-06-09 00:47:12,210 - mmdet - INFO -  Average Recall     (AR) @[ IoU=0.50:0.95 | area= large | maxDets=1000 ] = 0.1021
2024-06-09 00:47:12,227 - mmdet - INFO - Exp name: P2BNet_r50_fpn_1x_coco_ms.py
2024-06-09 00:47:12,227 - mmdet - INFO - Epoch(val) [2][180]	eval_iter_num: 90, bbox_mAP: 0.0770, bbox_mAP_50: 0.2700, bbox_mAP_75: 0.1380, bbox_mAP_s: 0.0510, bbox_mAP_m: 0.0220, bbox_mAP_l: 0.0080, bbox_mAP_copypaste: 0.077 0.270 0.138 0.051 0.022 0.008
2024-06-09 00:48:38,380 - mmdet - INFO - Epoch [3][50/180]	lr: 4.091e-05, eta: 1:35:10, time: 1.723, data_time: 0.074, memory: 17801, stage0_loss_instance_mil: 0.0403, stage0_bag_acc: 97.5149, stage0_mean_ious: 0.3615, stage0_s: 0.0000, stage0_m: 0.0241, stage0_l: 0.1463, stage0_h: 0.3885, stage1_loss_instance_mil: 0.2682, stage1_bag_acc: 98.5573, stage1_neg_loss: 0.0877, stage1_mean_ious: 0.3350, stage1_s: 0.0000, stage1_m: 0.0165, stage1_l: 0.1297, stage1_h: 0.3617, loss: 0.3963, grad_norm: 14.6927
2024-06-09 00:50:04,218 - mmdet - INFO - Epoch [3][100/180]	lr: 4.590e-05, eta: 1:35:45, time: 1.717, data_time: 0.025, memory: 17801, stage0_loss_instance_mil: 0.0474, stage0_bag_acc: 96.9566, stage0_mean_ious: 0.3311, stage0_s: 0.0000, stage0_m: 0.0571, stage0_l: 0.1516, stage0_h: 0.3547, stage1_loss_instance_mil: 0.2863, stage1_bag_acc: 97.9364, stage1_neg_loss: 0.0766, stage1_mean_ious: 0.3146, stage1_s: 0.0000, stage1_m: 0.0362, stage1_l: 0.1346, stage1_h: 0.3401, loss: 0.4103, grad_norm: 14.7366
2024-06-09 00:51:29,094 - mmdet - INFO - Epoch [3][150/180]	lr: 5.000e-05, eta: 1:35:48, time: 1.697, data_time: 0.025, memory: 17801, stage0_loss_instance_mil: 0.0355, stage0_bag_acc: 97.6606, stage0_mean_ious: 0.3459, stage0_s: 0.0000, stage0_m: 0.0204, stage0_l: 0.1166, stage0_h: 0.3719, stage1_loss_instance_mil: 0.2488, stage1_bag_acc: 98.3102, stage1_neg_loss: 0.0984, stage1_mean_ious: 0.3247, stage1_s: 0.0000, stage1_m: 0.0169, stage1_l: 0.1034, stage1_h: 0.3503, loss: 0.3826, grad_norm: 18.3849
2024-06-09 00:52:20,219 - mmdet - INFO - Saving checkpoint at 3 epochs
2024-06-09 00:53:48,253 - mmdet - INFO - Epoch [4][50/180]	lr: 5.000e-05, eta: 1:30:08, time: 1.720, data_time: 0.072, memory: 17801, stage0_loss_instance_mil: 0.0360, stage0_bag_acc: 97.3280, stage0_mean_ious: 0.2701, stage0_s: 0.0000, stage0_m: 0.0449, stage0_l: 0.1214, stage0_h: 0.2906, stage1_loss_instance_mil: 0.2375, stage1_bag_acc: 98.5888, stage1_neg_loss: 0.0730, stage1_mean_ious: 0.2490, stage1_s: 0.0000, stage1_m: 0.0329, stage1_l: 0.1091, stage1_h: 0.2695, loss: 0.3466, grad_norm: 13.2069
2024-06-09 00:55:12,374 - mmdet - INFO - Epoch [4][100/180]	lr: 5.000e-05, eta: 1:30:02, time: 1.682, data_time: 0.024, memory: 17801, stage0_loss_instance_mil: 0.0284, stage0_bag_acc: 98.0301, stage0_mean_ious: 0.3042, stage0_s: 0.0000, stage0_m: 0.0294, stage0_l: 0.1439, stage0_h: 0.3209, stage1_loss_instance_mil: 0.2570, stage1_bag_acc: 98.7452, stage1_neg_loss: 0.0924, stage1_mean_ious: 0.2788, stage1_s: 0.0000, stage1_m: 0.0190, stage1_l: 0.1273, stage1_h: 0.2960, loss: 0.3777, grad_norm: 17.3224
2024-06-09 00:56:38,451 - mmdet - INFO - Epoch [4][150/180]	lr: 5.000e-05, eta: 1:29:56, time: 1.722, data_time: 0.024, memory: 17801, stage0_loss_instance_mil: 0.0262, stage0_bag_acc: 98.6365, stage0_mean_ious: 0.3065, stage0_s: 0.0000, stage0_m: 0.0312, stage0_l: 0.1596, stage0_h: 0.3298, stage1_loss_instance_mil: 0.2519, stage1_bag_acc: 99.2792, stage1_neg_loss: 0.0729, stage1_mean_ious: 0.2799, stage1_s: 0.0000, stage1_m: 0.0206, stage1_l: 0.1349, stage1_h: 0.3036, loss: 0.3510, grad_norm: 12.6672
