2024-06-09 09:59:58,544 - mmdet - INFO - Environment info:
------------------------------------------------------------
sys.platform: linux
Python: 3.7.16 (default, Jan 17 2023, 22:20:44) [GCC 11.2.0]
CUDA available: True
GPU 0,1,2,3,4,5,6,7: NVIDIA GeForce RTX 3090
CUDA_HOME: /usr/local/cuda-12.0
NVCC: Build cuda_12.0.r12.0/compiler.31968024_0
GCC: gcc (Ubuntu 7.5.0-3ubuntu1~18.04) 7.5.0
PyTorch: 1.7.0
PyTorch compiling details: PyTorch built with:
  - GCC 7.3
  - C++ Version: 201402
  - Intel(R) oneAPI Math Kernel Library Version 2021.4-Product Build 20210904 for Intel(R) 64 architecture applications
  - Intel(R) MKL-DNN v1.6.0 (Git Hash 5ef631a030a6f73131c77892041042805a06064f)
  - OpenMP 201511 (a.k.a. OpenMP 4.5)
  - NNPACK is enabled
  - CPU capability usage: AVX2
  - CUDA Runtime 11.0
  - NVCC architecture flags: -gencode;arch=compute_37,code=sm_37;-gencode;arch=compute_50,code=sm_50;-gencode;arch=compute_60,code=sm_60;-gencode;arch=compute_61,code=sm_61;-gencode;arch=compute_70,code=sm_70;-gencode;arch=compute_75,code=sm_75;-gencode;arch=compute_80,code=sm_80;-gencode;arch=compute_37,code=compute_37
  - CuDNN 8.0.3
  - Magma 2.5.2
  - Build settings: BLAS=MKL, BUILD_TYPE=Release, CXX_FLAGS= -Wno-deprecated -fvisibility-inlines-hidden -DUSE_PTHREADPOOL -fopenmp -DNDEBUG -DUSE_FBGEMM -DUSE_QNNPACK -DUSE_PYTORCH_QNNPACK -DUSE_XNNPACK -DUSE_VULKAN_WRAPPER -O2 -fPIC -Wno-narrowing -Wall -Wextra -Werror=return-type -Wno-missing-field-initializers -Wno-type-limits -Wno-array-bounds -Wno-unknown-pragmas -Wno-sign-compare -Wno-unused-parameter -Wno-unused-variable -Wno-unused-function -Wno-unused-result -Wno-unused-local-typedefs -Wno-strict-overflow -Wno-strict-aliasing -Wno-error=deprecated-declarations -Wno-stringop-overflow -Wno-psabi -Wno-error=pedantic -Wno-error=redundant-decls -Wno-error=old-style-cast -fdiagnostics-color=always -faligned-new -Wno-unused-but-set-variable -Wno-maybe-uninitialized -fno-math-errno -fno-trapping-math -Werror=format -Wno-stringop-overflow, PERF_WITH_AVX=1, PERF_WITH_AVX2=1, PERF_WITH_AVX512=1, USE_CUDA=ON, USE_EXCEPTION_PTR=1, USE_GFLAGS=OFF, USE_GLOG=OFF, USE_MKL=ON, USE_MKLDNN=ON, USE_MPI=OFF, USE_NCCL=ON, USE_NNPACK=ON, USE_OPENMP=ON, 

TorchVision: 0.8.0
OpenCV: 4.8.1
MMCV: 1.3.3
MMCV Compiler: GCC 7.3
MMCV CUDA Compiler: 11.0
MMDetection: 2.13.0+c820f32
------------------------------------------------------------

2024-06-09 09:59:59,429 - mmdet - INFO - Distributed training: False
2024-06-09 10:00:00,298 - mmdet - INFO - Config:
checkpoint_config = dict(interval=1)
log_config = dict(interval=50, hooks=[dict(type='TextLoggerHook')])
custom_hooks = [dict(type='NumClassCheckHook')]
dist_params = dict(backend='nccl')
log_level = 'INFO'
load_from = '../TOV_mmdetection_cache/work_dir/coco/pre_trained/P2B.pth'
resume_from = None
workflow = [('train', 1)]
norm_cfg = dict(type='GN', num_groups=32, requires_grad=True)
debug = False
num_stages = 2
model = dict(
    type='P2BNet',
    pretrained='torchvision://resnet50',
    backbone=dict(
        type='ResNet',
        depth=50,
        num_stages=4,
        out_indices=(0, 1, 2, 3),
        frozen_stages=1,
        norm_cfg=dict(type='BN', requires_grad=True),
        norm_eval=True,
        style='pytorch'),
    neck=dict(
        type='FPN',
        in_channels=[256, 512, 1024, 2048],
        out_channels=256,
        start_level=0,
        add_extra_convs='on_input',
        num_outs=4,
        norm_cfg=dict(type='GN', num_groups=32, requires_grad=True)),
    roi_head=dict(
        type='P2BHead',
        num_stages=2,
        top_k=7,
        with_atten=False,
        bbox_roi_extractor=dict(
            type='SingleRoIExtractor',
            roi_layer=dict(type='RoIAlign', output_size=7),
            out_channels=256,
            featmap_strides=[4, 8, 16, 32]),
        bbox_head=dict(
            type='Shared2FCInstanceMILHead',
            num_stages=2,
            with_loss_pseudo=False,
            in_channels=256,
            fc_out_channels=1024,
            roi_feat_size=7,
            num_classes=6,
            num_ref_fcs=0,
            bbox_coder=dict(
                type='DeltaXYWHBBoxCoder',
                target_means=[0.0, 0.0, 0.0, 0.0],
                target_stds=[0.1, 0.1, 0.2, 0.2]),
            reg_class_agnostic=True,
            loss_type='MIL',
            loss_mil1=dict(
                type='MILLoss',
                binary_ins=False,
                loss_weight=0.25,
                loss_type='binary_cross_entropy'),
            loss_mil2=dict(
                type='MILLoss',
                binary_ins=False,
                loss_weight=0.25,
                loss_type='gfocal_loss'))),
    train_cfg=dict(
        base_proposal=dict(
            base_scales=[4, 8, 16, 32, 64, 128],
            base_ratios=[
                0.3333333333333333, 0.5, 0.6666666666666666, 1.0, 1.5, 2.0, 3.0
            ],
            shake_ratio=None,
            cut_mode='symmetry',
            gen_num_neg=0),
        fine_proposal=dict(
            gen_proposal_mode='fix_gen',
            cut_mode=None,
            shake_ratio=[0.1],
            base_ratios=[1, 1.2, 1.3, 0.8, 0.7],
            iou_thr=0.3,
            gen_num_neg=3500),
        rcnn=None),
    test_cfg=dict(rpn=None, rcnn=None))
dataset_type = 'CocoFmtDataset'
data_root = 'data/coco/'
img_norm_cfg = dict(
    mean=[123.675, 116.28, 103.53], std=[58.395, 57.12, 57.375], to_rgb=True)
train_pipeline = [
    dict(type='LoadImageFromFile'),
    dict(type='LoadAnnotations', with_bbox=True),
    dict(
        type='Resize',
        img_scale=[(2000, 480), (2000, 576), (2000, 688), (2000, 864),
                   (2000, 1000), (2000, 1200)],
        multiscale_mode='value',
        keep_ratio=True),
    dict(type='RandomFlip', flip_ratio=0.5),
    dict(
        type='Normalize',
        mean=[123.675, 116.28, 103.53],
        std=[58.395, 57.12, 57.375],
        to_rgb=True),
    dict(type='Pad', size_divisor=32),
    dict(type='DefaultFormatBundle'),
    dict(
        type='Collect',
        keys=[
            'img', 'gt_bboxes', 'gt_labels', 'gt_bboxes_ignore',
            'gt_true_bboxes'
        ])
]
test_scale = 1200
test_pipeline = [
    dict(type='LoadImageFromFile'),
    dict(type='LoadAnnotations', with_bbox=True),
    dict(
        type='MultiScaleFlipAug',
        img_scale=(2000, 1200),
        flip=False,
        transforms=[
            dict(type='Resize', keep_ratio=True),
            dict(type='RandomFlip'),
            dict(
                type='Normalize',
                mean=[123.675, 116.28, 103.53],
                std=[58.395, 57.12, 57.375],
                to_rgb=True),
            dict(type='Pad', size_divisor=32),
            dict(type='DefaultFormatBundle'),
            dict(
                type='Collect',
                keys=[
                    'img', 'gt_bboxes', 'gt_labels', 'gt_bboxes_ignore',
                    'gt_anns_id', 'gt_true_bboxes'
                ])
        ])
]
data = dict(
    samples_per_gpu=8,
    workers_per_gpu=1,
    shuffle=None,
    train=dict(
        type='CocoFmtDataset',
        ann_file='data/coco/annotations_qc_pt/instances_train2017_coarse.json',
        img_prefix='data/coco/images/train/',
        pipeline=[
            dict(type='LoadImageFromFile'),
            dict(type='LoadAnnotations', with_bbox=True),
            dict(
                type='Resize',
                img_scale=[(2000, 480), (2000, 576), (2000, 688), (2000, 864),
                           (2000, 1000), (2000, 1200)],
                multiscale_mode='value',
                keep_ratio=True),
            dict(type='RandomFlip', flip_ratio=0.5),
            dict(
                type='Normalize',
                mean=[123.675, 116.28, 103.53],
                std=[58.395, 57.12, 57.375],
                to_rgb=True),
            dict(type='Pad', size_divisor=32),
            dict(type='DefaultFormatBundle'),
            dict(
                type='Collect',
                keys=[
                    'img', 'gt_bboxes', 'gt_labels', 'gt_bboxes_ignore',
                    'gt_true_bboxes'
                ])
        ]),
    val=dict(
        samples_per_gpu=16,
        type='CocoFmtDataset',
        ann_file=
        '/home/lxz/P2BNet/TOV_mmdetection/data/coco/annotations/instances_train.json',
        img_prefix='data/coco/images/train',
        pipeline=[
            dict(type='LoadImageFromFile'),
            dict(type='LoadAnnotations', with_bbox=True),
            dict(
                type='MultiScaleFlipAug',
                img_scale=(2000, 1200),
                flip=False,
                transforms=[
                    dict(type='Resize', keep_ratio=True),
                    dict(type='RandomFlip'),
                    dict(
                        type='Normalize',
                        mean=[123.675, 116.28, 103.53],
                        std=[58.395, 57.12, 57.375],
                        to_rgb=True),
                    dict(type='Pad', size_divisor=32),
                    dict(type='DefaultFormatBundle'),
                    dict(
                        type='Collect',
                        keys=[
                            'img', 'gt_bboxes', 'gt_labels',
                            'gt_bboxes_ignore', 'gt_anns_id', 'gt_true_bboxes'
                        ])
                ])
        ],
        test_mode=False),
    test=dict(
        samples_per_gpu=16,
        type='CocoFmtDataset',
        ann_file=
        '/home/lxz/P2BNet/TOV_mmdetection/data/coco/annotations/instances_train.json',
        img_prefix='data/coco/images/train/',
        pipeline=[
            dict(type='LoadImageFromFile'),
            dict(type='LoadAnnotations', with_bbox=True),
            dict(
                type='MultiScaleFlipAug',
                img_scale=(2000, 1200),
                flip=False,
                transforms=[
                    dict(type='Resize', keep_ratio=True),
                    dict(type='RandomFlip'),
                    dict(
                        type='Normalize',
                        mean=[123.675, 116.28, 103.53],
                        std=[58.395, 57.12, 57.375],
                        to_rgb=True),
                    dict(type='Pad', size_divisor=32),
                    dict(type='DefaultFormatBundle'),
                    dict(
                        type='Collect',
                        keys=[
                            'img', 'gt_bboxes', 'gt_labels',
                            'gt_bboxes_ignore', 'gt_anns_id', 'gt_true_bboxes'
                        ])
                ])
        ],
        test_mode=False))
check = dict(stop_while_nan=False)
optimizer = dict(
    type='AdamW',
    lr=5e-05,
    betas=(0.9, 0.999),
    weight_decay=0.05,
    paramwise_cfg=dict(
        custom_keys=dict(
            absolute_pos_embed=dict(decay_mult=0.0),
            relative_position_bias_table=dict(decay_mult=0.0),
            norm=dict(decay_mult=0.0))))
optimizer_config = dict(grad_clip=dict(max_norm=35, norm_type=2))
lr_config = dict(
    policy='step',
    warmup='linear',
    warmup_iters=500,
    warmup_ratio=0.001,
    step=[8, 11])
runner = dict(type='EpochBasedRunner', max_epochs=24)
work_dir = '../TOV_mmdetection_cache/work_dir/coco/'
evaluation = dict(
    interval=2,
    metric='bbox',
    save_result_file=
    '../TOV_mmdetection_cache/work_dir/coco/_1200_latest_result.json',
    do_first_eval=False,
    do_final_eval=True)
gpu_ids = [5]

2024-06-09 10:00:03,359 - mmdet - INFO - load checkpoint from ../TOV_mmdetection_cache/work_dir/coco/pre_trained/P2B.pth
2024-06-09 10:00:03,360 - mmdet - INFO - Use load_from_local loader
2024-06-09 10:00:03,610 - mmdet - WARNING - The model and loaded state dict do not match exactly

size mismatch for roi_head.bbox_head.fc_cls.0.weight: copying a param with shape torch.Size([81, 1024]) from checkpoint, the shape in current model is torch.Size([7, 1024]).
size mismatch for roi_head.bbox_head.fc_cls.0.bias: copying a param with shape torch.Size([81]) from checkpoint, the shape in current model is torch.Size([7]).
size mismatch for roi_head.bbox_head.fc_cls.1.weight: copying a param with shape torch.Size([80, 1024]) from checkpoint, the shape in current model is torch.Size([6, 1024]).
size mismatch for roi_head.bbox_head.fc_cls.1.bias: copying a param with shape torch.Size([80]) from checkpoint, the shape in current model is torch.Size([6]).
size mismatch for roi_head.bbox_head.fc_ins.0.weight: copying a param with shape torch.Size([81, 1024]) from checkpoint, the shape in current model is torch.Size([7, 1024]).
size mismatch for roi_head.bbox_head.fc_ins.0.bias: copying a param with shape torch.Size([81]) from checkpoint, the shape in current model is torch.Size([7]).
size mismatch for roi_head.bbox_head.fc_ins.1.weight: copying a param with shape torch.Size([80, 1024]) from checkpoint, the shape in current model is torch.Size([6, 1024]).
size mismatch for roi_head.bbox_head.fc_ins.1.bias: copying a param with shape torch.Size([80]) from checkpoint, the shape in current model is torch.Size([6]).
2024-06-09 10:00:03,615 - mmdet - INFO - Start running, host: lxz@user-SYS-4029GP-TRT2, work_dir: /home/lxz/P2BNet/TOV_mmdetection_cache/work_dir/coco
2024-06-09 10:00:03,615 - mmdet - INFO - workflow: [('train', 1)], max: 24 epochs
2024-06-09 10:01:30,102 - mmdet - INFO - Epoch [1][50/180]	lr: 4.945e-06, eta: 2:03:05, time: 1.730, data_time: 0.071, memory: 17743, stage0_loss_instance_mil: 0.7000, stage0_bag_acc: 32.8308, stage0_mean_ious: 0.2716, stage0_s: 0.0000, stage0_m: 0.0234, stage0_l: 0.2363, stage0_h: 0.2724, stage1_loss_instance_mil: 0.1763, stage1_bag_acc: 21.3713, stage1_neg_loss: 0.0009, stage1_mean_ious: 0.2788, stage1_s: 0.0000, stage1_m: 0.0242, stage1_l: 0.2396, stage1_h: 0.2796, loss: 0.8771, grad_norm: 3.3281
2024-06-09 10:02:55,401 - mmdet - INFO - Epoch [1][100/180]	lr: 9.940e-06, eta: 2:00:49, time: 1.706, data_time: 0.024, memory: 17768, stage0_loss_instance_mil: 0.5830, stage0_bag_acc: 59.3585, stage0_mean_ious: 0.3024, stage0_s: 0.0000, stage0_m: 0.0403, stage0_l: 0.1807, stage0_h: 0.3106, stage1_loss_instance_mil: 0.2508, stage1_bag_acc: 23.6331, stage1_neg_loss: 0.0033, stage1_mean_ious: 0.3031, stage1_s: 0.0000, stage1_m: 0.0446, stage1_l: 0.1947, stage1_h: 0.3100, loss: 0.8371, grad_norm: 4.4734
2024-06-09 10:04:20,867 - mmdet - INFO - Epoch [1][150/180]	lr: 1.494e-05, eta: 1:59:11, time: 1.709, data_time: 0.024, memory: 17768, stage0_loss_instance_mil: 0.2263, stage0_bag_acc: 90.4104, stage0_mean_ious: 0.3646, stage0_s: 0.0000, stage0_m: 0.0656, stage0_l: 0.1497, stage0_h: 0.3826, stage1_loss_instance_mil: 0.3464, stage1_bag_acc: 81.8120, stage1_neg_loss: 0.0682, stage1_mean_ious: 0.3527, stage1_s: 0.0000, stage1_m: 0.0631, stage1_l: 0.1370, stage1_h: 0.3703, loss: 0.6409, grad_norm: 12.2351
2024-06-09 10:05:12,405 - mmdet - INFO - Saving checkpoint at 1 epochs
2024-06-09 10:06:44,220 - mmdet - INFO - Epoch [2][50/180]	lr: 2.293e-05, eta: 1:42:39, time: 1.783, data_time: 0.074, memory: 17768, stage0_loss_instance_mil: 0.0874, stage0_bag_acc: 94.9697, stage0_mean_ious: 0.4398, stage0_s: 0.0000, stage0_m: 0.0513, stage0_l: 0.1484, stage0_h: 0.4739, stage1_loss_instance_mil: 0.3209, stage1_bag_acc: 96.1864, stage1_neg_loss: 0.1015, stage1_mean_ious: 0.4053, stage1_s: 0.0000, stage1_m: 0.0370, stage1_l: 0.1409, stage1_h: 0.4364, loss: 0.5098, grad_norm: 19.3859
2024-06-09 10:08:09,522 - mmdet - INFO - Epoch [2][100/180]	lr: 2.792e-05, eta: 1:43:48, time: 1.706, data_time: 0.024, memory: 17768, stage0_loss_instance_mil: 0.0594, stage0_bag_acc: 96.9943, stage0_mean_ious: 0.4210, stage0_s: 0.0000, stage0_m: 0.0484, stage0_l: 0.1389, stage0_h: 0.4605, stage1_loss_instance_mil: 0.2871, stage1_bag_acc: 97.4878, stage1_neg_loss: 0.0825, stage1_mean_ious: 0.3887, stage1_s: 0.0000, stage1_m: 0.0394, stage1_l: 0.1200, stage1_h: 0.4267, loss: 0.4291, grad_norm: 13.9361
2024-06-09 10:09:36,183 - mmdet - INFO - Epoch [2][150/180]	lr: 3.292e-05, eta: 1:44:27, time: 1.733, data_time: 0.026, memory: 17768, stage0_loss_instance_mil: 0.0527, stage0_bag_acc: 96.8944, stage0_mean_ious: 0.4406, stage0_s: 0.0000, stage0_m: 0.0458, stage0_l: 0.1564, stage0_h: 0.4834, stage1_loss_instance_mil: 0.2760, stage1_bag_acc: 97.8266, stage1_neg_loss: 0.0911, stage1_mean_ious: 0.4049, stage1_s: 0.0000, stage1_m: 0.0318, stage1_l: 0.1381, stage1_h: 0.4459, loss: 0.4198, grad_norm: 17.1281
2024-06-09 10:10:28,620 - mmdet - INFO - Saving checkpoint at 2 epochs
2024-06-09 10:11:59,676 - mmdet - INFO - Evaluating bbox...
2024-06-09 10:12:00,537 - mmdet - INFO -  Average Precision  (AP) @[ IoU=0.50:0.95 | area=   all | maxDets=100 ] = 0.0483
2024-06-09 10:12:00,537 - mmdet - INFO -  Average Precision  (AP) @[ IoU=0.50      | area=   all | maxDets=1000 ] = 0.1831
2024-06-09 10:12:00,537 - mmdet - INFO -  Average Precision  (AP) @[ IoU=0.60      | area=   all | maxDets=1000 ] = 0.0818
2024-06-09 10:12:00,537 - mmdet - INFO -  Average Precision  (AP) @[ IoU=0.70      | area=   all | maxDets=1000 ] = 0.0234
2024-06-09 10:12:00,538 - mmdet - INFO -  Average Precision  (AP) @[ IoU=0.75      | area=   all | maxDets=1000 ] = 0.0100
2024-06-09 10:12:00,538 - mmdet - INFO -  Average Precision  (AP) @[ IoU=0.80      | area=   all | maxDets=1000 ] = 0.0043
2024-06-09 10:12:00,538 - mmdet - INFO -  Average Precision  (AP) @[ IoU=0.90      | area=   all | maxDets=1000 ] = 0.0017
2024-06-09 10:12:00,538 - mmdet - INFO -  Average Precision  (AP) @[ IoU=0.50:0.95 | area= small | maxDets=1000 ] = 0.0462
2024-06-09 10:12:00,538 - mmdet - INFO -  Average Precision  (AP) @[ IoU=0.50:0.95 | area=medium | maxDets=1000 ] = 0.0650
2024-06-09 10:12:00,538 - mmdet - INFO -  Average Precision  (AP) @[ IoU=0.50:0.95 | area= large | maxDets=1000 ] = 0.0033
2024-06-09 10:12:00,538 - mmdet - INFO -  Average Recall     (AR) @[ IoU=0.50:0.95 | area=   all | maxDets=100 ] = 0.1172
2024-06-09 10:12:00,538 - mmdet - INFO -  Average Recall     (AR) @[ IoU=0.50:0.95 | area=   all | maxDets=300 ] = 0.1172
2024-06-09 10:12:00,538 - mmdet - INFO -  Average Recall     (AR) @[ IoU=0.50:0.95 | area=   all | maxDets=1000 ] = 0.1172
2024-06-09 10:12:00,538 - mmdet - INFO -  Average Recall     (AR) @[ IoU=0.50:0.95 | area= small | maxDets=1000 ] = 0.1038
2024-06-09 10:12:00,539 - mmdet - INFO -  Average Recall     (AR) @[ IoU=0.50:0.95 | area=medium | maxDets=1000 ] = 0.1812
2024-06-09 10:12:00,539 - mmdet - INFO -  Average Recall     (AR) @[ IoU=0.50:0.95 | area= large | maxDets=1000 ] = 0.0093
2024-06-09 10:12:00,555 - mmdet - INFO - Exp name: P2BNet_r50_fpn_1x_coco_ms.py
2024-06-09 10:12:00,555 - mmdet - INFO - Epoch(val) [2][180]	eval_iter_num: 90, bbox_mAP: 0.0480, bbox_mAP_50: 0.1830, bbox_mAP_75: 0.0820, bbox_mAP_s: 0.0230, bbox_mAP_m: 0.0100, bbox_mAP_l: 0.0040, bbox_mAP_copypaste: 0.048 0.183 0.082 0.023 0.010 0.004
2024-06-09 10:13:29,122 - mmdet - INFO - Epoch [3][50/180]	lr: 4.091e-05, eta: 1:36:27, time: 1.771, data_time: 0.075, memory: 17768, stage0_loss_instance_mil: 0.0532, stage0_bag_acc: 96.6379, stage0_mean_ious: 0.4696, stage0_s: 0.0000, stage0_m: 0.0246, stage0_l: 0.1270, stage0_h: 0.5134, stage1_loss_instance_mil: 0.2719, stage1_bag_acc: 97.3068, stage1_neg_loss: 0.0771, stage1_mean_ious: 0.4329, stage1_s: 0.0000, stage1_m: 0.0168, stage1_l: 0.1182, stage1_h: 0.4746, loss: 0.4023, grad_norm: 15.1138
2024-06-09 10:14:55,035 - mmdet - INFO - Epoch [3][100/180]	lr: 4.590e-05, eta: 1:36:53, time: 1.718, data_time: 0.025, memory: 17768, stage0_loss_instance_mil: 0.0360, stage0_bag_acc: 97.7809, stage0_mean_ious: 0.3841, stage0_s: 0.0000, stage0_m: 0.0554, stage0_l: 0.1337, stage0_h: 0.4155, stage1_loss_instance_mil: 0.2996, stage1_bag_acc: 99.2750, stage1_neg_loss: 0.0858, stage1_mean_ious: 0.3382, stage1_s: 0.0000, stage1_m: 0.0442, stage1_l: 0.1114, stage1_h: 0.3684, loss: 0.4214, grad_norm: 15.6291
2024-06-09 10:16:21,902 - mmdet - INFO - Epoch [3][150/180]	lr: 5.000e-05, eta: 1:37:04, time: 1.737, data_time: 0.025, memory: 17768, stage0_loss_instance_mil: 0.0684, stage0_bag_acc: 95.0699, stage0_mean_ious: 0.4287, stage0_s: 0.0000, stage0_m: 0.0362, stage0_l: 0.1609, stage0_h: 0.4655, stage1_loss_instance_mil: 0.2397, stage1_bag_acc: 96.8352, stage1_neg_loss: 0.0802, stage1_mean_ious: 0.3734, stage1_s: 0.0000, stage1_m: 0.0296, stage1_l: 0.1484, stage1_h: 0.4044, loss: 0.3883, grad_norm: 14.5954
2024-06-09 10:17:14,204 - mmdet - INFO - Saving checkpoint at 3 epochs
2024-06-09 10:18:44,433 - mmdet - INFO - Epoch [4][50/180]	lr: 5.000e-05, eta: 1:31:27, time: 1.767, data_time: 0.075, memory: 17768, stage0_loss_instance_mil: 0.0267, stage0_bag_acc: 98.6868, stage0_mean_ious: 0.4597, stage0_s: 0.0000, stage0_m: 0.0281, stage0_l: 0.1671, stage0_h: 0.5011, stage1_loss_instance_mil: 0.2198, stage1_bag_acc: 98.7249, stage1_neg_loss: 0.0757, stage1_mean_ious: 0.3961, stage1_s: 0.0000, stage1_m: 0.0206, stage1_l: 0.1554, stage1_h: 0.4308, loss: 0.3221, grad_norm: 15.2123
2024-06-09 10:20:11,894 - mmdet - INFO - Epoch [4][100/180]	lr: 5.000e-05, eta: 1:31:33, time: 1.749, data_time: 0.026, memory: 17768, stage0_loss_instance_mil: 0.0237, stage0_bag_acc: 98.4572, stage0_mean_ious: 0.4291, stage0_s: 0.0000, stage0_m: 0.0413, stage0_l: 0.1410, stage0_h: 0.4713, stage1_loss_instance_mil: 0.2210, stage1_bag_acc: 99.0039, stage1_neg_loss: 0.0746, stage1_mean_ious: 0.3754, stage1_s: 0.0000, stage1_m: 0.0285, stage1_l: 0.1272, stage1_h: 0.4124, loss: 0.3193, grad_norm: 12.5455
2024-06-09 10:21:38,005 - mmdet - INFO - Epoch [4][150/180]	lr: 5.000e-05, eta: 1:31:19, time: 1.722, data_time: 0.025, memory: 17768, stage0_loss_instance_mil: 0.0208, stage0_bag_acc: 98.7964, stage0_mean_ious: 0.4445, stage0_s: 0.0000, stage0_m: 0.0442, stage0_l: 0.1628, stage0_h: 0.4814, stage1_loss_instance_mil: 0.1921, stage1_bag_acc: 99.0373, stage1_neg_loss: 0.0701, stage1_mean_ious: 0.3852, stage1_s: 0.0000, stage1_m: 0.0324, stage1_l: 0.1391, stage1_h: 0.4168, loss: 0.2831, grad_norm: 13.0923
2024-06-09 10:22:28,890 - mmdet - INFO - Saving checkpoint at 4 epochs
2024-06-09 10:23:57,951 - mmdet - INFO - Evaluating bbox...
2024-06-09 10:23:58,917 - mmdet - INFO -  Average Precision  (AP) @[ IoU=0.50:0.95 | area=   all | maxDets=100 ] = 0.0133
2024-06-09 10:23:58,917 - mmdet - INFO -  Average Precision  (AP) @[ IoU=0.50      | area=   all | maxDets=1000 ] = 0.0629
2024-06-09 10:23:58,917 - mmdet - INFO -  Average Precision  (AP) @[ IoU=0.60      | area=   all | maxDets=1000 ] = 0.0187
2024-06-09 10:23:58,917 - mmdet - INFO -  Average Precision  (AP) @[ IoU=0.70      | area=   all | maxDets=1000 ] = 0.0048
2024-06-09 10:23:58,917 - mmdet - INFO -  Average Precision  (AP) @[ IoU=0.75      | area=   all | maxDets=1000 ] = 0.0010
2024-06-09 10:23:58,917 - mmdet - INFO -  Average Precision  (AP) @[ IoU=0.80      | area=   all | maxDets=1000 ] = 0.0002
2024-06-09 10:23:58,918 - mmdet - INFO -  Average Precision  (AP) @[ IoU=0.90      | area=   all | maxDets=1000 ] = 0.0000
2024-06-09 10:23:58,918 - mmdet - INFO -  Average Precision  (AP) @[ IoU=0.50:0.95 | area= small | maxDets=1000 ] = 0.0124
2024-06-09 10:23:58,918 - mmdet - INFO -  Average Precision  (AP) @[ IoU=0.50:0.95 | area=medium | maxDets=1000 ] = 0.0209
2024-06-09 10:23:58,918 - mmdet - INFO -  Average Precision  (AP) @[ IoU=0.50:0.95 | area= large | maxDets=1000 ] = 0.0035
2024-06-09 10:23:58,918 - mmdet - INFO -  Average Recall     (AR) @[ IoU=0.50:0.95 | area=   all | maxDets=100 ] = 0.0564
2024-06-09 10:23:58,918 - mmdet - INFO -  Average Recall     (AR) @[ IoU=0.50:0.95 | area=   all | maxDets=300 ] = 0.0564
2024-06-09 10:23:58,918 - mmdet - INFO -  Average Recall     (AR) @[ IoU=0.50:0.95 | area=   all | maxDets=1000 ] = 0.0564
2024-06-09 10:23:58,918 - mmdet - INFO -  Average Recall     (AR) @[ IoU=0.50:0.95 | area= small | maxDets=1000 ] = 0.0580
2024-06-09 10:23:58,918 - mmdet - INFO -  Average Recall     (AR) @[ IoU=0.50:0.95 | area=medium | maxDets=1000 ] = 0.0944
2024-06-09 10:23:58,918 - mmdet - INFO -  Average Recall     (AR) @[ IoU=0.50:0.95 | area= large | maxDets=1000 ] = 0.0073
2024-06-09 10:23:58,934 - mmdet - INFO - Exp name: P2BNet_r50_fpn_1x_coco_ms.py
2024-06-09 10:23:58,934 - mmdet - INFO - Epoch(val) [4][180]	eval_iter_num: 90, bbox_mAP: 0.0130, bbox_mAP_50: 0.0630, bbox_mAP_75: 0.0190, bbox_mAP_s: 0.0050, bbox_mAP_m: 0.0010, bbox_mAP_l: 0.0000, bbox_mAP_copypaste: 0.013 0.063 0.019 0.005 0.001 0.000
2024-06-09 10:25:26,397 - mmdet - INFO - Epoch [5][50/180]	lr: 5.000e-05, eta: 1:26:45, time: 1.749, data_time: 0.072, memory: 17768, stage0_loss_instance_mil: 0.0153, stage0_bag_acc: 99.1383, stage0_mean_ious: 0.4305, stage0_s: 0.0000, stage0_m: 0.0326, stage0_l: 0.1748, stage0_h: 0.4678, stage1_loss_instance_mil: 0.1794, stage1_bag_acc: 99.4214, stage1_neg_loss: 0.0656, stage1_mean_ious: 0.3707, stage1_s: 0.0000, stage1_m: 0.0211, stage1_l: 0.1573, stage1_h: 0.4011, loss: 0.2603, grad_norm: 11.8721
2024-06-09 10:26:49,981 - mmdet - INFO - Epoch [5][100/180]	lr: 5.000e-05, eta: 1:26:15, time: 1.672, data_time: 0.026, memory: 17768, stage0_loss_instance_mil: 0.0123, stage0_bag_acc: 99.3021, stage0_mean_ious: 0.4075, stage0_s: 0.0015, stage0_m: 0.0332, stage0_l: 0.1334, stage0_h: 0.4370, stage1_loss_instance_mil: 0.1845, stage1_bag_acc: 99.5808, stage1_neg_loss: 0.0640, stage1_mean_ious: 0.3603, stage1_s: 0.0019, stage1_m: 0.0220, stage1_l: 0.1285, stage1_h: 0.3859, loss: 0.2608, grad_norm: 10.9466
2024-06-09 10:28:16,433 - mmdet - INFO - Epoch [5][150/180]	lr: 5.000e-05, eta: 1:25:51, time: 1.729, data_time: 0.031, memory: 17768, stage0_loss_instance_mil: 0.0134, stage0_bag_acc: 99.3955, stage0_mean_ious: 0.3708, stage0_s: 0.0000, stage0_m: 0.0125, stage0_l: 0.1166, stage0_h: 0.4128, stage1_loss_instance_mil: 0.1628, stage1_bag_acc: 99.7269, stage1_neg_loss: 0.0643, stage1_mean_ious: 0.3289, stage1_s: 0.0000, stage1_m: 0.0110, stage1_l: 0.1010, stage1_h: 0.3672, loss: 0.2405, grad_norm: 9.9955
2024-06-09 10:29:06,874 - mmdet - INFO - Saving checkpoint at 5 epochs
2024-06-09 10:30:35,936 - mmdet - INFO - Epoch [6][50/180]	lr: 5.000e-05, eta: 1:21:56, time: 1.738, data_time: 0.074, memory: 17804, stage0_loss_instance_mil: 0.0164, stage0_bag_acc: 99.0590, stage0_mean_ious: 0.4226, stage0_s: 0.0000, stage0_m: 0.0280, stage0_l: 0.1407, stage0_h: 0.4591, stage1_loss_instance_mil: 0.1472, stage1_bag_acc: 99.1804, stage1_neg_loss: 0.0584, stage1_mean_ious: 0.3811, stage1_s: 0.0000, stage1_m: 0.0198, stage1_l: 0.1257, stage1_h: 0.4150, loss: 0.2220, grad_norm: 8.8978
2024-06-09 10:32:00,226 - mmdet - INFO - Exp name: P2BNet_r50_fpn_1x_coco_ms.py
2024-06-09 10:32:00,226 - mmdet - INFO - Epoch [6][100/180]	lr: 5.000e-05, eta: 1:21:21, time: 1.686, data_time: 0.026, memory: 17804, stage0_loss_instance_mil: 0.0119, stage0_bag_acc: 99.5425, stage0_mean_ious: 0.4081, stage0_s: 0.0000, stage0_m: 0.0679, stage0_l: 0.1253, stage0_h: 0.4544, stage1_loss_instance_mil: 0.1638, stage1_bag_acc: 99.1795, stage1_neg_loss: 0.0701, stage1_mean_ious: 0.3591, stage1_s: 0.0000, stage1_m: 0.0519, stage1_l: 0.1135, stage1_h: 0.3990, loss: 0.2459, grad_norm: 11.5380
2024-06-09 10:33:25,355 - mmdet - INFO - Epoch [6][150/180]	lr: 5.000e-05, eta: 1:20:43, time: 1.703, data_time: 0.028, memory: 17804, stage0_loss_instance_mil: 0.0143, stage0_bag_acc: 99.4705, stage0_mean_ious: 0.4456, stage0_s: 0.0000, stage0_m: 0.0248, stage0_l: 0.1399, stage0_h: 0.4790, stage1_loss_instance_mil: 0.1552, stage1_bag_acc: 99.5105, stage1_neg_loss: 0.0582, stage1_mean_ious: 0.3930, stage1_s: 0.0000, stage1_m: 0.0149, stage1_l: 0.1218, stage1_h: 0.4234, loss: 0.2277, grad_norm: 9.6002
2024-06-09 10:34:16,837 - mmdet - INFO - Saving checkpoint at 6 epochs
2024-06-09 10:35:46,438 - mmdet - INFO - Evaluating bbox...
2024-06-09 10:35:47,332 - mmdet - INFO -  Average Precision  (AP) @[ IoU=0.50:0.95 | area=   all | maxDets=100 ] = 0.0379
2024-06-09 10:35:47,332 - mmdet - INFO -  Average Precision  (AP) @[ IoU=0.50      | area=   all | maxDets=1000 ] = 0.1468
2024-06-09 10:35:47,332 - mmdet - INFO -  Average Precision  (AP) @[ IoU=0.60      | area=   all | maxDets=1000 ] = 0.0636
2024-06-09 10:35:47,333 - mmdet - INFO -  Average Precision  (AP) @[ IoU=0.70      | area=   all | maxDets=1000 ] = 0.0205
2024-06-09 10:35:47,333 - mmdet - INFO -  Average Precision  (AP) @[ IoU=0.75      | area=   all | maxDets=1000 ] = 0.0065
2024-06-09 10:35:47,333 - mmdet - INFO -  Average Precision  (AP) @[ IoU=0.80      | area=   all | maxDets=1000 ] = 0.0018
2024-06-09 10:35:47,333 - mmdet - INFO -  Average Precision  (AP) @[ IoU=0.90      | area=   all | maxDets=1000 ] = 0.0001
2024-06-09 10:35:47,333 - mmdet - INFO -  Average Precision  (AP) @[ IoU=0.50:0.95 | area= small | maxDets=1000 ] = 0.0080
2024-06-09 10:35:47,333 - mmdet - INFO -  Average Precision  (AP) @[ IoU=0.50:0.95 | area=medium | maxDets=1000 ] = 0.0466
2024-06-09 10:35:47,333 - mmdet - INFO -  Average Precision  (AP) @[ IoU=0.50:0.95 | area= large | maxDets=1000 ] = 0.0677
2024-06-09 10:35:47,333 - mmdet - INFO -  Average Recall     (AR) @[ IoU=0.50:0.95 | area=   all | maxDets=100 ] = 0.0945
2024-06-09 10:35:47,333 - mmdet - INFO -  Average Recall     (AR) @[ IoU=0.50:0.95 | area=   all | maxDets=300 ] = 0.0945
2024-06-09 10:35:47,333 - mmdet - INFO -  Average Recall     (AR) @[ IoU=0.50:0.95 | area=   all | maxDets=1000 ] = 0.0945
2024-06-09 10:35:47,334 - mmdet - INFO -  Average Recall     (AR) @[ IoU=0.50:0.95 | area= small | maxDets=1000 ] = 0.0506
2024-06-09 10:35:47,334 - mmdet - INFO -  Average Recall     (AR) @[ IoU=0.50:0.95 | area=medium | maxDets=1000 ] = 0.1130
2024-06-09 10:35:47,334 - mmdet - INFO -  Average Recall     (AR) @[ IoU=0.50:0.95 | area= large | maxDets=1000 ] = 0.0762
2024-06-09 10:35:47,349 - mmdet - INFO - Exp name: P2BNet_r50_fpn_1x_coco_ms.py
2024-06-09 10:35:47,349 - mmdet - INFO - Epoch(val) [6][180]	eval_iter_num: 90, bbox_mAP: 0.0380, bbox_mAP_50: 0.1470, bbox_mAP_75: 0.0640, bbox_mAP_s: 0.0200, bbox_mAP_m: 0.0070, bbox_mAP_l: 0.0020, bbox_mAP_copypaste: 0.038 0.147 0.064 0.020 0.007 0.002
2024-06-09 10:37:13,754 - mmdet - INFO - Epoch [7][50/180]	lr: 5.000e-05, eta: 1:17:14, time: 1.728, data_time: 0.075, memory: 17804, stage0_loss_instance_mil: 0.0139, stage0_bag_acc: 99.4028, stage0_mean_ious: 0.3677, stage0_s: 0.0000, stage0_m: 0.0243, stage0_l: 0.1080, stage0_h: 0.4036, stage1_loss_instance_mil: 0.1657, stage1_bag_acc: 99.5938, stage1_neg_loss: 0.0572, stage1_mean_ious: 0.3362, stage1_s: 0.0000, stage1_m: 0.0170, stage1_l: 0.0986, stage1_h: 0.3704, loss: 0.2367, grad_norm: 9.1459
2024-06-09 10:38:38,374 - mmdet - INFO - Epoch [7][100/180]	lr: 5.000e-05, eta: 1:16:33, time: 1.692, data_time: 0.026, memory: 17804, stage0_loss_instance_mil: 0.0079, stage0_bag_acc: 99.5662, stage0_mean_ious: 0.3457, stage0_s: 0.0000, stage0_m: 0.0124, stage0_l: 0.1161, stage0_h: 0.3801, stage1_loss_instance_mil: 0.1601, stage1_bag_acc: 99.7238, stage1_neg_loss: 0.0592, stage1_mean_ious: 0.3140, stage1_s: 0.0000, stage1_m: 0.0080, stage1_l: 0.0962, stage1_h: 0.3468, loss: 0.2273, grad_norm: 7.5685
2024-06-09 10:40:03,502 - mmdet - INFO - Epoch [7][150/180]	lr: 5.000e-05, eta: 1:15:50, time: 1.703, data_time: 0.027, memory: 17804, stage0_loss_instance_mil: 0.0138, stage0_bag_acc: 99.2887, stage0_mean_ious: 0.3501, stage0_s: 0.0000, stage0_m: 0.0261, stage0_l: 0.1154, stage0_h: 0.3791, stage1_loss_instance_mil: 0.1604, stage1_bag_acc: 99.4608, stage1_neg_loss: 0.0567, stage1_mean_ious: 0.3224, stage1_s: 0.0000, stage1_m: 0.0202, stage1_l: 0.1005, stage1_h: 0.3503, loss: 0.2310, grad_norm: 8.7097
2024-06-09 10:40:53,477 - mmdet - INFO - Saving checkpoint at 7 epochs
2024-06-09 10:42:22,782 - mmdet - INFO - Epoch [8][50/180]	lr: 5.000e-05, eta: 1:12:42, time: 1.742, data_time: 0.076, memory: 17804, stage0_loss_instance_mil: 0.0111, stage0_bag_acc: 99.3555, stage0_mean_ious: 0.3051, stage0_s: 0.0000, stage0_m: 0.0321, stage0_l: 0.0959, stage0_h: 0.3286, stage1_loss_instance_mil: 0.1497, stage1_bag_acc: 99.4892, stage1_neg_loss: 0.0548, stage1_mean_ious: 0.2861, stage1_s: 0.0000, stage1_m: 0.0244, stage1_l: 0.0846, stage1_h: 0.3097, loss: 0.2156, grad_norm: 7.5178
2024-06-09 10:43:46,053 - mmdet - INFO - Epoch [8][100/180]	lr: 5.000e-05, eta: 1:11:53, time: 1.665, data_time: 0.025, memory: 17804, stage0_loss_instance_mil: 0.0113, stage0_bag_acc: 99.2692, stage0_mean_ious: 0.3013, stage0_s: 0.0000, stage0_m: 0.0140, stage0_l: 0.1211, stage0_h: 0.3217, stage1_loss_instance_mil: 0.1581, stage1_bag_acc: 99.5003, stage1_neg_loss: 0.0569, stage1_mean_ious: 0.2841, stage1_s: 0.0000, stage1_m: 0.0091, stage1_l: 0.1114, stage1_h: 0.3039, loss: 0.2263, grad_norm: 8.5791
2024-06-09 10:45:12,677 - mmdet - INFO - Epoch [8][150/180]	lr: 5.000e-05, eta: 1:11:09, time: 1.732, data_time: 0.028, memory: 17804, stage0_loss_instance_mil: 0.0190, stage0_bag_acc: 99.1802, stage0_mean_ious: 0.2567, stage0_s: 0.0000, stage0_m: 0.0144, stage0_l: 0.0939, stage0_h: 0.2726, stage1_loss_instance_mil: 0.1629, stage1_bag_acc: 98.9888, stage1_neg_loss: 0.0597, stage1_mean_ious: 0.2418, stage1_s: 0.0000, stage1_m: 0.0099, stage1_l: 0.0796, stage1_h: 0.2582, loss: 0.2416, grad_norm: 7.0651
2024-06-09 10:46:03,016 - mmdet - INFO - Saving checkpoint at 8 epochs
2024-06-09 10:47:33,475 - mmdet - INFO - Evaluating bbox...
2024-06-09 10:47:34,304 - mmdet - INFO -  Average Precision  (AP) @[ IoU=0.50:0.95 | area=   all | maxDets=100 ] = 0.0680
2024-06-09 10:47:34,304 - mmdet - INFO -  Average Precision  (AP) @[ IoU=0.50      | area=   all | maxDets=1000 ] = 0.2124
2024-06-09 10:47:34,304 - mmdet - INFO -  Average Precision  (AP) @[ IoU=0.60      | area=   all | maxDets=1000 ] = 0.1284
2024-06-09 10:47:34,305 - mmdet - INFO -  Average Precision  (AP) @[ IoU=0.70      | area=   all | maxDets=1000 ] = 0.0482
2024-06-09 10:47:34,305 - mmdet - INFO -  Average Precision  (AP) @[ IoU=0.75      | area=   all | maxDets=1000 ] = 0.0209
2024-06-09 10:47:34,305 - mmdet - INFO -  Average Precision  (AP) @[ IoU=0.80      | area=   all | maxDets=1000 ] = 0.0072
2024-06-09 10:47:34,305 - mmdet - INFO -  Average Precision  (AP) @[ IoU=0.90      | area=   all | maxDets=1000 ] = 0.0005
2024-06-09 10:47:34,305 - mmdet - INFO -  Average Precision  (AP) @[ IoU=0.50:0.95 | area= small | maxDets=1000 ] = 0.0397
2024-06-09 10:47:34,305 - mmdet - INFO -  Average Precision  (AP) @[ IoU=0.50:0.95 | area=medium | maxDets=1000 ] = 0.0704
2024-06-09 10:47:34,305 - mmdet - INFO -  Average Precision  (AP) @[ IoU=0.50:0.95 | area= large | maxDets=1000 ] = 0.1138
2024-06-09 10:47:34,305 - mmdet - INFO -  Average Recall     (AR) @[ IoU=0.50:0.95 | area=   all | maxDets=100 ] = 0.1151
2024-06-09 10:47:34,305 - mmdet - INFO -  Average Recall     (AR) @[ IoU=0.50:0.95 | area=   all | maxDets=300 ] = 0.1151
2024-06-09 10:47:34,305 - mmdet - INFO -  Average Recall     (AR) @[ IoU=0.50:0.95 | area=   all | maxDets=1000 ] = 0.1151
2024-06-09 10:47:34,305 - mmdet - INFO -  Average Recall     (AR) @[ IoU=0.50:0.95 | area= small | maxDets=1000 ] = 0.0814
2024-06-09 10:47:34,306 - mmdet - INFO -  Average Recall     (AR) @[ IoU=0.50:0.95 | area=medium | maxDets=1000 ] = 0.1214
2024-06-09 10:47:34,306 - mmdet - INFO -  Average Recall     (AR) @[ IoU=0.50:0.95 | area= large | maxDets=1000 ] = 0.1291
2024-06-09 10:47:34,321 - mmdet - INFO - Exp name: P2BNet_r50_fpn_1x_coco_ms.py
2024-06-09 10:47:34,321 - mmdet - INFO - Epoch(val) [8][180]	eval_iter_num: 90, bbox_mAP: 0.0680, bbox_mAP_50: 0.2120, bbox_mAP_75: 0.1280, bbox_mAP_s: 0.0480, bbox_mAP_m: 0.0210, bbox_mAP_l: 0.0070, bbox_mAP_copypaste: 0.068 0.212 0.128 0.048 0.021 0.007
2024-06-09 10:49:02,744 - mmdet - INFO - Epoch [9][50/180]	lr: 5.000e-06, eta: 1:08:16, time: 1.768, data_time: 0.077, memory: 17804, stage0_loss_instance_mil: 0.0083, stage0_bag_acc: 99.4627, stage0_mean_ious: 0.3063, stage0_s: 0.0000, stage0_m: 0.0177, stage0_l: 0.1136, stage0_h: 0.3241, stage1_loss_instance_mil: 0.1300, stage1_bag_acc: 99.6175, stage1_neg_loss: 0.0548, stage1_mean_ious: 0.2871, stage1_s: 0.0000, stage1_m: 0.0095, stage1_l: 0.0993, stage1_h: 0.3054, loss: 0.1932, grad_norm: 5.9717
2024-06-09 10:50:26,538 - mmdet - INFO - Epoch [9][100/180]	lr: 5.000e-06, eta: 1:07:24, time: 1.676, data_time: 0.028, memory: 17804, stage0_loss_instance_mil: 0.0024, stage0_bag_acc: 100.0000, stage0_mean_ious: 0.2970, stage0_s: 0.0000, stage0_m: 0.0275, stage0_l: 0.0921, stage0_h: 0.3236, stage1_loss_instance_mil: 0.1185, stage1_bag_acc: 99.8889, stage1_neg_loss: 0.0468, stage1_mean_ious: 0.2786, stage1_s: 0.0000, stage1_m: 0.0200, stage1_l: 0.0813, stage1_h: 0.3053, loss: 0.1678, grad_norm: 4.8044
2024-06-09 10:51:53,037 - mmdet - INFO - Epoch [9][150/180]	lr: 5.000e-06, eta: 1:06:35, time: 1.730, data_time: 0.028, memory: 17804, stage0_loss_instance_mil: 0.0047, stage0_bag_acc: 99.6990, stage0_mean_ious: 0.3145, stage0_s: 0.0000, stage0_m: 0.0373, stage0_l: 0.1182, stage0_h: 0.3448, stage1_loss_instance_mil: 0.1061, stage1_bag_acc: 99.7490, stage1_neg_loss: 0.0491, stage1_mean_ious: 0.2943, stage1_s: 0.0000, stage1_m: 0.0264, stage1_l: 0.1084, stage1_h: 0.3246, loss: 0.1599, grad_norm: 4.8667
2024-06-09 10:52:43,331 - mmdet - INFO - Saving checkpoint at 9 epochs
2024-06-09 10:54:14,414 - mmdet - INFO - Epoch [10][50/180]	lr: 5.000e-06, eta: 1:03:53, time: 1.766, data_time: 0.077, memory: 17804, stage0_loss_instance_mil: 0.0025, stage0_bag_acc: 99.8824, stage0_mean_ious: 0.3114, stage0_s: 0.0000, stage0_m: 0.0154, stage0_l: 0.1216, stage0_h: 0.3404, stage1_loss_instance_mil: 0.1105, stage1_bag_acc: 99.7990, stage1_neg_loss: 0.0500, stage1_mean_ious: 0.2915, stage1_s: 0.0000, stage1_m: 0.0114, stage1_l: 0.1088, stage1_h: 0.3205, loss: 0.1630, grad_norm: 4.9662
2024-06-09 10:55:38,828 - mmdet - INFO - Epoch [10][100/180]	lr: 5.000e-06, eta: 1:02:58, time: 1.688, data_time: 0.028, memory: 17804, stage0_loss_instance_mil: 0.0020, stage0_bag_acc: 99.9000, stage0_mean_ious: 0.3029, stage0_s: 0.0000, stage0_m: 0.0237, stage0_l: 0.0855, stage0_h: 0.3320, stage1_loss_instance_mil: 0.1108, stage1_bag_acc: 100.0000, stage1_neg_loss: 0.0494, stage1_mean_ious: 0.2870, stage1_s: 0.0000, stage1_m: 0.0151, stage1_l: 0.0686, stage1_h: 0.3169, loss: 0.1623, grad_norm: 5.3206
2024-06-09 10:57:05,315 - mmdet - INFO - Epoch [10][150/180]	lr: 5.000e-06, eta: 1:02:06, time: 1.730, data_time: 0.028, memory: 17804, stage0_loss_instance_mil: 0.0035, stage0_bag_acc: 99.8824, stage0_mean_ious: 0.2875, stage0_s: 0.0000, stage0_m: 0.0316, stage0_l: 0.0976, stage0_h: 0.3128, stage1_loss_instance_mil: 0.1175, stage1_bag_acc: 99.9286, stage1_neg_loss: 0.0473, stage1_mean_ious: 0.2709, stage1_s: 0.0000, stage1_m: 0.0185, stage1_l: 0.0920, stage1_h: 0.2961, loss: 0.1683, grad_norm: 4.6398
2024-06-09 10:57:56,776 - mmdet - INFO - Saving checkpoint at 10 epochs
2024-06-09 10:59:26,634 - mmdet - INFO - Evaluating bbox...
2024-06-09 10:59:27,474 - mmdet - INFO -  Average Precision  (AP) @[ IoU=0.50:0.95 | area=   all | maxDets=100 ] = 0.0846
2024-06-09 10:59:27,474 - mmdet - INFO -  Average Precision  (AP) @[ IoU=0.50      | area=   all | maxDets=1000 ] = 0.2470
2024-06-09 10:59:27,474 - mmdet - INFO -  Average Precision  (AP) @[ IoU=0.60      | area=   all | maxDets=1000 ] = 0.1614
2024-06-09 10:59:27,474 - mmdet - INFO -  Average Precision  (AP) @[ IoU=0.70      | area=   all | maxDets=1000 ] = 0.0659
2024-06-09 10:59:27,474 - mmdet - INFO -  Average Precision  (AP) @[ IoU=0.75      | area=   all | maxDets=1000 ] = 0.0360
2024-06-09 10:59:27,474 - mmdet - INFO -  Average Precision  (AP) @[ IoU=0.80      | area=   all | maxDets=1000 ] = 0.0114
2024-06-09 10:59:27,474 - mmdet - INFO -  Average Precision  (AP) @[ IoU=0.90      | area=   all | maxDets=1000 ] = 0.0021
2024-06-09 10:59:27,475 - mmdet - INFO -  Average Precision  (AP) @[ IoU=0.50:0.95 | area= small | maxDets=1000 ] = 0.0291
2024-06-09 10:59:27,475 - mmdet - INFO -  Average Precision  (AP) @[ IoU=0.50:0.95 | area=medium | maxDets=1000 ] = 0.0847
2024-06-09 10:59:27,475 - mmdet - INFO -  Average Precision  (AP) @[ IoU=0.50:0.95 | area= large | maxDets=1000 ] = 0.1461
2024-06-09 10:59:27,475 - mmdet - INFO -  Average Recall     (AR) @[ IoU=0.50:0.95 | area=   all | maxDets=100 ] = 0.1292
2024-06-09 10:59:27,475 - mmdet - INFO -  Average Recall     (AR) @[ IoU=0.50:0.95 | area=   all | maxDets=300 ] = 0.1292
2024-06-09 10:59:27,475 - mmdet - INFO -  Average Recall     (AR) @[ IoU=0.50:0.95 | area=   all | maxDets=1000 ] = 0.1292
2024-06-09 10:59:27,475 - mmdet - INFO -  Average Recall     (AR) @[ IoU=0.50:0.95 | area= small | maxDets=1000 ] = 0.0562
2024-06-09 10:59:27,475 - mmdet - INFO -  Average Recall     (AR) @[ IoU=0.50:0.95 | area=medium | maxDets=1000 ] = 0.1294
2024-06-09 10:59:27,475 - mmdet - INFO -  Average Recall     (AR) @[ IoU=0.50:0.95 | area= large | maxDets=1000 ] = 0.1681
2024-06-09 10:59:27,490 - mmdet - INFO - Exp name: P2BNet_r50_fpn_1x_coco_ms.py
2024-06-09 10:59:27,490 - mmdet - INFO - Epoch(val) [10][180]	eval_iter_num: 90, bbox_mAP: 0.0850, bbox_mAP_50: 0.2470, bbox_mAP_75: 0.1610, bbox_mAP_s: 0.0660, bbox_mAP_m: 0.0360, bbox_mAP_l: 0.0110, bbox_mAP_copypaste: 0.085 0.247 0.161 0.066 0.036 0.011
2024-06-09 11:00:54,173 - mmdet - INFO - Epoch [11][50/180]	lr: 5.000e-06, eta: 0:59:28, time: 1.733, data_time: 0.074, memory: 17804, stage0_loss_instance_mil: 0.0087, stage0_bag_acc: 99.5349, stage0_mean_ious: 0.2996, stage0_s: 0.0000, stage0_m: 0.0299, stage0_l: 0.1242, stage0_h: 0.3202, stage1_loss_instance_mil: 0.1044, stage1_bag_acc: 99.6209, stage1_neg_loss: 0.0471, stage1_mean_ious: 0.2837, stage1_s: 0.0000, stage1_m: 0.0261, stage1_l: 0.1098, stage1_h: 0.3052, loss: 0.1602, grad_norm: 5.4065
2024-06-09 11:02:19,643 - mmdet - INFO - Epoch [11][100/180]	lr: 5.000e-06, eta: 0:58:33, time: 1.709, data_time: 0.026, memory: 17804, stage0_loss_instance_mil: 0.0051, stage0_bag_acc: 99.8297, stage0_mean_ious: 0.2798, stage0_s: 0.0000, stage0_m: 0.0375, stage0_l: 0.1029, stage0_h: 0.3097, stage1_loss_instance_mil: 0.1041, stage1_bag_acc: 99.7497, stage1_neg_loss: 0.0512, stage1_mean_ious: 0.2636, stage1_s: 0.0000, stage1_m: 0.0280, stage1_l: 0.0869, stage1_h: 0.2948, loss: 0.1604, grad_norm: 5.0102
2024-06-09 11:03:44,139 - mmdet - INFO - Epoch [11][150/180]	lr: 5.000e-06, eta: 0:57:35, time: 1.690, data_time: 0.025, memory: 17804, stage0_loss_instance_mil: 0.0030, stage0_bag_acc: 99.9231, stage0_mean_ious: 0.2791, stage0_s: 0.0000, stage0_m: 0.0298, stage0_l: 0.1059, stage0_h: 0.3057, stage1_loss_instance_mil: 0.1129, stage1_bag_acc: 99.7980, stage1_neg_loss: 0.0487, stage1_mean_ious: 0.2661, stage1_s: 0.0000, stage1_m: 0.0216, stage1_l: 0.0873, stage1_h: 0.2932, loss: 0.1645, grad_norm: 4.9752
2024-06-09 11:04:35,905 - mmdet - INFO - Saving checkpoint at 11 epochs
2024-06-09 11:06:04,351 - mmdet - INFO - Epoch [12][50/180]	lr: 5.000e-07, eta: 0:55:04, time: 1.726, data_time: 0.075, memory: 17804, stage0_loss_instance_mil: 0.0043, stage0_bag_acc: 99.7000, stage0_mean_ious: 0.2839, stage0_s: 0.0000, stage0_m: 0.0345, stage0_l: 0.1123, stage0_h: 0.3103, stage1_loss_instance_mil: 0.1077, stage1_bag_acc: 99.8333, stage1_neg_loss: 0.0488, stage1_mean_ious: 0.2712, stage1_s: 0.0000, stage1_m: 0.0234, stage1_l: 0.1041, stage1_h: 0.2973, loss: 0.1608, grad_norm: 4.6652
2024-06-09 11:07:28,262 - mmdet - INFO - Epoch [12][100/180]	lr: 5.000e-07, eta: 0:54:05, time: 1.678, data_time: 0.027, memory: 17804, stage0_loss_instance_mil: 0.0025, stage0_bag_acc: 99.8231, stage0_mean_ious: 0.2856, stage0_s: 0.0000, stage0_m: 0.0206, stage0_l: 0.1212, stage0_h: 0.3096, stage1_loss_instance_mil: 0.0959, stage1_bag_acc: 99.8571, stage1_neg_loss: 0.0468, stage1_mean_ious: 0.2702, stage1_s: 0.0000, stage1_m: 0.0178, stage1_l: 0.1004, stage1_h: 0.2967, loss: 0.1452, grad_norm: 4.6999
2024-06-09 11:08:52,469 - mmdet - INFO - Epoch [12][150/180]	lr: 5.000e-07, eta: 0:53:04, time: 1.684, data_time: 0.027, memory: 17804, stage0_loss_instance_mil: 0.0045, stage0_bag_acc: 99.9310, stage0_mean_ious: 0.2649, stage0_s: 0.0000, stage0_m: 0.0181, stage0_l: 0.1160, stage0_h: 0.2882, stage1_loss_instance_mil: 0.1080, stage1_bag_acc: 99.9310, stage1_neg_loss: 0.0508, stage1_mean_ious: 0.2520, stage1_s: 0.0000, stage1_m: 0.0112, stage1_l: 0.1007, stage1_h: 0.2759, loss: 0.1634, grad_norm: 4.7229
2024-06-09 11:09:42,528 - mmdet - INFO - Saving checkpoint at 12 epochs
2024-06-09 11:11:12,280 - mmdet - INFO - Evaluating bbox...
2024-06-09 11:11:13,135 - mmdet - INFO -  Average Precision  (AP) @[ IoU=0.50:0.95 | area=   all | maxDets=100 ] = 0.0808
2024-06-09 11:11:13,135 - mmdet - INFO -  Average Precision  (AP) @[ IoU=0.50      | area=   all | maxDets=1000 ] = 0.2369
2024-06-09 11:11:13,135 - mmdet - INFO -  Average Precision  (AP) @[ IoU=0.60      | area=   all | maxDets=1000 ] = 0.1538
2024-06-09 11:11:13,135 - mmdet - INFO -  Average Precision  (AP) @[ IoU=0.70      | area=   all | maxDets=1000 ] = 0.0634
2024-06-09 11:11:13,135 - mmdet - INFO -  Average Precision  (AP) @[ IoU=0.75      | area=   all | maxDets=1000 ] = 0.0325
2024-06-09 11:11:13,135 - mmdet - INFO -  Average Precision  (AP) @[ IoU=0.80      | area=   all | maxDets=1000 ] = 0.0109
2024-06-09 11:11:13,135 - mmdet - INFO -  Average Precision  (AP) @[ IoU=0.90      | area=   all | maxDets=1000 ] = 0.0027
2024-06-09 11:11:13,135 - mmdet - INFO -  Average Precision  (AP) @[ IoU=0.50:0.95 | area= small | maxDets=1000 ] = 0.0213
2024-06-09 11:11:13,135 - mmdet - INFO -  Average Precision  (AP) @[ IoU=0.50:0.95 | area=medium | maxDets=1000 ] = 0.0805
2024-06-09 11:11:13,136 - mmdet - INFO -  Average Precision  (AP) @[ IoU=0.50:0.95 | area= large | maxDets=1000 ] = 0.1457
2024-06-09 11:11:13,136 - mmdet - INFO -  Average Recall     (AR) @[ IoU=0.50:0.95 | area=   all | maxDets=100 ] = 0.1227
2024-06-09 11:11:13,136 - mmdet - INFO -  Average Recall     (AR) @[ IoU=0.50:0.95 | area=   all | maxDets=300 ] = 0.1227
2024-06-09 11:11:13,136 - mmdet - INFO -  Average Recall     (AR) @[ IoU=0.50:0.95 | area=   all | maxDets=1000 ] = 0.1227
2024-06-09 11:11:13,136 - mmdet - INFO -  Average Recall     (AR) @[ IoU=0.50:0.95 | area= small | maxDets=1000 ] = 0.0555
2024-06-09 11:11:13,136 - mmdet - INFO -  Average Recall     (AR) @[ IoU=0.50:0.95 | area=medium | maxDets=1000 ] = 0.1207
2024-06-09 11:11:13,136 - mmdet - INFO -  Average Recall     (AR) @[ IoU=0.50:0.95 | area= large | maxDets=1000 ] = 0.1645
2024-06-09 11:11:13,152 - mmdet - INFO - Exp name: P2BNet_r50_fpn_1x_coco_ms.py
2024-06-09 11:11:13,152 - mmdet - INFO - Epoch(val) [12][180]	eval_iter_num: 90, bbox_mAP: 0.0810, bbox_mAP_50: 0.2370, bbox_mAP_75: 0.1540, bbox_mAP_s: 0.0630, bbox_mAP_m: 0.0320, bbox_mAP_l: 0.0110, bbox_mAP_copypaste: 0.081 0.237 0.154 0.063 0.032 0.011
2024-06-09 11:12:39,546 - mmdet - INFO - Epoch [13][50/180]	lr: 5.000e-07, eta: 0:50:39, time: 1.727, data_time: 0.075, memory: 17804, stage0_loss_instance_mil: 0.0073, stage0_bag_acc: 99.8571, stage0_mean_ious: 0.2750, stage0_s: 0.0000, stage0_m: 0.0263, stage0_l: 0.0856, stage0_h: 0.2965, stage1_loss_instance_mil: 0.1087, stage1_bag_acc: 99.8571, stage1_neg_loss: 0.0479, stage1_mean_ious: 0.2585, stage1_s: 0.0000, stage1_m: 0.0191, stage1_l: 0.0721, stage1_h: 0.2803, loss: 0.1639, grad_norm: 4.9661
2024-06-09 11:14:04,239 - mmdet - INFO - Epoch [13][100/180]	lr: 5.000e-07, eta: 0:49:39, time: 1.694, data_time: 0.027, memory: 17804, stage0_loss_instance_mil: 0.0028, stage0_bag_acc: 99.8947, stage0_mean_ious: 0.2917, stage0_s: 0.0000, stage0_m: 0.0224, stage0_l: 0.1201, stage0_h: 0.3219, stage1_loss_instance_mil: 0.1039, stage1_bag_acc: 100.0000, stage1_neg_loss: 0.0522, stage1_mean_ious: 0.2738, stage1_s: 0.0000, stage1_m: 0.0133, stage1_l: 0.1078, stage1_h: 0.3039, loss: 0.1589, grad_norm: 5.4665
2024-06-09 11:15:29,571 - mmdet - INFO - Epoch [13][150/180]	lr: 5.000e-07, eta: 0:48:38, time: 1.707, data_time: 0.027, memory: 17804, stage0_loss_instance_mil: 0.0042, stage0_bag_acc: 99.6704, stage0_mean_ious: 0.2869, stage0_s: 0.0000, stage0_m: 0.0188, stage0_l: 0.1114, stage0_h: 0.3090, stage1_loss_instance_mil: 0.1065, stage1_bag_acc: 99.9048, stage1_neg_loss: 0.0384, stage1_mean_ious: 0.2676, stage1_s: 0.0000, stage1_m: 0.0124, stage1_l: 0.1043, stage1_h: 0.2888, loss: 0.1492, grad_norm: 4.2274
2024-06-09 11:16:20,206 - mmdet - INFO - Saving checkpoint at 13 epochs
2024-06-09 11:17:51,678 - mmdet - INFO - Epoch [14][50/180]	lr: 5.000e-07, eta: 0:46:20, time: 1.786, data_time: 0.075, memory: 17804, stage0_loss_instance_mil: 0.0014, stage0_bag_acc: 100.0000, stage0_mean_ious: 0.2919, stage0_s: 0.0018, stage0_m: 0.0276, stage0_l: 0.0954, stage0_h: 0.3128, stage1_loss_instance_mil: 0.1098, stage1_bag_acc: 100.0000, stage1_neg_loss: 0.0452, stage1_mean_ious: 0.2764, stage1_s: 0.0016, stage1_m: 0.0229, stage1_l: 0.0794, stage1_h: 0.2979, loss: 0.1564, grad_norm: 4.3906
2024-06-09 11:19:16,112 - mmdet - INFO - Epoch [14][100/180]	lr: 5.000e-07, eta: 0:45:17, time: 1.689, data_time: 0.026, memory: 17804, stage0_loss_instance_mil: 0.0030, stage0_bag_acc: 99.7980, stage0_mean_ious: 0.2542, stage0_s: 0.0000, stage0_m: 0.0175, stage0_l: 0.0911, stage0_h: 0.2798, stage1_loss_instance_mil: 0.1067, stage1_bag_acc: 100.0000, stage1_neg_loss: 0.0466, stage1_mean_ious: 0.2451, stage1_s: 0.0000, stage1_m: 0.0123, stage1_l: 0.0820, stage1_h: 0.2708, loss: 0.1563, grad_norm: 4.6671
2024-06-09 11:20:41,083 - mmdet - INFO - Epoch [14][150/180]	lr: 5.000e-07, eta: 0:44:15, time: 1.699, data_time: 0.027, memory: 17804, stage0_loss_instance_mil: 0.0087, stage0_bag_acc: 99.6833, stage0_mean_ious: 0.2870, stage0_s: 0.0000, stage0_m: 0.0110, stage0_l: 0.1247, stage0_h: 0.3059, stage1_loss_instance_mil: 0.0989, stage1_bag_acc: 99.7833, stage1_neg_loss: 0.0519, stage1_mean_ious: 0.2707, stage1_s: 0.0000, stage1_m: 0.0088, stage1_l: 0.1127, stage1_h: 0.2894, loss: 0.1595, grad_norm: 4.9128
2024-06-09 11:21:31,309 - mmdet - INFO - Saving checkpoint at 14 epochs
2024-06-09 11:23:01,473 - mmdet - INFO - Evaluating bbox...
2024-06-09 11:23:02,229 - mmdet - INFO -  Average Precision  (AP) @[ IoU=0.50:0.95 | area=   all | maxDets=100 ] = 0.0808
2024-06-09 11:23:02,229 - mmdet - INFO -  Average Precision  (AP) @[ IoU=0.50      | area=   all | maxDets=1000 ] = 0.2376
2024-06-09 11:23:02,229 - mmdet - INFO -  Average Precision  (AP) @[ IoU=0.60      | area=   all | maxDets=1000 ] = 0.1548
2024-06-09 11:23:02,229 - mmdet - INFO -  Average Precision  (AP) @[ IoU=0.70      | area=   all | maxDets=1000 ] = 0.0648
2024-06-09 11:23:02,229 - mmdet - INFO -  Average Precision  (AP) @[ IoU=0.75      | area=   all | maxDets=1000 ] = 0.0317
2024-06-09 11:23:02,229 - mmdet - INFO -  Average Precision  (AP) @[ IoU=0.80      | area=   all | maxDets=1000 ] = 0.0121
2024-06-09 11:23:02,229 - mmdet - INFO -  Average Precision  (AP) @[ IoU=0.90      | area=   all | maxDets=1000 ] = 0.0017
2024-06-09 11:23:02,230 - mmdet - INFO -  Average Precision  (AP) @[ IoU=0.50:0.95 | area= small | maxDets=1000 ] = 0.0259
2024-06-09 11:23:02,230 - mmdet - INFO -  Average Precision  (AP) @[ IoU=0.50:0.95 | area=medium | maxDets=1000 ] = 0.0802
2024-06-09 11:23:02,230 - mmdet - INFO -  Average Precision  (AP) @[ IoU=0.50:0.95 | area= large | maxDets=1000 ] = 0.1457
2024-06-09 11:23:02,230 - mmdet - INFO -  Average Recall     (AR) @[ IoU=0.50:0.95 | area=   all | maxDets=100 ] = 0.1231
2024-06-09 11:23:02,230 - mmdet - INFO -  Average Recall     (AR) @[ IoU=0.50:0.95 | area=   all | maxDets=300 ] = 0.1231
2024-06-09 11:23:02,230 - mmdet - INFO -  Average Recall     (AR) @[ IoU=0.50:0.95 | area=   all | maxDets=1000 ] = 0.1231
2024-06-09 11:23:02,230 - mmdet - INFO -  Average Recall     (AR) @[ IoU=0.50:0.95 | area= small | maxDets=1000 ] = 0.0588
2024-06-09 11:23:02,230 - mmdet - INFO -  Average Recall     (AR) @[ IoU=0.50:0.95 | area=medium | maxDets=1000 ] = 0.1212
2024-06-09 11:23:02,230 - mmdet - INFO -  Average Recall     (AR) @[ IoU=0.50:0.95 | area= large | maxDets=1000 ] = 0.1650
2024-06-09 11:23:02,245 - mmdet - INFO - Exp name: P2BNet_r50_fpn_1x_coco_ms.py
2024-06-09 11:23:02,245 - mmdet - INFO - Epoch(val) [14][180]	eval_iter_num: 90, bbox_mAP: 0.0810, bbox_mAP_50: 0.2380, bbox_mAP_75: 0.1550, bbox_mAP_s: 0.0650, bbox_mAP_m: 0.0320, bbox_mAP_l: 0.0120, bbox_mAP_copypaste: 0.081 0.238 0.155 0.065 0.032 0.012
2024-06-09 11:24:28,980 - mmdet - INFO - Epoch [15][50/180]	lr: 5.000e-07, eta: 0:41:58, time: 1.734, data_time: 0.077, memory: 17804, stage0_loss_instance_mil: 0.0016, stage0_bag_acc: 100.0000, stage0_mean_ious: 0.2801, stage0_s: 0.0000, stage0_m: 0.0161, stage0_l: 0.1217, stage0_h: 0.3066, stage1_loss_instance_mil: 0.1053, stage1_bag_acc: 99.9231, stage1_neg_loss: 0.0467, stage1_mean_ious: 0.2649, stage1_s: 0.0000, stage1_m: 0.0110, stage1_l: 0.0972, stage1_h: 0.2926, loss: 0.1535, grad_norm: 4.4172
2024-06-09 11:25:52,889 - mmdet - INFO - Epoch [15][100/180]	lr: 5.000e-07, eta: 0:40:54, time: 1.678, data_time: 0.026, memory: 17804, stage0_loss_instance_mil: 0.0031, stage0_bag_acc: 99.8824, stage0_mean_ious: 0.2754, stage0_s: 0.0015, stage0_m: 0.0328, stage0_l: 0.1163, stage0_h: 0.3008, stage1_loss_instance_mil: 0.0960, stage1_bag_acc: 99.8824, stage1_neg_loss: 0.0540, stage1_mean_ious: 0.2627, stage1_s: 0.0021, stage1_m: 0.0265, stage1_l: 0.1111, stage1_h: 0.2874, loss: 0.1531, grad_norm: 5.5861
2024-06-09 11:27:18,736 - mmdet - INFO - Epoch [15][150/180]	lr: 5.000e-07, eta: 0:39:50, time: 1.717, data_time: 0.027, memory: 17804, stage0_loss_instance_mil: 0.0052, stage0_bag_acc: 99.9091, stage0_mean_ious: 0.2882, stage0_s: 0.0000, stage0_m: 0.0232, stage0_l: 0.1269, stage0_h: 0.3120, stage1_loss_instance_mil: 0.1086, stage1_bag_acc: 99.9091, stage1_neg_loss: 0.0420, stage1_mean_ious: 0.2674, stage1_s: 0.0000, stage1_m: 0.0226, stage1_l: 0.1159, stage1_h: 0.2901, loss: 0.1558, grad_norm: 4.2735
2024-06-09 11:28:10,044 - mmdet - INFO - Saving checkpoint at 15 epochs
2024-06-09 11:29:39,029 - mmdet - INFO - Epoch [16][50/180]	lr: 5.000e-07, eta: 0:37:38, time: 1.735, data_time: 0.075, memory: 17804, stage0_loss_instance_mil: 0.0011, stage0_bag_acc: 100.0000, stage0_mean_ious: 0.2731, stage0_s: 0.0000, stage0_m: 0.0235, stage0_l: 0.1075, stage0_h: 0.2962, stage1_loss_instance_mil: 0.1083, stage1_bag_acc: 100.0000, stage1_neg_loss: 0.0450, stage1_mean_ious: 0.2616, stage1_s: 0.0000, stage1_m: 0.0218, stage1_l: 0.0981, stage1_h: 0.2850, loss: 0.1544, grad_norm: 4.5209
2024-06-09 11:31:04,855 - mmdet - INFO - Epoch [16][100/180]	lr: 5.000e-07, eta: 0:36:34, time: 1.717, data_time: 0.027, memory: 17804, stage0_loss_instance_mil: 0.0079, stage0_bag_acc: 99.5105, stage0_mean_ious: 0.3096, stage0_s: 0.0000, stage0_m: 0.0299, stage0_l: 0.1077, stage0_h: 0.3383, stage1_loss_instance_mil: 0.0973, stage1_bag_acc: 99.6306, stage1_neg_loss: 0.0423, stage1_mean_ious: 0.2958, stage1_s: 0.0000, stage1_m: 0.0229, stage1_l: 0.0974, stage1_h: 0.3248, loss: 0.1476, grad_norm: 4.4234
2024-06-09 11:32:28,424 - mmdet - INFO - Epoch [16][150/180]	lr: 5.000e-07, eta: 0:35:27, time: 1.671, data_time: 0.025, memory: 17804, stage0_loss_instance_mil: 0.0061, stage0_bag_acc: 99.8139, stage0_mean_ious: 0.2679, stage0_s: 0.0000, stage0_m: 0.0379, stage0_l: 0.0980, stage0_h: 0.2902, stage1_loss_instance_mil: 0.1037, stage1_bag_acc: 99.8214, stage1_neg_loss: 0.0446, stage1_mean_ious: 0.2510, stage1_s: 0.0000, stage1_m: 0.0257, stage1_l: 0.0851, stage1_h: 0.2736, loss: 0.1545, grad_norm: 4.4509
2024-06-09 11:33:19,694 - mmdet - INFO - Saving checkpoint at 16 epochs
2024-06-09 11:34:49,264 - mmdet - INFO - Evaluating bbox...
2024-06-09 11:34:50,094 - mmdet - INFO -  Average Precision  (AP) @[ IoU=0.50:0.95 | area=   all | maxDets=100 ] = 0.0814
2024-06-09 11:34:50,094 - mmdet - INFO -  Average Precision  (AP) @[ IoU=0.50      | area=   all | maxDets=1000 ] = 0.2347
2024-06-09 11:34:50,094 - mmdet - INFO -  Average Precision  (AP) @[ IoU=0.60      | area=   all | maxDets=1000 ] = 0.1563
2024-06-09 11:34:50,094 - mmdet - INFO -  Average Precision  (AP) @[ IoU=0.70      | area=   all | maxDets=1000 ] = 0.0644
2024-06-09 11:34:50,094 - mmdet - INFO -  Average Precision  (AP) @[ IoU=0.75      | area=   all | maxDets=1000 ] = 0.0333
2024-06-09 11:34:50,095 - mmdet - INFO -  Average Precision  (AP) @[ IoU=0.80      | area=   all | maxDets=1000 ] = 0.0115
2024-06-09 11:34:50,095 - mmdet - INFO -  Average Precision  (AP) @[ IoU=0.90      | area=   all | maxDets=1000 ] = 0.0028
2024-06-09 11:34:50,095 - mmdet - INFO -  Average Precision  (AP) @[ IoU=0.50:0.95 | area= small | maxDets=1000 ] = 0.0265
2024-06-09 11:34:50,095 - mmdet - INFO -  Average Precision  (AP) @[ IoU=0.50:0.95 | area=medium | maxDets=1000 ] = 0.0814
2024-06-09 11:34:50,095 - mmdet - INFO -  Average Precision  (AP) @[ IoU=0.50:0.95 | area= large | maxDets=1000 ] = 0.1442
2024-06-09 11:34:50,095 - mmdet - INFO -  Average Recall     (AR) @[ IoU=0.50:0.95 | area=   all | maxDets=100 ] = 0.1232
2024-06-09 11:34:50,095 - mmdet - INFO -  Average Recall     (AR) @[ IoU=0.50:0.95 | area=   all | maxDets=300 ] = 0.1232
2024-06-09 11:34:50,095 - mmdet - INFO -  Average Recall     (AR) @[ IoU=0.50:0.95 | area=   all | maxDets=1000 ] = 0.1232
2024-06-09 11:34:50,095 - mmdet - INFO -  Average Recall     (AR) @[ IoU=0.50:0.95 | area= small | maxDets=1000 ] = 0.0593
2024-06-09 11:34:50,095 - mmdet - INFO -  Average Recall     (AR) @[ IoU=0.50:0.95 | area=medium | maxDets=1000 ] = 0.1217
2024-06-09 11:34:50,095 - mmdet - INFO -  Average Recall     (AR) @[ IoU=0.50:0.95 | area= large | maxDets=1000 ] = 0.1640
2024-06-09 11:34:50,111 - mmdet - INFO - Exp name: P2BNet_r50_fpn_1x_coco_ms.py
2024-06-09 11:34:50,111 - mmdet - INFO - Epoch(val) [16][180]	eval_iter_num: 90, bbox_mAP: 0.0810, bbox_mAP_50: 0.2350, bbox_mAP_75: 0.1560, bbox_mAP_s: 0.0640, bbox_mAP_m: 0.0330, bbox_mAP_l: 0.0120, bbox_mAP_copypaste: 0.081 0.235 0.156 0.064 0.033 0.012
2024-06-09 11:36:16,818 - mmdet - INFO - Epoch [17][50/180]	lr: 5.000e-07, eta: 0:33:18, time: 1.734, data_time: 0.074, memory: 17804, stage0_loss_instance_mil: 0.0030, stage0_bag_acc: 99.9091, stage0_mean_ious: 0.2864, stage0_s: 0.0000, stage0_m: 0.0120, stage0_l: 0.1006, stage0_h: 0.3071, stage1_loss_instance_mil: 0.1072, stage1_bag_acc: 99.9091, stage1_neg_loss: 0.0481, stage1_mean_ious: 0.2706, stage1_s: 0.0000, stage1_m: 0.0112, stage1_l: 0.0811, stage1_h: 0.2916, loss: 0.1583, grad_norm: 5.0352
2024-06-09 11:37:41,581 - mmdet - INFO - Epoch [17][100/180]	lr: 5.000e-07, eta: 0:32:12, time: 1.695, data_time: 0.025, memory: 17804, stage0_loss_instance_mil: 0.0083, stage0_bag_acc: 99.6528, stage0_mean_ious: 0.2712, stage0_s: 0.0000, stage0_m: 0.0410, stage0_l: 0.0998, stage0_h: 0.2983, stage1_loss_instance_mil: 0.1012, stage1_bag_acc: 99.6528, stage1_neg_loss: 0.0459, stage1_mean_ious: 0.2574, stage1_s: 0.0000, stage1_m: 0.0274, stage1_l: 0.0937, stage1_h: 0.2843, loss: 0.1554, grad_norm: 4.9446
2024-06-09 11:39:06,276 - mmdet - INFO - Epoch [17][150/180]	lr: 5.000e-07, eta: 0:31:05, time: 1.694, data_time: 0.025, memory: 17804, stage0_loss_instance_mil: 0.0032, stage0_bag_acc: 99.8889, stage0_mean_ious: 0.2952, stage0_s: 0.0000, stage0_m: 0.0313, stage0_l: 0.1009, stage0_h: 0.3224, stage1_loss_instance_mil: 0.0975, stage1_bag_acc: 99.8889, stage1_neg_loss: 0.0450, stage1_mean_ious: 0.2774, stage1_s: 0.0000, stage1_m: 0.0268, stage1_l: 0.0945, stage1_h: 0.3028, loss: 0.1457, grad_norm: 4.5749
2024-06-09 11:39:56,486 - mmdet - INFO - Saving checkpoint at 17 epochs
2024-06-09 11:41:25,939 - mmdet - INFO - Epoch [18][50/180]	lr: 5.000e-07, eta: 0:28:58, time: 1.746, data_time: 0.074, memory: 17804, stage0_loss_instance_mil: 0.0020, stage0_bag_acc: 99.8889, stage0_mean_ious: 0.2699, stage0_s: 0.0019, stage0_m: 0.0239, stage0_l: 0.1054, stage0_h: 0.2923, stage1_loss_instance_mil: 0.1016, stage1_bag_acc: 100.0000, stage1_neg_loss: 0.0479, stage1_mean_ious: 0.2519, stage1_s: 0.0021, stage1_m: 0.0136, stage1_l: 0.0938, stage1_h: 0.2737, loss: 0.1515, grad_norm: 4.8703
2024-06-09 11:42:48,419 - mmdet - INFO - Epoch [18][100/180]	lr: 5.000e-07, eta: 0:27:50, time: 1.650, data_time: 0.024, memory: 17804, stage0_loss_instance_mil: 0.0020, stage0_bag_acc: 100.0000, stage0_mean_ious: 0.2821, stage0_s: 0.0000, stage0_m: 0.0325, stage0_l: 0.1248, stage0_h: 0.3052, stage1_loss_instance_mil: 0.1140, stage1_bag_acc: 100.0000, stage1_neg_loss: 0.0443, stage1_mean_ious: 0.2671, stage1_s: 0.0000, stage1_m: 0.0231, stage1_l: 0.1136, stage1_h: 0.2909, loss: 0.1603, grad_norm: 4.6675
2024-06-09 11:44:12,902 - mmdet - INFO - Epoch [18][150/180]	lr: 5.000e-07, eta: 0:26:42, time: 1.690, data_time: 0.024, memory: 17804, stage0_loss_instance_mil: 0.0058, stage0_bag_acc: 99.9091, stage0_mean_ious: 0.2694, stage0_s: 0.0000, stage0_m: 0.0187, stage0_l: 0.1324, stage0_h: 0.2888, stage1_loss_instance_mil: 0.0992, stage1_bag_acc: 99.9091, stage1_neg_loss: 0.0522, stage1_mean_ious: 0.2548, stage1_s: 0.0000, stage1_m: 0.0117, stage1_l: 0.1323, stage1_h: 0.2731, loss: 0.1572, grad_norm: 4.8579
2024-06-09 11:45:03,394 - mmdet - INFO - Saving checkpoint at 18 epochs
2024-06-09 11:46:33,331 - mmdet - INFO - Evaluating bbox...
2024-06-09 11:46:34,162 - mmdet - INFO -  Average Precision  (AP) @[ IoU=0.50:0.95 | area=   all | maxDets=100 ] = 0.0820
2024-06-09 11:46:34,162 - mmdet - INFO -  Average Precision  (AP) @[ IoU=0.50      | area=   all | maxDets=1000 ] = 0.2362
2024-06-09 11:46:34,162 - mmdet - INFO -  Average Precision  (AP) @[ IoU=0.60      | area=   all | maxDets=1000 ] = 0.1574
2024-06-09 11:46:34,162 - mmdet - INFO -  Average Precision  (AP) @[ IoU=0.70      | area=   all | maxDets=1000 ] = 0.0651
2024-06-09 11:46:34,163 - mmdet - INFO -  Average Precision  (AP) @[ IoU=0.75      | area=   all | maxDets=1000 ] = 0.0336
2024-06-09 11:46:34,163 - mmdet - INFO -  Average Precision  (AP) @[ IoU=0.80      | area=   all | maxDets=1000 ] = 0.0116
2024-06-09 11:46:34,163 - mmdet - INFO -  Average Precision  (AP) @[ IoU=0.90      | area=   all | maxDets=1000 ] = 0.0028
2024-06-09 11:46:34,163 - mmdet - INFO -  Average Precision  (AP) @[ IoU=0.50:0.95 | area= small | maxDets=1000 ] = 0.0242
2024-06-09 11:46:34,163 - mmdet - INFO -  Average Precision  (AP) @[ IoU=0.50:0.95 | area=medium | maxDets=1000 ] = 0.0820
2024-06-09 11:46:34,163 - mmdet - INFO -  Average Precision  (AP) @[ IoU=0.50:0.95 | area= large | maxDets=1000 ] = 0.1445
2024-06-09 11:46:34,163 - mmdet - INFO -  Average Recall     (AR) @[ IoU=0.50:0.95 | area=   all | maxDets=100 ] = 0.1232
2024-06-09 11:46:34,163 - mmdet - INFO -  Average Recall     (AR) @[ IoU=0.50:0.95 | area=   all | maxDets=300 ] = 0.1232
2024-06-09 11:46:34,163 - mmdet - INFO -  Average Recall     (AR) @[ IoU=0.50:0.95 | area=   all | maxDets=1000 ] = 0.1232
2024-06-09 11:46:34,163 - mmdet - INFO -  Average Recall     (AR) @[ IoU=0.50:0.95 | area= small | maxDets=1000 ] = 0.0521
2024-06-09 11:46:34,163 - mmdet - INFO -  Average Recall     (AR) @[ IoU=0.50:0.95 | area=medium | maxDets=1000 ] = 0.1212
2024-06-09 11:46:34,164 - mmdet - INFO -  Average Recall     (AR) @[ IoU=0.50:0.95 | area= large | maxDets=1000 ] = 0.1658
2024-06-09 11:46:34,178 - mmdet - INFO - Exp name: P2BNet_r50_fpn_1x_coco_ms.py
2024-06-09 11:46:34,178 - mmdet - INFO - Epoch(val) [18][180]	eval_iter_num: 90, bbox_mAP: 0.0820, bbox_mAP_50: 0.2360, bbox_mAP_75: 0.1570, bbox_mAP_s: 0.0650, bbox_mAP_m: 0.0340, bbox_mAP_l: 0.0120, bbox_mAP_copypaste: 0.082 0.236 0.157 0.065 0.034 0.012
2024-06-09 11:48:01,106 - mmdet - INFO - Epoch [19][50/180]	lr: 5.000e-07, eta: 0:24:38, time: 1.738, data_time: 0.076, memory: 17804, stage0_loss_instance_mil: 0.0031, stage0_bag_acc: 99.7750, stage0_mean_ious: 0.2689, stage0_s: 0.0000, stage0_m: 0.0187, stage0_l: 0.1173, stage0_h: 0.2908, stage1_loss_instance_mil: 0.0981, stage1_bag_acc: 99.9000, stage1_neg_loss: 0.0491, stage1_mean_ious: 0.2607, stage1_s: 0.0000, stage1_m: 0.0168, stage1_l: 0.1114, stage1_h: 0.2833, loss: 0.1503, grad_norm: 4.4716
2024-06-09 11:49:25,683 - mmdet - INFO - Epoch [19][100/180]	lr: 5.000e-07, eta: 0:23:30, time: 1.692, data_time: 0.026, memory: 17804, stage0_loss_instance_mil: 0.0014, stage0_bag_acc: 100.0000, stage0_mean_ious: 0.2792, stage0_s: 0.0000, stage0_m: 0.0342, stage0_l: 0.1128, stage0_h: 0.3050, stage1_loss_instance_mil: 0.0942, stage1_bag_acc: 100.0000, stage1_neg_loss: 0.0431, stage1_mean_ious: 0.2635, stage1_s: 0.0000, stage1_m: 0.0256, stage1_l: 0.1055, stage1_h: 0.2889, loss: 0.1387, grad_norm: 4.3609
2024-06-09 11:50:48,101 - mmdet - INFO - Epoch [19][150/180]	lr: 5.000e-07, eta: 0:22:21, time: 1.648, data_time: 0.025, memory: 17804, stage0_loss_instance_mil: 0.0069, stage0_bag_acc: 99.7714, stage0_mean_ious: 0.2653, stage0_s: 0.0000, stage0_m: 0.0352, stage0_l: 0.1275, stage0_h: 0.2889, stage1_loss_instance_mil: 0.1027, stage1_bag_acc: 99.6464, stage1_neg_loss: 0.0462, stage1_mean_ious: 0.2482, stage1_s: 0.0000, stage1_m: 0.0231, stage1_l: 0.1098, stage1_h: 0.2726, loss: 0.1558, grad_norm: 4.6259
2024-06-09 11:51:40,329 - mmdet - INFO - Saving checkpoint at 19 epochs
2024-06-09 11:53:06,398 - mmdet - INFO - Epoch [20][50/180]	lr: 5.000e-07, eta: 0:20:18, time: 1.678, data_time: 0.072, memory: 17804, stage0_loss_instance_mil: 0.0034, stage0_bag_acc: 99.8024, stage0_mean_ious: 0.2669, stage0_s: 0.0022, stage0_m: 0.0329, stage0_l: 0.1046, stage0_h: 0.2883, stage1_loss_instance_mil: 0.1025, stage1_bag_acc: 99.8024, stage1_neg_loss: 0.0439, stage1_mean_ious: 0.2486, stage1_s: 0.0023, stage1_m: 0.0207, stage1_l: 0.0958, stage1_h: 0.2702, loss: 0.1499, grad_norm: 4.1193
2024-06-09 11:54:32,039 - mmdet - INFO - Epoch [20][100/180]	lr: 5.000e-07, eta: 0:19:09, time: 1.713, data_time: 0.026, memory: 17804, stage0_loss_instance_mil: 0.0055, stage0_bag_acc: 99.7836, stage0_mean_ious: 0.2935, stage0_s: 0.0000, stage0_m: 0.0179, stage0_l: 0.1283, stage0_h: 0.3175, stage1_loss_instance_mil: 0.1043, stage1_bag_acc: 99.8947, stage1_neg_loss: 0.0488, stage1_mean_ious: 0.2769, stage1_s: 0.0000, stage1_m: 0.0162, stage1_l: 0.1254, stage1_h: 0.2997, loss: 0.1586, grad_norm: 4.5267
2024-06-09 11:55:55,102 - mmdet - INFO - Epoch [20][150/180]	lr: 5.000e-07, eta: 0:18:00, time: 1.661, data_time: 0.025, memory: 17804, stage0_loss_instance_mil: 0.0041, stage0_bag_acc: 99.6269, stage0_mean_ious: 0.2733, stage0_s: 0.0000, stage0_m: 0.0244, stage0_l: 0.1052, stage0_h: 0.2964, stage1_loss_instance_mil: 0.1010, stage1_bag_acc: 99.7519, stage1_neg_loss: 0.0504, stage1_mean_ious: 0.2570, stage1_s: 0.0000, stage1_m: 0.0178, stage1_l: 0.0990, stage1_h: 0.2793, loss: 0.1555, grad_norm: 5.0653
2024-06-09 11:56:46,597 - mmdet - INFO - Saving checkpoint at 20 epochs
2024-06-09 11:58:16,693 - mmdet - INFO - Evaluating bbox...
2024-06-09 11:58:17,506 - mmdet - INFO -  Average Precision  (AP) @[ IoU=0.50:0.95 | area=   all | maxDets=100 ] = 0.0803
2024-06-09 11:58:17,506 - mmdet - INFO -  Average Precision  (AP) @[ IoU=0.50      | area=   all | maxDets=1000 ] = 0.2325
2024-06-09 11:58:17,506 - mmdet - INFO -  Average Precision  (AP) @[ IoU=0.60      | area=   all | maxDets=1000 ] = 0.1560
2024-06-09 11:58:17,506 - mmdet - INFO -  Average Precision  (AP) @[ IoU=0.70      | area=   all | maxDets=1000 ] = 0.0621
2024-06-09 11:58:17,506 - mmdet - INFO -  Average Precision  (AP) @[ IoU=0.75      | area=   all | maxDets=1000 ] = 0.0326
2024-06-09 11:58:17,506 - mmdet - INFO -  Average Precision  (AP) @[ IoU=0.80      | area=   all | maxDets=1000 ] = 0.0108
2024-06-09 11:58:17,506 - mmdet - INFO -  Average Precision  (AP) @[ IoU=0.90      | area=   all | maxDets=1000 ] = 0.0016
2024-06-09 11:58:17,506 - mmdet - INFO -  Average Precision  (AP) @[ IoU=0.50:0.95 | area= small | maxDets=1000 ] = 0.0236
2024-06-09 11:58:17,506 - mmdet - INFO -  Average Precision  (AP) @[ IoU=0.50:0.95 | area=medium | maxDets=1000 ] = 0.0801
2024-06-09 11:58:17,507 - mmdet - INFO -  Average Precision  (AP) @[ IoU=0.50:0.95 | area= large | maxDets=1000 ] = 0.1440
2024-06-09 11:58:17,507 - mmdet - INFO -  Average Recall     (AR) @[ IoU=0.50:0.95 | area=   all | maxDets=100 ] = 0.1215
2024-06-09 11:58:17,507 - mmdet - INFO -  Average Recall     (AR) @[ IoU=0.50:0.95 | area=   all | maxDets=300 ] = 0.1215
2024-06-09 11:58:17,507 - mmdet - INFO -  Average Recall     (AR) @[ IoU=0.50:0.95 | area=   all | maxDets=1000 ] = 0.1215
2024-06-09 11:58:17,507 - mmdet - INFO -  Average Recall     (AR) @[ IoU=0.50:0.95 | area= small | maxDets=1000 ] = 0.0521
2024-06-09 11:58:17,507 - mmdet - INFO -  Average Recall     (AR) @[ IoU=0.50:0.95 | area=medium | maxDets=1000 ] = 0.1195
2024-06-09 11:58:17,507 - mmdet - INFO -  Average Recall     (AR) @[ IoU=0.50:0.95 | area= large | maxDets=1000 ] = 0.1632
2024-06-09 11:58:17,523 - mmdet - INFO - Exp name: P2BNet_r50_fpn_1x_coco_ms.py
2024-06-09 11:58:17,523 - mmdet - INFO - Epoch(val) [20][180]	eval_iter_num: 90, bbox_mAP: 0.0800, bbox_mAP_50: 0.2320, bbox_mAP_75: 0.1560, bbox_mAP_s: 0.0620, bbox_mAP_m: 0.0330, bbox_mAP_l: 0.0110, bbox_mAP_copypaste: 0.080 0.232 0.156 0.062 0.033 0.011
2024-06-09 11:59:41,821 - mmdet - INFO - Epoch [21][50/180]	lr: 5.000e-07, eta: 0:15:59, time: 1.686, data_time: 0.076, memory: 17804, stage0_loss_instance_mil: 0.0019, stage0_bag_acc: 99.8667, stage0_mean_ious: 0.2912, stage0_s: 0.0000, stage0_m: 0.0194, stage0_l: 0.1019, stage0_h: 0.3138, stage1_loss_instance_mil: 0.1053, stage1_bag_acc: 100.0000, stage1_neg_loss: 0.0435, stage1_mean_ious: 0.2780, stage1_s: 0.0000, stage1_m: 0.0160, stage1_l: 0.0911, stage1_h: 0.3018, loss: 0.1507, grad_norm: 4.6890
2024-06-09 12:01:08,140 - mmdet - INFO - Epoch [21][100/180]	lr: 5.000e-07, eta: 0:14:50, time: 1.726, data_time: 0.027, memory: 17804, stage0_loss_instance_mil: 0.0075, stage0_bag_acc: 99.7836, stage0_mean_ious: 0.2859, stage0_s: 0.0000, stage0_m: 0.0147, stage0_l: 0.1162, stage0_h: 0.3015, stage1_loss_instance_mil: 0.1023, stage1_bag_acc: 99.7836, stage1_neg_loss: 0.0445, stage1_mean_ious: 0.2740, stage1_s: 0.0000, stage1_m: 0.0115, stage1_l: 0.1060, stage1_h: 0.2908, loss: 0.1543, grad_norm: 4.4855
2024-06-09 12:02:31,658 - mmdet - INFO - Epoch [21][150/180]	lr: 5.000e-07, eta: 0:13:40, time: 1.670, data_time: 0.026, memory: 17804, stage0_loss_instance_mil: 0.0012, stage0_bag_acc: 100.0000, stage0_mean_ious: 0.2634, stage0_s: 0.0000, stage0_m: 0.0334, stage0_l: 0.1198, stage0_h: 0.2867, stage1_loss_instance_mil: 0.1015, stage1_bag_acc: 99.8000, stage1_neg_loss: 0.0509, stage1_mean_ious: 0.2511, stage1_s: 0.0000, stage1_m: 0.0238, stage1_l: 0.1100, stage1_h: 0.2746, loss: 0.1536, grad_norm: 4.7111
2024-06-09 12:03:22,570 - mmdet - INFO - Saving checkpoint at 21 epochs
2024-06-09 12:04:50,410 - mmdet - INFO - Epoch [22][50/180]	lr: 5.000e-07, eta: 0:11:41, time: 1.714, data_time: 0.076, memory: 17804, stage0_loss_instance_mil: 0.0040, stage0_bag_acc: 99.8667, stage0_mean_ious: 0.2818, stage0_s: 0.0021, stage0_m: 0.0322, stage0_l: 0.1011, stage0_h: 0.3074, stage1_loss_instance_mil: 0.1018, stage1_bag_acc: 99.6556, stage1_neg_loss: 0.0463, stage1_mean_ious: 0.2680, stage1_s: 0.0023, stage1_m: 0.0216, stage1_l: 0.0878, stage1_h: 0.2944, loss: 0.1521, grad_norm: 4.8570
2024-06-09 12:06:16,123 - mmdet - INFO - Epoch [22][100/180]	lr: 5.000e-07, eta: 0:10:31, time: 1.714, data_time: 0.027, memory: 17804, stage0_loss_instance_mil: 0.0019, stage0_bag_acc: 99.8889, stage0_mean_ious: 0.2820, stage0_s: 0.0000, stage0_m: 0.0124, stage0_l: 0.1141, stage0_h: 0.2991, stage1_loss_instance_mil: 0.0994, stage1_bag_acc: 100.0000, stage1_neg_loss: 0.0442, stage1_mean_ious: 0.2670, stage1_s: 0.0000, stage1_m: 0.0094, stage1_l: 0.0928, stage1_h: 0.2860, loss: 0.1455, grad_norm: 4.3962
2024-06-09 12:07:41,012 - mmdet - INFO - Epoch [22][150/180]	lr: 5.000e-07, eta: 0:09:20, time: 1.698, data_time: 0.026, memory: 17804, stage0_loss_instance_mil: 0.0074, stage0_bag_acc: 99.7114, stage0_mean_ious: 0.2758, stage0_s: 0.0000, stage0_m: 0.0366, stage0_l: 0.0938, stage0_h: 0.2991, stage1_loss_instance_mil: 0.1088, stage1_bag_acc: 99.7947, stage1_neg_loss: 0.0422, stage1_mean_ious: 0.2642, stage1_s: 0.0000, stage1_m: 0.0281, stage1_l: 0.0836, stage1_h: 0.2887, loss: 0.1584, grad_norm: 4.4264
2024-06-09 12:08:31,681 - mmdet - INFO - Saving checkpoint at 22 epochs
2024-06-09 12:10:01,835 - mmdet - INFO - Evaluating bbox...
2024-06-09 12:10:02,659 - mmdet - INFO -  Average Precision  (AP) @[ IoU=0.50:0.95 | area=   all | maxDets=100 ] = 0.0793
2024-06-09 12:10:02,660 - mmdet - INFO -  Average Precision  (AP) @[ IoU=0.50      | area=   all | maxDets=1000 ] = 0.2288
2024-06-09 12:10:02,660 - mmdet - INFO -  Average Precision  (AP) @[ IoU=0.60      | area=   all | maxDets=1000 ] = 0.1550
2024-06-09 12:10:02,660 - mmdet - INFO -  Average Precision  (AP) @[ IoU=0.70      | area=   all | maxDets=1000 ] = 0.0619
2024-06-09 12:10:02,660 - mmdet - INFO -  Average Precision  (AP) @[ IoU=0.75      | area=   all | maxDets=1000 ] = 0.0313
2024-06-09 12:10:02,660 - mmdet - INFO -  Average Precision  (AP) @[ IoU=0.80      | area=   all | maxDets=1000 ] = 0.0115
2024-06-09 12:10:02,660 - mmdet - INFO -  Average Precision  (AP) @[ IoU=0.90      | area=   all | maxDets=1000 ] = 0.0019
2024-06-09 12:10:02,660 - mmdet - INFO -  Average Precision  (AP) @[ IoU=0.50:0.95 | area= small | maxDets=1000 ] = 0.0285
2024-06-09 12:10:02,660 - mmdet - INFO -  Average Precision  (AP) @[ IoU=0.50:0.95 | area=medium | maxDets=1000 ] = 0.0786
2024-06-09 12:10:02,661 - mmdet - INFO -  Average Precision  (AP) @[ IoU=0.50:0.95 | area= large | maxDets=1000 ] = 0.1443
2024-06-09 12:10:02,661 - mmdet - INFO -  Average Recall     (AR) @[ IoU=0.50:0.95 | area=   all | maxDets=100 ] = 0.1194
2024-06-09 12:10:02,661 - mmdet - INFO -  Average Recall     (AR) @[ IoU=0.50:0.95 | area=   all | maxDets=300 ] = 0.1194
2024-06-09 12:10:02,661 - mmdet - INFO -  Average Recall     (AR) @[ IoU=0.50:0.95 | area=   all | maxDets=1000 ] = 0.1194
2024-06-09 12:10:02,661 - mmdet - INFO -  Average Recall     (AR) @[ IoU=0.50:0.95 | area= small | maxDets=1000 ] = 0.0571
2024-06-09 12:10:02,661 - mmdet - INFO -  Average Recall     (AR) @[ IoU=0.50:0.95 | area=medium | maxDets=1000 ] = 0.1173
2024-06-09 12:10:02,661 - mmdet - INFO -  Average Recall     (AR) @[ IoU=0.50:0.95 | area= large | maxDets=1000 ] = 0.1617
2024-06-09 12:10:02,675 - mmdet - INFO - Exp name: P2BNet_r50_fpn_1x_coco_ms.py
2024-06-09 12:10:02,676 - mmdet - INFO - Epoch(val) [22][180]	eval_iter_num: 90, bbox_mAP: 0.0790, bbox_mAP_50: 0.2290, bbox_mAP_75: 0.1550, bbox_mAP_s: 0.0620, bbox_mAP_m: 0.0310, bbox_mAP_l: 0.0120, bbox_mAP_copypaste: 0.079 0.229 0.155 0.062 0.031 0.012
2024-06-09 12:11:29,955 - mmdet - INFO - Epoch [23][50/180]	lr: 5.000e-07, eta: 0:07:23, time: 1.745, data_time: 0.076, memory: 17804, stage0_loss_instance_mil: 0.0058, stage0_bag_acc: 99.8182, stage0_mean_ious: 0.2773, stage0_s: 0.0000, stage0_m: 0.0205, stage0_l: 0.0976, stage0_h: 0.2961, stage1_loss_instance_mil: 0.1067, stage1_bag_acc: 99.9091, stage1_neg_loss: 0.0461, stage1_mean_ious: 0.2664, stage1_s: 0.0000, stage1_m: 0.0131, stage1_l: 0.0870, stage1_h: 0.2868, loss: 0.1586, grad_norm: 4.3149
2024-06-09 12:12:54,738 - mmdet - INFO - Epoch [23][100/180]	lr: 5.000e-07, eta: 0:06:13, time: 1.696, data_time: 0.026, memory: 17804, stage0_loss_instance_mil: 0.0043, stage0_bag_acc: 99.8462, stage0_mean_ious: 0.2690, stage0_s: 0.0020, stage0_m: 0.0101, stage0_l: 0.1250, stage0_h: 0.2845, stage1_loss_instance_mil: 0.1017, stage1_bag_acc: 99.8462, stage1_neg_loss: 0.0474, stage1_mean_ious: 0.2600, stage1_s: 0.0021, stage1_m: 0.0088, stage1_l: 0.1181, stage1_h: 0.2757, loss: 0.1534, grad_norm: 4.5063
2024-06-09 12:14:19,174 - mmdet - INFO - Epoch [23][150/180]	lr: 5.000e-07, eta: 0:05:01, time: 1.689, data_time: 0.026, memory: 17804, stage0_loss_instance_mil: 0.0024, stage0_bag_acc: 99.9000, stage0_mean_ious: 0.2794, stage0_s: 0.0000, stage0_m: 0.0337, stage0_l: 0.0885, stage0_h: 0.3035, stage1_loss_instance_mil: 0.1004, stage1_bag_acc: 99.9000, stage1_neg_loss: 0.0424, stage1_mean_ious: 0.2628, stage1_s: 0.0000, stage1_m: 0.0253, stage1_l: 0.0758, stage1_h: 0.2873, loss: 0.1452, grad_norm: 4.3203
2024-06-09 12:15:09,825 - mmdet - INFO - Saving checkpoint at 23 epochs
2024-06-09 12:16:40,469 - mmdet - INFO - Epoch [24][50/180]	lr: 5.000e-07, eta: 0:03:06, time: 1.775, data_time: 0.076, memory: 17804, stage0_loss_instance_mil: 0.0020, stage0_bag_acc: 99.8667, stage0_mean_ious: 0.2778, stage0_s: 0.0000, stage0_m: 0.0322, stage0_l: 0.1063, stage0_h: 0.3064, stage1_loss_instance_mil: 0.0988, stage1_bag_acc: 100.0000, stage1_neg_loss: 0.0465, stage1_mean_ious: 0.2596, stage1_s: 0.0000, stage1_m: 0.0239, stage1_l: 0.0951, stage1_h: 0.2878, loss: 0.1472, grad_norm: 4.4696
2024-06-09 12:18:04,752 - mmdet - INFO - Epoch [24][100/180]	lr: 5.000e-07, eta: 0:01:54, time: 1.686, data_time: 0.026, memory: 17804, stage0_loss_instance_mil: 0.0036, stage0_bag_acc: 99.7122, stage0_mean_ious: 0.2764, stage0_s: 0.0000, stage0_m: 0.0162, stage0_l: 0.1019, stage0_h: 0.2928, stage1_loss_instance_mil: 0.1147, stage1_bag_acc: 99.6725, stage1_neg_loss: 0.0502, stage1_mean_ious: 0.2626, stage1_s: 0.0000, stage1_m: 0.0122, stage1_l: 0.0936, stage1_h: 0.2795, loss: 0.1685, grad_norm: 5.0476
2024-06-09 12:19:30,396 - mmdet - INFO - Epoch [24][150/180]	lr: 5.000e-07, eta: 0:00:43, time: 1.713, data_time: 0.025, memory: 17804, stage0_loss_instance_mil: 0.0060, stage0_bag_acc: 99.8947, stage0_mean_ious: 0.2863, stage0_s: 0.0000, stage0_m: 0.0359, stage0_l: 0.1008, stage0_h: 0.3087, stage1_loss_instance_mil: 0.1070, stage1_bag_acc: 99.8947, stage1_neg_loss: 0.0446, stage1_mean_ious: 0.2724, stage1_s: 0.0000, stage1_m: 0.0266, stage1_l: 0.0944, stage1_h: 0.2949, loss: 0.1576, grad_norm: 4.4411
