2024-04-19 01:19:11,563 - mmdet - INFO - Environment info:
------------------------------------------------------------
sys.platform: linux
Python: 3.7.16 (default, Jan 17 2023, 22:20:44) [GCC 11.2.0]
CUDA available: True
GPU 0,1,2,3,4,5,6,7: NVIDIA GeForce RTX 3090
CUDA_HOME: /usr/local/cuda-12.0
NVCC: Build cuda_12.0.r12.0/compiler.31968024_0
GCC: gcc (Ubuntu 7.5.0-3ubuntu1~18.04) 7.5.0
PyTorch: 1.7.0
PyTorch compiling details: PyTorch built with:
  - GCC 7.3
  - C++ Version: 201402
  - Intel(R) oneAPI Math Kernel Library Version 2021.4-Product Build 20210904 for Intel(R) 64 architecture applications
  - Intel(R) MKL-DNN v1.6.0 (Git Hash 5ef631a030a6f73131c77892041042805a06064f)
  - OpenMP 201511 (a.k.a. OpenMP 4.5)
  - NNPACK is enabled
  - CPU capability usage: AVX2
  - CUDA Runtime 11.0
  - NVCC architecture flags: -gencode;arch=compute_37,code=sm_37;-gencode;arch=compute_50,code=sm_50;-gencode;arch=compute_60,code=sm_60;-gencode;arch=compute_61,code=sm_61;-gencode;arch=compute_70,code=sm_70;-gencode;arch=compute_75,code=sm_75;-gencode;arch=compute_80,code=sm_80;-gencode;arch=compute_37,code=compute_37
  - CuDNN 8.0.3
  - Magma 2.5.2
  - Build settings: BLAS=MKL, BUILD_TYPE=Release, CXX_FLAGS= -Wno-deprecated -fvisibility-inlines-hidden -DUSE_PTHREADPOOL -fopenmp -DNDEBUG -DUSE_FBGEMM -DUSE_QNNPACK -DUSE_PYTORCH_QNNPACK -DUSE_XNNPACK -DUSE_VULKAN_WRAPPER -O2 -fPIC -Wno-narrowing -Wall -Wextra -Werror=return-type -Wno-missing-field-initializers -Wno-type-limits -Wno-array-bounds -Wno-unknown-pragmas -Wno-sign-compare -Wno-unused-parameter -Wno-unused-variable -Wno-unused-function -Wno-unused-result -Wno-unused-local-typedefs -Wno-strict-overflow -Wno-strict-aliasing -Wno-error=deprecated-declarations -Wno-stringop-overflow -Wno-psabi -Wno-error=pedantic -Wno-error=redundant-decls -Wno-error=old-style-cast -fdiagnostics-color=always -faligned-new -Wno-unused-but-set-variable -Wno-maybe-uninitialized -fno-math-errno -fno-trapping-math -Werror=format -Wno-stringop-overflow, PERF_WITH_AVX=1, PERF_WITH_AVX2=1, PERF_WITH_AVX512=1, USE_CUDA=ON, USE_EXCEPTION_PTR=1, USE_GFLAGS=OFF, USE_GLOG=OFF, USE_MKL=ON, USE_MKLDNN=ON, USE_MPI=OFF, USE_NCCL=ON, USE_NNPACK=ON, USE_OPENMP=ON, 

TorchVision: 0.8.0
OpenCV: 4.8.1
MMCV: 1.3.3
MMCV Compiler: GCC 7.3
MMCV CUDA Compiler: 11.0
MMDetection: 2.13.0+c820f32
------------------------------------------------------------

2024-04-19 01:19:13,609 - mmdet - INFO - Distributed training: False
2024-04-19 01:19:15,655 - mmdet - INFO - Config:
checkpoint_config = dict(interval=1)
log_config = dict(interval=50, hooks=[dict(type='TextLoggerHook')])
custom_hooks = [dict(type='NumClassCheckHook')]
dist_params = dict(backend='nccl')
log_level = 'INFO'
load_from = '../TOV_mmdetection_cache/work_dir/coco/pre_trained/P2B.pth'
resume_from = None
workflow = [('train', 1)]
norm_cfg = dict(type='GN', num_groups=32, requires_grad=True)
debug = False
num_stages = 2
model = dict(
    type='P2BNet',
    pretrained='torchvision://resnet50',
    backbone=dict(
        type='ResNet',
        depth=50,
        num_stages=4,
        out_indices=(0, 1, 2, 3),
        frozen_stages=1,
        norm_cfg=dict(type='BN', requires_grad=True),
        norm_eval=True,
        style='pytorch'),
    neck=dict(
        type='FPN',
        in_channels=[256, 512, 1024, 2048],
        out_channels=256,
        start_level=0,
        add_extra_convs='on_input',
        num_outs=4,
        norm_cfg=dict(type='GN', num_groups=32, requires_grad=True)),
    roi_head=dict(
        type='P2BHead',
        num_stages=2,
        top_k=7,
        with_atten=False,
        bbox_roi_extractor=dict(
            type='SingleRoIExtractor',
            roi_layer=dict(type='RoIAlign', output_size=7),
            out_channels=256,
            featmap_strides=[4, 8, 16, 32]),
        bbox_head=dict(
            type='Shared2FCInstanceMILHead',
            num_stages=2,
            with_loss_pseudo=False,
            in_channels=256,
            fc_out_channels=1024,
            roi_feat_size=7,
            num_classes=6,
            num_ref_fcs=0,
            bbox_coder=dict(
                type='DeltaXYWHBBoxCoder',
                target_means=[0.0, 0.0, 0.0, 0.0],
                target_stds=[0.1, 0.1, 0.2, 0.2]),
            reg_class_agnostic=True,
            loss_type='MIL',
            loss_mil1=dict(
                type='MILLoss',
                binary_ins=False,
                loss_weight=0.25,
                loss_type='binary_cross_entropy'),
            loss_mil2=dict(
                type='MILLoss',
                binary_ins=False,
                loss_weight=0.25,
                loss_type='gfocal_loss'))),
    train_cfg=dict(
        base_proposal=dict(
            base_scales=[4, 8, 16, 32, 64, 128],
            base_ratios=[
                0.3333333333333333, 0.5, 0.6666666666666666, 1.0, 1.5, 2.0, 3.0
            ],
            shake_ratio=None,
            cut_mode='symmetry',
            gen_num_neg=0),
        fine_proposal=dict(
            gen_proposal_mode='fix_gen',
            cut_mode=None,
            shake_ratio=[0.1],
            base_ratios=[1, 1.2, 1.3, 0.8, 0.7],
            iou_thr=0.3,
            gen_num_neg=3500),
        rcnn=None),
    test_cfg=dict(rpn=None, rcnn=None))
dataset_type = 'CocoFmtDataset'
data_root = 'data/coco/'
img_norm_cfg = dict(
    mean=[123.675, 116.28, 103.53], std=[58.395, 57.12, 57.375], to_rgb=True)
train_pipeline = [
    dict(type='LoadImageFromFile'),
    dict(type='LoadAnnotations', with_bbox=True),
    dict(
        type='Resize',
        img_scale=[(2000, 480), (2000, 576), (2000, 688), (2000, 864),
                   (2000, 1000), (2000, 1200)],
        multiscale_mode='value',
        keep_ratio=True),
    dict(type='RandomFlip', flip_ratio=0.5),
    dict(
        type='Normalize',
        mean=[123.675, 116.28, 103.53],
        std=[58.395, 57.12, 57.375],
        to_rgb=True),
    dict(type='Pad', size_divisor=32),
    dict(type='DefaultFormatBundle'),
    dict(
        type='Collect',
        keys=[
            'img', 'gt_bboxes', 'gt_labels', 'gt_bboxes_ignore',
            'gt_true_bboxes'
        ])
]
test_scale = 1200
test_pipeline = [
    dict(type='LoadImageFromFile'),
    dict(type='LoadAnnotations', with_bbox=True),
    dict(
        type='MultiScaleFlipAug',
        img_scale=(2000, 1200),
        flip=False,
        transforms=[
            dict(type='Resize', keep_ratio=True),
            dict(type='RandomFlip'),
            dict(
                type='Normalize',
                mean=[123.675, 116.28, 103.53],
                std=[58.395, 57.12, 57.375],
                to_rgb=True),
            dict(type='Pad', size_divisor=32),
            dict(type='DefaultFormatBundle'),
            dict(
                type='Collect',
                keys=[
                    'img', 'gt_bboxes', 'gt_labels', 'gt_bboxes_ignore',
                    'gt_anns_id', 'gt_true_bboxes'
                ])
        ])
]
data = dict(
    samples_per_gpu=8,
    workers_per_gpu=1,
    shuffle=None,
    train=dict(
        type='CocoFmtDataset',
        ann_file='data/coco/annotations_qc_pt/instances_train2017_coarse.json',
        img_prefix='data/coco/images/train/',
        pipeline=[
            dict(type='LoadImageFromFile'),
            dict(type='LoadAnnotations', with_bbox=True),
            dict(
                type='Resize',
                img_scale=[(2000, 480), (2000, 576), (2000, 688), (2000, 864),
                           (2000, 1000), (2000, 1200)],
                multiscale_mode='value',
                keep_ratio=True),
            dict(type='RandomFlip', flip_ratio=0.5),
            dict(
                type='Normalize',
                mean=[123.675, 116.28, 103.53],
                std=[58.395, 57.12, 57.375],
                to_rgb=True),
            dict(type='Pad', size_divisor=32),
            dict(type='DefaultFormatBundle'),
            dict(
                type='Collect',
                keys=[
                    'img', 'gt_bboxes', 'gt_labels', 'gt_bboxes_ignore',
                    'gt_true_bboxes'
                ])
        ]),
    val=dict(
        samples_per_gpu=16,
        type='CocoFmtDataset',
        ann_file=
        '/home/lxz/P2BNet/TOV_mmdetection/data/coco/annotations/instances_train.json',
        img_prefix='data/coco/images/train',
        pipeline=[
            dict(type='LoadImageFromFile'),
            dict(type='LoadAnnotations', with_bbox=True),
            dict(
                type='MultiScaleFlipAug',
                img_scale=(2000, 1200),
                flip=False,
                transforms=[
                    dict(type='Resize', keep_ratio=True),
                    dict(type='RandomFlip'),
                    dict(
                        type='Normalize',
                        mean=[123.675, 116.28, 103.53],
                        std=[58.395, 57.12, 57.375],
                        to_rgb=True),
                    dict(type='Pad', size_divisor=32),
                    dict(type='DefaultFormatBundle'),
                    dict(
                        type='Collect',
                        keys=[
                            'img', 'gt_bboxes', 'gt_labels',
                            'gt_bboxes_ignore', 'gt_anns_id', 'gt_true_bboxes'
                        ])
                ])
        ],
        test_mode=False),
    test=dict(
        samples_per_gpu=16,
        type='CocoFmtDataset',
        ann_file=
        '/home/lxz/P2BNet/TOV_mmdetection/data/coco/annotations/instances_train.json',
        img_prefix='data/coco/images/train/',
        pipeline=[
            dict(type='LoadImageFromFile'),
            dict(type='LoadAnnotations', with_bbox=True),
            dict(
                type='MultiScaleFlipAug',
                img_scale=(2000, 1200),
                flip=False,
                transforms=[
                    dict(type='Resize', keep_ratio=True),
                    dict(type='RandomFlip'),
                    dict(
                        type='Normalize',
                        mean=[123.675, 116.28, 103.53],
                        std=[58.395, 57.12, 57.375],
                        to_rgb=True),
                    dict(type='Pad', size_divisor=32),
                    dict(type='DefaultFormatBundle'),
                    dict(
                        type='Collect',
                        keys=[
                            'img', 'gt_bboxes', 'gt_labels',
                            'gt_bboxes_ignore', 'gt_anns_id', 'gt_true_bboxes'
                        ])
                ])
        ],
        test_mode=False))
check = dict(stop_while_nan=False)
optimizer = dict(
    type='AdamW',
    lr=0.005,
    betas=(0.9, 0.999),
    weight_decay=0.05,
    paramwise_cfg=dict(
        custom_keys=dict(
            absolute_pos_embed=dict(decay_mult=0.0),
            relative_position_bias_table=dict(decay_mult=0.0),
            norm=dict(decay_mult=0.0))))
optimizer_config = dict(grad_clip=dict(max_norm=35, norm_type=2))
lr_config = dict(
    policy='step',
    warmup='linear',
    warmup_iters=500,
    warmup_ratio=0.001,
    step=[8, 11])
runner = dict(type='EpochBasedRunner', max_epochs=12)
work_dir = '../TOV_mmdetection_cache/work_dir/coco/'
evaluation = dict(
    interval=6,
    metric='bbox',
    save_result_file=
    '../TOV_mmdetection_cache/work_dir/coco/_1200_latest_result.json',
    do_first_eval=False,
    do_final_eval=True)
gpu_ids = [3]

2024-04-19 01:19:21,633 - mmdet - INFO - load checkpoint from ../TOV_mmdetection_cache/work_dir/coco/pre_trained/P2B.pth
2024-04-19 01:19:21,634 - mmdet - INFO - Use load_from_local loader
2024-04-19 01:19:22,022 - mmdet - WARNING - The model and loaded state dict do not match exactly

size mismatch for roi_head.bbox_head.fc_cls.0.weight: copying a param with shape torch.Size([81, 1024]) from checkpoint, the shape in current model is torch.Size([7, 1024]).
size mismatch for roi_head.bbox_head.fc_cls.0.bias: copying a param with shape torch.Size([81]) from checkpoint, the shape in current model is torch.Size([7]).
size mismatch for roi_head.bbox_head.fc_cls.1.weight: copying a param with shape torch.Size([80, 1024]) from checkpoint, the shape in current model is torch.Size([6, 1024]).
size mismatch for roi_head.bbox_head.fc_cls.1.bias: copying a param with shape torch.Size([80]) from checkpoint, the shape in current model is torch.Size([6]).
size mismatch for roi_head.bbox_head.fc_ins.0.weight: copying a param with shape torch.Size([81, 1024]) from checkpoint, the shape in current model is torch.Size([7, 1024]).
size mismatch for roi_head.bbox_head.fc_ins.0.bias: copying a param with shape torch.Size([81]) from checkpoint, the shape in current model is torch.Size([7]).
size mismatch for roi_head.bbox_head.fc_ins.1.weight: copying a param with shape torch.Size([80, 1024]) from checkpoint, the shape in current model is torch.Size([6, 1024]).
size mismatch for roi_head.bbox_head.fc_ins.1.bias: copying a param with shape torch.Size([80]) from checkpoint, the shape in current model is torch.Size([6]).
2024-04-19 01:19:22,043 - mmdet - INFO - Start running, host: lxz@user-SYS-4029GP-TRT2, work_dir: /home/lxz/P2BNet/TOV_mmdetection_cache/work_dir/coco
2024-04-19 01:19:22,043 - mmdet - INFO - workflow: [('train', 1)], max: 12 epochs
2024-04-19 01:20:48,293 - mmdet - INFO - Epoch [1][50/180]	lr: 4.945e-04, eta: 1:00:39, time: 1.725, data_time: 0.092, memory: 17732, stage0_loss_instance_mil: 0.4858, stage0_bag_acc: 54.0205, stage0_mean_ious: 0.3200, stage0_s: 0.0000, stage0_m: 0.0287, stage0_l: 0.1972, stage0_h: 0.3332, stage1_loss_instance_mil: 0.2911, stage1_bag_acc: 48.5745, stage1_neg_loss: 0.0496, stage1_mean_ious: 0.3085, stage1_s: 0.0000, stage1_m: 0.0253, stage1_l: 0.1802, stage1_h: 0.3231, loss: 0.8265, grad_norm: 9.8237
2024-04-19 01:22:12,482 - mmdet - INFO - Epoch [1][100/180]	lr: 9.940e-04, eta: 0:58:30, time: 1.684, data_time: 0.043, memory: 17732, stage0_loss_instance_mil: 0.4143, stage0_bag_acc: 64.4160, stage0_mean_ious: 0.2081, stage0_s: 0.0000, stage0_m: 0.0294, stage0_l: 0.1482, stage0_h: 0.2111, stage1_loss_instance_mil: 0.3609, stage1_bag_acc: 57.3450, stage1_neg_loss: 0.0668, stage1_mean_ious: 0.1879, stage1_s: 0.0000, stage1_m: 0.0188, stage1_l: 0.1292, stage1_h: 0.1927, loss: 0.8420, grad_norm: 12.3174
2024-04-19 01:23:34,441 - mmdet - INFO - Epoch [1][150/180]	lr: 1.494e-03, eta: 0:56:21, time: 1.639, data_time: 0.042, memory: 17747, stage0_loss_instance_mil: 0.4860, stage0_bag_acc: 51.9374, stage0_mean_ious: 0.1855, stage0_s: 0.0000, stage0_m: 0.0608, stage0_l: 0.1344, stage0_h: 0.1887, stage1_loss_instance_mil: 0.2655, stage1_bag_acc: 48.9011, stage1_neg_loss: 0.1561, stage1_mean_ious: 0.1719, stage1_s: 0.0000, stage1_m: 0.0437, stage1_l: 0.1152, stage1_h: 0.1780, loss: 0.9077, grad_norm: 19.0899
2024-04-19 01:24:25,309 - mmdet - INFO - Saving checkpoint at 1 epochs
2024-04-19 01:25:54,768 - mmdet - INFO - Epoch [2][50/180]	lr: 2.293e-03, eta: 0:47:23, time: 1.730, data_time: 0.093, memory: 17766, stage0_loss_instance_mil: 0.6467, stage0_bag_acc: 30.1235, stage0_mean_ious: 0.2050, stage0_s: 0.0000, stage0_m: 0.0422, stage0_l: 0.2149, stage0_h: 0.1981, stage1_loss_instance_mil: 0.2065, stage1_bag_acc: 29.9578, stage1_neg_loss: 0.0113, stage1_mean_ious: 0.2018, stage1_s: 0.0000, stage1_m: 0.0368, stage1_l: 0.2288, stage1_h: 0.1934, loss: 0.8646, grad_norm: 1.7857
2024-04-19 01:27:17,397 - mmdet - INFO - Epoch [2][100/180]	lr: 2.792e-03, eta: 0:47:10, time: 1.653, data_time: 0.043, memory: 17766, stage0_loss_instance_mil: 19.2941, stage0_bag_acc: 20.1977, stage0_mean_ious: 0.1257, stage0_s: 0.0000, stage0_m: 0.0054, stage0_l: 0.1344, stage0_h: 0.1263, stage1_loss_instance_mil: 2.3280, stage1_bag_acc: 21.5602, stage1_neg_loss: 4102.4272, stage1_mean_ious: 0.1216, stage1_s: 0.0000, stage1_m: 0.0067, stage1_l: 0.1359, stage1_h: 0.1212, loss: 4124.0494, grad_norm: 3.3377
2024-04-19 01:28:37,259 - mmdet - INFO - Epoch [2][150/180]	lr: 3.292e-03, eta: 0:46:20, time: 1.597, data_time: 0.045, memory: 17796, stage0_loss_instance_mil: 41.0527, stage0_bag_acc: 17.8945, stage0_mean_ious: 0.0090, stage0_s: 0.0000, stage0_m: 0.0000, stage0_l: 0.0000, stage0_h: 0.0100, stage1_loss_instance_mil: 5.8528, stage1_bag_acc: 17.8945, stage1_neg_loss: 10427.4719, stage1_mean_ious: 0.0107, stage1_s: 0.0000, stage1_m: 0.0000, stage1_l: 0.0000, stage1_h: 0.0118, loss: 10474.3774, grad_norm: 0.0002
2024-04-19 01:29:27,082 - mmdet - INFO - Saving checkpoint at 2 epochs
2024-04-19 01:30:52,259 - mmdet - INFO - Epoch [3][50/180]	lr: 4.091e-03, eta: 0:41:35, time: 1.666, data_time: 0.095, memory: 17796, stage0_loss_instance_mil: 41.0419, stage0_bag_acc: 17.9162, stage0_mean_ious: 0.0100, stage0_s: 0.0000, stage0_m: 0.0000, stage0_l: 0.0000, stage0_h: 0.0112, stage1_loss_instance_mil: 5.4404, stage1_bag_acc: 17.9162, stage1_neg_loss: 10537.4125, stage1_mean_ious: 0.0116, stage1_s: 0.0000, stage1_m: 0.0000, stage1_l: 0.0000, stage1_h: 0.0131, loss: 10583.8947, grad_norm: 0.0002
2024-04-19 01:32:13,325 - mmdet - INFO - Epoch [3][100/180]	lr: 4.590e-03, eta: 0:41:00, time: 1.621, data_time: 0.043, memory: 17796, stage0_loss_instance_mil: 41.4905, stage0_bag_acc: 17.0190, stage0_mean_ious: 0.0269, stage0_s: 0.0000, stage0_m: 0.0000, stage0_l: 0.0022, stage0_h: 0.0296, stage1_loss_instance_mil: 5.6500, stage1_bag_acc: 17.0190, stage1_neg_loss: 9686.1387, stage1_mean_ious: 0.0250, stage1_s: 0.0000, stage1_m: 0.0000, stage1_l: 0.0016, stage1_h: 0.0276, loss: 9733.2791, grad_norm: 0.0001
2024-04-19 01:33:35,133 - mmdet - INFO - Epoch [3][150/180]	lr: 5.000e-03, eta: 0:40:18, time: 1.636, data_time: 0.045, memory: 17796, stage0_loss_instance_mil: 41.2356, stage0_bag_acc: 17.5289, stage0_mean_ious: 0.0329, stage0_s: 0.0000, stage0_m: 0.0000, stage0_l: 0.0000, stage0_h: 0.0366, stage1_loss_instance_mil: 6.8599, stage1_bag_acc: 12.0432, stage1_neg_loss: 9163.8344, stage1_mean_ious: 0.0294, stage1_s: 0.0000, stage1_m: 0.0000, stage1_l: 0.0000, stage1_h: 0.0328, loss: 9211.9298, grad_norm: 0.0001
2024-04-19 01:34:25,893 - mmdet - INFO - Saving checkpoint at 3 epochs
2024-04-19 01:35:53,933 - mmdet - INFO - Epoch [4][50/180]	lr: 5.000e-03, eta: 0:36:56, time: 1.705, data_time: 0.094, memory: 17796, stage0_loss_instance_mil: 39.9905, stage0_bag_acc: 14.6825, stage0_mean_ious: 0.0560, stage0_s: 0.0000, stage0_m: 0.0000, stage0_l: 0.0283, stage0_h: 0.0577, stage1_loss_instance_mil: 0.8555, stage1_bag_acc: 29.8194, stage1_neg_loss: 2676.7779, stage1_mean_ious: 0.0444, stage1_s: 0.0000, stage1_m: 0.0000, stage1_l: 0.0254, stage1_h: 0.0451, loss: 2717.6239, grad_norm: 0.0004
