2024-10-09 00:47:31,927 - mmdet - INFO - Environment info:
------------------------------------------------------------
sys.platform: linux
Python: 3.7.16 (default, Jan 17 2023, 22:20:44) [GCC 11.2.0]
CUDA available: True
GPU 0,1,2,3,4,5,6,7: NVIDIA GeForce RTX 3090
CUDA_HOME: /usr/local/cuda-12.0
NVCC: Build cuda_12.0.r12.0/compiler.31968024_0
GCC: gcc (Ubuntu 11.4.0-2ubuntu1~18.04) 11.4.0
PyTorch: 1.7.0
PyTorch compiling details: PyTorch built with:
  - GCC 7.3
  - C++ Version: 201402
  - Intel(R) oneAPI Math Kernel Library Version 2021.4-Product Build 20210904 for Intel(R) 64 architecture applications
  - Intel(R) MKL-DNN v1.6.0 (Git Hash 5ef631a030a6f73131c77892041042805a06064f)
  - OpenMP 201511 (a.k.a. OpenMP 4.5)
  - NNPACK is enabled
  - CPU capability usage: AVX2
  - CUDA Runtime 11.0
  - NVCC architecture flags: -gencode;arch=compute_37,code=sm_37;-gencode;arch=compute_50,code=sm_50;-gencode;arch=compute_60,code=sm_60;-gencode;arch=compute_61,code=sm_61;-gencode;arch=compute_70,code=sm_70;-gencode;arch=compute_75,code=sm_75;-gencode;arch=compute_80,code=sm_80;-gencode;arch=compute_37,code=compute_37
  - CuDNN 8.0.3
  - Magma 2.5.2
  - Build settings: BLAS=MKL, BUILD_TYPE=Release, CXX_FLAGS= -Wno-deprecated -fvisibility-inlines-hidden -DUSE_PTHREADPOOL -fopenmp -DNDEBUG -DUSE_FBGEMM -DUSE_QNNPACK -DUSE_PYTORCH_QNNPACK -DUSE_XNNPACK -DUSE_VULKAN_WRAPPER -O2 -fPIC -Wno-narrowing -Wall -Wextra -Werror=return-type -Wno-missing-field-initializers -Wno-type-limits -Wno-array-bounds -Wno-unknown-pragmas -Wno-sign-compare -Wno-unused-parameter -Wno-unused-variable -Wno-unused-function -Wno-unused-result -Wno-unused-local-typedefs -Wno-strict-overflow -Wno-strict-aliasing -Wno-error=deprecated-declarations -Wno-stringop-overflow -Wno-psabi -Wno-error=pedantic -Wno-error=redundant-decls -Wno-error=old-style-cast -fdiagnostics-color=always -faligned-new -Wno-unused-but-set-variable -Wno-maybe-uninitialized -fno-math-errno -fno-trapping-math -Werror=format -Wno-stringop-overflow, PERF_WITH_AVX=1, PERF_WITH_AVX2=1, PERF_WITH_AVX512=1, USE_CUDA=ON, USE_EXCEPTION_PTR=1, USE_GFLAGS=OFF, USE_GLOG=OFF, USE_MKL=ON, USE_MKLDNN=ON, USE_MPI=OFF, USE_NCCL=ON, USE_NNPACK=ON, USE_OPENMP=ON, 

TorchVision: 0.8.0
OpenCV: 4.8.1
MMCV: 1.3.3
MMCV Compiler: GCC 7.3
MMCV CUDA Compiler: 11.0
MMDetection: 2.13.0+e1fb402
------------------------------------------------------------

2024-10-09 00:47:32,772 - mmdet - INFO - Distributed training: False
2024-10-09 00:47:33,516 - mmdet - INFO - Config:
checkpoint_config = dict(interval=1)
log_config = dict(interval=50, hooks=[dict(type='TextLoggerHook')])
custom_hooks = [dict(type='NumClassCheckHook')]
dist_params = dict(backend='nccl')
log_level = 'INFO'
load_from = '../TOV_mmdetection_cache/work_dir/coco/pre_trained/P2B.pth'
resume_from = None
workflow = [('train', 1)]
norm_cfg = dict(type='GN', num_groups=32, requires_grad=True)
debug = False
num_stages = 2
model = dict(
    type='P2BNet',
    pretrained='torchvision://resnet50',
    backbone=dict(
        type='ResNet',
        depth=50,
        num_stages=4,
        out_indices=(0, 1, 2, 3),
        frozen_stages=1,
        norm_cfg=dict(type='BN', requires_grad=True),
        norm_eval=True,
        style='pytorch'),
    neck=dict(
        type='FPN',
        in_channels=[256, 512, 1024, 2048],
        out_channels=256,
        start_level=0,
        add_extra_convs='on_input',
        num_outs=4,
        norm_cfg=dict(type='GN', num_groups=32, requires_grad=True)),
    roi_head=dict(
        type='P2BHead',
        num_stages=2,
        top_k=7,
        with_atten=False,
        bbox_roi_extractor=dict(
            type='SingleRoIExtractor',
            roi_layer=dict(type='RoIAlign', output_size=7),
            out_channels=256,
            featmap_strides=[4, 8, 16, 32]),
        bbox_head=dict(
            type='Shared2FCInstanceMILHead',
            num_stages=2,
            with_loss_pseudo=False,
            in_channels=256,
            fc_out_channels=1024,
            roi_feat_size=7,
            num_classes=6,
            num_ref_fcs=0,
            bbox_coder=dict(
                type='DeltaXYWHBBoxCoder',
                target_means=[0.0, 0.0, 0.0, 0.0],
                target_stds=[0.1, 0.1, 0.2, 0.2]),
            reg_class_agnostic=True,
            loss_type='MIL',
            loss_mil1=dict(
                type='MILLoss',
                binary_ins=False,
                loss_weight=0.25,
                loss_type='binary_cross_entropy'),
            loss_mil2=dict(
                type='MILLoss',
                binary_ins=False,
                loss_weight=0.25,
                loss_type='gfocal_loss'))),
    train_cfg=dict(
        base_proposal=dict(
            base_scales=[4, 8, 16, 32, 64, 128],
            base_ratios=[
                0.3333333333333333, 0.5, 0.6666666666666666, 1.0, 1.5, 2.0, 3.0
            ],
            shake_ratio=None,
            cut_mode='symmetry',
            gen_num_neg=0),
        fine_proposal=dict(
            gen_proposal_mode='fix_gen',
            cut_mode=None,
            shake_ratio=[0.1],
            base_ratios=[1, 1.2, 1.3, 0.8, 0.7],
            iou_thr=0.3,
            gen_num_neg=500),
        rcnn=None),
    test_cfg=dict(rpn=None, rcnn=None))
dataset_type = 'CocoFmtDataset'
data_root = 'data/coco/'
img_norm_cfg = dict(
    mean=[123.675, 116.28, 103.53], std=[58.395, 57.12, 57.375], to_rgb=True)
train_pipeline = [
    dict(type='LoadImageFromFile'),
    dict(type='LoadAnnotations', with_bbox=True),
    dict(
        type='Resize',
        img_scale=[(2000, 480), (2000, 576), (2000, 688), (2000, 864),
                   (2000, 1000), (2000, 1200)],
        multiscale_mode='value',
        keep_ratio=True),
    dict(type='RandomFlip', flip_ratio=0.5),
    dict(
        type='Normalize',
        mean=[123.675, 116.28, 103.53],
        std=[58.395, 57.12, 57.375],
        to_rgb=True),
    dict(type='Pad', size_divisor=32),
    dict(type='DefaultFormatBundle'),
    dict(
        type='Collect',
        keys=[
            'img', 'gt_bboxes', 'gt_labels', 'gt_bboxes_ignore',
            'gt_true_bboxes'
        ])
]
test_scale = 1200
test_pipeline = [
    dict(type='LoadImageFromFile'),
    dict(type='LoadAnnotations', with_bbox=True),
    dict(
        type='MultiScaleFlipAug',
        img_scale=(2000, 1200),
        flip=False,
        transforms=[
            dict(type='Resize', keep_ratio=True),
            dict(type='RandomFlip'),
            dict(
                type='Normalize',
                mean=[123.675, 116.28, 103.53],
                std=[58.395, 57.12, 57.375],
                to_rgb=True),
            dict(type='Pad', size_divisor=32),
            dict(type='DefaultFormatBundle'),
            dict(
                type='Collect',
                keys=[
                    'img', 'gt_bboxes', 'gt_labels', 'gt_bboxes_ignore',
                    'gt_anns_id', 'gt_true_bboxes'
                ])
        ])
]
data = dict(
    samples_per_gpu=4,
    workers_per_gpu=1,
    shuffle=None,
    train=dict(
        type='CocoFmtDataset',
        ann_file='data/coco/annotations_qc_pt/instances_train2017_coarse.json',
        img_prefix='data/coco/images/train/',
        pipeline=[
            dict(type='LoadImageFromFile'),
            dict(type='LoadAnnotations', with_bbox=True),
            dict(
                type='Resize',
                img_scale=[(2000, 480), (2000, 576), (2000, 688), (2000, 864),
                           (2000, 1000), (2000, 1200)],
                multiscale_mode='value',
                keep_ratio=True),
            dict(type='RandomFlip', flip_ratio=0.5),
            dict(
                type='Normalize',
                mean=[123.675, 116.28, 103.53],
                std=[58.395, 57.12, 57.375],
                to_rgb=True),
            dict(type='Pad', size_divisor=32),
            dict(type='DefaultFormatBundle'),
            dict(
                type='Collect',
                keys=[
                    'img', 'gt_bboxes', 'gt_labels', 'gt_bboxes_ignore',
                    'gt_true_bboxes'
                ])
        ]),
    val=dict(
        samples_per_gpu=2,
        type='CocoFmtDataset',
        ann_file='data/coco/annotations_qc_pt/instances_train2017_coarse.json',
        img_prefix='data/coco/images/train/',
        pipeline=[
            dict(type='LoadImageFromFile'),
            dict(type='LoadAnnotations', with_bbox=True),
            dict(
                type='MultiScaleFlipAug',
                img_scale=(2000, 1200),
                flip=False,
                transforms=[
                    dict(type='Resize', keep_ratio=True),
                    dict(type='RandomFlip'),
                    dict(
                        type='Normalize',
                        mean=[123.675, 116.28, 103.53],
                        std=[58.395, 57.12, 57.375],
                        to_rgb=True),
                    dict(type='Pad', size_divisor=32),
                    dict(type='DefaultFormatBundle'),
                    dict(
                        type='Collect',
                        keys=[
                            'img', 'gt_bboxes', 'gt_labels',
                            'gt_bboxes_ignore', 'gt_anns_id', 'gt_true_bboxes'
                        ])
                ])
        ],
        test_mode=False),
    test=dict(
        type='CocoFmtDataset',
        ann_file='data/coco/annotations/instances_val2017.json',
        img_prefix='data/coco/images/val/',
        pipeline=[
            dict(type='LoadImageFromFile'),
            dict(type='LoadAnnotations', with_bbox=True),
            dict(
                type='MultiScaleFlipAug',
                img_scale=(2000, 1200),
                flip=False,
                transforms=[
                    dict(type='Resize', keep_ratio=True),
                    dict(type='RandomFlip'),
                    dict(
                        type='Normalize',
                        mean=[123.675, 116.28, 103.53],
                        std=[58.395, 57.12, 57.375],
                        to_rgb=True),
                    dict(type='Pad', size_divisor=32),
                    dict(type='DefaultFormatBundle'),
                    dict(
                        type='Collect',
                        keys=[
                            'img', 'gt_bboxes', 'gt_labels',
                            'gt_bboxes_ignore', 'gt_anns_id', 'gt_true_bboxes'
                        ])
                ])
        ]))
check = dict(stop_while_nan=False)
optimizer = dict(type='SGD', lr=0.1, momentum=0.9, weight_decay=0.001)
optimizer_config = dict(grad_clip=dict(max_norm=35, norm_type=2))
lr_config = dict(
    policy='step',
    warmup='linear',
    warmup_iters=500,
    warmup_ratio=0.001,
    step=[8, 11])
runner = dict(type='EpochBasedRunner', max_epochs=18)
work_dir = '../TOV_mmdetection_cache/work_dir/coco/'
evaluation = dict(
    interval=1,
    metric='bbox',
    save_result_file=
    '../TOV_mmdetection_cache/work_dir/coco/_1200_latest_result.json',
    do_first_eval=False,
    do_final_eval=True)
gpu_ids = [0]

2024-10-09 00:47:36,370 - mmdet - INFO - load checkpoint from ../TOV_mmdetection_cache/work_dir/coco/pre_trained/P2B.pth
2024-10-09 00:47:36,370 - mmdet - INFO - Use load_from_local loader
2024-10-09 00:47:36,654 - mmdet - WARNING - The model and loaded state dict do not match exactly

size mismatch for roi_head.bbox_head.fc_cls.0.weight: copying a param with shape torch.Size([81, 1024]) from checkpoint, the shape in current model is torch.Size([7, 1024]).
size mismatch for roi_head.bbox_head.fc_cls.0.bias: copying a param with shape torch.Size([81]) from checkpoint, the shape in current model is torch.Size([7]).
size mismatch for roi_head.bbox_head.fc_cls.1.weight: copying a param with shape torch.Size([80, 1024]) from checkpoint, the shape in current model is torch.Size([6, 1024]).
size mismatch for roi_head.bbox_head.fc_cls.1.bias: copying a param with shape torch.Size([80]) from checkpoint, the shape in current model is torch.Size([6]).
size mismatch for roi_head.bbox_head.fc_ins.0.weight: copying a param with shape torch.Size([81, 1024]) from checkpoint, the shape in current model is torch.Size([7, 1024]).
size mismatch for roi_head.bbox_head.fc_ins.0.bias: copying a param with shape torch.Size([81]) from checkpoint, the shape in current model is torch.Size([7]).
size mismatch for roi_head.bbox_head.fc_ins.1.weight: copying a param with shape torch.Size([80, 1024]) from checkpoint, the shape in current model is torch.Size([6, 1024]).
size mismatch for roi_head.bbox_head.fc_ins.1.bias: copying a param with shape torch.Size([80]) from checkpoint, the shape in current model is torch.Size([6]).
2024-10-09 00:47:36,660 - mmdet - INFO - Start running, host: lxz@user-SYS-4029GP-TRT2, work_dir: /home/lxz/P2BNet/TOV_mmdetection_cache/work_dir/coco
2024-10-09 00:47:36,660 - mmdet - INFO - workflow: [('train', 1)], max: 18 epochs
2024-10-09 00:48:09,869 - mmdet - INFO - Epoch [1][50/360]	lr: 9.890e-03, eta: 1:11:10, time: 0.664, data_time: 0.057, memory: 8643, stage0_loss_instance_mil: 0.6023, stage0_bag_acc: 39.7560, stage0_mean_ious: 0.4156, stage0_s: 0.0000, stage0_m: 0.0165, stage0_l: 0.1675, stage0_h: 0.4349, stage1_loss_instance_mil: 0.2689, stage1_bag_acc: 25.8867, stage1_neg_loss: 0.0400, stage1_mean_ious: 0.3933, stage1_s: 0.0000, stage1_m: 0.0188, stage1_l: 0.1665, stage1_h: 0.4086, loss: 0.9112, grad_norm: 6.8511
2024-10-09 00:48:39,375 - mmdet - INFO - Epoch [1][100/360]	lr: 1.988e-02, eta: 1:06:40, time: 0.590, data_time: 0.012, memory: 8643, stage0_loss_instance_mil: 0.6169, stage0_bag_acc: 35.3563, stage0_mean_ious: 0.3531, stage0_s: 0.0000, stage0_m: 0.0322, stage0_l: 0.1894, stage0_h: 0.3519, stage1_loss_instance_mil: 0.2159, stage1_bag_acc: 29.3670, stage1_neg_loss: 0.1142, stage1_mean_ious: 0.3400, stage1_s: 0.0000, stage1_m: 0.0298, stage1_l: 0.1993, stage1_h: 0.3358, loss: 0.9469, grad_norm: 7.1880
2024-10-09 00:49:09,467 - mmdet - INFO - Epoch [1][150/360]	lr: 2.987e-02, eta: 1:05:16, time: 0.602, data_time: 0.012, memory: 8643, stage0_loss_instance_mil: 0.6982, stage0_bag_acc: 20.2443, stage0_mean_ious: 0.3251, stage0_s: 0.0000, stage0_m: 0.0339, stage0_l: 0.1641, stage0_h: 0.3281, stage1_loss_instance_mil: 0.1603, stage1_bag_acc: 25.5104, stage1_neg_loss: 0.0116, stage1_mean_ious: 0.3118, stage1_s: 0.0000, stage1_m: 0.0245, stage1_l: 0.1551, stage1_h: 0.3168, loss: 0.8701, grad_norm: 1.3696
2024-10-09 00:49:39,068 - mmdet - INFO - Epoch [1][200/360]	lr: 3.986e-02, eta: 1:04:03, time: 0.592, data_time: 0.013, memory: 8643, stage0_loss_instance_mil: 0.6606, stage0_bag_acc: 23.7294, stage0_mean_ious: 0.1845, stage0_s: 0.0000, stage0_m: 0.0048, stage0_l: 0.1047, stage0_h: 0.1772, stage1_loss_instance_mil: 0.1641, stage1_bag_acc: 30.9245, stage1_neg_loss: 0.0175, stage1_mean_ious: 0.1790, stage1_s: 0.0000, stage1_m: 0.0059, stage1_l: 0.1069, stage1_h: 0.1710, loss: 0.8422, grad_norm: 1.4263
2024-10-09 00:50:07,434 - mmdet - INFO - Epoch [1][250/360]	lr: 4.985e-02, eta: 1:02:37, time: 0.567, data_time: 0.011, memory: 8643, stage0_loss_instance_mil: 0.6872, stage0_bag_acc: 25.3479, stage0_mean_ious: 0.2988, stage0_s: 0.0000, stage0_m: 0.0237, stage0_l: 0.1690, stage0_h: 0.2977, stage1_loss_instance_mil: 0.1756, stage1_bag_acc: 23.6441, stage1_neg_loss: 0.0082, stage1_mean_ious: 0.2790, stage1_s: 0.0000, stage1_m: 0.0217, stage1_l: 0.1688, stage1_h: 0.2765, loss: 0.8710, grad_norm: 1.1170
2024-10-09 00:50:37,647 - mmdet - INFO - Epoch [1][300/360]	lr: 5.984e-02, eta: 1:02:08, time: 0.604, data_time: 0.012, memory: 8655, stage0_loss_instance_mil: 0.6793, stage0_bag_acc: 23.0065, stage0_mean_ious: 0.3062, stage0_s: 0.0000, stage0_m: 0.0376, stage0_l: 0.1608, stage0_h: 0.3073, stage1_loss_instance_mil: 0.1438, stage1_bag_acc: 32.2906, stage1_neg_loss: 0.0097, stage1_mean_ious: 0.3010, stage1_s: 0.0000, stage1_m: 0.0406, stage1_l: 0.1459, stage1_h: 0.3038, loss: 0.8327, grad_norm: 0.5933
2024-10-09 00:51:06,932 - mmdet - INFO - Epoch [1][350/360]	lr: 6.983e-02, eta: 1:01:22, time: 0.586, data_time: 0.012, memory: 8655, stage0_loss_instance_mil: 0.6780, stage0_bag_acc: 19.0150, stage0_mean_ious: 0.3199, stage0_s: 0.0000, stage0_m: 0.0327, stage0_l: 0.1637, stage0_h: 0.3251, stage1_loss_instance_mil: 0.1321, stage1_bag_acc: 30.5802, stage1_neg_loss: 0.0100, stage1_mean_ious: 0.2992, stage1_s: 0.0000, stage1_m: 0.0264, stage1_l: 0.1496, stage1_h: 0.3025, loss: 0.8201, grad_norm: 0.5291
2024-10-09 00:51:13,801 - mmdet - INFO - Saving checkpoint at 1 epochs
2024-10-09 00:52:53,705 - mmdet - INFO - Evaluating bbox...
2024-10-09 00:52:54,461 - mmdet - INFO -  Average Precision  (AP) @[ IoU=0.50:0.95 | area=   all | maxDets=100 ] = 0.0013
2024-10-09 00:52:54,462 - mmdet - INFO -  Average Precision  (AP) @[ IoU=0.50      | area=   all | maxDets=1000 ] = 0.0065
2024-10-09 00:52:54,462 - mmdet - INFO -  Average Precision  (AP) @[ IoU=0.60      | area=   all | maxDets=1000 ] = 0.0013
2024-10-09 00:52:54,462 - mmdet - INFO -  Average Precision  (AP) @[ IoU=0.70      | area=   all | maxDets=1000 ] = 0.0006
2024-10-09 00:52:54,462 - mmdet - INFO -  Average Precision  (AP) @[ IoU=0.75      | area=   all | maxDets=1000 ] = 0.0006
2024-10-09 00:52:54,462 - mmdet - INFO -  Average Precision  (AP) @[ IoU=0.80      | area=   all | maxDets=1000 ] = 0.0000
2024-10-09 00:52:54,462 - mmdet - INFO -  Average Precision  (AP) @[ IoU=0.90      | area=   all | maxDets=1000 ] = 0.0000
2024-10-09 00:52:54,462 - mmdet - INFO -  Average Precision  (AP) @[ IoU=0.50:0.95 | area= small | maxDets=1000 ] = 0.0257
2024-10-09 00:52:54,462 - mmdet - INFO -  Average Precision  (AP) @[ IoU=0.50:0.95 | area=medium | maxDets=1000 ] = 0.0046
2024-10-09 00:52:54,462 - mmdet - INFO -  Average Precision  (AP) @[ IoU=0.50:0.95 | area= large | maxDets=1000 ] = 0.0000
2024-10-09 00:52:54,463 - mmdet - INFO -  Average Recall     (AR) @[ IoU=0.50:0.95 | area=   all | maxDets=100 ] = 0.0060
2024-10-09 00:52:54,463 - mmdet - INFO -  Average Recall     (AR) @[ IoU=0.50      | area=   all | maxDets=100 ] = 0.0224
2024-10-09 00:52:54,463 - mmdet - INFO -  Average Recall     (AR) @[ IoU=0.50:0.95 | area=   all | maxDets=300 ] = 0.0060
2024-10-09 00:52:54,463 - mmdet - INFO -  Average Recall     (AR) @[ IoU=0.50:0.95 | area=   all | maxDets=1000 ] = 0.0060
2024-10-09 00:52:54,463 - mmdet - INFO -  Average Recall     (AR) @[ IoU=0.50:0.95 | area= small | maxDets=1000 ] = 0.0885
2024-10-09 00:52:54,463 - mmdet - INFO -  Average Recall     (AR) @[ IoU=0.50:0.95 | area=medium | maxDets=1000 ] = 0.0052
2024-10-09 00:52:54,463 - mmdet - INFO -  Average Recall     (AR) @[ IoU=0.50:0.95 | area= large | maxDets=1000 ] = 0.0000
2024-10-09 00:52:54,472 - mmdet - INFO - Exp name: P2BNet_r50_fpn_1x_coco_ms.py
2024-10-09 00:52:54,473 - mmdet - INFO - Epoch(val) [1][360]	eval_iter_num: 720, bbox_mAP: 0.0010, bbox_mAP_50: 0.0060, bbox_mAP_75: 0.0010, bbox_mAP_s: 0.0010, bbox_mAP_m: 0.0010, bbox_mAP_l: 0.0000, bbox_mAP_copypaste: 0.001 0.006 0.001 0.001 0.001 0.000
2024-10-09 00:53:24,637 - mmdet - INFO - Epoch [2][50/360]	lr: 8.182e-02, eta: 0:59:19, time: 0.603, data_time: 0.055, memory: 8655, stage0_loss_instance_mil: 0.6645, stage0_bag_acc: 31.1868, stage0_mean_ious: 0.3094, stage0_s: 0.0000, stage0_m: 0.0221, stage0_l: 0.1974, stage0_h: 0.3067, stage1_loss_instance_mil: 0.1376, stage1_bag_acc: 36.1555, stage1_neg_loss: 0.0167, stage1_mean_ious: 0.2837, stage1_s: 0.0000, stage1_m: 0.0220, stage1_l: 0.1892, stage1_h: 0.2784, loss: 0.8188, grad_norm: 0.8584
2024-10-09 00:53:54,986 - mmdet - INFO - Epoch [2][100/360]	lr: 9.181e-02, eta: 0:59:03, time: 0.607, data_time: 0.012, memory: 8655, stage0_loss_instance_mil: 0.6866, stage0_bag_acc: 17.0522, stage0_mean_ious: 0.3019, stage0_s: 0.0000, stage0_m: 0.0112, stage0_l: 0.1857, stage0_h: 0.3102, stage1_loss_instance_mil: 0.1171, stage1_bag_acc: 27.3242, stage1_neg_loss: 0.0124, stage1_mean_ious: 0.2894, stage1_s: 0.0000, stage1_m: 0.0102, stage1_l: 0.1766, stage1_h: 0.3004, loss: 0.8161, grad_norm: 0.4205
2024-10-09 00:54:24,917 - mmdet - INFO - Epoch [2][150/360]	lr: 1.000e-01, eta: 0:58:39, time: 0.599, data_time: 0.013, memory: 8655, stage0_loss_instance_mil: 0.6871, stage0_bag_acc: 14.5975, stage0_mean_ious: 0.3572, stage0_s: 0.0000, stage0_m: 0.0084, stage0_l: 0.1572, stage0_h: 0.3596, stage1_loss_instance_mil: 0.1116, stage1_bag_acc: 29.1704, stage1_neg_loss: 0.0132, stage1_mean_ious: 0.3485, stage1_s: 0.0000, stage1_m: 0.0076, stage1_l: 0.1502, stage1_h: 0.3528, loss: 0.8120, grad_norm: 0.3206
2024-10-09 00:54:55,921 - mmdet - INFO - Epoch [2][200/360]	lr: 1.000e-01, eta: 0:58:26, time: 0.620, data_time: 0.013, memory: 8655, stage0_loss_instance_mil: 0.6874, stage0_bag_acc: 18.4297, stage0_mean_ious: 0.2922, stage0_s: 0.0000, stage0_m: 0.0454, stage0_l: 0.1644, stage0_h: 0.2914, stage1_loss_instance_mil: 0.1081, stage1_bag_acc: 25.2412, stage1_neg_loss: 0.0168, stage1_mean_ious: 0.2779, stage1_s: 0.0000, stage1_m: 0.0383, stage1_l: 0.1571, stage1_h: 0.2780, loss: 0.8123, grad_norm: 0.3105
2024-10-09 00:55:25,391 - mmdet - INFO - Epoch [2][250/360]	lr: 1.000e-01, eta: 0:57:55, time: 0.589, data_time: 0.013, memory: 8655, stage0_loss_instance_mil: 0.6530, stage0_bag_acc: 28.9178, stage0_mean_ious: 0.2720, stage0_s: 0.0000, stage0_m: 0.0252, stage0_l: 0.1491, stage0_h: 0.2679, stage1_loss_instance_mil: 0.1264, stage1_bag_acc: 39.4060, stage1_neg_loss: 0.0244, stage1_mean_ious: 0.2544, stage1_s: 0.0000, stage1_m: 0.0230, stage1_l: 0.1293, stage1_h: 0.2529, loss: 0.8037, grad_norm: 0.5196
2024-10-09 00:55:55,535 - mmdet - INFO - Epoch [2][300/360]	lr: 1.000e-01, eta: 0:57:30, time: 0.603, data_time: 0.013, memory: 8655, stage0_loss_instance_mil: 0.6780, stage0_bag_acc: 26.7547, stage0_mean_ious: 0.1650, stage0_s: 0.0000, stage0_m: 0.0274, stage0_l: 0.2154, stage0_h: 0.1390, stage1_loss_instance_mil: 0.1092, stage1_bag_acc: 24.4001, stage1_neg_loss: 0.0195, stage1_mean_ious: 0.1517, stage1_s: 0.0000, stage1_m: 0.0260, stage1_l: 0.2006, stage1_h: 0.1272, loss: 0.8067, grad_norm: 0.6084
2024-10-09 00:56:27,010 - mmdet - INFO - Epoch [2][350/360]	lr: 1.000e-01, eta: 0:57:15, time: 0.629, data_time: 0.013, memory: 8655, stage0_loss_instance_mil: 0.6788, stage0_bag_acc: 14.7970, stage0_mean_ious: 0.1349, stage0_s: 0.0167, stage0_m: 0.0195, stage0_l: 0.1442, stage0_h: 0.1170, stage1_loss_instance_mil: 0.0975, stage1_bag_acc: 20.4692, stage1_neg_loss: 0.0165, stage1_mean_ious: 0.1262, stage1_s: 0.0098, stage1_m: 0.0236, stage1_l: 0.1341, stage1_h: 0.1100, loss: 0.7928, grad_norm: 0.2093
2024-10-09 00:56:33,463 - mmdet - INFO - Saving checkpoint at 2 epochs
2024-10-09 00:58:12,725 - mmdet - INFO - Evaluating bbox...
2024-10-09 00:58:13,503 - mmdet - INFO -  Average Precision  (AP) @[ IoU=0.50:0.95 | area=   all | maxDets=100 ] = 0.0631
2024-10-09 00:58:13,503 - mmdet - INFO -  Average Precision  (AP) @[ IoU=0.50      | area=   all | maxDets=1000 ] = 0.2499
2024-10-09 00:58:13,504 - mmdet - INFO -  Average Precision  (AP) @[ IoU=0.60      | area=   all | maxDets=1000 ] = 0.1020
2024-10-09 00:58:13,504 - mmdet - INFO -  Average Precision  (AP) @[ IoU=0.70      | area=   all | maxDets=1000 ] = 0.0339
2024-10-09 00:58:13,504 - mmdet - INFO -  Average Precision  (AP) @[ IoU=0.75      | area=   all | maxDets=1000 ] = 0.0145
2024-10-09 00:58:13,504 - mmdet - INFO -  Average Precision  (AP) @[ IoU=0.80      | area=   all | maxDets=1000 ] = 0.0036
2024-10-09 00:58:13,504 - mmdet - INFO -  Average Precision  (AP) @[ IoU=0.90      | area=   all | maxDets=1000 ] = 0.0000
2024-10-09 00:58:13,504 - mmdet - INFO -  Average Precision  (AP) @[ IoU=0.50:0.95 | area= small | maxDets=1000 ] = 0.0122
2024-10-09 00:58:13,504 - mmdet - INFO -  Average Precision  (AP) @[ IoU=0.50:0.95 | area=medium | maxDets=1000 ] = 0.1728
2024-10-09 00:58:13,504 - mmdet - INFO -  Average Precision  (AP) @[ IoU=0.50:0.95 | area= large | maxDets=1000 ] = 0.1992
2024-10-09 00:58:13,504 - mmdet - INFO -  Average Recall     (AR) @[ IoU=0.50:0.95 | area=   all | maxDets=100 ] = 0.1743
2024-10-09 00:58:13,504 - mmdet - INFO -  Average Recall     (AR) @[ IoU=0.50      | area=   all | maxDets=100 ] = 0.4782
2024-10-09 00:58:13,505 - mmdet - INFO -  Average Recall     (AR) @[ IoU=0.50:0.95 | area=   all | maxDets=300 ] = 0.1743
2024-10-09 00:58:13,505 - mmdet - INFO -  Average Recall     (AR) @[ IoU=0.50:0.95 | area=   all | maxDets=1000 ] = 0.1743
2024-10-09 00:58:13,505 - mmdet - INFO -  Average Recall     (AR) @[ IoU=0.50:0.95 | area= small | maxDets=1000 ] = 0.1982
2024-10-09 00:58:13,505 - mmdet - INFO -  Average Recall     (AR) @[ IoU=0.50:0.95 | area=medium | maxDets=1000 ] = 0.1705
2024-10-09 00:58:13,505 - mmdet - INFO -  Average Recall     (AR) @[ IoU=0.50:0.95 | area= large | maxDets=1000 ] = 0.1973
2024-10-09 00:58:13,516 - mmdet - INFO - Exp name: P2BNet_r50_fpn_1x_coco_ms.py
2024-10-09 00:58:13,517 - mmdet - INFO - Epoch(val) [2][360]	eval_iter_num: 720, bbox_mAP: 0.0630, bbox_mAP_50: 0.2500, bbox_mAP_75: 0.1020, bbox_mAP_s: 0.0340, bbox_mAP_m: 0.0140, bbox_mAP_l: 0.0040, bbox_mAP_copypaste: 0.063 0.250 0.102 0.034 0.014 0.004
2024-10-09 00:58:45,705 - mmdet - INFO - Epoch [3][50/360]	lr: 1.000e-01, eta: 0:56:13, time: 0.644, data_time: 0.057, memory: 8655, stage0_loss_instance_mil: 0.6645, stage0_bag_acc: 26.8242, stage0_mean_ious: 0.1317, stage0_s: 0.0000, stage0_m: 0.0704, stage0_l: 0.2026, stage0_h: 0.0964, stage1_loss_instance_mil: 0.0951, stage1_bag_acc: 23.0966, stage1_neg_loss: 0.0193, stage1_mean_ious: 0.1194, stage1_s: 0.0000, stage1_m: 0.0623, stage1_l: 0.1961, stage1_h: 0.0859, loss: 0.7789, grad_norm: 0.3135
2024-10-09 00:59:15,938 - mmdet - INFO - Epoch [3][100/360]	lr: 1.000e-01, eta: 0:55:49, time: 0.605, data_time: 0.013, memory: 8655, stage0_loss_instance_mil: 0.6480, stage0_bag_acc: 26.9588, stage0_mean_ious: 0.1224, stage0_s: 0.0000, stage0_m: 0.0096, stage0_l: 0.1807, stage0_h: 0.1008, stage1_loss_instance_mil: 0.1032, stage1_bag_acc: 32.4317, stage1_neg_loss: 0.0262, stage1_mean_ious: 0.1083, stage1_s: 0.0000, stage1_m: 0.0092, stage1_l: 0.1562, stage1_h: 0.0895, loss: 0.7774, grad_norm: 0.6458
2024-10-09 00:59:47,064 - mmdet - INFO - Epoch [3][150/360]	lr: 1.000e-01, eta: 0:55:29, time: 0.623, data_time: 0.014, memory: 8655, stage0_loss_instance_mil: 0.6738, stage0_bag_acc: 24.7894, stage0_mean_ious: 0.1020, stage0_s: 0.0000, stage0_m: 0.0252, stage0_l: 0.1430, stage0_h: 0.0810, stage1_loss_instance_mil: 0.0923, stage1_bag_acc: 24.0617, stage1_neg_loss: 0.0221, stage1_mean_ious: 0.0940, stage1_s: 0.0000, stage1_m: 0.0233, stage1_l: 0.1402, stage1_h: 0.0725, loss: 0.7882, grad_norm: 0.4637
2024-10-09 01:00:17,813 - mmdet - INFO - Epoch [3][200/360]	lr: 1.000e-01, eta: 0:55:06, time: 0.615, data_time: 0.014, memory: 8655, stage0_loss_instance_mil: 0.6559, stage0_bag_acc: 25.7053, stage0_mean_ious: 0.1040, stage0_s: 0.0000, stage0_m: 0.0339, stage0_l: 0.1417, stage0_h: 0.0840, stage1_loss_instance_mil: 0.0953, stage1_bag_acc: 26.4624, stage1_neg_loss: 0.0221, stage1_mean_ious: 0.0961, stage1_s: 0.0000, stage1_m: 0.0291, stage1_l: 0.1277, stage1_h: 0.0788, loss: 0.7734, grad_norm: 0.3172
2024-10-09 01:00:47,680 - mmdet - INFO - Epoch [3][250/360]	lr: 1.000e-01, eta: 0:54:37, time: 0.597, data_time: 0.013, memory: 8655, stage0_loss_instance_mil: 0.6582, stage0_bag_acc: 26.4517, stage0_mean_ious: 0.1068, stage0_s: 0.0000, stage0_m: 0.0127, stage0_l: 0.1699, stage0_h: 0.0763, stage1_loss_instance_mil: 0.1054, stage1_bag_acc: 23.1506, stage1_neg_loss: 0.0193, stage1_mean_ious: 0.0973, stage1_s: 0.0000, stage1_m: 0.0133, stage1_l: 0.1592, stage1_h: 0.0685, loss: 0.7829, grad_norm: 0.6086
2024-10-09 01:01:17,960 - mmdet - INFO - Epoch [3][300/360]	lr: 1.000e-01, eta: 0:54:10, time: 0.606, data_time: 0.013, memory: 8655, stage0_loss_instance_mil: 0.6624, stage0_bag_acc: 26.7122, stage0_mean_ious: 0.1422, stage0_s: 0.0000, stage0_m: 0.0353, stage0_l: 0.2199, stage0_h: 0.1113, stage1_loss_instance_mil: 0.0905, stage1_bag_acc: 27.4163, stage1_neg_loss: 0.0253, stage1_mean_ious: 0.1283, stage1_s: 0.0000, stage1_m: 0.0336, stage1_l: 0.2072, stage1_h: 0.0985, loss: 0.7781, grad_norm: 0.3365
2024-10-09 01:01:48,852 - mmdet - INFO - Epoch [3][350/360]	lr: 1.000e-01, eta: 0:53:46, time: 0.618, data_time: 0.014, memory: 8657, stage0_loss_instance_mil: 0.6413, stage0_bag_acc: 31.7588, stage0_mean_ious: 0.2679, stage0_s: 0.0000, stage0_m: 0.0344, stage0_l: 0.1689, stage0_h: 0.2650, stage1_loss_instance_mil: 0.1031, stage1_bag_acc: 31.2604, stage1_neg_loss: 0.0273, stage1_mean_ious: 0.2366, stage1_s: 0.0000, stage1_m: 0.0314, stage1_l: 0.1734, stage1_h: 0.2286, loss: 0.7716, grad_norm: 0.8875
2024-10-09 01:01:55,361 - mmdet - INFO - Saving checkpoint at 3 epochs
2024-10-09 01:03:35,238 - mmdet - INFO - Evaluating bbox...
2024-10-09 01:03:36,009 - mmdet - INFO -  Average Precision  (AP) @[ IoU=0.50:0.95 | area=   all | maxDets=100 ] = 0.0365
2024-10-09 01:03:36,009 - mmdet - INFO -  Average Precision  (AP) @[ IoU=0.50      | area=   all | maxDets=1000 ] = 0.1524
2024-10-09 01:03:36,009 - mmdet - INFO -  Average Precision  (AP) @[ IoU=0.60      | area=   all | maxDets=1000 ] = 0.0568
2024-10-09 01:03:36,010 - mmdet - INFO -  Average Precision  (AP) @[ IoU=0.70      | area=   all | maxDets=1000 ] = 0.0175
2024-10-09 01:03:36,010 - mmdet - INFO -  Average Precision  (AP) @[ IoU=0.75      | area=   all | maxDets=1000 ] = 0.0087
2024-10-09 01:03:36,010 - mmdet - INFO -  Average Precision  (AP) @[ IoU=0.80      | area=   all | maxDets=1000 ] = 0.0021
2024-10-09 01:03:36,010 - mmdet - INFO -  Average Precision  (AP) @[ IoU=0.90      | area=   all | maxDets=1000 ] = 0.0000
2024-10-09 01:03:36,010 - mmdet - INFO -  Average Precision  (AP) @[ IoU=0.50:0.95 | area= small | maxDets=1000 ] = 0.0040
2024-10-09 01:03:36,010 - mmdet - INFO -  Average Precision  (AP) @[ IoU=0.50:0.95 | area=medium | maxDets=1000 ] = 0.1394
2024-10-09 01:03:36,010 - mmdet - INFO -  Average Precision  (AP) @[ IoU=0.50:0.95 | area= large | maxDets=1000 ] = 0.1376
2024-10-09 01:03:36,010 - mmdet - INFO -  Average Recall     (AR) @[ IoU=0.50:0.95 | area=   all | maxDets=100 ] = 0.1354
2024-10-09 01:03:36,010 - mmdet - INFO -  Average Recall     (AR) @[ IoU=0.50      | area=   all | maxDets=100 ] = 0.3841
2024-10-09 01:03:36,010 - mmdet - INFO -  Average Recall     (AR) @[ IoU=0.50:0.95 | area=   all | maxDets=300 ] = 0.1354
2024-10-09 01:03:36,010 - mmdet - INFO -  Average Recall     (AR) @[ IoU=0.50:0.95 | area=   all | maxDets=1000 ] = 0.1354
2024-10-09 01:03:36,011 - mmdet - INFO -  Average Recall     (AR) @[ IoU=0.50:0.95 | area= small | maxDets=1000 ] = 0.1084
2024-10-09 01:03:36,011 - mmdet - INFO -  Average Recall     (AR) @[ IoU=0.50:0.95 | area=medium | maxDets=1000 ] = 0.1362
2024-10-09 01:03:36,011 - mmdet - INFO -  Average Recall     (AR) @[ IoU=0.50:0.95 | area= large | maxDets=1000 ] = 0.1352
2024-10-09 01:03:36,021 - mmdet - INFO - Exp name: P2BNet_r50_fpn_1x_coco_ms.py
2024-10-09 01:03:36,021 - mmdet - INFO - Epoch(val) [3][360]	eval_iter_num: 720, bbox_mAP: 0.0370, bbox_mAP_50: 0.1520, bbox_mAP_75: 0.0570, bbox_mAP_s: 0.0170, bbox_mAP_m: 0.0090, bbox_mAP_l: 0.0020, bbox_mAP_copypaste: 0.037 0.152 0.057 0.017 0.009 0.002
2024-10-09 01:04:07,562 - mmdet - INFO - Epoch [4][50/360]	lr: 1.000e-01, eta: 0:52:50, time: 0.631, data_time: 0.058, memory: 8662, stage0_loss_instance_mil: 0.6717, stage0_bag_acc: 27.2346, stage0_mean_ious: 0.1117, stage0_s: 0.0000, stage0_m: 0.0195, stage0_l: 0.2247, stage0_h: 0.0755, stage1_loss_instance_mil: 0.0966, stage1_bag_acc: 24.3122, stage1_neg_loss: 0.0197, stage1_mean_ious: 0.1022, stage1_s: 0.0000, stage1_m: 0.0171, stage1_l: 0.2093, stage1_h: 0.0687, loss: 0.7880, grad_norm: 0.4673
2024-10-09 01:04:37,774 - mmdet - INFO - Epoch [4][100/360]	lr: 1.000e-01, eta: 0:52:23, time: 0.604, data_time: 0.013, memory: 8662, stage0_loss_instance_mil: 0.6621, stage0_bag_acc: 24.1437, stage0_mean_ious: 0.1017, stage0_s: 0.0000, stage0_m: 0.0373, stage0_l: 0.1175, stage0_h: 0.0849, stage1_loss_instance_mil: 0.0890, stage1_bag_acc: 27.1203, stage1_neg_loss: 0.0252, stage1_mean_ious: 0.0914, stage1_s: 0.0000, stage1_m: 0.0352, stage1_l: 0.1028, stage1_h: 0.0772, loss: 0.7763, grad_norm: 0.4306
2024-10-09 01:05:08,282 - mmdet - INFO - Epoch [4][150/360]	lr: 1.000e-01, eta: 0:51:57, time: 0.610, data_time: 0.012, memory: 8662, stage0_loss_instance_mil: 0.6459, stage0_bag_acc: 29.6754, stage0_mean_ious: 0.1034, stage0_s: 0.0000, stage0_m: 0.0396, stage0_l: 0.1575, stage0_h: 0.0766, stage1_loss_instance_mil: 0.0937, stage1_bag_acc: 32.2756, stage1_neg_loss: 0.0233, stage1_mean_ious: 0.0954, stage1_s: 0.0000, stage1_m: 0.0336, stage1_l: 0.1537, stage1_h: 0.0702, loss: 0.7629, grad_norm: 0.4157
2024-10-09 01:05:39,890 - mmdet - INFO - Epoch [4][200/360]	lr: 1.000e-01, eta: 0:51:35, time: 0.632, data_time: 0.013, memory: 8662, stage0_loss_instance_mil: 0.6408, stage0_bag_acc: 24.9221, stage0_mean_ious: 0.1014, stage0_s: 0.0000, stage0_m: 0.0349, stage0_l: 0.1609, stage0_h: 0.0723, stage1_loss_instance_mil: 0.0986, stage1_bag_acc: 25.6753, stage1_neg_loss: 0.0286, stage1_mean_ious: 0.0954, stage1_s: 0.0000, stage1_m: 0.0289, stage1_l: 0.1553, stage1_h: 0.0683, loss: 0.7680, grad_norm: 0.6464
2024-10-09 01:06:11,095 - mmdet - INFO - Epoch [4][250/360]	lr: 1.000e-01, eta: 0:51:11, time: 0.624, data_time: 0.014, memory: 8662, stage0_loss_instance_mil: 0.6773, stage0_bag_acc: 25.9927, stage0_mean_ious: 0.1304, stage0_s: 0.0000, stage0_m: 0.0177, stage0_l: 0.1785, stage0_h: 0.1088, stage1_loss_instance_mil: 0.1000, stage1_bag_acc: 20.6062, stage1_neg_loss: 0.0299, stage1_mean_ious: 0.1219, stage1_s: 0.0000, stage1_m: 0.0154, stage1_l: 0.1553, stage1_h: 0.1032, loss: 0.8072, grad_norm: 0.6574
2024-10-09 01:06:43,249 - mmdet - INFO - Epoch [4][300/360]	lr: 1.000e-01, eta: 0:50:50, time: 0.643, data_time: 0.014, memory: 8662, stage0_loss_instance_mil: 0.6626, stage0_bag_acc: 26.7965, stage0_mean_ious: 0.1243, stage0_s: 0.0000, stage0_m: 0.0216, stage0_l: 0.1696, stage0_h: 0.0942, stage1_loss_instance_mil: 0.1023, stage1_bag_acc: 30.8156, stage1_neg_loss: 0.0199, stage1_mean_ious: 0.1155, stage1_s: 0.0000, stage1_m: 0.0212, stage1_l: 0.1422, stage1_h: 0.0897, loss: 0.7848, grad_norm: 0.6298
2024-10-09 01:07:14,010 - mmdet - INFO - Epoch [4][350/360]	lr: 1.000e-01, eta: 0:50:23, time: 0.615, data_time: 0.013, memory: 8662, stage0_loss_instance_mil: 0.6694, stage0_bag_acc: 25.7058, stage0_mean_ious: 0.1009, stage0_s: 0.0000, stage0_m: 0.0437, stage0_l: 0.1657, stage0_h: 0.0739, stage1_loss_instance_mil: 0.0996, stage1_bag_acc: 22.9950, stage1_neg_loss: 0.0250, stage1_mean_ious: 0.0911, stage1_s: 0.0000, stage1_m: 0.0395, stage1_l: 0.1480, stage1_h: 0.0666, loss: 0.7940, grad_norm: 0.6739
2024-10-09 01:07:19,934 - mmdet - INFO - Saving checkpoint at 4 epochs
2024-10-09 01:09:00,186 - mmdet - INFO - Evaluating bbox...
2024-10-09 01:09:01,033 - mmdet - INFO -  Average Precision  (AP) @[ IoU=0.50:0.95 | area=   all | maxDets=100 ] = 0.0483
2024-10-09 01:09:01,033 - mmdet - INFO -  Average Precision  (AP) @[ IoU=0.50      | area=   all | maxDets=1000 ] = 0.1814
2024-10-09 01:09:01,034 - mmdet - INFO -  Average Precision  (AP) @[ IoU=0.60      | area=   all | maxDets=1000 ] = 0.0802
2024-10-09 01:09:01,034 - mmdet - INFO -  Average Precision  (AP) @[ IoU=0.70      | area=   all | maxDets=1000 ] = 0.0303
2024-10-09 01:09:01,034 - mmdet - INFO -  Average Precision  (AP) @[ IoU=0.75      | area=   all | maxDets=1000 ] = 0.0159
2024-10-09 01:09:01,034 - mmdet - INFO -  Average Precision  (AP) @[ IoU=0.80      | area=   all | maxDets=1000 ] = 0.0041
2024-10-09 01:09:01,034 - mmdet - INFO -  Average Precision  (AP) @[ IoU=0.90      | area=   all | maxDets=1000 ] = 0.0000
2024-10-09 01:09:01,034 - mmdet - INFO -  Average Precision  (AP) @[ IoU=0.50:0.95 | area= small | maxDets=1000 ] = 0.0021
2024-10-09 01:09:01,034 - mmdet - INFO -  Average Precision  (AP) @[ IoU=0.50:0.95 | area=medium | maxDets=1000 ] = 0.1457
2024-10-09 01:09:01,034 - mmdet - INFO -  Average Precision  (AP) @[ IoU=0.50:0.95 | area= large | maxDets=1000 ] = 0.1673
2024-10-09 01:09:01,034 - mmdet - INFO -  Average Recall     (AR) @[ IoU=0.50:0.95 | area=   all | maxDets=100 ] = 0.1434
2024-10-09 01:09:01,034 - mmdet - INFO -  Average Recall     (AR) @[ IoU=0.50      | area=   all | maxDets=100 ] = 0.3906
2024-10-09 01:09:01,035 - mmdet - INFO -  Average Recall     (AR) @[ IoU=0.50:0.95 | area=   all | maxDets=300 ] = 0.1434
2024-10-09 01:09:01,035 - mmdet - INFO -  Average Recall     (AR) @[ IoU=0.50:0.95 | area=   all | maxDets=1000 ] = 0.1434
2024-10-09 01:09:01,035 - mmdet - INFO -  Average Recall     (AR) @[ IoU=0.50:0.95 | area= small | maxDets=1000 ] = 0.0928
2024-10-09 01:09:01,035 - mmdet - INFO -  Average Recall     (AR) @[ IoU=0.50:0.95 | area=medium | maxDets=1000 ] = 0.1437
2024-10-09 01:09:01,035 - mmdet - INFO -  Average Recall     (AR) @[ IoU=0.50:0.95 | area= large | maxDets=1000 ] = 0.1651
2024-10-09 01:09:01,049 - mmdet - INFO - Exp name: P2BNet_r50_fpn_1x_coco_ms.py
2024-10-09 01:09:01,050 - mmdet - INFO - Epoch(val) [4][360]	eval_iter_num: 720, bbox_mAP: 0.0480, bbox_mAP_50: 0.1810, bbox_mAP_75: 0.0800, bbox_mAP_s: 0.0300, bbox_mAP_m: 0.0160, bbox_mAP_l: 0.0040, bbox_mAP_copypaste: 0.048 0.181 0.080 0.030 0.016 0.004
2024-10-09 01:09:33,837 - mmdet - INFO - Epoch [5][50/360]	lr: 1.000e-01, eta: 0:49:36, time: 0.655, data_time: 0.060, memory: 8662, stage0_loss_instance_mil: 0.6846, stage0_bag_acc: 17.2697, stage0_mean_ious: 0.0861, stage0_s: 0.0000, stage0_m: 0.0190, stage0_l: 0.1263, stage0_h: 0.0648, stage1_loss_instance_mil: 0.0843, stage1_bag_acc: 13.7970, stage1_neg_loss: 0.0196, stage1_mean_ious: 0.0809, stage1_s: 0.0000, stage1_m: 0.0192, stage1_l: 0.1220, stage1_h: 0.0597, loss: 0.7884, grad_norm: 0.2985
2024-10-09 01:10:05,404 - mmdet - INFO - Epoch [5][100/360]	lr: 1.000e-01, eta: 0:49:12, time: 0.631, data_time: 0.016, memory: 8662, stage0_loss_instance_mil: 0.6805, stage0_bag_acc: 20.6766, stage0_mean_ious: 0.0988, stage0_s: 0.0000, stage0_m: 0.0408, stage0_l: 0.1935, stage0_h: 0.0695, stage1_loss_instance_mil: 0.0862, stage1_bag_acc: 16.9575, stage1_neg_loss: 0.0190, stage1_mean_ious: 0.0903, stage1_s: 0.0000, stage1_m: 0.0401, stage1_l: 0.1674, stage1_h: 0.0639, loss: 0.7856, grad_norm: 0.3123
2024-10-09 01:10:35,100 - mmdet - INFO - Epoch [5][150/360]	lr: 1.000e-01, eta: 0:48:42, time: 0.594, data_time: 0.013, memory: 8662, stage0_loss_instance_mil: 0.6643, stage0_bag_acc: 22.6599, stage0_mean_ious: 0.0892, stage0_s: 0.0000, stage0_m: 0.0306, stage0_l: 0.1782, stage0_h: 0.0648, stage1_loss_instance_mil: 0.0937, stage1_bag_acc: 29.4312, stage1_neg_loss: 0.0217, stage1_mean_ious: 0.0838, stage1_s: 0.0000, stage1_m: 0.0276, stage1_l: 0.1613, stage1_h: 0.0615, loss: 0.7798, grad_norm: 0.5075
2024-10-09 01:11:04,841 - mmdet - INFO - Epoch [5][200/360]	lr: 1.000e-01, eta: 0:48:11, time: 0.595, data_time: 0.015, memory: 8662, stage0_loss_instance_mil: 0.6604, stage0_bag_acc: 25.8939, stage0_mean_ious: 0.1570, stage0_s: 0.0000, stage0_m: 0.0222, stage0_l: 0.2009, stage0_h: 0.1436, stage1_loss_instance_mil: 0.0937, stage1_bag_acc: 25.6545, stage1_neg_loss: 0.0352, stage1_mean_ious: 0.1392, stage1_s: 0.0000, stage1_m: 0.0229, stage1_l: 0.1965, stage1_h: 0.1215, loss: 0.7894, grad_norm: 0.3602
