2024-10-10 13:26:22,419 - mmdet - INFO - Environment info:
------------------------------------------------------------
sys.platform: linux
Python: 3.7.16 (default, Jan 17 2023, 22:20:44) [GCC 11.2.0]
CUDA available: True
GPU 0,1,2,3,4,5,6,7: NVIDIA GeForce RTX 3090
CUDA_HOME: /usr/local/cuda-12.0
NVCC: Build cuda_12.0.r12.0/compiler.31968024_0
GCC: gcc (Ubuntu 11.4.0-2ubuntu1~18.04) 11.4.0
PyTorch: 1.7.0
PyTorch compiling details: PyTorch built with:
  - GCC 7.3
  - C++ Version: 201402
  - Intel(R) oneAPI Math Kernel Library Version 2021.4-Product Build 20210904 for Intel(R) 64 architecture applications
  - Intel(R) MKL-DNN v1.6.0 (Git Hash 5ef631a030a6f73131c77892041042805a06064f)
  - OpenMP 201511 (a.k.a. OpenMP 4.5)
  - NNPACK is enabled
  - CPU capability usage: AVX2
  - CUDA Runtime 11.0
  - NVCC architecture flags: -gencode;arch=compute_37,code=sm_37;-gencode;arch=compute_50,code=sm_50;-gencode;arch=compute_60,code=sm_60;-gencode;arch=compute_61,code=sm_61;-gencode;arch=compute_70,code=sm_70;-gencode;arch=compute_75,code=sm_75;-gencode;arch=compute_80,code=sm_80;-gencode;arch=compute_37,code=compute_37
  - CuDNN 8.0.3
  - Magma 2.5.2
  - Build settings: BLAS=MKL, BUILD_TYPE=Release, CXX_FLAGS= -Wno-deprecated -fvisibility-inlines-hidden -DUSE_PTHREADPOOL -fopenmp -DNDEBUG -DUSE_FBGEMM -DUSE_QNNPACK -DUSE_PYTORCH_QNNPACK -DUSE_XNNPACK -DUSE_VULKAN_WRAPPER -O2 -fPIC -Wno-narrowing -Wall -Wextra -Werror=return-type -Wno-missing-field-initializers -Wno-type-limits -Wno-array-bounds -Wno-unknown-pragmas -Wno-sign-compare -Wno-unused-parameter -Wno-unused-variable -Wno-unused-function -Wno-unused-result -Wno-unused-local-typedefs -Wno-strict-overflow -Wno-strict-aliasing -Wno-error=deprecated-declarations -Wno-stringop-overflow -Wno-psabi -Wno-error=pedantic -Wno-error=redundant-decls -Wno-error=old-style-cast -fdiagnostics-color=always -faligned-new -Wno-unused-but-set-variable -Wno-maybe-uninitialized -fno-math-errno -fno-trapping-math -Werror=format -Wno-stringop-overflow, PERF_WITH_AVX=1, PERF_WITH_AVX2=1, PERF_WITH_AVX512=1, USE_CUDA=ON, USE_EXCEPTION_PTR=1, USE_GFLAGS=OFF, USE_GLOG=OFF, USE_MKL=ON, USE_MKLDNN=ON, USE_MPI=OFF, USE_NCCL=ON, USE_NNPACK=ON, USE_OPENMP=ON, 

TorchVision: 0.8.0
OpenCV: 4.8.1
MMCV: 1.3.3
MMCV Compiler: GCC 7.3
MMCV CUDA Compiler: 11.0
MMDetection: 2.13.0+15637e6
------------------------------------------------------------

2024-10-10 13:26:23,225 - mmdet - INFO - Distributed training: False
2024-10-10 13:26:24,003 - mmdet - INFO - Config:
checkpoint_config = dict(interval=1)
log_config = dict(interval=50, hooks=[dict(type='TextLoggerHook')])
custom_hooks = [dict(type='NumClassCheckHook')]
dist_params = dict(backend='nccl')
log_level = 'INFO'
load_from = '../TOV_mmdetection_cache/work_dir/coco/pre_trained/P2B.pth'
resume_from = None
workflow = [('train', 1)]
norm_cfg = dict(type='GN', num_groups=32, requires_grad=True)
debug = False
num_stages = 2
model = dict(
    type='P2BNet',
    pretrained='torchvision://resnet50',
    backbone=dict(
        type='ResNet',
        depth=50,
        num_stages=4,
        out_indices=(0, 1, 2, 3),
        frozen_stages=1,
        norm_cfg=dict(type='BN', requires_grad=True),
        norm_eval=True,
        style='pytorch'),
    neck=dict(
        type='FPN',
        in_channels=[256, 512, 1024, 2048],
        out_channels=256,
        start_level=0,
        add_extra_convs='on_input',
        num_outs=4,
        norm_cfg=dict(type='GN', num_groups=32, requires_grad=True)),
    roi_head=dict(
        type='P2BHead',
        num_stages=2,
        top_k=7,
        with_atten=False,
        bbox_roi_extractor=dict(
            type='SingleRoIExtractor',
            roi_layer=dict(type='RoIAlign', output_size=7),
            out_channels=256,
            featmap_strides=[4, 8, 16, 32]),
        bbox_head=dict(
            type='Shared2FCInstanceMILHead',
            num_stages=2,
            with_loss_pseudo=False,
            in_channels=256,
            fc_out_channels=1024,
            roi_feat_size=7,
            num_classes=6,
            num_ref_fcs=0,
            bbox_coder=dict(
                type='DeltaXYWHBBoxCoder',
                target_means=[0.0, 0.0, 0.0, 0.0],
                target_stds=[0.1, 0.1, 0.2, 0.2]),
            reg_class_agnostic=True,
            loss_type='MIL',
            loss_mil1=dict(
                type='MILLoss',
                binary_ins=False,
                loss_weight=0.25,
                loss_type='binary_cross_entropy'),
            loss_mil2=dict(
                type='MILLoss',
                binary_ins=False,
                loss_weight=0.25,
                loss_type='gfocal_loss'))),
    train_cfg=dict(
        base_proposal=dict(
            base_scales=[4, 8, 16, 32, 64, 128],
            base_ratios=[
                0.3333333333333333, 0.5, 0.6666666666666666, 1.0, 1.5, 2.0, 3.0
            ],
            shake_ratio=None,
            cut_mode='symmetry',
            gen_num_neg=0),
        fine_proposal=dict(
            gen_proposal_mode='fix_gen',
            cut_mode=None,
            shake_ratio=[0.1],
            base_ratios=[1, 1.2, 1.3, 0.8, 0.7],
            iou_thr=0.3,
            gen_num_neg=500),
        rcnn=None),
    test_cfg=dict(rpn=None, rcnn=None))
dataset_type = 'CocoFmtDataset'
data_root = 'data/coco/'
img_norm_cfg = dict(
    mean=[123.675, 116.28, 103.53], std=[58.395, 57.12, 57.375], to_rgb=True)
train_pipeline = [
    dict(type='LoadImageFromFile'),
    dict(type='LoadAnnotations', with_bbox=True),
    dict(
        type='Resize',
        img_scale=[(2000, 480), (2000, 576), (2000, 688), (2000, 864),
                   (2000, 1000), (2000, 1200)],
        multiscale_mode='value',
        keep_ratio=True),
    dict(type='RandomFlip', flip_ratio=0.5),
    dict(
        type='Normalize',
        mean=[123.675, 116.28, 103.53],
        std=[58.395, 57.12, 57.375],
        to_rgb=True),
    dict(type='Pad', size_divisor=32),
    dict(type='DefaultFormatBundle'),
    dict(
        type='Collect',
        keys=[
            'img', 'gt_bboxes', 'gt_labels', 'gt_bboxes_ignore',
            'gt_true_bboxes'
        ])
]
test_scale = 1200
test_pipeline = [
    dict(type='LoadImageFromFile'),
    dict(type='LoadAnnotations', with_bbox=True),
    dict(
        type='MultiScaleFlipAug',
        img_scale=(2000, 1200),
        flip=False,
        transforms=[
            dict(type='Resize', keep_ratio=True),
            dict(type='RandomFlip'),
            dict(
                type='Normalize',
                mean=[123.675, 116.28, 103.53],
                std=[58.395, 57.12, 57.375],
                to_rgb=True),
            dict(type='Pad', size_divisor=32),
            dict(type='DefaultFormatBundle'),
            dict(
                type='Collect',
                keys=[
                    'img', 'gt_bboxes', 'gt_labels', 'gt_bboxes_ignore',
                    'gt_anns_id', 'gt_true_bboxes'
                ])
        ])
]
data = dict(
    samples_per_gpu=4,
    workers_per_gpu=1,
    shuffle=None,
    train=dict(
        type='CocoFmtDataset',
        ann_file='data/coco/annotations_qc_pt/instances_train2017_coarse.json',
        img_prefix='data/coco/images/train/',
        pipeline=[
            dict(type='LoadImageFromFile'),
            dict(type='LoadAnnotations', with_bbox=True),
            dict(
                type='Resize',
                img_scale=[(2000, 480), (2000, 576), (2000, 688), (2000, 864),
                           (2000, 1000), (2000, 1200)],
                multiscale_mode='value',
                keep_ratio=True),
            dict(type='RandomFlip', flip_ratio=0.5),
            dict(
                type='Normalize',
                mean=[123.675, 116.28, 103.53],
                std=[58.395, 57.12, 57.375],
                to_rgb=True),
            dict(type='Pad', size_divisor=32),
            dict(type='DefaultFormatBundle'),
            dict(
                type='Collect',
                keys=[
                    'img', 'gt_bboxes', 'gt_labels', 'gt_bboxes_ignore',
                    'gt_true_bboxes'
                ])
        ]),
    val=dict(
        samples_per_gpu=2,
        type='CocoFmtDataset',
        ann_file='data/coco/annotations/instances_train.json',
        img_prefix='data/coco/images/train/',
        pipeline=[
            dict(type='LoadImageFromFile'),
            dict(type='LoadAnnotations', with_bbox=True),
            dict(
                type='MultiScaleFlipAug',
                img_scale=(2000, 1200),
                flip=False,
                transforms=[
                    dict(type='Resize', keep_ratio=True),
                    dict(type='RandomFlip'),
                    dict(
                        type='Normalize',
                        mean=[123.675, 116.28, 103.53],
                        std=[58.395, 57.12, 57.375],
                        to_rgb=True),
                    dict(type='Pad', size_divisor=32),
                    dict(type='DefaultFormatBundle'),
                    dict(
                        type='Collect',
                        keys=[
                            'img', 'gt_bboxes', 'gt_labels',
                            'gt_bboxes_ignore', 'gt_anns_id', 'gt_true_bboxes'
                        ])
                ])
        ],
        test_mode=False),
    test=dict(
        type='CocoFmtDataset',
        ann_file='data/coco/annotations/instances_train.json',
        img_prefix='data/coco/images/train/',
        pipeline=[
            dict(type='LoadImageFromFile'),
            dict(type='LoadAnnotations', with_bbox=True),
            dict(
                type='MultiScaleFlipAug',
                img_scale=(2000, 1200),
                flip=False,
                transforms=[
                    dict(type='Resize', keep_ratio=True),
                    dict(type='RandomFlip'),
                    dict(
                        type='Normalize',
                        mean=[123.675, 116.28, 103.53],
                        std=[58.395, 57.12, 57.375],
                        to_rgb=True),
                    dict(type='Pad', size_divisor=32),
                    dict(type='DefaultFormatBundle'),
                    dict(
                        type='Collect',
                        keys=[
                            'img', 'gt_bboxes', 'gt_labels',
                            'gt_bboxes_ignore', 'gt_anns_id', 'gt_true_bboxes'
                        ])
                ])
        ]))
check = dict(stop_while_nan=False)
optimizer = dict(type='SGD', lr=0.1, momentum=0.9, weight_decay=0.001)
optimizer_config = dict(grad_clip=dict(max_norm=35, norm_type=2))
lr_config = dict(
    policy='step',
    warmup='linear',
    warmup_iters=500,
    warmup_ratio=0.001,
    step=[8, 11])
runner = dict(type='EpochBasedRunner', max_epochs=12)
work_dir = '../TOV_mmdetection_cache/work_dir/coco/'
evaluation = dict(
    interval=1,
    metric='bbox',
    save_result_file=
    '../TOV_mmdetection_cache/work_dir/coco/_1200_latest_result.json',
    do_first_eval=False,
    do_final_eval=True)
gpu_ids = [4]

2024-10-10 13:26:27,041 - mmdet - INFO - load checkpoint from ../TOV_mmdetection_cache/work_dir/coco/pre_trained/P2B.pth
2024-10-10 13:26:27,042 - mmdet - INFO - Use load_from_local loader
2024-10-10 13:26:27,418 - mmdet - WARNING - The model and loaded state dict do not match exactly

size mismatch for roi_head.bbox_head.fc_cls.0.weight: copying a param with shape torch.Size([81, 1024]) from checkpoint, the shape in current model is torch.Size([7, 1024]).
size mismatch for roi_head.bbox_head.fc_cls.0.bias: copying a param with shape torch.Size([81]) from checkpoint, the shape in current model is torch.Size([7]).
size mismatch for roi_head.bbox_head.fc_cls.1.weight: copying a param with shape torch.Size([80, 1024]) from checkpoint, the shape in current model is torch.Size([6, 1024]).
size mismatch for roi_head.bbox_head.fc_cls.1.bias: copying a param with shape torch.Size([80]) from checkpoint, the shape in current model is torch.Size([6]).
size mismatch for roi_head.bbox_head.fc_ins.0.weight: copying a param with shape torch.Size([81, 1024]) from checkpoint, the shape in current model is torch.Size([7, 1024]).
size mismatch for roi_head.bbox_head.fc_ins.0.bias: copying a param with shape torch.Size([81]) from checkpoint, the shape in current model is torch.Size([7]).
size mismatch for roi_head.bbox_head.fc_ins.1.weight: copying a param with shape torch.Size([80, 1024]) from checkpoint, the shape in current model is torch.Size([6, 1024]).
size mismatch for roi_head.bbox_head.fc_ins.1.bias: copying a param with shape torch.Size([80]) from checkpoint, the shape in current model is torch.Size([6]).
2024-10-10 13:26:27,424 - mmdet - INFO - Start running, host: lxz@user-SYS-4029GP-TRT2, work_dir: /home/lxz/P2BNet/TOV_mmdetection_cache/work_dir/coco
2024-10-10 13:26:27,424 - mmdet - INFO - workflow: [('train', 1)], max: 12 epochs
2024-10-10 13:27:05,274 - mmdet - INFO - Epoch [1][50/300]	lr: 9.890e-03, eta: 0:44:46, time: 0.757, data_time: 0.059, memory: 8607, stage0_loss_instance_mil: 0.5372, stage0_bag_acc: 45.6971, stage0_mean_ious: 0.1396, stage0_s: 0.0030, stage0_m: 0.0279, stage0_l: 0.1190, stage0_h: 0.1362, stage1_loss_instance_mil: 0.3004, stage1_bag_acc: 34.4281, stage1_neg_loss: 0.0283, stage1_mean_ious: 0.1375, stage1_s: 0.0020, stage1_m: 0.0283, stage1_l: 0.1170, stage1_h: 0.1346, loss: 0.8659, grad_norm: 6.0469
2024-10-10 13:27:40,992 - mmdet - INFO - Epoch [1][100/300]	lr: 1.988e-02, eta: 0:42:54, time: 0.714, data_time: 0.014, memory: 8627, stage0_loss_instance_mil: 0.6504, stage0_bag_acc: 32.3924, stage0_mean_ious: 0.0984, stage0_s: 0.0000, stage0_m: 0.0142, stage0_l: 0.0847, stage0_h: 0.0992, stage1_loss_instance_mil: 0.2012, stage1_bag_acc: 31.4360, stage1_neg_loss: 0.0344, stage1_mean_ious: 0.0970, stage1_s: 0.0000, stage1_m: 0.0151, stage1_l: 0.0825, stage1_h: 0.0980, loss: 0.8860, grad_norm: 4.4320
2024-10-10 13:28:15,708 - mmdet - INFO - Epoch [1][150/300]	lr: 2.987e-02, eta: 0:41:30, time: 0.694, data_time: 0.013, memory: 8627, stage0_loss_instance_mil: 0.6148, stage0_bag_acc: 33.5581, stage0_mean_ious: 0.1009, stage0_s: 0.0014, stage0_m: 0.0246, stage0_l: 0.0741, stage0_h: 0.1006, stage1_loss_instance_mil: 0.1716, stage1_bag_acc: 37.4988, stage1_neg_loss: 0.0161, stage1_mean_ious: 0.0974, stage1_s: 0.0006, stage1_m: 0.0219, stage1_l: 0.0711, stage1_h: 0.0963, loss: 0.8025, grad_norm: 1.6109
2024-10-10 13:28:51,954 - mmdet - INFO - Epoch [1][200/300]	lr: 3.986e-02, eta: 0:40:56, time: 0.725, data_time: 0.013, memory: 8627, stage0_loss_instance_mil: 0.6246, stage0_bag_acc: 27.9951, stage0_mean_ious: 0.1034, stage0_s: 0.0031, stage0_m: 0.0124, stage0_l: 0.0899, stage0_h: 0.1008, stage1_loss_instance_mil: 0.1729, stage1_bag_acc: 39.7443, stage1_neg_loss: 0.0940, stage1_mean_ious: 0.1028, stage1_s: 0.0027, stage1_m: 0.0118, stage1_l: 0.0892, stage1_h: 0.1005, loss: 0.8915, grad_norm: 3.6159
2024-10-10 13:29:25,274 - mmdet - INFO - Epoch [1][250/300]	lr: 4.985e-02, eta: 0:39:43, time: 0.666, data_time: 0.012, memory: 8627, stage0_loss_instance_mil: 0.6459, stage0_bag_acc: 25.8411, stage0_mean_ious: 0.1270, stage0_s: 0.0000, stage0_m: 0.0246, stage0_l: 0.1087, stage0_h: 0.1252, stage1_loss_instance_mil: 0.1686, stage1_bag_acc: 32.5919, stage1_neg_loss: 0.0115, stage1_mean_ious: 0.1249, stage1_s: 0.0000, stage1_m: 0.0247, stage1_l: 0.1104, stage1_h: 0.1221, loss: 0.8261, grad_norm: 0.7244
2024-10-10 13:30:01,614 - mmdet - INFO - Exp name: P2BNet_r50_fpn_1x_coco_ms.py
2024-10-10 13:30:01,614 - mmdet - INFO - Epoch [1][300/300]	lr: 5.984e-02, eta: 0:39:16, time: 0.727, data_time: 0.013, memory: 8627, stage0_loss_instance_mil: 0.6536, stage0_bag_acc: 21.5219, stage0_mean_ious: 0.1372, stage0_s: 0.0026, stage0_m: 0.0273, stage0_l: 0.1024, stage0_h: 0.1362, stage1_loss_instance_mil: 0.1543, stage1_bag_acc: 24.3649, stage1_neg_loss: 0.0103, stage1_mean_ious: 0.1380, stage1_s: 0.0034, stage1_m: 0.0294, stage1_l: 0.1087, stage1_h: 0.1341, loss: 0.8182, grad_norm: 0.5468
2024-10-10 13:30:01,701 - mmdet - INFO - Saving checkpoint at 1 epochs
2024-10-10 13:31:58,977 - mmdet - INFO - Evaluating bbox...
2024-10-10 13:31:59,730 - mmdet - INFO -  Average Precision  (AP) @[ IoU=0.50:0.95 | area=   all | maxDets=100 ] = 0.0097
2024-10-10 13:31:59,730 - mmdet - INFO -  Average Precision  (AP) @[ IoU=0.50      | area=   all | maxDets=1000 ] = 0.0399
2024-10-10 13:31:59,730 - mmdet - INFO -  Average Precision  (AP) @[ IoU=0.60      | area=   all | maxDets=1000 ] = 0.0166
2024-10-10 13:31:59,730 - mmdet - INFO -  Average Precision  (AP) @[ IoU=0.70      | area=   all | maxDets=1000 ] = 0.0037
2024-10-10 13:31:59,730 - mmdet - INFO -  Average Precision  (AP) @[ IoU=0.75      | area=   all | maxDets=1000 ] = 0.0016
2024-10-10 13:31:59,731 - mmdet - INFO -  Average Precision  (AP) @[ IoU=0.80      | area=   all | maxDets=1000 ] = 0.0002
2024-10-10 13:31:59,731 - mmdet - INFO -  Average Precision  (AP) @[ IoU=0.90      | area=   all | maxDets=1000 ] = 0.0000
2024-10-10 13:31:59,731 - mmdet - INFO -  Average Precision  (AP) @[ IoU=0.50:0.95 | area= small | maxDets=1000 ] = 0.1127
2024-10-10 13:31:59,731 - mmdet - INFO -  Average Precision  (AP) @[ IoU=0.50:0.95 | area=medium | maxDets=1000 ] = 0.0116
2024-10-10 13:31:59,731 - mmdet - INFO -  Average Precision  (AP) @[ IoU=0.50:0.95 | area= large | maxDets=1000 ] = 0.0025
2024-10-10 13:31:59,731 - mmdet - INFO -  Average Recall     (AR) @[ IoU=0.50:0.95 | area=   all | maxDets=100 ] = 0.0479
2024-10-10 13:31:59,731 - mmdet - INFO -  Average Recall     (AR) @[ IoU=0.50      | area=   all | maxDets=100 ] = 0.1444
2024-10-10 13:31:59,731 - mmdet - INFO -  Average Recall     (AR) @[ IoU=0.50:0.95 | area=   all | maxDets=300 ] = 0.0479
2024-10-10 13:31:59,731 - mmdet - INFO -  Average Recall     (AR) @[ IoU=0.50:0.95 | area=   all | maxDets=1000 ] = 0.0479
2024-10-10 13:31:59,731 - mmdet - INFO -  Average Recall     (AR) @[ IoU=0.50:0.95 | area= small | maxDets=1000 ] = 0.1229
2024-10-10 13:31:59,731 - mmdet - INFO -  Average Recall     (AR) @[ IoU=0.50:0.95 | area=medium | maxDets=1000 ] = 0.0698
2024-10-10 13:31:59,732 - mmdet - INFO -  Average Recall     (AR) @[ IoU=0.50:0.95 | area= large | maxDets=1000 ] = 0.0191
2024-10-10 13:31:59,744 - mmdet - INFO - Exp name: P2BNet_r50_fpn_1x_coco_ms.py
2024-10-10 13:31:59,744 - mmdet - INFO - Epoch(val) [1][300]	eval_iter_num: 720, bbox_mAP: 0.0100, bbox_mAP_50: 0.0400, bbox_mAP_75: 0.0170, bbox_mAP_s: 0.0040, bbox_mAP_m: 0.0020, bbox_mAP_l: 0.0000, bbox_mAP_copypaste: 0.010 0.040 0.017 0.004 0.002 0.000
2024-10-10 13:32:38,025 - mmdet - INFO - Epoch [2][50/300]	lr: 6.983e-02, eta: 0:39:04, time: 0.765, data_time: 0.060, memory: 8627, stage0_loss_instance_mil: 0.6377, stage0_bag_acc: 26.3644, stage0_mean_ious: 0.1303, stage0_s: 0.0000, stage0_m: 0.0222, stage0_l: 0.1037, stage0_h: 0.1326, stage1_loss_instance_mil: 0.1526, stage1_bag_acc: 25.1637, stage1_neg_loss: 0.0142, stage1_mean_ious: 0.1327, stage1_s: 0.0000, stage1_m: 0.0209, stage1_l: 0.1068, stage1_h: 0.1350, loss: 0.8045, grad_norm: 0.6347
2024-10-10 13:33:12,406 - mmdet - INFO - Epoch [2][100/300]	lr: 7.982e-02, eta: 0:38:14, time: 0.688, data_time: 0.013, memory: 8627, stage0_loss_instance_mil: 0.6365, stage0_bag_acc: 27.0640, stage0_mean_ious: 0.1267, stage0_s: 0.0000, stage0_m: 0.0204, stage0_l: 0.1026, stage0_h: 0.1253, stage1_loss_instance_mil: 0.1484, stage1_bag_acc: 28.1531, stage1_neg_loss: 0.0165, stage1_mean_ious: 0.1244, stage1_s: 0.0000, stage1_m: 0.0193, stage1_l: 0.1043, stage1_h: 0.1211, loss: 0.8015, grad_norm: 0.4867
2024-10-10 13:33:49,328 - mmdet - INFO - Epoch [2][150/300]	lr: 8.981e-02, eta: 0:37:46, time: 0.738, data_time: 0.013, memory: 8627, stage0_loss_instance_mil: 0.6494, stage0_bag_acc: 14.8994, stage0_mean_ious: 0.1372, stage0_s: 0.0009, stage0_m: 0.0307, stage0_l: 0.1089, stage0_h: 0.1358, stage1_loss_instance_mil: 0.1272, stage1_bag_acc: 31.3302, stage1_neg_loss: 0.0185, stage1_mean_ious: 0.1397, stage1_s: 0.0009, stage1_m: 0.0348, stage1_l: 0.1097, stage1_h: 0.1387, loss: 0.7950, grad_norm: 0.3858
2024-10-10 13:34:25,078 - mmdet - INFO - Epoch [2][200/300]	lr: 9.980e-02, eta: 0:37:08, time: 0.715, data_time: 0.013, memory: 8627, stage0_loss_instance_mil: 0.6378, stage0_bag_acc: 23.4119, stage0_mean_ious: 0.1258, stage0_s: 0.0000, stage0_m: 0.0223, stage0_l: 0.1265, stage0_h: 0.1227, stage1_loss_instance_mil: 0.1306, stage1_bag_acc: 27.7680, stage1_neg_loss: 0.0216, stage1_mean_ious: 0.1304, stage1_s: 0.0000, stage1_m: 0.0195, stage1_l: 0.1227, stage1_h: 0.1297, loss: 0.7899, grad_norm: 0.3688
2024-10-10 13:35:01,420 - mmdet - INFO - Epoch [2][250/300]	lr: 1.000e-01, eta: 0:36:35, time: 0.727, data_time: 0.013, memory: 8627, stage0_loss_instance_mil: 0.6406, stage0_bag_acc: 21.2455, stage0_mean_ious: 0.1245, stage0_s: 0.0040, stage0_m: 0.0176, stage0_l: 0.0940, stage0_h: 0.1226, stage1_loss_instance_mil: 0.1354, stage1_bag_acc: 22.3657, stage1_neg_loss: 0.0210, stage1_mean_ious: 0.1257, stage1_s: 0.0027, stage1_m: 0.0177, stage1_l: 0.0875, stage1_h: 0.1257, loss: 0.7971, grad_norm: 0.3458
2024-10-10 13:35:34,653 - mmdet - INFO - Exp name: P2BNet_r50_fpn_1x_coco_ms.py
2024-10-10 13:35:34,653 - mmdet - INFO - Epoch [2][300/300]	lr: 1.000e-01, eta: 0:35:45, time: 0.665, data_time: 0.011, memory: 8648, stage0_loss_instance_mil: 0.6289, stage0_bag_acc: 23.5961, stage0_mean_ious: 0.1259, stage0_s: 0.0000, stage0_m: 0.0198, stage0_l: 0.1021, stage0_h: 0.1252, stage1_loss_instance_mil: 0.1312, stage1_bag_acc: 33.6210, stage1_neg_loss: 0.0213, stage1_mean_ious: 0.1252, stage1_s: 0.0000, stage1_m: 0.0186, stage1_l: 0.0987, stage1_h: 0.1248, loss: 0.7815, grad_norm: 0.3530
2024-10-10 13:35:34,736 - mmdet - INFO - Saving checkpoint at 2 epochs
2024-10-10 13:37:29,078 - mmdet - INFO - Evaluating bbox...
2024-10-10 13:37:29,839 - mmdet - INFO -  Average Precision  (AP) @[ IoU=0.50:0.95 | area=   all | maxDets=100 ] = 0.0493
2024-10-10 13:37:29,839 - mmdet - INFO -  Average Precision  (AP) @[ IoU=0.50      | area=   all | maxDets=1000 ] = 0.1801
2024-10-10 13:37:29,839 - mmdet - INFO -  Average Precision  (AP) @[ IoU=0.60      | area=   all | maxDets=1000 ] = 0.0892
2024-10-10 13:37:29,839 - mmdet - INFO -  Average Precision  (AP) @[ IoU=0.70      | area=   all | maxDets=1000 ] = 0.0252
2024-10-10 13:37:29,839 - mmdet - INFO -  Average Precision  (AP) @[ IoU=0.75      | area=   all | maxDets=1000 ] = 0.0103
2024-10-10 13:37:29,839 - mmdet - INFO -  Average Precision  (AP) @[ IoU=0.80      | area=   all | maxDets=1000 ] = 0.0052
2024-10-10 13:37:29,840 - mmdet - INFO -  Average Precision  (AP) @[ IoU=0.90      | area=   all | maxDets=1000 ] = 0.0002
2024-10-10 13:37:29,840 - mmdet - INFO -  Average Precision  (AP) @[ IoU=0.50:0.95 | area= small | maxDets=1000 ] = 0.0125
2024-10-10 13:37:29,840 - mmdet - INFO -  Average Precision  (AP) @[ IoU=0.50:0.95 | area=medium | maxDets=1000 ] = 0.0406
2024-10-10 13:37:29,840 - mmdet - INFO -  Average Precision  (AP) @[ IoU=0.50:0.95 | area= large | maxDets=1000 ] = 0.0409
2024-10-10 13:37:29,840 - mmdet - INFO -  Average Recall     (AR) @[ IoU=0.50:0.95 | area=   all | maxDets=100 ] = 0.0929
2024-10-10 13:37:29,840 - mmdet - INFO -  Average Recall     (AR) @[ IoU=0.50      | area=   all | maxDets=100 ] = 0.2476
2024-10-10 13:37:29,840 - mmdet - INFO -  Average Recall     (AR) @[ IoU=0.50:0.95 | area=   all | maxDets=300 ] = 0.0929
2024-10-10 13:37:29,840 - mmdet - INFO -  Average Recall     (AR) @[ IoU=0.50:0.95 | area=   all | maxDets=1000 ] = 0.0929
2024-10-10 13:37:29,840 - mmdet - INFO -  Average Recall     (AR) @[ IoU=0.50:0.95 | area= small | maxDets=1000 ] = 0.0333
2024-10-10 13:37:29,840 - mmdet - INFO -  Average Recall     (AR) @[ IoU=0.50:0.95 | area=medium | maxDets=1000 ] = 0.0791
2024-10-10 13:37:29,840 - mmdet - INFO -  Average Recall     (AR) @[ IoU=0.50:0.95 | area= large | maxDets=1000 ] = 0.0787
2024-10-10 13:37:29,851 - mmdet - INFO - Exp name: P2BNet_r50_fpn_1x_coco_ms.py
2024-10-10 13:37:29,851 - mmdet - INFO - Epoch(val) [2][300]	eval_iter_num: 720, bbox_mAP: 0.0490, bbox_mAP_50: 0.1800, bbox_mAP_75: 0.0890, bbox_mAP_s: 0.0250, bbox_mAP_m: 0.0100, bbox_mAP_l: 0.0050, bbox_mAP_copypaste: 0.049 0.180 0.089 0.025 0.010 0.005
2024-10-10 13:38:08,052 - mmdet - INFO - Epoch [3][50/300]	lr: 1.000e-01, eta: 0:35:20, time: 0.764, data_time: 0.058, memory: 8648, stage0_loss_instance_mil: 0.6340, stage0_bag_acc: 25.3707, stage0_mean_ious: 0.1204, stage0_s: 0.0000, stage0_m: 0.0221, stage0_l: 0.1021, stage0_h: 0.1201, stage1_loss_instance_mil: 0.1223, stage1_bag_acc: 35.2701, stage1_neg_loss: 0.0237, stage1_mean_ious: 0.1212, stage1_s: 0.0000, stage1_m: 0.0241, stage1_l: 0.0954, stage1_h: 0.1240, loss: 0.7800, grad_norm: 0.4067
2024-10-10 13:38:45,129 - mmdet - INFO - Epoch [3][100/300]	lr: 1.000e-01, eta: 0:34:49, time: 0.742, data_time: 0.013, memory: 8648, stage0_loss_instance_mil: 0.6190, stage0_bag_acc: 29.7816, stage0_mean_ious: 0.1092, stage0_s: 0.0000, stage0_m: 0.0160, stage0_l: 0.0888, stage0_h: 0.1040, stage1_loss_instance_mil: 0.1293, stage1_bag_acc: 46.5516, stage1_neg_loss: 0.0224, stage1_mean_ious: 0.1093, stage1_s: 0.0000, stage1_m: 0.0134, stage1_l: 0.0886, stage1_h: 0.1044, loss: 0.7707, grad_norm: 0.4371
2024-10-10 13:39:19,881 - mmdet - INFO - Epoch [3][150/300]	lr: 1.000e-01, eta: 0:34:08, time: 0.695, data_time: 0.013, memory: 8648, stage0_loss_instance_mil: 0.6164, stage0_bag_acc: 30.5243, stage0_mean_ious: 0.1000, stage0_s: 0.0000, stage0_m: 0.0209, stage0_l: 0.0802, stage0_h: 0.0986, stage1_loss_instance_mil: 0.1374, stage1_bag_acc: 40.8186, stage1_neg_loss: 0.0267, stage1_mean_ious: 0.0987, stage1_s: 0.0000, stage1_m: 0.0197, stage1_l: 0.0765, stage1_h: 0.0988, loss: 0.7805, grad_norm: 0.5627
2024-10-10 13:39:54,256 - mmdet - INFO - Epoch [3][200/300]	lr: 1.000e-01, eta: 0:33:27, time: 0.688, data_time: 0.011, memory: 8648, stage0_loss_instance_mil: 0.5918, stage0_bag_acc: 31.6937, stage0_mean_ious: 0.1190, stage0_s: 0.0000, stage0_m: 0.0334, stage0_l: 0.0906, stage0_h: 0.1188, stage1_loss_instance_mil: 0.1507, stage1_bag_acc: 35.4672, stage1_neg_loss: 0.0212, stage1_mean_ious: 0.1147, stage1_s: 0.0000, stage1_m: 0.0308, stage1_l: 0.0910, stage1_h: 0.1132, loss: 0.7637, grad_norm: 0.6191
2024-10-10 13:40:29,991 - mmdet - INFO - Epoch [3][250/300]	lr: 1.000e-01, eta: 0:32:50, time: 0.715, data_time: 0.013, memory: 8648, stage0_loss_instance_mil: 0.5663, stage0_bag_acc: 36.5368, stage0_mean_ious: 0.1362, stage0_s: 0.0000, stage0_m: 0.0127, stage0_l: 0.0920, stage0_h: 0.1420, stage1_loss_instance_mil: 0.1534, stage1_bag_acc: 43.8870, stage1_neg_loss: 0.0405, stage1_mean_ious: 0.1342, stage1_s: 0.0000, stage1_m: 0.0141, stage1_l: 0.0949, stage1_h: 0.1391, loss: 0.7602, grad_norm: 0.8559
2024-10-10 13:41:07,556 - mmdet - INFO - Exp name: P2BNet_r50_fpn_1x_coco_ms.py
2024-10-10 13:41:07,556 - mmdet - INFO - Epoch [3][300/300]	lr: 1.000e-01, eta: 0:32:20, time: 0.751, data_time: 0.014, memory: 8648, stage0_loss_instance_mil: 0.5730, stage0_bag_acc: 37.7637, stage0_mean_ious: 0.1471, stage0_s: 0.0000, stage0_m: 0.0426, stage0_l: 0.1120, stage0_h: 0.1504, stage1_loss_instance_mil: 0.1693, stage1_bag_acc: 37.3912, stage1_neg_loss: 0.0334, stage1_mean_ious: 0.1487, stage1_s: 0.0000, stage1_m: 0.0423, stage1_l: 0.1091, stage1_h: 0.1535, loss: 0.7757, grad_norm: 0.8082
2024-10-10 13:41:07,671 - mmdet - INFO - Saving checkpoint at 3 epochs
2024-10-10 13:43:07,306 - mmdet - INFO - Evaluating bbox...
2024-10-10 13:43:08,097 - mmdet - INFO -  Average Precision  (AP) @[ IoU=0.50:0.95 | area=   all | maxDets=100 ] = 0.0394
2024-10-10 13:43:08,097 - mmdet - INFO -  Average Precision  (AP) @[ IoU=0.50      | area=   all | maxDets=1000 ] = 0.1450
2024-10-10 13:43:08,097 - mmdet - INFO -  Average Precision  (AP) @[ IoU=0.60      | area=   all | maxDets=1000 ] = 0.0657
2024-10-10 13:43:08,097 - mmdet - INFO -  Average Precision  (AP) @[ IoU=0.70      | area=   all | maxDets=1000 ] = 0.0259
2024-10-10 13:43:08,097 - mmdet - INFO -  Average Precision  (AP) @[ IoU=0.75      | area=   all | maxDets=1000 ] = 0.0118
2024-10-10 13:43:08,097 - mmdet - INFO -  Average Precision  (AP) @[ IoU=0.80      | area=   all | maxDets=1000 ] = 0.0062
2024-10-10 13:43:08,097 - mmdet - INFO -  Average Precision  (AP) @[ IoU=0.90      | area=   all | maxDets=1000 ] = 0.0003
2024-10-10 13:43:08,097 - mmdet - INFO -  Average Precision  (AP) @[ IoU=0.50:0.95 | area= small | maxDets=1000 ] = 0.1123
2024-10-10 13:43:08,097 - mmdet - INFO -  Average Precision  (AP) @[ IoU=0.50:0.95 | area=medium | maxDets=1000 ] = 0.0469
2024-10-10 13:43:08,098 - mmdet - INFO -  Average Precision  (AP) @[ IoU=0.50:0.95 | area= large | maxDets=1000 ] = 0.0202
2024-10-10 13:43:08,098 - mmdet - INFO -  Average Recall     (AR) @[ IoU=0.50:0.95 | area=   all | maxDets=100 ] = 0.1071
2024-10-10 13:43:08,098 - mmdet - INFO -  Average Recall     (AR) @[ IoU=0.50      | area=   all | maxDets=100 ] = 0.2836
2024-10-10 13:43:08,098 - mmdet - INFO -  Average Recall     (AR) @[ IoU=0.50:0.95 | area=   all | maxDets=300 ] = 0.1071
2024-10-10 13:43:08,098 - mmdet - INFO -  Average Recall     (AR) @[ IoU=0.50:0.95 | area=   all | maxDets=1000 ] = 0.1071
2024-10-10 13:43:08,098 - mmdet - INFO -  Average Recall     (AR) @[ IoU=0.50:0.95 | area= small | maxDets=1000 ] = 0.1305
2024-10-10 13:43:08,098 - mmdet - INFO -  Average Recall     (AR) @[ IoU=0.50:0.95 | area=medium | maxDets=1000 ] = 0.1504
2024-10-10 13:43:08,098 - mmdet - INFO -  Average Recall     (AR) @[ IoU=0.50:0.95 | area= large | maxDets=1000 ] = 0.0660
2024-10-10 13:43:08,108 - mmdet - INFO - Exp name: P2BNet_r50_fpn_1x_coco_ms.py
2024-10-10 13:43:08,109 - mmdet - INFO - Epoch(val) [3][300]	eval_iter_num: 720, bbox_mAP: 0.0390, bbox_mAP_50: 0.1450, bbox_mAP_75: 0.0660, bbox_mAP_s: 0.0260, bbox_mAP_m: 0.0120, bbox_mAP_l: 0.0060, bbox_mAP_copypaste: 0.039 0.145 0.066 0.026 0.012 0.006
2024-10-10 13:43:45,836 - mmdet - INFO - Epoch [4][50/300]	lr: 1.000e-01, eta: 0:31:49, time: 0.754, data_time: 0.058, memory: 8648, stage0_loss_instance_mil: 0.5979, stage0_bag_acc: 32.8277, stage0_mean_ious: 0.1554, stage0_s: 0.0000, stage0_m: 0.0179, stage0_l: 0.1378, stage0_h: 0.1581, stage1_loss_instance_mil: 0.1480, stage1_bag_acc: 39.1939, stage1_neg_loss: 0.0383, stage1_mean_ious: 0.1513, stage1_s: 0.0000, stage1_m: 0.0196, stage1_l: 0.1289, stage1_h: 0.1553, loss: 0.7842, grad_norm: 1.0098
2024-10-10 13:44:22,043 - mmdet - INFO - Exp name: P2BNet_r50_fpn_1x_coco_ms.py
2024-10-10 13:44:22,044 - mmdet - INFO - Epoch [4][100/300]	lr: 1.000e-01, eta: 0:31:13, time: 0.724, data_time: 0.013, memory: 8648, stage0_loss_instance_mil: 0.6232, stage0_bag_acc: 27.1547, stage0_mean_ious: 0.1448, stage0_s: 0.0000, stage0_m: 0.0281, stage0_l: 0.1331, stage0_h: 0.1424, stage1_loss_instance_mil: 0.1290, stage1_bag_acc: 31.0302, stage1_neg_loss: 0.0224, stage1_mean_ious: 0.1370, stage1_s: 0.0000, stage1_m: 0.0264, stage1_l: 0.1325, stage1_h: 0.1318, loss: 0.7746, grad_norm: 0.4004
2024-10-10 13:45:00,153 - mmdet - INFO - Epoch [4][150/300]	lr: 1.000e-01, eta: 0:30:42, time: 0.762, data_time: 0.013, memory: 8648, stage0_loss_instance_mil: 0.5645, stage0_bag_acc: 41.2348, stage0_mean_ious: 0.1497, stage0_s: 0.0000, stage0_m: 0.0271, stage0_l: 0.1345, stage0_h: 0.1451, stage1_loss_instance_mil: 0.1589, stage1_bag_acc: 43.3284, stage1_neg_loss: 0.0283, stage1_mean_ious: 0.1409, stage1_s: 0.0000, stage1_m: 0.0292, stage1_l: 0.1328, stage1_h: 0.1330, loss: 0.7517, grad_norm: 0.7318
2024-10-10 13:45:35,750 - mmdet - INFO - Epoch [4][200/300]	lr: 1.000e-01, eta: 0:30:05, time: 0.712, data_time: 0.013, memory: 8648, stage0_loss_instance_mil: 0.5265, stage0_bag_acc: 48.7012, stage0_mean_ious: 0.1475, stage0_s: 0.0000, stage0_m: 0.0198, stage0_l: 0.1226, stage0_h: 0.1476, stage1_loss_instance_mil: 0.2502, stage1_bag_acc: 41.8030, stage1_neg_loss: 0.0414, stage1_mean_ious: 0.1450, stage1_s: 0.0000, stage1_m: 0.0202, stage1_l: 0.1200, stage1_h: 0.1445, loss: 0.8180, grad_norm: 1.2528
2024-10-10 13:46:11,673 - mmdet - INFO - Epoch [4][250/300]	lr: 1.000e-01, eta: 0:29:28, time: 0.718, data_time: 0.014, memory: 8648, stage0_loss_instance_mil: 0.5081, stage0_bag_acc: 50.5764, stage0_mean_ious: 0.1445, stage0_s: 0.0000, stage0_m: 0.0190, stage0_l: 0.1370, stage0_h: 0.1442, stage1_loss_instance_mil: 0.1897, stage1_bag_acc: 46.1089, stage1_neg_loss: 0.0409, stage1_mean_ious: 0.1396, stage1_s: 0.0000, stage1_m: 0.0185, stage1_l: 0.1326, stage1_h: 0.1395, loss: 0.7387, grad_norm: 0.9265
2024-10-10 13:46:46,114 - mmdet - INFO - Exp name: P2BNet_r50_fpn_1x_coco_ms.py
2024-10-10 13:46:46,114 - mmdet - INFO - Epoch [4][300/300]	lr: 1.000e-01, eta: 0:28:49, time: 0.689, data_time: 0.013, memory: 8648, stage0_loss_instance_mil: 0.4379, stage0_bag_acc: 55.2669, stage0_mean_ious: 0.1487, stage0_s: 0.0019, stage0_m: 0.0192, stage0_l: 0.1491, stage0_h: 0.1456, stage1_loss_instance_mil: 0.2507, stage1_bag_acc: 45.5067, stage1_neg_loss: 0.0516, stage1_mean_ious: 0.1407, stage1_s: 0.0019, stage1_m: 0.0200, stage1_l: 0.1428, stage1_h: 0.1378, loss: 0.7402, grad_norm: 0.9724
2024-10-10 13:46:46,200 - mmdet - INFO - Saving checkpoint at 4 epochs
2024-10-10 13:48:44,404 - mmdet - INFO - Evaluating bbox...
2024-10-10 13:48:45,180 - mmdet - INFO -  Average Precision  (AP) @[ IoU=0.50:0.95 | area=   all | maxDets=100 ] = 0.0267
2024-10-10 13:48:45,181 - mmdet - INFO -  Average Precision  (AP) @[ IoU=0.50      | area=   all | maxDets=1000 ] = 0.1001
2024-10-10 13:48:45,181 - mmdet - INFO -  Average Precision  (AP) @[ IoU=0.60      | area=   all | maxDets=1000 ] = 0.0447
2024-10-10 13:48:45,181 - mmdet - INFO -  Average Precision  (AP) @[ IoU=0.70      | area=   all | maxDets=1000 ] = 0.0145
2024-10-10 13:48:45,181 - mmdet - INFO -  Average Precision  (AP) @[ IoU=0.75      | area=   all | maxDets=1000 ] = 0.0077
2024-10-10 13:48:45,181 - mmdet - INFO -  Average Precision  (AP) @[ IoU=0.80      | area=   all | maxDets=1000 ] = 0.0029
2024-10-10 13:48:45,181 - mmdet - INFO -  Average Precision  (AP) @[ IoU=0.90      | area=   all | maxDets=1000 ] = 0.0001
2024-10-10 13:48:45,181 - mmdet - INFO -  Average Precision  (AP) @[ IoU=0.50:0.95 | area= small | maxDets=1000 ] = 0.0856
2024-10-10 13:48:45,181 - mmdet - INFO -  Average Precision  (AP) @[ IoU=0.50:0.95 | area=medium | maxDets=1000 ] = 0.0368
2024-10-10 13:48:45,182 - mmdet - INFO -  Average Precision  (AP) @[ IoU=0.50:0.95 | area= large | maxDets=1000 ] = 0.0025
2024-10-10 13:48:45,182 - mmdet - INFO -  Average Recall     (AR) @[ IoU=0.50:0.95 | area=   all | maxDets=100 ] = 0.0764
2024-10-10 13:48:45,182 - mmdet - INFO -  Average Recall     (AR) @[ IoU=0.50      | area=   all | maxDets=100 ] = 0.2065
2024-10-10 13:48:45,182 - mmdet - INFO -  Average Recall     (AR) @[ IoU=0.50:0.95 | area=   all | maxDets=300 ] = 0.0764
2024-10-10 13:48:45,182 - mmdet - INFO -  Average Recall     (AR) @[ IoU=0.50:0.95 | area=   all | maxDets=1000 ] = 0.0764
2024-10-10 13:48:45,182 - mmdet - INFO -  Average Recall     (AR) @[ IoU=0.50:0.95 | area= small | maxDets=1000 ] = 0.0940
2024-10-10 13:48:45,182 - mmdet - INFO -  Average Recall     (AR) @[ IoU=0.50:0.95 | area=medium | maxDets=1000 ] = 0.1211
2024-10-10 13:48:45,182 - mmdet - INFO -  Average Recall     (AR) @[ IoU=0.50:0.95 | area= large | maxDets=1000 ] = 0.0016
2024-10-10 13:48:45,195 - mmdet - INFO - Exp name: P2BNet_r50_fpn_1x_coco_ms.py
2024-10-10 13:48:45,196 - mmdet - INFO - Epoch(val) [4][300]	eval_iter_num: 720, bbox_mAP: 0.0270, bbox_mAP_50: 0.1000, bbox_mAP_75: 0.0450, bbox_mAP_s: 0.0150, bbox_mAP_m: 0.0080, bbox_mAP_l: 0.0030, bbox_mAP_copypaste: 0.027 0.100 0.045 0.015 0.008 0.003
2024-10-10 13:49:23,678 - mmdet - INFO - Epoch [5][50/300]	lr: 1.000e-01, eta: 0:28:18, time: 0.769, data_time: 0.059, memory: 8648, stage0_loss_instance_mil: 0.5126, stage0_bag_acc: 44.3044, stage0_mean_ious: 0.1431, stage0_s: 0.0000, stage0_m: 0.0126, stage0_l: 0.0969, stage0_h: 0.1470, stage1_loss_instance_mil: 0.2187, stage1_bag_acc: 39.8425, stage1_neg_loss: 0.0459, stage1_mean_ious: 0.1393, stage1_s: 0.0000, stage1_m: 0.0129, stage1_l: 0.1008, stage1_h: 0.1415, loss: 0.7772, grad_norm: 1.0135
2024-10-10 13:49:58,300 - mmdet - INFO - Epoch [5][100/300]	lr: 1.000e-01, eta: 0:27:39, time: 0.692, data_time: 0.012, memory: 8648, stage0_loss_instance_mil: 0.5281, stage0_bag_acc: 45.9083, stage0_mean_ious: 0.1604, stage0_s: 0.0000, stage0_m: 0.0138, stage0_l: 0.1362, stage0_h: 0.1621, stage1_loss_instance_mil: 0.1744, stage1_bag_acc: 44.4067, stage1_neg_loss: 0.0359, stage1_mean_ious: 0.1543, stage1_s: 0.0000, stage1_m: 0.0146, stage1_l: 0.1327, stage1_h: 0.1564, loss: 0.7385, grad_norm: 0.7327
2024-10-10 13:50:34,115 - mmdet - INFO - Epoch [5][150/300]	lr: 1.000e-01, eta: 0:27:02, time: 0.716, data_time: 0.013, memory: 8648, stage0_loss_instance_mil: 0.5277, stage0_bag_acc: 45.3065, stage0_mean_ious: 0.1594, stage0_s: 0.0036, stage0_m: 0.0249, stage0_l: 0.1197, stage0_h: 0.1625, stage1_loss_instance_mil: 0.1998, stage1_bag_acc: 34.7110, stage1_neg_loss: 0.0510, stage1_mean_ious: 0.1545, stage1_s: 0.0031, stage1_m: 0.0235, stage1_l: 0.1135, stage1_h: 0.1582, loss: 0.7785, grad_norm: 0.9601
2024-10-10 13:51:09,279 - mmdet - INFO - Epoch [5][200/300]	lr: 1.000e-01, eta: 0:26:25, time: 0.703, data_time: 0.013, memory: 8648, stage0_loss_instance_mil: 0.5408, stage0_bag_acc: 42.8374, stage0_mean_ious: 0.1337, stage0_s: 0.0000, stage0_m: 0.0125, stage0_l: 0.1382, stage0_h: 0.1246, stage1_loss_instance_mil: 0.2319, stage1_bag_acc: 31.3661, stage1_neg_loss: 0.0432, stage1_mean_ious: 0.1261, stage1_s: 0.0000, stage1_m: 0.0120, stage1_l: 0.1354, stage1_h: 0.1156, loss: 0.8159, grad_norm: 1.4182
2024-10-10 13:51:45,179 - mmdet - INFO - Epoch [5][250/300]	lr: 1.000e-01, eta: 0:25:49, time: 0.718, data_time: 0.013, memory: 8648, stage0_loss_instance_mil: 0.6044, stage0_bag_acc: 30.7311, stage0_mean_ious: 0.1201, stage0_s: 0.0000, stage0_m: 0.0138, stage0_l: 0.1211, stage0_h: 0.1085, stage1_loss_instance_mil: 0.1521, stage1_bag_acc: 26.8536, stage1_neg_loss: 0.0397, stage1_mean_ious: 0.1110, stage1_s: 0.0000, stage1_m: 0.0140, stage1_l: 0.1174, stage1_h: 0.0980, loss: 0.7962, grad_norm: 1.1592
2024-10-10 13:52:20,520 - mmdet - INFO - Exp name: P2BNet_r50_fpn_1x_coco_ms.py
2024-10-10 13:52:20,520 - mmdet - INFO - Epoch [5][300/300]	lr: 1.000e-01, eta: 0:25:12, time: 0.707, data_time: 0.013, memory: 8648, stage0_loss_instance_mil: 0.6220, stage0_bag_acc: 30.2658, stage0_mean_ious: 0.0501, stage0_s: 0.0000, stage0_m: 0.0409, stage0_l: 0.0766, stage0_h: 0.0360, stage1_loss_instance_mil: 0.1121, stage1_bag_acc: 33.4419, stage1_neg_loss: 0.0219, stage1_mean_ious: 0.0482, stage1_s: 0.0000, stage1_m: 0.0404, stage1_l: 0.0755, stage1_h: 0.0333, loss: 0.7560, grad_norm: 0.5331
2024-10-10 13:52:20,644 - mmdet - INFO - Saving checkpoint at 5 epochs
2024-10-10 13:54:19,349 - mmdet - INFO - Evaluating bbox...
2024-10-10 13:54:20,000 - mmdet - INFO -  Average Precision  (AP) @[ IoU=0.50:0.95 | area=   all | maxDets=100 ] = 0.0001
2024-10-10 13:54:20,000 - mmdet - INFO -  Average Precision  (AP) @[ IoU=0.50      | area=   all | maxDets=1000 ] = 0.0002
2024-10-10 13:54:20,001 - mmdet - INFO -  Average Precision  (AP) @[ IoU=0.60      | area=   all | maxDets=1000 ] = 0.0001
2024-10-10 13:54:20,001 - mmdet - INFO -  Average Precision  (AP) @[ IoU=0.70      | area=   all | maxDets=1000 ] = 0.0001
2024-10-10 13:54:20,001 - mmdet - INFO -  Average Precision  (AP) @[ IoU=0.75      | area=   all | maxDets=1000 ] = 0.0000
2024-10-10 13:54:20,001 - mmdet - INFO -  Average Precision  (AP) @[ IoU=0.80      | area=   all | maxDets=1000 ] = 0.0000
2024-10-10 13:54:20,001 - mmdet - INFO -  Average Precision  (AP) @[ IoU=0.90      | area=   all | maxDets=1000 ] = 0.0000
2024-10-10 13:54:20,001 - mmdet - INFO -  Average Precision  (AP) @[ IoU=0.50:0.95 | area= small | maxDets=1000 ] = 0.0003
2024-10-10 13:54:20,002 - mmdet - INFO -  Average Precision  (AP) @[ IoU=0.50:0.95 | area=medium | maxDets=1000 ] = 0.0000
2024-10-10 13:54:20,002 - mmdet - INFO -  Average Precision  (AP) @[ IoU=0.50:0.95 | area= large | maxDets=1000 ] = 0.0000
2024-10-10 13:54:20,002 - mmdet - INFO -  Average Recall     (AR) @[ IoU=0.50:0.95 | area=   all | maxDets=100 ] = 0.0016
2024-10-10 13:54:20,002 - mmdet - INFO -  Average Recall     (AR) @[ IoU=0.50      | area=   all | maxDets=100 ] = 0.0059
2024-10-10 13:54:20,002 - mmdet - INFO -  Average Recall     (AR) @[ IoU=0.50:0.95 | area=   all | maxDets=300 ] = 0.0016
2024-10-10 13:54:20,002 - mmdet - INFO -  Average Recall     (AR) @[ IoU=0.50:0.95 | area=   all | maxDets=1000 ] = 0.0016
2024-10-10 13:54:20,002 - mmdet - INFO -  Average Recall     (AR) @[ IoU=0.50:0.95 | area= small | maxDets=1000 ] = 0.0130
2024-10-10 13:54:20,002 - mmdet - INFO -  Average Recall     (AR) @[ IoU=0.50:0.95 | area=medium | maxDets=1000 ] = 0.0000
2024-10-10 13:54:20,002 - mmdet - INFO -  Average Recall     (AR) @[ IoU=0.50:0.95 | area= large | maxDets=1000 ] = 0.0000
2024-10-10 13:54:20,012 - mmdet - INFO - Exp name: P2BNet_r50_fpn_1x_coco_ms.py
2024-10-10 13:54:20,012 - mmdet - INFO - Epoch(val) [5][300]	eval_iter_num: 720, bbox_mAP: 0.0000, bbox_mAP_50: 0.0000, bbox_mAP_75: 0.0000, bbox_mAP_s: 0.0000, bbox_mAP_m: 0.0000, bbox_mAP_l: 0.0000, bbox_mAP_copypaste: 0.000 0.000 0.000 0.000 0.000 0.000
2024-10-10 13:54:58,337 - mmdet - INFO - Epoch [6][50/300]	lr: 1.000e-01, eta: 0:24:39, time: 0.766, data_time: 0.060, memory: 8648, stage0_loss_instance_mil: 0.6063, stage0_bag_acc: 25.1887, stage0_mean_ious: 0.0367, stage0_s: 0.0000, stage0_m: 0.0222, stage0_l: 0.0523, stage0_h: 0.0245, stage1_loss_instance_mil: 0.1069, stage1_bag_acc: 33.3171, stage1_neg_loss: 0.0263, stage1_mean_ious: 0.0358, stage1_s: 0.0000, stage1_m: 0.0194, stage1_l: 0.0522, stage1_h: 0.0236, loss: 0.7395, grad_norm: 0.5255
2024-10-10 13:55:33,688 - mmdet - INFO - Epoch [6][100/300]	lr: 1.000e-01, eta: 0:24:02, time: 0.707, data_time: 0.013, memory: 8648, stage0_loss_instance_mil: 0.6220, stage0_bag_acc: 23.1735, stage0_mean_ious: 0.0427, stage0_s: 0.0000, stage0_m: 0.0184, stage0_l: 0.0647, stage0_h: 0.0314, stage1_loss_instance_mil: 0.1140, stage1_bag_acc: 25.2662, stage1_neg_loss: 0.0519, stage1_mean_ious: 0.0407, stage1_s: 0.0000, stage1_m: 0.0189, stage1_l: 0.0613, stage1_h: 0.0297, loss: 0.7879, grad_norm: 1.1119
2024-10-10 13:56:09,484 - mmdet - INFO - Epoch [6][150/300]	lr: 1.000e-01, eta: 0:23:25, time: 0.716, data_time: 0.013, memory: 8648, stage0_loss_instance_mil: 0.6182, stage0_bag_acc: 30.8458, stage0_mean_ious: 0.0378, stage0_s: 0.0000, stage0_m: 0.0363, stage0_l: 0.0568, stage0_h: 0.0229, stage1_loss_instance_mil: 0.1106, stage1_bag_acc: 25.1617, stage1_neg_loss: 0.0235, stage1_mean_ious: 0.0358, stage1_s: 0.0000, stage1_m: 0.0331, stage1_l: 0.0539, stage1_h: 0.0217, loss: 0.7523, grad_norm: 0.3487
2024-10-10 13:56:44,495 - mmdet - INFO - Epoch [6][200/300]	lr: 1.000e-01, eta: 0:22:48, time: 0.700, data_time: 0.013, memory: 8648, stage0_loss_instance_mil: 0.6240, stage0_bag_acc: 27.6522, stage0_mean_ious: 0.0426, stage0_s: 0.0000, stage0_m: 0.0330, stage0_l: 0.0658, stage0_h: 0.0287, stage1_loss_instance_mil: 0.1041, stage1_bag_acc: 28.2492, stage1_neg_loss: 0.0202, stage1_mean_ious: 0.0401, stage1_s: 0.0000, stage1_m: 0.0277, stage1_l: 0.0622, stage1_h: 0.0273, loss: 0.7483, grad_norm: 0.2477
2024-10-10 13:57:19,086 - mmdet - INFO - Epoch [6][250/300]	lr: 1.000e-01, eta: 0:22:11, time: 0.692, data_time: 0.013, memory: 8648, stage0_loss_instance_mil: 0.6246, stage0_bag_acc: 22.8018, stage0_mean_ious: 0.0381, stage0_s: 0.0000, stage0_m: 0.0254, stage0_l: 0.0512, stage0_h: 0.0260, stage1_loss_instance_mil: 0.1010, stage1_bag_acc: 26.8775, stage1_neg_loss: 0.0204, stage1_mean_ious: 0.0367, stage1_s: 0.0000, stage1_m: 0.0218, stage1_l: 0.0501, stage1_h: 0.0251, loss: 0.7460, grad_norm: 0.2123
2024-10-10 13:57:54,902 - mmdet - INFO - Exp name: P2BNet_r50_fpn_1x_coco_ms.py
2024-10-10 13:57:54,903 - mmdet - INFO - Epoch [6][300/300]	lr: 1.000e-01, eta: 0:21:34, time: 0.716, data_time: 0.013, memory: 8648, stage0_loss_instance_mil: 0.6304, stage0_bag_acc: 20.2292, stage0_mean_ious: 0.0311, stage0_s: 0.0000, stage0_m: 0.0199, stage0_l: 0.0459, stage0_h: 0.0218, stage1_loss_instance_mil: 0.0955, stage1_bag_acc: 24.6355, stage1_neg_loss: 0.0241, stage1_mean_ious: 0.0312, stage1_s: 0.0000, stage1_m: 0.0191, stage1_l: 0.0455, stage1_h: 0.0219, loss: 0.7499, grad_norm: 0.2271
2024-10-10 13:57:54,993 - mmdet - INFO - Saving checkpoint at 6 epochs
2024-10-10 13:59:52,719 - mmdet - INFO - Evaluating bbox...
2024-10-10 13:59:53,467 - mmdet - INFO -  Average Precision  (AP) @[ IoU=0.50:0.95 | area=   all | maxDets=100 ] = 0.0000
2024-10-10 13:59:53,467 - mmdet - INFO -  Average Precision  (AP) @[ IoU=0.50      | area=   all | maxDets=1000 ] = 0.0002
2024-10-10 13:59:53,467 - mmdet - INFO -  Average Precision  (AP) @[ IoU=0.60      | area=   all | maxDets=1000 ] = 0.0001
2024-10-10 13:59:53,468 - mmdet - INFO -  Average Precision  (AP) @[ IoU=0.70      | area=   all | maxDets=1000 ] = 0.0000
2024-10-10 13:59:53,468 - mmdet - INFO -  Average Precision  (AP) @[ IoU=0.75      | area=   all | maxDets=1000 ] = 0.0000
2024-10-10 13:59:53,468 - mmdet - INFO -  Average Precision  (AP) @[ IoU=0.80      | area=   all | maxDets=1000 ] = 0.0000
2024-10-10 13:59:53,468 - mmdet - INFO -  Average Precision  (AP) @[ IoU=0.90      | area=   all | maxDets=1000 ] = 0.0000
2024-10-10 13:59:53,468 - mmdet - INFO -  Average Precision  (AP) @[ IoU=0.50:0.95 | area= small | maxDets=1000 ] = 0.0002
2024-10-10 13:59:53,468 - mmdet - INFO -  Average Precision  (AP) @[ IoU=0.50:0.95 | area=medium | maxDets=1000 ] = 0.0000
2024-10-10 13:59:53,468 - mmdet - INFO -  Average Precision  (AP) @[ IoU=0.50:0.95 | area= large | maxDets=1000 ] = 0.0000
2024-10-10 13:59:53,468 - mmdet - INFO -  Average Recall     (AR) @[ IoU=0.50:0.95 | area=   all | maxDets=100 ] = 0.0016
2024-10-10 13:59:53,469 - mmdet - INFO -  Average Recall     (AR) @[ IoU=0.50      | area=   all | maxDets=100 ] = 0.0062
2024-10-10 13:59:53,469 - mmdet - INFO -  Average Recall     (AR) @[ IoU=0.50:0.95 | area=   all | maxDets=300 ] = 0.0016
2024-10-10 13:59:53,469 - mmdet - INFO -  Average Recall     (AR) @[ IoU=0.50:0.95 | area=   all | maxDets=1000 ] = 0.0016
2024-10-10 13:59:53,469 - mmdet - INFO -  Average Recall     (AR) @[ IoU=0.50:0.95 | area= small | maxDets=1000 ] = 0.0072
2024-10-10 13:59:53,469 - mmdet - INFO -  Average Recall     (AR) @[ IoU=0.50:0.95 | area=medium | maxDets=1000 ] = 0.0000
2024-10-10 13:59:53,469 - mmdet - INFO -  Average Recall     (AR) @[ IoU=0.50:0.95 | area= large | maxDets=1000 ] = 0.0000
2024-10-10 13:59:53,483 - mmdet - INFO - Exp name: P2BNet_r50_fpn_1x_coco_ms.py
2024-10-10 13:59:53,484 - mmdet - INFO - Epoch(val) [6][300]	eval_iter_num: 720, bbox_mAP: 0.0000, bbox_mAP_50: 0.0000, bbox_mAP_75: 0.0000, bbox_mAP_s: 0.0000, bbox_mAP_m: 0.0000, bbox_mAP_l: 0.0000, bbox_mAP_copypaste: 0.000 0.000 0.000 0.000 0.000 0.000
2024-10-10 14:00:30,631 - mmdet - INFO - Epoch [7][50/300]	lr: 1.000e-01, eta: 0:21:00, time: 0.743, data_time: 0.059, memory: 8648, stage0_loss_instance_mil: 0.6331, stage0_bag_acc: 19.1863, stage0_mean_ious: 0.0336, stage0_s: 0.0000, stage0_m: 0.0159, stage0_l: 0.0617, stage0_h: 0.0203, stage1_loss_instance_mil: 0.0960, stage1_bag_acc: 18.5276, stage1_neg_loss: 0.0221, stage1_mean_ious: 0.0320, stage1_s: 0.0000, stage1_m: 0.0149, stage1_l: 0.0566, stage1_h: 0.0196, loss: 0.7512, grad_norm: 0.2371
2024-10-10 14:01:05,600 - mmdet - INFO - Epoch [7][100/300]	lr: 1.000e-01, eta: 0:20:23, time: 0.699, data_time: 0.012, memory: 8648, stage0_loss_instance_mil: 0.6276, stage0_bag_acc: 18.3464, stage0_mean_ious: 0.0396, stage0_s: 0.0000, stage0_m: 0.0197, stage0_l: 0.0629, stage0_h: 0.0242, stage1_loss_instance_mil: 0.0981, stage1_bag_acc: 20.6337, stage1_neg_loss: 0.0220, stage1_mean_ious: 0.0394, stage1_s: 0.0000, stage1_m: 0.0177, stage1_l: 0.0618, stage1_h: 0.0255, loss: 0.7477, grad_norm: 0.2022
