2024-03-04 13:44:32,124 - mmdet - INFO - Environment info:
------------------------------------------------------------
sys.platform: linux
Python: 3.7.16 (default, Jan 17 2023, 22:20:44) [GCC 11.2.0]
CUDA available: True
GPU 0,1,2,3,4,5,6,7: NVIDIA GeForce RTX 3090
CUDA_HOME: /usr/local/cuda-12.0
NVCC: Build cuda_12.0.r12.0/compiler.31968024_0
GCC: gcc (Ubuntu 7.5.0-3ubuntu1~18.04) 7.5.0
PyTorch: 1.7.0
PyTorch compiling details: PyTorch built with:
  - GCC 7.3
  - C++ Version: 201402
  - Intel(R) oneAPI Math Kernel Library Version 2021.4-Product Build 20210904 for Intel(R) 64 architecture applications
  - Intel(R) MKL-DNN v1.6.0 (Git Hash 5ef631a030a6f73131c77892041042805a06064f)
  - OpenMP 201511 (a.k.a. OpenMP 4.5)
  - NNPACK is enabled
  - CPU capability usage: AVX2
  - CUDA Runtime 11.0
  - NVCC architecture flags: -gencode;arch=compute_37,code=sm_37;-gencode;arch=compute_50,code=sm_50;-gencode;arch=compute_60,code=sm_60;-gencode;arch=compute_61,code=sm_61;-gencode;arch=compute_70,code=sm_70;-gencode;arch=compute_75,code=sm_75;-gencode;arch=compute_80,code=sm_80;-gencode;arch=compute_37,code=compute_37
  - CuDNN 8.0.3
  - Magma 2.5.2
  - Build settings: BLAS=MKL, BUILD_TYPE=Release, CXX_FLAGS= -Wno-deprecated -fvisibility-inlines-hidden -DUSE_PTHREADPOOL -fopenmp -DNDEBUG -DUSE_FBGEMM -DUSE_QNNPACK -DUSE_PYTORCH_QNNPACK -DUSE_XNNPACK -DUSE_VULKAN_WRAPPER -O2 -fPIC -Wno-narrowing -Wall -Wextra -Werror=return-type -Wno-missing-field-initializers -Wno-type-limits -Wno-array-bounds -Wno-unknown-pragmas -Wno-sign-compare -Wno-unused-parameter -Wno-unused-variable -Wno-unused-function -Wno-unused-result -Wno-unused-local-typedefs -Wno-strict-overflow -Wno-strict-aliasing -Wno-error=deprecated-declarations -Wno-stringop-overflow -Wno-psabi -Wno-error=pedantic -Wno-error=redundant-decls -Wno-error=old-style-cast -fdiagnostics-color=always -faligned-new -Wno-unused-but-set-variable -Wno-maybe-uninitialized -fno-math-errno -fno-trapping-math -Werror=format -Wno-stringop-overflow, PERF_WITH_AVX=1, PERF_WITH_AVX2=1, PERF_WITH_AVX512=1, USE_CUDA=ON, USE_EXCEPTION_PTR=1, USE_GFLAGS=OFF, USE_GLOG=OFF, USE_MKL=ON, USE_MKLDNN=ON, USE_MPI=OFF, USE_NCCL=ON, USE_NNPACK=ON, USE_OPENMP=ON, 

TorchVision: 0.8.0
OpenCV: 4.8.1
MMCV: 1.3.3
MMCV Compiler: GCC 7.3
MMCV CUDA Compiler: 11.0
MMDetection: 2.13.0+c820f32
------------------------------------------------------------

2024-03-04 13:44:33,970 - mmdet - INFO - Distributed training: False
2024-03-04 13:44:35,604 - mmdet - INFO - Config:
checkpoint_config = dict(interval=1)
log_config = dict(interval=50, hooks=[dict(type='TextLoggerHook')])
custom_hooks = [dict(type='NumClassCheckHook')]
dist_params = dict(backend='nccl')
log_level = 'INFO'
load_from = '../TOV_mmdetection_cache/work_dir/coco/pre_trained/P2B.pth'
resume_from = None
workflow = [('train', 1)]
norm_cfg = dict(type='GN', num_groups=32, requires_grad=True)
debug = False
num_stages = 2
model = dict(
    type='P2BNet',
    pretrained='torchvision://resnet50',
    backbone=dict(
        type='ResNet',
        depth=50,
        num_stages=4,
        out_indices=(0, 1, 2, 3),
        frozen_stages=1,
        norm_cfg=dict(type='BN', requires_grad=True),
        norm_eval=True,
        style='pytorch'),
    neck=dict(
        type='FPN',
        in_channels=[256, 512, 1024, 2048],
        out_channels=256,
        start_level=0,
        add_extra_convs='on_input',
        num_outs=4,
        norm_cfg=dict(type='GN', num_groups=32, requires_grad=True)),
    roi_head=dict(
        type='P2BHead',
        num_stages=2,
        top_k=7,
        with_atten=False,
        bbox_roi_extractor=dict(
            type='SingleRoIExtractor',
            roi_layer=dict(type='RoIAlign', output_size=7),
            out_channels=256,
            featmap_strides=[4, 8, 16, 32]),
        bbox_head=dict(
            type='Shared2FCInstanceMILHead',
            num_stages=2,
            with_loss_pseudo=False,
            in_channels=256,
            fc_out_channels=1024,
            roi_feat_size=7,
            num_classes=6,
            num_ref_fcs=0,
            bbox_coder=dict(
                type='DeltaXYWHBBoxCoder',
                target_means=[0.0, 0.0, 0.0, 0.0],
                target_stds=[0.1, 0.1, 0.2, 0.2]),
            reg_class_agnostic=True,
            loss_type='MIL',
            loss_mil1=dict(
                type='MILLoss',
                binary_ins=False,
                loss_weight=0.25,
                loss_type='binary_cross_entropy'),
            loss_mil2=dict(
                type='MILLoss',
                binary_ins=False,
                loss_weight=0.25,
                loss_type='gfocal_loss'))),
    train_cfg=dict(
        base_proposal=dict(
            base_scales=[4, 8, 16, 32, 64, 128],
            base_ratios=[
                0.3333333333333333, 0.5, 0.6666666666666666, 1.0, 1.5, 2.0, 3.0
            ],
            shake_ratio=None,
            cut_mode='symmetry',
            gen_num_neg=0),
        fine_proposal=dict(
            gen_proposal_mode='fix_gen',
            cut_mode=None,
            shake_ratio=[0.1],
            base_ratios=[1, 1.2, 1.3, 0.8, 0.7],
            iou_thr=0.3,
            gen_num_neg=500),
        rcnn=None),
    test_cfg=dict(rpn=None, rcnn=None))
dataset_type = 'CocoFmtDataset'
data_root = 'data/coco/'
img_norm_cfg = dict(
    mean=[123.675, 116.28, 103.53], std=[58.395, 57.12, 57.375], to_rgb=True)
train_pipeline = [
    dict(type='LoadImageFromFile'),
    dict(type='LoadAnnotations', with_bbox=True),
    dict(
        type='Resize',
        img_scale=[(2000, 480), (2000, 576), (2000, 688), (2000, 864),
                   (2000, 1000), (2000, 1200)],
        multiscale_mode='value',
        keep_ratio=True),
    dict(type='RandomFlip', flip_ratio=0.5),
    dict(
        type='Normalize',
        mean=[123.675, 116.28, 103.53],
        std=[58.395, 57.12, 57.375],
        to_rgb=True),
    dict(type='Pad', size_divisor=32),
    dict(type='DefaultFormatBundle'),
    dict(
        type='Collect',
        keys=[
            'img', 'gt_bboxes', 'gt_labels', 'gt_bboxes_ignore',
            'gt_true_bboxes'
        ])
]
test_scale = 1200
test_pipeline = [
    dict(type='LoadImageFromFile'),
    dict(type='LoadAnnotations', with_bbox=True),
    dict(
        type='MultiScaleFlipAug',
        img_scale=(2000, 1200),
        flip=False,
        transforms=[
            dict(type='Resize', keep_ratio=True),
            dict(type='RandomFlip'),
            dict(
                type='Normalize',
                mean=[123.675, 116.28, 103.53],
                std=[58.395, 57.12, 57.375],
                to_rgb=True),
            dict(type='Pad', size_divisor=32),
            dict(type='DefaultFormatBundle'),
            dict(
                type='Collect',
                keys=[
                    'img', 'gt_bboxes', 'gt_labels', 'gt_bboxes_ignore',
                    'gt_anns_id', 'gt_true_bboxes'
                ])
        ])
]
data = dict(
    samples_per_gpu=4,
    workers_per_gpu=1,
    shuffle=None,
    train=dict(
        type='CocoFmtDataset',
        ann_file='data/coco/annotations_qc_pt/instances_train2017_coarse.json',
        img_prefix='data/coco/images/train/',
        pipeline=[
            dict(type='LoadImageFromFile'),
            dict(type='LoadAnnotations', with_bbox=True),
            dict(
                type='Resize',
                img_scale=[(2000, 480), (2000, 576), (2000, 688), (2000, 864),
                           (2000, 1000), (2000, 1200)],
                multiscale_mode='value',
                keep_ratio=True),
            dict(type='RandomFlip', flip_ratio=0.5),
            dict(
                type='Normalize',
                mean=[123.675, 116.28, 103.53],
                std=[58.395, 57.12, 57.375],
                to_rgb=True),
            dict(type='Pad', size_divisor=32),
            dict(type='DefaultFormatBundle'),
            dict(
                type='Collect',
                keys=[
                    'img', 'gt_bboxes', 'gt_labels', 'gt_bboxes_ignore',
                    'gt_true_bboxes'
                ])
        ]),
    val=dict(
        samples_per_gpu=2,
        type='CocoFmtDataset',
        ann_file='data/coco/annotations_qc_pt/instances_train2017_coarse.json',
        img_prefix='data/coco/images/train/',
        pipeline=[
            dict(type='LoadImageFromFile'),
            dict(type='LoadAnnotations', with_bbox=True),
            dict(
                type='MultiScaleFlipAug',
                img_scale=(2000, 1200),
                flip=False,
                transforms=[
                    dict(type='Resize', keep_ratio=True),
                    dict(type='RandomFlip'),
                    dict(
                        type='Normalize',
                        mean=[123.675, 116.28, 103.53],
                        std=[58.395, 57.12, 57.375],
                        to_rgb=True),
                    dict(type='Pad', size_divisor=32),
                    dict(type='DefaultFormatBundle'),
                    dict(
                        type='Collect',
                        keys=[
                            'img', 'gt_bboxes', 'gt_labels',
                            'gt_bboxes_ignore', 'gt_anns_id', 'gt_true_bboxes'
                        ])
                ])
        ],
        test_mode=False),
    test=dict(
        samples_per_gpu=2,
        type='CocoFmtDataset',
        ann_file='data/coco/annotations/instances_val.json',
        img_prefix='data/coco/images/val/',
        pipeline=[
            dict(type='LoadImageFromFile'),
            dict(type='LoadAnnotations', with_bbox=True),
            dict(
                type='MultiScaleFlipAug',
                img_scale=(2000, 1200),
                flip=False,
                transforms=[
                    dict(type='Resize', keep_ratio=True),
                    dict(type='RandomFlip'),
                    dict(
                        type='Normalize',
                        mean=[123.675, 116.28, 103.53],
                        std=[58.395, 57.12, 57.375],
                        to_rgb=True),
                    dict(type='Pad', size_divisor=32),
                    dict(type='DefaultFormatBundle'),
                    dict(
                        type='Collect',
                        keys=[
                            'img', 'gt_bboxes', 'gt_labels',
                            'gt_bboxes_ignore', 'gt_anns_id', 'gt_true_bboxes'
                        ])
                ])
        ],
        test_mode=False))
check = dict(stop_while_nan=False)
optimizer = dict(type='SGD', lr=0.1, momentum=0.9, weight_decay=0.0001)
optimizer_config = dict(grad_clip=dict(max_norm=35, norm_type=2))
lr_config = dict(
    policy='step',
    warmup='linear',
    warmup_iters=500,
    warmup_ratio=0.001,
    step=[8, 11])
runner = dict(type='EpochBasedRunner', max_epochs=24)
work_dir = '../TOV_mmdetection_cache/work_dir/coco/'
evaluation = dict(
    interval=1,
    metric='bbox',
    save_result_file=
    '../TOV_mmdetection_cache/work_dir/coco/_1200_latest_result.json',
    do_first_eval=False,
    do_final_eval=True)
gpu_ids = range(0, 1)

2024-03-04 13:44:40,945 - mmdet - INFO - load checkpoint from ../TOV_mmdetection_cache/work_dir/coco/pre_trained/P2B.pth
2024-03-04 13:44:40,946 - mmdet - INFO - Use load_from_local loader
2024-03-04 13:44:41,370 - mmdet - WARNING - The model and loaded state dict do not match exactly

size mismatch for roi_head.bbox_head.fc_cls.0.weight: copying a param with shape torch.Size([81, 1024]) from checkpoint, the shape in current model is torch.Size([7, 1024]).
size mismatch for roi_head.bbox_head.fc_cls.0.bias: copying a param with shape torch.Size([81]) from checkpoint, the shape in current model is torch.Size([7]).
size mismatch for roi_head.bbox_head.fc_cls.1.weight: copying a param with shape torch.Size([80, 1024]) from checkpoint, the shape in current model is torch.Size([6, 1024]).
size mismatch for roi_head.bbox_head.fc_cls.1.bias: copying a param with shape torch.Size([80]) from checkpoint, the shape in current model is torch.Size([6]).
size mismatch for roi_head.bbox_head.fc_ins.0.weight: copying a param with shape torch.Size([81, 1024]) from checkpoint, the shape in current model is torch.Size([7, 1024]).
size mismatch for roi_head.bbox_head.fc_ins.0.bias: copying a param with shape torch.Size([81]) from checkpoint, the shape in current model is torch.Size([7]).
size mismatch for roi_head.bbox_head.fc_ins.1.weight: copying a param with shape torch.Size([80, 1024]) from checkpoint, the shape in current model is torch.Size([6, 1024]).
size mismatch for roi_head.bbox_head.fc_ins.1.bias: copying a param with shape torch.Size([80]) from checkpoint, the shape in current model is torch.Size([6]).
2024-03-04 13:44:41,378 - mmdet - INFO - Start running, host: lxz@user-SYS-4029GP-TRT2, work_dir: /home/lxz/P2BNet/TOV_mmdetection_cache/work_dir/coco
2024-03-04 13:44:41,378 - mmdet - INFO - workflow: [('train', 1)], max: 24 epochs
2024-03-04 13:45:14,152 - mmdet - INFO - Epoch [1][50/360]	lr: 9.890e-03, eta: 1:33:49, time: 0.655, data_time: 0.065, memory: 8574, stage0_loss_instance_mil: 0.6283, stage0_bag_acc: 37.0771, stage0_mean_ious: 0.3833, stage0_s: 0.0000, stage0_m: 0.0540, stage0_l: 0.1442, stage0_h: 0.3997, stage1_loss_instance_mil: 0.2177, stage1_bag_acc: 33.3074, stage1_neg_loss: 0.0187, stage1_mean_ious: 0.3655, stage1_s: 0.0000, stage1_m: 0.0507, stage1_l: 0.1388, stage1_h: 0.3822, loss: 0.8647, grad_norm: 5.0055
2024-03-04 13:45:43,982 - mmdet - INFO - Epoch [1][100/360]	lr: 1.988e-02, eta: 1:29:05, time: 0.597, data_time: 0.018, memory: 8574, stage0_loss_instance_mil: 0.5454, stage0_bag_acc: 50.5374, stage0_mean_ious: 0.2860, stage0_s: 0.0000, stage0_m: 0.0590, stage0_l: 0.2321, stage0_h: 0.2797, stage1_loss_instance_mil: 0.2875, stage1_bag_acc: 45.3923, stage1_neg_loss: 0.1036, stage1_mean_ious: 0.2749, stage1_s: 0.0000, stage1_m: 0.0686, stage1_l: 0.2191, stage1_h: 0.2690, loss: 0.9365, grad_norm: 5.7383
2024-03-04 13:46:13,227 - mmdet - INFO - Epoch [1][150/360]	lr: 2.987e-02, eta: 1:26:38, time: 0.585, data_time: 0.019, memory: 8574, stage0_loss_instance_mil: 0.6691, stage0_bag_acc: 23.8584, stage0_mean_ious: 0.3732, stage0_s: 0.0000, stage0_m: 0.0140, stage0_l: 0.1647, stage0_h: 0.3804, stage1_loss_instance_mil: 0.1868, stage1_bag_acc: 31.4524, stage1_neg_loss: 0.0138, stage1_mean_ious: 0.3568, stage1_s: 0.0000, stage1_m: 0.0135, stage1_l: 0.1601, stage1_h: 0.3637, loss: 0.8696, grad_norm: 1.5586
2024-03-04 13:46:41,049 - mmdet - INFO - Epoch [1][200/360]	lr: 3.986e-02, eta: 1:24:09, time: 0.556, data_time: 0.018, memory: 8574, stage0_loss_instance_mil: 0.6627, stage0_bag_acc: 30.0446, stage0_mean_ious: 0.3369, stage0_s: 0.0000, stage0_m: 0.0123, stage0_l: 0.1495, stage0_h: 0.3557, stage1_loss_instance_mil: 0.1970, stage1_bag_acc: 28.3926, stage1_neg_loss: 0.0064, stage1_mean_ious: 0.3297, stage1_s: 0.0000, stage1_m: 0.0121, stage1_l: 0.1629, stage1_h: 0.3458, loss: 0.8661, grad_norm: 1.0936
2024-03-04 13:47:10,036 - mmdet - INFO - Epoch [1][250/360]	lr: 4.985e-02, eta: 1:23:08, time: 0.580, data_time: 0.018, memory: 8574, stage0_loss_instance_mil: 0.6707, stage0_bag_acc: 22.6075, stage0_mean_ious: 0.4362, stage0_s: 0.0000, stage0_m: 0.0151, stage0_l: 0.2383, stage0_h: 0.4520, stage1_loss_instance_mil: 0.1416, stage1_bag_acc: 34.2860, stage1_neg_loss: 0.0135, stage1_mean_ious: 0.4233, stage1_s: 0.0000, stage1_m: 0.0164, stage1_l: 0.2499, stage1_h: 0.4337, loss: 0.8257, grad_norm: 0.9788
2024-03-04 13:47:39,152 - mmdet - INFO - Epoch [1][300/360]	lr: 5.984e-02, eta: 1:22:21, time: 0.582, data_time: 0.018, memory: 8574, stage0_loss_instance_mil: 0.6612, stage0_bag_acc: 29.1060, stage0_mean_ious: 0.3375, stage0_s: 0.0000, stage0_m: 0.0144, stage0_l: 0.1905, stage0_h: 0.3431, stage1_loss_instance_mil: 0.1852, stage1_bag_acc: 28.5400, stage1_neg_loss: 0.0089, stage1_mean_ious: 0.3316, stage1_s: 0.0000, stage1_m: 0.0157, stage1_l: 0.2153, stage1_h: 0.3282, loss: 0.8553, grad_norm: 0.8097
2024-03-04 13:48:08,710 - mmdet - INFO - Epoch [1][350/360]	lr: 6.983e-02, eta: 1:21:50, time: 0.591, data_time: 0.018, memory: 8574, stage0_loss_instance_mil: 0.6303, stage0_bag_acc: 31.8179, stage0_mean_ious: 0.3337, stage0_s: 0.0000, stage0_m: 0.0017, stage0_l: 0.1758, stage0_h: 0.3365, stage1_loss_instance_mil: 0.1791, stage1_bag_acc: 34.0835, stage1_neg_loss: 0.0153, stage1_mean_ious: 0.3200, stage1_s: 0.0000, stage1_m: 0.0011, stage1_l: 0.1652, stage1_h: 0.3236, loss: 0.8247, grad_norm: 1.1399
2024-03-04 13:48:14,507 - mmdet - INFO - Saving checkpoint at 1 epochs
2024-03-04 13:50:25,478 - mmdet - INFO - Evaluating bbox...
2024-03-04 13:50:27,304 - mmdet - INFO -  Average Precision  (AP) @[ IoU=0.50:0.95 | area=   all | maxDets=100 ] = 0.0657
2024-03-04 13:50:27,305 - mmdet - INFO -  Average Precision  (AP) @[ IoU=0.50      | area=   all | maxDets=1000 ] = 0.1435
2024-03-04 13:50:27,305 - mmdet - INFO -  Average Precision  (AP) @[ IoU=0.60      | area=   all | maxDets=1000 ] = 0.1191
2024-03-04 13:50:27,305 - mmdet - INFO -  Average Precision  (AP) @[ IoU=0.70      | area=   all | maxDets=1000 ] = 0.0859
2024-03-04 13:50:27,305 - mmdet - INFO -  Average Precision  (AP) @[ IoU=0.75      | area=   all | maxDets=1000 ] = 0.0612
2024-03-04 13:50:27,305 - mmdet - INFO -  Average Precision  (AP) @[ IoU=0.80      | area=   all | maxDets=1000 ] = 0.0172
2024-03-04 13:50:27,306 - mmdet - INFO -  Average Precision  (AP) @[ IoU=0.90      | area=   all | maxDets=1000 ] = 0.0000
2024-03-04 13:50:27,306 - mmdet - INFO -  Average Precision  (AP) @[ IoU=0.50:0.95 | area= small | maxDets=1000 ] = 0.1096
2024-03-04 13:50:27,306 - mmdet - INFO -  Average Precision  (AP) @[ IoU=0.50:0.95 | area=medium | maxDets=1000 ] = 0.0764
2024-03-04 13:50:27,306 - mmdet - INFO -  Average Precision  (AP) @[ IoU=0.50:0.95 | area= large | maxDets=1000 ] = 0.1085
2024-03-04 13:50:27,307 - mmdet - INFO -  Average Recall     (AR) @[ IoU=0.50:0.95 | area=   all | maxDets=100 ] = 0.0898
2024-03-04 13:50:27,307 - mmdet - INFO -  Average Recall     (AR) @[ IoU=0.50:0.95 | area=   all | maxDets=300 ] = 0.0898
2024-03-04 13:50:27,307 - mmdet - INFO -  Average Recall     (AR) @[ IoU=0.50:0.95 | area=   all | maxDets=1000 ] = 0.0898
2024-03-04 13:50:27,307 - mmdet - INFO -  Average Recall     (AR) @[ IoU=0.50:0.95 | area= small | maxDets=1000 ] = 0.1555
2024-03-04 13:50:27,307 - mmdet - INFO -  Average Recall     (AR) @[ IoU=0.50:0.95 | area=medium | maxDets=1000 ] = 0.0982
2024-03-04 13:50:27,307 - mmdet - INFO -  Average Recall     (AR) @[ IoU=0.50:0.95 | area= large | maxDets=1000 ] = 0.1095
2024-03-04 13:50:27,350 - mmdet - INFO - Exp name: P2BNet_r50_fpn_1x_coco_ms.py
2024-03-04 13:50:27,352 - mmdet - INFO - Epoch(val) [1][360]	eval_iter_num: 720, bbox_mAP: 0.0660, bbox_mAP_50: 0.1430, bbox_mAP_75: 0.1190, bbox_mAP_s: 0.0860, bbox_mAP_m: 0.0610, bbox_mAP_l: 0.0170, bbox_mAP_copypaste: 0.066 0.143 0.119 0.086 0.061 0.017
2024-03-04 13:50:58,991 - mmdet - INFO - Epoch [2][50/360]	lr: 8.182e-02, eta: 1:19:56, time: 0.632, data_time: 0.066, memory: 8574, stage0_loss_instance_mil: 0.6540, stage0_bag_acc: 26.8899, stage0_mean_ious: 0.3254, stage0_s: 0.0000, stage0_m: 0.0029, stage0_l: 0.1638, stage0_h: 0.3323, stage1_loss_instance_mil: 0.1869, stage1_bag_acc: 40.9449, stage1_neg_loss: 0.0176, stage1_mean_ious: 0.3145, stage1_s: 0.0000, stage1_m: 0.0036, stage1_l: 0.1645, stage1_h: 0.3185, loss: 0.8585, grad_norm: 1.0698
2024-03-04 13:51:28,345 - mmdet - INFO - Epoch [2][100/360]	lr: 9.181e-02, eta: 1:19:30, time: 0.587, data_time: 0.019, memory: 8581, stage0_loss_instance_mil: 0.6778, stage0_bag_acc: 21.0910, stage0_mean_ious: 0.3239, stage0_s: 0.0000, stage0_m: 0.0240, stage0_l: 0.1264, stage0_h: 0.3311, stage1_loss_instance_mil: 0.1270, stage1_bag_acc: 38.6811, stage1_neg_loss: 0.0104, stage1_mean_ious: 0.3064, stage1_s: 0.0000, stage1_m: 0.0206, stage1_l: 0.1339, stage1_h: 0.3087, loss: 0.8153, grad_norm: 0.6011
2024-03-04 13:51:58,677 - mmdet - INFO - Epoch [2][150/360]	lr: 1.000e-01, eta: 1:19:20, time: 0.607, data_time: 0.018, memory: 8581, stage0_loss_instance_mil: 0.6745, stage0_bag_acc: 26.2086, stage0_mean_ious: 0.3291, stage0_s: 0.0000, stage0_m: 0.0023, stage0_l: 0.1281, stage0_h: 0.3452, stage1_loss_instance_mil: 0.1372, stage1_bag_acc: 33.0546, stage1_neg_loss: 0.0127, stage1_mean_ious: 0.3172, stage1_s: 0.0000, stage1_m: 0.0017, stage1_l: 0.1465, stage1_h: 0.3277, loss: 0.8244, grad_norm: 0.6687
2024-03-04 13:52:27,382 - mmdet - INFO - Epoch [2][200/360]	lr: 1.000e-01, eta: 1:18:42, time: 0.574, data_time: 0.018, memory: 8581, stage0_loss_instance_mil: 0.6718, stage0_bag_acc: 23.8791, stage0_mean_ious: 0.3764, stage0_s: 0.0000, stage0_m: 0.0168, stage0_l: 0.1722, stage0_h: 0.3890, stage1_loss_instance_mil: 0.1348, stage1_bag_acc: 33.3517, stage1_neg_loss: 0.0142, stage1_mean_ious: 0.3533, stage1_s: 0.0000, stage1_m: 0.0202, stage1_l: 0.1625, stage1_h: 0.3631, loss: 0.8208, grad_norm: 0.6348
2024-03-04 13:52:54,822 - mmdet - INFO - Epoch [2][250/360]	lr: 1.000e-01, eta: 1:17:50, time: 0.549, data_time: 0.018, memory: 8581, stage0_loss_instance_mil: 0.6599, stage0_bag_acc: 27.9940, stage0_mean_ious: 0.3378, stage0_s: 0.0000, stage0_m: 0.0553, stage0_l: 0.1856, stage0_h: 0.3451, stage1_loss_instance_mil: 0.1559, stage1_bag_acc: 27.9927, stage1_neg_loss: 0.0339, stage1_mean_ious: 0.3293, stage1_s: 0.0000, stage1_m: 0.0581, stage1_l: 0.1904, stage1_h: 0.3357, loss: 0.8498, grad_norm: 1.2189
2024-03-04 13:53:23,306 - mmdet - INFO - Epoch [2][300/360]	lr: 1.000e-01, eta: 1:17:13, time: 0.570, data_time: 0.019, memory: 8581, stage0_loss_instance_mil: 0.6814, stage0_bag_acc: 22.8837, stage0_mean_ious: 0.3477, stage0_s: 0.0000, stage0_m: 0.0161, stage0_l: 0.1287, stage0_h: 0.3653, stage1_loss_instance_mil: 0.1333, stage1_bag_acc: 26.6628, stage1_neg_loss: 0.0105, stage1_mean_ious: 0.3324, stage1_s: 0.0000, stage1_m: 0.0193, stage1_l: 0.1397, stage1_h: 0.3468, loss: 0.8252, grad_norm: 0.4823
2024-03-04 13:53:51,446 - mmdet - INFO - Epoch [2][350/360]	lr: 1.000e-01, eta: 1:16:34, time: 0.563, data_time: 0.019, memory: 8581, stage0_loss_instance_mil: 0.6715, stage0_bag_acc: 23.7546, stage0_mean_ious: 0.3456, stage0_s: 0.0000, stage0_m: 0.0154, stage0_l: 0.1356, stage0_h: 0.3610, stage1_loss_instance_mil: 0.1362, stage1_bag_acc: 24.9475, stage1_neg_loss: 0.1808, stage1_mean_ious: 0.3463, stage1_s: 0.0000, stage1_m: 0.0171, stage1_l: 0.1393, stage1_h: 0.3586, loss: 0.9884, grad_norm: 3.6350
2024-03-04 13:53:57,536 - mmdet - INFO - Saving checkpoint at 2 epochs
2024-03-04 13:56:08,866 - mmdet - INFO - Evaluating bbox...
2024-03-04 13:56:10,782 - mmdet - INFO -  Average Precision  (AP) @[ IoU=0.50:0.95 | area=   all | maxDets=100 ] = 0.0369
2024-03-04 13:56:10,782 - mmdet - INFO -  Average Precision  (AP) @[ IoU=0.50      | area=   all | maxDets=1000 ] = 0.1660
2024-03-04 13:56:10,782 - mmdet - INFO -  Average Precision  (AP) @[ IoU=0.60      | area=   all | maxDets=1000 ] = 0.0354
2024-03-04 13:56:10,782 - mmdet - INFO -  Average Precision  (AP) @[ IoU=0.70      | area=   all | maxDets=1000 ] = 0.0008
2024-03-04 13:56:10,782 - mmdet - INFO -  Average Precision  (AP) @[ IoU=0.75      | area=   all | maxDets=1000 ] = 0.0003
2024-03-04 13:56:10,783 - mmdet - INFO -  Average Precision  (AP) @[ IoU=0.80      | area=   all | maxDets=1000 ] = 0.0001
2024-03-04 13:56:10,783 - mmdet - INFO -  Average Precision  (AP) @[ IoU=0.90      | area=   all | maxDets=1000 ] = 0.0000
2024-03-04 13:56:10,783 - mmdet - INFO -  Average Precision  (AP) @[ IoU=0.50:0.95 | area= small | maxDets=1000 ] = 0.0754
2024-03-04 13:56:10,783 - mmdet - INFO -  Average Precision  (AP) @[ IoU=0.50:0.95 | area=medium | maxDets=1000 ] = 0.0363
2024-03-04 13:56:10,783 - mmdet - INFO -  Average Precision  (AP) @[ IoU=0.50:0.95 | area= large | maxDets=1000 ] = 0.0370
2024-03-04 13:56:10,783 - mmdet - INFO -  Average Recall     (AR) @[ IoU=0.50:0.95 | area=   all | maxDets=100 ] = 0.0507
2024-03-04 13:56:10,784 - mmdet - INFO -  Average Recall     (AR) @[ IoU=0.50:0.95 | area=   all | maxDets=300 ] = 0.0507
2024-03-04 13:56:10,784 - mmdet - INFO -  Average Recall     (AR) @[ IoU=0.50:0.95 | area=   all | maxDets=1000 ] = 0.0507
2024-03-04 13:56:10,784 - mmdet - INFO -  Average Recall     (AR) @[ IoU=0.50:0.95 | area= small | maxDets=1000 ] = 0.0878
2024-03-04 13:56:10,784 - mmdet - INFO -  Average Recall     (AR) @[ IoU=0.50:0.95 | area=medium | maxDets=1000 ] = 0.0479
2024-03-04 13:56:10,784 - mmdet - INFO -  Average Recall     (AR) @[ IoU=0.50:0.95 | area= large | maxDets=1000 ] = 0.0369
2024-03-04 13:56:10,831 - mmdet - INFO - Exp name: P2BNet_r50_fpn_1x_coco_ms.py
2024-03-04 13:56:10,833 - mmdet - INFO - Epoch(val) [2][360]	eval_iter_num: 720, bbox_mAP: 0.0370, bbox_mAP_50: 0.1660, bbox_mAP_75: 0.0350, bbox_mAP_s: 0.0010, bbox_mAP_m: 0.0000, bbox_mAP_l: 0.0000, bbox_mAP_copypaste: 0.037 0.166 0.035 0.001 0.000 0.000
2024-03-04 13:56:40,942 - mmdet - INFO - Epoch [3][50/360]	lr: 1.000e-01, eta: 1:15:12, time: 0.602, data_time: 0.065, memory: 8581, stage0_loss_instance_mil: 0.6648, stage0_bag_acc: 20.9310, stage0_mean_ious: 0.3525, stage0_s: 0.0000, stage0_m: 0.0293, stage0_l: 0.1554, stage0_h: 0.3798, stage1_loss_instance_mil: 0.1317, stage1_bag_acc: 23.6503, stage1_neg_loss: 0.0148, stage1_mean_ious: 0.3420, stage1_s: 0.0000, stage1_m: 0.0307, stage1_l: 0.1639, stage1_h: 0.3646, loss: 0.8113, grad_norm: 0.4485
2024-03-04 13:57:09,365 - mmdet - INFO - Epoch [3][100/360]	lr: 1.000e-01, eta: 1:14:41, time: 0.568, data_time: 0.018, memory: 8581, stage0_loss_instance_mil: 0.6857, stage0_bag_acc: 15.9159, stage0_mean_ious: 0.3246, stage0_s: 0.0000, stage0_m: 0.0295, stage0_l: 0.1550, stage0_h: 0.3232, stage1_loss_instance_mil: 0.1181, stage1_bag_acc: 21.5488, stage1_neg_loss: 0.0134, stage1_mean_ious: 0.3132, stage1_s: 0.0000, stage1_m: 0.0279, stage1_l: 0.1542, stage1_h: 0.3122, loss: 0.8172, grad_norm: 0.3507
2024-03-04 13:57:37,323 - mmdet - INFO - Epoch [3][150/360]	lr: 1.000e-01, eta: 1:14:06, time: 0.559, data_time: 0.019, memory: 8581, stage0_loss_instance_mil: 0.6737, stage0_bag_acc: 20.2764, stage0_mean_ious: 0.3162, stage0_s: 0.0087, stage0_m: 0.0134, stage0_l: 0.1496, stage0_h: 0.3148, stage1_loss_instance_mil: 0.1183, stage1_bag_acc: 20.2095, stage1_neg_loss: 0.0160, stage1_mean_ious: 0.3041, stage1_s: 0.0091, stage1_m: 0.0172, stage1_l: 0.1618, stage1_h: 0.2993, loss: 0.8080, grad_norm: 0.2019
2024-03-04 13:58:06,175 - mmdet - INFO - Epoch [3][200/360]	lr: 1.000e-01, eta: 1:13:39, time: 0.577, data_time: 0.019, memory: 8581, stage0_loss_instance_mil: 0.6680, stage0_bag_acc: 18.5920, stage0_mean_ious: 0.2922, stage0_s: 0.0000, stage0_m: 0.0094, stage0_l: 0.1718, stage0_h: 0.2938, stage1_loss_instance_mil: 0.1116, stage1_bag_acc: 35.2480, stage1_neg_loss: 0.0175, stage1_mean_ious: 0.2850, stage1_s: 0.0000, stage1_m: 0.0108, stage1_l: 0.1973, stage1_h: 0.2813, loss: 0.7971, grad_norm: 0.2521
2024-03-04 13:58:34,677 - mmdet - INFO - Epoch [3][250/360]	lr: 1.000e-01, eta: 1:13:10, time: 0.570, data_time: 0.019, memory: 8581, stage0_loss_instance_mil: 0.6830, stage0_bag_acc: 19.3241, stage0_mean_ious: 0.1436, stage0_s: 0.0000, stage0_m: 0.0278, stage0_l: 0.0971, stage0_h: 0.1424, stage1_loss_instance_mil: 0.1110, stage1_bag_acc: 20.8873, stage1_neg_loss: 0.0142, stage1_mean_ious: 0.1428, stage1_s: 0.0000, stage1_m: 0.0285, stage1_l: 0.1015, stage1_h: 0.1407, loss: 0.8082, grad_norm: 0.2680
2024-03-04 13:59:03,759 - mmdet - INFO - Epoch [3][300/360]	lr: 1.000e-01, eta: 1:12:45, time: 0.582, data_time: 0.020, memory: 8581, stage0_loss_instance_mil: 0.6780, stage0_bag_acc: 16.3713, stage0_mean_ious: 0.1119, stage0_s: 0.0000, stage0_m: 0.0117, stage0_l: 0.0862, stage0_h: 0.1096, stage1_loss_instance_mil: 0.1125, stage1_bag_acc: 19.9620, stage1_neg_loss: 0.0150, stage1_mean_ious: 0.1105, stage1_s: 0.0000, stage1_m: 0.0122, stage1_l: 0.0873, stage1_h: 0.1071, loss: 0.8055, grad_norm: 0.1949
2024-03-04 13:59:31,810 - mmdet - INFO - Epoch [3][350/360]	lr: 1.000e-01, eta: 1:12:12, time: 0.561, data_time: 0.019, memory: 8581, stage0_loss_instance_mil: 0.6832, stage0_bag_acc: 16.6547, stage0_mean_ious: 0.1030, stage0_s: 0.0000, stage0_m: 0.0323, stage0_l: 0.0743, stage0_h: 0.0987, stage1_loss_instance_mil: 0.1140, stage1_bag_acc: 19.5164, stage1_neg_loss: 0.0167, stage1_mean_ious: 0.1065, stage1_s: 0.0000, stage1_m: 0.0354, stage1_l: 0.0754, stage1_h: 0.1024, loss: 0.8139, grad_norm: 0.1844
2024-03-04 13:59:37,254 - mmdet - INFO - Saving checkpoint at 3 epochs
2024-03-04 14:01:47,799 - mmdet - INFO - Evaluating bbox...
2024-03-04 14:01:49,552 - mmdet - INFO -  Average Precision  (AP) @[ IoU=0.50:0.95 | area=   all | maxDets=100 ] = 0.0000
2024-03-04 14:01:49,553 - mmdet - INFO -  Average Precision  (AP) @[ IoU=0.50      | area=   all | maxDets=1000 ] = 0.0000
2024-03-04 14:01:49,553 - mmdet - INFO -  Average Precision  (AP) @[ IoU=0.60      | area=   all | maxDets=1000 ] = 0.0000
2024-03-04 14:01:49,553 - mmdet - INFO -  Average Precision  (AP) @[ IoU=0.70      | area=   all | maxDets=1000 ] = 0.0000
2024-03-04 14:01:49,553 - mmdet - INFO -  Average Precision  (AP) @[ IoU=0.75      | area=   all | maxDets=1000 ] = 0.0000
2024-03-04 14:01:49,554 - mmdet - INFO -  Average Precision  (AP) @[ IoU=0.80      | area=   all | maxDets=1000 ] = 0.0000
2024-03-04 14:01:49,554 - mmdet - INFO -  Average Precision  (AP) @[ IoU=0.90      | area=   all | maxDets=1000 ] = 0.0000
2024-03-04 14:01:49,554 - mmdet - INFO -  Average Precision  (AP) @[ IoU=0.50:0.95 | area= small | maxDets=1000 ] = 0.0000
2024-03-04 14:01:49,554 - mmdet - INFO -  Average Precision  (AP) @[ IoU=0.50:0.95 | area=medium | maxDets=1000 ] = 0.0000
2024-03-04 14:01:49,554 - mmdet - INFO -  Average Precision  (AP) @[ IoU=0.50:0.95 | area= large | maxDets=1000 ] = 0.0000
2024-03-04 14:01:49,555 - mmdet - INFO -  Average Recall     (AR) @[ IoU=0.50:0.95 | area=   all | maxDets=100 ] = 0.0000
2024-03-04 14:01:49,555 - mmdet - INFO -  Average Recall     (AR) @[ IoU=0.50:0.95 | area=   all | maxDets=300 ] = 0.0000
2024-03-04 14:01:49,555 - mmdet - INFO -  Average Recall     (AR) @[ IoU=0.50:0.95 | area=   all | maxDets=1000 ] = 0.0000
2024-03-04 14:01:49,555 - mmdet - INFO -  Average Recall     (AR) @[ IoU=0.50:0.95 | area= small | maxDets=1000 ] = 0.0000
2024-03-04 14:01:49,555 - mmdet - INFO -  Average Recall     (AR) @[ IoU=0.50:0.95 | area=medium | maxDets=1000 ] = 0.0000
2024-03-04 14:01:49,555 - mmdet - INFO -  Average Recall     (AR) @[ IoU=0.50:0.95 | area= large | maxDets=1000 ] = 0.0000
2024-03-04 14:01:49,597 - mmdet - INFO - Exp name: P2BNet_r50_fpn_1x_coco_ms.py
2024-03-04 14:01:49,597 - mmdet - INFO - Epoch(val) [3][360]	eval_iter_num: 720, bbox_mAP: 0.0000, bbox_mAP_50: 0.0000, bbox_mAP_75: 0.0000, bbox_mAP_s: 0.0000, bbox_mAP_m: 0.0000, bbox_mAP_l: 0.0000, bbox_mAP_copypaste: 0.000 0.000 0.000 0.000 0.000 0.000
2024-03-04 14:02:20,871 - mmdet - INFO - Epoch [4][50/360]	lr: 1.000e-01, eta: 1:11:17, time: 0.625, data_time: 0.065, memory: 8581, stage0_loss_instance_mil: 0.6678, stage0_bag_acc: 26.9419, stage0_mean_ious: 0.1257, stage0_s: 0.0000, stage0_m: 0.0337, stage0_l: 0.1059, stage0_h: 0.1123, stage1_loss_instance_mil: 0.1140, stage1_bag_acc: 34.9405, stage1_neg_loss: 0.0200, stage1_mean_ious: 0.1272, stage1_s: 0.0000, stage1_m: 0.0355, stage1_l: 0.1093, stage1_h: 0.1132, loss: 0.8017, grad_norm: 0.1688
2024-03-04 14:02:49,795 - mmdet - INFO - Epoch [4][100/360]	lr: 1.000e-01, eta: 1:10:51, time: 0.578, data_time: 0.019, memory: 8581, stage0_loss_instance_mil: 0.6756, stage0_bag_acc: 22.2031, stage0_mean_ious: 0.1502, stage0_s: 0.0000, stage0_m: 0.0087, stage0_l: 0.1514, stage0_h: 0.1485, stage1_loss_instance_mil: 0.1081, stage1_bag_acc: 36.4958, stage1_neg_loss: 0.0166, stage1_mean_ious: 0.1479, stage1_s: 0.0000, stage1_m: 0.0090, stage1_l: 0.1495, stage1_h: 0.1457, loss: 0.8003, grad_norm: 0.1761
2024-03-04 14:03:18,242 - mmdet - INFO - Epoch [4][150/360]	lr: 1.000e-01, eta: 1:10:22, time: 0.569, data_time: 0.018, memory: 8581, stage0_loss_instance_mil: 0.6761, stage0_bag_acc: 22.4609, stage0_mean_ious: 0.2239, stage0_s: 0.0000, stage0_m: 0.0397, stage0_l: 0.1895, stage0_h: 0.2046, stage1_loss_instance_mil: 0.1091, stage1_bag_acc: 35.1200, stage1_neg_loss: 0.0169, stage1_mean_ious: 0.2117, stage1_s: 0.0000, stage1_m: 0.0434, stage1_l: 0.1762, stage1_h: 0.1935, loss: 0.8020, grad_norm: 0.2305
2024-03-04 14:03:46,601 - mmdet - INFO - Epoch [4][200/360]	lr: 1.000e-01, eta: 1:09:53, time: 0.567, data_time: 0.018, memory: 8581, stage0_loss_instance_mil: 0.6795, stage0_bag_acc: 23.3844, stage0_mean_ious: 0.3003, stage0_s: 0.0000, stage0_m: 0.0175, stage0_l: 0.1302, stage0_h: 0.3149, stage1_loss_instance_mil: 0.1088, stage1_bag_acc: 36.7052, stage1_neg_loss: 0.0163, stage1_mean_ious: 0.2805, stage1_s: 0.0000, stage1_m: 0.0160, stage1_l: 0.1292, stage1_h: 0.2910, loss: 0.8047, grad_norm: 0.2470
2024-03-04 14:04:16,383 - mmdet - INFO - Epoch [4][250/360]	lr: 1.000e-01, eta: 1:09:32, time: 0.596, data_time: 0.019, memory: 8581, stage0_loss_instance_mil: 0.6701, stage0_bag_acc: 19.0507, stage0_mean_ious: 0.4208, stage0_s: 0.0000, stage0_m: 0.0188, stage0_l: 0.1316, stage0_h: 0.4408, stage1_loss_instance_mil: 0.1091, stage1_bag_acc: 43.5359, stage1_neg_loss: 0.0169, stage1_mean_ious: 0.4034, stage1_s: 0.0000, stage1_m: 0.0231, stage1_l: 0.1423, stage1_h: 0.4192, loss: 0.7961, grad_norm: 0.1895
2024-03-04 14:04:44,973 - mmdet - INFO - Epoch [4][300/360]	lr: 1.000e-01, eta: 1:09:03, time: 0.572, data_time: 0.018, memory: 8581, stage0_loss_instance_mil: 0.6705, stage0_bag_acc: 16.7120, stage0_mean_ious: 0.3543, stage0_s: 0.0000, stage0_m: 0.0314, stage0_l: 0.1105, stage0_h: 0.3693, stage1_loss_instance_mil: 0.1084, stage1_bag_acc: 39.8989, stage1_neg_loss: 0.0184, stage1_mean_ious: 0.3346, stage1_s: 0.0000, stage1_m: 0.0261, stage1_l: 0.1008, stage1_h: 0.3497, loss: 0.7973, grad_norm: 0.1775
2024-03-04 14:05:14,798 - mmdet - INFO - Epoch [4][350/360]	lr: 1.000e-01, eta: 1:08:41, time: 0.596, data_time: 0.019, memory: 8581, stage0_loss_instance_mil: 0.6795, stage0_bag_acc: 19.5940, stage0_mean_ious: 0.3273, stage0_s: 0.0000, stage0_m: 0.0261, stage0_l: 0.1714, stage0_h: 0.3354, stage1_loss_instance_mil: 0.1084, stage1_bag_acc: 38.1619, stage1_neg_loss: 0.0173, stage1_mean_ious: 0.3162, stage1_s: 0.0000, stage1_m: 0.0310, stage1_l: 0.1605, stage1_h: 0.3243, loss: 0.8052, grad_norm: 0.2341
2024-03-04 14:05:20,316 - mmdet - INFO - Saving checkpoint at 4 epochs
2024-03-04 14:07:32,220 - mmdet - INFO - Evaluating bbox...
2024-03-04 14:07:33,994 - mmdet - INFO -  Average Precision  (AP) @[ IoU=0.50:0.95 | area=   all | maxDets=100 ] = 0.0648
2024-03-04 14:07:33,994 - mmdet - INFO -  Average Precision  (AP) @[ IoU=0.50      | area=   all | maxDets=1000 ] = 0.1609
2024-03-04 14:07:33,995 - mmdet - INFO -  Average Precision  (AP) @[ IoU=0.60      | area=   all | maxDets=1000 ] = 0.1305
2024-03-04 14:07:33,995 - mmdet - INFO -  Average Precision  (AP) @[ IoU=0.70      | area=   all | maxDets=1000 ] = 0.0689
2024-03-04 14:07:33,995 - mmdet - INFO -  Average Precision  (AP) @[ IoU=0.75      | area=   all | maxDets=1000 ] = 0.0340
2024-03-04 14:07:33,995 - mmdet - INFO -  Average Precision  (AP) @[ IoU=0.80      | area=   all | maxDets=1000 ] = 0.0079
2024-03-04 14:07:33,995 - mmdet - INFO -  Average Precision  (AP) @[ IoU=0.90      | area=   all | maxDets=1000 ] = 0.0006
2024-03-04 14:07:33,996 - mmdet - INFO -  Average Precision  (AP) @[ IoU=0.50:0.95 | area= small | maxDets=1000 ] = 0.0741
2024-03-04 14:07:33,996 - mmdet - INFO -  Average Precision  (AP) @[ IoU=0.50:0.95 | area=medium | maxDets=1000 ] = 0.0625
2024-03-04 14:07:33,996 - mmdet - INFO -  Average Precision  (AP) @[ IoU=0.50:0.95 | area= large | maxDets=1000 ] = 0.0995
2024-03-04 14:07:33,996 - mmdet - INFO -  Average Recall     (AR) @[ IoU=0.50:0.95 | area=   all | maxDets=100 ] = 0.0818
2024-03-04 14:07:33,997 - mmdet - INFO -  Average Recall     (AR) @[ IoU=0.50:0.95 | area=   all | maxDets=300 ] = 0.0818
2024-03-04 14:07:33,997 - mmdet - INFO -  Average Recall     (AR) @[ IoU=0.50:0.95 | area=   all | maxDets=1000 ] = 0.0818
2024-03-04 14:07:33,997 - mmdet - INFO -  Average Recall     (AR) @[ IoU=0.50:0.95 | area= small | maxDets=1000 ] = 0.1062
2024-03-04 14:07:33,997 - mmdet - INFO -  Average Recall     (AR) @[ IoU=0.50:0.95 | area=medium | maxDets=1000 ] = 0.0778
2024-03-04 14:07:33,997 - mmdet - INFO -  Average Recall     (AR) @[ IoU=0.50:0.95 | area= large | maxDets=1000 ] = 0.0996
2024-03-04 14:07:34,030 - mmdet - INFO - Exp name: P2BNet_r50_fpn_1x_coco_ms.py
2024-03-04 14:07:34,031 - mmdet - INFO - Epoch(val) [4][360]	eval_iter_num: 720, bbox_mAP: 0.0650, bbox_mAP_50: 0.1610, bbox_mAP_75: 0.1310, bbox_mAP_s: 0.0690, bbox_mAP_m: 0.0340, bbox_mAP_l: 0.0080, bbox_mAP_copypaste: 0.065 0.161 0.131 0.069 0.034 0.008
2024-03-04 14:08:06,387 - mmdet - INFO - Epoch [5][50/360]	lr: 1.000e-01, eta: 1:07:58, time: 0.647, data_time: 0.068, memory: 8581, stage0_loss_instance_mil: 0.6726, stage0_bag_acc: 19.3803, stage0_mean_ious: 0.3212, stage0_s: 0.0000, stage0_m: 0.0370, stage0_l: 0.1509, stage0_h: 0.3365, stage1_loss_instance_mil: 0.1116, stage1_bag_acc: 38.6935, stage1_neg_loss: 0.0172, stage1_mean_ious: 0.3059, stage1_s: 0.0000, stage1_m: 0.0331, stage1_l: 0.1535, stage1_h: 0.3186, loss: 0.8014, grad_norm: 0.3310
2024-03-04 14:08:34,982 - mmdet - INFO - Epoch [5][100/360]	lr: 1.000e-01, eta: 1:07:30, time: 0.572, data_time: 0.018, memory: 8581, stage0_loss_instance_mil: 0.6778, stage0_bag_acc: 20.2385, stage0_mean_ious: 0.3845, stage0_s: 0.0000, stage0_m: 0.0144, stage0_l: 0.1139, stage0_h: 0.4056, stage1_loss_instance_mil: 0.1056, stage1_bag_acc: 40.9166, stage1_neg_loss: 0.0141, stage1_mean_ious: 0.3665, stage1_s: 0.0000, stage1_m: 0.0165, stage1_l: 0.1041, stage1_h: 0.3872, loss: 0.7975, grad_norm: 0.3375
2024-03-04 14:09:04,909 - mmdet - INFO - Epoch [5][150/360]	lr: 1.000e-01, eta: 1:07:07, time: 0.599, data_time: 0.019, memory: 8581, stage0_loss_instance_mil: 0.6781, stage0_bag_acc: 22.3068, stage0_mean_ious: 0.3025, stage0_s: 0.0000, stage0_m: 0.0206, stage0_l: 0.1794, stage0_h: 0.3116, stage1_loss_instance_mil: 0.1088, stage1_bag_acc: 35.8097, stage1_neg_loss: 0.0214, stage1_mean_ious: 0.2922, stage1_s: 0.0000, stage1_m: 0.0201, stage1_l: 0.1824, stage1_h: 0.2999, loss: 0.8083, grad_norm: 0.4345
2024-03-04 14:09:32,702 - mmdet - INFO - Epoch [5][200/360]	lr: 1.000e-01, eta: 1:06:35, time: 0.556, data_time: 0.018, memory: 8581, stage0_loss_instance_mil: 0.6772, stage0_bag_acc: 19.7061, stage0_mean_ious: 0.2773, stage0_s: 0.0000, stage0_m: 0.0186, stage0_l: 0.1422, stage0_h: 0.2817, stage1_loss_instance_mil: 0.1095, stage1_bag_acc: 33.6378, stage1_neg_loss: 0.0164, stage1_mean_ious: 0.2676, stage1_s: 0.0000, stage1_m: 0.0176, stage1_l: 0.1346, stage1_h: 0.2728, loss: 0.8032, grad_norm: 0.3255
2024-03-04 14:10:01,533 - mmdet - INFO - Epoch [5][250/360]	lr: 1.000e-01, eta: 1:06:08, time: 0.577, data_time: 0.019, memory: 8581, stage0_loss_instance_mil: 0.6787, stage0_bag_acc: 22.0012, stage0_mean_ious: 0.1884, stage0_s: 0.0000, stage0_m: 0.0215, stage0_l: 0.1372, stage0_h: 0.1738, stage1_loss_instance_mil: 0.1040, stage1_bag_acc: 35.9531, stage1_neg_loss: 0.0156, stage1_mean_ious: 0.1875, stage1_s: 0.0000, stage1_m: 0.0156, stage1_l: 0.1406, stage1_h: 0.1740, loss: 0.7984, grad_norm: 0.2700
2024-03-04 14:10:30,457 - mmdet - INFO - Epoch [5][300/360]	lr: 1.000e-01, eta: 1:05:41, time: 0.578, data_time: 0.018, memory: 8581, stage0_loss_instance_mil: 0.6702, stage0_bag_acc: 21.9646, stage0_mean_ious: 0.2155, stage0_s: 0.0000, stage0_m: 0.0132, stage0_l: 0.2261, stage0_h: 0.2015, stage1_loss_instance_mil: 0.1097, stage1_bag_acc: 39.4461, stage1_neg_loss: 0.0163, stage1_mean_ious: 0.2034, stage1_s: 0.0000, stage1_m: 0.0133, stage1_l: 0.2275, stage1_h: 0.1867, loss: 0.7962, grad_norm: 0.2549
2024-03-04 14:10:59,032 - mmdet - INFO - Epoch [5][350/360]	lr: 1.000e-01, eta: 1:05:12, time: 0.571, data_time: 0.018, memory: 8581, stage0_loss_instance_mil: 0.6697, stage0_bag_acc: 21.7137, stage0_mean_ious: 0.2334, stage0_s: 0.0000, stage0_m: 0.0384, stage0_l: 0.1856, stage0_h: 0.2215, stage1_loss_instance_mil: 0.1003, stage1_bag_acc: 52.1936, stage1_neg_loss: 0.0194, stage1_mean_ious: 0.2325, stage1_s: 0.0000, stage1_m: 0.0357, stage1_l: 0.1773, stage1_h: 0.2233, loss: 0.7893, grad_norm: 0.2454
2024-03-04 14:11:04,782 - mmdet - INFO - Saving checkpoint at 5 epochs
2024-03-04 14:13:15,979 - mmdet - INFO - Evaluating bbox...
2024-03-04 14:13:17,886 - mmdet - INFO -  Average Precision  (AP) @[ IoU=0.50:0.95 | area=   all | maxDets=100 ] = 0.0000
2024-03-04 14:13:17,886 - mmdet - INFO -  Average Precision  (AP) @[ IoU=0.50      | area=   all | maxDets=1000 ] = 0.0000
2024-03-04 14:13:17,886 - mmdet - INFO -  Average Precision  (AP) @[ IoU=0.60      | area=   all | maxDets=1000 ] = 0.0000
2024-03-04 14:13:17,887 - mmdet - INFO -  Average Precision  (AP) @[ IoU=0.70      | area=   all | maxDets=1000 ] = 0.0000
2024-03-04 14:13:17,887 - mmdet - INFO -  Average Precision  (AP) @[ IoU=0.75      | area=   all | maxDets=1000 ] = 0.0000
2024-03-04 14:13:17,887 - mmdet - INFO -  Average Precision  (AP) @[ IoU=0.80      | area=   all | maxDets=1000 ] = 0.0000
2024-03-04 14:13:17,887 - mmdet - INFO -  Average Precision  (AP) @[ IoU=0.90      | area=   all | maxDets=1000 ] = 0.0000
2024-03-04 14:13:17,888 - mmdet - INFO -  Average Precision  (AP) @[ IoU=0.50:0.95 | area= small | maxDets=1000 ] = 0.0000
2024-03-04 14:13:17,888 - mmdet - INFO -  Average Precision  (AP) @[ IoU=0.50:0.95 | area=medium | maxDets=1000 ] = 0.0002
2024-03-04 14:13:17,888 - mmdet - INFO -  Average Precision  (AP) @[ IoU=0.50:0.95 | area= large | maxDets=1000 ] = 0.0000
2024-03-04 14:13:17,888 - mmdet - INFO -  Average Recall     (AR) @[ IoU=0.50:0.95 | area=   all | maxDets=100 ] = 0.0001
2024-03-04 14:13:17,888 - mmdet - INFO -  Average Recall     (AR) @[ IoU=0.50:0.95 | area=   all | maxDets=300 ] = 0.0001
2024-03-04 14:13:17,888 - mmdet - INFO -  Average Recall     (AR) @[ IoU=0.50:0.95 | area=   all | maxDets=1000 ] = 0.0001
2024-03-04 14:13:17,889 - mmdet - INFO -  Average Recall     (AR) @[ IoU=0.50:0.95 | area= small | maxDets=1000 ] = 0.0014
2024-03-04 14:13:17,889 - mmdet - INFO -  Average Recall     (AR) @[ IoU=0.50:0.95 | area=medium | maxDets=1000 ] = 0.0000
2024-03-04 14:13:17,889 - mmdet - INFO -  Average Recall     (AR) @[ IoU=0.50:0.95 | area= large | maxDets=1000 ] = 0.0000
2024-03-04 14:13:17,941 - mmdet - INFO - Exp name: P2BNet_r50_fpn_1x_coco_ms.py
2024-03-04 14:13:17,942 - mmdet - INFO - Epoch(val) [5][360]	eval_iter_num: 720, bbox_mAP: 0.0000, bbox_mAP_50: 0.0000, bbox_mAP_75: 0.0000, bbox_mAP_s: 0.0000, bbox_mAP_m: 0.0000, bbox_mAP_l: 0.0000, bbox_mAP_copypaste: 0.000 0.000 0.000 0.000 0.000 0.000
2024-03-04 14:13:49,128 - mmdet - INFO - Epoch [6][50/360]	lr: 1.000e-01, eta: 1:04:27, time: 0.623, data_time: 0.066, memory: 8581, stage0_loss_instance_mil: 0.6789, stage0_bag_acc: 16.4711, stage0_mean_ious: 0.1861, stage0_s: 0.0000, stage0_m: 0.0426, stage0_l: 0.1730, stage0_h: 0.1671, stage1_loss_instance_mil: 0.1016, stage1_bag_acc: 29.7444, stage1_neg_loss: 0.0142, stage1_mean_ious: 0.1758, stage1_s: 0.0000, stage1_m: 0.0443, stage1_l: 0.1685, stage1_h: 0.1568, loss: 0.7947, grad_norm: 0.2401
2024-03-04 14:14:17,460 - mmdet - INFO - Epoch [6][100/360]	lr: 1.000e-01, eta: 1:03:58, time: 0.567, data_time: 0.018, memory: 8581, stage0_loss_instance_mil: 0.6693, stage0_bag_acc: 22.5057, stage0_mean_ious: 0.2592, stage0_s: 0.0000, stage0_m: 0.0288, stage0_l: 0.2230, stage0_h: 0.2539, stage1_loss_instance_mil: 0.1084, stage1_bag_acc: 48.6977, stage1_neg_loss: 0.0210, stage1_mean_ious: 0.2447, stage1_s: 0.0000, stage1_m: 0.0357, stage1_l: 0.2264, stage1_h: 0.2351, loss: 0.7987, grad_norm: 0.2744
2024-03-04 14:14:46,346 - mmdet - INFO - Epoch [6][150/360]	lr: 1.000e-01, eta: 1:03:31, time: 0.578, data_time: 0.019, memory: 8581, stage0_loss_instance_mil: 0.6692, stage0_bag_acc: 21.1413, stage0_mean_ious: 0.2077, stage0_s: 0.0000, stage0_m: 0.0411, stage0_l: 0.1855, stage0_h: 0.1891, stage1_loss_instance_mil: 0.1041, stage1_bag_acc: 38.2948, stage1_neg_loss: 0.0165, stage1_mean_ious: 0.1980, stage1_s: 0.0000, stage1_m: 0.0374, stage1_l: 0.1623, stage1_h: 0.1832, loss: 0.7898, grad_norm: 0.1910
2024-03-04 14:15:14,971 - mmdet - INFO - Exp name: P2BNet_r50_fpn_1x_coco_ms.py
2024-03-04 14:15:14,972 - mmdet - INFO - Epoch [6][200/360]	lr: 1.000e-01, eta: 1:03:03, time: 0.572, data_time: 0.020, memory: 8581, stage0_loss_instance_mil: 0.6806, stage0_bag_acc: 23.2760, stage0_mean_ious: 0.2119, stage0_s: 0.0000, stage0_m: 0.0304, stage0_l: 0.1688, stage0_h: 0.2033, stage1_loss_instance_mil: 0.1013, stage1_bag_acc: 41.0780, stage1_neg_loss: 0.0177, stage1_mean_ious: 0.2007, stage1_s: 0.0000, stage1_m: 0.0339, stage1_l: 0.1509, stage1_h: 0.1934, loss: 0.7997, grad_norm: 0.2101
2024-03-04 14:15:43,824 - mmdet - INFO - Epoch [6][250/360]	lr: 1.000e-01, eta: 1:02:35, time: 0.577, data_time: 0.020, memory: 8581, stage0_loss_instance_mil: 0.6799, stage0_bag_acc: 17.4153, stage0_mean_ious: 0.1139, stage0_s: 0.0000, stage0_m: 0.0420, stage0_l: 0.1453, stage0_h: 0.0956, stage1_loss_instance_mil: 0.0982, stage1_bag_acc: 24.5489, stage1_neg_loss: 0.0133, stage1_mean_ious: 0.1075, stage1_s: 0.0000, stage1_m: 0.0373, stage1_l: 0.1354, stage1_h: 0.0895, loss: 0.7915, grad_norm: 0.2210
2024-03-04 14:16:12,232 - mmdet - INFO - Epoch [6][300/360]	lr: 1.000e-01, eta: 1:02:07, time: 0.568, data_time: 0.020, memory: 8581, stage0_loss_instance_mil: 0.6827, stage0_bag_acc: 16.7333, stage0_mean_ious: 0.1276, stage0_s: 0.0000, stage0_m: 0.0367, stage0_l: 0.1196, stage0_h: 0.1114, stage1_loss_instance_mil: 0.0982, stage1_bag_acc: 24.7345, stage1_neg_loss: 0.0141, stage1_mean_ious: 0.1204, stage1_s: 0.0000, stage1_m: 0.0427, stage1_l: 0.1210, stage1_h: 0.1009, loss: 0.7950, grad_norm: 0.2190
2024-03-04 14:16:40,397 - mmdet - INFO - Epoch [6][350/360]	lr: 1.000e-01, eta: 1:01:37, time: 0.563, data_time: 0.020, memory: 8581, stage0_loss_instance_mil: 0.6779, stage0_bag_acc: 15.1721, stage0_mean_ious: 0.1520, stage0_s: 0.0000, stage0_m: 0.0445, stage0_l: 0.1618, stage0_h: 0.1258, stage1_loss_instance_mil: 0.0978, stage1_bag_acc: 18.1314, stage1_neg_loss: 0.0157, stage1_mean_ious: 0.1410, stage1_s: 0.0000, stage1_m: 0.0405, stage1_l: 0.1391, stage1_h: 0.1183, loss: 0.7915, grad_norm: 0.1992
2024-03-04 14:16:45,886 - mmdet - INFO - Saving checkpoint at 6 epochs
2024-03-04 14:18:57,823 - mmdet - INFO - Evaluating bbox...
2024-03-04 14:18:59,736 - mmdet - INFO -  Average Precision  (AP) @[ IoU=0.50:0.95 | area=   all | maxDets=100 ] = 0.0000
2024-03-04 14:18:59,737 - mmdet - INFO -  Average Precision  (AP) @[ IoU=0.50      | area=   all | maxDets=1000 ] = 0.0000
2024-03-04 14:18:59,737 - mmdet - INFO -  Average Precision  (AP) @[ IoU=0.60      | area=   all | maxDets=1000 ] = 0.0000
2024-03-04 14:18:59,737 - mmdet - INFO -  Average Precision  (AP) @[ IoU=0.70      | area=   all | maxDets=1000 ] = 0.0000
2024-03-04 14:18:59,737 - mmdet - INFO -  Average Precision  (AP) @[ IoU=0.75      | area=   all | maxDets=1000 ] = 0.0000
2024-03-04 14:18:59,737 - mmdet - INFO -  Average Precision  (AP) @[ IoU=0.80      | area=   all | maxDets=1000 ] = 0.0000
2024-03-04 14:18:59,738 - mmdet - INFO -  Average Precision  (AP) @[ IoU=0.90      | area=   all | maxDets=1000 ] = 0.0000
2024-03-04 14:18:59,738 - mmdet - INFO -  Average Precision  (AP) @[ IoU=0.50:0.95 | area= small | maxDets=1000 ] = 0.0000
2024-03-04 14:18:59,738 - mmdet - INFO -  Average Precision  (AP) @[ IoU=0.50:0.95 | area=medium | maxDets=1000 ] = 0.0000
2024-03-04 14:18:59,738 - mmdet - INFO -  Average Precision  (AP) @[ IoU=0.50:0.95 | area= large | maxDets=1000 ] = 0.0000
2024-03-04 14:18:59,739 - mmdet - INFO -  Average Recall     (AR) @[ IoU=0.50:0.95 | area=   all | maxDets=100 ] = 0.0000
2024-03-04 14:18:59,739 - mmdet - INFO -  Average Recall     (AR) @[ IoU=0.50:0.95 | area=   all | maxDets=300 ] = 0.0000
2024-03-04 14:18:59,739 - mmdet - INFO -  Average Recall     (AR) @[ IoU=0.50:0.95 | area=   all | maxDets=1000 ] = 0.0000
2024-03-04 14:18:59,739 - mmdet - INFO -  Average Recall     (AR) @[ IoU=0.50:0.95 | area= small | maxDets=1000 ] = 0.0000
2024-03-04 14:18:59,739 - mmdet - INFO -  Average Recall     (AR) @[ IoU=0.50:0.95 | area=medium | maxDets=1000 ] = 0.0000
2024-03-04 14:18:59,739 - mmdet - INFO -  Average Recall     (AR) @[ IoU=0.50:0.95 | area= large | maxDets=1000 ] = 0.0000
2024-03-04 14:18:59,781 - mmdet - INFO - Exp name: P2BNet_r50_fpn_1x_coco_ms.py
2024-03-04 14:18:59,782 - mmdet - INFO - Epoch(val) [6][360]	eval_iter_num: 720, bbox_mAP: 0.0000, bbox_mAP_50: 0.0000, bbox_mAP_75: 0.0000, bbox_mAP_s: 0.0000, bbox_mAP_m: 0.0000, bbox_mAP_l: 0.0000, bbox_mAP_copypaste: 0.000 0.000 0.000 0.000 0.000 0.000
2024-03-04 14:19:31,042 - mmdet - INFO - Epoch [7][50/360]	lr: 1.000e-01, eta: 1:00:54, time: 0.625, data_time: 0.064, memory: 8581, stage0_loss_instance_mil: 0.6773, stage0_bag_acc: 18.8853, stage0_mean_ious: 0.1688, stage0_s: 0.0000, stage0_m: 0.0458, stage0_l: 0.1690, stage0_h: 0.1477, stage1_loss_instance_mil: 0.0917, stage1_bag_acc: 28.7581, stage1_neg_loss: 0.0173, stage1_mean_ious: 0.1596, stage1_s: 0.0000, stage1_m: 0.0443, stage1_l: 0.1512, stage1_h: 0.1412, loss: 0.7864, grad_norm: 0.2118
2024-03-04 14:20:00,109 - mmdet - INFO - Epoch [7][100/360]	lr: 1.000e-01, eta: 1:00:28, time: 0.581, data_time: 0.019, memory: 8581, stage0_loss_instance_mil: 0.6776, stage0_bag_acc: 17.5554, stage0_mean_ious: 0.1813, stage0_s: 0.0000, stage0_m: 0.0112, stage0_l: 0.1711, stage0_h: 0.1577, stage1_loss_instance_mil: 0.0944, stage1_bag_acc: 26.4905, stage1_neg_loss: 0.0179, stage1_mean_ious: 0.1706, stage1_s: 0.0000, stage1_m: 0.0116, stage1_l: 0.1633, stage1_h: 0.1473, loss: 0.7899, grad_norm: 0.1961
2024-03-04 14:20:28,345 - mmdet - INFO - Epoch [7][150/360]	lr: 1.000e-01, eta: 0:59:59, time: 0.565, data_time: 0.019, memory: 8581, stage0_loss_instance_mil: 0.6725, stage0_bag_acc: 19.2190, stage0_mean_ious: 0.1549, stage0_s: 0.0000, stage0_m: 0.0599, stage0_l: 0.1601, stage0_h: 0.1307, stage1_loss_instance_mil: 0.0951, stage1_bag_acc: 23.6590, stage1_neg_loss: 0.0164, stage1_mean_ious: 0.1436, stage1_s: 0.0000, stage1_m: 0.0506, stage1_l: 0.1535, stage1_h: 0.1215, loss: 0.7840, grad_norm: 0.2166
2024-03-04 14:20:57,998 - mmdet - INFO - Epoch [7][200/360]	lr: 1.000e-01, eta: 0:59:34, time: 0.593, data_time: 0.020, memory: 8581, stage0_loss_instance_mil: 0.6764, stage0_bag_acc: 21.2179, stage0_mean_ious: 0.1401, stage0_s: 0.0000, stage0_m: 0.0289, stage0_l: 0.1462, stage0_h: 0.1250, stage1_loss_instance_mil: 0.0919, stage1_bag_acc: 28.3651, stage1_neg_loss: 0.0157, stage1_mean_ious: 0.1336, stage1_s: 0.0000, stage1_m: 0.0345, stage1_l: 0.1347, stage1_h: 0.1194, loss: 0.7841, grad_norm: 0.2587
2024-03-04 14:21:26,501 - mmdet - INFO - Epoch [7][250/360]	lr: 1.000e-01, eta: 0:59:05, time: 0.570, data_time: 0.019, memory: 8581, stage0_loss_instance_mil: 0.6720, stage0_bag_acc: 22.2099, stage0_mean_ious: 0.1213, stage0_s: 0.0000, stage0_m: 0.0247, stage0_l: 0.1266, stage0_h: 0.1019, stage1_loss_instance_mil: 0.0956, stage1_bag_acc: 29.4984, stage1_neg_loss: 0.0192, stage1_mean_ious: 0.1152, stage1_s: 0.0000, stage1_m: 0.0214, stage1_l: 0.1212, stage1_h: 0.0970, loss: 0.7868, grad_norm: 0.2104
2024-03-04 14:21:54,134 - mmdet - INFO - Epoch [7][300/360]	lr: 1.000e-01, eta: 0:58:35, time: 0.553, data_time: 0.019, memory: 8581, stage0_loss_instance_mil: 0.6781, stage0_bag_acc: 18.6898, stage0_mean_ious: 0.1359, stage0_s: 0.0000, stage0_m: 0.0199, stage0_l: 0.1415, stage0_h: 0.1205, stage1_loss_instance_mil: 0.0944, stage1_bag_acc: 22.8356, stage1_neg_loss: 0.0165, stage1_mean_ious: 0.1243, stage1_s: 0.0000, stage1_m: 0.0206, stage1_l: 0.1343, stage1_h: 0.1088, loss: 0.7890, grad_norm: 0.2182
2024-03-04 14:22:22,537 - mmdet - INFO - Epoch [7][350/360]	lr: 1.000e-01, eta: 0:58:06, time: 0.568, data_time: 0.019, memory: 8582, stage0_loss_instance_mil: 0.6730, stage0_bag_acc: 25.8609, stage0_mean_ious: 0.1469, stage0_s: 0.0000, stage0_m: 0.0405, stage0_l: 0.1296, stage0_h: 0.1297, stage1_loss_instance_mil: 0.0907, stage1_bag_acc: 35.4839, stage1_neg_loss: 0.0178, stage1_mean_ious: 0.1325, stage1_s: 0.0000, stage1_m: 0.0276, stage1_l: 0.1011, stage1_h: 0.1218, loss: 0.7816, grad_norm: 0.2230
2024-03-04 14:22:28,525 - mmdet - INFO - Saving checkpoint at 7 epochs
2024-03-04 14:24:40,207 - mmdet - INFO - Evaluating bbox...
2024-03-04 14:24:41,960 - mmdet - INFO -  Average Precision  (AP) @[ IoU=0.50:0.95 | area=   all | maxDets=100 ] = 0.0000
2024-03-04 14:24:41,960 - mmdet - INFO -  Average Precision  (AP) @[ IoU=0.50      | area=   all | maxDets=1000 ] = 0.0000
2024-03-04 14:24:41,960 - mmdet - INFO -  Average Precision  (AP) @[ IoU=0.60      | area=   all | maxDets=1000 ] = 0.0000
2024-03-04 14:24:41,960 - mmdet - INFO -  Average Precision  (AP) @[ IoU=0.70      | area=   all | maxDets=1000 ] = 0.0000
2024-03-04 14:24:41,961 - mmdet - INFO -  Average Precision  (AP) @[ IoU=0.75      | area=   all | maxDets=1000 ] = 0.0000
2024-03-04 14:24:41,961 - mmdet - INFO -  Average Precision  (AP) @[ IoU=0.80      | area=   all | maxDets=1000 ] = 0.0000
2024-03-04 14:24:41,961 - mmdet - INFO -  Average Precision  (AP) @[ IoU=0.90      | area=   all | maxDets=1000 ] = 0.0000
2024-03-04 14:24:41,961 - mmdet - INFO -  Average Precision  (AP) @[ IoU=0.50:0.95 | area= small | maxDets=1000 ] = 0.0000
2024-03-04 14:24:41,962 - mmdet - INFO -  Average Precision  (AP) @[ IoU=0.50:0.95 | area=medium | maxDets=1000 ] = 0.0000
2024-03-04 14:24:41,962 - mmdet - INFO -  Average Precision  (AP) @[ IoU=0.50:0.95 | area= large | maxDets=1000 ] = 0.0000
2024-03-04 14:24:41,962 - mmdet - INFO -  Average Recall     (AR) @[ IoU=0.50:0.95 | area=   all | maxDets=100 ] = 0.0000
2024-03-04 14:24:41,962 - mmdet - INFO -  Average Recall     (AR) @[ IoU=0.50:0.95 | area=   all | maxDets=300 ] = 0.0000
2024-03-04 14:24:41,962 - mmdet - INFO -  Average Recall     (AR) @[ IoU=0.50:0.95 | area=   all | maxDets=1000 ] = 0.0000
2024-03-04 14:24:41,962 - mmdet - INFO -  Average Recall     (AR) @[ IoU=0.50:0.95 | area= small | maxDets=1000 ] = 0.0000
2024-03-04 14:24:41,962 - mmdet - INFO -  Average Recall     (AR) @[ IoU=0.50:0.95 | area=medium | maxDets=1000 ] = 0.0000
2024-03-04 14:24:41,963 - mmdet - INFO -  Average Recall     (AR) @[ IoU=0.50:0.95 | area= large | maxDets=1000 ] = 0.0000
2024-03-04 14:24:42,004 - mmdet - INFO - Exp name: P2BNet_r50_fpn_1x_coco_ms.py
2024-03-04 14:24:42,005 - mmdet - INFO - Epoch(val) [7][360]	eval_iter_num: 720, bbox_mAP: 0.0000, bbox_mAP_50: 0.0000, bbox_mAP_75: 0.0000, bbox_mAP_s: 0.0000, bbox_mAP_m: 0.0000, bbox_mAP_l: 0.0000, bbox_mAP_copypaste: 0.000 0.000 0.000 0.000 0.000 0.000
2024-03-04 14:25:11,815 - mmdet - INFO - Epoch [8][50/360]	lr: 1.000e-01, eta: 0:57:22, time: 0.596, data_time: 0.062, memory: 8582, stage0_loss_instance_mil: 0.6736, stage0_bag_acc: 19.5513, stage0_mean_ious: 0.0902, stage0_s: 0.0000, stage0_m: 0.0476, stage0_l: 0.1204, stage0_h: 0.0694, stage1_loss_instance_mil: 0.0926, stage1_bag_acc: 22.4823, stage1_neg_loss: 0.0163, stage1_mean_ious: 0.0821, stage1_s: 0.0000, stage1_m: 0.0353, stage1_l: 0.1178, stage1_h: 0.0645, loss: 0.7825, grad_norm: 0.2164
2024-03-04 14:25:39,106 - mmdet - INFO - Epoch [8][100/360]	lr: 1.000e-01, eta: 0:56:51, time: 0.546, data_time: 0.018, memory: 8582, stage0_loss_instance_mil: 0.6682, stage0_bag_acc: 24.0455, stage0_mean_ious: 0.1320, stage0_s: 0.0000, stage0_m: 0.0416, stage0_l: 0.1117, stage0_h: 0.1169, stage1_loss_instance_mil: 0.0937, stage1_bag_acc: 34.4870, stage1_neg_loss: 0.0183, stage1_mean_ious: 0.1265, stage1_s: 0.0000, stage1_m: 0.0287, stage1_l: 0.1064, stage1_h: 0.1144, loss: 0.7802, grad_norm: 0.2717
2024-03-04 14:26:08,570 - mmdet - INFO - Epoch [8][150/360]	lr: 1.000e-01, eta: 0:56:25, time: 0.589, data_time: 0.019, memory: 8582, stage0_loss_instance_mil: 0.6513, stage0_bag_acc: 25.5686, stage0_mean_ious: 0.1533, stage0_s: 0.0000, stage0_m: 0.0166, stage0_l: 0.1510, stage0_h: 0.1404, stage1_loss_instance_mil: 0.1133, stage1_bag_acc: 35.6037, stage1_neg_loss: 0.0185, stage1_mean_ious: 0.1372, stage1_s: 0.0000, stage1_m: 0.0136, stage1_l: 0.1283, stage1_h: 0.1266, loss: 0.7831, grad_norm: 0.5827
2024-03-04 14:26:38,107 - mmdet - INFO - Epoch [8][200/360]	lr: 1.000e-01, eta: 0:55:59, time: 0.591, data_time: 0.020, memory: 8582, stage0_loss_instance_mil: 0.6778, stage0_bag_acc: 24.3363, stage0_mean_ious: 0.1614, stage0_s: 0.0000, stage0_m: 0.0349, stage0_l: 0.1337, stage0_h: 0.1558, stage1_loss_instance_mil: 0.1011, stage1_bag_acc: 30.4418, stage1_neg_loss: 0.0164, stage1_mean_ious: 0.1479, stage1_s: 0.0000, stage1_m: 0.0319, stage1_l: 0.1248, stage1_h: 0.1425, loss: 0.7953, grad_norm: 0.5912
2024-03-04 14:27:07,413 - mmdet - INFO - Epoch [8][250/360]	lr: 1.000e-01, eta: 0:55:33, time: 0.586, data_time: 0.020, memory: 8582, stage0_loss_instance_mil: 0.6765, stage0_bag_acc: 20.2857, stage0_mean_ious: 0.1404, stage0_s: 0.0086, stage0_m: 0.0255, stage0_l: 0.1859, stage0_h: 0.1187, stage1_loss_instance_mil: 0.0970, stage1_bag_acc: 29.1188, stage1_neg_loss: 0.0168, stage1_mean_ious: 0.1361, stage1_s: 0.0085, stage1_m: 0.0245, stage1_l: 0.1647, stage1_h: 0.1158, loss: 0.7903, grad_norm: 0.5146
2024-03-04 14:27:35,976 - mmdet - INFO - Epoch [8][300/360]	lr: 1.000e-01, eta: 0:55:05, time: 0.571, data_time: 0.020, memory: 8582, stage0_loss_instance_mil: 0.6834, stage0_bag_acc: 16.3537, stage0_mean_ious: 0.1467, stage0_s: 0.0000, stage0_m: 0.0220, stage0_l: 0.0616, stage0_h: 0.1477, stage1_loss_instance_mil: 0.0989, stage1_bag_acc: 25.1636, stage1_neg_loss: 0.0186, stage1_mean_ious: 0.1348, stage1_s: 0.0000, stage1_m: 0.0233, stage1_l: 0.0648, stage1_h: 0.1337, loss: 0.8010, grad_norm: 0.2688
2024-03-04 14:28:03,553 - mmdet - INFO - Epoch [8][350/360]	lr: 1.000e-01, eta: 0:54:35, time: 0.552, data_time: 0.019, memory: 8582, stage0_loss_instance_mil: 0.6786, stage0_bag_acc: 15.2404, stage0_mean_ious: 0.1134, stage0_s: 0.0000, stage0_m: 0.0606, stage0_l: 0.1156, stage0_h: 0.0972, stage1_loss_instance_mil: 0.0951, stage1_bag_acc: 23.8813, stage1_neg_loss: 0.0203, stage1_mean_ious: 0.1123, stage1_s: 0.0000, stage1_m: 0.0569, stage1_l: 0.1161, stage1_h: 0.0960, loss: 0.7939, grad_norm: 0.3435
2024-03-04 14:28:09,537 - mmdet - INFO - Saving checkpoint at 8 epochs
2024-03-04 14:30:21,528 - mmdet - INFO - Evaluating bbox...
2024-03-04 14:30:23,312 - mmdet - INFO -  Average Precision  (AP) @[ IoU=0.50:0.95 | area=   all | maxDets=100 ] = 0.0000
2024-03-04 14:30:23,313 - mmdet - INFO -  Average Precision  (AP) @[ IoU=0.50      | area=   all | maxDets=1000 ] = 0.0000
2024-03-04 14:30:23,313 - mmdet - INFO -  Average Precision  (AP) @[ IoU=0.60      | area=   all | maxDets=1000 ] = 0.0000
2024-03-04 14:30:23,313 - mmdet - INFO -  Average Precision  (AP) @[ IoU=0.70      | area=   all | maxDets=1000 ] = 0.0000
2024-03-04 14:30:23,314 - mmdet - INFO -  Average Precision  (AP) @[ IoU=0.75      | area=   all | maxDets=1000 ] = 0.0000
2024-03-04 14:30:23,314 - mmdet - INFO -  Average Precision  (AP) @[ IoU=0.80      | area=   all | maxDets=1000 ] = 0.0000
2024-03-04 14:30:23,314 - mmdet - INFO -  Average Precision  (AP) @[ IoU=0.90      | area=   all | maxDets=1000 ] = 0.0000
2024-03-04 14:30:23,314 - mmdet - INFO -  Average Precision  (AP) @[ IoU=0.50:0.95 | area= small | maxDets=1000 ] = 0.0000
2024-03-04 14:30:23,314 - mmdet - INFO -  Average Precision  (AP) @[ IoU=0.50:0.95 | area=medium | maxDets=1000 ] = 0.0000
2024-03-04 14:30:23,315 - mmdet - INFO -  Average Precision  (AP) @[ IoU=0.50:0.95 | area= large | maxDets=1000 ] = 0.0000
2024-03-04 14:30:23,315 - mmdet - INFO -  Average Recall     (AR) @[ IoU=0.50:0.95 | area=   all | maxDets=100 ] = 0.0000
2024-03-04 14:30:23,315 - mmdet - INFO -  Average Recall     (AR) @[ IoU=0.50:0.95 | area=   all | maxDets=300 ] = 0.0000
2024-03-04 14:30:23,315 - mmdet - INFO -  Average Recall     (AR) @[ IoU=0.50:0.95 | area=   all | maxDets=1000 ] = 0.0000
2024-03-04 14:30:23,315 - mmdet - INFO -  Average Recall     (AR) @[ IoU=0.50:0.95 | area= small | maxDets=1000 ] = 0.0000
2024-03-04 14:30:23,315 - mmdet - INFO -  Average Recall     (AR) @[ IoU=0.50:0.95 | area=medium | maxDets=1000 ] = 0.0000
2024-03-04 14:30:23,315 - mmdet - INFO -  Average Recall     (AR) @[ IoU=0.50:0.95 | area= large | maxDets=1000 ] = 0.0000
2024-03-04 14:30:23,357 - mmdet - INFO - Exp name: P2BNet_r50_fpn_1x_coco_ms.py
2024-03-04 14:30:23,359 - mmdet - INFO - Epoch(val) [8][360]	eval_iter_num: 720, bbox_mAP: 0.0000, bbox_mAP_50: 0.0000, bbox_mAP_75: 0.0000, bbox_mAP_s: 0.0000, bbox_mAP_m: 0.0000, bbox_mAP_l: 0.0000, bbox_mAP_copypaste: 0.000 0.000 0.000 0.000 0.000 0.000
2024-03-04 14:30:55,973 - mmdet - INFO - Epoch [9][50/360]	lr: 1.000e-02, eta: 0:53:58, time: 0.652, data_time: 0.066, memory: 8582, stage0_loss_instance_mil: 0.6742, stage0_bag_acc: 19.5183, stage0_mean_ious: 0.1004, stage0_s: 0.0000, stage0_m: 0.0162, stage0_l: 0.0807, stage0_h: 0.0952, stage1_loss_instance_mil: 0.0935, stage1_bag_acc: 19.6581, stage1_neg_loss: 0.0185, stage1_mean_ious: 0.1052, stage1_s: 0.0000, stage1_m: 0.0150, stage1_l: 0.0849, stage1_h: 0.0995, loss: 0.7862, grad_norm: 0.2022
2024-03-04 14:31:24,916 - mmdet - INFO - Epoch [9][100/360]	lr: 1.000e-02, eta: 0:53:31, time: 0.579, data_time: 0.018, memory: 8582, stage0_loss_instance_mil: 0.6686, stage0_bag_acc: 22.4671, stage0_mean_ious: 0.1366, stage0_s: 0.0000, stage0_m: 0.0213, stage0_l: 0.1371, stage0_h: 0.1227, stage1_loss_instance_mil: 0.0953, stage1_bag_acc: 18.4782, stage1_neg_loss: 0.0160, stage1_mean_ious: 0.1359, stage1_s: 0.0000, stage1_m: 0.0174, stage1_l: 0.1244, stage1_h: 0.1257, loss: 0.7799, grad_norm: 0.2382
2024-03-04 14:31:51,232 - mmdet - INFO - Epoch [9][150/360]	lr: 1.000e-02, eta: 0:52:59, time: 0.526, data_time: 0.017, memory: 8582, stage0_loss_instance_mil: 0.6679, stage0_bag_acc: 19.8467, stage0_mean_ious: 0.1329, stage0_s: 0.0000, stage0_m: 0.0406, stage0_l: 0.1342, stage0_h: 0.1200, stage1_loss_instance_mil: 0.0947, stage1_bag_acc: 20.4663, stage1_neg_loss: 0.0175, stage1_mean_ious: 0.1331, stage1_s: 0.0000, stage1_m: 0.0398, stage1_l: 0.1245, stage1_h: 0.1238, loss: 0.7801, grad_norm: 0.2226
2024-03-04 14:32:20,809 - mmdet - INFO - Epoch [9][200/360]	lr: 1.000e-02, eta: 0:52:32, time: 0.592, data_time: 0.019, memory: 8582, stage0_loss_instance_mil: 0.6764, stage0_bag_acc: 15.3774, stage0_mean_ious: 0.1229, stage0_s: 0.0000, stage0_m: 0.0046, stage0_l: 0.0798, stage0_h: 0.1146, stage1_loss_instance_mil: 0.0941, stage1_bag_acc: 16.0705, stage1_neg_loss: 0.0165, stage1_mean_ious: 0.1332, stage1_s: 0.0000, stage1_m: 0.0047, stage1_l: 0.0774, stage1_h: 0.1260, loss: 0.7870, grad_norm: 0.2551
2024-03-04 14:32:49,867 - mmdet - INFO - Epoch [9][250/360]	lr: 1.000e-02, eta: 0:52:05, time: 0.581, data_time: 0.019, memory: 8582, stage0_loss_instance_mil: 0.6693, stage0_bag_acc: 18.3156, stage0_mean_ious: 0.1155, stage0_s: 0.0000, stage0_m: 0.0424, stage0_l: 0.0901, stage0_h: 0.1127, stage1_loss_instance_mil: 0.0946, stage1_bag_acc: 26.6203, stage1_neg_loss: 0.0168, stage1_mean_ious: 0.1171, stage1_s: 0.0000, stage1_m: 0.0397, stage1_l: 0.0831, stage1_h: 0.1169, loss: 0.7807, grad_norm: 0.2542
2024-03-04 14:33:19,327 - mmdet - INFO - Epoch [9][300/360]	lr: 1.000e-02, eta: 0:51:39, time: 0.589, data_time: 0.019, memory: 8582, stage0_loss_instance_mil: 0.6590, stage0_bag_acc: 19.5998, stage0_mean_ious: 0.1328, stage0_s: 0.0000, stage0_m: 0.0575, stage0_l: 0.1232, stage0_h: 0.1134, stage1_loss_instance_mil: 0.0940, stage1_bag_acc: 27.0278, stage1_neg_loss: 0.0156, stage1_mean_ious: 0.1268, stage1_s: 0.0000, stage1_m: 0.0476, stage1_l: 0.1065, stage1_h: 0.1111, loss: 0.7686, grad_norm: 0.2601
2024-03-04 14:33:46,689 - mmdet - INFO - Epoch [9][350/360]	lr: 1.000e-02, eta: 0:51:09, time: 0.547, data_time: 0.018, memory: 8582, stage0_loss_instance_mil: 0.6648, stage0_bag_acc: 24.9048, stage0_mean_ious: 0.1478, stage0_s: 0.0000, stage0_m: 0.0423, stage0_l: 0.1692, stage0_h: 0.1276, stage1_loss_instance_mil: 0.0943, stage1_bag_acc: 32.1167, stage1_neg_loss: 0.0161, stage1_mean_ious: 0.1397, stage1_s: 0.0000, stage1_m: 0.0339, stage1_l: 0.1465, stage1_h: 0.1261, loss: 0.7752, grad_norm: 0.2816
2024-03-04 14:33:52,337 - mmdet - INFO - Saving checkpoint at 9 epochs
2024-03-04 14:36:04,064 - mmdet - INFO - Evaluating bbox...
2024-03-04 14:36:05,926 - mmdet - INFO -  Average Precision  (AP) @[ IoU=0.50:0.95 | area=   all | maxDets=100 ] = 0.0000
2024-03-04 14:36:05,927 - mmdet - INFO -  Average Precision  (AP) @[ IoU=0.50      | area=   all | maxDets=1000 ] = 0.0000
2024-03-04 14:36:05,927 - mmdet - INFO -  Average Precision  (AP) @[ IoU=0.60      | area=   all | maxDets=1000 ] = 0.0000
2024-03-04 14:36:05,927 - mmdet - INFO -  Average Precision  (AP) @[ IoU=0.70      | area=   all | maxDets=1000 ] = 0.0000
2024-03-04 14:36:05,927 - mmdet - INFO -  Average Precision  (AP) @[ IoU=0.75      | area=   all | maxDets=1000 ] = 0.0000
2024-03-04 14:36:05,928 - mmdet - INFO -  Average Precision  (AP) @[ IoU=0.80      | area=   all | maxDets=1000 ] = 0.0000
2024-03-04 14:36:05,928 - mmdet - INFO -  Average Precision  (AP) @[ IoU=0.90      | area=   all | maxDets=1000 ] = 0.0000
2024-03-04 14:36:05,928 - mmdet - INFO -  Average Precision  (AP) @[ IoU=0.50:0.95 | area= small | maxDets=1000 ] = 0.0000
2024-03-04 14:36:05,928 - mmdet - INFO -  Average Precision  (AP) @[ IoU=0.50:0.95 | area=medium | maxDets=1000 ] = 0.0000
2024-03-04 14:36:05,929 - mmdet - INFO -  Average Precision  (AP) @[ IoU=0.50:0.95 | area= large | maxDets=1000 ] = 0.0000
2024-03-04 14:36:05,929 - mmdet - INFO -  Average Recall     (AR) @[ IoU=0.50:0.95 | area=   all | maxDets=100 ] = 0.0000
2024-03-04 14:36:05,929 - mmdet - INFO -  Average Recall     (AR) @[ IoU=0.50:0.95 | area=   all | maxDets=300 ] = 0.0000
2024-03-04 14:36:05,929 - mmdet - INFO -  Average Recall     (AR) @[ IoU=0.50:0.95 | area=   all | maxDets=1000 ] = 0.0000
2024-03-04 14:36:05,929 - mmdet - INFO -  Average Recall     (AR) @[ IoU=0.50:0.95 | area= small | maxDets=1000 ] = 0.0000
2024-03-04 14:36:05,929 - mmdet - INFO -  Average Recall     (AR) @[ IoU=0.50:0.95 | area=medium | maxDets=1000 ] = 0.0000
2024-03-04 14:36:05,929 - mmdet - INFO -  Average Recall     (AR) @[ IoU=0.50:0.95 | area= large | maxDets=1000 ] = 0.0000
2024-03-04 14:36:05,975 - mmdet - INFO - Exp name: P2BNet_r50_fpn_1x_coco_ms.py
2024-03-04 14:36:05,976 - mmdet - INFO - Epoch(val) [9][360]	eval_iter_num: 720, bbox_mAP: 0.0000, bbox_mAP_50: 0.0000, bbox_mAP_75: 0.0000, bbox_mAP_s: 0.0000, bbox_mAP_m: 0.0000, bbox_mAP_l: 0.0000, bbox_mAP_copypaste: 0.000 0.000 0.000 0.000 0.000 0.000
2024-03-04 14:36:38,155 - mmdet - INFO - Epoch [10][50/360]	lr: 1.000e-02, eta: 0:50:32, time: 0.643, data_time: 0.065, memory: 8582, stage0_loss_instance_mil: 0.6625, stage0_bag_acc: 22.0634, stage0_mean_ious: 0.1165, stage0_s: 0.0000, stage0_m: 0.0579, stage0_l: 0.1194, stage0_h: 0.0981, stage1_loss_instance_mil: 0.0924, stage1_bag_acc: 30.7912, stage1_neg_loss: 0.0176, stage1_mean_ious: 0.1147, stage1_s: 0.0000, stage1_m: 0.0544, stage1_l: 0.1098, stage1_h: 0.1002, loss: 0.7725, grad_norm: 0.2593
2024-03-04 14:37:07,351 - mmdet - INFO - Epoch [10][100/360]	lr: 1.000e-02, eta: 0:50:05, time: 0.584, data_time: 0.020, memory: 8582, stage0_loss_instance_mil: 0.6674, stage0_bag_acc: 18.7258, stage0_mean_ious: 0.1533, stage0_s: 0.0000, stage0_m: 0.0259, stage0_l: 0.1134, stage0_h: 0.1421, stage1_loss_instance_mil: 0.0935, stage1_bag_acc: 31.9004, stage1_neg_loss: 0.0194, stage1_mean_ious: 0.1546, stage1_s: 0.0000, stage1_m: 0.0265, stage1_l: 0.1138, stage1_h: 0.1430, loss: 0.7803, grad_norm: 0.3023
2024-03-04 14:37:34,507 - mmdet - INFO - Epoch [10][150/360]	lr: 1.000e-02, eta: 0:49:35, time: 0.543, data_time: 0.019, memory: 8582, stage0_loss_instance_mil: 0.6694, stage0_bag_acc: 22.9369, stage0_mean_ious: 0.1090, stage0_s: 0.0000, stage0_m: 0.0285, stage0_l: 0.0845, stage0_h: 0.1045, stage1_loss_instance_mil: 0.0926, stage1_bag_acc: 30.0804, stage1_neg_loss: 0.0203, stage1_mean_ious: 0.1061, stage1_s: 0.0000, stage1_m: 0.0288, stage1_l: 0.0831, stage1_h: 0.1016, loss: 0.7822, grad_norm: 0.2827
2024-03-04 14:38:03,667 - mmdet - INFO - Epoch [10][200/360]	lr: 1.000e-02, eta: 0:49:07, time: 0.583, data_time: 0.021, memory: 8582, stage0_loss_instance_mil: 0.6704, stage0_bag_acc: 18.4113, stage0_mean_ious: 0.1294, stage0_s: 0.0000, stage0_m: 0.0137, stage0_l: 0.0870, stage0_h: 0.1199, stage1_loss_instance_mil: 0.0914, stage1_bag_acc: 28.0464, stage1_neg_loss: 0.0179, stage1_mean_ious: 0.1252, stage1_s: 0.0000, stage1_m: 0.0122, stage1_l: 0.0877, stage1_h: 0.1165, loss: 0.7797, grad_norm: 0.2248
2024-03-04 14:38:33,674 - mmdet - INFO - Epoch [10][250/360]	lr: 1.000e-02, eta: 0:48:42, time: 0.600, data_time: 0.022, memory: 8582, stage0_loss_instance_mil: 0.6706, stage0_bag_acc: 22.1455, stage0_mean_ious: 0.1394, stage0_s: 0.0000, stage0_m: 0.0834, stage0_l: 0.0770, stage0_h: 0.1301, stage1_loss_instance_mil: 0.0918, stage1_bag_acc: 28.3218, stage1_neg_loss: 0.0159, stage1_mean_ious: 0.1306, stage1_s: 0.0000, stage1_m: 0.0707, stage1_l: 0.0715, stage1_h: 0.1218, loss: 0.7782, grad_norm: 0.3176
2024-03-04 14:39:01,738 - mmdet - INFO - Epoch [10][300/360]	lr: 1.000e-02, eta: 0:48:13, time: 0.561, data_time: 0.021, memory: 8582, stage0_loss_instance_mil: 0.6688, stage0_bag_acc: 19.7949, stage0_mean_ious: 0.1100, stage0_s: 0.0000, stage0_m: 0.0204, stage0_l: 0.0764, stage0_h: 0.1022, stage1_loss_instance_mil: 0.0910, stage1_bag_acc: 28.7440, stage1_neg_loss: 0.0172, stage1_mean_ious: 0.1056, stage1_s: 0.0000, stage1_m: 0.0223, stage1_l: 0.0725, stage1_h: 0.0974, loss: 0.7770, grad_norm: 0.2820
2024-03-04 14:39:30,315 - mmdet - INFO - Epoch [10][350/360]	lr: 1.000e-02, eta: 0:47:45, time: 0.572, data_time: 0.021, memory: 8582, stage0_loss_instance_mil: 0.6667, stage0_bag_acc: 28.8425, stage0_mean_ious: 0.1346, stage0_s: 0.0000, stage0_m: 0.0343, stage0_l: 0.1262, stage0_h: 0.1246, stage1_loss_instance_mil: 0.0935, stage1_bag_acc: 30.0871, stage1_neg_loss: 0.0181, stage1_mean_ious: 0.1312, stage1_s: 0.0000, stage1_m: 0.0345, stage1_l: 0.1293, stage1_h: 0.1206, loss: 0.7783, grad_norm: 0.2236
2024-03-04 14:39:36,281 - mmdet - INFO - Saving checkpoint at 10 epochs
2024-03-04 14:41:47,416 - mmdet - INFO - Evaluating bbox...
2024-03-04 14:41:49,231 - mmdet - INFO -  Average Precision  (AP) @[ IoU=0.50:0.95 | area=   all | maxDets=100 ] = 0.0000
2024-03-04 14:41:49,232 - mmdet - INFO -  Average Precision  (AP) @[ IoU=0.50      | area=   all | maxDets=1000 ] = 0.0000
2024-03-04 14:41:49,232 - mmdet - INFO -  Average Precision  (AP) @[ IoU=0.60      | area=   all | maxDets=1000 ] = 0.0000
2024-03-04 14:41:49,232 - mmdet - INFO -  Average Precision  (AP) @[ IoU=0.70      | area=   all | maxDets=1000 ] = 0.0000
2024-03-04 14:41:49,232 - mmdet - INFO -  Average Precision  (AP) @[ IoU=0.75      | area=   all | maxDets=1000 ] = 0.0000
2024-03-04 14:41:49,232 - mmdet - INFO -  Average Precision  (AP) @[ IoU=0.80      | area=   all | maxDets=1000 ] = 0.0000
2024-03-04 14:41:49,232 - mmdet - INFO -  Average Precision  (AP) @[ IoU=0.90      | area=   all | maxDets=1000 ] = 0.0000
2024-03-04 14:41:49,233 - mmdet - INFO -  Average Precision  (AP) @[ IoU=0.50:0.95 | area= small | maxDets=1000 ] = 0.0000
2024-03-04 14:41:49,233 - mmdet - INFO -  Average Precision  (AP) @[ IoU=0.50:0.95 | area=medium | maxDets=1000 ] = 0.0000
2024-03-04 14:41:49,233 - mmdet - INFO -  Average Precision  (AP) @[ IoU=0.50:0.95 | area= large | maxDets=1000 ] = 0.0000
2024-03-04 14:41:49,233 - mmdet - INFO -  Average Recall     (AR) @[ IoU=0.50:0.95 | area=   all | maxDets=100 ] = 0.0000
2024-03-04 14:41:49,233 - mmdet - INFO -  Average Recall     (AR) @[ IoU=0.50:0.95 | area=   all | maxDets=300 ] = 0.0000
2024-03-04 14:41:49,233 - mmdet - INFO -  Average Recall     (AR) @[ IoU=0.50:0.95 | area=   all | maxDets=1000 ] = 0.0000
2024-03-04 14:41:49,233 - mmdet - INFO -  Average Recall     (AR) @[ IoU=0.50:0.95 | area= small | maxDets=1000 ] = 0.0000
2024-03-04 14:41:49,233 - mmdet - INFO -  Average Recall     (AR) @[ IoU=0.50:0.95 | area=medium | maxDets=1000 ] = 0.0000
2024-03-04 14:41:49,233 - mmdet - INFO -  Average Recall     (AR) @[ IoU=0.50:0.95 | area= large | maxDets=1000 ] = 0.0000
2024-03-04 14:41:49,274 - mmdet - INFO - Exp name: P2BNet_r50_fpn_1x_coco_ms.py
2024-03-04 14:41:49,275 - mmdet - INFO - Epoch(val) [10][360]	eval_iter_num: 720, bbox_mAP: 0.0000, bbox_mAP_50: 0.0000, bbox_mAP_75: 0.0000, bbox_mAP_s: 0.0000, bbox_mAP_m: 0.0000, bbox_mAP_l: 0.0000, bbox_mAP_copypaste: 0.000 0.000 0.000 0.000 0.000 0.000
2024-03-04 14:42:21,008 - mmdet - INFO - Epoch [11][50/360]	lr: 1.000e-02, eta: 0:47:07, time: 0.634, data_time: 0.066, memory: 8582, stage0_loss_instance_mil: 0.6680, stage0_bag_acc: 21.5953, stage0_mean_ious: 0.1351, stage0_s: 0.0080, stage0_m: 0.0301, stage0_l: 0.1178, stage0_h: 0.1234, stage1_loss_instance_mil: 0.0943, stage1_bag_acc: 28.4453, stage1_neg_loss: 0.0143, stage1_mean_ious: 0.1265, stage1_s: 0.0078, stage1_m: 0.0249, stage1_l: 0.1099, stage1_h: 0.1162, loss: 0.7766, grad_norm: 0.3025
2024-03-04 14:42:49,647 - mmdet - INFO - Epoch [11][100/360]	lr: 1.000e-02, eta: 0:46:39, time: 0.573, data_time: 0.019, memory: 8582, stage0_loss_instance_mil: 0.6723, stage0_bag_acc: 17.9229, stage0_mean_ious: 0.1363, stage0_s: 0.0000, stage0_m: 0.0200, stage0_l: 0.1309, stage0_h: 0.1235, stage1_loss_instance_mil: 0.0902, stage1_bag_acc: 24.9281, stage1_neg_loss: 0.0202, stage1_mean_ious: 0.1344, stage1_s: 0.0000, stage1_m: 0.0178, stage1_l: 0.1285, stage1_h: 0.1220, loss: 0.7826, grad_norm: 0.2112
2024-03-04 14:43:18,216 - mmdet - INFO - Epoch [11][150/360]	lr: 1.000e-02, eta: 0:46:11, time: 0.571, data_time: 0.019, memory: 8582, stage0_loss_instance_mil: 0.6633, stage0_bag_acc: 23.6381, stage0_mean_ious: 0.1753, stage0_s: 0.0000, stage0_m: 0.0203, stage0_l: 0.1858, stage0_h: 0.1578, stage1_loss_instance_mil: 0.0937, stage1_bag_acc: 31.6278, stage1_neg_loss: 0.0156, stage1_mean_ious: 0.1637, stage1_s: 0.0000, stage1_m: 0.0153, stage1_l: 0.1775, stage1_h: 0.1476, loss: 0.7726, grad_norm: 0.2908
2024-03-04 14:43:47,917 - mmdet - INFO - Epoch [11][200/360]	lr: 1.000e-02, eta: 0:45:45, time: 0.594, data_time: 0.019, memory: 8582, stage0_loss_instance_mil: 0.6748, stage0_bag_acc: 19.5779, stage0_mean_ious: 0.1625, stage0_s: 0.0000, stage0_m: 0.0168, stage0_l: 0.1227, stage0_h: 0.1534, stage1_loss_instance_mil: 0.0918, stage1_bag_acc: 28.5908, stage1_neg_loss: 0.0138, stage1_mean_ious: 0.1534, stage1_s: 0.0000, stage1_m: 0.0133, stage1_l: 0.1045, stage1_h: 0.1474, loss: 0.7804, grad_norm: 0.4043
2024-03-04 14:44:17,872 - mmdet - INFO - Epoch [11][250/360]	lr: 1.000e-02, eta: 0:45:18, time: 0.599, data_time: 0.020, memory: 8582, stage0_loss_instance_mil: 0.6625, stage0_bag_acc: 24.2165, stage0_mean_ious: 0.1725, stage0_s: 0.0000, stage0_m: 0.0443, stage0_l: 0.1361, stage0_h: 0.1626, stage1_loss_instance_mil: 0.0925, stage1_bag_acc: 32.0784, stage1_neg_loss: 0.0161, stage1_mean_ious: 0.1631, stage1_s: 0.0000, stage1_m: 0.0317, stage1_l: 0.1144, stage1_h: 0.1594, loss: 0.7710, grad_norm: 0.3760
2024-03-04 14:44:45,956 - mmdet - INFO - Epoch [11][300/360]	lr: 1.000e-02, eta: 0:44:50, time: 0.562, data_time: 0.020, memory: 8582, stage0_loss_instance_mil: 0.6700, stage0_bag_acc: 19.4092, stage0_mean_ious: 0.1440, stage0_s: 0.0000, stage0_m: 0.0170, stage0_l: 0.0958, stage0_h: 0.1389, stage1_loss_instance_mil: 0.0951, stage1_bag_acc: 23.1456, stage1_neg_loss: 0.0139, stage1_mean_ious: 0.1428, stage1_s: 0.0000, stage1_m: 0.0145, stage1_l: 0.0800, stage1_h: 0.1409, loss: 0.7790, grad_norm: 0.5257
2024-03-04 14:45:14,347 - mmdet - INFO - Epoch [11][350/360]	lr: 1.000e-02, eta: 0:44:21, time: 0.568, data_time: 0.020, memory: 8582, stage0_loss_instance_mil: 0.6605, stage0_bag_acc: 21.2805, stage0_mean_ious: 0.1476, stage0_s: 0.0000, stage0_m: 0.0556, stage0_l: 0.1241, stage0_h: 0.1309, stage1_loss_instance_mil: 0.0907, stage1_bag_acc: 26.8553, stage1_neg_loss: 0.0208, stage1_mean_ious: 0.1464, stage1_s: 0.0000, stage1_m: 0.0482, stage1_l: 0.1210, stage1_h: 0.1319, loss: 0.7720, grad_norm: 0.2744
2024-03-04 14:45:20,270 - mmdet - INFO - Saving checkpoint at 11 epochs
2024-03-04 14:47:31,441 - mmdet - INFO - Evaluating bbox...
2024-03-04 14:47:33,238 - mmdet - INFO -  Average Precision  (AP) @[ IoU=0.50:0.95 | area=   all | maxDets=100 ] = 0.0000
2024-03-04 14:47:33,239 - mmdet - INFO -  Average Precision  (AP) @[ IoU=0.50      | area=   all | maxDets=1000 ] = 0.0000
2024-03-04 14:47:33,239 - mmdet - INFO -  Average Precision  (AP) @[ IoU=0.60      | area=   all | maxDets=1000 ] = 0.0000
2024-03-04 14:47:33,239 - mmdet - INFO -  Average Precision  (AP) @[ IoU=0.70      | area=   all | maxDets=1000 ] = 0.0000
2024-03-04 14:47:33,239 - mmdet - INFO -  Average Precision  (AP) @[ IoU=0.75      | area=   all | maxDets=1000 ] = 0.0000
2024-03-04 14:47:33,240 - mmdet - INFO -  Average Precision  (AP) @[ IoU=0.80      | area=   all | maxDets=1000 ] = 0.0000
2024-03-04 14:47:33,240 - mmdet - INFO -  Average Precision  (AP) @[ IoU=0.90      | area=   all | maxDets=1000 ] = 0.0000
2024-03-04 14:47:33,240 - mmdet - INFO -  Average Precision  (AP) @[ IoU=0.50:0.95 | area= small | maxDets=1000 ] = 0.0000
2024-03-04 14:47:33,240 - mmdet - INFO -  Average Precision  (AP) @[ IoU=0.50:0.95 | area=medium | maxDets=1000 ] = 0.0000
2024-03-04 14:47:33,241 - mmdet - INFO -  Average Precision  (AP) @[ IoU=0.50:0.95 | area= large | maxDets=1000 ] = 0.0000
2024-03-04 14:47:33,241 - mmdet - INFO -  Average Recall     (AR) @[ IoU=0.50:0.95 | area=   all | maxDets=100 ] = 0.0000
2024-03-04 14:47:33,241 - mmdet - INFO -  Average Recall     (AR) @[ IoU=0.50:0.95 | area=   all | maxDets=300 ] = 0.0000
2024-03-04 14:47:33,241 - mmdet - INFO -  Average Recall     (AR) @[ IoU=0.50:0.95 | area=   all | maxDets=1000 ] = 0.0000
2024-03-04 14:47:33,241 - mmdet - INFO -  Average Recall     (AR) @[ IoU=0.50:0.95 | area= small | maxDets=1000 ] = 0.0000
2024-03-04 14:47:33,241 - mmdet - INFO -  Average Recall     (AR) @[ IoU=0.50:0.95 | area=medium | maxDets=1000 ] = 0.0000
2024-03-04 14:47:33,241 - mmdet - INFO -  Average Recall     (AR) @[ IoU=0.50:0.95 | area= large | maxDets=1000 ] = 0.0000
2024-03-04 14:47:33,286 - mmdet - INFO - Exp name: P2BNet_r50_fpn_1x_coco_ms.py
2024-03-04 14:47:33,287 - mmdet - INFO - Epoch(val) [11][360]	eval_iter_num: 720, bbox_mAP: 0.0000, bbox_mAP_50: 0.0000, bbox_mAP_75: 0.0000, bbox_mAP_s: 0.0000, bbox_mAP_m: 0.0000, bbox_mAP_l: 0.0000, bbox_mAP_copypaste: 0.000 0.000 0.000 0.000 0.000 0.000
2024-03-04 14:48:06,301 - mmdet - INFO - Epoch [12][50/360]	lr: 1.000e-03, eta: 0:43:46, time: 0.660, data_time: 0.066, memory: 8582, stage0_loss_instance_mil: 0.6607, stage0_bag_acc: 21.1785, stage0_mean_ious: 0.1509, stage0_s: 0.0000, stage0_m: 0.0343, stage0_l: 0.1239, stage0_h: 0.1374, stage1_loss_instance_mil: 0.0939, stage1_bag_acc: 38.9532, stage1_neg_loss: 0.0128, stage1_mean_ious: 0.1451, stage1_s: 0.0000, stage1_m: 0.0246, stage1_l: 0.1011, stage1_h: 0.1370, loss: 0.7673, grad_norm: 0.5002
2024-03-04 14:48:34,717 - mmdet - INFO - Epoch [12][100/360]	lr: 1.000e-03, eta: 0:43:18, time: 0.568, data_time: 0.018, memory: 8582, stage0_loss_instance_mil: 0.6563, stage0_bag_acc: 23.1172, stage0_mean_ious: 0.1388, stage0_s: 0.0000, stage0_m: 0.0501, stage0_l: 0.1278, stage0_h: 0.1244, stage1_loss_instance_mil: 0.0965, stage1_bag_acc: 35.3643, stage1_neg_loss: 0.0129, stage1_mean_ious: 0.1253, stage1_s: 0.0000, stage1_m: 0.0371, stage1_l: 0.1063, stage1_h: 0.1174, loss: 0.7658, grad_norm: 0.6113
2024-03-04 14:49:03,111 - mmdet - INFO - Epoch [12][150/360]	lr: 1.000e-03, eta: 0:42:49, time: 0.568, data_time: 0.018, memory: 8582, stage0_loss_instance_mil: 0.6685, stage0_bag_acc: 25.9909, stage0_mean_ious: 0.1522, stage0_s: 0.0088, stage0_m: 0.0405, stage0_l: 0.1242, stage0_h: 0.1410, stage1_loss_instance_mil: 0.0956, stage1_bag_acc: 34.3084, stage1_neg_loss: 0.0122, stage1_mean_ious: 0.1478, stage1_s: 0.0077, stage1_m: 0.0280, stage1_l: 0.1073, stage1_h: 0.1423, loss: 0.7763, grad_norm: 0.6322
2024-03-04 14:49:32,042 - mmdet - INFO - Epoch [12][200/360]	lr: 1.000e-03, eta: 0:42:22, time: 0.579, data_time: 0.019, memory: 8582, stage0_loss_instance_mil: 0.6586, stage0_bag_acc: 31.7071, stage0_mean_ious: 0.1468, stage0_s: 0.0000, stage0_m: 0.0288, stage0_l: 0.0837, stage0_h: 0.1418, stage1_loss_instance_mil: 0.0973, stage1_bag_acc: 36.7046, stage1_neg_loss: 0.0115, stage1_mean_ious: 0.1401, stage1_s: 0.0000, stage1_m: 0.0261, stage1_l: 0.0700, stage1_h: 0.1366, loss: 0.7675, grad_norm: 0.6110
2024-03-04 14:50:01,040 - mmdet - INFO - Epoch [12][250/360]	lr: 1.000e-03, eta: 0:41:54, time: 0.580, data_time: 0.019, memory: 8582, stage0_loss_instance_mil: 0.6622, stage0_bag_acc: 25.8612, stage0_mean_ious: 0.1447, stage0_s: 0.0000, stage0_m: 0.0146, stage0_l: 0.0917, stage0_h: 0.1386, stage1_loss_instance_mil: 0.0955, stage1_bag_acc: 34.0295, stage1_neg_loss: 0.0125, stage1_mean_ious: 0.1380, stage1_s: 0.0000, stage1_m: 0.0098, stage1_l: 0.0696, stage1_h: 0.1375, loss: 0.7701, grad_norm: 0.7068
2024-03-04 14:50:29,719 - mmdet - INFO - Epoch [12][300/360]	lr: 1.000e-03, eta: 0:41:26, time: 0.574, data_time: 0.019, memory: 8582, stage0_loss_instance_mil: 0.6571, stage0_bag_acc: 28.8099, stage0_mean_ious: 0.1451, stage0_s: 0.0000, stage0_m: 0.0265, stage0_l: 0.1227, stage0_h: 0.1354, stage1_loss_instance_mil: 0.0954, stage1_bag_acc: 33.8245, stage1_neg_loss: 0.0132, stage1_mean_ious: 0.1363, stage1_s: 0.0000, stage1_m: 0.0175, stage1_l: 0.1065, stage1_h: 0.1313, loss: 0.7657, grad_norm: 0.6593
2024-03-04 14:50:57,802 - mmdet - INFO - Epoch [12][350/360]	lr: 1.000e-03, eta: 0:40:57, time: 0.562, data_time: 0.018, memory: 8582, stage0_loss_instance_mil: 0.6569, stage0_bag_acc: 32.2552, stage0_mean_ious: 0.1604, stage0_s: 0.0000, stage0_m: 0.0327, stage0_l: 0.0972, stage0_h: 0.1565, stage1_loss_instance_mil: 0.0963, stage1_bag_acc: 34.7781, stage1_neg_loss: 0.0126, stage1_mean_ious: 0.1444, stage1_s: 0.0000, stage1_m: 0.0245, stage1_l: 0.0750, stage1_h: 0.1446, loss: 0.7659, grad_norm: 0.7765
2024-03-04 14:51:03,819 - mmdet - INFO - Saving checkpoint at 12 epochs
2024-03-04 14:53:16,140 - mmdet - INFO - Evaluating bbox...
2024-03-04 14:53:17,957 - mmdet - INFO -  Average Precision  (AP) @[ IoU=0.50:0.95 | area=   all | maxDets=100 ] = 0.0000
2024-03-04 14:53:17,957 - mmdet - INFO -  Average Precision  (AP) @[ IoU=0.50      | area=   all | maxDets=1000 ] = 0.0000
2024-03-04 14:53:17,957 - mmdet - INFO -  Average Precision  (AP) @[ IoU=0.60      | area=   all | maxDets=1000 ] = 0.0000
2024-03-04 14:53:17,958 - mmdet - INFO -  Average Precision  (AP) @[ IoU=0.70      | area=   all | maxDets=1000 ] = 0.0000
2024-03-04 14:53:17,958 - mmdet - INFO -  Average Precision  (AP) @[ IoU=0.75      | area=   all | maxDets=1000 ] = 0.0000
2024-03-04 14:53:17,958 - mmdet - INFO -  Average Precision  (AP) @[ IoU=0.80      | area=   all | maxDets=1000 ] = 0.0000
2024-03-04 14:53:17,958 - mmdet - INFO -  Average Precision  (AP) @[ IoU=0.90      | area=   all | maxDets=1000 ] = 0.0000
2024-03-04 14:53:17,958 - mmdet - INFO -  Average Precision  (AP) @[ IoU=0.50:0.95 | area= small | maxDets=1000 ] = 0.0000
2024-03-04 14:53:17,958 - mmdet - INFO -  Average Precision  (AP) @[ IoU=0.50:0.95 | area=medium | maxDets=1000 ] = 0.0000
2024-03-04 14:53:17,958 - mmdet - INFO -  Average Precision  (AP) @[ IoU=0.50:0.95 | area= large | maxDets=1000 ] = 0.0000
2024-03-04 14:53:17,958 - mmdet - INFO -  Average Recall     (AR) @[ IoU=0.50:0.95 | area=   all | maxDets=100 ] = 0.0000
2024-03-04 14:53:17,959 - mmdet - INFO -  Average Recall     (AR) @[ IoU=0.50:0.95 | area=   all | maxDets=300 ] = 0.0000
2024-03-04 14:53:17,959 - mmdet - INFO -  Average Recall     (AR) @[ IoU=0.50:0.95 | area=   all | maxDets=1000 ] = 0.0000
2024-03-04 14:53:17,959 - mmdet - INFO -  Average Recall     (AR) @[ IoU=0.50:0.95 | area= small | maxDets=1000 ] = 0.0000
2024-03-04 14:53:17,959 - mmdet - INFO -  Average Recall     (AR) @[ IoU=0.50:0.95 | area=medium | maxDets=1000 ] = 0.0000
2024-03-04 14:53:17,959 - mmdet - INFO -  Average Recall     (AR) @[ IoU=0.50:0.95 | area= large | maxDets=1000 ] = 0.0000
2024-03-04 14:53:18,004 - mmdet - INFO - Exp name: P2BNet_r50_fpn_1x_coco_ms.py
2024-03-04 14:53:18,007 - mmdet - INFO - Epoch(val) [12][360]	eval_iter_num: 720, bbox_mAP: 0.0000, bbox_mAP_50: 0.0000, bbox_mAP_75: 0.0000, bbox_mAP_s: 0.0000, bbox_mAP_m: 0.0000, bbox_mAP_l: 0.0000, bbox_mAP_copypaste: 0.000 0.000 0.000 0.000 0.000 0.000
2024-03-04 14:53:48,733 - mmdet - INFO - Epoch [13][50/360]	lr: 1.000e-03, eta: 0:40:20, time: 0.614, data_time: 0.066, memory: 8582, stage0_loss_instance_mil: 0.6489, stage0_bag_acc: 31.2264, stage0_mean_ious: 0.1478, stage0_s: 0.0000, stage0_m: 0.0341, stage0_l: 0.1358, stage0_h: 0.1363, stage1_loss_instance_mil: 0.0962, stage1_bag_acc: 41.9704, stage1_neg_loss: 0.0140, stage1_mean_ious: 0.1338, stage1_s: 0.0000, stage1_m: 0.0227, stage1_l: 0.1028, stage1_h: 0.1287, loss: 0.7592, grad_norm: 0.6827
2024-03-04 14:54:17,400 - mmdet - INFO - Epoch [13][100/360]	lr: 1.000e-03, eta: 0:39:52, time: 0.573, data_time: 0.020, memory: 8582, stage0_loss_instance_mil: 0.6589, stage0_bag_acc: 25.4018, stage0_mean_ious: 0.1546, stage0_s: 0.0000, stage0_m: 0.0244, stage0_l: 0.0879, stage0_h: 0.1480, stage1_loss_instance_mil: 0.0993, stage1_bag_acc: 34.3746, stage1_neg_loss: 0.0106, stage1_mean_ious: 0.1436, stage1_s: 0.0000, stage1_m: 0.0188, stage1_l: 0.0681, stage1_h: 0.1412, loss: 0.7688, grad_norm: 0.7095
2024-03-04 14:54:45,058 - mmdet - INFO - Epoch [13][150/360]	lr: 1.000e-03, eta: 0:39:23, time: 0.553, data_time: 0.019, memory: 8582, stage0_loss_instance_mil: 0.6497, stage0_bag_acc: 32.0546, stage0_mean_ious: 0.1519, stage0_s: 0.0000, stage0_m: 0.0269, stage0_l: 0.1239, stage0_h: 0.1428, stage1_loss_instance_mil: 0.0956, stage1_bag_acc: 40.6647, stage1_neg_loss: 0.0136, stage1_mean_ious: 0.1383, stage1_s: 0.0000, stage1_m: 0.0197, stage1_l: 0.1100, stage1_h: 0.1322, loss: 0.7588, grad_norm: 0.6892
2024-03-04 14:55:14,560 - mmdet - INFO - Epoch [13][200/360]	lr: 1.000e-03, eta: 0:38:56, time: 0.590, data_time: 0.021, memory: 8582, stage0_loss_instance_mil: 0.6505, stage0_bag_acc: 29.2476, stage0_mean_ious: 0.1632, stage0_s: 0.0000, stage0_m: 0.0355, stage0_l: 0.0925, stage0_h: 0.1568, stage1_loss_instance_mil: 0.0997, stage1_bag_acc: 41.7181, stage1_neg_loss: 0.0119, stage1_mean_ious: 0.1522, stage1_s: 0.0000, stage1_m: 0.0294, stage1_l: 0.0773, stage1_h: 0.1501, loss: 0.7621, grad_norm: 0.7737
