2024-10-08 13:42:06,437 - mmdet - INFO - Environment info:
------------------------------------------------------------
sys.platform: linux
Python: 3.7.16 (default, Jan 17 2023, 22:20:44) [GCC 11.2.0]
CUDA available: True
GPU 0,1,2,3,4,5,6,7: NVIDIA GeForce RTX 3090
CUDA_HOME: /usr/local/cuda-12.0
NVCC: Build cuda_12.0.r12.0/compiler.31968024_0
GCC: gcc (Ubuntu 11.4.0-2ubuntu1~18.04) 11.4.0
PyTorch: 1.7.0
PyTorch compiling details: PyTorch built with:
  - GCC 7.3
  - C++ Version: 201402
  - Intel(R) oneAPI Math Kernel Library Version 2021.4-Product Build 20210904 for Intel(R) 64 architecture applications
  - Intel(R) MKL-DNN v1.6.0 (Git Hash 5ef631a030a6f73131c77892041042805a06064f)
  - OpenMP 201511 (a.k.a. OpenMP 4.5)
  - NNPACK is enabled
  - CPU capability usage: AVX2
  - CUDA Runtime 11.0
  - NVCC architecture flags: -gencode;arch=compute_37,code=sm_37;-gencode;arch=compute_50,code=sm_50;-gencode;arch=compute_60,code=sm_60;-gencode;arch=compute_61,code=sm_61;-gencode;arch=compute_70,code=sm_70;-gencode;arch=compute_75,code=sm_75;-gencode;arch=compute_80,code=sm_80;-gencode;arch=compute_37,code=compute_37
  - CuDNN 8.0.3
  - Magma 2.5.2
  - Build settings: BLAS=MKL, BUILD_TYPE=Release, CXX_FLAGS= -Wno-deprecated -fvisibility-inlines-hidden -DUSE_PTHREADPOOL -fopenmp -DNDEBUG -DUSE_FBGEMM -DUSE_QNNPACK -DUSE_PYTORCH_QNNPACK -DUSE_XNNPACK -DUSE_VULKAN_WRAPPER -O2 -fPIC -Wno-narrowing -Wall -Wextra -Werror=return-type -Wno-missing-field-initializers -Wno-type-limits -Wno-array-bounds -Wno-unknown-pragmas -Wno-sign-compare -Wno-unused-parameter -Wno-unused-variable -Wno-unused-function -Wno-unused-result -Wno-unused-local-typedefs -Wno-strict-overflow -Wno-strict-aliasing -Wno-error=deprecated-declarations -Wno-stringop-overflow -Wno-psabi -Wno-error=pedantic -Wno-error=redundant-decls -Wno-error=old-style-cast -fdiagnostics-color=always -faligned-new -Wno-unused-but-set-variable -Wno-maybe-uninitialized -fno-math-errno -fno-trapping-math -Werror=format -Wno-stringop-overflow, PERF_WITH_AVX=1, PERF_WITH_AVX2=1, PERF_WITH_AVX512=1, USE_CUDA=ON, USE_EXCEPTION_PTR=1, USE_GFLAGS=OFF, USE_GLOG=OFF, USE_MKL=ON, USE_MKLDNN=ON, USE_MPI=OFF, USE_NCCL=ON, USE_NNPACK=ON, USE_OPENMP=ON, 

TorchVision: 0.8.0
OpenCV: 4.8.1
MMCV: 1.3.3
MMCV Compiler: GCC 7.3
MMCV CUDA Compiler: 11.0
MMDetection: 2.13.0+855f72a
------------------------------------------------------------

2024-10-08 13:42:07,358 - mmdet - INFO - Distributed training: False
2024-10-08 13:42:08,193 - mmdet - INFO - Config:
checkpoint_config = dict(interval=1)
log_config = dict(interval=50, hooks=[dict(type='TextLoggerHook')])
custom_hooks = [dict(type='NumClassCheckHook')]
dist_params = dict(backend='nccl')
log_level = 'INFO'
load_from = '../TOV_mmdetection_cache/work_dir/coco/pre_trained/P2B.pth'
resume_from = None
workflow = [('train', 1)]
norm_cfg = dict(type='GN', num_groups=32, requires_grad=True)
debug = False
num_stages = 2
model = dict(
    type='P2BNet',
    pretrained='torchvision://resnet50',
    backbone=dict(
        type='ResNet',
        depth=50,
        num_stages=4,
        out_indices=(0, 1, 2, 3),
        frozen_stages=1,
        norm_cfg=dict(type='BN', requires_grad=True),
        norm_eval=True,
        style='pytorch'),
    neck=dict(
        type='FPN',
        in_channels=[256, 512, 1024, 2048],
        out_channels=256,
        start_level=0,
        add_extra_convs='on_input',
        num_outs=4,
        norm_cfg=dict(type='BN', requires_grad=True)),
    roi_head=dict(
        type='P2BHead',
        num_stages=2,
        top_k=7,
        with_atten=False,
        bbox_roi_extractor=dict(
            type='SingleRoIExtractor',
            roi_layer=dict(type='RoIAlign', output_size=7),
            out_channels=256,
            featmap_strides=[4, 8, 16, 32]),
        bbox_head=dict(
            type='Shared2FCInstanceMILHead',
            num_stages=2,
            with_loss_pseudo=False,
            in_channels=256,
            fc_out_channels=1024,
            roi_feat_size=7,
            num_classes=6,
            num_ref_fcs=0,
            bbox_coder=dict(
                type='DeltaXYWHBBoxCoder',
                target_means=[0.0, 0.0, 0.0, 0.0],
                target_stds=[0.1, 0.1, 0.2, 0.2]),
            reg_class_agnostic=True,
            loss_type='MIL',
            loss_mil1=dict(
                type='MILLoss',
                binary_ins=False,
                loss_weight=0.25,
                loss_type='binary_cross_entropy'),
            loss_mil2=dict(
                type='MILLoss',
                binary_ins=False,
                loss_weight=0.25,
                loss_type='gfocal_loss'))),
    train_cfg=dict(
        base_proposal=dict(
            base_scales=[4, 8, 16, 32, 64, 128],
            base_ratios=[
                0.3333333333333333, 0.5, 0.6666666666666666, 1.0, 1.5, 2.0, 3.0
            ],
            shake_ratio=None,
            cut_mode='symmetry',
            gen_num_neg=0),
        fine_proposal=dict(
            gen_proposal_mode='fix_gen',
            cut_mode=None,
            shake_ratio=[0.1],
            base_ratios=[1, 1.2, 1.3, 0.8, 0.7],
            iou_thr=0.3,
            gen_num_neg=500),
        rcnn=None),
    test_cfg=dict(rpn=None, rcnn=None))
dataset_type = 'CocoFmtDataset'
data_root = 'data/coco/'
img_norm_cfg = dict(
    mean=[123.675, 116.28, 103.53], std=[58.395, 57.12, 57.375], to_rgb=True)
train_pipeline = [
    dict(type='LoadImageFromFile'),
    dict(type='LoadAnnotations', with_bbox=True),
    dict(
        type='Resize',
        img_scale=[(2000, 480), (2000, 576), (2000, 688), (2000, 864),
                   (2000, 1000), (2000, 1200)],
        multiscale_mode='value',
        keep_ratio=True),
    dict(type='RandomFlip', flip_ratio=0.5),
    dict(
        type='Normalize',
        mean=[123.675, 116.28, 103.53],
        std=[58.395, 57.12, 57.375],
        to_rgb=True),
    dict(type='Pad', size_divisor=32),
    dict(type='DefaultFormatBundle'),
    dict(
        type='Collect',
        keys=[
            'img', 'gt_bboxes', 'gt_labels', 'gt_bboxes_ignore',
            'gt_true_bboxes'
        ])
]
test_scale = 1200
test_pipeline = [
    dict(type='LoadImageFromFile'),
    dict(type='LoadAnnotations', with_bbox=True),
    dict(
        type='MultiScaleFlipAug',
        img_scale=(2000, 1200),
        flip=False,
        transforms=[
            dict(type='Resize', keep_ratio=True),
            dict(type='RandomFlip'),
            dict(
                type='Normalize',
                mean=[123.675, 116.28, 103.53],
                std=[58.395, 57.12, 57.375],
                to_rgb=True),
            dict(type='Pad', size_divisor=32),
            dict(type='DefaultFormatBundle'),
            dict(
                type='Collect',
                keys=[
                    'img', 'gt_bboxes', 'gt_labels', 'gt_bboxes_ignore',
                    'gt_anns_id', 'gt_true_bboxes'
                ])
        ])
]
data = dict(
    samples_per_gpu=8,
    workers_per_gpu=1,
    shuffle=None,
    train=dict(
        type='CocoFmtDataset',
        ann_file='data/coco/annotations_qc_pt/instances_train2017_coarse.json',
        img_prefix='data/coco/images/train/',
        pipeline=[
            dict(type='LoadImageFromFile'),
            dict(type='LoadAnnotations', with_bbox=True),
            dict(
                type='Resize',
                img_scale=[(2000, 480), (2000, 576), (2000, 688), (2000, 864),
                           (2000, 1000), (2000, 1200)],
                multiscale_mode='value',
                keep_ratio=True),
            dict(type='RandomFlip', flip_ratio=0.5),
            dict(
                type='Normalize',
                mean=[123.675, 116.28, 103.53],
                std=[58.395, 57.12, 57.375],
                to_rgb=True),
            dict(type='Pad', size_divisor=32),
            dict(type='DefaultFormatBundle'),
            dict(
                type='Collect',
                keys=[
                    'img', 'gt_bboxes', 'gt_labels', 'gt_bboxes_ignore',
                    'gt_true_bboxes'
                ])
        ]),
    val=dict(
        samples_per_gpu=16,
        type='CocoFmtDataset',
        ann_file=
        '/home/lxz/P2BNet/TOV_mmdetection/data/coco/annotations/instances_train.json',
        img_prefix='data/coco/images/train',
        pipeline=[
            dict(type='LoadImageFromFile'),
            dict(type='LoadAnnotations', with_bbox=True),
            dict(
                type='MultiScaleFlipAug',
                img_scale=(2000, 1200),
                flip=False,
                transforms=[
                    dict(type='Resize', keep_ratio=True),
                    dict(type='RandomFlip'),
                    dict(
                        type='Normalize',
                        mean=[123.675, 116.28, 103.53],
                        std=[58.395, 57.12, 57.375],
                        to_rgb=True),
                    dict(type='Pad', size_divisor=32),
                    dict(type='DefaultFormatBundle'),
                    dict(
                        type='Collect',
                        keys=[
                            'img', 'gt_bboxes', 'gt_labels',
                            'gt_bboxes_ignore', 'gt_anns_id', 'gt_true_bboxes'
                        ])
                ])
        ],
        test_mode=False),
    test=dict(
        samples_per_gpu=16,
        type='CocoFmtDataset',
        ann_file=
        '/home/lxz/P2BNet/TOV_mmdetection/data/coco/annotations/instances_train.json',
        img_prefix='data/coco/images/train/',
        pipeline=[
            dict(type='LoadImageFromFile'),
            dict(type='LoadAnnotations', with_bbox=True),
            dict(
                type='MultiScaleFlipAug',
                img_scale=(2000, 1200),
                flip=False,
                transforms=[
                    dict(type='Resize', keep_ratio=True),
                    dict(type='RandomFlip'),
                    dict(
                        type='Normalize',
                        mean=[123.675, 116.28, 103.53],
                        std=[58.395, 57.12, 57.375],
                        to_rgb=True),
                    dict(type='Pad', size_divisor=32),
                    dict(type='DefaultFormatBundle'),
                    dict(
                        type='Collect',
                        keys=[
                            'img', 'gt_bboxes', 'gt_labels',
                            'gt_bboxes_ignore', 'gt_anns_id', 'gt_true_bboxes'
                        ])
                ])
        ],
        test_mode=False))
check = dict(stop_while_nan=False)
optimizer = dict(type='SGD', lr=0.05, momentum=0.9, weight_decay=0.001)
optimizer_config = dict(grad_clip=dict(max_norm=35, norm_type=2))
lr_config = dict(
    policy='step',
    warmup='linear',
    warmup_iters=500,
    warmup_ratio=0.001,
    step=[8, 11])
runner = dict(type='EpochBasedRunner', max_epochs=18)
work_dir = '../TOV_mmdetection_cache/work_dir/coco/'
evaluation = dict(
    interval=1,
    metric='bbox',
    save_result_file=
    '../TOV_mmdetection_cache/work_dir/coco/_1200_latest_result.json',
    do_first_eval=False,
    do_final_eval=True)
gpu_ids = [0]

2024-10-08 13:42:11,701 - mmdet - INFO - load checkpoint from ../TOV_mmdetection_cache/work_dir/coco/pre_trained/P2B.pth
2024-10-08 13:42:11,702 - mmdet - INFO - Use load_from_local loader
2024-10-08 13:42:12,012 - mmdet - WARNING - The model and loaded state dict do not match exactly

size mismatch for roi_head.bbox_head.fc_cls.0.weight: copying a param with shape torch.Size([81, 1024]) from checkpoint, the shape in current model is torch.Size([7, 1024]).
size mismatch for roi_head.bbox_head.fc_cls.0.bias: copying a param with shape torch.Size([81]) from checkpoint, the shape in current model is torch.Size([7]).
size mismatch for roi_head.bbox_head.fc_cls.1.weight: copying a param with shape torch.Size([80, 1024]) from checkpoint, the shape in current model is torch.Size([6, 1024]).
size mismatch for roi_head.bbox_head.fc_cls.1.bias: copying a param with shape torch.Size([80]) from checkpoint, the shape in current model is torch.Size([6]).
size mismatch for roi_head.bbox_head.fc_ins.0.weight: copying a param with shape torch.Size([81, 1024]) from checkpoint, the shape in current model is torch.Size([7, 1024]).
size mismatch for roi_head.bbox_head.fc_ins.0.bias: copying a param with shape torch.Size([81]) from checkpoint, the shape in current model is torch.Size([7]).
size mismatch for roi_head.bbox_head.fc_ins.1.weight: copying a param with shape torch.Size([80, 1024]) from checkpoint, the shape in current model is torch.Size([6, 1024]).
size mismatch for roi_head.bbox_head.fc_ins.1.bias: copying a param with shape torch.Size([80]) from checkpoint, the shape in current model is torch.Size([6]).
unexpected key in source state_dict: neck.lateral_convs.0.gn.weight, neck.lateral_convs.0.gn.bias, neck.lateral_convs.1.gn.weight, neck.lateral_convs.1.gn.bias, neck.lateral_convs.2.gn.weight, neck.lateral_convs.2.gn.bias, neck.lateral_convs.3.gn.weight, neck.lateral_convs.3.gn.bias, neck.fpn_convs.0.gn.weight, neck.fpn_convs.0.gn.bias, neck.fpn_convs.1.gn.weight, neck.fpn_convs.1.gn.bias, neck.fpn_convs.2.gn.weight, neck.fpn_convs.2.gn.bias, neck.fpn_convs.3.gn.weight, neck.fpn_convs.3.gn.bias

missing keys in source state_dict: neck.lateral_convs.0.bn.weight, neck.lateral_convs.0.bn.bias, neck.lateral_convs.0.bn.running_mean, neck.lateral_convs.0.bn.running_var, neck.lateral_convs.1.bn.weight, neck.lateral_convs.1.bn.bias, neck.lateral_convs.1.bn.running_mean, neck.lateral_convs.1.bn.running_var, neck.lateral_convs.2.bn.weight, neck.lateral_convs.2.bn.bias, neck.lateral_convs.2.bn.running_mean, neck.lateral_convs.2.bn.running_var, neck.lateral_convs.3.bn.weight, neck.lateral_convs.3.bn.bias, neck.lateral_convs.3.bn.running_mean, neck.lateral_convs.3.bn.running_var, neck.fpn_convs.0.bn.weight, neck.fpn_convs.0.bn.bias, neck.fpn_convs.0.bn.running_mean, neck.fpn_convs.0.bn.running_var, neck.fpn_convs.1.bn.weight, neck.fpn_convs.1.bn.bias, neck.fpn_convs.1.bn.running_mean, neck.fpn_convs.1.bn.running_var, neck.fpn_convs.2.bn.weight, neck.fpn_convs.2.bn.bias, neck.fpn_convs.2.bn.running_mean, neck.fpn_convs.2.bn.running_var, neck.fpn_convs.3.bn.weight, neck.fpn_convs.3.bn.bias, neck.fpn_convs.3.bn.running_mean, neck.fpn_convs.3.bn.running_var

2024-10-08 13:42:12,019 - mmdet - INFO - Start running, host: lxz@user-SYS-4029GP-TRT2, work_dir: /home/lxz/P2BNet/TOV_mmdetection_cache/work_dir/coco
2024-10-08 13:42:12,020 - mmdet - INFO - workflow: [('train', 1)], max: 18 epochs
2024-10-08 13:43:18,023 - mmdet - INFO - Epoch [1][50/180]	lr: 4.945e-03, eta: 1:10:10, time: 1.320, data_time: 0.082, memory: 16685, stage0_loss_instance_mil: 0.4062, stage0_bag_acc: 61.5528, stage0_mean_ious: 0.3293, stage0_s: 0.0000, stage0_m: 0.0342, stage0_l: 0.1909, stage0_h: 0.3440, stage1_loss_instance_mil: 0.3293, stage1_bag_acc: 47.3551, stage1_neg_loss: 0.0531, stage1_mean_ious: 0.3254, stage1_s: 0.0000, stage1_m: 0.0383, stage1_l: 0.1951, stage1_h: 0.3382, loss: 0.7886, grad_norm: 8.9029
2024-10-08 13:44:20,164 - mmdet - INFO - Epoch [1][100/180]	lr: 9.940e-03, eta: 1:07:03, time: 1.243, data_time: 0.028, memory: 16685, stage0_loss_instance_mil: 0.3713, stage0_bag_acc: 68.5739, stage0_mean_ious: 0.3441, stage0_s: 0.0000, stage0_m: 0.0316, stage0_l: 0.2361, stage0_h: 0.3454, stage1_loss_instance_mil: 0.3507, stage1_bag_acc: 56.1986, stage1_neg_loss: 0.0650, stage1_mean_ious: 0.3454, stage1_s: 0.0000, stage1_m: 0.0378, stage1_l: 0.2634, stage1_h: 0.3433, loss: 0.7869, grad_norm: 7.9658
2024-10-08 13:45:22,069 - mmdet - INFO - Epoch [1][150/180]	lr: 1.494e-02, eta: 1:05:14, time: 1.238, data_time: 0.028, memory: 16690, stage0_loss_instance_mil: 0.4939, stage0_bag_acc: 57.8978, stage0_mean_ious: 0.2673, stage0_s: 0.0000, stage0_m: 0.0760, stage0_l: 0.2897, stage0_h: 0.2509, stage1_loss_instance_mil: 0.3434, stage1_bag_acc: 36.2678, stage1_neg_loss: 0.0644, stage1_mean_ious: 0.2565, stage1_s: 0.0000, stage1_m: 0.0654, stage1_l: 0.2913, stage1_h: 0.2397, loss: 0.9017, grad_norm: 5.9284
2024-10-08 13:46:00,380 - mmdet - INFO - Saving checkpoint at 1 epochs
2024-10-08 13:47:31,019 - mmdet - INFO - Evaluating bbox...
2024-10-08 13:47:31,837 - mmdet - INFO -  Average Precision  (AP) @[ IoU=0.50:0.95 | area=   all | maxDets=100 ] = 0.0145
2024-10-08 13:47:31,837 - mmdet - INFO -  Average Precision  (AP) @[ IoU=0.50      | area=   all | maxDets=1000 ] = 0.0546
2024-10-08 13:47:31,837 - mmdet - INFO -  Average Precision  (AP) @[ IoU=0.60      | area=   all | maxDets=1000 ] = 0.0237
2024-10-08 13:47:31,837 - mmdet - INFO -  Average Precision  (AP) @[ IoU=0.70      | area=   all | maxDets=1000 ] = 0.0086
2024-10-08 13:47:31,837 - mmdet - INFO -  Average Precision  (AP) @[ IoU=0.75      | area=   all | maxDets=1000 ] = 0.0042
2024-10-08 13:47:31,837 - mmdet - INFO -  Average Precision  (AP) @[ IoU=0.80      | area=   all | maxDets=1000 ] = 0.0011
2024-10-08 13:47:31,837 - mmdet - INFO -  Average Precision  (AP) @[ IoU=0.90      | area=   all | maxDets=1000 ] = 0.0000
2024-10-08 13:47:31,837 - mmdet - INFO -  Average Precision  (AP) @[ IoU=0.50:0.95 | area= small | maxDets=1000 ] = 0.0260
2024-10-08 13:47:31,838 - mmdet - INFO -  Average Precision  (AP) @[ IoU=0.50:0.95 | area=medium | maxDets=1000 ] = 0.0182
2024-10-08 13:47:31,838 - mmdet - INFO -  Average Precision  (AP) @[ IoU=0.50:0.95 | area= large | maxDets=1000 ] = 0.0006
2024-10-08 13:47:31,838 - mmdet - INFO -  Average Recall     (AR) @[ IoU=0.50:0.95 | area=   all | maxDets=100 ] = 0.0522
2024-10-08 13:47:31,838 - mmdet - INFO -  Average Recall     (AR) @[ IoU=0.50      | area=   all | maxDets=100 ] = 0.1410
2024-10-08 13:47:31,838 - mmdet - INFO -  Average Recall     (AR) @[ IoU=0.50:0.95 | area=   all | maxDets=300 ] = 0.0522
2024-10-08 13:47:31,838 - mmdet - INFO -  Average Recall     (AR) @[ IoU=0.50:0.95 | area=   all | maxDets=1000 ] = 0.0522
2024-10-08 13:47:31,838 - mmdet - INFO -  Average Recall     (AR) @[ IoU=0.50:0.95 | area= small | maxDets=1000 ] = 0.0305
2024-10-08 13:47:31,838 - mmdet - INFO -  Average Recall     (AR) @[ IoU=0.50:0.95 | area=medium | maxDets=1000 ] = 0.0743
2024-10-08 13:47:31,838 - mmdet - INFO -  Average Recall     (AR) @[ IoU=0.50:0.95 | area= large | maxDets=1000 ] = 0.0007
2024-10-08 13:47:31,849 - mmdet - INFO - Exp name: P2BNet_r50_fpn_1x_coco_ms.py
2024-10-08 13:47:31,850 - mmdet - INFO - Epoch(val) [1][180]	eval_iter_num: 90, bbox_mAP: 0.0140, bbox_mAP_50: 0.0550, bbox_mAP_75: 0.0240, bbox_mAP_s: 0.0090, bbox_mAP_m: 0.0040, bbox_mAP_l: 0.0010, bbox_mAP_copypaste: 0.014 0.055 0.024 0.009 0.004 0.001
2024-10-08 13:48:36,358 - mmdet - INFO - Epoch [2][50/180]	lr: 2.293e-02, eta: 0:55:31, time: 1.290, data_time: 0.078, memory: 16690, stage0_loss_instance_mil: 0.6087, stage0_bag_acc: 42.5363, stage0_mean_ious: 0.2074, stage0_s: 0.0000, stage0_m: 0.0564, stage0_l: 0.1753, stage0_h: 0.2024, stage1_loss_instance_mil: 0.2893, stage1_bag_acc: 24.1013, stage1_neg_loss: 0.0163, stage1_mean_ious: 0.2026, stage1_s: 0.0000, stage1_m: 0.0670, stage1_l: 0.1664, stage1_h: 0.1966, loss: 0.9143, grad_norm: 3.7293
2024-10-08 13:49:38,433 - mmdet - INFO - Epoch [2][100/180]	lr: 2.792e-02, eta: 0:55:46, time: 1.241, data_time: 0.028, memory: 16690, stage0_loss_instance_mil: 0.5724, stage0_bag_acc: 45.4746, stage0_mean_ious: 0.2199, stage0_s: 0.0000, stage0_m: 0.0295, stage0_l: 0.2212, stage0_h: 0.2125, stage1_loss_instance_mil: 0.2393, stage1_bag_acc: 46.9030, stage1_neg_loss: 0.0305, stage1_mean_ious: 0.2037, stage1_s: 0.0000, stage1_m: 0.0225, stage1_l: 0.2089, stage1_h: 0.1966, loss: 0.8423, grad_norm: 2.6168
2024-10-08 13:50:39,388 - mmdet - INFO - Epoch [2][150/180]	lr: 3.292e-02, eta: 0:55:29, time: 1.219, data_time: 0.028, memory: 16690, stage0_loss_instance_mil: 0.5957, stage0_bag_acc: 41.7792, stage0_mean_ious: 0.1823, stage0_s: 0.0000, stage0_m: 0.0330, stage0_l: 0.2110, stage0_h: 0.1705, stage1_loss_instance_mil: 0.2214, stage1_bag_acc: 33.4103, stage1_neg_loss: 0.0355, stage1_mean_ious: 0.1717, stage1_s: 0.0000, stage1_m: 0.0289, stage1_l: 0.2050, stage1_h: 0.1596, loss: 0.8526, grad_norm: 1.6532
2024-10-08 13:51:15,488 - mmdet - INFO - Saving checkpoint at 2 epochs
2024-10-08 13:52:44,624 - mmdet - INFO - Evaluating bbox...
2024-10-08 13:52:45,383 - mmdet - INFO -  Average Precision  (AP) @[ IoU=0.50:0.95 | area=   all | maxDets=100 ] = 0.0180
2024-10-08 13:52:45,383 - mmdet - INFO -  Average Precision  (AP) @[ IoU=0.50      | area=   all | maxDets=1000 ] = 0.0808
2024-10-08 13:52:45,383 - mmdet - INFO -  Average Precision  (AP) @[ IoU=0.60      | area=   all | maxDets=1000 ] = 0.0267
2024-10-08 13:52:45,383 - mmdet - INFO -  Average Precision  (AP) @[ IoU=0.70      | area=   all | maxDets=1000 ] = 0.0050
2024-10-08 13:52:45,383 - mmdet - INFO -  Average Precision  (AP) @[ IoU=0.75      | area=   all | maxDets=1000 ] = 0.0019
2024-10-08 13:52:45,383 - mmdet - INFO -  Average Precision  (AP) @[ IoU=0.80      | area=   all | maxDets=1000 ] = 0.0008
2024-10-08 13:52:45,383 - mmdet - INFO -  Average Precision  (AP) @[ IoU=0.90      | area=   all | maxDets=1000 ] = 0.0003
2024-10-08 13:52:45,384 - mmdet - INFO -  Average Precision  (AP) @[ IoU=0.50:0.95 | area= small | maxDets=1000 ] = 0.0093
2024-10-08 13:52:45,384 - mmdet - INFO -  Average Precision  (AP) @[ IoU=0.50:0.95 | area=medium | maxDets=1000 ] = 0.0243
2024-10-08 13:52:45,384 - mmdet - INFO -  Average Precision  (AP) @[ IoU=0.50:0.95 | area= large | maxDets=1000 ] = 0.0005
2024-10-08 13:52:45,384 - mmdet - INFO -  Average Recall     (AR) @[ IoU=0.50:0.95 | area=   all | maxDets=100 ] = 0.0614
2024-10-08 13:52:45,384 - mmdet - INFO -  Average Recall     (AR) @[ IoU=0.50      | area=   all | maxDets=100 ] = 0.1926
2024-10-08 13:52:45,384 - mmdet - INFO -  Average Recall     (AR) @[ IoU=0.50:0.95 | area=   all | maxDets=300 ] = 0.0614
2024-10-08 13:52:45,384 - mmdet - INFO -  Average Recall     (AR) @[ IoU=0.50:0.95 | area=   all | maxDets=1000 ] = 0.0614
2024-10-08 13:52:45,384 - mmdet - INFO -  Average Recall     (AR) @[ IoU=0.50:0.95 | area= small | maxDets=1000 ] = 0.0408
2024-10-08 13:52:45,384 - mmdet - INFO -  Average Recall     (AR) @[ IoU=0.50:0.95 | area=medium | maxDets=1000 ] = 0.0784
2024-10-08 13:52:45,384 - mmdet - INFO -  Average Recall     (AR) @[ IoU=0.50:0.95 | area= large | maxDets=1000 ] = 0.0003
2024-10-08 13:52:45,395 - mmdet - INFO - Exp name: P2BNet_r50_fpn_1x_coco_ms.py
2024-10-08 13:52:45,395 - mmdet - INFO - Epoch(val) [2][180]	eval_iter_num: 90, bbox_mAP: 0.0180, bbox_mAP_50: 0.0810, bbox_mAP_75: 0.0270, bbox_mAP_s: 0.0050, bbox_mAP_m: 0.0020, bbox_mAP_l: 0.0010, bbox_mAP_copypaste: 0.018 0.081 0.027 0.005 0.002 0.001
2024-10-08 13:53:49,601 - mmdet - INFO - Epoch [3][50/180]	lr: 4.091e-02, eta: 0:50:49, time: 1.284, data_time: 0.076, memory: 16690, stage0_loss_instance_mil: 0.6461, stage0_bag_acc: 29.7514, stage0_mean_ious: 0.3366, stage0_s: 0.0000, stage0_m: 0.0281, stage0_l: 0.2023, stage0_h: 0.3534, stage1_loss_instance_mil: 0.1896, stage1_bag_acc: 25.7300, stage1_neg_loss: 0.0250, stage1_mean_ious: 0.3279, stage1_s: 0.0000, stage1_m: 0.0287, stage1_l: 0.2014, stage1_h: 0.3433, loss: 0.8607, grad_norm: 1.4668
2024-10-08 13:54:49,127 - mmdet - INFO - Epoch [3][100/180]	lr: 4.590e-02, eta: 0:50:29, time: 1.191, data_time: 0.025, memory: 16703, stage0_loss_instance_mil: 0.6021, stage0_bag_acc: 36.0607, stage0_mean_ious: 0.2982, stage0_s: 0.0000, stage0_m: 0.0478, stage0_l: 0.2026, stage0_h: 0.3055, stage1_loss_instance_mil: 0.2092, stage1_bag_acc: 29.1981, stage1_neg_loss: 0.0198, stage1_mean_ious: 0.2942, stage1_s: 0.0000, stage1_m: 0.0441, stage1_l: 0.1899, stage1_h: 0.3026, loss: 0.8310, grad_norm: 1.0184
2024-10-08 13:55:49,513 - mmdet - INFO - Epoch [3][150/180]	lr: 5.000e-02, eta: 0:50:06, time: 1.208, data_time: 0.026, memory: 16703, stage0_loss_instance_mil: 0.5606, stage0_bag_acc: 44.3971, stage0_mean_ious: 0.2826, stage0_s: 0.0000, stage0_m: 0.0364, stage0_l: 0.1984, stage0_h: 0.2874, stage1_loss_instance_mil: 0.1863, stage1_bag_acc: 45.0728, stage1_neg_loss: 0.0251, stage1_mean_ious: 0.2710, stage1_s: 0.0000, stage1_m: 0.0301, stage1_l: 0.1887, stage1_h: 0.2768, loss: 0.7720, grad_norm: 1.0294
2024-10-08 13:56:26,594 - mmdet - INFO - Saving checkpoint at 3 epochs
2024-10-08 13:57:55,926 - mmdet - INFO - Evaluating bbox...
2024-10-08 13:57:56,674 - mmdet - INFO -  Average Precision  (AP) @[ IoU=0.50:0.95 | area=   all | maxDets=100 ] = 0.0195
2024-10-08 13:57:56,674 - mmdet - INFO -  Average Precision  (AP) @[ IoU=0.50      | area=   all | maxDets=1000 ] = 0.0832
2024-10-08 13:57:56,674 - mmdet - INFO -  Average Precision  (AP) @[ IoU=0.60      | area=   all | maxDets=1000 ] = 0.0292
2024-10-08 13:57:56,674 - mmdet - INFO -  Average Precision  (AP) @[ IoU=0.70      | area=   all | maxDets=1000 ] = 0.0086
2024-10-08 13:57:56,674 - mmdet - INFO -  Average Precision  (AP) @[ IoU=0.75      | area=   all | maxDets=1000 ] = 0.0041
2024-10-08 13:57:56,674 - mmdet - INFO -  Average Precision  (AP) @[ IoU=0.80      | area=   all | maxDets=1000 ] = 0.0010
2024-10-08 13:57:56,674 - mmdet - INFO -  Average Precision  (AP) @[ IoU=0.90      | area=   all | maxDets=1000 ] = 0.0001
2024-10-08 13:57:56,674 - mmdet - INFO -  Average Precision  (AP) @[ IoU=0.50:0.95 | area= small | maxDets=1000 ] = 0.0276
2024-10-08 13:57:56,675 - mmdet - INFO -  Average Precision  (AP) @[ IoU=0.50:0.95 | area=medium | maxDets=1000 ] = 0.0192
2024-10-08 13:57:56,675 - mmdet - INFO -  Average Precision  (AP) @[ IoU=0.50:0.95 | area= large | maxDets=1000 ] = 0.0251
2024-10-08 13:57:56,675 - mmdet - INFO -  Average Recall     (AR) @[ IoU=0.50:0.95 | area=   all | maxDets=100 ] = 0.0584
2024-10-08 13:57:56,675 - mmdet - INFO -  Average Recall     (AR) @[ IoU=0.50      | area=   all | maxDets=100 ] = 0.1850
2024-10-08 13:57:56,675 - mmdet - INFO -  Average Recall     (AR) @[ IoU=0.50:0.95 | area=   all | maxDets=300 ] = 0.0584
2024-10-08 13:57:56,675 - mmdet - INFO -  Average Recall     (AR) @[ IoU=0.50:0.95 | area=   all | maxDets=1000 ] = 0.0584
2024-10-08 13:57:56,675 - mmdet - INFO -  Average Recall     (AR) @[ IoU=0.50:0.95 | area= small | maxDets=1000 ] = 0.0869
2024-10-08 13:57:56,675 - mmdet - INFO -  Average Recall     (AR) @[ IoU=0.50:0.95 | area=medium | maxDets=1000 ] = 0.0697
2024-10-08 13:57:56,675 - mmdet - INFO -  Average Recall     (AR) @[ IoU=0.50:0.95 | area= large | maxDets=1000 ] = 0.0508
2024-10-08 13:57:56,685 - mmdet - INFO - Exp name: P2BNet_r50_fpn_1x_coco_ms.py
2024-10-08 13:57:56,685 - mmdet - INFO - Epoch(val) [3][180]	eval_iter_num: 90, bbox_mAP: 0.0190, bbox_mAP_50: 0.0830, bbox_mAP_75: 0.0290, bbox_mAP_s: 0.0090, bbox_mAP_m: 0.0040, bbox_mAP_l: 0.0010, bbox_mAP_copypaste: 0.019 0.083 0.029 0.009 0.004 0.001
2024-10-08 13:59:00,679 - mmdet - INFO - Epoch [4][50/180]	lr: 5.000e-02, eta: 0:46:50, time: 1.279, data_time: 0.078, memory: 16703, stage0_loss_instance_mil: 0.4827, stage0_bag_acc: 54.2334, stage0_mean_ious: 0.2779, stage0_s: 0.0000, stage0_m: 0.0339, stage0_l: 0.2256, stage0_h: 0.2748, stage1_loss_instance_mil: 0.2155, stage1_bag_acc: 50.9239, stage1_neg_loss: 0.0365, stage1_mean_ious: 0.2615, stage1_s: 0.0000, stage1_m: 0.0271, stage1_l: 0.1974, stage1_h: 0.2607, loss: 0.7347, grad_norm: 1.1784
2024-10-08 14:00:03,216 - mmdet - INFO - Epoch [4][100/180]	lr: 5.000e-02, eta: 0:46:35, time: 1.251, data_time: 0.030, memory: 16703, stage0_loss_instance_mil: 0.5219, stage0_bag_acc: 46.9101, stage0_mean_ious: 0.1825, stage0_s: 0.0000, stage0_m: 0.0155, stage0_l: 0.2149, stage0_h: 0.1730, stage1_loss_instance_mil: 0.1817, stage1_bag_acc: 44.8804, stage1_neg_loss: 0.0389, stage1_mean_ious: 0.1861, stage1_s: 0.0000, stage1_m: 0.0175, stage1_l: 0.2064, stage1_h: 0.1780, loss: 0.7425, grad_norm: 1.1092
2024-10-08 14:01:07,422 - mmdet - INFO - Epoch [4][150/180]	lr: 5.000e-02, eta: 0:46:20, time: 1.284, data_time: 0.029, memory: 16703, stage0_loss_instance_mil: 0.4796, stage0_bag_acc: 53.9000, stage0_mean_ious: 0.1686, stage0_s: 0.0000, stage0_m: 0.0529, stage0_l: 0.2071, stage0_h: 0.1562, stage1_loss_instance_mil: 0.1932, stage1_bag_acc: 49.1412, stage1_neg_loss: 0.0295, stage1_mean_ious: 0.1629, stage1_s: 0.0000, stage1_m: 0.0416, stage1_l: 0.1990, stage1_h: 0.1532, loss: 0.7024, grad_norm: 0.9165
2024-10-08 14:01:45,075 - mmdet - INFO - Saving checkpoint at 4 epochs
2024-10-08 14:03:15,808 - mmdet - INFO - Evaluating bbox...
2024-10-08 14:03:16,586 - mmdet - INFO -  Average Precision  (AP) @[ IoU=0.50:0.95 | area=   all | maxDets=100 ] = 0.0001
2024-10-08 14:03:16,586 - mmdet - INFO -  Average Precision  (AP) @[ IoU=0.50      | area=   all | maxDets=1000 ] = 0.0005
2024-10-08 14:03:16,586 - mmdet - INFO -  Average Precision  (AP) @[ IoU=0.60      | area=   all | maxDets=1000 ] = 0.0001
2024-10-08 14:03:16,586 - mmdet - INFO -  Average Precision  (AP) @[ IoU=0.70      | area=   all | maxDets=1000 ] = 0.0000
2024-10-08 14:03:16,586 - mmdet - INFO -  Average Precision  (AP) @[ IoU=0.75      | area=   all | maxDets=1000 ] = 0.0000
2024-10-08 14:03:16,586 - mmdet - INFO -  Average Precision  (AP) @[ IoU=0.80      | area=   all | maxDets=1000 ] = 0.0000
2024-10-08 14:03:16,586 - mmdet - INFO -  Average Precision  (AP) @[ IoU=0.90      | area=   all | maxDets=1000 ] = 0.0000
2024-10-08 14:03:16,586 - mmdet - INFO -  Average Precision  (AP) @[ IoU=0.50:0.95 | area= small | maxDets=1000 ] = 0.0005
2024-10-08 14:03:16,586 - mmdet - INFO -  Average Precision  (AP) @[ IoU=0.50:0.95 | area=medium | maxDets=1000 ] = 0.0019
2024-10-08 14:03:16,587 - mmdet - INFO -  Average Precision  (AP) @[ IoU=0.50:0.95 | area= large | maxDets=1000 ] = 0.0000
2024-10-08 14:03:16,587 - mmdet - INFO -  Average Recall     (AR) @[ IoU=0.50:0.95 | area=   all | maxDets=100 ] = 0.0042
2024-10-08 14:03:16,587 - mmdet - INFO -  Average Recall     (AR) @[ IoU=0.50      | area=   all | maxDets=100 ] = 0.0143
2024-10-08 14:03:16,587 - mmdet - INFO -  Average Recall     (AR) @[ IoU=0.50:0.95 | area=   all | maxDets=300 ] = 0.0042
2024-10-08 14:03:16,587 - mmdet - INFO -  Average Recall     (AR) @[ IoU=0.50:0.95 | area=   all | maxDets=1000 ] = 0.0042
2024-10-08 14:03:16,587 - mmdet - INFO -  Average Recall     (AR) @[ IoU=0.50:0.95 | area= small | maxDets=1000 ] = 0.0466
2024-10-08 14:03:16,587 - mmdet - INFO -  Average Recall     (AR) @[ IoU=0.50:0.95 | area=medium | maxDets=1000 ] = 0.0023
2024-10-08 14:03:16,587 - mmdet - INFO -  Average Recall     (AR) @[ IoU=0.50:0.95 | area= large | maxDets=1000 ] = 0.0000
2024-10-08 14:03:16,598 - mmdet - INFO - Exp name: P2BNet_r50_fpn_1x_coco_ms.py
2024-10-08 14:03:16,599 - mmdet - INFO - Epoch(val) [4][180]	eval_iter_num: 90, bbox_mAP: 0.0000, bbox_mAP_50: 0.0000, bbox_mAP_75: 0.0000, bbox_mAP_s: 0.0000, bbox_mAP_m: 0.0000, bbox_mAP_l: 0.0000, bbox_mAP_copypaste: 0.000 0.000 0.000 0.000 0.000 0.000
2024-10-08 14:04:21,682 - mmdet - INFO - Epoch [5][50/180]	lr: 5.000e-02, eta: 0:43:42, time: 1.301, data_time: 0.076, memory: 16703, stage0_loss_instance_mil: 0.3978, stage0_bag_acc: 64.9026, stage0_mean_ious: 0.1582, stage0_s: 0.0000, stage0_m: 0.0370, stage0_l: 0.2131, stage0_h: 0.1452, stage1_loss_instance_mil: 0.2073, stage1_bag_acc: 59.9626, stage1_neg_loss: 0.0446, stage1_mean_ious: 0.1432, stage1_s: 0.0000, stage1_m: 0.0338, stage1_l: 0.2006, stage1_h: 0.1305, loss: 0.6496, grad_norm: 1.0843
2024-10-08 14:05:23,358 - mmdet - INFO - Epoch [5][100/180]	lr: 5.000e-02, eta: 0:43:14, time: 1.234, data_time: 0.028, memory: 16703, stage0_loss_instance_mil: 0.3406, stage0_bag_acc: 73.0753, stage0_mean_ious: 0.1125, stage0_s: 0.0000, stage0_m: 0.0587, stage0_l: 0.1840, stage0_h: 0.0947, stage1_loss_instance_mil: 0.1972, stage1_bag_acc: 69.5092, stage1_neg_loss: 0.0479, stage1_mean_ious: 0.1027, stage1_s: 0.0000, stage1_m: 0.0533, stage1_l: 0.1757, stage1_h: 0.0859, loss: 0.5857, grad_norm: 1.1141
2024-10-08 14:06:24,711 - mmdet - INFO - Epoch [5][150/180]	lr: 5.000e-02, eta: 0:42:41, time: 1.227, data_time: 0.026, memory: 16703, stage0_loss_instance_mil: 0.3439, stage0_bag_acc: 72.2933, stage0_mean_ious: 0.0994, stage0_s: 0.0017, stage0_m: 0.0597, stage0_l: 0.2059, stage0_h: 0.0749, stage1_loss_instance_mil: 0.1963, stage1_bag_acc: 69.0891, stage1_neg_loss: 0.0504, stage1_mean_ious: 0.0941, stage1_s: 0.0015, stage1_m: 0.0604, stage1_l: 0.1965, stage1_h: 0.0704, loss: 0.5906, grad_norm: 1.2823
2024-10-08 14:07:01,334 - mmdet - INFO - Saving checkpoint at 5 epochs
2024-10-08 14:08:32,449 - mmdet - INFO - Evaluating bbox...
2024-10-08 14:08:33,192 - mmdet - INFO -  Average Precision  (AP) @[ IoU=0.50:0.95 | area=   all | maxDets=100 ] = 0.0000
2024-10-08 14:08:33,192 - mmdet - INFO -  Average Precision  (AP) @[ IoU=0.50      | area=   all | maxDets=1000 ] = 0.0000
2024-10-08 14:08:33,192 - mmdet - INFO -  Average Precision  (AP) @[ IoU=0.60      | area=   all | maxDets=1000 ] = 0.0000
2024-10-08 14:08:33,192 - mmdet - INFO -  Average Precision  (AP) @[ IoU=0.70      | area=   all | maxDets=1000 ] = 0.0000
2024-10-08 14:08:33,192 - mmdet - INFO -  Average Precision  (AP) @[ IoU=0.75      | area=   all | maxDets=1000 ] = 0.0000
2024-10-08 14:08:33,192 - mmdet - INFO -  Average Precision  (AP) @[ IoU=0.80      | area=   all | maxDets=1000 ] = 0.0000
2024-10-08 14:08:33,193 - mmdet - INFO -  Average Precision  (AP) @[ IoU=0.90      | area=   all | maxDets=1000 ] = 0.0000
2024-10-08 14:08:33,193 - mmdet - INFO -  Average Precision  (AP) @[ IoU=0.50:0.95 | area= small | maxDets=1000 ] = 0.0000
2024-10-08 14:08:33,193 - mmdet - INFO -  Average Precision  (AP) @[ IoU=0.50:0.95 | area=medium | maxDets=1000 ] = 0.0000
2024-10-08 14:08:33,193 - mmdet - INFO -  Average Precision  (AP) @[ IoU=0.50:0.95 | area= large | maxDets=1000 ] = 0.0000
2024-10-08 14:08:33,193 - mmdet - INFO -  Average Recall     (AR) @[ IoU=0.50:0.95 | area=   all | maxDets=100 ] = 0.0002
2024-10-08 14:08:33,193 - mmdet - INFO -  Average Recall     (AR) @[ IoU=0.50      | area=   all | maxDets=100 ] = 0.0013
2024-10-08 14:08:33,193 - mmdet - INFO -  Average Recall     (AR) @[ IoU=0.50:0.95 | area=   all | maxDets=300 ] = 0.0002
2024-10-08 14:08:33,193 - mmdet - INFO -  Average Recall     (AR) @[ IoU=0.50:0.95 | area=   all | maxDets=1000 ] = 0.0002
2024-10-08 14:08:33,193 - mmdet - INFO -  Average Recall     (AR) @[ IoU=0.50:0.95 | area= small | maxDets=1000 ] = 0.0024
2024-10-08 14:08:33,193 - mmdet - INFO -  Average Recall     (AR) @[ IoU=0.50:0.95 | area=medium | maxDets=1000 ] = 0.0000
2024-10-08 14:08:33,193 - mmdet - INFO -  Average Recall     (AR) @[ IoU=0.50:0.95 | area= large | maxDets=1000 ] = 0.0000
2024-10-08 14:08:33,209 - mmdet - INFO - Exp name: P2BNet_r50_fpn_1x_coco_ms.py
2024-10-08 14:08:33,209 - mmdet - INFO - Epoch(val) [5][180]	eval_iter_num: 90, bbox_mAP: 0.0000, bbox_mAP_50: 0.0000, bbox_mAP_75: 0.0000, bbox_mAP_s: 0.0000, bbox_mAP_m: 0.0000, bbox_mAP_l: 0.0000, bbox_mAP_copypaste: 0.000 0.000 0.000 0.000 0.000 0.000
2024-10-08 14:09:37,852 - mmdet - INFO - Epoch [6][50/180]	lr: 5.000e-02, eta: 0:40:22, time: 1.293, data_time: 0.075, memory: 16703, stage0_loss_instance_mil: 0.3242, stage0_bag_acc: 72.7817, stage0_mean_ious: 0.1078, stage0_s: 0.0000, stage0_m: 0.0593, stage0_l: 0.2148, stage0_h: 0.0803, stage1_loss_instance_mil: 0.2292, stage1_bag_acc: 55.7844, stage1_neg_loss: 0.0466, stage1_mean_ious: 0.1023, stage1_s: 0.0000, stage1_m: 0.0506, stage1_l: 0.2080, stage1_h: 0.0757, loss: 0.5999, grad_norm: 1.3179
2024-10-08 14:10:38,682 - mmdet - INFO - Exp name: P2BNet_r50_fpn_1x_coco_ms.py
2024-10-08 14:10:38,682 - mmdet - INFO - Epoch [6][100/180]	lr: 5.000e-02, eta: 0:39:47, time: 1.217, data_time: 0.024, memory: 16703, stage0_loss_instance_mil: 0.2553, stage0_bag_acc: 80.8879, stage0_mean_ious: 0.0996, stage0_s: 0.0000, stage0_m: 0.0451, stage0_l: 0.1946, stage0_h: 0.0803, stage1_loss_instance_mil: 0.1929, stage1_bag_acc: 78.0063, stage1_neg_loss: 0.0614, stage1_mean_ious: 0.0936, stage1_s: 0.0000, stage1_m: 0.0420, stage1_l: 0.1785, stage1_h: 0.0762, loss: 0.5095, grad_norm: 1.4967
2024-10-08 14:11:37,312 - mmdet - INFO - Epoch [6][150/180]	lr: 5.000e-02, eta: 0:39:05, time: 1.173, data_time: 0.022, memory: 16703, stage0_loss_instance_mil: 0.5003, stage0_bag_acc: 57.5007, stage0_mean_ious: 0.0990, stage0_s: 0.0020, stage0_m: 0.0469, stage0_l: 0.2166, stage0_h: 0.0750, stage1_loss_instance_mil: 0.2211, stage1_bag_acc: 42.4991, stage1_neg_loss: 0.0531, stage1_mean_ious: 0.0959, stage1_s: 0.0012, stage1_m: 0.0540, stage1_l: 0.2123, stage1_h: 0.0719, loss: 0.7745, grad_norm: 1.8184
2024-10-08 14:12:13,164 - mmdet - INFO - Saving checkpoint at 6 epochs
2024-10-08 14:13:43,217 - mmdet - INFO - Evaluating bbox...
2024-10-08 14:13:43,954 - mmdet - INFO -  Average Precision  (AP) @[ IoU=0.50:0.95 | area=   all | maxDets=100 ] = 0.0000
2024-10-08 14:13:43,954 - mmdet - INFO -  Average Precision  (AP) @[ IoU=0.50      | area=   all | maxDets=1000 ] = 0.0000
2024-10-08 14:13:43,954 - mmdet - INFO -  Average Precision  (AP) @[ IoU=0.60      | area=   all | maxDets=1000 ] = 0.0000
2024-10-08 14:13:43,954 - mmdet - INFO -  Average Precision  (AP) @[ IoU=0.70      | area=   all | maxDets=1000 ] = 0.0000
2024-10-08 14:13:43,954 - mmdet - INFO -  Average Precision  (AP) @[ IoU=0.75      | area=   all | maxDets=1000 ] = 0.0000
2024-10-08 14:13:43,954 - mmdet - INFO -  Average Precision  (AP) @[ IoU=0.80      | area=   all | maxDets=1000 ] = 0.0000
2024-10-08 14:13:43,954 - mmdet - INFO -  Average Precision  (AP) @[ IoU=0.90      | area=   all | maxDets=1000 ] = 0.0000
2024-10-08 14:13:43,955 - mmdet - INFO -  Average Precision  (AP) @[ IoU=0.50:0.95 | area= small | maxDets=1000 ] = 0.0000
2024-10-08 14:13:43,955 - mmdet - INFO -  Average Precision  (AP) @[ IoU=0.50:0.95 | area=medium | maxDets=1000 ] = 0.0000
2024-10-08 14:13:43,955 - mmdet - INFO -  Average Precision  (AP) @[ IoU=0.50:0.95 | area= large | maxDets=1000 ] = 0.0000
2024-10-08 14:13:43,955 - mmdet - INFO -  Average Recall     (AR) @[ IoU=0.50:0.95 | area=   all | maxDets=100 ] = 0.0003
2024-10-08 14:13:43,955 - mmdet - INFO -  Average Recall     (AR) @[ IoU=0.50      | area=   all | maxDets=100 ] = 0.0011
2024-10-08 14:13:43,955 - mmdet - INFO -  Average Recall     (AR) @[ IoU=0.50:0.95 | area=   all | maxDets=300 ] = 0.0003
2024-10-08 14:13:43,955 - mmdet - INFO -  Average Recall     (AR) @[ IoU=0.50:0.95 | area=   all | maxDets=1000 ] = 0.0003
2024-10-08 14:13:43,955 - mmdet - INFO -  Average Recall     (AR) @[ IoU=0.50:0.95 | area= small | maxDets=1000 ] = 0.0027
2024-10-08 14:13:43,955 - mmdet - INFO -  Average Recall     (AR) @[ IoU=0.50:0.95 | area=medium | maxDets=1000 ] = 0.0000
2024-10-08 14:13:43,955 - mmdet - INFO -  Average Recall     (AR) @[ IoU=0.50:0.95 | area= large | maxDets=1000 ] = 0.0000
2024-10-08 14:13:43,965 - mmdet - INFO - Exp name: P2BNet_r50_fpn_1x_coco_ms.py
2024-10-08 14:13:43,965 - mmdet - INFO - Epoch(val) [6][180]	eval_iter_num: 90, bbox_mAP: 0.0000, bbox_mAP_50: 0.0000, bbox_mAP_75: 0.0000, bbox_mAP_s: 0.0000, bbox_mAP_m: 0.0000, bbox_mAP_l: 0.0000, bbox_mAP_copypaste: 0.000 0.000 0.000 0.000 0.000 0.000
2024-10-08 14:14:45,744 - mmdet - INFO - Epoch [7][50/180]	lr: 5.000e-02, eta: 0:36:55, time: 1.235, data_time: 0.071, memory: 16703, stage0_loss_instance_mil: 0.3882, stage0_bag_acc: 68.3354, stage0_mean_ious: 0.1048, stage0_s: 0.0017, stage0_m: 0.0524, stage0_l: 0.1821, stage0_h: 0.0853, stage1_loss_instance_mil: 0.2009, stage1_bag_acc: 64.2196, stage1_neg_loss: 0.0497, stage1_mean_ious: 0.0988, stage1_s: 0.0021, stage1_m: 0.0504, stage1_l: 0.1705, stage1_h: 0.0806, loss: 0.6388, grad_norm: 1.5284
2024-10-08 14:15:47,012 - mmdet - INFO - Epoch [7][100/180]	lr: 5.000e-02, eta: 0:36:17, time: 1.225, data_time: 0.025, memory: 16703, stage0_loss_instance_mil: 0.3249, stage0_bag_acc: 71.4151, stage0_mean_ious: 0.1058, stage0_s: 0.0000, stage0_m: 0.0574, stage0_l: 0.2108, stage0_h: 0.0802, stage1_loss_instance_mil: 0.2135, stage1_bag_acc: 67.2948, stage1_neg_loss: 0.0466, stage1_mean_ious: 0.0984, stage1_s: 0.0000, stage1_m: 0.0503, stage1_l: 0.1891, stage1_h: 0.0756, loss: 0.5850, grad_norm: 1.2972
2024-10-08 14:16:47,669 - mmdet - INFO - Epoch [7][150/180]	lr: 5.000e-02, eta: 0:35:37, time: 1.213, data_time: 0.024, memory: 16703, stage0_loss_instance_mil: 0.2772, stage0_bag_acc: 79.8961, stage0_mean_ious: 0.1006, stage0_s: 0.0000, stage0_m: 0.0424, stage0_l: 0.2174, stage0_h: 0.0739, stage1_loss_instance_mil: 0.2113, stage1_bag_acc: 74.5509, stage1_neg_loss: 0.0650, stage1_mean_ious: 0.0956, stage1_s: 0.0000, stage1_m: 0.0341, stage1_l: 0.2121, stage1_h: 0.0701, loss: 0.5535, grad_norm: 1.2497
2024-10-08 14:17:23,840 - mmdet - INFO - Saving checkpoint at 7 epochs
2024-10-08 14:18:53,962 - mmdet - INFO - Evaluating bbox...
2024-10-08 14:18:54,679 - mmdet - INFO -  Average Precision  (AP) @[ IoU=0.50:0.95 | area=   all | maxDets=100 ] = 0.0000
2024-10-08 14:18:54,679 - mmdet - INFO -  Average Precision  (AP) @[ IoU=0.50      | area=   all | maxDets=1000 ] = 0.0001
2024-10-08 14:18:54,679 - mmdet - INFO -  Average Precision  (AP) @[ IoU=0.60      | area=   all | maxDets=1000 ] = 0.0000
2024-10-08 14:18:54,679 - mmdet - INFO -  Average Precision  (AP) @[ IoU=0.70      | area=   all | maxDets=1000 ] = 0.0000
2024-10-08 14:18:54,679 - mmdet - INFO -  Average Precision  (AP) @[ IoU=0.75      | area=   all | maxDets=1000 ] = 0.0000
2024-10-08 14:18:54,679 - mmdet - INFO -  Average Precision  (AP) @[ IoU=0.80      | area=   all | maxDets=1000 ] = 0.0000
2024-10-08 14:18:54,680 - mmdet - INFO -  Average Precision  (AP) @[ IoU=0.90      | area=   all | maxDets=1000 ] = 0.0000
2024-10-08 14:18:54,680 - mmdet - INFO -  Average Precision  (AP) @[ IoU=0.50:0.95 | area= small | maxDets=1000 ] = 0.0001
2024-10-08 14:18:54,680 - mmdet - INFO -  Average Precision  (AP) @[ IoU=0.50:0.95 | area=medium | maxDets=1000 ] = 0.0000
2024-10-08 14:18:54,680 - mmdet - INFO -  Average Precision  (AP) @[ IoU=0.50:0.95 | area= large | maxDets=1000 ] = 0.0000
2024-10-08 14:18:54,680 - mmdet - INFO -  Average Recall     (AR) @[ IoU=0.50:0.95 | area=   all | maxDets=100 ] = 0.0004
2024-10-08 14:18:54,680 - mmdet - INFO -  Average Recall     (AR) @[ IoU=0.50      | area=   all | maxDets=100 ] = 0.0020
2024-10-08 14:18:54,680 - mmdet - INFO -  Average Recall     (AR) @[ IoU=0.50:0.95 | area=   all | maxDets=300 ] = 0.0004
2024-10-08 14:18:54,680 - mmdet - INFO -  Average Recall     (AR) @[ IoU=0.50:0.95 | area=   all | maxDets=1000 ] = 0.0004
2024-10-08 14:18:54,680 - mmdet - INFO -  Average Recall     (AR) @[ IoU=0.50:0.95 | area= small | maxDets=1000 ] = 0.0051
2024-10-08 14:18:54,680 - mmdet - INFO -  Average Recall     (AR) @[ IoU=0.50:0.95 | area=medium | maxDets=1000 ] = 0.0000
2024-10-08 14:18:54,680 - mmdet - INFO -  Average Recall     (AR) @[ IoU=0.50:0.95 | area= large | maxDets=1000 ] = 0.0000
2024-10-08 14:18:54,690 - mmdet - INFO - Exp name: P2BNet_r50_fpn_1x_coco_ms.py
2024-10-08 14:18:54,691 - mmdet - INFO - Epoch(val) [7][180]	eval_iter_num: 90, bbox_mAP: 0.0000, bbox_mAP_50: 0.0000, bbox_mAP_75: 0.0000, bbox_mAP_s: 0.0000, bbox_mAP_m: 0.0000, bbox_mAP_l: 0.0000, bbox_mAP_copypaste: 0.000 0.000 0.000 0.000 0.000 0.000
2024-10-08 14:19:59,450 - mmdet - INFO - Epoch [8][50/180]	lr: 5.000e-02, eta: 0:33:42, time: 1.295, data_time: 0.079, memory: 16703, stage0_loss_instance_mil: 0.2127, stage0_bag_acc: 82.8641, stage0_mean_ious: 0.1064, stage0_s: 0.0000, stage0_m: 0.0765, stage0_l: 0.2040, stage0_h: 0.0817, stage1_loss_instance_mil: 0.1823, stage1_bag_acc: 84.5251, stage1_neg_loss: 0.0680, stage1_mean_ious: 0.1001, stage1_s: 0.0000, stage1_m: 0.0688, stage1_l: 0.1883, stage1_h: 0.0770, loss: 0.4630, grad_norm: 1.1092
2024-10-08 14:21:01,796 - mmdet - INFO - Epoch [8][100/180]	lr: 5.000e-02, eta: 0:33:04, time: 1.247, data_time: 0.028, memory: 16703, stage0_loss_instance_mil: 0.2186, stage0_bag_acc: 83.7293, stage0_mean_ious: 0.0954, stage0_s: 0.0012, stage0_m: 0.0499, stage0_l: 0.1632, stage0_h: 0.0770, stage1_loss_instance_mil: 0.1874, stage1_bag_acc: 85.9611, stage1_neg_loss: 0.0613, stage1_mean_ious: 0.0892, stage1_s: 0.0015, stage1_m: 0.0481, stage1_l: 0.1516, stage1_h: 0.0721, loss: 0.4674, grad_norm: 1.1312
2024-10-08 14:22:03,470 - mmdet - INFO - Epoch [8][150/180]	lr: 5.000e-02, eta: 0:32:22, time: 1.233, data_time: 0.029, memory: 16703, stage0_loss_instance_mil: 0.2063, stage0_bag_acc: 83.4915, stage0_mean_ious: 0.1010, stage0_s: 0.0000, stage0_m: 0.0462, stage0_l: 0.2119, stage0_h: 0.0753, stage1_loss_instance_mil: 0.1870, stage1_bag_acc: 86.8303, stage1_neg_loss: 0.0665, stage1_mean_ious: 0.0959, stage1_s: 0.0000, stage1_m: 0.0415, stage1_l: 0.2030, stage1_h: 0.0713, loss: 0.4598, grad_norm: 1.1050
2024-10-08 14:22:42,658 - mmdet - INFO - Saving checkpoint at 8 epochs
2024-10-08 14:24:14,977 - mmdet - INFO - Evaluating bbox...
2024-10-08 14:24:15,743 - mmdet - INFO -  Average Precision  (AP) @[ IoU=0.50:0.95 | area=   all | maxDets=100 ] = 0.0000
2024-10-08 14:24:15,744 - mmdet - INFO -  Average Precision  (AP) @[ IoU=0.50      | area=   all | maxDets=1000 ] = 0.0000
2024-10-08 14:24:15,744 - mmdet - INFO -  Average Precision  (AP) @[ IoU=0.60      | area=   all | maxDets=1000 ] = 0.0000
2024-10-08 14:24:15,744 - mmdet - INFO -  Average Precision  (AP) @[ IoU=0.70      | area=   all | maxDets=1000 ] = 0.0000
2024-10-08 14:24:15,744 - mmdet - INFO -  Average Precision  (AP) @[ IoU=0.75      | area=   all | maxDets=1000 ] = 0.0000
2024-10-08 14:24:15,744 - mmdet - INFO -  Average Precision  (AP) @[ IoU=0.80      | area=   all | maxDets=1000 ] = 0.0000
2024-10-08 14:24:15,744 - mmdet - INFO -  Average Precision  (AP) @[ IoU=0.90      | area=   all | maxDets=1000 ] = 0.0000
2024-10-08 14:24:15,744 - mmdet - INFO -  Average Precision  (AP) @[ IoU=0.50:0.95 | area= small | maxDets=1000 ] = 0.0001
2024-10-08 14:24:15,744 - mmdet - INFO -  Average Precision  (AP) @[ IoU=0.50:0.95 | area=medium | maxDets=1000 ] = 0.0000
2024-10-08 14:24:15,744 - mmdet - INFO -  Average Precision  (AP) @[ IoU=0.50:0.95 | area= large | maxDets=1000 ] = 0.0000
2024-10-08 14:24:15,744 - mmdet - INFO -  Average Recall     (AR) @[ IoU=0.50:0.95 | area=   all | maxDets=100 ] = 0.0004
2024-10-08 14:24:15,745 - mmdet - INFO -  Average Recall     (AR) @[ IoU=0.50      | area=   all | maxDets=100 ] = 0.0029
2024-10-08 14:24:15,745 - mmdet - INFO -  Average Recall     (AR) @[ IoU=0.50:0.95 | area=   all | maxDets=300 ] = 0.0004
2024-10-08 14:24:15,745 - mmdet - INFO -  Average Recall     (AR) @[ IoU=0.50:0.95 | area=   all | maxDets=1000 ] = 0.0004
2024-10-08 14:24:15,745 - mmdet - INFO -  Average Recall     (AR) @[ IoU=0.50:0.95 | area= small | maxDets=1000 ] = 0.0074
2024-10-08 14:24:15,745 - mmdet - INFO -  Average Recall     (AR) @[ IoU=0.50:0.95 | area=medium | maxDets=1000 ] = 0.0000
2024-10-08 14:24:15,745 - mmdet - INFO -  Average Recall     (AR) @[ IoU=0.50:0.95 | area= large | maxDets=1000 ] = 0.0000
2024-10-08 14:24:15,756 - mmdet - INFO - Exp name: P2BNet_r50_fpn_1x_coco_ms.py
2024-10-08 14:24:15,756 - mmdet - INFO - Epoch(val) [8][180]	eval_iter_num: 90, bbox_mAP: 0.0000, bbox_mAP_50: 0.0000, bbox_mAP_75: 0.0000, bbox_mAP_s: 0.0000, bbox_mAP_m: 0.0000, bbox_mAP_l: 0.0000, bbox_mAP_copypaste: 0.000 0.000 0.000 0.000 0.000 0.000
2024-10-08 14:25:18,813 - mmdet - INFO - Epoch [9][50/180]	lr: 5.000e-03, eta: 0:30:32, time: 1.261, data_time: 0.074, memory: 16703, stage0_loss_instance_mil: 0.1697, stage0_bag_acc: 86.0121, stage0_mean_ious: 0.1019, stage0_s: 0.0000, stage0_m: 0.0424, stage0_l: 0.2047, stage0_h: 0.0823, stage1_loss_instance_mil: 0.1777, stage1_bag_acc: 86.8373, stage1_neg_loss: 0.0541, stage1_mean_ious: 0.0989, stage1_s: 0.0000, stage1_m: 0.0404, stage1_l: 0.1959, stage1_h: 0.0802, loss: 0.4015, grad_norm: 0.9336
2024-10-08 14:26:20,792 - mmdet - INFO - Epoch [9][100/180]	lr: 5.000e-03, eta: 0:29:50, time: 1.240, data_time: 0.025, memory: 16714, stage0_loss_instance_mil: 0.1604, stage0_bag_acc: 88.3453, stage0_mean_ious: 0.0986, stage0_s: 0.0000, stage0_m: 0.0279, stage0_l: 0.2061, stage0_h: 0.0756, stage1_loss_instance_mil: 0.1584, stage1_bag_acc: 88.2206, stage1_neg_loss: 0.0543, stage1_mean_ious: 0.0943, stage1_s: 0.0000, stage1_m: 0.0281, stage1_l: 0.1956, stage1_h: 0.0726, loss: 0.3732, grad_norm: 0.8049
2024-10-08 14:27:21,073 - mmdet - INFO - Epoch [9][150/180]	lr: 5.000e-03, eta: 0:29:05, time: 1.206, data_time: 0.027, memory: 16714, stage0_loss_instance_mil: 0.1339, stage0_bag_acc: 90.4528, stage0_mean_ious: 0.1030, stage0_s: 0.0000, stage0_m: 0.0658, stage0_l: 0.2072, stage0_h: 0.0803, stage1_loss_instance_mil: 0.1667, stage1_bag_acc: 92.4273, stage1_neg_loss: 0.0568, stage1_mean_ious: 0.0991, stage1_s: 0.0000, stage1_m: 0.0689, stage1_l: 0.1962, stage1_h: 0.0773, loss: 0.3574, grad_norm: 0.8478
2024-10-08 14:27:58,652 - mmdet - INFO - Saving checkpoint at 9 epochs
2024-10-08 14:29:28,831 - mmdet - INFO - Evaluating bbox...
2024-10-08 14:29:29,565 - mmdet - INFO -  Average Precision  (AP) @[ IoU=0.50:0.95 | area=   all | maxDets=100 ] = 0.0000
2024-10-08 14:29:29,565 - mmdet - INFO -  Average Precision  (AP) @[ IoU=0.50      | area=   all | maxDets=1000 ] = 0.0000
2024-10-08 14:29:29,565 - mmdet - INFO -  Average Precision  (AP) @[ IoU=0.60      | area=   all | maxDets=1000 ] = 0.0000
2024-10-08 14:29:29,565 - mmdet - INFO -  Average Precision  (AP) @[ IoU=0.70      | area=   all | maxDets=1000 ] = 0.0000
2024-10-08 14:29:29,565 - mmdet - INFO -  Average Precision  (AP) @[ IoU=0.75      | area=   all | maxDets=1000 ] = 0.0000
2024-10-08 14:29:29,565 - mmdet - INFO -  Average Precision  (AP) @[ IoU=0.80      | area=   all | maxDets=1000 ] = 0.0000
2024-10-08 14:29:29,565 - mmdet - INFO -  Average Precision  (AP) @[ IoU=0.90      | area=   all | maxDets=1000 ] = 0.0000
2024-10-08 14:29:29,566 - mmdet - INFO -  Average Precision  (AP) @[ IoU=0.50:0.95 | area= small | maxDets=1000 ] = 0.0000
2024-10-08 14:29:29,566 - mmdet - INFO -  Average Precision  (AP) @[ IoU=0.50:0.95 | area=medium | maxDets=1000 ] = 0.0000
2024-10-08 14:29:29,566 - mmdet - INFO -  Average Precision  (AP) @[ IoU=0.50:0.95 | area= large | maxDets=1000 ] = 0.0000
2024-10-08 14:29:29,566 - mmdet - INFO -  Average Recall     (AR) @[ IoU=0.50:0.95 | area=   all | maxDets=100 ] = 0.0006
2024-10-08 14:29:29,566 - mmdet - INFO -  Average Recall     (AR) @[ IoU=0.50      | area=   all | maxDets=100 ] = 0.0027
2024-10-08 14:29:29,566 - mmdet - INFO -  Average Recall     (AR) @[ IoU=0.50:0.95 | area=   all | maxDets=300 ] = 0.0006
2024-10-08 14:29:29,566 - mmdet - INFO -  Average Recall     (AR) @[ IoU=0.50:0.95 | area=   all | maxDets=1000 ] = 0.0006
2024-10-08 14:29:29,566 - mmdet - INFO -  Average Recall     (AR) @[ IoU=0.50:0.95 | area= small | maxDets=1000 ] = 0.0071
2024-10-08 14:29:29,566 - mmdet - INFO -  Average Recall     (AR) @[ IoU=0.50:0.95 | area=medium | maxDets=1000 ] = 0.0000
2024-10-08 14:29:29,566 - mmdet - INFO -  Average Recall     (AR) @[ IoU=0.50:0.95 | area= large | maxDets=1000 ] = 0.0000
2024-10-08 14:29:29,577 - mmdet - INFO - Exp name: P2BNet_r50_fpn_1x_coco_ms.py
2024-10-08 14:29:29,578 - mmdet - INFO - Epoch(val) [9][180]	eval_iter_num: 90, bbox_mAP: 0.0000, bbox_mAP_50: 0.0000, bbox_mAP_75: 0.0000, bbox_mAP_s: 0.0000, bbox_mAP_m: 0.0000, bbox_mAP_l: 0.0000, bbox_mAP_copypaste: 0.000 0.000 0.000 0.000 0.000 0.000
2024-10-08 14:30:35,274 - mmdet - INFO - Epoch [10][50/180]	lr: 5.000e-03, eta: 0:27:23, time: 1.314, data_time: 0.082, memory: 16714, stage0_loss_instance_mil: 0.1228, stage0_bag_acc: 90.9743, stage0_mean_ious: 0.0955, stage0_s: 0.0000, stage0_m: 0.0757, stage0_l: 0.1649, stage0_h: 0.0725, stage1_loss_instance_mil: 0.1635, stage1_bag_acc: 93.1148, stage1_neg_loss: 0.0573, stage1_mean_ious: 0.0904, stage1_s: 0.0000, stage1_m: 0.0703, stage1_l: 0.1544, stage1_h: 0.0688, loss: 0.3436, grad_norm: 0.8288
2024-10-08 14:31:36,859 - mmdet - INFO - Epoch [10][100/180]	lr: 5.000e-03, eta: 0:26:39, time: 1.232, data_time: 0.030, memory: 16714, stage0_loss_instance_mil: 0.1463, stage0_bag_acc: 88.7821, stage0_mean_ious: 0.0942, stage0_s: 0.0000, stage0_m: 0.0279, stage0_l: 0.1890, stage0_h: 0.0784, stage1_loss_instance_mil: 0.1625, stage1_bag_acc: 90.2697, stage1_neg_loss: 0.0572, stage1_mean_ious: 0.0912, stage1_s: 0.0000, stage1_m: 0.0259, stage1_l: 0.1838, stage1_h: 0.0762, loss: 0.3660, grad_norm: 0.8650
2024-10-08 14:32:39,716 - mmdet - INFO - Epoch [10][150/180]	lr: 5.000e-03, eta: 0:25:55, time: 1.257, data_time: 0.031, memory: 16714, stage0_loss_instance_mil: 0.1209, stage0_bag_acc: 91.5463, stage0_mean_ious: 0.0983, stage0_s: 0.0000, stage0_m: 0.0699, stage0_l: 0.1835, stage0_h: 0.0750, stage1_loss_instance_mil: 0.1597, stage1_bag_acc: 92.4892, stage1_neg_loss: 0.0550, stage1_mean_ious: 0.0949, stage1_s: 0.0000, stage1_m: 0.0660, stage1_l: 0.1804, stage1_h: 0.0725, loss: 0.3356, grad_norm: 0.8669
2024-10-08 14:33:15,996 - mmdet - INFO - Saving checkpoint at 10 epochs
2024-10-08 14:34:45,999 - mmdet - INFO - Evaluating bbox...
2024-10-08 14:34:46,774 - mmdet - INFO -  Average Precision  (AP) @[ IoU=0.50:0.95 | area=   all | maxDets=100 ] = 0.0000
2024-10-08 14:34:46,774 - mmdet - INFO -  Average Precision  (AP) @[ IoU=0.50      | area=   all | maxDets=1000 ] = 0.0000
2024-10-08 14:34:46,774 - mmdet - INFO -  Average Precision  (AP) @[ IoU=0.60      | area=   all | maxDets=1000 ] = 0.0000
2024-10-08 14:34:46,774 - mmdet - INFO -  Average Precision  (AP) @[ IoU=0.70      | area=   all | maxDets=1000 ] = 0.0000
2024-10-08 14:34:46,774 - mmdet - INFO -  Average Precision  (AP) @[ IoU=0.75      | area=   all | maxDets=1000 ] = 0.0000
2024-10-08 14:34:46,774 - mmdet - INFO -  Average Precision  (AP) @[ IoU=0.80      | area=   all | maxDets=1000 ] = 0.0000
2024-10-08 14:34:46,774 - mmdet - INFO -  Average Precision  (AP) @[ IoU=0.90      | area=   all | maxDets=1000 ] = 0.0000
2024-10-08 14:34:46,775 - mmdet - INFO -  Average Precision  (AP) @[ IoU=0.50:0.95 | area= small | maxDets=1000 ] = 0.0000
2024-10-08 14:34:46,775 - mmdet - INFO -  Average Precision  (AP) @[ IoU=0.50:0.95 | area=medium | maxDets=1000 ] = 0.0000
2024-10-08 14:34:46,775 - mmdet - INFO -  Average Precision  (AP) @[ IoU=0.50:0.95 | area= large | maxDets=1000 ] = 0.0000
2024-10-08 14:34:46,775 - mmdet - INFO -  Average Recall     (AR) @[ IoU=0.50:0.95 | area=   all | maxDets=100 ] = 0.0005
2024-10-08 14:34:46,775 - mmdet - INFO -  Average Recall     (AR) @[ IoU=0.50      | area=   all | maxDets=100 ] = 0.0024
2024-10-08 14:34:46,775 - mmdet - INFO -  Average Recall     (AR) @[ IoU=0.50:0.95 | area=   all | maxDets=300 ] = 0.0005
2024-10-08 14:34:46,775 - mmdet - INFO -  Average Recall     (AR) @[ IoU=0.50:0.95 | area=   all | maxDets=1000 ] = 0.0005
2024-10-08 14:34:46,775 - mmdet - INFO -  Average Recall     (AR) @[ IoU=0.50:0.95 | area= small | maxDets=1000 ] = 0.0054
2024-10-08 14:34:46,775 - mmdet - INFO -  Average Recall     (AR) @[ IoU=0.50:0.95 | area=medium | maxDets=1000 ] = 0.0000
2024-10-08 14:34:46,775 - mmdet - INFO -  Average Recall     (AR) @[ IoU=0.50:0.95 | area= large | maxDets=1000 ] = 0.0000
2024-10-08 14:34:46,786 - mmdet - INFO - Exp name: P2BNet_r50_fpn_1x_coco_ms.py
2024-10-08 14:34:46,787 - mmdet - INFO - Epoch(val) [10][180]	eval_iter_num: 90, bbox_mAP: 0.0000, bbox_mAP_50: 0.0000, bbox_mAP_75: 0.0000, bbox_mAP_s: 0.0000, bbox_mAP_m: 0.0000, bbox_mAP_l: 0.0000, bbox_mAP_copypaste: 0.000 0.000 0.000 0.000 0.000 0.000
2024-10-08 14:35:52,726 - mmdet - INFO - Epoch [11][50/180]	lr: 5.000e-03, eta: 0:24:16, time: 1.318, data_time: 0.083, memory: 16737, stage0_loss_instance_mil: 0.1218, stage0_bag_acc: 90.8198, stage0_mean_ious: 0.0928, stage0_s: 0.0000, stage0_m: 0.0460, stage0_l: 0.2047, stage0_h: 0.0716, stage1_loss_instance_mil: 0.1622, stage1_bag_acc: 92.5338, stage1_neg_loss: 0.0616, stage1_mean_ious: 0.0884, stage1_s: 0.0000, stage1_m: 0.0440, stage1_l: 0.1933, stage1_h: 0.0685, loss: 0.3456, grad_norm: 0.8590
2024-10-08 14:36:54,645 - mmdet - INFO - Epoch [11][100/180]	lr: 5.000e-03, eta: 0:23:30, time: 1.238, data_time: 0.028, memory: 16737, stage0_loss_instance_mil: 0.1302, stage0_bag_acc: 89.1031, stage0_mean_ious: 0.1070, stage0_s: 0.0000, stage0_m: 0.0960, stage0_l: 0.2063, stage0_h: 0.0788, stage1_loss_instance_mil: 0.1591, stage1_bag_acc: 90.7759, stage1_neg_loss: 0.0521, stage1_mean_ious: 0.1014, stage1_s: 0.0000, stage1_m: 0.0881, stage1_l: 0.1934, stage1_h: 0.0749, loss: 0.3413, grad_norm: 0.9273
2024-10-08 14:37:57,829 - mmdet - INFO - Epoch [11][150/180]	lr: 5.000e-03, eta: 0:22:45, time: 1.264, data_time: 0.028, memory: 16737, stage0_loss_instance_mil: 0.1206, stage0_bag_acc: 91.0739, stage0_mean_ious: 0.1035, stage0_s: 0.0000, stage0_m: 0.0357, stage0_l: 0.2024, stage0_h: 0.0825, stage1_loss_instance_mil: 0.1572, stage1_bag_acc: 92.6305, stage1_neg_loss: 0.0527, stage1_mean_ious: 0.0990, stage1_s: 0.0000, stage1_m: 0.0326, stage1_l: 0.1897, stage1_h: 0.0795, loss: 0.3304, grad_norm: 0.9080
2024-10-08 14:38:35,395 - mmdet - INFO - Saving checkpoint at 11 epochs
2024-10-08 14:40:05,968 - mmdet - INFO - Evaluating bbox...
2024-10-08 14:40:06,741 - mmdet - INFO -  Average Precision  (AP) @[ IoU=0.50:0.95 | area=   all | maxDets=100 ] = 0.0000
2024-10-08 14:40:06,741 - mmdet - INFO -  Average Precision  (AP) @[ IoU=0.50      | area=   all | maxDets=1000 ] = 0.0000
2024-10-08 14:40:06,742 - mmdet - INFO -  Average Precision  (AP) @[ IoU=0.60      | area=   all | maxDets=1000 ] = 0.0000
2024-10-08 14:40:06,742 - mmdet - INFO -  Average Precision  (AP) @[ IoU=0.70      | area=   all | maxDets=1000 ] = 0.0000
2024-10-08 14:40:06,742 - mmdet - INFO -  Average Precision  (AP) @[ IoU=0.75      | area=   all | maxDets=1000 ] = 0.0000
2024-10-08 14:40:06,742 - mmdet - INFO -  Average Precision  (AP) @[ IoU=0.80      | area=   all | maxDets=1000 ] = 0.0000
2024-10-08 14:40:06,742 - mmdet - INFO -  Average Precision  (AP) @[ IoU=0.90      | area=   all | maxDets=1000 ] = 0.0000
2024-10-08 14:40:06,742 - mmdet - INFO -  Average Precision  (AP) @[ IoU=0.50:0.95 | area= small | maxDets=1000 ] = 0.0000
2024-10-08 14:40:06,742 - mmdet - INFO -  Average Precision  (AP) @[ IoU=0.50:0.95 | area=medium | maxDets=1000 ] = 0.0000
2024-10-08 14:40:06,742 - mmdet - INFO -  Average Precision  (AP) @[ IoU=0.50:0.95 | area= large | maxDets=1000 ] = 0.0000
2024-10-08 14:40:06,742 - mmdet - INFO -  Average Recall     (AR) @[ IoU=0.50:0.95 | area=   all | maxDets=100 ] = 0.0004
2024-10-08 14:40:06,743 - mmdet - INFO -  Average Recall     (AR) @[ IoU=0.50      | area=   all | maxDets=100 ] = 0.0019
2024-10-08 14:40:06,743 - mmdet - INFO -  Average Recall     (AR) @[ IoU=0.50:0.95 | area=   all | maxDets=300 ] = 0.0004
2024-10-08 14:40:06,743 - mmdet - INFO -  Average Recall     (AR) @[ IoU=0.50:0.95 | area=   all | maxDets=1000 ] = 0.0004
2024-10-08 14:40:06,743 - mmdet - INFO -  Average Recall     (AR) @[ IoU=0.50:0.95 | area= small | maxDets=1000 ] = 0.0046
2024-10-08 14:40:06,743 - mmdet - INFO -  Average Recall     (AR) @[ IoU=0.50:0.95 | area=medium | maxDets=1000 ] = 0.0000
2024-10-08 14:40:06,743 - mmdet - INFO -  Average Recall     (AR) @[ IoU=0.50:0.95 | area= large | maxDets=1000 ] = 0.0000
2024-10-08 14:40:06,755 - mmdet - INFO - Exp name: P2BNet_r50_fpn_1x_coco_ms.py
2024-10-08 14:40:06,756 - mmdet - INFO - Epoch(val) [11][180]	eval_iter_num: 90, bbox_mAP: 0.0000, bbox_mAP_50: 0.0000, bbox_mAP_75: 0.0000, bbox_mAP_s: 0.0000, bbox_mAP_m: 0.0000, bbox_mAP_l: 0.0000, bbox_mAP_copypaste: 0.000 0.000 0.000 0.000 0.000 0.000
2024-10-08 14:41:10,968 - mmdet - INFO - Epoch [12][50/180]	lr: 5.000e-04, eta: 0:21:08, time: 1.284, data_time: 0.074, memory: 16737, stage0_loss_instance_mil: 0.1113, stage0_bag_acc: 91.7239, stage0_mean_ious: 0.0992, stage0_s: 0.0000, stage0_m: 0.0592, stage0_l: 0.1932, stage0_h: 0.0776, stage1_loss_instance_mil: 0.1617, stage1_bag_acc: 93.0168, stage1_neg_loss: 0.0590, stage1_mean_ious: 0.0931, stage1_s: 0.0000, stage1_m: 0.0568, stage1_l: 0.1813, stage1_h: 0.0728, loss: 0.3321, grad_norm: 0.9068
2024-10-08 14:42:12,961 - mmdet - INFO - Epoch [12][100/180]	lr: 5.000e-04, eta: 0:20:21, time: 1.240, data_time: 0.026, memory: 16737, stage0_loss_instance_mil: 0.1372, stage0_bag_acc: 89.8616, stage0_mean_ious: 0.0993, stage0_s: 0.0000, stage0_m: 0.0617, stage0_l: 0.1853, stage0_h: 0.0761, stage1_loss_instance_mil: 0.1578, stage1_bag_acc: 89.6459, stage1_neg_loss: 0.0487, stage1_mean_ious: 0.0946, stage1_s: 0.0000, stage1_m: 0.0553, stage1_l: 0.1719, stage1_h: 0.0729, loss: 0.3437, grad_norm: 0.9138
2024-10-08 14:43:15,282 - mmdet - INFO - Epoch [12][150/180]	lr: 5.000e-04, eta: 0:19:33, time: 1.246, data_time: 0.026, memory: 16737, stage0_loss_instance_mil: 0.1135, stage0_bag_acc: 92.5510, stage0_mean_ious: 0.0982, stage0_s: 0.0000, stage0_m: 0.0664, stage0_l: 0.1629, stage0_h: 0.0814, stage1_loss_instance_mil: 0.1571, stage1_bag_acc: 93.5978, stage1_neg_loss: 0.0535, stage1_mean_ious: 0.0937, stage1_s: 0.0000, stage1_m: 0.0622, stage1_l: 0.1586, stage1_h: 0.0779, loss: 0.3242, grad_norm: 0.8416
2024-10-08 14:43:53,585 - mmdet - INFO - Saving checkpoint at 12 epochs
2024-10-08 14:45:24,266 - mmdet - INFO - Evaluating bbox...
2024-10-08 14:45:24,995 - mmdet - INFO -  Average Precision  (AP) @[ IoU=0.50:0.95 | area=   all | maxDets=100 ] = 0.0000
2024-10-08 14:45:24,995 - mmdet - INFO -  Average Precision  (AP) @[ IoU=0.50      | area=   all | maxDets=1000 ] = 0.0000
2024-10-08 14:45:24,995 - mmdet - INFO -  Average Precision  (AP) @[ IoU=0.60      | area=   all | maxDets=1000 ] = 0.0000
2024-10-08 14:45:24,995 - mmdet - INFO -  Average Precision  (AP) @[ IoU=0.70      | area=   all | maxDets=1000 ] = 0.0000
2024-10-08 14:45:24,996 - mmdet - INFO -  Average Precision  (AP) @[ IoU=0.75      | area=   all | maxDets=1000 ] = 0.0000
2024-10-08 14:45:24,996 - mmdet - INFO -  Average Precision  (AP) @[ IoU=0.80      | area=   all | maxDets=1000 ] = 0.0000
2024-10-08 14:45:24,996 - mmdet - INFO -  Average Precision  (AP) @[ IoU=0.90      | area=   all | maxDets=1000 ] = 0.0000
2024-10-08 14:45:24,996 - mmdet - INFO -  Average Precision  (AP) @[ IoU=0.50:0.95 | area= small | maxDets=1000 ] = 0.0000
2024-10-08 14:45:24,996 - mmdet - INFO -  Average Precision  (AP) @[ IoU=0.50:0.95 | area=medium | maxDets=1000 ] = 0.0000
2024-10-08 14:45:24,996 - mmdet - INFO -  Average Precision  (AP) @[ IoU=0.50:0.95 | area= large | maxDets=1000 ] = 0.0000
2024-10-08 14:45:24,996 - mmdet - INFO -  Average Recall     (AR) @[ IoU=0.50:0.95 | area=   all | maxDets=100 ] = 0.0003
2024-10-08 14:45:24,996 - mmdet - INFO -  Average Recall     (AR) @[ IoU=0.50      | area=   all | maxDets=100 ] = 0.0017
2024-10-08 14:45:24,996 - mmdet - INFO -  Average Recall     (AR) @[ IoU=0.50:0.95 | area=   all | maxDets=300 ] = 0.0003
2024-10-08 14:45:24,996 - mmdet - INFO -  Average Recall     (AR) @[ IoU=0.50:0.95 | area=   all | maxDets=1000 ] = 0.0003
2024-10-08 14:45:24,996 - mmdet - INFO -  Average Recall     (AR) @[ IoU=0.50:0.95 | area= small | maxDets=1000 ] = 0.0027
2024-10-08 14:45:24,997 - mmdet - INFO -  Average Recall     (AR) @[ IoU=0.50:0.95 | area=medium | maxDets=1000 ] = 0.0000
2024-10-08 14:45:24,997 - mmdet - INFO -  Average Recall     (AR) @[ IoU=0.50:0.95 | area= large | maxDets=1000 ] = 0.0000
2024-10-08 14:45:25,006 - mmdet - INFO - Exp name: P2BNet_r50_fpn_1x_coco_ms.py
2024-10-08 14:45:25,007 - mmdet - INFO - Epoch(val) [12][180]	eval_iter_num: 90, bbox_mAP: 0.0000, bbox_mAP_50: 0.0000, bbox_mAP_75: 0.0000, bbox_mAP_s: 0.0000, bbox_mAP_m: 0.0000, bbox_mAP_l: 0.0000, bbox_mAP_copypaste: 0.000 0.000 0.000 0.000 0.000 0.000
2024-10-08 14:46:27,863 - mmdet - INFO - Epoch [13][50/180]	lr: 5.000e-04, eta: 0:17:58, time: 1.257, data_time: 0.074, memory: 16737, stage0_loss_instance_mil: 0.1187, stage0_bag_acc: 91.5369, stage0_mean_ious: 0.1051, stage0_s: 0.0000, stage0_m: 0.0604, stage0_l: 0.2214, stage0_h: 0.0758, stage1_loss_instance_mil: 0.1559, stage1_bag_acc: 93.1163, stage1_neg_loss: 0.0581, stage1_mean_ious: 0.0992, stage1_s: 0.0000, stage1_m: 0.0491, stage1_l: 0.2146, stage1_h: 0.0713, loss: 0.3327, grad_norm: 0.8627
2024-10-08 14:47:28,869 - mmdet - INFO - Epoch [13][100/180]	lr: 5.000e-04, eta: 0:17:10, time: 1.220, data_time: 0.025, memory: 16737, stage0_loss_instance_mil: 0.1187, stage0_bag_acc: 91.1057, stage0_mean_ious: 0.0963, stage0_s: 0.0000, stage0_m: 0.0743, stage0_l: 0.1922, stage0_h: 0.0733, stage1_loss_instance_mil: 0.1529, stage1_bag_acc: 91.7599, stage1_neg_loss: 0.0533, stage1_mean_ious: 0.0916, stage1_s: 0.0000, stage1_m: 0.0647, stage1_l: 0.1854, stage1_h: 0.0702, loss: 0.3249, grad_norm: 0.9431
2024-10-08 14:48:30,198 - mmdet - INFO - Epoch [13][150/180]	lr: 5.000e-04, eta: 0:16:21, time: 1.227, data_time: 0.025, memory: 16737, stage0_loss_instance_mil: 0.1198, stage0_bag_acc: 90.5637, stage0_mean_ious: 0.0959, stage0_s: 0.0000, stage0_m: 0.0360, stage0_l: 0.2108, stage0_h: 0.0737, stage1_loss_instance_mil: 0.1590, stage1_bag_acc: 92.6924, stage1_neg_loss: 0.0579, stage1_mean_ious: 0.0905, stage1_s: 0.0000, stage1_m: 0.0340, stage1_l: 0.1871, stage1_h: 0.0703, loss: 0.3367, grad_norm: 0.9455
2024-10-08 14:49:06,696 - mmdet - INFO - Saving checkpoint at 13 epochs
2024-10-08 14:50:36,997 - mmdet - INFO - Evaluating bbox...
2024-10-08 14:50:37,765 - mmdet - INFO -  Average Precision  (AP) @[ IoU=0.50:0.95 | area=   all | maxDets=100 ] = 0.0000
2024-10-08 14:50:37,765 - mmdet - INFO -  Average Precision  (AP) @[ IoU=0.50      | area=   all | maxDets=1000 ] = 0.0000
2024-10-08 14:50:37,765 - mmdet - INFO -  Average Precision  (AP) @[ IoU=0.60      | area=   all | maxDets=1000 ] = 0.0000
2024-10-08 14:50:37,766 - mmdet - INFO -  Average Precision  (AP) @[ IoU=0.70      | area=   all | maxDets=1000 ] = 0.0000
2024-10-08 14:50:37,766 - mmdet - INFO -  Average Precision  (AP) @[ IoU=0.75      | area=   all | maxDets=1000 ] = 0.0000
2024-10-08 14:50:37,766 - mmdet - INFO -  Average Precision  (AP) @[ IoU=0.80      | area=   all | maxDets=1000 ] = 0.0000
2024-10-08 14:50:37,766 - mmdet - INFO -  Average Precision  (AP) @[ IoU=0.90      | area=   all | maxDets=1000 ] = 0.0000
2024-10-08 14:50:37,766 - mmdet - INFO -  Average Precision  (AP) @[ IoU=0.50:0.95 | area= small | maxDets=1000 ] = 0.0000
2024-10-08 14:50:37,766 - mmdet - INFO -  Average Precision  (AP) @[ IoU=0.50:0.95 | area=medium | maxDets=1000 ] = 0.0000
2024-10-08 14:50:37,766 - mmdet - INFO -  Average Precision  (AP) @[ IoU=0.50:0.95 | area= large | maxDets=1000 ] = 0.0000
2024-10-08 14:50:37,766 - mmdet - INFO -  Average Recall     (AR) @[ IoU=0.50:0.95 | area=   all | maxDets=100 ] = 0.0002
2024-10-08 14:50:37,766 - mmdet - INFO -  Average Recall     (AR) @[ IoU=0.50      | area=   all | maxDets=100 ] = 0.0015
2024-10-08 14:50:37,766 - mmdet - INFO -  Average Recall     (AR) @[ IoU=0.50:0.95 | area=   all | maxDets=300 ] = 0.0002
2024-10-08 14:50:37,767 - mmdet - INFO -  Average Recall     (AR) @[ IoU=0.50:0.95 | area=   all | maxDets=1000 ] = 0.0002
2024-10-08 14:50:37,767 - mmdet - INFO -  Average Recall     (AR) @[ IoU=0.50:0.95 | area= small | maxDets=1000 ] = 0.0021
2024-10-08 14:50:37,767 - mmdet - INFO -  Average Recall     (AR) @[ IoU=0.50:0.95 | area=medium | maxDets=1000 ] = 0.0000
2024-10-08 14:50:37,767 - mmdet - INFO -  Average Recall     (AR) @[ IoU=0.50:0.95 | area= large | maxDets=1000 ] = 0.0000
2024-10-08 14:50:37,778 - mmdet - INFO - Exp name: P2BNet_r50_fpn_1x_coco_ms.py
2024-10-08 14:50:37,779 - mmdet - INFO - Epoch(val) [13][180]	eval_iter_num: 90, bbox_mAP: 0.0000, bbox_mAP_50: 0.0000, bbox_mAP_75: 0.0000, bbox_mAP_s: 0.0000, bbox_mAP_m: 0.0000, bbox_mAP_l: 0.0000, bbox_mAP_copypaste: 0.000 0.000 0.000 0.000 0.000 0.000
