2024-10-13 14:02:26,520 - mmdet - INFO - Environment info:
------------------------------------------------------------
sys.platform: linux
Python: 3.7.16 (default, Jan 17 2023, 22:20:44) [GCC 11.2.0]
CUDA available: True
GPU 0,1,2,3,4,5,6,7: NVIDIA GeForce RTX 3090
CUDA_HOME: /usr/local/cuda-12.0
NVCC: Build cuda_12.0.r12.0/compiler.31968024_0
GCC: gcc (Ubuntu 11.4.0-2ubuntu1~18.04) 11.4.0
PyTorch: 1.7.0
PyTorch compiling details: PyTorch built with:
  - GCC 7.3
  - C++ Version: 201402
  - Intel(R) oneAPI Math Kernel Library Version 2021.4-Product Build 20210904 for Intel(R) 64 architecture applications
  - Intel(R) MKL-DNN v1.6.0 (Git Hash 5ef631a030a6f73131c77892041042805a06064f)
  - OpenMP 201511 (a.k.a. OpenMP 4.5)
  - NNPACK is enabled
  - CPU capability usage: AVX2
  - CUDA Runtime 11.0
  - NVCC architecture flags: -gencode;arch=compute_37,code=sm_37;-gencode;arch=compute_50,code=sm_50;-gencode;arch=compute_60,code=sm_60;-gencode;arch=compute_61,code=sm_61;-gencode;arch=compute_70,code=sm_70;-gencode;arch=compute_75,code=sm_75;-gencode;arch=compute_80,code=sm_80;-gencode;arch=compute_37,code=compute_37
  - CuDNN 8.0.3
  - Magma 2.5.2
  - Build settings: BLAS=MKL, BUILD_TYPE=Release, CXX_FLAGS= -Wno-deprecated -fvisibility-inlines-hidden -DUSE_PTHREADPOOL -fopenmp -DNDEBUG -DUSE_FBGEMM -DUSE_QNNPACK -DUSE_PYTORCH_QNNPACK -DUSE_XNNPACK -DUSE_VULKAN_WRAPPER -O2 -fPIC -Wno-narrowing -Wall -Wextra -Werror=return-type -Wno-missing-field-initializers -Wno-type-limits -Wno-array-bounds -Wno-unknown-pragmas -Wno-sign-compare -Wno-unused-parameter -Wno-unused-variable -Wno-unused-function -Wno-unused-result -Wno-unused-local-typedefs -Wno-strict-overflow -Wno-strict-aliasing -Wno-error=deprecated-declarations -Wno-stringop-overflow -Wno-psabi -Wno-error=pedantic -Wno-error=redundant-decls -Wno-error=old-style-cast -fdiagnostics-color=always -faligned-new -Wno-unused-but-set-variable -Wno-maybe-uninitialized -fno-math-errno -fno-trapping-math -Werror=format -Wno-stringop-overflow, PERF_WITH_AVX=1, PERF_WITH_AVX2=1, PERF_WITH_AVX512=1, USE_CUDA=ON, USE_EXCEPTION_PTR=1, USE_GFLAGS=OFF, USE_GLOG=OFF, USE_MKL=ON, USE_MKLDNN=ON, USE_MPI=OFF, USE_NCCL=ON, USE_NNPACK=ON, USE_OPENMP=ON, 

TorchVision: 0.8.0
OpenCV: 4.8.1
MMCV: 1.3.3
MMCV Compiler: GCC 7.3
MMCV CUDA Compiler: 11.0
MMDetection: 2.13.0+bdcbe92
------------------------------------------------------------

2024-10-13 14:02:27,357 - mmdet - INFO - Distributed training: False
2024-10-13 14:02:28,169 - mmdet - INFO - Config:
checkpoint_config = dict(interval=1)
log_config = dict(interval=50, hooks=[dict(type='TextLoggerHook')])
custom_hooks = [dict(type='NumClassCheckHook')]
dist_params = dict(backend='nccl')
log_level = 'INFO'
load_from = '../TOV_mmdetection_cache/work_dir/coco/pre_trained/P2B.pth'
resume_from = None
workflow = [('train', 1)]
norm_cfg = dict(type='GN', num_groups=32, requires_grad=True)
debug = False
num_stages = 2
model = dict(
    type='P2BNet',
    pretrained='torchvision://resnet50',
    backbone=dict(
        type='ResNet',
        depth=50,
        num_stages=4,
        out_indices=(0, 1, 2, 3),
        frozen_stages=1,
        norm_cfg=dict(type='BN', requires_grad=True),
        norm_eval=True,
        style='pytorch'),
    neck=dict(
        type='FPN',
        in_channels=[256, 512, 1024, 2048],
        out_channels=256,
        start_level=0,
        add_extra_convs='on_input',
        num_outs=4,
        norm_cfg=dict(type='GN', num_groups=32, requires_grad=True)),
    roi_head=dict(
        type='P2BHead',
        num_stages=2,
        top_k=7,
        with_atten=False,
        bbox_roi_extractor=dict(
            type='SingleRoIExtractor',
            roi_layer=dict(type='RoIAlign', output_size=7),
            out_channels=256,
            featmap_strides=[4, 8, 16, 32]),
        bbox_head=dict(
            type='Shared2FCInstanceMILHead',
            num_stages=2,
            with_loss_pseudo=False,
            in_channels=256,
            fc_out_channels=1024,
            roi_feat_size=7,
            num_classes=6,
            num_ref_fcs=0,
            bbox_coder=dict(
                type='DeltaXYWHBBoxCoder',
                target_means=[0.0, 0.0, 0.0, 0.0],
                target_stds=[0.1, 0.1, 0.2, 0.2]),
            reg_class_agnostic=True,
            loss_type='MIL',
            loss_mil1=dict(
                type='MILLoss',
                binary_ins=False,
                loss_weight=0.25,
                loss_type='binary_cross_entropy'),
            loss_mil2=dict(
                type='MILLoss',
                binary_ins=False,
                loss_weight=0.25,
                loss_type='gfocal_loss'))),
    train_cfg=dict(
        base_proposal=dict(
            base_scales=[4, 8, 16, 32, 64, 128],
            base_ratios=[
                0.3333333333333333, 0.5, 0.6666666666666666, 1.0, 1.5, 2.0, 3.0
            ],
            shake_ratio=None,
            cut_mode='symmetry',
            gen_num_neg=0),
        fine_proposal=dict(
            gen_proposal_mode='fix_gen',
            cut_mode=None,
            shake_ratio=[0.1],
            base_ratios=[1, 1.2, 1.3, 0.8, 0.7],
            iou_thr=0.3,
            gen_num_neg=3500),
        rcnn=None),
    test_cfg=dict(rpn=None, rcnn=None))
dataset_type = 'CocoFmtDataset'
data_root = 'data/coco/'
img_norm_cfg = dict(
    mean=[123.675, 116.28, 103.53], std=[58.395, 57.12, 57.375], to_rgb=True)
train_pipeline = [
    dict(type='LoadImageFromFile'),
    dict(type='LoadAnnotations', with_bbox=True),
    dict(
        type='Resize',
        img_scale=[(2000, 480), (2000, 576), (2000, 688), (2000, 864),
                   (2000, 1000), (2000, 1200)],
        multiscale_mode='value',
        keep_ratio=True),
    dict(type='RandomFlip', flip_ratio=0.5),
    dict(
        type='Normalize',
        mean=[123.675, 116.28, 103.53],
        std=[58.395, 57.12, 57.375],
        to_rgb=True),
    dict(type='Pad', size_divisor=32),
    dict(type='DefaultFormatBundle'),
    dict(
        type='Collect',
        keys=[
            'img', 'gt_bboxes', 'gt_labels', 'gt_bboxes_ignore',
            'gt_true_bboxes'
        ])
]
test_scale = 1200
test_pipeline = [
    dict(type='LoadImageFromFile'),
    dict(type='LoadAnnotations', with_bbox=True),
    dict(
        type='MultiScaleFlipAug',
        img_scale=(2000, 1200),
        flip=False,
        transforms=[
            dict(type='Resize', keep_ratio=True),
            dict(type='RandomFlip'),
            dict(
                type='Normalize',
                mean=[123.675, 116.28, 103.53],
                std=[58.395, 57.12, 57.375],
                to_rgb=True),
            dict(type='Pad', size_divisor=32),
            dict(type='DefaultFormatBundle'),
            dict(
                type='Collect',
                keys=[
                    'img', 'gt_bboxes', 'gt_labels', 'gt_bboxes_ignore',
                    'gt_anns_id', 'gt_true_bboxes'
                ])
        ])
]
data = dict(
    samples_per_gpu=4,
    workers_per_gpu=1,
    shuffle=None,
    train=dict(
        type='CocoFmtDataset',
        ann_file='data/coco/annotations_qc_pt/instances_train2017_coarse.json',
        img_prefix='data/coco/images/train/',
        pipeline=[
            dict(type='LoadImageFromFile'),
            dict(type='LoadAnnotations', with_bbox=True),
            dict(
                type='Resize',
                img_scale=[(2000, 480), (2000, 576), (2000, 688), (2000, 864),
                           (2000, 1000), (2000, 1200)],
                multiscale_mode='value',
                keep_ratio=True),
            dict(type='RandomFlip', flip_ratio=0.5),
            dict(
                type='Normalize',
                mean=[123.675, 116.28, 103.53],
                std=[58.395, 57.12, 57.375],
                to_rgb=True),
            dict(type='Pad', size_divisor=32),
            dict(type='DefaultFormatBundle'),
            dict(
                type='Collect',
                keys=[
                    'img', 'gt_bboxes', 'gt_labels', 'gt_bboxes_ignore',
                    'gt_true_bboxes'
                ])
        ]),
    val=dict(
        samples_per_gpu=2,
        type='CocoFmtDataset',
        ann_file='data/coco/annotations/instances_train.json',
        img_prefix='data/coco/images/train/',
        pipeline=[
            dict(type='LoadImageFromFile'),
            dict(type='LoadAnnotations', with_bbox=True),
            dict(
                type='MultiScaleFlipAug',
                img_scale=(2000, 1200),
                flip=False,
                transforms=[
                    dict(type='Resize', keep_ratio=True),
                    dict(type='RandomFlip'),
                    dict(
                        type='Normalize',
                        mean=[123.675, 116.28, 103.53],
                        std=[58.395, 57.12, 57.375],
                        to_rgb=True),
                    dict(type='Pad', size_divisor=32),
                    dict(type='DefaultFormatBundle'),
                    dict(
                        type='Collect',
                        keys=[
                            'img', 'gt_bboxes', 'gt_labels',
                            'gt_bboxes_ignore', 'gt_anns_id', 'gt_true_bboxes'
                        ])
                ])
        ],
        test_mode=False),
    test=dict(
        type='CocoFmtDataset',
        ann_file='data/coco/annotations/instances_train.json',
        img_prefix='data/coco/images/train/',
        pipeline=[
            dict(type='LoadImageFromFile'),
            dict(type='LoadAnnotations', with_bbox=True),
            dict(
                type='MultiScaleFlipAug',
                img_scale=(2000, 1200),
                flip=False,
                transforms=[
                    dict(type='Resize', keep_ratio=True),
                    dict(type='RandomFlip'),
                    dict(
                        type='Normalize',
                        mean=[123.675, 116.28, 103.53],
                        std=[58.395, 57.12, 57.375],
                        to_rgb=True),
                    dict(type='Pad', size_divisor=32),
                    dict(type='DefaultFormatBundle'),
                    dict(
                        type='Collect',
                        keys=[
                            'img', 'gt_bboxes', 'gt_labels',
                            'gt_bboxes_ignore', 'gt_anns_id', 'gt_true_bboxes'
                        ])
                ])
        ]))
check = dict(stop_while_nan=False)
optimizer = dict(type='Adam', lr=0.003, weight_decay=0.001)
optimizer_config = dict(grad_clip=dict(max_norm=35, norm_type=2))
lr_config = dict(
    policy='step',
    warmup='linear',
    warmup_iters=500,
    warmup_ratio=0.001,
    step=[8, 11])
runner = dict(type='EpochBasedRunner', max_epochs=12)
work_dir = '../TOV_mmdetection_cache/work_dir/coco/'
evaluation = dict(
    interval=1,
    metric='bbox',
    save_result_file=
    '../TOV_mmdetection_cache/work_dir/coco/_1200_latest_result.json',
    do_first_eval=False,
    do_final_eval=True)
gpu_ids = [1]

2024-10-13 14:02:31,399 - mmdet - INFO - load checkpoint from ../TOV_mmdetection_cache/work_dir/coco/pre_trained/P2B.pth
2024-10-13 14:02:31,399 - mmdet - INFO - Use load_from_local loader
2024-10-13 14:02:31,872 - mmdet - WARNING - The model and loaded state dict do not match exactly

size mismatch for roi_head.bbox_head.fc_cls.0.weight: copying a param with shape torch.Size([81, 1024]) from checkpoint, the shape in current model is torch.Size([7, 1024]).
size mismatch for roi_head.bbox_head.fc_cls.0.bias: copying a param with shape torch.Size([81]) from checkpoint, the shape in current model is torch.Size([7]).
size mismatch for roi_head.bbox_head.fc_cls.1.weight: copying a param with shape torch.Size([80, 1024]) from checkpoint, the shape in current model is torch.Size([6, 1024]).
size mismatch for roi_head.bbox_head.fc_cls.1.bias: copying a param with shape torch.Size([80]) from checkpoint, the shape in current model is torch.Size([6]).
size mismatch for roi_head.bbox_head.fc_ins.0.weight: copying a param with shape torch.Size([81, 1024]) from checkpoint, the shape in current model is torch.Size([7, 1024]).
size mismatch for roi_head.bbox_head.fc_ins.0.bias: copying a param with shape torch.Size([81]) from checkpoint, the shape in current model is torch.Size([7]).
size mismatch for roi_head.bbox_head.fc_ins.1.weight: copying a param with shape torch.Size([80, 1024]) from checkpoint, the shape in current model is torch.Size([6, 1024]).
size mismatch for roi_head.bbox_head.fc_ins.1.bias: copying a param with shape torch.Size([80]) from checkpoint, the shape in current model is torch.Size([6]).
2024-10-13 14:02:31,880 - mmdet - INFO - Start running, host: lxz@user-SYS-4029GP-TRT2, work_dir: /home/lxz/P2BNet/TOV_mmdetection_cache/work_dir/coco
2024-10-13 14:02:31,880 - mmdet - INFO - workflow: [('train', 1)], max: 12 epochs
2024-10-13 14:03:19,632 - mmdet - INFO - Epoch [1][50/300]	lr: 2.967e-04, eta: 0:56:30, time: 0.955, data_time: 0.060, memory: 9693, stage0_loss_instance_mil: 0.4802, stage0_bag_acc: 57.8268, stage0_mean_ious: 0.1057, stage0_s: 0.0000, stage0_m: 0.0175, stage0_l: 0.0933, stage0_h: 0.0976, stage1_loss_instance_mil: 0.3319, stage1_bag_acc: 47.7168, stage1_neg_loss: 0.0488, stage1_mean_ious: 0.1062, stage1_s: 0.0000, stage1_m: 0.0198, stage1_l: 0.1018, stage1_h: 0.0954, loss: 0.8609, grad_norm: 12.5025
2024-10-13 14:04:02,299 - mmdet - INFO - Epoch [1][100/300]	lr: 5.964e-04, eta: 0:52:44, time: 0.853, data_time: 0.013, memory: 9693, stage0_loss_instance_mil: 0.5799, stage0_bag_acc: 40.7318, stage0_mean_ious: 0.1034, stage0_s: 0.0000, stage0_m: 0.0053, stage0_l: 0.0826, stage0_h: 0.0990, stage1_loss_instance_mil: 0.2602, stage1_bag_acc: 34.1048, stage1_neg_loss: 0.0319, stage1_mean_ious: 0.1014, stage1_s: 0.0000, stage1_m: 0.0045, stage1_l: 0.0868, stage1_h: 0.0960, loss: 0.8720, grad_norm: 7.9790
2024-10-13 14:04:44,790 - mmdet - INFO - Epoch [1][150/300]	lr: 8.961e-04, eta: 0:50:56, time: 0.850, data_time: 0.013, memory: 9693, stage0_loss_instance_mil: 0.6032, stage0_bag_acc: 31.7638, stage0_mean_ious: 0.0824, stage0_s: 0.0000, stage0_m: 0.0165, stage0_l: 0.0849, stage0_h: 0.0750, stage1_loss_instance_mil: 0.2354, stage1_bag_acc: 33.1631, stage1_neg_loss: 0.0271, stage1_mean_ious: 0.0757, stage1_s: 0.0000, stage1_m: 0.0180, stage1_l: 0.0755, stage1_h: 0.0691, loss: 0.8657, grad_norm: 5.3847
2024-10-13 14:05:29,583 - mmdet - INFO - Epoch [1][200/300]	lr: 1.196e-03, eta: 0:50:20, time: 0.896, data_time: 0.014, memory: 9693, stage0_loss_instance_mil: 0.6275, stage0_bag_acc: 26.4439, stage0_mean_ious: 0.1212, stage0_s: 0.0000, stage0_m: 0.0063, stage0_l: 0.0797, stage0_h: 0.1232, stage1_loss_instance_mil: 0.1978, stage1_bag_acc: 34.1981, stage1_neg_loss: 0.0125, stage1_mean_ious: 0.1133, stage1_s: 0.0000, stage1_m: 0.0057, stage1_l: 0.0819, stage1_h: 0.1126, loss: 0.8378, grad_norm: 2.3105
2024-10-13 14:06:14,098 - mmdet - INFO - Epoch [1][250/300]	lr: 1.496e-03, eta: 0:49:37, time: 0.890, data_time: 0.013, memory: 9693, stage0_loss_instance_mil: 0.6186, stage0_bag_acc: 24.0071, stage0_mean_ious: 0.0989, stage0_s: 0.0000, stage0_m: 0.0269, stage0_l: 0.0832, stage0_h: 0.0908, stage1_loss_instance_mil: 0.1784, stage1_bag_acc: 30.3440, stage1_neg_loss: 0.0161, stage1_mean_ious: 0.0957, stage1_s: 0.0000, stage1_m: 0.0247, stage1_l: 0.0852, stage1_h: 0.0869, loss: 0.8131, grad_norm: 1.6726
2024-10-13 14:06:58,103 - mmdet - INFO - Exp name: P2BNet_r50_fpn_1x_coco_ms.py
2024-10-13 14:06:58,103 - mmdet - INFO - Epoch [1][300/300]	lr: 1.795e-03, eta: 0:48:48, time: 0.880, data_time: 0.013, memory: 9699, stage0_loss_instance_mil: 0.6283, stage0_bag_acc: 21.9957, stage0_mean_ious: 0.0985, stage0_s: 0.0000, stage0_m: 0.0125, stage0_l: 0.0883, stage0_h: 0.0932, stage1_loss_instance_mil: 0.1708, stage1_bag_acc: 29.7233, stage1_neg_loss: 0.0169, stage1_mean_ious: 0.0969, stage1_s: 0.0000, stage1_m: 0.0146, stage1_l: 0.0958, stage1_h: 0.0883, loss: 0.8159, grad_norm: 1.6400
2024-10-13 14:06:58,184 - mmdet - INFO - Saving checkpoint at 1 epochs
2024-10-13 14:09:07,431 - mmdet - INFO - Evaluating bbox...
2024-10-13 14:09:08,237 - mmdet - INFO -  Average Precision  (AP) @[ IoU=0.50:0.95 | area=   all | maxDets=100 ] = 0.0309
2024-10-13 14:09:08,238 - mmdet - INFO -  Average Precision  (AP) @[ IoU=0.50      | area=   all | maxDets=1000 ] = 0.1437
2024-10-13 14:09:08,238 - mmdet - INFO -  Average Precision  (AP) @[ IoU=0.60      | area=   all | maxDets=1000 ] = 0.0437
2024-10-13 14:09:08,238 - mmdet - INFO -  Average Precision  (AP) @[ IoU=0.70      | area=   all | maxDets=1000 ] = 0.0064
2024-10-13 14:09:08,238 - mmdet - INFO -  Average Precision  (AP) @[ IoU=0.75      | area=   all | maxDets=1000 ] = 0.0025
2024-10-13 14:09:08,238 - mmdet - INFO -  Average Precision  (AP) @[ IoU=0.80      | area=   all | maxDets=1000 ] = 0.0005
2024-10-13 14:09:08,238 - mmdet - INFO -  Average Precision  (AP) @[ IoU=0.90      | area=   all | maxDets=1000 ] = 0.0000
2024-10-13 14:09:08,238 - mmdet - INFO -  Average Precision  (AP) @[ IoU=0.50:0.95 | area= small | maxDets=1000 ] = 0.0088
2024-10-13 14:09:08,239 - mmdet - INFO -  Average Precision  (AP) @[ IoU=0.50:0.95 | area=medium | maxDets=1000 ] = 0.0482
2024-10-13 14:09:08,239 - mmdet - INFO -  Average Precision  (AP) @[ IoU=0.50:0.95 | area= large | maxDets=1000 ] = 0.0356
2024-10-13 14:09:08,239 - mmdet - INFO -  Average Recall     (AR) @[ IoU=0.50:0.95 | area=   all | maxDets=100 ] = 0.0747
2024-10-13 14:09:08,239 - mmdet - INFO -  Average Recall     (AR) @[ IoU=0.50      | area=   all | maxDets=100 ] = 0.2497
2024-10-13 14:09:08,239 - mmdet - INFO -  Average Recall     (AR) @[ IoU=0.50:0.95 | area=   all | maxDets=300 ] = 0.0747
2024-10-13 14:09:08,239 - mmdet - INFO -  Average Recall     (AR) @[ IoU=0.50:0.95 | area=   all | maxDets=1000 ] = 0.0747
2024-10-13 14:09:08,239 - mmdet - INFO -  Average Recall     (AR) @[ IoU=0.50:0.95 | area= small | maxDets=1000 ] = 0.0773
2024-10-13 14:09:08,239 - mmdet - INFO -  Average Recall     (AR) @[ IoU=0.50:0.95 | area=medium | maxDets=1000 ] = 0.0827
2024-10-13 14:09:08,239 - mmdet - INFO -  Average Recall     (AR) @[ IoU=0.50:0.95 | area= large | maxDets=1000 ] = 0.1604
2024-10-13 14:09:08,253 - mmdet - INFO - Exp name: P2BNet_r50_fpn_1x_coco_ms.py
2024-10-13 14:09:08,254 - mmdet - INFO - Epoch(val) [1][300]	eval_iter_num: 720, bbox_mAP: 0.0310, bbox_mAP_50: 0.1440, bbox_mAP_75: 0.0440, bbox_mAP_s: 0.0060, bbox_mAP_m: 0.0020, bbox_mAP_l: 0.0010, bbox_mAP_copypaste: 0.031 0.144 0.044 0.006 0.002 0.001
2024-10-13 14:09:54,833 - mmdet - INFO - Epoch [2][50/300]	lr: 2.095e-03, eta: 0:48:24, time: 0.931, data_time: 0.059, memory: 9701, stage0_loss_instance_mil: 0.6564, stage0_bag_acc: 22.8354, stage0_mean_ious: 0.1106, stage0_s: 0.0000, stage0_m: 0.0105, stage0_l: 0.1116, stage0_h: 0.0981, stage1_loss_instance_mil: 0.1882, stage1_bag_acc: 28.3611, stage1_neg_loss: 0.0322, stage1_mean_ious: 0.1091, stage1_s: 0.0000, stage1_m: 0.0079, stage1_l: 0.1087, stage1_h: 0.0978, loss: 0.8768, grad_norm: 3.7739
2024-10-13 14:10:39,465 - mmdet - INFO - Epoch [2][100/300]	lr: 2.395e-03, eta: 0:47:39, time: 0.893, data_time: 0.013, memory: 9701, stage0_loss_instance_mil: 0.6301, stage0_bag_acc: 23.8897, stage0_mean_ious: 0.1226, stage0_s: 0.0000, stage0_m: 0.0130, stage0_l: 0.1159, stage0_h: 0.1177, stage1_loss_instance_mil: 0.1972, stage1_bag_acc: 24.7837, stage1_neg_loss: 0.0193, stage1_mean_ious: 0.1136, stage1_s: 0.0000, stage1_m: 0.0165, stage1_l: 0.1152, stage1_h: 0.1051, loss: 0.8465, grad_norm: 1.7931
2024-10-13 14:11:24,734 - mmdet - INFO - Epoch [2][150/300]	lr: 2.694e-03, eta: 0:46:58, time: 0.905, data_time: 0.013, memory: 9726, stage0_loss_instance_mil: 0.6326, stage0_bag_acc: 18.1073, stage0_mean_ious: 0.1211, stage0_s: 0.0000, stage0_m: 0.0118, stage0_l: 0.1008, stage0_h: 0.1167, stage1_loss_instance_mil: 0.1959, stage1_bag_acc: 25.6043, stage1_neg_loss: 0.0120, stage1_mean_ious: 0.1189, stage1_s: 0.0000, stage1_m: 0.0109, stage1_l: 0.1051, stage1_h: 0.1129, loss: 0.8406, grad_norm: 1.2489
2024-10-13 14:12:09,673 - mmdet - INFO - Epoch [2][200/300]	lr: 2.994e-03, eta: 0:46:15, time: 0.899, data_time: 0.013, memory: 9726, stage0_loss_instance_mil: 0.6377, stage0_bag_acc: 23.3424, stage0_mean_ious: 0.1110, stage0_s: 0.0000, stage0_m: 0.0228, stage0_l: 0.0999, stage0_h: 0.1041, stage1_loss_instance_mil: 0.1916, stage1_bag_acc: 20.4924, stage1_neg_loss: 0.0173, stage1_mean_ious: 0.1058, stage1_s: 0.0000, stage1_m: 0.0243, stage1_l: 0.1012, stage1_h: 0.0973, loss: 0.8465, grad_norm: 1.4750
2024-10-13 14:12:54,014 - mmdet - INFO - Epoch [2][250/300]	lr: 3.000e-03, eta: 0:45:28, time: 0.887, data_time: 0.013, memory: 9726, stage0_loss_instance_mil: 0.6438, stage0_bag_acc: 22.8405, stage0_mean_ious: 0.1411, stage0_s: 0.0000, stage0_m: 0.0046, stage0_l: 0.1018, stage0_h: 0.1415, stage1_loss_instance_mil: 0.1993, stage1_bag_acc: 14.8790, stage1_neg_loss: 0.0245, stage1_mean_ious: 0.1357, stage1_s: 0.0000, stage1_m: 0.0056, stage1_l: 0.1017, stage1_h: 0.1355, loss: 0.8676, grad_norm: 2.0104
2024-10-13 14:13:38,208 - mmdet - INFO - Exp name: P2BNet_r50_fpn_1x_coco_ms.py
2024-10-13 14:13:38,209 - mmdet - INFO - Epoch [2][300/300]	lr: 3.000e-03, eta: 0:44:40, time: 0.884, data_time: 0.013, memory: 9726, stage0_loss_instance_mil: 0.6634, stage0_bag_acc: 28.5301, stage0_mean_ious: 0.1278, stage0_s: 0.0000, stage0_m: 0.0208, stage0_l: 0.1124, stage0_h: 0.1243, stage1_loss_instance_mil: 0.2175, stage1_bag_acc: 16.3996, stage1_neg_loss: 0.0206, stage1_mean_ious: 0.1221, stage1_s: 0.0000, stage1_m: 0.0203, stage1_l: 0.1105, stage1_h: 0.1182, loss: 0.9015, grad_norm: 3.3541
2024-10-13 14:13:38,323 - mmdet - INFO - Saving checkpoint at 2 epochs
2024-10-13 14:15:46,628 - mmdet - INFO - Evaluating bbox...
2024-10-13 14:15:47,466 - mmdet - INFO -  Average Precision  (AP) @[ IoU=0.50:0.95 | area=   all | maxDets=100 ] = 0.0318
2024-10-13 14:15:47,466 - mmdet - INFO -  Average Precision  (AP) @[ IoU=0.50      | area=   all | maxDets=1000 ] = 0.1239
2024-10-13 14:15:47,467 - mmdet - INFO -  Average Precision  (AP) @[ IoU=0.60      | area=   all | maxDets=1000 ] = 0.0560
2024-10-13 14:15:47,467 - mmdet - INFO -  Average Precision  (AP) @[ IoU=0.70      | area=   all | maxDets=1000 ] = 0.0133
2024-10-13 14:15:47,467 - mmdet - INFO -  Average Precision  (AP) @[ IoU=0.75      | area=   all | maxDets=1000 ] = 0.0058
2024-10-13 14:15:47,467 - mmdet - INFO -  Average Precision  (AP) @[ IoU=0.80      | area=   all | maxDets=1000 ] = 0.0021
2024-10-13 14:15:47,467 - mmdet - INFO -  Average Precision  (AP) @[ IoU=0.90      | area=   all | maxDets=1000 ] = 0.0001
2024-10-13 14:15:47,467 - mmdet - INFO -  Average Precision  (AP) @[ IoU=0.50:0.95 | area= small | maxDets=1000 ] = 0.0647
2024-10-13 14:15:47,467 - mmdet - INFO -  Average Precision  (AP) @[ IoU=0.50:0.95 | area=medium | maxDets=1000 ] = 0.0347
2024-10-13 14:15:47,467 - mmdet - INFO -  Average Precision  (AP) @[ IoU=0.50:0.95 | area= large | maxDets=1000 ] = 0.0017
2024-10-13 14:15:47,467 - mmdet - INFO -  Average Recall     (AR) @[ IoU=0.50:0.95 | area=   all | maxDets=100 ] = 0.0730
2024-10-13 14:15:47,467 - mmdet - INFO -  Average Recall     (AR) @[ IoU=0.50      | area=   all | maxDets=100 ] = 0.2073
2024-10-13 14:15:47,467 - mmdet - INFO -  Average Recall     (AR) @[ IoU=0.50:0.95 | area=   all | maxDets=300 ] = 0.0730
2024-10-13 14:15:47,468 - mmdet - INFO -  Average Recall     (AR) @[ IoU=0.50:0.95 | area=   all | maxDets=1000 ] = 0.0730
2024-10-13 14:15:47,468 - mmdet - INFO -  Average Recall     (AR) @[ IoU=0.50:0.95 | area= small | maxDets=1000 ] = 0.1771
2024-10-13 14:15:47,468 - mmdet - INFO -  Average Recall     (AR) @[ IoU=0.50:0.95 | area=medium | maxDets=1000 ] = 0.0827
2024-10-13 14:15:47,468 - mmdet - INFO -  Average Recall     (AR) @[ IoU=0.50:0.95 | area= large | maxDets=1000 ] = 0.0015
2024-10-13 14:15:47,481 - mmdet - INFO - Exp name: P2BNet_r50_fpn_1x_coco_ms.py
2024-10-13 14:15:47,482 - mmdet - INFO - Epoch(val) [2][300]	eval_iter_num: 720, bbox_mAP: 0.0320, bbox_mAP_50: 0.1240, bbox_mAP_75: 0.0560, bbox_mAP_s: 0.0130, bbox_mAP_m: 0.0060, bbox_mAP_l: 0.0020, bbox_mAP_copypaste: 0.032 0.124 0.056 0.013 0.006 0.002
2024-10-13 14:16:34,780 - mmdet - INFO - Epoch [3][50/300]	lr: 3.000e-03, eta: 0:44:07, time: 0.946, data_time: 0.061, memory: 9726, stage0_loss_instance_mil: 0.6503, stage0_bag_acc: 23.4748, stage0_mean_ious: 0.1070, stage0_s: 0.0000, stage0_m: 0.0141, stage0_l: 0.0963, stage0_h: 0.0999, stage1_loss_instance_mil: 0.2091, stage1_bag_acc: 19.5182, stage1_neg_loss: 0.0217, stage1_mean_ious: 0.1060, stage1_s: 0.0000, stage1_m: 0.0133, stage1_l: 0.0972, stage1_h: 0.0995, loss: 0.8811, grad_norm: 2.1264
2024-10-13 14:17:19,014 - mmdet - INFO - Epoch [3][100/300]	lr: 3.000e-03, eta: 0:43:20, time: 0.885, data_time: 0.015, memory: 9726, stage0_loss_instance_mil: 0.6350, stage0_bag_acc: 22.6991, stage0_mean_ious: 0.1211, stage0_s: 0.0000, stage0_m: 0.0086, stage0_l: 0.0995, stage0_h: 0.1158, stage1_loss_instance_mil: 0.1829, stage1_bag_acc: 18.7748, stage1_neg_loss: 0.0116, stage1_mean_ious: 0.1237, stage1_s: 0.0000, stage1_m: 0.0120, stage1_l: 0.0937, stage1_h: 0.1197, loss: 0.8295, grad_norm: 0.9943
2024-10-13 14:18:03,538 - mmdet - INFO - Epoch [3][150/300]	lr: 3.000e-03, eta: 0:42:34, time: 0.890, data_time: 0.016, memory: 9726, stage0_loss_instance_mil: 0.6411, stage0_bag_acc: 15.8953, stage0_mean_ious: 0.1304, stage0_s: 0.0000, stage0_m: 0.0037, stage0_l: 0.0846, stage0_h: 0.1301, stage1_loss_instance_mil: 0.1716, stage1_bag_acc: 19.3367, stage1_neg_loss: 0.0124, stage1_mean_ious: 0.1262, stage1_s: 0.0000, stage1_m: 0.0041, stage1_l: 0.0901, stage1_h: 0.1242, loss: 0.8251, grad_norm: 0.7671
2024-10-13 14:18:47,131 - mmdet - INFO - Epoch [3][200/300]	lr: 3.000e-03, eta: 0:41:45, time: 0.872, data_time: 0.015, memory: 9726, stage0_loss_instance_mil: 0.6208, stage0_bag_acc: 21.2866, stage0_mean_ious: 0.1467, stage0_s: 0.0000, stage0_m: 0.0149, stage0_l: 0.1177, stage0_h: 0.1461, stage1_loss_instance_mil: 0.1844, stage1_bag_acc: 23.0664, stage1_neg_loss: 0.0137, stage1_mean_ious: 0.1467, stage1_s: 0.0000, stage1_m: 0.0149, stage1_l: 0.1243, stage1_h: 0.1446, loss: 0.8189, grad_norm: 0.9437
2024-10-13 14:19:32,752 - mmdet - INFO - Epoch [3][250/300]	lr: 3.000e-03, eta: 0:41:03, time: 0.912, data_time: 0.015, memory: 9726, stage0_loss_instance_mil: 0.6320, stage0_bag_acc: 30.6003, stage0_mean_ious: 0.1304, stage0_s: 0.0000, stage0_m: 0.0046, stage0_l: 0.1109, stage0_h: 0.1249, stage1_loss_instance_mil: 0.1777, stage1_bag_acc: 24.8205, stage1_neg_loss: 0.0193, stage1_mean_ious: 0.1319, stage1_s: 0.0000, stage1_m: 0.0048, stage1_l: 0.1150, stage1_h: 0.1252, loss: 0.8290, grad_norm: 1.1467
2024-10-13 14:20:18,402 - mmdet - INFO - Exp name: P2BNet_r50_fpn_1x_coco_ms.py
2024-10-13 14:20:18,402 - mmdet - INFO - Epoch [3][300/300]	lr: 3.000e-03, eta: 0:40:21, time: 0.913, data_time: 0.016, memory: 9726, stage0_loss_instance_mil: 0.6286, stage0_bag_acc: 25.4757, stage0_mean_ious: 0.1335, stage0_s: 0.0000, stage0_m: 0.0128, stage0_l: 0.1367, stage0_h: 0.1231, stage1_loss_instance_mil: 0.1629, stage1_bag_acc: 18.5948, stage1_neg_loss: 0.0138, stage1_mean_ious: 0.1291, stage1_s: 0.0000, stage1_m: 0.0134, stage1_l: 0.1418, stage1_h: 0.1166, loss: 0.8053, grad_norm: 0.8665
2024-10-13 14:20:18,518 - mmdet - INFO - Saving checkpoint at 3 epochs
2024-10-13 14:22:25,928 - mmdet - INFO - Evaluating bbox...
2024-10-13 14:22:26,744 - mmdet - INFO -  Average Precision  (AP) @[ IoU=0.50:0.95 | area=   all | maxDets=100 ] = 0.0109
2024-10-13 14:22:26,744 - mmdet - INFO -  Average Precision  (AP) @[ IoU=0.50      | area=   all | maxDets=1000 ] = 0.0384
2024-10-13 14:22:26,745 - mmdet - INFO -  Average Precision  (AP) @[ IoU=0.60      | area=   all | maxDets=1000 ] = 0.0168
2024-10-13 14:22:26,745 - mmdet - INFO -  Average Precision  (AP) @[ IoU=0.70      | area=   all | maxDets=1000 ] = 0.0086
2024-10-13 14:22:26,745 - mmdet - INFO -  Average Precision  (AP) @[ IoU=0.75      | area=   all | maxDets=1000 ] = 0.0054
2024-10-13 14:22:26,745 - mmdet - INFO -  Average Precision  (AP) @[ IoU=0.80      | area=   all | maxDets=1000 ] = 0.0022
2024-10-13 14:22:26,745 - mmdet - INFO -  Average Precision  (AP) @[ IoU=0.90      | area=   all | maxDets=1000 ] = 0.0000
2024-10-13 14:22:26,745 - mmdet - INFO -  Average Precision  (AP) @[ IoU=0.50:0.95 | area= small | maxDets=1000 ] = 0.1399
2024-10-13 14:22:26,745 - mmdet - INFO -  Average Precision  (AP) @[ IoU=0.50:0.95 | area=medium | maxDets=1000 ] = 0.0067
2024-10-13 14:22:26,745 - mmdet - INFO -  Average Precision  (AP) @[ IoU=0.50:0.95 | area= large | maxDets=1000 ] = 0.0000
2024-10-13 14:22:26,745 - mmdet - INFO -  Average Recall     (AR) @[ IoU=0.50:0.95 | area=   all | maxDets=100 ] = 0.0271
2024-10-13 14:22:26,746 - mmdet - INFO -  Average Recall     (AR) @[ IoU=0.50      | area=   all | maxDets=100 ] = 0.0917
2024-10-13 14:22:26,746 - mmdet - INFO -  Average Recall     (AR) @[ IoU=0.50:0.95 | area=   all | maxDets=300 ] = 0.0271
2024-10-13 14:22:26,746 - mmdet - INFO -  Average Recall     (AR) @[ IoU=0.50:0.95 | area=   all | maxDets=1000 ] = 0.0271
2024-10-13 14:22:26,746 - mmdet - INFO -  Average Recall     (AR) @[ IoU=0.50:0.95 | area= small | maxDets=1000 ] = 0.2778
2024-10-13 14:22:26,746 - mmdet - INFO -  Average Recall     (AR) @[ IoU=0.50:0.95 | area=medium | maxDets=1000 ] = 0.0218
2024-10-13 14:22:26,746 - mmdet - INFO -  Average Recall     (AR) @[ IoU=0.50:0.95 | area= large | maxDets=1000 ] = 0.0000
2024-10-13 14:22:26,760 - mmdet - INFO - Exp name: P2BNet_r50_fpn_1x_coco_ms.py
2024-10-13 14:22:26,760 - mmdet - INFO - Epoch(val) [3][300]	eval_iter_num: 720, bbox_mAP: 0.0110, bbox_mAP_50: 0.0380, bbox_mAP_75: 0.0170, bbox_mAP_s: 0.0090, bbox_mAP_m: 0.0050, bbox_mAP_l: 0.0020, bbox_mAP_copypaste: 0.011 0.038 0.017 0.009 0.005 0.002
2024-10-13 14:23:12,541 - mmdet - INFO - Epoch [4][50/300]	lr: 3.000e-03, eta: 0:39:38, time: 0.915, data_time: 0.059, memory: 9726, stage0_loss_instance_mil: 0.6201, stage0_bag_acc: 22.5297, stage0_mean_ious: 0.1291, stage0_s: 0.0015, stage0_m: 0.0202, stage0_l: 0.1471, stage0_h: 0.1142, stage1_loss_instance_mil: 0.1371, stage1_bag_acc: 14.8021, stage1_neg_loss: 0.0183, stage1_mean_ious: 0.1254, stage1_s: 0.0017, stage1_m: 0.0219, stage1_l: 0.1501, stage1_h: 0.1082, loss: 0.7756, grad_norm: 0.9962
2024-10-13 14:23:57,001 - mmdet - INFO - Exp name: P2BNet_r50_fpn_1x_coco_ms.py
2024-10-13 14:23:57,001 - mmdet - INFO - Epoch [4][100/300]	lr: 3.000e-03, eta: 0:38:52, time: 0.889, data_time: 0.013, memory: 9726, stage0_loss_instance_mil: 0.6258, stage0_bag_acc: 25.8927, stage0_mean_ious: 0.1289, stage0_s: 0.0000, stage0_m: 0.0195, stage0_l: 0.1054, stage0_h: 0.1218, stage1_loss_instance_mil: 0.1415, stage1_bag_acc: 24.8855, stage1_neg_loss: 0.0164, stage1_mean_ious: 0.1245, stage1_s: 0.0000, stage1_m: 0.0174, stage1_l: 0.1044, stage1_h: 0.1168, loss: 0.7837, grad_norm: 1.0946
2024-10-13 14:24:42,185 - mmdet - INFO - Epoch [4][150/300]	lr: 3.000e-03, eta: 0:38:08, time: 0.904, data_time: 0.013, memory: 9726, stage0_loss_instance_mil: 0.6307, stage0_bag_acc: 26.2839, stage0_mean_ious: 0.1121, stage0_s: 0.0000, stage0_m: 0.0123, stage0_l: 0.1065, stage0_h: 0.1075, stage1_loss_instance_mil: 0.1554, stage1_bag_acc: 20.6651, stage1_neg_loss: 0.0231, stage1_mean_ious: 0.1072, stage1_s: 0.0000, stage1_m: 0.0138, stage1_l: 0.1045, stage1_h: 0.1020, loss: 0.8091, grad_norm: 1.6112
2024-10-13 14:25:25,771 - mmdet - INFO - Epoch [4][200/300]	lr: 3.000e-03, eta: 0:37:21, time: 0.872, data_time: 0.013, memory: 9726, stage0_loss_instance_mil: 0.6281, stage0_bag_acc: 22.5812, stage0_mean_ious: 0.1066, stage0_s: 0.0000, stage0_m: 0.0229, stage0_l: 0.0732, stage0_h: 0.1026, stage1_loss_instance_mil: 0.1664, stage1_bag_acc: 23.5216, stage1_neg_loss: 0.0141, stage1_mean_ious: 0.1053, stage1_s: 0.0000, stage1_m: 0.0216, stage1_l: 0.0743, stage1_h: 0.1009, loss: 0.8086, grad_norm: 0.8696
2024-10-13 14:26:10,050 - mmdet - INFO - Epoch [4][250/300]	lr: 3.000e-03, eta: 0:36:35, time: 0.886, data_time: 0.013, memory: 9726, stage0_loss_instance_mil: 0.6175, stage0_bag_acc: 32.6760, stage0_mean_ious: 0.0977, stage0_s: 0.0000, stage0_m: 0.0169, stage0_l: 0.0802, stage0_h: 0.0938, stage1_loss_instance_mil: 0.1790, stage1_bag_acc: 31.0709, stage1_neg_loss: 0.0180, stage1_mean_ious: 0.0951, stage1_s: 0.0000, stage1_m: 0.0174, stage1_l: 0.0764, stage1_h: 0.0912, loss: 0.8145, grad_norm: 0.9939
2024-10-13 14:26:54,621 - mmdet - INFO - Exp name: P2BNet_r50_fpn_1x_coco_ms.py
2024-10-13 14:26:54,621 - mmdet - INFO - Epoch [4][300/300]	lr: 3.000e-03, eta: 0:35:49, time: 0.891, data_time: 0.013, memory: 9726, stage0_loss_instance_mil: 0.6215, stage0_bag_acc: 25.0239, stage0_mean_ious: 0.1144, stage0_s: 0.0000, stage0_m: 0.0135, stage0_l: 0.0938, stage0_h: 0.1107, stage1_loss_instance_mil: 0.1710, stage1_bag_acc: 21.6843, stage1_neg_loss: 0.0176, stage1_mean_ious: 0.1110, stage1_s: 0.0000, stage1_m: 0.0137, stage1_l: 0.1033, stage1_h: 0.1051, loss: 0.8101, grad_norm: 0.9769
2024-10-13 14:26:54,740 - mmdet - INFO - Saving checkpoint at 4 epochs
2024-10-13 14:29:02,469 - mmdet - INFO - Evaluating bbox...
2024-10-13 14:29:03,270 - mmdet - INFO -  Average Precision  (AP) @[ IoU=0.50:0.95 | area=   all | maxDets=100 ] = 0.0209
2024-10-13 14:29:03,270 - mmdet - INFO -  Average Precision  (AP) @[ IoU=0.50      | area=   all | maxDets=1000 ] = 0.0783
2024-10-13 14:29:03,271 - mmdet - INFO -  Average Precision  (AP) @[ IoU=0.60      | area=   all | maxDets=1000 ] = 0.0361
2024-10-13 14:29:03,271 - mmdet - INFO -  Average Precision  (AP) @[ IoU=0.70      | area=   all | maxDets=1000 ] = 0.0111
2024-10-13 14:29:03,271 - mmdet - INFO -  Average Precision  (AP) @[ IoU=0.75      | area=   all | maxDets=1000 ] = 0.0071
2024-10-13 14:29:03,271 - mmdet - INFO -  Average Precision  (AP) @[ IoU=0.80      | area=   all | maxDets=1000 ] = 0.0031
2024-10-13 14:29:03,271 - mmdet - INFO -  Average Precision  (AP) @[ IoU=0.90      | area=   all | maxDets=1000 ] = 0.0001
2024-10-13 14:29:03,271 - mmdet - INFO -  Average Precision  (AP) @[ IoU=0.50:0.95 | area= small | maxDets=1000 ] = 0.0329
2024-10-13 14:29:03,271 - mmdet - INFO -  Average Precision  (AP) @[ IoU=0.50:0.95 | area=medium | maxDets=1000 ] = 0.0277
2024-10-13 14:29:03,271 - mmdet - INFO -  Average Precision  (AP) @[ IoU=0.50:0.95 | area= large | maxDets=1000 ] = 0.0030
2024-10-13 14:29:03,271 - mmdet - INFO -  Average Recall     (AR) @[ IoU=0.50:0.95 | area=   all | maxDets=100 ] = 0.0593
2024-10-13 14:29:03,271 - mmdet - INFO -  Average Recall     (AR) @[ IoU=0.50      | area=   all | maxDets=100 ] = 0.1757
2024-10-13 14:29:03,271 - mmdet - INFO -  Average Recall     (AR) @[ IoU=0.50:0.95 | area=   all | maxDets=300 ] = 0.0593
2024-10-13 14:29:03,272 - mmdet - INFO -  Average Recall     (AR) @[ IoU=0.50:0.95 | area=   all | maxDets=1000 ] = 0.0593
2024-10-13 14:29:03,272 - mmdet - INFO -  Average Recall     (AR) @[ IoU=0.50:0.95 | area= small | maxDets=1000 ] = 0.0716
2024-10-13 14:29:03,272 - mmdet - INFO -  Average Recall     (AR) @[ IoU=0.50:0.95 | area=medium | maxDets=1000 ] = 0.0990
2024-10-13 14:29:03,272 - mmdet - INFO -  Average Recall     (AR) @[ IoU=0.50:0.95 | area= large | maxDets=1000 ] = 0.0024
2024-10-13 14:29:03,284 - mmdet - INFO - Exp name: P2BNet_r50_fpn_1x_coco_ms.py
2024-10-13 14:29:03,285 - mmdet - INFO - Epoch(val) [4][300]	eval_iter_num: 720, bbox_mAP: 0.0210, bbox_mAP_50: 0.0780, bbox_mAP_75: 0.0360, bbox_mAP_s: 0.0110, bbox_mAP_m: 0.0070, bbox_mAP_l: 0.0030, bbox_mAP_copypaste: 0.021 0.078 0.036 0.011 0.007 0.003
2024-10-13 14:29:48,772 - mmdet - INFO - Epoch [5][50/300]	lr: 3.000e-03, eta: 0:35:06, time: 0.910, data_time: 0.058, memory: 9726, stage0_loss_instance_mil: 0.6122, stage0_bag_acc: 29.1955, stage0_mean_ious: 0.1213, stage0_s: 0.0000, stage0_m: 0.0122, stage0_l: 0.0759, stage0_h: 0.1197, stage1_loss_instance_mil: 0.1750, stage1_bag_acc: 29.8423, stage1_neg_loss: 0.0182, stage1_mean_ious: 0.1177, stage1_s: 0.0000, stage1_m: 0.0108, stage1_l: 0.0825, stage1_h: 0.1145, loss: 0.8053, grad_norm: 0.9933
2024-10-13 14:30:33,129 - mmdet - INFO - Epoch [5][100/300]	lr: 3.000e-03, eta: 0:34:20, time: 0.887, data_time: 0.013, memory: 9726, stage0_loss_instance_mil: 0.6144, stage0_bag_acc: 23.1293, stage0_mean_ious: 0.1095, stage0_s: 0.0000, stage0_m: 0.0184, stage0_l: 0.0944, stage0_h: 0.1031, stage1_loss_instance_mil: 0.1687, stage1_bag_acc: 22.5116, stage1_neg_loss: 0.0161, stage1_mean_ious: 0.1037, stage1_s: 0.0000, stage1_m: 0.0196, stage1_l: 0.0934, stage1_h: 0.0966, loss: 0.7992, grad_norm: 0.7954
2024-10-13 14:31:15,955 - mmdet - INFO - Epoch [5][150/300]	lr: 3.000e-03, eta: 0:33:32, time: 0.857, data_time: 0.013, memory: 9726, stage0_loss_instance_mil: 0.6047, stage0_bag_acc: 28.4803, stage0_mean_ious: 0.1131, stage0_s: 0.0000, stage0_m: 0.0107, stage0_l: 0.0823, stage0_h: 0.1101, stage1_loss_instance_mil: 0.1891, stage1_bag_acc: 27.2712, stage1_neg_loss: 0.0168, stage1_mean_ious: 0.1080, stage1_s: 0.0000, stage1_m: 0.0099, stage1_l: 0.0792, stage1_h: 0.1053, loss: 0.8105, grad_norm: 0.9916
2024-10-13 14:32:00,754 - mmdet - INFO - Epoch [5][200/300]	lr: 3.000e-03, eta: 0:32:48, time: 0.896, data_time: 0.013, memory: 9726, stage0_loss_instance_mil: 0.5896, stage0_bag_acc: 32.5497, stage0_mean_ious: 0.0880, stage0_s: 0.0000, stage0_m: 0.0090, stage0_l: 0.0733, stage0_h: 0.0833, stage1_loss_instance_mil: 0.2163, stage1_bag_acc: 25.9954, stage1_neg_loss: 0.0226, stage1_mean_ious: 0.0843, stage1_s: 0.0000, stage1_m: 0.0081, stage1_l: 0.0725, stage1_h: 0.0797, loss: 0.8285, grad_norm: 1.6020
2024-10-13 14:32:44,125 - mmdet - INFO - Epoch [5][250/300]	lr: 3.000e-03, eta: 0:32:01, time: 0.867, data_time: 0.013, memory: 9726, stage0_loss_instance_mil: 0.6074, stage0_bag_acc: 36.2629, stage0_mean_ious: 0.0916, stage0_s: 0.0000, stage0_m: 0.0277, stage0_l: 0.0845, stage0_h: 0.0842, stage1_loss_instance_mil: 0.2082, stage1_bag_acc: 24.2916, stage1_neg_loss: 0.0134, stage1_mean_ious: 0.0910, stage1_s: 0.0000, stage1_m: 0.0269, stage1_l: 0.0828, stage1_h: 0.0843, loss: 0.8290, grad_norm: 1.1626
2024-10-13 14:33:29,620 - mmdet - INFO - Exp name: P2BNet_r50_fpn_1x_coco_ms.py
2024-10-13 14:33:29,620 - mmdet - INFO - Epoch [5][300/300]	lr: 3.000e-03, eta: 0:31:17, time: 0.910, data_time: 0.013, memory: 9726, stage0_loss_instance_mil: 0.6290, stage0_bag_acc: 25.4071, stage0_mean_ious: 0.1130, stage0_s: 0.0000, stage0_m: 0.0090, stage0_l: 0.0745, stage0_h: 0.1104, stage1_loss_instance_mil: 0.1755, stage1_bag_acc: 23.1772, stage1_neg_loss: 0.0143, stage1_mean_ious: 0.1127, stage1_s: 0.0000, stage1_m: 0.0099, stage1_l: 0.0761, stage1_h: 0.1098, loss: 0.8188, grad_norm: 0.9457
2024-10-13 14:33:29,726 - mmdet - INFO - Saving checkpoint at 5 epochs
2024-10-13 14:35:37,210 - mmdet - INFO - Evaluating bbox...
2024-10-13 14:35:38,011 - mmdet - INFO -  Average Precision  (AP) @[ IoU=0.50:0.95 | area=   all | maxDets=100 ] = 0.0477
2024-10-13 14:35:38,011 - mmdet - INFO -  Average Precision  (AP) @[ IoU=0.50      | area=   all | maxDets=1000 ] = 0.1553
2024-10-13 14:35:38,011 - mmdet - INFO -  Average Precision  (AP) @[ IoU=0.60      | area=   all | maxDets=1000 ] = 0.0765
2024-10-13 14:35:38,011 - mmdet - INFO -  Average Precision  (AP) @[ IoU=0.70      | area=   all | maxDets=1000 ] = 0.0364
2024-10-13 14:35:38,011 - mmdet - INFO -  Average Precision  (AP) @[ IoU=0.75      | area=   all | maxDets=1000 ] = 0.0237
2024-10-13 14:35:38,012 - mmdet - INFO -  Average Precision  (AP) @[ IoU=0.80      | area=   all | maxDets=1000 ] = 0.0125
2024-10-13 14:35:38,012 - mmdet - INFO -  Average Precision  (AP) @[ IoU=0.90      | area=   all | maxDets=1000 ] = 0.0022
2024-10-13 14:35:38,012 - mmdet - INFO -  Average Precision  (AP) @[ IoU=0.50:0.95 | area= small | maxDets=1000 ] = 0.0015
2024-10-13 14:35:38,012 - mmdet - INFO -  Average Precision  (AP) @[ IoU=0.50:0.95 | area=medium | maxDets=1000 ] = 0.0764
2024-10-13 14:35:38,012 - mmdet - INFO -  Average Precision  (AP) @[ IoU=0.50:0.95 | area= large | maxDets=1000 ] = 0.0028
2024-10-13 14:35:38,012 - mmdet - INFO -  Average Recall     (AR) @[ IoU=0.50:0.95 | area=   all | maxDets=100 ] = 0.1060
2024-10-13 14:35:38,012 - mmdet - INFO -  Average Recall     (AR) @[ IoU=0.50      | area=   all | maxDets=100 ] = 0.2735
2024-10-13 14:35:38,012 - mmdet - INFO -  Average Recall     (AR) @[ IoU=0.50:0.95 | area=   all | maxDets=300 ] = 0.1060
2024-10-13 14:35:38,012 - mmdet - INFO -  Average Recall     (AR) @[ IoU=0.50:0.95 | area=   all | maxDets=1000 ] = 0.1060
2024-10-13 14:35:38,012 - mmdet - INFO -  Average Recall     (AR) @[ IoU=0.50:0.95 | area= small | maxDets=1000 ] = 0.0028
2024-10-13 14:35:38,012 - mmdet - INFO -  Average Recall     (AR) @[ IoU=0.50:0.95 | area=medium | maxDets=1000 ] = 0.1740
2024-10-13 14:35:38,013 - mmdet - INFO -  Average Recall     (AR) @[ IoU=0.50:0.95 | area= large | maxDets=1000 ] = 0.0023
2024-10-13 14:35:38,025 - mmdet - INFO - Exp name: P2BNet_r50_fpn_1x_coco_ms.py
2024-10-13 14:35:38,025 - mmdet - INFO - Epoch(val) [5][300]	eval_iter_num: 720, bbox_mAP: 0.0480, bbox_mAP_50: 0.1550, bbox_mAP_75: 0.0770, bbox_mAP_s: 0.0360, bbox_mAP_m: 0.0240, bbox_mAP_l: 0.0120, bbox_mAP_copypaste: 0.048 0.155 0.077 0.036 0.024 0.012
2024-10-13 14:36:25,098 - mmdet - INFO - Epoch [6][50/300]	lr: 3.000e-03, eta: 0:30:36, time: 0.941, data_time: 0.059, memory: 9729, stage0_loss_instance_mil: 0.5904, stage0_bag_acc: 34.7399, stage0_mean_ious: 0.1018, stage0_s: 0.0000, stage0_m: 0.0228, stage0_l: 0.0813, stage0_h: 0.0954, stage1_loss_instance_mil: 0.2022, stage1_bag_acc: 25.6891, stage1_neg_loss: 0.0182, stage1_mean_ious: 0.0987, stage1_s: 0.0000, stage1_m: 0.0215, stage1_l: 0.0767, stage1_h: 0.0925, loss: 0.8109, grad_norm: 1.1964
2024-10-13 14:37:08,515 - mmdet - INFO - Epoch [6][100/300]	lr: 3.000e-03, eta: 0:29:49, time: 0.868, data_time: 0.012, memory: 9729, stage0_loss_instance_mil: 0.5839, stage0_bag_acc: 34.9962, stage0_mean_ious: 0.1121, stage0_s: 0.0000, stage0_m: 0.0126, stage0_l: 0.0654, stage0_h: 0.1101, stage1_loss_instance_mil: 0.2215, stage1_bag_acc: 30.0497, stage1_neg_loss: 0.0221, stage1_mean_ious: 0.1094, stage1_s: 0.0000, stage1_m: 0.0111, stage1_l: 0.0588, stage1_h: 0.1087, loss: 0.8275, grad_norm: 1.6929
2024-10-13 14:37:53,389 - mmdet - INFO - Epoch [6][150/300]	lr: 3.000e-03, eta: 0:29:05, time: 0.897, data_time: 0.013, memory: 9729, stage0_loss_instance_mil: 0.5779, stage0_bag_acc: 37.5514, stage0_mean_ious: 0.1037, stage0_s: 0.0000, stage0_m: 0.0191, stage0_l: 0.0894, stage0_h: 0.0995, stage1_loss_instance_mil: 0.2077, stage1_bag_acc: 32.5911, stage1_neg_loss: 0.0202, stage1_mean_ious: 0.1017, stage1_s: 0.0000, stage1_m: 0.0157, stage1_l: 0.0912, stage1_h: 0.0977, loss: 0.8058, grad_norm: 1.2289
2024-10-13 14:38:37,936 - mmdet - INFO - Epoch [6][200/300]	lr: 3.000e-03, eta: 0:28:20, time: 0.891, data_time: 0.013, memory: 9729, stage0_loss_instance_mil: 0.5548, stage0_bag_acc: 40.8058, stage0_mean_ious: 0.1012, stage0_s: 0.0000, stage0_m: 0.0050, stage0_l: 0.0970, stage0_h: 0.0950, stage1_loss_instance_mil: 0.2428, stage1_bag_acc: 42.5936, stage1_neg_loss: 0.0305, stage1_mean_ious: 0.0950, stage1_s: 0.0000, stage1_m: 0.0042, stage1_l: 0.0876, stage1_h: 0.0902, loss: 0.8281, grad_norm: 1.8348
2024-10-13 14:39:21,658 - mmdet - INFO - Epoch [6][250/300]	lr: 3.000e-03, eta: 0:27:34, time: 0.874, data_time: 0.013, memory: 9729, stage0_loss_instance_mil: 0.5735, stage0_bag_acc: 35.5326, stage0_mean_ious: 0.0815, stage0_s: 0.0000, stage0_m: 0.0223, stage0_l: 0.1098, stage0_h: 0.0669, stage1_loss_instance_mil: 0.2218, stage1_bag_acc: 28.0741, stage1_neg_loss: 0.0190, stage1_mean_ious: 0.0762, stage1_s: 0.0000, stage1_m: 0.0193, stage1_l: 0.0983, stage1_h: 0.0640, loss: 0.8143, grad_norm: 1.5575
2024-10-13 14:40:07,097 - mmdet - INFO - Exp name: P2BNet_r50_fpn_1x_coco_ms.py
2024-10-13 14:40:07,097 - mmdet - INFO - Epoch [6][300/300]	lr: 3.000e-03, eta: 0:26:50, time: 0.909, data_time: 0.014, memory: 9729, stage0_loss_instance_mil: 0.5809, stage0_bag_acc: 35.7473, stage0_mean_ious: 0.0952, stage0_s: 0.0000, stage0_m: 0.0046, stage0_l: 0.0667, stage0_h: 0.0939, stage1_loss_instance_mil: 0.2125, stage1_bag_acc: 30.3304, stage1_neg_loss: 0.0158, stage1_mean_ious: 0.0924, stage1_s: 0.0000, stage1_m: 0.0043, stage1_l: 0.0654, stage1_h: 0.0909, loss: 0.8092, grad_norm: 1.2181
2024-10-13 14:40:07,200 - mmdet - INFO - Saving checkpoint at 6 epochs
2024-10-13 14:42:17,397 - mmdet - INFO - Evaluating bbox...
2024-10-13 14:42:18,238 - mmdet - INFO -  Average Precision  (AP) @[ IoU=0.50:0.95 | area=   all | maxDets=100 ] = 0.0019
2024-10-13 14:42:18,238 - mmdet - INFO -  Average Precision  (AP) @[ IoU=0.50      | area=   all | maxDets=1000 ] = 0.0068
2024-10-13 14:42:18,239 - mmdet - INFO -  Average Precision  (AP) @[ IoU=0.60      | area=   all | maxDets=1000 ] = 0.0030
2024-10-13 14:42:18,239 - mmdet - INFO -  Average Precision  (AP) @[ IoU=0.70      | area=   all | maxDets=1000 ] = 0.0009
2024-10-13 14:42:18,239 - mmdet - INFO -  Average Precision  (AP) @[ IoU=0.75      | area=   all | maxDets=1000 ] = 0.0008
2024-10-13 14:42:18,239 - mmdet - INFO -  Average Precision  (AP) @[ IoU=0.80      | area=   all | maxDets=1000 ] = 0.0006
2024-10-13 14:42:18,239 - mmdet - INFO -  Average Precision  (AP) @[ IoU=0.90      | area=   all | maxDets=1000 ] = 0.0001
2024-10-13 14:42:18,239 - mmdet - INFO -  Average Precision  (AP) @[ IoU=0.50:0.95 | area= small | maxDets=1000 ] = 0.0013
2024-10-13 14:42:18,239 - mmdet - INFO -  Average Precision  (AP) @[ IoU=0.50:0.95 | area=medium | maxDets=1000 ] = 0.0066
2024-10-13 14:42:18,239 - mmdet - INFO -  Average Precision  (AP) @[ IoU=0.50:0.95 | area= large | maxDets=1000 ] = 0.0000
2024-10-13 14:42:18,239 - mmdet - INFO -  Average Recall     (AR) @[ IoU=0.50:0.95 | area=   all | maxDets=100 ] = 0.0122
2024-10-13 14:42:18,239 - mmdet - INFO -  Average Recall     (AR) @[ IoU=0.50      | area=   all | maxDets=100 ] = 0.0380
2024-10-13 14:42:18,240 - mmdet - INFO -  Average Recall     (AR) @[ IoU=0.50:0.95 | area=   all | maxDets=300 ] = 0.0122
2024-10-13 14:42:18,240 - mmdet - INFO -  Average Recall     (AR) @[ IoU=0.50:0.95 | area=   all | maxDets=1000 ] = 0.0122
2024-10-13 14:42:18,240 - mmdet - INFO -  Average Recall     (AR) @[ IoU=0.50:0.95 | area= small | maxDets=1000 ] = 0.0033
2024-10-13 14:42:18,240 - mmdet - INFO -  Average Recall     (AR) @[ IoU=0.50:0.95 | area=medium | maxDets=1000 ] = 0.0420
2024-10-13 14:42:18,240 - mmdet - INFO -  Average Recall     (AR) @[ IoU=0.50:0.95 | area= large | maxDets=1000 ] = 0.0000
2024-10-13 14:42:18,256 - mmdet - INFO - Exp name: P2BNet_r50_fpn_1x_coco_ms.py
2024-10-13 14:42:18,256 - mmdet - INFO - Epoch(val) [6][300]	eval_iter_num: 720, bbox_mAP: 0.0020, bbox_mAP_50: 0.0070, bbox_mAP_75: 0.0030, bbox_mAP_s: 0.0010, bbox_mAP_m: 0.0010, bbox_mAP_l: 0.0010, bbox_mAP_copypaste: 0.002 0.007 0.003 0.001 0.001 0.001
2024-10-13 14:43:04,578 - mmdet - INFO - Epoch [7][50/300]	lr: 3.000e-03, eta: 0:26:07, time: 0.926, data_time: 0.060, memory: 9729, stage0_loss_instance_mil: 0.5795, stage0_bag_acc: 32.8737, stage0_mean_ious: 0.0962, stage0_s: 0.0000, stage0_m: 0.0050, stage0_l: 0.0694, stage0_h: 0.0934, stage1_loss_instance_mil: 0.2008, stage1_bag_acc: 29.7540, stage1_neg_loss: 0.0179, stage1_mean_ious: 0.0936, stage1_s: 0.0000, stage1_m: 0.0058, stage1_l: 0.0666, stage1_h: 0.0912, loss: 0.7982, grad_norm: 1.6055
2024-10-13 14:43:50,584 - mmdet - INFO - Epoch [7][100/300]	lr: 3.000e-03, eta: 0:25:23, time: 0.920, data_time: 0.015, memory: 9729, stage0_loss_instance_mil: 0.5365, stage0_bag_acc: 39.9571, stage0_mean_ious: 0.1058, stage0_s: 0.0000, stage0_m: 0.0306, stage0_l: 0.0942, stage0_h: 0.0987, stage1_loss_instance_mil: 0.2112, stage1_bag_acc: 37.5187, stage1_neg_loss: 0.0289, stage1_mean_ious: 0.1045, stage1_s: 0.0000, stage1_m: 0.0284, stage1_l: 0.0924, stage1_h: 0.0975, loss: 0.7766, grad_norm: 1.6790
2024-10-13 14:44:36,015 - mmdet - INFO - Epoch [7][150/300]	lr: 3.000e-03, eta: 0:24:39, time: 0.909, data_time: 0.014, memory: 9729, stage0_loss_instance_mil: 0.5333, stage0_bag_acc: 39.8376, stage0_mean_ious: 0.0923, stage0_s: 0.0000, stage0_m: 0.0312, stage0_l: 0.0941, stage0_h: 0.0845, stage1_loss_instance_mil: 0.2168, stage1_bag_acc: 34.3690, stage1_neg_loss: 0.0262, stage1_mean_ious: 0.0893, stage1_s: 0.0000, stage1_m: 0.0289, stage1_l: 0.0895, stage1_h: 0.0822, loss: 0.7763, grad_norm: 1.7902
2024-10-13 14:45:20,057 - mmdet - INFO - Exp name: P2BNet_r50_fpn_1x_coco_ms.py
2024-10-13 14:45:20,057 - mmdet - INFO - Epoch [7][200/300]	lr: 3.000e-03, eta: 0:23:53, time: 0.881, data_time: 0.012, memory: 9729, stage0_loss_instance_mil: 0.5203, stage0_bag_acc: 44.6171, stage0_mean_ious: 0.0876, stage0_s: 0.0000, stage0_m: 0.0098, stage0_l: 0.1031, stage0_h: 0.0759, stage1_loss_instance_mil: 0.2173, stage1_bag_acc: 44.2834, stage1_neg_loss: 0.0264, stage1_mean_ious: 0.0846, stage1_s: 0.0000, stage1_m: 0.0080, stage1_l: 0.0981, stage1_h: 0.0739, loss: 0.7640, grad_norm: 1.7892
2024-10-13 14:46:04,183 - mmdet - INFO - Epoch [7][250/300]	lr: 3.000e-03, eta: 0:23:08, time: 0.883, data_time: 0.012, memory: 9729, stage0_loss_instance_mil: 0.5209, stage0_bag_acc: 41.6545, stage0_mean_ious: 0.1072, stage0_s: 0.0000, stage0_m: 0.0106, stage0_l: 0.0679, stage0_h: 0.1026, stage1_loss_instance_mil: 0.2343, stage1_bag_acc: 37.5274, stage1_neg_loss: 0.0300, stage1_mean_ious: 0.1055, stage1_s: 0.0000, stage1_m: 0.0105, stage1_l: 0.0648, stage1_h: 0.1017, loss: 0.7852, grad_norm: 2.1709
2024-10-13 14:46:48,778 - mmdet - INFO - Exp name: P2BNet_r50_fpn_1x_coco_ms.py
2024-10-13 14:46:48,778 - mmdet - INFO - Epoch [7][300/300]	lr: 3.000e-03, eta: 0:22:23, time: 0.892, data_time: 0.013, memory: 9729, stage0_loss_instance_mil: 0.4766, stage0_bag_acc: 47.5776, stage0_mean_ious: 0.0591, stage0_s: 0.0000, stage0_m: 0.0274, stage0_l: 0.0780, stage0_h: 0.0479, stage1_loss_instance_mil: 0.2525, stage1_bag_acc: 41.5754, stage1_neg_loss: 0.0310, stage1_mean_ious: 0.0551, stage1_s: 0.0000, stage1_m: 0.0232, stage1_l: 0.0727, stage1_h: 0.0453, loss: 0.7601, grad_norm: 2.0287
2024-10-13 14:46:48,878 - mmdet - INFO - Saving checkpoint at 7 epochs
2024-10-13 14:48:57,303 - mmdet - INFO - Evaluating bbox...
2024-10-13 14:48:58,114 - mmdet - INFO -  Average Precision  (AP) @[ IoU=0.50:0.95 | area=   all | maxDets=100 ] = 0.0020
2024-10-13 14:48:58,114 - mmdet - INFO -  Average Precision  (AP) @[ IoU=0.50      | area=   all | maxDets=1000 ] = 0.0054
2024-10-13 14:48:58,114 - mmdet - INFO -  Average Precision  (AP) @[ IoU=0.60      | area=   all | maxDets=1000 ] = 0.0043
2024-10-13 14:48:58,114 - mmdet - INFO -  Average Precision  (AP) @[ IoU=0.70      | area=   all | maxDets=1000 ] = 0.0013
2024-10-13 14:48:58,115 - mmdet - INFO -  Average Precision  (AP) @[ IoU=0.75      | area=   all | maxDets=1000 ] = 0.0009
2024-10-13 14:48:58,115 - mmdet - INFO -  Average Precision  (AP) @[ IoU=0.80      | area=   all | maxDets=1000 ] = 0.0000
2024-10-13 14:48:58,115 - mmdet - INFO -  Average Precision  (AP) @[ IoU=0.90      | area=   all | maxDets=1000 ] = 0.0000
2024-10-13 14:48:58,115 - mmdet - INFO -  Average Precision  (AP) @[ IoU=0.50:0.95 | area= small | maxDets=1000 ] = 0.0031
2024-10-13 14:48:58,115 - mmdet - INFO -  Average Precision  (AP) @[ IoU=0.50:0.95 | area=medium | maxDets=1000 ] = 0.0023
2024-10-13 14:48:58,115 - mmdet - INFO -  Average Precision  (AP) @[ IoU=0.50:0.95 | area= large | maxDets=1000 ] = 0.0000
2024-10-13 14:48:58,115 - mmdet - INFO -  Average Recall     (AR) @[ IoU=0.50:0.95 | area=   all | maxDets=100 ] = 0.0047
2024-10-13 14:48:58,115 - mmdet - INFO -  Average Recall     (AR) @[ IoU=0.50      | area=   all | maxDets=100 ] = 0.0132
2024-10-13 14:48:58,115 - mmdet - INFO -  Average Recall     (AR) @[ IoU=0.50:0.95 | area=   all | maxDets=300 ] = 0.0047
2024-10-13 14:48:58,115 - mmdet - INFO -  Average Recall     (AR) @[ IoU=0.50:0.95 | area=   all | maxDets=1000 ] = 0.0047
2024-10-13 14:48:58,116 - mmdet - INFO -  Average Recall     (AR) @[ IoU=0.50:0.95 | area= small | maxDets=1000 ] = 0.0107
2024-10-13 14:48:58,116 - mmdet - INFO -  Average Recall     (AR) @[ IoU=0.50:0.95 | area=medium | maxDets=1000 ] = 0.0037
2024-10-13 14:48:58,116 - mmdet - INFO -  Average Recall     (AR) @[ IoU=0.50:0.95 | area= large | maxDets=1000 ] = 0.0000
2024-10-13 14:48:58,133 - mmdet - INFO - Exp name: P2BNet_r50_fpn_1x_coco_ms.py
2024-10-13 14:48:58,133 - mmdet - INFO - Epoch(val) [7][300]	eval_iter_num: 720, bbox_mAP: 0.0020, bbox_mAP_50: 0.0050, bbox_mAP_75: 0.0040, bbox_mAP_s: 0.0010, bbox_mAP_m: 0.0010, bbox_mAP_l: 0.0000, bbox_mAP_copypaste: 0.002 0.005 0.004 0.001 0.001 0.000
2024-10-13 14:49:44,529 - mmdet - INFO - Epoch [8][50/300]	lr: 3.000e-03, eta: 0:21:39, time: 0.928, data_time: 0.056, memory: 9729, stage0_loss_instance_mil: 0.5075, stage0_bag_acc: 44.1818, stage0_mean_ious: 0.0609, stage0_s: 0.0000, stage0_m: 0.0106, stage0_l: 0.1036, stage0_h: 0.0426, stage1_loss_instance_mil: 0.2226, stage1_bag_acc: 50.7401, stage1_neg_loss: 0.0316, stage1_mean_ious: 0.0549, stage1_s: 0.0000, stage1_m: 0.0087, stage1_l: 0.0957, stage1_h: 0.0383, loss: 0.7616, grad_norm: 2.2613
2024-10-13 14:50:27,750 - mmdet - INFO - Epoch [8][100/300]	lr: 3.000e-03, eta: 0:20:53, time: 0.864, data_time: 0.012, memory: 9729, stage0_loss_instance_mil: 0.4700, stage0_bag_acc: 45.8824, stage0_mean_ious: 0.0667, stage0_s: 0.0000, stage0_m: 0.0058, stage0_l: 0.0776, stage0_h: 0.0576, stage1_loss_instance_mil: 0.2356, stage1_bag_acc: 44.6102, stage1_neg_loss: 0.0381, stage1_mean_ious: 0.0625, stage1_s: 0.0000, stage1_m: 0.0053, stage1_l: 0.0726, stage1_h: 0.0549, loss: 0.7437, grad_norm: 1.8012
2024-10-13 14:51:12,043 - mmdet - INFO - Epoch [8][150/300]	lr: 3.000e-03, eta: 0:20:08, time: 0.886, data_time: 0.013, memory: 9729, stage0_loss_instance_mil: 0.4837, stage0_bag_acc: 45.0686, stage0_mean_ious: 0.0568, stage0_s: 0.0000, stage0_m: 0.0338, stage0_l: 0.0892, stage0_h: 0.0381, stage1_loss_instance_mil: 0.2207, stage1_bag_acc: 47.8319, stage1_neg_loss: 0.0337, stage1_mean_ious: 0.0509, stage1_s: 0.0000, stage1_m: 0.0298, stage1_l: 0.0787, stage1_h: 0.0348, loss: 0.7381, grad_norm: 1.9931
2024-10-13 14:51:56,700 - mmdet - INFO - Epoch [8][200/300]	lr: 3.000e-03, eta: 0:19:23, time: 0.893, data_time: 0.013, memory: 9729, stage0_loss_instance_mil: 0.4955, stage0_bag_acc: 45.1406, stage0_mean_ious: 0.0557, stage0_s: 0.0000, stage0_m: 0.0154, stage0_l: 0.0734, stage0_h: 0.0435, stage1_loss_instance_mil: 0.2006, stage1_bag_acc: 47.5049, stage1_neg_loss: 0.0353, stage1_mean_ious: 0.0538, stage1_s: 0.0000, stage1_m: 0.0153, stage1_l: 0.0690, stage1_h: 0.0418, loss: 0.7314, grad_norm: 1.8494
2024-10-13 14:52:40,242 - mmdet - INFO - Epoch [8][250/300]	lr: 3.000e-03, eta: 0:18:38, time: 0.871, data_time: 0.012, memory: 9729, stage0_loss_instance_mil: 0.4723, stage0_bag_acc: 43.7579, stage0_mean_ious: 0.0578, stage0_s: 0.0000, stage0_m: 0.0260, stage0_l: 0.1020, stage0_h: 0.0411, stage1_loss_instance_mil: 0.2245, stage1_bag_acc: 44.5487, stage1_neg_loss: 0.0396, stage1_mean_ious: 0.0538, stage1_s: 0.0000, stage1_m: 0.0288, stage1_l: 0.0888, stage1_h: 0.0388, loss: 0.7364, grad_norm: 1.8906
2024-10-13 14:53:24,018 - mmdet - INFO - Exp name: P2BNet_r50_fpn_1x_coco_ms.py
2024-10-13 14:53:24,019 - mmdet - INFO - Epoch [8][300/300]	lr: 3.000e-03, eta: 0:17:53, time: 0.876, data_time: 0.012, memory: 9729, stage0_loss_instance_mil: 0.4509, stage0_bag_acc: 53.1885, stage0_mean_ious: 0.0548, stage0_s: 0.0000, stage0_m: 0.0317, stage0_l: 0.0813, stage0_h: 0.0416, stage1_loss_instance_mil: 0.2707, stage1_bag_acc: 50.7410, stage1_neg_loss: 0.0373, stage1_mean_ious: 0.0508, stage1_s: 0.0000, stage1_m: 0.0300, stage1_l: 0.0729, stage1_h: 0.0391, loss: 0.7589, grad_norm: 2.1804
2024-10-13 14:53:24,140 - mmdet - INFO - Saving checkpoint at 8 epochs
2024-10-13 14:55:32,828 - mmdet - INFO - Evaluating bbox...
2024-10-13 14:55:33,640 - mmdet - INFO -  Average Precision  (AP) @[ IoU=0.50:0.95 | area=   all | maxDets=100 ] = 0.0003
2024-10-13 14:55:33,640 - mmdet - INFO -  Average Precision  (AP) @[ IoU=0.50      | area=   all | maxDets=1000 ] = 0.0009
2024-10-13 14:55:33,640 - mmdet - INFO -  Average Precision  (AP) @[ IoU=0.60      | area=   all | maxDets=1000 ] = 0.0007
2024-10-13 14:55:33,641 - mmdet - INFO -  Average Precision  (AP) @[ IoU=0.70      | area=   all | maxDets=1000 ] = 0.0001
2024-10-13 14:55:33,641 - mmdet - INFO -  Average Precision  (AP) @[ IoU=0.75      | area=   all | maxDets=1000 ] = 0.0001
2024-10-13 14:55:33,641 - mmdet - INFO -  Average Precision  (AP) @[ IoU=0.80      | area=   all | maxDets=1000 ] = 0.0000
2024-10-13 14:55:33,641 - mmdet - INFO -  Average Precision  (AP) @[ IoU=0.90      | area=   all | maxDets=1000 ] = 0.0000
2024-10-13 14:55:33,641 - mmdet - INFO -  Average Precision  (AP) @[ IoU=0.50:0.95 | area= small | maxDets=1000 ] = 0.0008
2024-10-13 14:55:33,641 - mmdet - INFO -  Average Precision  (AP) @[ IoU=0.50:0.95 | area=medium | maxDets=1000 ] = 0.0000
2024-10-13 14:55:33,641 - mmdet - INFO -  Average Precision  (AP) @[ IoU=0.50:0.95 | area= large | maxDets=1000 ] = 0.0000
2024-10-13 14:55:33,641 - mmdet - INFO -  Average Recall     (AR) @[ IoU=0.50:0.95 | area=   all | maxDets=100 ] = 0.0010
2024-10-13 14:55:33,641 - mmdet - INFO -  Average Recall     (AR) @[ IoU=0.50      | area=   all | maxDets=100 ] = 0.0037
2024-10-13 14:55:33,641 - mmdet - INFO -  Average Recall     (AR) @[ IoU=0.50:0.95 | area=   all | maxDets=300 ] = 0.0010
2024-10-13 14:55:33,642 - mmdet - INFO -  Average Recall     (AR) @[ IoU=0.50:0.95 | area=   all | maxDets=1000 ] = 0.0010
2024-10-13 14:55:33,642 - mmdet - INFO -  Average Recall     (AR) @[ IoU=0.50:0.95 | area= small | maxDets=1000 ] = 0.0108
2024-10-13 14:55:33,642 - mmdet - INFO -  Average Recall     (AR) @[ IoU=0.50:0.95 | area=medium | maxDets=1000 ] = 0.0000
2024-10-13 14:55:33,642 - mmdet - INFO -  Average Recall     (AR) @[ IoU=0.50:0.95 | area= large | maxDets=1000 ] = 0.0000
2024-10-13 14:55:33,656 - mmdet - INFO - Exp name: P2BNet_r50_fpn_1x_coco_ms.py
2024-10-13 14:55:33,656 - mmdet - INFO - Epoch(val) [8][300]	eval_iter_num: 720, bbox_mAP: 0.0000, bbox_mAP_50: 0.0010, bbox_mAP_75: 0.0010, bbox_mAP_s: 0.0000, bbox_mAP_m: 0.0000, bbox_mAP_l: 0.0000, bbox_mAP_copypaste: 0.000 0.001 0.001 0.000 0.000 0.000
2024-10-13 14:56:20,387 - mmdet - INFO - Epoch [9][50/300]	lr: 3.000e-04, eta: 0:17:09, time: 0.934, data_time: 0.058, memory: 9729, stage0_loss_instance_mil: 0.4546, stage0_bag_acc: 49.3819, stage0_mean_ious: 0.0537, stage0_s: 0.0000, stage0_m: 0.0244, stage0_l: 0.0821, stage0_h: 0.0360, stage1_loss_instance_mil: 0.2244, stage1_bag_acc: 47.1248, stage1_neg_loss: 0.0345, stage1_mean_ious: 0.0488, stage1_s: 0.0000, stage1_m: 0.0229, stage1_l: 0.0737, stage1_h: 0.0329, loss: 0.7136, grad_norm: 1.8069
2024-10-13 14:57:05,009 - mmdet - INFO - Epoch [9][100/300]	lr: 3.000e-04, eta: 0:16:24, time: 0.892, data_time: 0.013, memory: 9729, stage0_loss_instance_mil: 0.4555, stage0_bag_acc: 52.8797, stage0_mean_ious: 0.0539, stage0_s: 0.0000, stage0_m: 0.0228, stage0_l: 0.0839, stage0_h: 0.0418, stage1_loss_instance_mil: 0.2261, stage1_bag_acc: 53.9037, stage1_neg_loss: 0.0368, stage1_mean_ious: 0.0492, stage1_s: 0.0000, stage1_m: 0.0217, stage1_l: 0.0754, stage1_h: 0.0382, loss: 0.7184, grad_norm: 2.1081
2024-10-13 14:57:48,739 - mmdet - INFO - Epoch [9][150/300]	lr: 3.000e-04, eta: 0:15:39, time: 0.875, data_time: 0.012, memory: 9729, stage0_loss_instance_mil: 0.4226, stage0_bag_acc: 56.7189, stage0_mean_ious: 0.0580, stage0_s: 0.0000, stage0_m: 0.0364, stage0_l: 0.0781, stage0_h: 0.0437, stage1_loss_instance_mil: 0.2310, stage1_bag_acc: 56.7392, stage1_neg_loss: 0.0381, stage1_mean_ious: 0.0549, stage1_s: 0.0000, stage1_m: 0.0356, stage1_l: 0.0750, stage1_h: 0.0402, loss: 0.6917, grad_norm: 2.1230
2024-10-13 14:58:33,779 - mmdet - INFO - Epoch [9][200/300]	lr: 3.000e-04, eta: 0:14:54, time: 0.901, data_time: 0.012, memory: 9729, stage0_loss_instance_mil: 0.4288, stage0_bag_acc: 52.5033, stage0_mean_ious: 0.0531, stage0_s: 0.0000, stage0_m: 0.0139, stage0_l: 0.0816, stage0_h: 0.0393, stage1_loss_instance_mil: 0.2204, stage1_bag_acc: 53.0153, stage1_neg_loss: 0.0430, stage1_mean_ious: 0.0490, stage1_s: 0.0000, stage1_m: 0.0136, stage1_l: 0.0748, stage1_h: 0.0359, loss: 0.6922, grad_norm: 2.2841
2024-10-13 14:59:16,691 - mmdet - INFO - Epoch [9][250/300]	lr: 3.000e-04, eta: 0:14:09, time: 0.858, data_time: 0.012, memory: 9729, stage0_loss_instance_mil: 0.4418, stage0_bag_acc: 54.8197, stage0_mean_ious: 0.0547, stage0_s: 0.0000, stage0_m: 0.0167, stage0_l: 0.0970, stage0_h: 0.0380, stage1_loss_instance_mil: 0.2182, stage1_bag_acc: 55.3971, stage1_neg_loss: 0.0387, stage1_mean_ious: 0.0517, stage1_s: 0.0000, stage1_m: 0.0182, stage1_l: 0.0904, stage1_h: 0.0357, loss: 0.6987, grad_norm: 2.3658
2024-10-13 14:59:58,082 - mmdet - INFO - Exp name: P2BNet_r50_fpn_1x_coco_ms.py
2024-10-13 14:59:58,083 - mmdet - INFO - Epoch [9][300/300]	lr: 3.000e-04, eta: 0:13:23, time: 0.828, data_time: 0.012, memory: 9729, stage0_loss_instance_mil: 0.4198, stage0_bag_acc: 49.2501, stage0_mean_ious: 0.0601, stage0_s: 0.0000, stage0_m: 0.0193, stage0_l: 0.0817, stage0_h: 0.0468, stage1_loss_instance_mil: 0.2371, stage1_bag_acc: 49.3593, stage1_neg_loss: 0.0471, stage1_mean_ious: 0.0537, stage1_s: 0.0000, stage1_m: 0.0165, stage1_l: 0.0711, stage1_h: 0.0425, loss: 0.7040, grad_norm: 2.5446
2024-10-13 14:59:58,173 - mmdet - INFO - Saving checkpoint at 9 epochs
