2024-03-03 23:00:33,728 - mmdet - INFO - Environment info:
------------------------------------------------------------
sys.platform: linux
Python: 3.7.16 (default, Jan 17 2023, 22:20:44) [GCC 11.2.0]
CUDA available: True
GPU 0,1,2,3,4,5,6,7: NVIDIA GeForce RTX 3090
CUDA_HOME: /usr/local/cuda-12.0
NVCC: Build cuda_12.0.r12.0/compiler.31968024_0
GCC: gcc (Ubuntu 7.5.0-3ubuntu1~18.04) 7.5.0
PyTorch: 1.7.0
PyTorch compiling details: PyTorch built with:
  - GCC 7.3
  - C++ Version: 201402
  - Intel(R) oneAPI Math Kernel Library Version 2021.4-Product Build 20210904 for Intel(R) 64 architecture applications
  - Intel(R) MKL-DNN v1.6.0 (Git Hash 5ef631a030a6f73131c77892041042805a06064f)
  - OpenMP 201511 (a.k.a. OpenMP 4.5)
  - NNPACK is enabled
  - CPU capability usage: AVX2
  - CUDA Runtime 11.0
  - NVCC architecture flags: -gencode;arch=compute_37,code=sm_37;-gencode;arch=compute_50,code=sm_50;-gencode;arch=compute_60,code=sm_60;-gencode;arch=compute_61,code=sm_61;-gencode;arch=compute_70,code=sm_70;-gencode;arch=compute_75,code=sm_75;-gencode;arch=compute_80,code=sm_80;-gencode;arch=compute_37,code=compute_37
  - CuDNN 8.0.3
  - Magma 2.5.2
  - Build settings: BLAS=MKL, BUILD_TYPE=Release, CXX_FLAGS= -Wno-deprecated -fvisibility-inlines-hidden -DUSE_PTHREADPOOL -fopenmp -DNDEBUG -DUSE_FBGEMM -DUSE_QNNPACK -DUSE_PYTORCH_QNNPACK -DUSE_XNNPACK -DUSE_VULKAN_WRAPPER -O2 -fPIC -Wno-narrowing -Wall -Wextra -Werror=return-type -Wno-missing-field-initializers -Wno-type-limits -Wno-array-bounds -Wno-unknown-pragmas -Wno-sign-compare -Wno-unused-parameter -Wno-unused-variable -Wno-unused-function -Wno-unused-result -Wno-unused-local-typedefs -Wno-strict-overflow -Wno-strict-aliasing -Wno-error=deprecated-declarations -Wno-stringop-overflow -Wno-psabi -Wno-error=pedantic -Wno-error=redundant-decls -Wno-error=old-style-cast -fdiagnostics-color=always -faligned-new -Wno-unused-but-set-variable -Wno-maybe-uninitialized -fno-math-errno -fno-trapping-math -Werror=format -Wno-stringop-overflow, PERF_WITH_AVX=1, PERF_WITH_AVX2=1, PERF_WITH_AVX512=1, USE_CUDA=ON, USE_EXCEPTION_PTR=1, USE_GFLAGS=OFF, USE_GLOG=OFF, USE_MKL=ON, USE_MKLDNN=ON, USE_MPI=OFF, USE_NCCL=ON, USE_NNPACK=ON, USE_OPENMP=ON, 

TorchVision: 0.8.0
OpenCV: 4.8.1
MMCV: 1.3.3
MMCV Compiler: GCC 7.3
MMCV CUDA Compiler: 11.0
MMDetection: 2.13.0+c820f32
------------------------------------------------------------

2024-03-03 23:00:35,583 - mmdet - INFO - Distributed training: False
2024-03-03 23:00:37,242 - mmdet - INFO - Config:
checkpoint_config = dict(interval=1)
log_config = dict(interval=50, hooks=[dict(type='TextLoggerHook')])
custom_hooks = [dict(type='NumClassCheckHook')]
dist_params = dict(backend='nccl')
log_level = 'INFO'
load_from = '../TOV_mmdetection_cache/work_dir/coco/pre_trained/P2B.pth'
resume_from = None
workflow = [('train', 1)]
norm_cfg = dict(type='GN', num_groups=32, requires_grad=True)
debug = False
num_stages = 2
model = dict(
    type='P2BNet',
    pretrained='torchvision://resnet50',
    backbone=dict(
        type='ResNet',
        depth=50,
        num_stages=4,
        out_indices=(0, 1, 2, 3),
        frozen_stages=1,
        norm_cfg=dict(type='BN', requires_grad=True),
        norm_eval=True,
        style='pytorch'),
    neck=dict(
        type='FPN',
        in_channels=[256, 512, 1024, 2048],
        out_channels=256,
        start_level=0,
        add_extra_convs='on_input',
        num_outs=4,
        norm_cfg=dict(type='GN', num_groups=32, requires_grad=True)),
    roi_head=dict(
        type='P2BHead',
        num_stages=2,
        top_k=7,
        with_atten=False,
        bbox_roi_extractor=dict(
            type='SingleRoIExtractor',
            roi_layer=dict(type='RoIAlign', output_size=7),
            out_channels=256,
            featmap_strides=[4, 8, 16, 32]),
        bbox_head=dict(
            type='Shared2FCInstanceMILHead',
            num_stages=2,
            with_loss_pseudo=False,
            in_channels=256,
            fc_out_channels=1024,
            roi_feat_size=7,
            num_classes=6,
            num_ref_fcs=0,
            bbox_coder=dict(
                type='DeltaXYWHBBoxCoder',
                target_means=[0.0, 0.0, 0.0, 0.0],
                target_stds=[0.1, 0.1, 0.2, 0.2]),
            reg_class_agnostic=True,
            loss_type='MIL',
            loss_mil1=dict(
                type='MILLoss',
                binary_ins=False,
                loss_weight=0.25,
                loss_type='binary_cross_entropy'),
            loss_mil2=dict(
                type='MILLoss',
                binary_ins=False,
                loss_weight=0.25,
                loss_type='gfocal_loss'))),
    train_cfg=dict(
        base_proposal=dict(
            base_scales=[4, 8, 16, 32, 64, 128],
            base_ratios=[
                0.3333333333333333, 0.5, 0.6666666666666666, 1.0, 1.5, 2.0, 3.0
            ],
            shake_ratio=None,
            cut_mode='symmetry',
            gen_num_neg=0),
        fine_proposal=dict(
            gen_proposal_mode='fix_gen',
            cut_mode=None,
            shake_ratio=[0.1],
            base_ratios=[1, 1.2, 1.3, 0.8, 0.7],
            iou_thr=0.3,
            gen_num_neg=500),
        rcnn=None),
    test_cfg=dict(rpn=None, rcnn=None))
dataset_type = 'CocoFmtDataset'
data_root = 'data/coco/'
img_norm_cfg = dict(
    mean=[123.675, 116.28, 103.53], std=[58.395, 57.12, 57.375], to_rgb=True)
train_pipeline = [
    dict(type='LoadImageFromFile'),
    dict(type='LoadAnnotations', with_bbox=True),
    dict(
        type='Resize',
        img_scale=[(2000, 480), (2000, 576), (2000, 688), (2000, 864),
                   (2000, 1000), (2000, 1200)],
        multiscale_mode='value',
        keep_ratio=True),
    dict(type='RandomFlip', flip_ratio=0.5),
    dict(
        type='Normalize',
        mean=[123.675, 116.28, 103.53],
        std=[58.395, 57.12, 57.375],
        to_rgb=True),
    dict(type='Pad', size_divisor=32),
    dict(type='DefaultFormatBundle'),
    dict(
        type='Collect',
        keys=[
            'img', 'gt_bboxes', 'gt_labels', 'gt_bboxes_ignore',
            'gt_true_bboxes'
        ])
]
test_scale = 1200
test_pipeline = [
    dict(type='LoadImageFromFile'),
    dict(type='LoadAnnotations', with_bbox=True),
    dict(
        type='MultiScaleFlipAug',
        img_scale=(2000, 1200),
        flip=False,
        transforms=[
            dict(type='Resize', keep_ratio=True),
            dict(type='RandomFlip'),
            dict(
                type='Normalize',
                mean=[123.675, 116.28, 103.53],
                std=[58.395, 57.12, 57.375],
                to_rgb=True),
            dict(type='Pad', size_divisor=32),
            dict(type='DefaultFormatBundle'),
            dict(
                type='Collect',
                keys=[
                    'img', 'gt_bboxes', 'gt_labels', 'gt_bboxes_ignore',
                    'gt_anns_id', 'gt_true_bboxes'
                ])
        ])
]
data = dict(
    samples_per_gpu=8,
    workers_per_gpu=1,
    shuffle=None,
    train=dict(
        type='CocoFmtDataset',
        ann_file='data/coco/annotations_qc_pt/instances_train2017_coarse.json',
        img_prefix='data/coco/images/train/',
        pipeline=[
            dict(type='LoadImageFromFile'),
            dict(type='LoadAnnotations', with_bbox=True),
            dict(
                type='Resize',
                img_scale=[(2000, 480), (2000, 576), (2000, 688), (2000, 864),
                           (2000, 1000), (2000, 1200)],
                multiscale_mode='value',
                keep_ratio=True),
            dict(type='RandomFlip', flip_ratio=0.5),
            dict(
                type='Normalize',
                mean=[123.675, 116.28, 103.53],
                std=[58.395, 57.12, 57.375],
                to_rgb=True),
            dict(type='Pad', size_divisor=32),
            dict(type='DefaultFormatBundle'),
            dict(
                type='Collect',
                keys=[
                    'img', 'gt_bboxes', 'gt_labels', 'gt_bboxes_ignore',
                    'gt_true_bboxes'
                ])
        ]),
    val=dict(
        samples_per_gpu=2,
        type='CocoFmtDataset',
        ann_file='data/coco/annotations_qc_pt/instances_train2017_coarse.json',
        img_prefix='data/coco/images/train/',
        pipeline=[
            dict(type='LoadImageFromFile'),
            dict(type='LoadAnnotations', with_bbox=True),
            dict(
                type='MultiScaleFlipAug',
                img_scale=(2000, 1200),
                flip=False,
                transforms=[
                    dict(type='Resize', keep_ratio=True),
                    dict(type='RandomFlip'),
                    dict(
                        type='Normalize',
                        mean=[123.675, 116.28, 103.53],
                        std=[58.395, 57.12, 57.375],
                        to_rgb=True),
                    dict(type='Pad', size_divisor=32),
                    dict(type='DefaultFormatBundle'),
                    dict(
                        type='Collect',
                        keys=[
                            'img', 'gt_bboxes', 'gt_labels',
                            'gt_bboxes_ignore', 'gt_anns_id', 'gt_true_bboxes'
                        ])
                ])
        ],
        test_mode=False),
    test=dict(
        samples_per_gpu=2,
        type='CocoFmtDataset',
        ann_file='data/coco/annotations/instances_val.json',
        img_prefix='data/coco/images/val/',
        pipeline=[
            dict(type='LoadImageFromFile'),
            dict(type='LoadAnnotations', with_bbox=True),
            dict(
                type='MultiScaleFlipAug',
                img_scale=(2000, 1200),
                flip=False,
                transforms=[
                    dict(type='Resize', keep_ratio=True),
                    dict(type='RandomFlip'),
                    dict(
                        type='Normalize',
                        mean=[123.675, 116.28, 103.53],
                        std=[58.395, 57.12, 57.375],
                        to_rgb=True),
                    dict(type='Pad', size_divisor=32),
                    dict(type='DefaultFormatBundle'),
                    dict(
                        type='Collect',
                        keys=[
                            'img', 'gt_bboxes', 'gt_labels',
                            'gt_bboxes_ignore', 'gt_anns_id', 'gt_true_bboxes'
                        ])
                ])
        ],
        test_mode=False))
check = dict(stop_while_nan=False)
optimizer = dict(type='SGD', lr=0.1, momentum=0.9, weight_decay=0.0001)
optimizer_config = dict(grad_clip=dict(max_norm=35, norm_type=2))
lr_config = dict(
    policy='step',
    warmup='linear',
    warmup_iters=500,
    warmup_ratio=0.001,
    step=[8, 11])
runner = dict(type='EpochBasedRunner', max_epochs=12)
work_dir = '../TOV_mmdetection_cache/work_dir/coco/'
evaluation = dict(
    interval=1,
    metric='bbox',
    save_result_file=
    '../TOV_mmdetection_cache/work_dir/coco/_1200_latest_result.json',
    do_first_eval=False,
    do_final_eval=True)
gpu_ids = range(0, 1)

2024-03-03 23:00:44,702 - mmdet - INFO - load checkpoint from ../TOV_mmdetection_cache/work_dir/coco/pre_trained/P2B.pth
2024-03-03 23:00:44,704 - mmdet - INFO - Use load_from_local loader
2024-03-03 23:00:45,983 - mmdet - WARNING - The model and loaded state dict do not match exactly

size mismatch for roi_head.bbox_head.fc_cls.0.weight: copying a param with shape torch.Size([81, 1024]) from checkpoint, the shape in current model is torch.Size([7, 1024]).
size mismatch for roi_head.bbox_head.fc_cls.0.bias: copying a param with shape torch.Size([81]) from checkpoint, the shape in current model is torch.Size([7]).
size mismatch for roi_head.bbox_head.fc_cls.1.weight: copying a param with shape torch.Size([80, 1024]) from checkpoint, the shape in current model is torch.Size([6, 1024]).
size mismatch for roi_head.bbox_head.fc_cls.1.bias: copying a param with shape torch.Size([80]) from checkpoint, the shape in current model is torch.Size([6]).
size mismatch for roi_head.bbox_head.fc_ins.0.weight: copying a param with shape torch.Size([81, 1024]) from checkpoint, the shape in current model is torch.Size([7, 1024]).
size mismatch for roi_head.bbox_head.fc_ins.0.bias: copying a param with shape torch.Size([81]) from checkpoint, the shape in current model is torch.Size([7]).
size mismatch for roi_head.bbox_head.fc_ins.1.weight: copying a param with shape torch.Size([80, 1024]) from checkpoint, the shape in current model is torch.Size([6, 1024]).
size mismatch for roi_head.bbox_head.fc_ins.1.bias: copying a param with shape torch.Size([80]) from checkpoint, the shape in current model is torch.Size([6]).
2024-03-03 23:00:45,989 - mmdet - INFO - Start running, host: lxz@user-SYS-4029GP-TRT2, work_dir: /home/lxz/P2BNet/TOV_mmdetection_cache/work_dir/coco
2024-03-03 23:00:45,990 - mmdet - INFO - workflow: [('train', 1)], max: 12 epochs
2024-03-03 23:01:51,967 - mmdet - INFO - Epoch [1][50/180]	lr: 9.890e-03, eta: 0:46:23, time: 1.319, data_time: 0.089, memory: 16595, stage0_loss_instance_mil: 0.5472, stage0_bag_acc: 41.5615, stage0_mean_ious: 0.4128, stage0_s: 0.0000, stage0_m: 0.0594, stage0_l: 0.2671, stage0_h: 0.4296, stage1_loss_instance_mil: 0.2557, stage1_bag_acc: 38.4703, stage1_neg_loss: 0.0289, stage1_mean_ious: 0.4002, stage1_s: 0.0000, stage1_m: 0.0666, stage1_l: 0.2621, stage1_h: 0.4148, loss: 0.8318, grad_norm: 4.5921
2024-03-03 23:02:55,268 - mmdet - INFO - Epoch [1][100/180]	lr: 1.988e-02, eta: 0:44:22, time: 1.266, data_time: 0.036, memory: 16595, stage0_loss_instance_mil: 0.6416, stage0_bag_acc: 33.6464, stage0_mean_ious: 0.3127, stage0_s: 0.0000, stage0_m: 0.0275, stage0_l: 0.2143, stage0_h: 0.3193, stage1_loss_instance_mil: 0.2036, stage1_bag_acc: 34.8904, stage1_neg_loss: 0.0364, stage1_mean_ious: 0.3045, stage1_s: 0.0000, stage1_m: 0.0303, stage1_l: 0.2110, stage1_h: 0.3085, loss: 0.8816, grad_norm: 4.2542
2024-03-03 23:03:58,102 - mmdet - INFO - Epoch [1][150/180]	lr: 2.987e-02, eta: 0:42:54, time: 1.257, data_time: 0.035, memory: 16595, stage0_loss_instance_mil: 0.6474, stage0_bag_acc: 33.6443, stage0_mean_ious: 0.3547, stage0_s: 0.0000, stage0_m: 0.0449, stage0_l: 0.2188, stage0_h: 0.3652, stage1_loss_instance_mil: 0.1662, stage1_bag_acc: 38.7815, stage1_neg_loss: 0.0152, stage1_mean_ious: 0.3270, stage1_s: 0.0000, stage1_m: 0.0358, stage1_l: 0.2180, stage1_h: 0.3366, loss: 0.8288, grad_norm: 1.8581
2024-03-03 23:04:34,746 - mmdet - INFO - Saving checkpoint at 1 epochs
2024-03-03 23:06:45,704 - mmdet - INFO - Evaluating bbox...
2024-03-03 23:06:47,574 - mmdet - INFO -  Average Precision  (AP) @[ IoU=0.50:0.95 | area=   all | maxDets=100 ] = 0.0150
2024-03-03 23:06:47,575 - mmdet - INFO -  Average Precision  (AP) @[ IoU=0.50      | area=   all | maxDets=1000 ] = 0.0619
2024-03-03 23:06:47,575 - mmdet - INFO -  Average Precision  (AP) @[ IoU=0.60      | area=   all | maxDets=1000 ] = 0.0237
2024-03-03 23:06:47,575 - mmdet - INFO -  Average Precision  (AP) @[ IoU=0.70      | area=   all | maxDets=1000 ] = 0.0084
2024-03-03 23:06:47,575 - mmdet - INFO -  Average Precision  (AP) @[ IoU=0.75      | area=   all | maxDets=1000 ] = 0.0030
2024-03-03 23:06:47,575 - mmdet - INFO -  Average Precision  (AP) @[ IoU=0.80      | area=   all | maxDets=1000 ] = 0.0015
2024-03-03 23:06:47,575 - mmdet - INFO -  Average Precision  (AP) @[ IoU=0.90      | area=   all | maxDets=1000 ] = 0.0001
2024-03-03 23:06:47,575 - mmdet - INFO -  Average Precision  (AP) @[ IoU=0.50:0.95 | area= small | maxDets=1000 ] = 0.0339
2024-03-03 23:06:47,576 - mmdet - INFO -  Average Precision  (AP) @[ IoU=0.50:0.95 | area=medium | maxDets=1000 ] = 0.0222
2024-03-03 23:06:47,576 - mmdet - INFO -  Average Precision  (AP) @[ IoU=0.50:0.95 | area= large | maxDets=1000 ] = 0.0010
2024-03-03 23:06:47,576 - mmdet - INFO -  Average Recall     (AR) @[ IoU=0.50:0.95 | area=   all | maxDets=100 ] = 0.0363
2024-03-03 23:06:47,576 - mmdet - INFO -  Average Recall     (AR) @[ IoU=0.50:0.95 | area=   all | maxDets=300 ] = 0.0363
2024-03-03 23:06:47,576 - mmdet - INFO -  Average Recall     (AR) @[ IoU=0.50:0.95 | area=   all | maxDets=1000 ] = 0.0363
2024-03-03 23:06:47,576 - mmdet - INFO -  Average Recall     (AR) @[ IoU=0.50:0.95 | area= small | maxDets=1000 ] = 0.0343
2024-03-03 23:06:47,577 - mmdet - INFO -  Average Recall     (AR) @[ IoU=0.50:0.95 | area=medium | maxDets=1000 ] = 0.0476
2024-03-03 23:06:47,577 - mmdet - INFO -  Average Recall     (AR) @[ IoU=0.50:0.95 | area= large | maxDets=1000 ] = 0.0121
2024-03-03 23:06:47,615 - mmdet - INFO - Exp name: P2BNet_r50_fpn_1x_coco_ms.py
2024-03-03 23:06:47,617 - mmdet - INFO - Epoch(val) [1][180]	eval_iter_num: 720, bbox_mAP: 0.0150, bbox_mAP_50: 0.0620, bbox_mAP_75: 0.0240, bbox_mAP_s: 0.0080, bbox_mAP_m: 0.0030, bbox_mAP_l: 0.0020, bbox_mAP_copypaste: 0.015 0.062 0.024 0.008 0.003 0.002
2024-03-03 23:07:49,830 - mmdet - INFO - Epoch [2][50/180]	lr: 4.585e-02, eta: 0:35:33, time: 1.244, data_time: 0.089, memory: 16600, stage0_loss_instance_mil: 0.6787, stage0_bag_acc: 23.1087, stage0_mean_ious: 0.3442, stage0_s: 0.0017, stage0_m: 0.0405, stage0_l: 0.1818, stage0_h: 0.3665, stage1_loss_instance_mil: 0.1599, stage1_bag_acc: 31.3258, stage1_neg_loss: 0.0084, stage1_mean_ious: 0.3380, stage1_s: 0.0006, stage1_m: 0.0349, stage1_l: 0.1911, stage1_h: 0.3579, loss: 0.8470, grad_norm: 1.0266
2024-03-03 23:08:49,041 - mmdet - INFO - Epoch [2][100/180]	lr: 5.584e-02, eta: 0:35:04, time: 1.184, data_time: 0.036, memory: 16600, stage0_loss_instance_mil: 0.6655, stage0_bag_acc: 28.5697, stage0_mean_ious: 0.3181, stage0_s: 0.0000, stage0_m: 0.0303, stage0_l: 0.2041, stage0_h: 0.3333, stage1_loss_instance_mil: 0.1361, stage1_bag_acc: 29.8164, stage1_neg_loss: 0.0117, stage1_mean_ious: 0.3052, stage1_s: 0.0000, stage1_m: 0.0253, stage1_l: 0.1952, stage1_h: 0.3201, loss: 0.8133, grad_norm: 0.6300
2024-03-03 23:09:48,985 - mmdet - INFO - Epoch [2][150/180]	lr: 6.583e-02, eta: 0:34:30, time: 1.199, data_time: 0.038, memory: 16600, stage0_loss_instance_mil: 0.6570, stage0_bag_acc: 27.7425, stage0_mean_ious: 0.3468, stage0_s: 0.0000, stage0_m: 0.0397, stage0_l: 0.2151, stage0_h: 0.3656, stage1_loss_instance_mil: 0.1283, stage1_bag_acc: 46.9727, stage1_neg_loss: 0.0162, stage1_mean_ious: 0.3312, stage1_s: 0.0000, stage1_m: 0.0418, stage1_l: 0.2261, stage1_h: 0.3468, loss: 0.8015, grad_norm: 0.9111
2024-03-03 23:10:23,923 - mmdet - INFO - Saving checkpoint at 2 epochs
2024-03-03 23:12:35,868 - mmdet - INFO - Evaluating bbox...
2024-03-03 23:12:37,780 - mmdet - INFO -  Average Precision  (AP) @[ IoU=0.50:0.95 | area=   all | maxDets=100 ] = 0.1158
2024-03-03 23:12:37,780 - mmdet - INFO -  Average Precision  (AP) @[ IoU=0.50      | area=   all | maxDets=1000 ] = 0.3590
2024-03-03 23:12:37,781 - mmdet - INFO -  Average Precision  (AP) @[ IoU=0.60      | area=   all | maxDets=1000 ] = 0.2185
2024-03-03 23:12:37,781 - mmdet - INFO -  Average Precision  (AP) @[ IoU=0.70      | area=   all | maxDets=1000 ] = 0.0785
2024-03-03 23:12:37,781 - mmdet - INFO -  Average Precision  (AP) @[ IoU=0.75      | area=   all | maxDets=1000 ] = 0.0439
2024-03-03 23:12:37,781 - mmdet - INFO -  Average Precision  (AP) @[ IoU=0.80      | area=   all | maxDets=1000 ] = 0.0188
2024-03-03 23:12:37,781 - mmdet - INFO -  Average Precision  (AP) @[ IoU=0.90      | area=   all | maxDets=1000 ] = 0.0035
2024-03-03 23:12:37,782 - mmdet - INFO -  Average Precision  (AP) @[ IoU=0.50:0.95 | area= small | maxDets=1000 ] = 0.2970
2024-03-03 23:12:37,782 - mmdet - INFO -  Average Precision  (AP) @[ IoU=0.50:0.95 | area=medium | maxDets=1000 ] = 0.1160
2024-03-03 23:12:37,782 - mmdet - INFO -  Average Precision  (AP) @[ IoU=0.50:0.95 | area= large | maxDets=1000 ] = 0.1301
2024-03-03 23:12:37,782 - mmdet - INFO -  Average Recall     (AR) @[ IoU=0.50:0.95 | area=   all | maxDets=100 ] = 0.1656
2024-03-03 23:12:37,783 - mmdet - INFO -  Average Recall     (AR) @[ IoU=0.50:0.95 | area=   all | maxDets=300 ] = 0.1656
2024-03-03 23:12:37,783 - mmdet - INFO -  Average Recall     (AR) @[ IoU=0.50:0.95 | area=   all | maxDets=1000 ] = 0.1656
2024-03-03 23:12:37,783 - mmdet - INFO -  Average Recall     (AR) @[ IoU=0.50:0.95 | area= small | maxDets=1000 ] = 0.2962
2024-03-03 23:12:37,783 - mmdet - INFO -  Average Recall     (AR) @[ IoU=0.50:0.95 | area=medium | maxDets=1000 ] = 0.1835
2024-03-03 23:12:37,783 - mmdet - INFO -  Average Recall     (AR) @[ IoU=0.50:0.95 | area= large | maxDets=1000 ] = 0.1323
2024-03-03 23:12:37,826 - mmdet - INFO - Exp name: P2BNet_r50_fpn_1x_coco_ms.py
2024-03-03 23:12:37,828 - mmdet - INFO - Epoch(val) [2][180]	eval_iter_num: 720, bbox_mAP: 0.1160, bbox_mAP_50: 0.3590, bbox_mAP_75: 0.2180, bbox_mAP_s: 0.0790, bbox_mAP_m: 0.0440, bbox_mAP_l: 0.0190, bbox_mAP_copypaste: 0.116 0.359 0.218 0.079 0.044 0.019
2024-03-03 23:13:41,604 - mmdet - INFO - Epoch [3][50/180]	lr: 8.182e-02, eta: 0:31:05, time: 1.275, data_time: 0.086, memory: 16600, stage0_loss_instance_mil: 0.6514, stage0_bag_acc: 30.1571, stage0_mean_ious: 0.3244, stage0_s: 0.0000, stage0_m: 0.0196, stage0_l: 0.1817, stage0_h: 0.3377, stage1_loss_instance_mil: 0.1451, stage1_bag_acc: 36.8355, stage1_neg_loss: 0.0153, stage1_mean_ious: 0.3156, stage1_s: 0.0000, stage1_m: 0.0203, stage1_l: 0.1807, stage1_h: 0.3275, loss: 0.8119, grad_norm: 0.8754
2024-03-03 23:14:42,044 - mmdet - INFO - Epoch [3][100/180]	lr: 9.181e-02, eta: 0:30:38, time: 1.209, data_time: 0.037, memory: 16600, stage0_loss_instance_mil: 0.6223, stage0_bag_acc: 37.0748, stage0_mean_ious: 0.3107, stage0_s: 0.0000, stage0_m: 0.0279, stage0_l: 0.2223, stage0_h: 0.3253, stage1_loss_instance_mil: 0.1633, stage1_bag_acc: 42.0996, stage1_neg_loss: 0.0238, stage1_mean_ious: 0.3149, stage1_s: 0.0000, stage1_m: 0.0283, stage1_l: 0.2316, stage1_h: 0.3279, loss: 0.8094, grad_norm: 1.1390
2024-03-03 23:15:42,392 - mmdet - INFO - Epoch [3][150/180]	lr: 1.000e-01, eta: 0:30:05, time: 1.207, data_time: 0.038, memory: 16600, stage0_loss_instance_mil: 0.6632, stage0_bag_acc: 26.6749, stage0_mean_ious: 0.3496, stage0_s: 0.0000, stage0_m: 0.0095, stage0_l: 0.2100, stage0_h: 0.3680, stage1_loss_instance_mil: 0.1492, stage1_bag_acc: 37.2189, stage1_neg_loss: 0.0173, stage1_mean_ious: 0.3362, stage1_s: 0.0000, stage1_m: 0.0097, stage1_l: 0.2233, stage1_h: 0.3488, loss: 0.8298, grad_norm: 0.8395
2024-03-03 23:16:20,131 - mmdet - INFO - Saving checkpoint at 3 epochs
2024-03-03 23:18:32,913 - mmdet - INFO - Evaluating bbox...
2024-03-03 23:18:34,770 - mmdet - INFO -  Average Precision  (AP) @[ IoU=0.50:0.95 | area=   all | maxDets=100 ] = 0.0730
2024-03-03 23:18:34,770 - mmdet - INFO -  Average Precision  (AP) @[ IoU=0.50      | area=   all | maxDets=1000 ] = 0.2537
2024-03-03 23:18:34,770 - mmdet - INFO -  Average Precision  (AP) @[ IoU=0.60      | area=   all | maxDets=1000 ] = 0.1317
2024-03-03 23:18:34,770 - mmdet - INFO -  Average Precision  (AP) @[ IoU=0.70      | area=   all | maxDets=1000 ] = 0.0431
2024-03-03 23:18:34,771 - mmdet - INFO -  Average Precision  (AP) @[ IoU=0.75      | area=   all | maxDets=1000 ] = 0.0223
2024-03-03 23:18:34,771 - mmdet - INFO -  Average Precision  (AP) @[ IoU=0.80      | area=   all | maxDets=1000 ] = 0.0073
2024-03-03 23:18:34,771 - mmdet - INFO -  Average Precision  (AP) @[ IoU=0.90      | area=   all | maxDets=1000 ] = 0.0000
2024-03-03 23:18:34,771 - mmdet - INFO -  Average Precision  (AP) @[ IoU=0.50:0.95 | area= small | maxDets=1000 ] = 0.1650
2024-03-03 23:18:34,772 - mmdet - INFO -  Average Precision  (AP) @[ IoU=0.50:0.95 | area=medium | maxDets=1000 ] = 0.0870
2024-03-03 23:18:34,772 - mmdet - INFO -  Average Precision  (AP) @[ IoU=0.50:0.95 | area= large | maxDets=1000 ] = 0.0874
2024-03-03 23:18:34,772 - mmdet - INFO -  Average Recall     (AR) @[ IoU=0.50:0.95 | area=   all | maxDets=100 ] = 0.1260
2024-03-03 23:18:34,772 - mmdet - INFO -  Average Recall     (AR) @[ IoU=0.50:0.95 | area=   all | maxDets=300 ] = 0.1260
2024-03-03 23:18:34,772 - mmdet - INFO -  Average Recall     (AR) @[ IoU=0.50:0.95 | area=   all | maxDets=1000 ] = 0.1260
2024-03-03 23:18:34,772 - mmdet - INFO -  Average Recall     (AR) @[ IoU=0.50:0.95 | area= small | maxDets=1000 ] = 0.1751
2024-03-03 23:18:34,772 - mmdet - INFO -  Average Recall     (AR) @[ IoU=0.50:0.95 | area=medium | maxDets=1000 ] = 0.1503
2024-03-03 23:18:34,773 - mmdet - INFO -  Average Recall     (AR) @[ IoU=0.50:0.95 | area= large | maxDets=1000 ] = 0.0972
2024-03-03 23:18:34,811 - mmdet - INFO - Exp name: P2BNet_r50_fpn_1x_coco_ms.py
2024-03-03 23:18:34,812 - mmdet - INFO - Epoch(val) [3][180]	eval_iter_num: 720, bbox_mAP: 0.0730, bbox_mAP_50: 0.2540, bbox_mAP_75: 0.1320, bbox_mAP_s: 0.0430, bbox_mAP_m: 0.0220, bbox_mAP_l: 0.0070, bbox_mAP_copypaste: 0.073 0.254 0.132 0.043 0.022 0.007
2024-03-03 23:19:36,184 - mmdet - INFO - Epoch [4][50/180]	lr: 1.000e-01, eta: 0:27:27, time: 1.227, data_time: 0.085, memory: 16600, stage0_loss_instance_mil: 0.6444, stage0_bag_acc: 30.4639, stage0_mean_ious: 0.4235, stage0_s: 0.0000, stage0_m: 0.0228, stage0_l: 0.1813, stage0_h: 0.4465, stage1_loss_instance_mil: 0.1353, stage1_bag_acc: 38.6233, stage1_neg_loss: 0.0173, stage1_mean_ious: 0.4095, stage1_s: 0.0000, stage1_m: 0.0233, stage1_l: 0.1970, stage1_h: 0.4293, loss: 0.7969, grad_norm: 0.6608
2024-03-03 23:20:39,592 - mmdet - INFO - Epoch [4][100/180]	lr: 1.000e-01, eta: 0:27:01, time: 1.268, data_time: 0.037, memory: 16600, stage0_loss_instance_mil: 0.5921, stage0_bag_acc: 38.5994, stage0_mean_ious: 0.4116, stage0_s: 0.0000, stage0_m: 0.0273, stage0_l: 0.2134, stage0_h: 0.4363, stage1_loss_instance_mil: 0.1807, stage1_bag_acc: 42.2518, stage1_neg_loss: 0.0320, stage1_mean_ious: 0.3992, stage1_s: 0.0000, stage1_m: 0.0284, stage1_l: 0.2184, stage1_h: 0.4205, loss: 0.8048, grad_norm: 1.0971
2024-03-03 23:21:42,183 - mmdet - INFO - Epoch [4][150/180]	lr: 1.000e-01, eta: 0:26:27, time: 1.252, data_time: 0.037, memory: 16600, stage0_loss_instance_mil: 0.6431, stage0_bag_acc: 29.2175, stage0_mean_ious: 0.3800, stage0_s: 0.0000, stage0_m: 0.0340, stage0_l: 0.2158, stage0_h: 0.3993, stage1_loss_instance_mil: 0.1565, stage1_bag_acc: 34.8676, stage1_neg_loss: 0.0621, stage1_mean_ious: 0.3578, stage1_s: 0.0000, stage1_m: 0.0317, stage1_l: 0.2264, stage1_h: 0.3723, loss: 0.8617, grad_norm: 1.7712
2024-03-03 23:22:19,945 - mmdet - INFO - Saving checkpoint at 4 epochs
2024-03-03 23:24:31,368 - mmdet - INFO - Evaluating bbox...
2024-03-03 23:24:33,161 - mmdet - INFO -  Average Precision  (AP) @[ IoU=0.50:0.95 | area=   all | maxDets=100 ] = 0.0014
2024-03-03 23:24:33,161 - mmdet - INFO -  Average Precision  (AP) @[ IoU=0.50      | area=   all | maxDets=1000 ] = 0.0092
2024-03-03 23:24:33,161 - mmdet - INFO -  Average Precision  (AP) @[ IoU=0.60      | area=   all | maxDets=1000 ] = 0.0010
2024-03-03 23:24:33,162 - mmdet - INFO -  Average Precision  (AP) @[ IoU=0.70      | area=   all | maxDets=1000 ] = 0.0000
2024-03-03 23:24:33,162 - mmdet - INFO -  Average Precision  (AP) @[ IoU=0.75      | area=   all | maxDets=1000 ] = 0.0000
2024-03-03 23:24:33,162 - mmdet - INFO -  Average Precision  (AP) @[ IoU=0.80      | area=   all | maxDets=1000 ] = 0.0000
2024-03-03 23:24:33,162 - mmdet - INFO -  Average Precision  (AP) @[ IoU=0.90      | area=   all | maxDets=1000 ] = 0.0000
2024-03-03 23:24:33,162 - mmdet - INFO -  Average Precision  (AP) @[ IoU=0.50:0.95 | area= small | maxDets=1000 ] = 0.0000
2024-03-03 23:24:33,163 - mmdet - INFO -  Average Precision  (AP) @[ IoU=0.50:0.95 | area=medium | maxDets=1000 ] = 0.0049
2024-03-03 23:24:33,163 - mmdet - INFO -  Average Precision  (AP) @[ IoU=0.50:0.95 | area= large | maxDets=1000 ] = 0.0000
2024-03-03 23:24:33,163 - mmdet - INFO -  Average Recall     (AR) @[ IoU=0.50:0.95 | area=   all | maxDets=100 ] = 0.0095
2024-03-03 23:24:33,163 - mmdet - INFO -  Average Recall     (AR) @[ IoU=0.50:0.95 | area=   all | maxDets=300 ] = 0.0095
2024-03-03 23:24:33,163 - mmdet - INFO -  Average Recall     (AR) @[ IoU=0.50:0.95 | area=   all | maxDets=1000 ] = 0.0095
2024-03-03 23:24:33,164 - mmdet - INFO -  Average Recall     (AR) @[ IoU=0.50:0.95 | area= small | maxDets=1000 ] = 0.0019
2024-03-03 23:24:33,164 - mmdet - INFO -  Average Recall     (AR) @[ IoU=0.50:0.95 | area=medium | maxDets=1000 ] = 0.0166
2024-03-03 23:24:33,164 - mmdet - INFO -  Average Recall     (AR) @[ IoU=0.50:0.95 | area= large | maxDets=1000 ] = 0.0012
2024-03-03 23:24:33,205 - mmdet - INFO - Exp name: P2BNet_r50_fpn_1x_coco_ms.py
2024-03-03 23:24:33,206 - mmdet - INFO - Epoch(val) [4][180]	eval_iter_num: 720, bbox_mAP: 0.0010, bbox_mAP_50: 0.0090, bbox_mAP_75: 0.0010, bbox_mAP_s: 0.0000, bbox_mAP_m: 0.0000, bbox_mAP_l: 0.0000, bbox_mAP_copypaste: 0.001 0.009 0.001 0.000 0.000 0.000
2024-03-03 23:25:37,933 - mmdet - INFO - Epoch [5][50/180]	lr: 1.000e-01, eta: 0:24:22, time: 1.294, data_time: 0.088, memory: 16600, stage0_loss_instance_mil: 0.6891, stage0_bag_acc: 15.7580, stage0_mean_ious: 0.1453, stage0_s: 0.0000, stage0_m: 0.0458, stage0_l: 0.2529, stage0_h: 0.1238, stage1_loss_instance_mil: 0.1199, stage1_bag_acc: 20.6412, stage1_neg_loss: 0.0082, stage1_mean_ious: 0.1281, stage1_s: 0.0000, stage1_m: 0.0501, stage1_l: 0.2189, stage1_h: 0.1090, loss: 0.8172, grad_norm: 0.4049
