2024-10-13 11:12:53,275 - mmdet - INFO - Environment info:
------------------------------------------------------------
sys.platform: linux
Python: 3.7.16 (default, Jan 17 2023, 22:20:44) [GCC 11.2.0]
CUDA available: True
GPU 0,1,2,3,4,5,6,7: NVIDIA GeForce RTX 3090
CUDA_HOME: /usr/local/cuda-12.0
NVCC: Build cuda_12.0.r12.0/compiler.31968024_0
GCC: gcc (Ubuntu 11.4.0-2ubuntu1~18.04) 11.4.0
PyTorch: 1.7.0
PyTorch compiling details: PyTorch built with:
  - GCC 7.3
  - C++ Version: 201402
  - Intel(R) oneAPI Math Kernel Library Version 2021.4-Product Build 20210904 for Intel(R) 64 architecture applications
  - Intel(R) MKL-DNN v1.6.0 (Git Hash 5ef631a030a6f73131c77892041042805a06064f)
  - OpenMP 201511 (a.k.a. OpenMP 4.5)
  - NNPACK is enabled
  - CPU capability usage: AVX2
  - CUDA Runtime 11.0
  - NVCC architecture flags: -gencode;arch=compute_37,code=sm_37;-gencode;arch=compute_50,code=sm_50;-gencode;arch=compute_60,code=sm_60;-gencode;arch=compute_61,code=sm_61;-gencode;arch=compute_70,code=sm_70;-gencode;arch=compute_75,code=sm_75;-gencode;arch=compute_80,code=sm_80;-gencode;arch=compute_37,code=compute_37
  - CuDNN 8.0.3
  - Magma 2.5.2
  - Build settings: BLAS=MKL, BUILD_TYPE=Release, CXX_FLAGS= -Wno-deprecated -fvisibility-inlines-hidden -DUSE_PTHREADPOOL -fopenmp -DNDEBUG -DUSE_FBGEMM -DUSE_QNNPACK -DUSE_PYTORCH_QNNPACK -DUSE_XNNPACK -DUSE_VULKAN_WRAPPER -O2 -fPIC -Wno-narrowing -Wall -Wextra -Werror=return-type -Wno-missing-field-initializers -Wno-type-limits -Wno-array-bounds -Wno-unknown-pragmas -Wno-sign-compare -Wno-unused-parameter -Wno-unused-variable -Wno-unused-function -Wno-unused-result -Wno-unused-local-typedefs -Wno-strict-overflow -Wno-strict-aliasing -Wno-error=deprecated-declarations -Wno-stringop-overflow -Wno-psabi -Wno-error=pedantic -Wno-error=redundant-decls -Wno-error=old-style-cast -fdiagnostics-color=always -faligned-new -Wno-unused-but-set-variable -Wno-maybe-uninitialized -fno-math-errno -fno-trapping-math -Werror=format -Wno-stringop-overflow, PERF_WITH_AVX=1, PERF_WITH_AVX2=1, PERF_WITH_AVX512=1, USE_CUDA=ON, USE_EXCEPTION_PTR=1, USE_GFLAGS=OFF, USE_GLOG=OFF, USE_MKL=ON, USE_MKLDNN=ON, USE_MPI=OFF, USE_NCCL=ON, USE_NNPACK=ON, USE_OPENMP=ON, 

TorchVision: 0.8.0
OpenCV: 4.8.1
MMCV: 1.3.3
MMCV Compiler: GCC 7.3
MMCV CUDA Compiler: 11.0
MMDetection: 2.13.0+bdcbe92
------------------------------------------------------------

2024-10-13 11:12:54,118 - mmdet - INFO - Distributed training: False
2024-10-13 11:12:54,921 - mmdet - INFO - Config:
checkpoint_config = dict(interval=1)
log_config = dict(interval=50, hooks=[dict(type='TextLoggerHook')])
custom_hooks = [dict(type='NumClassCheckHook')]
dist_params = dict(backend='nccl')
log_level = 'INFO'
load_from = '../TOV_mmdetection_cache/work_dir/coco/pre_trained/P2B.pth'
resume_from = None
workflow = [('train', 1)]
norm_cfg = dict(type='GN', num_groups=32, requires_grad=True)
debug = False
num_stages = 2
model = dict(
    type='P2BNet',
    pretrained='torchvision://resnet50',
    backbone=dict(
        type='ResNet',
        depth=50,
        num_stages=4,
        out_indices=(0, 1, 2, 3),
        frozen_stages=1,
        norm_cfg=dict(type='BN', requires_grad=True),
        norm_eval=True,
        style='pytorch'),
    neck=dict(
        type='FPN',
        in_channels=[256, 512, 1024, 2048],
        out_channels=256,
        start_level=0,
        add_extra_convs='on_input',
        num_outs=4,
        norm_cfg=dict(type='GN', num_groups=32, requires_grad=True)),
    roi_head=dict(
        type='P2BHead',
        num_stages=2,
        top_k=7,
        with_atten=False,
        bbox_roi_extractor=dict(
            type='SingleRoIExtractor',
            roi_layer=dict(type='RoIAlign', output_size=7),
            out_channels=256,
            featmap_strides=[4, 8, 16, 32]),
        bbox_head=dict(
            type='Shared2FCInstanceMILHead',
            num_stages=2,
            with_loss_pseudo=False,
            in_channels=256,
            fc_out_channels=1024,
            roi_feat_size=7,
            num_classes=6,
            num_ref_fcs=0,
            bbox_coder=dict(
                type='DeltaXYWHBBoxCoder',
                target_means=[0.0, 0.0, 0.0, 0.0],
                target_stds=[0.1, 0.1, 0.2, 0.2]),
            reg_class_agnostic=True,
            loss_type='MIL',
            loss_mil1=dict(
                type='MILLoss',
                binary_ins=False,
                loss_weight=0.25,
                loss_type='binary_cross_entropy'),
            loss_mil2=dict(
                type='MILLoss',
                binary_ins=False,
                loss_weight=0.25,
                loss_type='gfocal_loss'))),
    train_cfg=dict(
        base_proposal=dict(
            base_scales=[16, 16, 32, 32, 32, 32],
            base_ratios=[2.0, 2.0, 2.0, 2.0, 2.0, 2.0, 3.0],
            shake_ratio=None,
            cut_mode='symmetry',
            gen_num_neg=0),
        fine_proposal=dict(
            gen_proposal_mode='fix_gen',
            cut_mode=None,
            shake_ratio=[0.1],
            base_ratios=[1, 1.2, 1.3, 0.8, 0.7],
            iou_thr=0.3,
            gen_num_neg=100),
        rcnn=None),
    test_cfg=dict(rpn=None, rcnn=None))
dataset_type = 'CocoFmtDataset'
data_root = 'data/coco/'
img_norm_cfg = dict(
    mean=[123.675, 116.28, 103.53], std=[58.395, 57.12, 57.375], to_rgb=True)
train_pipeline = [
    dict(type='LoadImageFromFile'),
    dict(type='LoadAnnotations', with_bbox=True),
    dict(
        type='Resize',
        img_scale=[(2000, 480), (2000, 576), (2000, 688), (2000, 864),
                   (2000, 1000), (2000, 1200)],
        multiscale_mode='value',
        keep_ratio=True),
    dict(type='RandomFlip', flip_ratio=0.5),
    dict(
        type='Normalize',
        mean=[123.675, 116.28, 103.53],
        std=[58.395, 57.12, 57.375],
        to_rgb=True),
    dict(type='Pad', size_divisor=32),
    dict(type='DefaultFormatBundle'),
    dict(
        type='Collect',
        keys=[
            'img', 'gt_bboxes', 'gt_labels', 'gt_bboxes_ignore',
            'gt_true_bboxes'
        ])
]
test_scale = 1200
test_pipeline = [
    dict(type='LoadImageFromFile'),
    dict(type='LoadAnnotations', with_bbox=True),
    dict(
        type='MultiScaleFlipAug',
        img_scale=(2000, 1200),
        flip=False,
        transforms=[
            dict(type='Resize', keep_ratio=True),
            dict(type='RandomFlip'),
            dict(
                type='Normalize',
                mean=[123.675, 116.28, 103.53],
                std=[58.395, 57.12, 57.375],
                to_rgb=True),
            dict(type='Pad', size_divisor=32),
            dict(type='DefaultFormatBundle'),
            dict(
                type='Collect',
                keys=[
                    'img', 'gt_bboxes', 'gt_labels', 'gt_bboxes_ignore',
                    'gt_anns_id', 'gt_true_bboxes'
                ])
        ])
]
data = dict(
    samples_per_gpu=4,
    workers_per_gpu=1,
    shuffle=None,
    train=dict(
        type='CocoFmtDataset',
        ann_file='data/coco/annotations_qc_pt/instances_train2017_coarse.json',
        img_prefix='data/coco/images/train/',
        pipeline=[
            dict(type='LoadImageFromFile'),
            dict(type='LoadAnnotations', with_bbox=True),
            dict(
                type='Resize',
                img_scale=[(2000, 480), (2000, 576), (2000, 688), (2000, 864),
                           (2000, 1000), (2000, 1200)],
                multiscale_mode='value',
                keep_ratio=True),
            dict(type='RandomFlip', flip_ratio=0.5),
            dict(
                type='Normalize',
                mean=[123.675, 116.28, 103.53],
                std=[58.395, 57.12, 57.375],
                to_rgb=True),
            dict(type='Pad', size_divisor=32),
            dict(type='DefaultFormatBundle'),
            dict(
                type='Collect',
                keys=[
                    'img', 'gt_bboxes', 'gt_labels', 'gt_bboxes_ignore',
                    'gt_true_bboxes'
                ])
        ]),
    val=dict(
        samples_per_gpu=2,
        type='CocoFmtDataset',
        ann_file='data/coco/annotations/instances_train.json',
        img_prefix='data/coco/images/train/',
        pipeline=[
            dict(type='LoadImageFromFile'),
            dict(type='LoadAnnotations', with_bbox=True),
            dict(
                type='MultiScaleFlipAug',
                img_scale=(2000, 1200),
                flip=False,
                transforms=[
                    dict(type='Resize', keep_ratio=True),
                    dict(type='RandomFlip'),
                    dict(
                        type='Normalize',
                        mean=[123.675, 116.28, 103.53],
                        std=[58.395, 57.12, 57.375],
                        to_rgb=True),
                    dict(type='Pad', size_divisor=32),
                    dict(type='DefaultFormatBundle'),
                    dict(
                        type='Collect',
                        keys=[
                            'img', 'gt_bboxes', 'gt_labels',
                            'gt_bboxes_ignore', 'gt_anns_id', 'gt_true_bboxes'
                        ])
                ])
        ],
        test_mode=False),
    test=dict(
        type='CocoFmtDataset',
        ann_file='data/coco/annotations/instances_train.json',
        img_prefix='data/coco/images/train/',
        pipeline=[
            dict(type='LoadImageFromFile'),
            dict(type='LoadAnnotations', with_bbox=True),
            dict(
                type='MultiScaleFlipAug',
                img_scale=(2000, 1200),
                flip=False,
                transforms=[
                    dict(type='Resize', keep_ratio=True),
                    dict(type='RandomFlip'),
                    dict(
                        type='Normalize',
                        mean=[123.675, 116.28, 103.53],
                        std=[58.395, 57.12, 57.375],
                        to_rgb=True),
                    dict(type='Pad', size_divisor=32),
                    dict(type='DefaultFormatBundle'),
                    dict(
                        type='Collect',
                        keys=[
                            'img', 'gt_bboxes', 'gt_labels',
                            'gt_bboxes_ignore', 'gt_anns_id', 'gt_true_bboxes'
                        ])
                ])
        ]))
check = dict(stop_while_nan=False)
optimizer = dict(type='Adam', lr=0.003, weight_decay=0.0001)
optimizer_config = dict(grad_clip=dict(max_norm=35, norm_type=2))
lr_config = dict(
    policy='step',
    warmup='linear',
    warmup_iters=500,
    warmup_ratio=0.001,
    step=[8, 11])
runner = dict(type='EpochBasedRunner', max_epochs=12)
work_dir = '../TOV_mmdetection_cache/work_dir/coco/'
evaluation = dict(
    interval=1,
    metric='bbox',
    save_result_file=
    '../TOV_mmdetection_cache/work_dir/coco/_1200_latest_result.json',
    do_first_eval=False,
    do_final_eval=True)
gpu_ids = [1]

2024-10-13 11:12:58,093 - mmdet - INFO - load checkpoint from ../TOV_mmdetection_cache/work_dir/coco/pre_trained/P2B.pth
2024-10-13 11:12:58,093 - mmdet - INFO - Use load_from_local loader
2024-10-13 11:12:58,520 - mmdet - WARNING - The model and loaded state dict do not match exactly

size mismatch for roi_head.bbox_head.fc_cls.0.weight: copying a param with shape torch.Size([81, 1024]) from checkpoint, the shape in current model is torch.Size([7, 1024]).
size mismatch for roi_head.bbox_head.fc_cls.0.bias: copying a param with shape torch.Size([81]) from checkpoint, the shape in current model is torch.Size([7]).
size mismatch for roi_head.bbox_head.fc_cls.1.weight: copying a param with shape torch.Size([80, 1024]) from checkpoint, the shape in current model is torch.Size([6, 1024]).
size mismatch for roi_head.bbox_head.fc_cls.1.bias: copying a param with shape torch.Size([80]) from checkpoint, the shape in current model is torch.Size([6]).
size mismatch for roi_head.bbox_head.fc_ins.0.weight: copying a param with shape torch.Size([81, 1024]) from checkpoint, the shape in current model is torch.Size([7, 1024]).
size mismatch for roi_head.bbox_head.fc_ins.0.bias: copying a param with shape torch.Size([81]) from checkpoint, the shape in current model is torch.Size([7]).
size mismatch for roi_head.bbox_head.fc_ins.1.weight: copying a param with shape torch.Size([80, 1024]) from checkpoint, the shape in current model is torch.Size([6, 1024]).
size mismatch for roi_head.bbox_head.fc_ins.1.bias: copying a param with shape torch.Size([80]) from checkpoint, the shape in current model is torch.Size([6]).
2024-10-13 11:12:58,524 - mmdet - INFO - Start running, host: lxz@user-SYS-4029GP-TRT2, work_dir: /home/lxz/P2BNet/TOV_mmdetection_cache/work_dir/coco
2024-10-13 11:12:58,525 - mmdet - INFO - workflow: [('train', 1)], max: 12 epochs
2024-10-13 11:13:33,523 - mmdet - INFO - Epoch [1][50/300]	lr: 2.967e-04, eta: 0:41:24, time: 0.700, data_time: 0.058, memory: 8725, stage0_loss_instance_mil: 0.4700, stage0_bag_acc: 56.6157, stage0_mean_ious: 0.0975, stage0_s: 0.0000, stage0_m: 0.0212, stage0_l: 0.0937, stage0_h: 0.0901, stage1_loss_instance_mil: 0.2263, stage1_bag_acc: 49.2901, stage1_neg_loss: 0.0672, stage1_mean_ious: 0.0967, stage1_s: 0.0000, stage1_m: 0.0218, stage1_l: 0.0945, stage1_h: 0.0888, loss: 0.7634, grad_norm: 13.4693
2024-10-13 11:14:05,533 - mmdet - INFO - Epoch [1][100/300]	lr: 5.964e-04, eta: 0:39:05, time: 0.640, data_time: 0.012, memory: 8725, stage0_loss_instance_mil: 0.6168, stage0_bag_acc: 44.4980, stage0_mean_ious: 0.0977, stage0_s: 0.0000, stage0_m: 0.0181, stage0_l: 0.0824, stage0_h: 0.0888, stage1_loss_instance_mil: 0.1760, stage1_bag_acc: 43.0606, stage1_neg_loss: 0.0251, stage1_mean_ious: 0.0986, stage1_s: 0.0000, stage1_m: 0.0172, stage1_l: 0.0834, stage1_h: 0.0896, loss: 0.8179, grad_norm: 8.7592
2024-10-13 11:14:37,411 - mmdet - INFO - Epoch [1][150/300]	lr: 8.961e-04, eta: 0:37:54, time: 0.638, data_time: 0.012, memory: 8737, stage0_loss_instance_mil: 0.5242, stage0_bag_acc: 46.5647, stage0_mean_ious: 0.0907, stage0_s: 0.0000, stage0_m: 0.0114, stage0_l: 0.0796, stage0_h: 0.0859, stage1_loss_instance_mil: 0.1898, stage1_bag_acc: 42.3545, stage1_neg_loss: 0.0340, stage1_mean_ious: 0.0877, stage1_s: 0.0000, stage1_m: 0.0141, stage1_l: 0.0762, stage1_h: 0.0819, loss: 0.7480, grad_norm: 5.4807
2024-10-13 11:15:08,492 - mmdet - INFO - Epoch [1][200/300]	lr: 1.196e-03, eta: 0:36:49, time: 0.622, data_time: 0.012, memory: 8737, stage0_loss_instance_mil: 0.5845, stage0_bag_acc: 40.0271, stage0_mean_ious: 0.0923, stage0_s: 0.0000, stage0_m: 0.0067, stage0_l: 0.0985, stage0_h: 0.0851, stage1_loss_instance_mil: 0.1989, stage1_bag_acc: 43.0343, stage1_neg_loss: 0.0288, stage1_mean_ious: 0.0882, stage1_s: 0.0000, stage1_m: 0.0079, stage1_l: 0.1012, stage1_h: 0.0786, loss: 0.8121, grad_norm: 5.2604
2024-10-13 11:15:40,402 - mmdet - INFO - Epoch [1][250/300]	lr: 1.496e-03, eta: 0:36:09, time: 0.638, data_time: 0.012, memory: 8737, stage0_loss_instance_mil: 0.6254, stage0_bag_acc: 31.7488, stage0_mean_ious: 0.1027, stage0_s: 0.0000, stage0_m: 0.0151, stage0_l: 0.0934, stage0_h: 0.0936, stage1_loss_instance_mil: 0.1855, stage1_bag_acc: 27.8982, stage1_neg_loss: 0.0173, stage1_mean_ious: 0.0961, stage1_s: 0.0000, stage1_m: 0.0166, stage1_l: 0.0882, stage1_h: 0.0866, loss: 0.8282, grad_norm: 3.8535
2024-10-13 11:16:12,934 - mmdet - INFO - Exp name: P2BNet_r50_fpn_1x_coco_ms.py
2024-10-13 11:16:12,934 - mmdet - INFO - Epoch [1][300/300]	lr: 1.795e-03, eta: 0:35:38, time: 0.651, data_time: 0.012, memory: 8737, stage0_loss_instance_mil: 0.6246, stage0_bag_acc: 31.4776, stage0_mean_ious: 0.0955, stage0_s: 0.0000, stage0_m: 0.0194, stage0_l: 0.0919, stage0_h: 0.0864, stage1_loss_instance_mil: 0.1786, stage1_bag_acc: 31.3656, stage1_neg_loss: 0.0182, stage1_mean_ious: 0.0912, stage1_s: 0.0000, stage1_m: 0.0218, stage1_l: 0.0935, stage1_h: 0.0808, loss: 0.8214, grad_norm: 2.5952
2024-10-13 11:16:12,981 - mmdet - INFO - Saving checkpoint at 1 epochs
2024-10-13 11:18:22,064 - mmdet - INFO - Evaluating bbox...
2024-10-13 11:18:22,886 - mmdet - INFO -  Average Precision  (AP) @[ IoU=0.50:0.95 | area=   all | maxDets=100 ] = 0.0112
2024-10-13 11:18:22,886 - mmdet - INFO -  Average Precision  (AP) @[ IoU=0.50      | area=   all | maxDets=1000 ] = 0.0418
2024-10-13 11:18:22,886 - mmdet - INFO -  Average Precision  (AP) @[ IoU=0.60      | area=   all | maxDets=1000 ] = 0.0191
2024-10-13 11:18:22,887 - mmdet - INFO -  Average Precision  (AP) @[ IoU=0.70      | area=   all | maxDets=1000 ] = 0.0071
2024-10-13 11:18:22,887 - mmdet - INFO -  Average Precision  (AP) @[ IoU=0.75      | area=   all | maxDets=1000 ] = 0.0029
2024-10-13 11:18:22,887 - mmdet - INFO -  Average Precision  (AP) @[ IoU=0.80      | area=   all | maxDets=1000 ] = 0.0018
2024-10-13 11:18:22,887 - mmdet - INFO -  Average Precision  (AP) @[ IoU=0.90      | area=   all | maxDets=1000 ] = 0.0000
2024-10-13 11:18:22,887 - mmdet - INFO -  Average Precision  (AP) @[ IoU=0.50:0.95 | area= small | maxDets=1000 ] = 0.0087
2024-10-13 11:18:22,887 - mmdet - INFO -  Average Precision  (AP) @[ IoU=0.50:0.95 | area=medium | maxDets=1000 ] = 0.0125
2024-10-13 11:18:22,887 - mmdet - INFO -  Average Precision  (AP) @[ IoU=0.50:0.95 | area= large | maxDets=1000 ] = 0.0066
2024-10-13 11:18:22,887 - mmdet - INFO -  Average Recall     (AR) @[ IoU=0.50:0.95 | area=   all | maxDets=100 ] = 0.0400
2024-10-13 11:18:22,887 - mmdet - INFO -  Average Recall     (AR) @[ IoU=0.50      | area=   all | maxDets=100 ] = 0.1263
2024-10-13 11:18:22,887 - mmdet - INFO -  Average Recall     (AR) @[ IoU=0.50:0.95 | area=   all | maxDets=300 ] = 0.0400
2024-10-13 11:18:22,887 - mmdet - INFO -  Average Recall     (AR) @[ IoU=0.50:0.95 | area=   all | maxDets=1000 ] = 0.0400
2024-10-13 11:18:22,887 - mmdet - INFO -  Average Recall     (AR) @[ IoU=0.50:0.95 | area= small | maxDets=1000 ] = 0.0975
2024-10-13 11:18:22,888 - mmdet - INFO -  Average Recall     (AR) @[ IoU=0.50:0.95 | area=medium | maxDets=1000 ] = 0.0494
2024-10-13 11:18:22,888 - mmdet - INFO -  Average Recall     (AR) @[ IoU=0.50:0.95 | area= large | maxDets=1000 ] = 0.0062
2024-10-13 11:18:22,903 - mmdet - INFO - Exp name: P2BNet_r50_fpn_1x_coco_ms.py
2024-10-13 11:18:22,904 - mmdet - INFO - Epoch(val) [1][300]	eval_iter_num: 720, bbox_mAP: 0.0110, bbox_mAP_50: 0.0420, bbox_mAP_75: 0.0190, bbox_mAP_s: 0.0070, bbox_mAP_m: 0.0030, bbox_mAP_l: 0.0020, bbox_mAP_copypaste: 0.011 0.042 0.019 0.007 0.003 0.002
2024-10-13 11:18:56,117 - mmdet - INFO - Epoch [2][50/300]	lr: 2.095e-03, eta: 0:35:13, time: 0.664, data_time: 0.058, memory: 8738, stage0_loss_instance_mil: 0.6169, stage0_bag_acc: 33.9512, stage0_mean_ious: 0.0966, stage0_s: 0.0000, stage0_m: 0.0143, stage0_l: 0.0876, stage0_h: 0.0908, stage1_loss_instance_mil: 0.1611, stage1_bag_acc: 28.7232, stage1_neg_loss: 0.0196, stage1_mean_ious: 0.0908, stage1_s: 0.0000, stage1_m: 0.0144, stage1_l: 0.0879, stage1_h: 0.0830, loss: 0.7976, grad_norm: 2.6033
2024-10-13 11:19:28,277 - mmdet - INFO - Epoch [2][100/300]	lr: 2.395e-03, eta: 0:34:38, time: 0.643, data_time: 0.012, memory: 8738, stage0_loss_instance_mil: 0.6400, stage0_bag_acc: 30.0992, stage0_mean_ious: 0.1015, stage0_s: 0.0000, stage0_m: 0.0114, stage0_l: 0.0975, stage0_h: 0.0961, stage1_loss_instance_mil: 0.1777, stage1_bag_acc: 21.8457, stage1_neg_loss: 0.0205, stage1_mean_ious: 0.0907, stage1_s: 0.0000, stage1_m: 0.0131, stage1_l: 0.0926, stage1_h: 0.0840, loss: 0.8381, grad_norm: 2.6479
2024-10-13 11:20:01,369 - mmdet - INFO - Epoch [2][150/300]	lr: 2.694e-03, eta: 0:34:09, time: 0.662, data_time: 0.013, memory: 8738, stage0_loss_instance_mil: 0.6023, stage0_bag_acc: 33.2959, stage0_mean_ious: 0.0946, stage0_s: 0.0000, stage0_m: 0.0087, stage0_l: 0.0771, stage0_h: 0.0880, stage1_loss_instance_mil: 0.1749, stage1_bag_acc: 27.0923, stage1_neg_loss: 0.0170, stage1_mean_ious: 0.0891, stage1_s: 0.0000, stage1_m: 0.0088, stage1_l: 0.0777, stage1_h: 0.0815, loss: 0.7941, grad_norm: 2.1676
2024-10-13 11:20:32,644 - mmdet - INFO - Epoch [2][200/300]	lr: 2.994e-03, eta: 0:33:29, time: 0.625, data_time: 0.012, memory: 8738, stage0_loss_instance_mil: 0.6909, stage0_bag_acc: 22.6520, stage0_mean_ious: 0.1007, stage0_s: 0.0000, stage0_m: 0.0210, stage0_l: 0.0864, stage0_h: 0.0939, stage1_loss_instance_mil: 0.1662, stage1_bag_acc: 22.1629, stage1_neg_loss: 0.3777, stage1_mean_ious: 0.0947, stage1_s: 0.0000, stage1_m: 0.0243, stage1_l: 0.0902, stage1_h: 0.0858, loss: 1.2348, grad_norm: 13.2309
2024-10-13 11:21:04,776 - mmdet - INFO - Epoch [2][250/300]	lr: 3.000e-03, eta: 0:32:55, time: 0.643, data_time: 0.013, memory: 8738, stage0_loss_instance_mil: 0.6480, stage0_bag_acc: 20.6406, stage0_mean_ious: 0.1012, stage0_s: 0.0000, stage0_m: 0.0092, stage0_l: 0.0834, stage0_h: 0.0964, stage1_loss_instance_mil: 0.1429, stage1_bag_acc: 18.9521, stage1_neg_loss: 0.0285, stage1_mean_ious: 0.0909, stage1_s: 0.0000, stage1_m: 0.0093, stage1_l: 0.0825, stage1_h: 0.0844, loss: 0.8194, grad_norm: 1.9086
2024-10-13 11:21:38,058 - mmdet - INFO - Exp name: P2BNet_r50_fpn_1x_coco_ms.py
2024-10-13 11:21:38,059 - mmdet - INFO - Epoch [2][300/300]	lr: 3.000e-03, eta: 0:32:27, time: 0.666, data_time: 0.013, memory: 8738, stage0_loss_instance_mil: 0.6341, stage0_bag_acc: 19.6383, stage0_mean_ious: 0.0834, stage0_s: 0.0000, stage0_m: 0.0115, stage0_l: 0.0988, stage0_h: 0.0743, stage1_loss_instance_mil: 0.1707, stage1_bag_acc: 17.5513, stage1_neg_loss: 0.0040, stage1_mean_ious: 0.0859, stage1_s: 0.0000, stage1_m: 0.0115, stage1_l: 0.1030, stage1_h: 0.0762, loss: 0.8087, grad_norm: 0.6138
2024-10-13 11:21:38,130 - mmdet - INFO - Saving checkpoint at 2 epochs
2024-10-13 11:23:44,989 - mmdet - INFO - Evaluating bbox...
2024-10-13 11:23:45,783 - mmdet - INFO -  Average Precision  (AP) @[ IoU=0.50:0.95 | area=   all | maxDets=100 ] = 0.0003
2024-10-13 11:23:45,783 - mmdet - INFO -  Average Precision  (AP) @[ IoU=0.50      | area=   all | maxDets=1000 ] = 0.0013
2024-10-13 11:23:45,783 - mmdet - INFO -  Average Precision  (AP) @[ IoU=0.60      | area=   all | maxDets=1000 ] = 0.0004
2024-10-13 11:23:45,783 - mmdet - INFO -  Average Precision  (AP) @[ IoU=0.70      | area=   all | maxDets=1000 ] = 0.0001
2024-10-13 11:23:45,783 - mmdet - INFO -  Average Precision  (AP) @[ IoU=0.75      | area=   all | maxDets=1000 ] = 0.0000
2024-10-13 11:23:45,783 - mmdet - INFO -  Average Precision  (AP) @[ IoU=0.80      | area=   all | maxDets=1000 ] = 0.0000
2024-10-13 11:23:45,783 - mmdet - INFO -  Average Precision  (AP) @[ IoU=0.90      | area=   all | maxDets=1000 ] = 0.0000
2024-10-13 11:23:45,784 - mmdet - INFO -  Average Precision  (AP) @[ IoU=0.50:0.95 | area= small | maxDets=1000 ] = 0.0270
2024-10-13 11:23:45,784 - mmdet - INFO -  Average Precision  (AP) @[ IoU=0.50:0.95 | area=medium | maxDets=1000 ] = 0.0001
2024-10-13 11:23:45,784 - mmdet - INFO -  Average Precision  (AP) @[ IoU=0.50:0.95 | area= large | maxDets=1000 ] = 0.0000
2024-10-13 11:23:45,784 - mmdet - INFO -  Average Recall     (AR) @[ IoU=0.50:0.95 | area=   all | maxDets=100 ] = 0.0046
2024-10-13 11:23:45,784 - mmdet - INFO -  Average Recall     (AR) @[ IoU=0.50      | area=   all | maxDets=100 ] = 0.0151
2024-10-13 11:23:45,784 - mmdet - INFO -  Average Recall     (AR) @[ IoU=0.50:0.95 | area=   all | maxDets=300 ] = 0.0046
2024-10-13 11:23:45,784 - mmdet - INFO -  Average Recall     (AR) @[ IoU=0.50:0.95 | area=   all | maxDets=1000 ] = 0.0046
2024-10-13 11:23:45,784 - mmdet - INFO -  Average Recall     (AR) @[ IoU=0.50:0.95 | area= small | maxDets=1000 ] = 0.0715
2024-10-13 11:23:45,784 - mmdet - INFO -  Average Recall     (AR) @[ IoU=0.50:0.95 | area=medium | maxDets=1000 ] = 0.0035
2024-10-13 11:23:45,784 - mmdet - INFO -  Average Recall     (AR) @[ IoU=0.50:0.95 | area= large | maxDets=1000 ] = 0.0000
2024-10-13 11:23:45,800 - mmdet - INFO - Exp name: P2BNet_r50_fpn_1x_coco_ms.py
2024-10-13 11:23:45,801 - mmdet - INFO - Epoch(val) [2][300]	eval_iter_num: 720, bbox_mAP: 0.0000, bbox_mAP_50: 0.0010, bbox_mAP_75: 0.0000, bbox_mAP_s: 0.0000, bbox_mAP_m: 0.0000, bbox_mAP_l: 0.0000, bbox_mAP_copypaste: 0.000 0.001 0.000 0.000 0.000 0.000
2024-10-13 11:24:20,263 - mmdet - INFO - Epoch [3][50/300]	lr: 3.000e-03, eta: 0:32:04, time: 0.689, data_time: 0.057, memory: 8738, stage0_loss_instance_mil: 0.6244, stage0_bag_acc: 25.4468, stage0_mean_ious: 0.0875, stage0_s: 0.0000, stage0_m: 0.0148, stage0_l: 0.0940, stage0_h: 0.0797, stage1_loss_instance_mil: 0.1049, stage1_bag_acc: 23.7329, stage1_neg_loss: 0.0169, stage1_mean_ious: 0.0895, stage1_s: 0.0000, stage1_m: 0.0140, stage1_l: 0.1030, stage1_h: 0.0810, loss: 0.7462, grad_norm: 0.7022
2024-10-13 11:24:51,303 - mmdet - INFO - Epoch [3][100/300]	lr: 3.000e-03, eta: 0:31:25, time: 0.621, data_time: 0.011, memory: 8738, stage0_loss_instance_mil: 0.6938, stage0_bag_acc: 27.8376, stage0_mean_ious: 0.0932, stage0_s: 0.0000, stage0_m: 0.0129, stage0_l: 0.0881, stage0_h: 0.0848, stage1_loss_instance_mil: 0.1403, stage1_bag_acc: 20.4273, stage1_neg_loss: 0.2913, stage1_mean_ious: 0.0909, stage1_s: 0.0000, stage1_m: 0.0146, stage1_l: 0.0883, stage1_h: 0.0814, loss: 1.1254, grad_norm: 26.3129
