2024-03-04 15:22:34,084 - mmdet - INFO - Environment info:
------------------------------------------------------------
sys.platform: linux
Python: 3.7.16 (default, Jan 17 2023, 22:20:44) [GCC 11.2.0]
CUDA available: True
GPU 0,1,2,3,4,5,6,7: NVIDIA GeForce RTX 3090
CUDA_HOME: /usr/local/cuda-12.0
NVCC: Build cuda_12.0.r12.0/compiler.31968024_0
GCC: gcc (Ubuntu 7.5.0-3ubuntu1~18.04) 7.5.0
PyTorch: 1.7.0
PyTorch compiling details: PyTorch built with:
  - GCC 7.3
  - C++ Version: 201402
  - Intel(R) oneAPI Math Kernel Library Version 2021.4-Product Build 20210904 for Intel(R) 64 architecture applications
  - Intel(R) MKL-DNN v1.6.0 (Git Hash 5ef631a030a6f73131c77892041042805a06064f)
  - OpenMP 201511 (a.k.a. OpenMP 4.5)
  - NNPACK is enabled
  - CPU capability usage: AVX2
  - CUDA Runtime 11.0
  - NVCC architecture flags: -gencode;arch=compute_37,code=sm_37;-gencode;arch=compute_50,code=sm_50;-gencode;arch=compute_60,code=sm_60;-gencode;arch=compute_61,code=sm_61;-gencode;arch=compute_70,code=sm_70;-gencode;arch=compute_75,code=sm_75;-gencode;arch=compute_80,code=sm_80;-gencode;arch=compute_37,code=compute_37
  - CuDNN 8.0.3
  - Magma 2.5.2
  - Build settings: BLAS=MKL, BUILD_TYPE=Release, CXX_FLAGS= -Wno-deprecated -fvisibility-inlines-hidden -DUSE_PTHREADPOOL -fopenmp -DNDEBUG -DUSE_FBGEMM -DUSE_QNNPACK -DUSE_PYTORCH_QNNPACK -DUSE_XNNPACK -DUSE_VULKAN_WRAPPER -O2 -fPIC -Wno-narrowing -Wall -Wextra -Werror=return-type -Wno-missing-field-initializers -Wno-type-limits -Wno-array-bounds -Wno-unknown-pragmas -Wno-sign-compare -Wno-unused-parameter -Wno-unused-variable -Wno-unused-function -Wno-unused-result -Wno-unused-local-typedefs -Wno-strict-overflow -Wno-strict-aliasing -Wno-error=deprecated-declarations -Wno-stringop-overflow -Wno-psabi -Wno-error=pedantic -Wno-error=redundant-decls -Wno-error=old-style-cast -fdiagnostics-color=always -faligned-new -Wno-unused-but-set-variable -Wno-maybe-uninitialized -fno-math-errno -fno-trapping-math -Werror=format -Wno-stringop-overflow, PERF_WITH_AVX=1, PERF_WITH_AVX2=1, PERF_WITH_AVX512=1, USE_CUDA=ON, USE_EXCEPTION_PTR=1, USE_GFLAGS=OFF, USE_GLOG=OFF, USE_MKL=ON, USE_MKLDNN=ON, USE_MPI=OFF, USE_NCCL=ON, USE_NNPACK=ON, USE_OPENMP=ON, 

TorchVision: 0.8.0
OpenCV: 4.8.1
MMCV: 1.3.3
MMCV Compiler: GCC 7.3
MMCV CUDA Compiler: 11.0
MMDetection: 2.13.0+c820f32
------------------------------------------------------------

2024-03-04 15:22:35,922 - mmdet - INFO - Distributed training: False
2024-03-04 15:22:37,568 - mmdet - INFO - Config:
checkpoint_config = dict(interval=1)
log_config = dict(interval=50, hooks=[dict(type='TextLoggerHook')])
custom_hooks = [dict(type='NumClassCheckHook')]
dist_params = dict(backend='nccl')
log_level = 'INFO'
load_from = '../TOV_mmdetection_cache/work_dir/coco/pre_trained/P2B.pth'
resume_from = None
workflow = [('train', 1)]
norm_cfg = dict(type='GN', num_groups=32, requires_grad=True)
debug = False
num_stages = 2
model = dict(
    type='P2BNet',
    pretrained='torchvision://resnet50',
    backbone=dict(
        type='ResNet',
        depth=50,
        num_stages=4,
        out_indices=(0, 1, 2, 3),
        frozen_stages=1,
        norm_cfg=dict(type='BN', requires_grad=True),
        norm_eval=True,
        style='pytorch'),
    neck=dict(
        type='FPN',
        in_channels=[256, 512, 1024, 2048],
        out_channels=256,
        start_level=0,
        add_extra_convs='on_input',
        num_outs=4,
        norm_cfg=dict(type='GN', num_groups=32, requires_grad=True)),
    roi_head=dict(
        type='P2BHead',
        num_stages=2,
        top_k=7,
        with_atten=False,
        bbox_roi_extractor=dict(
            type='SingleRoIExtractor',
            roi_layer=dict(type='RoIAlign', output_size=7),
            out_channels=256,
            featmap_strides=[4, 8, 16, 32]),
        bbox_head=dict(
            type='Shared2FCInstanceMILHead',
            num_stages=2,
            with_loss_pseudo=False,
            in_channels=256,
            fc_out_channels=1024,
            roi_feat_size=7,
            num_classes=6,
            num_ref_fcs=0,
            bbox_coder=dict(
                type='DeltaXYWHBBoxCoder',
                target_means=[0.0, 0.0, 0.0, 0.0],
                target_stds=[0.1, 0.1, 0.2, 0.2]),
            reg_class_agnostic=True,
            loss_type='MIL',
            loss_mil1=dict(
                type='MILLoss',
                binary_ins=False,
                loss_weight=0.25,
                loss_type='binary_cross_entropy'),
            loss_mil2=dict(
                type='MILLoss',
                binary_ins=False,
                loss_weight=0.25,
                loss_type='gfocal_loss'))),
    train_cfg=dict(
        base_proposal=dict(
            base_scales=[4, 8, 16, 32, 64, 128],
            base_ratios=[
                0.3333333333333333, 0.5, 0.6666666666666666, 1.0, 1.5, 2.0, 3.0
            ],
            shake_ratio=None,
            cut_mode='symmetry',
            gen_num_neg=0),
        fine_proposal=dict(
            gen_proposal_mode='fix_gen',
            cut_mode=None,
            shake_ratio=[0.1],
            base_ratios=[1, 1.2, 1.3, 0.8, 0.7],
            iou_thr=0.3,
            gen_num_neg=500),
        rcnn=None),
    test_cfg=dict(rpn=None, rcnn=None))
dataset_type = 'CocoFmtDataset'
data_root = 'data/coco/'
img_norm_cfg = dict(
    mean=[123.675, 116.28, 103.53], std=[58.395, 57.12, 57.375], to_rgb=True)
train_pipeline = [
    dict(type='LoadImageFromFile'),
    dict(type='LoadAnnotations', with_bbox=True),
    dict(
        type='Resize',
        img_scale=[(2000, 480), (2000, 576), (2000, 688), (2000, 864),
                   (2000, 1000), (2000, 1200)],
        multiscale_mode='value',
        keep_ratio=True),
    dict(type='RandomFlip', flip_ratio=0.5),
    dict(
        type='Normalize',
        mean=[123.675, 116.28, 103.53],
        std=[58.395, 57.12, 57.375],
        to_rgb=True),
    dict(type='Pad', size_divisor=32),
    dict(type='DefaultFormatBundle'),
    dict(
        type='Collect',
        keys=[
            'img', 'gt_bboxes', 'gt_labels', 'gt_bboxes_ignore',
            'gt_true_bboxes'
        ])
]
test_scale = 1200
test_pipeline = [
    dict(type='LoadImageFromFile'),
    dict(type='LoadAnnotations', with_bbox=True),
    dict(
        type='MultiScaleFlipAug',
        img_scale=(2000, 1200),
        flip=False,
        transforms=[
            dict(type='Resize', keep_ratio=True),
            dict(type='RandomFlip'),
            dict(
                type='Normalize',
                mean=[123.675, 116.28, 103.53],
                std=[58.395, 57.12, 57.375],
                to_rgb=True),
            dict(type='Pad', size_divisor=32),
            dict(type='DefaultFormatBundle'),
            dict(
                type='Collect',
                keys=[
                    'img', 'gt_bboxes', 'gt_labels', 'gt_bboxes_ignore',
                    'gt_anns_id', 'gt_true_bboxes'
                ])
        ])
]
data = dict(
    samples_per_gpu=8,
    workers_per_gpu=1,
    shuffle=None,
    train=dict(
        type='CocoFmtDataset',
        ann_file='data/coco/annotations_qc_pt/instances_train2017_coarse.json',
        img_prefix='data/coco/images/train/',
        pipeline=[
            dict(type='LoadImageFromFile'),
            dict(type='LoadAnnotations', with_bbox=True),
            dict(
                type='Resize',
                img_scale=[(2000, 480), (2000, 576), (2000, 688), (2000, 864),
                           (2000, 1000), (2000, 1200)],
                multiscale_mode='value',
                keep_ratio=True),
            dict(type='RandomFlip', flip_ratio=0.5),
            dict(
                type='Normalize',
                mean=[123.675, 116.28, 103.53],
                std=[58.395, 57.12, 57.375],
                to_rgb=True),
            dict(type='Pad', size_divisor=32),
            dict(type='DefaultFormatBundle'),
            dict(
                type='Collect',
                keys=[
                    'img', 'gt_bboxes', 'gt_labels', 'gt_bboxes_ignore',
                    'gt_true_bboxes'
                ])
        ]),
    val=dict(
        samples_per_gpu=2,
        type='CocoFmtDataset',
        ann_file='data/coco/annotations_qc_pt/instances_train2017_coarse.json',
        img_prefix='data/coco/images/train/',
        pipeline=[
            dict(type='LoadImageFromFile'),
            dict(type='LoadAnnotations', with_bbox=True),
            dict(
                type='MultiScaleFlipAug',
                img_scale=(2000, 1200),
                flip=False,
                transforms=[
                    dict(type='Resize', keep_ratio=True),
                    dict(type='RandomFlip'),
                    dict(
                        type='Normalize',
                        mean=[123.675, 116.28, 103.53],
                        std=[58.395, 57.12, 57.375],
                        to_rgb=True),
                    dict(type='Pad', size_divisor=32),
                    dict(type='DefaultFormatBundle'),
                    dict(
                        type='Collect',
                        keys=[
                            'img', 'gt_bboxes', 'gt_labels',
                            'gt_bboxes_ignore', 'gt_anns_id', 'gt_true_bboxes'
                        ])
                ])
        ],
        test_mode=False),
    test=dict(
        samples_per_gpu=2,
        type='CocoFmtDataset',
        ann_file='data/coco/annotations/instances_val.json',
        img_prefix='data/coco/images/val/',
        pipeline=[
            dict(type='LoadImageFromFile'),
            dict(type='LoadAnnotations', with_bbox=True),
            dict(
                type='MultiScaleFlipAug',
                img_scale=(2000, 1200),
                flip=False,
                transforms=[
                    dict(type='Resize', keep_ratio=True),
                    dict(type='RandomFlip'),
                    dict(
                        type='Normalize',
                        mean=[123.675, 116.28, 103.53],
                        std=[58.395, 57.12, 57.375],
                        to_rgb=True),
                    dict(type='Pad', size_divisor=32),
                    dict(type='DefaultFormatBundle'),
                    dict(
                        type='Collect',
                        keys=[
                            'img', 'gt_bboxes', 'gt_labels',
                            'gt_bboxes_ignore', 'gt_anns_id', 'gt_true_bboxes'
                        ])
                ])
        ],
        test_mode=False))
check = dict(stop_while_nan=False)
optimizer = dict(type='SGD', lr=0.01, momentum=0.9, weight_decay=0.0001)
optimizer_config = dict(grad_clip=dict(max_norm=35, norm_type=2))
lr_config = dict(
    policy='step',
    warmup='linear',
    warmup_iters=500,
    warmup_ratio=0.001,
    step=[8, 11])
runner = dict(type='EpochBasedRunner', max_epochs=12)
work_dir = '../TOV_mmdetection_cache/work_dir/coco/'
evaluation = dict(
    interval=1,
    metric='bbox',
    save_result_file=
    '../TOV_mmdetection_cache/work_dir/coco/_1200_latest_result.json',
    do_first_eval=False,
    do_final_eval=True)
gpu_ids = range(0, 1)

2024-03-04 15:22:42,898 - mmdet - INFO - load checkpoint from ../TOV_mmdetection_cache/work_dir/coco/pre_trained/P2B.pth
2024-03-04 15:22:42,899 - mmdet - INFO - Use load_from_local loader
2024-03-04 15:22:43,318 - mmdet - WARNING - The model and loaded state dict do not match exactly

size mismatch for roi_head.bbox_head.fc_cls.0.weight: copying a param with shape torch.Size([81, 1024]) from checkpoint, the shape in current model is torch.Size([7, 1024]).
size mismatch for roi_head.bbox_head.fc_cls.0.bias: copying a param with shape torch.Size([81]) from checkpoint, the shape in current model is torch.Size([7]).
size mismatch for roi_head.bbox_head.fc_cls.1.weight: copying a param with shape torch.Size([80, 1024]) from checkpoint, the shape in current model is torch.Size([6, 1024]).
size mismatch for roi_head.bbox_head.fc_cls.1.bias: copying a param with shape torch.Size([80]) from checkpoint, the shape in current model is torch.Size([6]).
size mismatch for roi_head.bbox_head.fc_ins.0.weight: copying a param with shape torch.Size([81, 1024]) from checkpoint, the shape in current model is torch.Size([7, 1024]).
size mismatch for roi_head.bbox_head.fc_ins.0.bias: copying a param with shape torch.Size([81]) from checkpoint, the shape in current model is torch.Size([7]).
size mismatch for roi_head.bbox_head.fc_ins.1.weight: copying a param with shape torch.Size([80, 1024]) from checkpoint, the shape in current model is torch.Size([6, 1024]).
size mismatch for roi_head.bbox_head.fc_ins.1.bias: copying a param with shape torch.Size([80]) from checkpoint, the shape in current model is torch.Size([6]).
2024-03-04 15:22:43,325 - mmdet - INFO - Start running, host: lxz@user-SYS-4029GP-TRT2, work_dir: /home/lxz/P2BNet/TOV_mmdetection_cache/work_dir/coco
2024-03-04 15:22:43,326 - mmdet - INFO - workflow: [('train', 1)], max: 12 epochs
2024-03-04 15:23:46,734 - mmdet - INFO - Epoch [1][50/180]	lr: 9.890e-04, eta: 0:44:35, time: 1.268, data_time: 0.086, memory: 16562, stage0_loss_instance_mil: 0.6669, stage0_bag_acc: 26.7266, stage0_mean_ious: 0.3150, stage0_s: 0.0000, stage0_m: 0.0363, stage0_l: 0.2509, stage0_h: 0.3129, stage1_loss_instance_mil: 0.1836, stage1_bag_acc: 22.1478, stage1_neg_loss: 0.0046, stage1_mean_ious: 0.3035, stage1_s: 0.0000, stage1_m: 0.0294, stage1_l: 0.2364, stage1_h: 0.3026, loss: 0.8552, grad_norm: 3.3878
2024-03-04 15:24:46,630 - mmdet - INFO - Epoch [1][100/180]	lr: 1.988e-03, eta: 0:42:19, time: 1.198, data_time: 0.034, memory: 16562, stage0_loss_instance_mil: 0.4325, stage0_bag_acc: 61.6532, stage0_mean_ious: 0.3960, stage0_s: 0.0000, stage0_m: 0.0717, stage0_l: 0.3095, stage0_h: 0.3958, stage1_loss_instance_mil: 0.2365, stage1_bag_acc: 53.1832, stage1_neg_loss: 0.0302, stage1_mean_ious: 0.3622, stage1_s: 0.0000, stage1_m: 0.0665, stage1_l: 0.2956, stage1_h: 0.3613, loss: 0.6993, grad_norm: 4.4896
2024-03-04 15:25:46,189 - mmdet - INFO - Epoch [1][150/180]	lr: 2.987e-03, eta: 0:40:50, time: 1.191, data_time: 0.036, memory: 16571, stage0_loss_instance_mil: 0.2289, stage0_bag_acc: 86.2382, stage0_mean_ious: 0.3256, stage0_s: 0.0000, stage0_m: 0.1004, stage0_l: 0.2440, stage0_h: 0.3279, stage1_loss_instance_mil: 0.4296, stage1_bag_acc: 63.7521, stage1_neg_loss: 0.1000, stage1_mean_ious: 0.3265, stage1_s: 0.0000, stage1_m: 0.0925, stage1_l: 0.2410, stage1_h: 0.3306, loss: 0.7584, grad_norm: 10.4281
2024-03-04 15:26:22,607 - mmdet - INFO - Saving checkpoint at 1 epochs
2024-03-04 15:28:32,539 - mmdet - INFO - Evaluating bbox...
2024-03-04 15:28:34,416 - mmdet - INFO -  Average Precision  (AP) @[ IoU=0.50:0.95 | area=   all | maxDets=100 ] = 0.0094
2024-03-04 15:28:34,416 - mmdet - INFO -  Average Precision  (AP) @[ IoU=0.50      | area=   all | maxDets=1000 ] = 0.0391
2024-03-04 15:28:34,416 - mmdet - INFO -  Average Precision  (AP) @[ IoU=0.60      | area=   all | maxDets=1000 ] = 0.0143
2024-03-04 15:28:34,417 - mmdet - INFO -  Average Precision  (AP) @[ IoU=0.70      | area=   all | maxDets=1000 ] = 0.0043
2024-03-04 15:28:34,417 - mmdet - INFO -  Average Precision  (AP) @[ IoU=0.75      | area=   all | maxDets=1000 ] = 0.0024
2024-03-04 15:28:34,417 - mmdet - INFO -  Average Precision  (AP) @[ IoU=0.80      | area=   all | maxDets=1000 ] = 0.0014
2024-03-04 15:28:34,417 - mmdet - INFO -  Average Precision  (AP) @[ IoU=0.90      | area=   all | maxDets=1000 ] = 0.0000
2024-03-04 15:28:34,417 - mmdet - INFO -  Average Precision  (AP) @[ IoU=0.50:0.95 | area= small | maxDets=1000 ] = 0.0669
2024-03-04 15:28:34,417 - mmdet - INFO -  Average Precision  (AP) @[ IoU=0.50:0.95 | area=medium | maxDets=1000 ] = 0.0214
2024-03-04 15:28:34,417 - mmdet - INFO -  Average Precision  (AP) @[ IoU=0.50:0.95 | area= large | maxDets=1000 ] = 0.0508
2024-03-04 15:28:34,418 - mmdet - INFO -  Average Recall     (AR) @[ IoU=0.50:0.95 | area=   all | maxDets=100 ] = 0.0455
2024-03-04 15:28:34,418 - mmdet - INFO -  Average Recall     (AR) @[ IoU=0.50:0.95 | area=   all | maxDets=300 ] = 0.0455
2024-03-04 15:28:34,418 - mmdet - INFO -  Average Recall     (AR) @[ IoU=0.50:0.95 | area=   all | maxDets=1000 ] = 0.0455
2024-03-04 15:28:34,418 - mmdet - INFO -  Average Recall     (AR) @[ IoU=0.50:0.95 | area= small | maxDets=1000 ] = 0.0780
2024-03-04 15:28:34,418 - mmdet - INFO -  Average Recall     (AR) @[ IoU=0.50:0.95 | area=medium | maxDets=1000 ] = 0.0485
2024-03-04 15:28:34,418 - mmdet - INFO -  Average Recall     (AR) @[ IoU=0.50:0.95 | area= large | maxDets=1000 ] = 0.0515
2024-03-04 15:28:34,455 - mmdet - INFO - Exp name: P2BNet_r50_fpn_1x_coco_ms.py
2024-03-04 15:28:34,457 - mmdet - INFO - Epoch(val) [1][180]	eval_iter_num: 720, bbox_mAP: 0.0090, bbox_mAP_50: 0.0390, bbox_mAP_75: 0.0140, bbox_mAP_s: 0.0040, bbox_mAP_m: 0.0020, bbox_mAP_l: 0.0010, bbox_mAP_copypaste: 0.009 0.039 0.014 0.004 0.002 0.001
2024-03-04 15:29:36,387 - mmdet - INFO - Epoch [2][50/180]	lr: 4.585e-03, eta: 0:34:13, time: 1.238, data_time: 0.087, memory: 16578, stage0_loss_instance_mil: 0.1356, stage0_bag_acc: 91.3370, stage0_mean_ious: 0.4177, stage0_s: 0.0000, stage0_m: 0.0614, stage0_l: 0.2256, stage0_h: 0.4284, stage1_loss_instance_mil: 0.3233, stage1_bag_acc: 83.8993, stage1_neg_loss: 0.0655, stage1_mean_ious: 0.4053, stage1_s: 0.0000, stage1_m: 0.0602, stage1_l: 0.2250, stage1_h: 0.4160, loss: 0.5244, grad_norm: 5.4004
2024-03-04 15:30:37,729 - mmdet - INFO - Epoch [2][100/180]	lr: 5.584e-03, eta: 0:34:15, time: 1.227, data_time: 0.037, memory: 16578, stage0_loss_instance_mil: 0.1255, stage0_bag_acc: 93.1584, stage0_mean_ious: 0.4618, stage0_s: 0.0000, stage0_m: 0.1337, stage0_l: 0.2889, stage0_h: 0.4718, stage1_loss_instance_mil: 0.3431, stage1_bag_acc: 79.1009, stage1_neg_loss: 0.0660, stage1_mean_ious: 0.4477, stage1_s: 0.0000, stage1_m: 0.1286, stage1_l: 0.2797, stage1_h: 0.4572, loss: 0.5346, grad_norm: 4.6148
2024-03-04 15:31:38,195 - mmdet - INFO - Epoch [2][150/180]	lr: 6.583e-03, eta: 0:33:52, time: 1.209, data_time: 0.038, memory: 16578, stage0_loss_instance_mil: 0.1980, stage0_bag_acc: 87.4763, stage0_mean_ious: 0.4622, stage0_s: 0.0000, stage0_m: 0.0435, stage0_l: 0.3267, stage0_h: 0.4706, stage1_loss_instance_mil: 0.2970, stage1_bag_acc: 78.4734, stage1_neg_loss: 0.0497, stage1_mean_ious: 0.4688, stage1_s: 0.0000, stage1_m: 0.0410, stage1_l: 0.3491, stage1_h: 0.4737, loss: 0.5447, grad_norm: 4.6442
2024-03-04 15:32:15,362 - mmdet - INFO - Saving checkpoint at 2 epochs
2024-03-04 15:34:28,866 - mmdet - INFO - Evaluating bbox...
2024-03-04 15:34:30,832 - mmdet - INFO -  Average Precision  (AP) @[ IoU=0.50:0.95 | area=   all | maxDets=100 ] = 0.0081
2024-03-04 15:34:30,833 - mmdet - INFO -  Average Precision  (AP) @[ IoU=0.50      | area=   all | maxDets=1000 ] = 0.0394
2024-03-04 15:34:30,833 - mmdet - INFO -  Average Precision  (AP) @[ IoU=0.60      | area=   all | maxDets=1000 ] = 0.0109
2024-03-04 15:34:30,833 - mmdet - INFO -  Average Precision  (AP) @[ IoU=0.70      | area=   all | maxDets=1000 ] = 0.0028
2024-03-04 15:34:30,833 - mmdet - INFO -  Average Precision  (AP) @[ IoU=0.75      | area=   all | maxDets=1000 ] = 0.0015
2024-03-04 15:34:30,834 - mmdet - INFO -  Average Precision  (AP) @[ IoU=0.80      | area=   all | maxDets=1000 ] = 0.0003
2024-03-04 15:34:30,834 - mmdet - INFO -  Average Precision  (AP) @[ IoU=0.90      | area=   all | maxDets=1000 ] = 0.0000
2024-03-04 15:34:30,834 - mmdet - INFO -  Average Precision  (AP) @[ IoU=0.50:0.95 | area= small | maxDets=1000 ] = 0.1213
2024-03-04 15:34:30,834 - mmdet - INFO -  Average Precision  (AP) @[ IoU=0.50:0.95 | area=medium | maxDets=1000 ] = 0.0098
2024-03-04 15:34:30,835 - mmdet - INFO -  Average Precision  (AP) @[ IoU=0.50:0.95 | area= large | maxDets=1000 ] = 0.0223
2024-03-04 15:34:30,835 - mmdet - INFO -  Average Recall     (AR) @[ IoU=0.50:0.95 | area=   all | maxDets=100 ] = 0.0384
2024-03-04 15:34:30,835 - mmdet - INFO -  Average Recall     (AR) @[ IoU=0.50:0.95 | area=   all | maxDets=300 ] = 0.0384
2024-03-04 15:34:30,835 - mmdet - INFO -  Average Recall     (AR) @[ IoU=0.50:0.95 | area=   all | maxDets=1000 ] = 0.0384
2024-03-04 15:34:30,835 - mmdet - INFO -  Average Recall     (AR) @[ IoU=0.50:0.95 | area= small | maxDets=1000 ] = 0.1510
2024-03-04 15:34:30,835 - mmdet - INFO -  Average Recall     (AR) @[ IoU=0.50:0.95 | area=medium | maxDets=1000 ] = 0.0429
2024-03-04 15:34:30,836 - mmdet - INFO -  Average Recall     (AR) @[ IoU=0.50:0.95 | area= large | maxDets=1000 ] = 0.0298
2024-03-04 15:34:30,877 - mmdet - INFO - Exp name: P2BNet_r50_fpn_1x_coco_ms.py
2024-03-04 15:34:30,879 - mmdet - INFO - Epoch(val) [2][180]	eval_iter_num: 720, bbox_mAP: 0.0080, bbox_mAP_50: 0.0390, bbox_mAP_75: 0.0110, bbox_mAP_s: 0.0030, bbox_mAP_m: 0.0010, bbox_mAP_l: 0.0000, bbox_mAP_copypaste: 0.008 0.039 0.011 0.003 0.001 0.000
2024-03-04 15:35:34,204 - mmdet - INFO - Epoch [3][50/180]	lr: 8.182e-03, eta: 0:30:34, time: 1.266, data_time: 0.087, memory: 16578, stage0_loss_instance_mil: 0.1322, stage0_bag_acc: 92.2075, stage0_mean_ious: 0.5090, stage0_s: 0.0000, stage0_m: 0.0523, stage0_l: 0.2707, stage0_h: 0.5277, stage1_loss_instance_mil: 0.3066, stage1_bag_acc: 77.2094, stage1_neg_loss: 0.0530, stage1_mean_ious: 0.5164, stage1_s: 0.0000, stage1_m: 0.0626, stage1_l: 0.3161, stage1_h: 0.5299, loss: 0.4919, grad_norm: 3.6470
2024-03-04 15:36:36,983 - mmdet - INFO - Epoch [3][100/180]	lr: 9.181e-03, eta: 0:30:20, time: 1.256, data_time: 0.041, memory: 16578, stage0_loss_instance_mil: 0.1250, stage0_bag_acc: 93.2116, stage0_mean_ious: 0.4636, stage0_s: 0.0000, stage0_m: 0.0612, stage0_l: 0.3190, stage0_h: 0.4664, stage1_loss_instance_mil: 0.2549, stage1_bag_acc: 81.4709, stage1_neg_loss: 0.0480, stage1_mean_ious: 0.4745, stage1_s: 0.0000, stage1_m: 0.0738, stage1_l: 0.3371, stage1_h: 0.4755, loss: 0.4279, grad_norm: 3.6212
2024-03-04 15:37:36,092 - mmdet - INFO - Epoch [3][150/180]	lr: 1.000e-02, eta: 0:29:45, time: 1.182, data_time: 0.040, memory: 16578, stage0_loss_instance_mil: 0.1960, stage0_bag_acc: 86.9741, stage0_mean_ious: 0.5164, stage0_s: 0.0000, stage0_m: 0.0644, stage0_l: 0.3018, stage0_h: 0.5411, stage1_loss_instance_mil: 0.1877, stage1_bag_acc: 87.4877, stage1_neg_loss: 0.0577, stage1_mean_ious: 0.5245, stage1_s: 0.0000, stage1_m: 0.0695, stage1_l: 0.3254, stage1_h: 0.5467, loss: 0.4414, grad_norm: 4.4326
2024-03-04 15:38:12,899 - mmdet - INFO - Saving checkpoint at 3 epochs
2024-03-04 15:40:28,088 - mmdet - INFO - Evaluating bbox...
2024-03-04 15:40:29,912 - mmdet - INFO -  Average Precision  (AP) @[ IoU=0.50:0.95 | area=   all | maxDets=100 ] = 0.0024
2024-03-04 15:40:29,913 - mmdet - INFO -  Average Precision  (AP) @[ IoU=0.50      | area=   all | maxDets=1000 ] = 0.0098
2024-03-04 15:40:29,913 - mmdet - INFO -  Average Precision  (AP) @[ IoU=0.60      | area=   all | maxDets=1000 ] = 0.0038
2024-03-04 15:40:29,913 - mmdet - INFO -  Average Precision  (AP) @[ IoU=0.70      | area=   all | maxDets=1000 ] = 0.0008
2024-03-04 15:40:29,913 - mmdet - INFO -  Average Precision  (AP) @[ IoU=0.75      | area=   all | maxDets=1000 ] = 0.0003
2024-03-04 15:40:29,914 - mmdet - INFO -  Average Precision  (AP) @[ IoU=0.80      | area=   all | maxDets=1000 ] = 0.0001
2024-03-04 15:40:29,914 - mmdet - INFO -  Average Precision  (AP) @[ IoU=0.90      | area=   all | maxDets=1000 ] = 0.0000
2024-03-04 15:40:29,914 - mmdet - INFO -  Average Precision  (AP) @[ IoU=0.50:0.95 | area= small | maxDets=1000 ] = 0.1525
2024-03-04 15:40:29,914 - mmdet - INFO -  Average Precision  (AP) @[ IoU=0.50:0.95 | area=medium | maxDets=1000 ] = 0.0045
2024-03-04 15:40:29,914 - mmdet - INFO -  Average Precision  (AP) @[ IoU=0.50:0.95 | area= large | maxDets=1000 ] = 0.0093
2024-03-04 15:40:29,915 - mmdet - INFO -  Average Recall     (AR) @[ IoU=0.50:0.95 | area=   all | maxDets=100 ] = 0.0215
2024-03-04 15:40:29,915 - mmdet - INFO -  Average Recall     (AR) @[ IoU=0.50:0.95 | area=   all | maxDets=300 ] = 0.0215
2024-03-04 15:40:29,915 - mmdet - INFO -  Average Recall     (AR) @[ IoU=0.50:0.95 | area=   all | maxDets=1000 ] = 0.0215
2024-03-04 15:40:29,915 - mmdet - INFO -  Average Recall     (AR) @[ IoU=0.50:0.95 | area= small | maxDets=1000 ] = 0.1732
2024-03-04 15:40:29,915 - mmdet - INFO -  Average Recall     (AR) @[ IoU=0.50:0.95 | area=medium | maxDets=1000 ] = 0.0196
2024-03-04 15:40:29,915 - mmdet - INFO -  Average Recall     (AR) @[ IoU=0.50:0.95 | area= large | maxDets=1000 ] = 0.0100
2024-03-04 15:40:29,952 - mmdet - INFO - Exp name: P2BNet_r50_fpn_1x_coco_ms.py
2024-03-04 15:40:29,952 - mmdet - INFO - Epoch(val) [3][180]	eval_iter_num: 720, bbox_mAP: 0.0020, bbox_mAP_50: 0.0100, bbox_mAP_75: 0.0040, bbox_mAP_s: 0.0010, bbox_mAP_m: 0.0000, bbox_mAP_l: 0.0000, bbox_mAP_copypaste: 0.002 0.010 0.004 0.001 0.000 0.000
2024-03-04 15:41:33,408 - mmdet - INFO - Epoch [4][50/180]	lr: 1.000e-02, eta: 0:27:16, time: 1.268, data_time: 0.091, memory: 16578, stage0_loss_instance_mil: 0.1680, stage0_bag_acc: 88.7739, stage0_mean_ious: 0.4864, stage0_s: 0.0000, stage0_m: 0.1128, stage0_l: 0.3540, stage0_h: 0.4912, stage1_loss_instance_mil: 0.1952, stage1_bag_acc: 87.1366, stage1_neg_loss: 0.0437, stage1_mean_ious: 0.4942, stage1_s: 0.0000, stage1_m: 0.1175, stage1_l: 0.3687, stage1_h: 0.4972, loss: 0.4069, grad_norm: 4.0671
2024-03-04 15:42:33,387 - mmdet - INFO - Epoch [4][100/180]	lr: 1.000e-02, eta: 0:26:43, time: 1.200, data_time: 0.039, memory: 16578, stage0_loss_instance_mil: 0.0942, stage0_bag_acc: 93.6400, stage0_mean_ious: 0.5203, stage0_s: 0.0000, stage0_m: 0.0808, stage0_l: 0.3716, stage0_h: 0.5322, stage1_loss_instance_mil: 0.1641, stage1_bag_acc: 92.3456, stage1_neg_loss: 0.0534, stage1_mean_ious: 0.5158, stage1_s: 0.0000, stage1_m: 0.0892, stage1_l: 0.3956, stage1_h: 0.5226, loss: 0.3117, grad_norm: 3.7396
2024-03-04 15:43:34,230 - mmdet - INFO - Epoch [4][150/180]	lr: 1.000e-02, eta: 0:26:07, time: 1.217, data_time: 0.040, memory: 16578, stage0_loss_instance_mil: 0.0873, stage0_bag_acc: 94.0887, stage0_mean_ious: 0.5117, stage0_s: 0.0000, stage0_m: 0.0646, stage0_l: 0.3825, stage0_h: 0.5243, stage1_loss_instance_mil: 0.1307, stage1_bag_acc: 94.0475, stage1_neg_loss: 0.0403, stage1_mean_ious: 0.5068, stage1_s: 0.0000, stage1_m: 0.0698, stage1_l: 0.3948, stage1_h: 0.5161, loss: 0.2584, grad_norm: 3.1505
2024-03-04 15:44:10,423 - mmdet - INFO - Saving checkpoint at 4 epochs
