2024-10-13 15:01:22,692 - mmdet - INFO - Environment info:
------------------------------------------------------------
sys.platform: linux
Python: 3.7.16 (default, Jan 17 2023, 22:20:44) [GCC 11.2.0]
CUDA available: True
GPU 0,1,2,3,4,5,6,7: NVIDIA GeForce RTX 3090
CUDA_HOME: /usr/local/cuda-12.0
NVCC: Build cuda_12.0.r12.0/compiler.31968024_0
GCC: gcc (Ubuntu 11.4.0-2ubuntu1~18.04) 11.4.0
PyTorch: 1.7.0
PyTorch compiling details: PyTorch built with:
  - GCC 7.3
  - C++ Version: 201402
  - Intel(R) oneAPI Math Kernel Library Version 2021.4-Product Build 20210904 for Intel(R) 64 architecture applications
  - Intel(R) MKL-DNN v1.6.0 (Git Hash 5ef631a030a6f73131c77892041042805a06064f)
  - OpenMP 201511 (a.k.a. OpenMP 4.5)
  - NNPACK is enabled
  - CPU capability usage: AVX2
  - CUDA Runtime 11.0
  - NVCC architecture flags: -gencode;arch=compute_37,code=sm_37;-gencode;arch=compute_50,code=sm_50;-gencode;arch=compute_60,code=sm_60;-gencode;arch=compute_61,code=sm_61;-gencode;arch=compute_70,code=sm_70;-gencode;arch=compute_75,code=sm_75;-gencode;arch=compute_80,code=sm_80;-gencode;arch=compute_37,code=compute_37
  - CuDNN 8.0.3
  - Magma 2.5.2
  - Build settings: BLAS=MKL, BUILD_TYPE=Release, CXX_FLAGS= -Wno-deprecated -fvisibility-inlines-hidden -DUSE_PTHREADPOOL -fopenmp -DNDEBUG -DUSE_FBGEMM -DUSE_QNNPACK -DUSE_PYTORCH_QNNPACK -DUSE_XNNPACK -DUSE_VULKAN_WRAPPER -O2 -fPIC -Wno-narrowing -Wall -Wextra -Werror=return-type -Wno-missing-field-initializers -Wno-type-limits -Wno-array-bounds -Wno-unknown-pragmas -Wno-sign-compare -Wno-unused-parameter -Wno-unused-variable -Wno-unused-function -Wno-unused-result -Wno-unused-local-typedefs -Wno-strict-overflow -Wno-strict-aliasing -Wno-error=deprecated-declarations -Wno-stringop-overflow -Wno-psabi -Wno-error=pedantic -Wno-error=redundant-decls -Wno-error=old-style-cast -fdiagnostics-color=always -faligned-new -Wno-unused-but-set-variable -Wno-maybe-uninitialized -fno-math-errno -fno-trapping-math -Werror=format -Wno-stringop-overflow, PERF_WITH_AVX=1, PERF_WITH_AVX2=1, PERF_WITH_AVX512=1, USE_CUDA=ON, USE_EXCEPTION_PTR=1, USE_GFLAGS=OFF, USE_GLOG=OFF, USE_MKL=ON, USE_MKLDNN=ON, USE_MPI=OFF, USE_NCCL=ON, USE_NNPACK=ON, USE_OPENMP=ON, 

TorchVision: 0.8.0
OpenCV: 4.8.1
MMCV: 1.3.3
MMCV Compiler: GCC 7.3
MMCV CUDA Compiler: 11.0
MMDetection: 2.13.0+bdcbe92
------------------------------------------------------------

2024-10-13 15:01:23,557 - mmdet - INFO - Distributed training: False
2024-10-13 15:01:24,377 - mmdet - INFO - Config:
checkpoint_config = dict(interval=1)
log_config = dict(interval=50, hooks=[dict(type='TextLoggerHook')])
custom_hooks = [dict(type='NumClassCheckHook')]
dist_params = dict(backend='nccl')
log_level = 'INFO'
load_from = '../TOV_mmdetection_cache/work_dir/coco/pre_trained/P2B.pth'
resume_from = None
workflow = [('train', 1)]
norm_cfg = dict(type='GN', num_groups=32, requires_grad=True)
debug = False
num_stages = 2
model = dict(
    type='P2BNet',
    pretrained='torchvision://resnet50',
    backbone=dict(
        type='ResNet',
        depth=50,
        num_stages=4,
        out_indices=(0, 1, 2, 3),
        frozen_stages=1,
        norm_cfg=dict(type='BN', requires_grad=True),
        norm_eval=True,
        style='pytorch'),
    neck=dict(
        type='FPN',
        in_channels=[256, 512, 1024, 2048],
        out_channels=256,
        start_level=0,
        add_extra_convs='on_input',
        num_outs=4,
        norm_cfg=dict(type='GN', num_groups=32, requires_grad=True)),
    roi_head=dict(
        type='P2BHead',
        num_stages=2,
        top_k=7,
        with_atten=False,
        bbox_roi_extractor=dict(
            type='SingleRoIExtractor',
            roi_layer=dict(type='RoIAlign', output_size=7),
            out_channels=256,
            featmap_strides=[4, 8, 16, 32]),
        bbox_head=dict(
            type='Shared2FCInstanceMILHead',
            num_stages=2,
            with_loss_pseudo=False,
            in_channels=256,
            fc_out_channels=1024,
            roi_feat_size=7,
            num_classes=6,
            num_ref_fcs=0,
            bbox_coder=dict(
                type='DeltaXYWHBBoxCoder',
                target_means=[0.0, 0.0, 0.0, 0.0],
                target_stds=[0.1, 0.1, 0.2, 0.2]),
            reg_class_agnostic=True,
            loss_type='MIL',
            loss_mil1=dict(
                type='MILLoss',
                binary_ins=False,
                loss_weight=0.25,
                loss_type='binary_cross_entropy'),
            loss_mil2=dict(
                type='MILLoss',
                binary_ins=False,
                loss_weight=0.25,
                loss_type='gfocal_loss'))),
    train_cfg=dict(
        base_proposal=dict(
            base_scales=[4, 8, 16, 32, 64, 128],
            base_ratios=[
                0.3333333333333333, 0.5, 0.6666666666666666, 1.0, 1.5, 2.0, 3.0
            ],
            shake_ratio=None,
            cut_mode='symmetry',
            gen_num_neg=0),
        fine_proposal=dict(
            gen_proposal_mode='fix_gen',
            cut_mode=None,
            shake_ratio=[0.1],
            base_ratios=[1, 1.2, 1.3, 0.8, 0.7],
            iou_thr=0.3,
            gen_num_neg=3500),
        rcnn=None),
    test_cfg=dict(rpn=None, rcnn=None))
dataset_type = 'CocoFmtDataset'
data_root = 'data/coco/'
img_norm_cfg = dict(
    mean=[123.675, 116.28, 103.53], std=[58.395, 57.12, 57.375], to_rgb=True)
train_pipeline = [
    dict(type='LoadImageFromFile'),
    dict(type='LoadAnnotations', with_bbox=True),
    dict(
        type='Resize',
        img_scale=[(2000, 480), (2000, 576), (2000, 688), (2000, 864),
                   (2000, 1000), (2000, 1200)],
        multiscale_mode='value',
        keep_ratio=True),
    dict(type='RandomFlip', flip_ratio=0.5),
    dict(
        type='Normalize',
        mean=[123.675, 116.28, 103.53],
        std=[58.395, 57.12, 57.375],
        to_rgb=True),
    dict(type='Pad', size_divisor=32),
    dict(type='DefaultFormatBundle'),
    dict(
        type='Collect',
        keys=[
            'img', 'gt_bboxes', 'gt_labels', 'gt_bboxes_ignore',
            'gt_true_bboxes'
        ])
]
test_scale = 1200
test_pipeline = [
    dict(type='LoadImageFromFile'),
    dict(type='LoadAnnotations', with_bbox=True),
    dict(
        type='MultiScaleFlipAug',
        img_scale=(2000, 1200),
        flip=False,
        transforms=[
            dict(type='Resize', keep_ratio=True),
            dict(type='RandomFlip'),
            dict(
                type='Normalize',
                mean=[123.675, 116.28, 103.53],
                std=[58.395, 57.12, 57.375],
                to_rgb=True),
            dict(type='Pad', size_divisor=32),
            dict(type='DefaultFormatBundle'),
            dict(
                type='Collect',
                keys=[
                    'img', 'gt_bboxes', 'gt_labels', 'gt_bboxes_ignore',
                    'gt_anns_id', 'gt_true_bboxes'
                ])
        ])
]
data = dict(
    samples_per_gpu=4,
    workers_per_gpu=1,
    shuffle=None,
    train=dict(
        type='CocoFmtDataset',
        ann_file='data/coco/annotations_qc_pt/instances_train2017_coarse.json',
        img_prefix='data/coco/images/train/',
        pipeline=[
            dict(type='LoadImageFromFile'),
            dict(type='LoadAnnotations', with_bbox=True),
            dict(
                type='Resize',
                img_scale=[(2000, 480), (2000, 576), (2000, 688), (2000, 864),
                           (2000, 1000), (2000, 1200)],
                multiscale_mode='value',
                keep_ratio=True),
            dict(type='RandomFlip', flip_ratio=0.5),
            dict(
                type='Normalize',
                mean=[123.675, 116.28, 103.53],
                std=[58.395, 57.12, 57.375],
                to_rgb=True),
            dict(type='Pad', size_divisor=32),
            dict(type='DefaultFormatBundle'),
            dict(
                type='Collect',
                keys=[
                    'img', 'gt_bboxes', 'gt_labels', 'gt_bboxes_ignore',
                    'gt_true_bboxes'
                ])
        ]),
    val=dict(
        samples_per_gpu=2,
        type='CocoFmtDataset',
        ann_file='data/coco/annotations/instances_train.json',
        img_prefix='data/coco/images/train/',
        pipeline=[
            dict(type='LoadImageFromFile'),
            dict(type='LoadAnnotations', with_bbox=True),
            dict(
                type='MultiScaleFlipAug',
                img_scale=(2000, 1200),
                flip=False,
                transforms=[
                    dict(type='Resize', keep_ratio=True),
                    dict(type='RandomFlip'),
                    dict(
                        type='Normalize',
                        mean=[123.675, 116.28, 103.53],
                        std=[58.395, 57.12, 57.375],
                        to_rgb=True),
                    dict(type='Pad', size_divisor=32),
                    dict(type='DefaultFormatBundle'),
                    dict(
                        type='Collect',
                        keys=[
                            'img', 'gt_bboxes', 'gt_labels',
                            'gt_bboxes_ignore', 'gt_anns_id', 'gt_true_bboxes'
                        ])
                ])
        ],
        test_mode=False),
    test=dict(
        type='CocoFmtDataset',
        ann_file='data/coco/annotations/instances_train.json',
        img_prefix='data/coco/images/train/',
        pipeline=[
            dict(type='LoadImageFromFile'),
            dict(type='LoadAnnotations', with_bbox=True),
            dict(
                type='MultiScaleFlipAug',
                img_scale=(2000, 1200),
                flip=False,
                transforms=[
                    dict(type='Resize', keep_ratio=True),
                    dict(type='RandomFlip'),
                    dict(
                        type='Normalize',
                        mean=[123.675, 116.28, 103.53],
                        std=[58.395, 57.12, 57.375],
                        to_rgb=True),
                    dict(type='Pad', size_divisor=32),
                    dict(type='DefaultFormatBundle'),
                    dict(
                        type='Collect',
                        keys=[
                            'img', 'gt_bboxes', 'gt_labels',
                            'gt_bboxes_ignore', 'gt_anns_id', 'gt_true_bboxes'
                        ])
                ])
        ]))
check = dict(stop_while_nan=False)
optimizer = dict(type='Adam', lr=0.003, weight_decay=0.001)
optimizer_config = dict(grad_clip=dict(max_norm=35, norm_type=2))
lr_config = dict(
    policy='step',
    warmup='linear',
    warmup_iters=500,
    warmup_ratio=0.001,
    step=[8, 11])
runner = dict(type='EpochBasedRunner', max_epochs=12)
work_dir = '../TOV_mmdetection_cache/work_dir/coco/'
evaluation = dict(
    interval=1,
    metric='bbox',
    save_result_file=
    '../TOV_mmdetection_cache/work_dir/coco/_1200_latest_result.json',
    do_first_eval=False,
    do_final_eval=True)
gpu_ids = [1]

2024-10-13 15:01:27,704 - mmdet - INFO - load checkpoint from ../TOV_mmdetection_cache/work_dir/coco/pre_trained/P2B.pth
2024-10-13 15:01:27,705 - mmdet - INFO - Use load_from_local loader
2024-10-13 15:01:28,130 - mmdet - WARNING - The model and loaded state dict do not match exactly

size mismatch for roi_head.bbox_head.fc_cls.0.weight: copying a param with shape torch.Size([81, 1024]) from checkpoint, the shape in current model is torch.Size([7, 1024]).
size mismatch for roi_head.bbox_head.fc_cls.0.bias: copying a param with shape torch.Size([81]) from checkpoint, the shape in current model is torch.Size([7]).
size mismatch for roi_head.bbox_head.fc_cls.1.weight: copying a param with shape torch.Size([80, 1024]) from checkpoint, the shape in current model is torch.Size([6, 1024]).
size mismatch for roi_head.bbox_head.fc_cls.1.bias: copying a param with shape torch.Size([80]) from checkpoint, the shape in current model is torch.Size([6]).
size mismatch for roi_head.bbox_head.fc_ins.0.weight: copying a param with shape torch.Size([81, 1024]) from checkpoint, the shape in current model is torch.Size([7, 1024]).
size mismatch for roi_head.bbox_head.fc_ins.0.bias: copying a param with shape torch.Size([81]) from checkpoint, the shape in current model is torch.Size([7]).
size mismatch for roi_head.bbox_head.fc_ins.1.weight: copying a param with shape torch.Size([80, 1024]) from checkpoint, the shape in current model is torch.Size([6, 1024]).
size mismatch for roi_head.bbox_head.fc_ins.1.bias: copying a param with shape torch.Size([80]) from checkpoint, the shape in current model is torch.Size([6]).
2024-10-13 15:01:28,135 - mmdet - INFO - Start running, host: lxz@user-SYS-4029GP-TRT2, work_dir: /home/lxz/P2BNet/TOV_mmdetection_cache/work_dir/coco
2024-10-13 15:01:28,135 - mmdet - INFO - workflow: [('train', 1)], max: 12 epochs
2024-10-13 15:02:15,371 - mmdet - INFO - Epoch [1][50/300]	lr: 2.967e-04, eta: 0:55:53, time: 0.945, data_time: 0.059, memory: 9689, stage0_loss_instance_mil: 0.5254, stage0_bag_acc: 48.5501, stage0_mean_ious: 0.1097, stage0_s: 0.0000, stage0_m: 0.0117, stage0_l: 0.0925, stage0_h: 0.0991, stage1_loss_instance_mil: 0.2890, stage1_bag_acc: 37.3679, stage1_neg_loss: 0.1214, stage1_mean_ious: 0.1092, stage1_s: 0.0000, stage1_m: 0.0124, stage1_l: 0.0967, stage1_h: 0.0968, loss: 0.9358, grad_norm: 23.0873
2024-10-13 15:03:00,091 - mmdet - INFO - Epoch [1][100/300]	lr: 5.964e-04, eta: 0:53:38, time: 0.894, data_time: 0.013, memory: 9689, stage0_loss_instance_mil: 0.5713, stage0_bag_acc: 44.8408, stage0_mean_ious: 0.0951, stage0_s: 0.0000, stage0_m: 0.0108, stage0_l: 0.0718, stage0_h: 0.0898, stage1_loss_instance_mil: 0.2800, stage1_bag_acc: 44.5825, stage1_neg_loss: 0.0355, stage1_mean_ious: 0.0963, stage1_s: 0.0000, stage1_m: 0.0130, stage1_l: 0.0757, stage1_h: 0.0897, loss: 0.8867, grad_norm: 7.9024
2024-10-13 15:03:44,863 - mmdet - INFO - Epoch [1][150/300]	lr: 8.961e-04, eta: 0:52:24, time: 0.895, data_time: 0.013, memory: 9712, stage0_loss_instance_mil: 0.5946, stage0_bag_acc: 36.7413, stage0_mean_ious: 0.0951, stage0_s: 0.0000, stage0_m: 0.0131, stage0_l: 0.0819, stage0_h: 0.0870, stage1_loss_instance_mil: 0.2283, stage1_bag_acc: 48.5421, stage1_neg_loss: 0.0201, stage1_mean_ious: 0.0923, stage1_s: 0.0000, stage1_m: 0.0140, stage1_l: 0.0765, stage1_h: 0.0846, loss: 0.8430, grad_norm: 3.8612
2024-10-13 15:04:29,612 - mmdet - INFO - Epoch [1][200/300]	lr: 1.196e-03, eta: 0:51:25, time: 0.895, data_time: 0.013, memory: 9712, stage0_loss_instance_mil: 0.6155, stage0_bag_acc: 31.5677, stage0_mean_ious: 0.0914, stage0_s: 0.0017, stage0_m: 0.0021, stage0_l: 0.0825, stage0_h: 0.0844, stage1_loss_instance_mil: 0.2323, stage1_bag_acc: 25.1137, stage1_neg_loss: 0.0134, stage1_mean_ious: 0.0859, stage1_s: 0.0018, stage1_m: 0.0023, stage1_l: 0.0801, stage1_h: 0.0787, loss: 0.8612, grad_norm: 3.7766
2024-10-13 15:05:13,170 - mmdet - INFO - Epoch [1][250/300]	lr: 1.496e-03, eta: 0:50:15, time: 0.871, data_time: 0.013, memory: 9752, stage0_loss_instance_mil: 0.6174, stage0_bag_acc: 24.3007, stage0_mean_ious: 0.0873, stage0_s: 0.0000, stage0_m: 0.0189, stage0_l: 0.0690, stage0_h: 0.0806, stage1_loss_instance_mil: 0.1824, stage1_bag_acc: 36.0561, stage1_neg_loss: 0.0125, stage1_mean_ious: 0.0821, stage1_s: 0.0000, stage1_m: 0.0204, stage1_l: 0.0636, stage1_h: 0.0754, loss: 0.8122, grad_norm: 1.7922
2024-10-13 15:05:57,979 - mmdet - INFO - Exp name: P2BNet_r50_fpn_1x_coco_ms.py
2024-10-13 15:05:57,979 - mmdet - INFO - Epoch [1][300/300]	lr: 1.795e-03, eta: 0:49:28, time: 0.896, data_time: 0.014, memory: 9752, stage0_loss_instance_mil: 0.6157, stage0_bag_acc: 23.9545, stage0_mean_ious: 0.1101, stage0_s: 0.0000, stage0_m: 0.0215, stage0_l: 0.0765, stage0_h: 0.1060, stage1_loss_instance_mil: 0.1995, stage1_bag_acc: 28.8689, stage1_neg_loss: 0.0179, stage1_mean_ious: 0.1050, stage1_s: 0.0000, stage1_m: 0.0202, stage1_l: 0.0722, stage1_h: 0.1017, loss: 0.8331, grad_norm: 2.1885
2024-10-13 15:05:58,068 - mmdet - INFO - Saving checkpoint at 1 epochs
2024-10-13 15:08:07,688 - mmdet - INFO - Evaluating bbox...
2024-10-13 15:08:08,498 - mmdet - INFO -  Average Precision  (AP) @[ IoU=0.50:0.95 | area=   all | maxDets=100 ] = 0.0196
2024-10-13 15:08:08,499 - mmdet - INFO -  Average Precision  (AP) @[ IoU=0.50      | area=   all | maxDets=1000 ] = 0.0864
2024-10-13 15:08:08,499 - mmdet - INFO -  Average Precision  (AP) @[ IoU=0.60      | area=   all | maxDets=1000 ] = 0.0277
2024-10-13 15:08:08,499 - mmdet - INFO -  Average Precision  (AP) @[ IoU=0.70      | area=   all | maxDets=1000 ] = 0.0064
2024-10-13 15:08:08,499 - mmdet - INFO -  Average Precision  (AP) @[ IoU=0.75      | area=   all | maxDets=1000 ] = 0.0030
2024-10-13 15:08:08,499 - mmdet - INFO -  Average Precision  (AP) @[ IoU=0.80      | area=   all | maxDets=1000 ] = 0.0013
2024-10-13 15:08:08,499 - mmdet - INFO -  Average Precision  (AP) @[ IoU=0.90      | area=   all | maxDets=1000 ] = 0.0002
2024-10-13 15:08:08,499 - mmdet - INFO -  Average Precision  (AP) @[ IoU=0.50:0.95 | area= small | maxDets=1000 ] = 0.0312
2024-10-13 15:08:08,499 - mmdet - INFO -  Average Precision  (AP) @[ IoU=0.50:0.95 | area=medium | maxDets=1000 ] = 0.0256
2024-10-13 15:08:08,500 - mmdet - INFO -  Average Precision  (AP) @[ IoU=0.50:0.95 | area= large | maxDets=1000 ] = 0.0339
2024-10-13 15:08:08,500 - mmdet - INFO -  Average Recall     (AR) @[ IoU=0.50:0.95 | area=   all | maxDets=100 ] = 0.0602
2024-10-13 15:08:08,500 - mmdet - INFO -  Average Recall     (AR) @[ IoU=0.50      | area=   all | maxDets=100 ] = 0.1861
2024-10-13 15:08:08,500 - mmdet - INFO -  Average Recall     (AR) @[ IoU=0.50:0.95 | area=   all | maxDets=300 ] = 0.0602
2024-10-13 15:08:08,500 - mmdet - INFO -  Average Recall     (AR) @[ IoU=0.50:0.95 | area=   all | maxDets=1000 ] = 0.0602
2024-10-13 15:08:08,500 - mmdet - INFO -  Average Recall     (AR) @[ IoU=0.50:0.95 | area= small | maxDets=1000 ] = 0.1133
2024-10-13 15:08:08,500 - mmdet - INFO -  Average Recall     (AR) @[ IoU=0.50:0.95 | area=medium | maxDets=1000 ] = 0.0879
2024-10-13 15:08:08,500 - mmdet - INFO -  Average Recall     (AR) @[ IoU=0.50:0.95 | area= large | maxDets=1000 ] = 0.0828
2024-10-13 15:08:08,514 - mmdet - INFO - Exp name: P2BNet_r50_fpn_1x_coco_ms.py
2024-10-13 15:08:08,515 - mmdet - INFO - Epoch(val) [1][300]	eval_iter_num: 720, bbox_mAP: 0.0200, bbox_mAP_50: 0.0860, bbox_mAP_75: 0.0280, bbox_mAP_s: 0.0060, bbox_mAP_m: 0.0030, bbox_mAP_l: 0.0010, bbox_mAP_copypaste: 0.020 0.086 0.028 0.006 0.003 0.001
2024-10-13 15:08:54,786 - mmdet - INFO - Epoch [2][50/300]	lr: 2.095e-03, eta: 0:48:55, time: 0.925, data_time: 0.060, memory: 9752, stage0_loss_instance_mil: 0.6358, stage0_bag_acc: 23.5756, stage0_mean_ious: 0.0986, stage0_s: 0.0000, stage0_m: 0.0195, stage0_l: 0.0661, stage0_h: 0.0955, stage1_loss_instance_mil: 0.1918, stage1_bag_acc: 21.4529, stage1_neg_loss: 0.0103, stage1_mean_ious: 0.0970, stage1_s: 0.0000, stage1_m: 0.0161, stage1_l: 0.0724, stage1_h: 0.0926, loss: 0.8379, grad_norm: 1.5731
2024-10-13 15:09:38,278 - mmdet - INFO - Epoch [2][100/300]	lr: 2.395e-03, eta: 0:47:56, time: 0.870, data_time: 0.012, memory: 9752, stage0_loss_instance_mil: 0.6317, stage0_bag_acc: 21.5002, stage0_mean_ious: 0.0854, stage0_s: 0.0000, stage0_m: 0.0075, stage0_l: 0.0700, stage0_h: 0.0795, stage1_loss_instance_mil: 0.1905, stage1_bag_acc: 21.1582, stage1_neg_loss: 0.0112, stage1_mean_ious: 0.0838, stage1_s: 0.0000, stage1_m: 0.0047, stage1_l: 0.0704, stage1_h: 0.0773, loss: 0.8334, grad_norm: 1.2768
2024-10-13 15:10:23,243 - mmdet - INFO - Epoch [2][150/300]	lr: 2.694e-03, eta: 0:47:11, time: 0.899, data_time: 0.014, memory: 9752, stage0_loss_instance_mil: 0.6508, stage0_bag_acc: 27.3948, stage0_mean_ious: 0.1043, stage0_s: 0.0000, stage0_m: 0.0198, stage0_l: 0.1053, stage0_h: 0.0925, stage1_loss_instance_mil: 0.1997, stage1_bag_acc: 23.9902, stage1_neg_loss: 0.0140, stage1_mean_ious: 0.1026, stage1_s: 0.0000, stage1_m: 0.0228, stage1_l: 0.1133, stage1_h: 0.0881, loss: 0.8644, grad_norm: 2.3816
2024-10-13 15:11:07,974 - mmdet - INFO - Epoch [2][200/300]	lr: 2.994e-03, eta: 0:46:25, time: 0.895, data_time: 0.013, memory: 9752, stage0_loss_instance_mil: 0.6246, stage0_bag_acc: 27.9172, stage0_mean_ious: 0.0990, stage0_s: 0.0000, stage0_m: 0.0205, stage0_l: 0.1079, stage0_h: 0.0898, stage1_loss_instance_mil: 0.2046, stage1_bag_acc: 22.4365, stage1_neg_loss: 0.0097, stage1_mean_ious: 0.0999, stage1_s: 0.0000, stage1_m: 0.0197, stage1_l: 0.1070, stage1_h: 0.0915, loss: 0.8389, grad_norm: 1.2818
2024-10-13 15:11:51,395 - mmdet - INFO - Epoch [2][250/300]	lr: 3.000e-03, eta: 0:45:32, time: 0.868, data_time: 0.013, memory: 9752, stage0_loss_instance_mil: 0.6392, stage0_bag_acc: 24.8815, stage0_mean_ious: 0.1011, stage0_s: 0.0000, stage0_m: 0.0205, stage0_l: 0.0776, stage0_h: 0.0958, stage1_loss_instance_mil: 0.1875, stage1_bag_acc: 20.5172, stage1_neg_loss: 0.0119, stage1_mean_ious: 0.1039, stage1_s: 0.0000, stage1_m: 0.0220, stage1_l: 0.0830, stage1_h: 0.0968, loss: 0.8386, grad_norm: 1.2770
2024-10-13 15:12:37,605 - mmdet - INFO - Exp name: P2BNet_r50_fpn_1x_coco_ms.py
2024-10-13 15:12:37,605 - mmdet - INFO - Epoch [2][300/300]	lr: 3.000e-03, eta: 0:44:54, time: 0.924, data_time: 0.014, memory: 9752, stage0_loss_instance_mil: 0.6341, stage0_bag_acc: 25.0988, stage0_mean_ious: 0.0944, stage0_s: 0.0004, stage0_m: 0.0053, stage0_l: 0.0864, stage0_h: 0.0906, stage1_loss_instance_mil: 0.1810, stage1_bag_acc: 23.0638, stage1_neg_loss: 0.0108, stage1_mean_ious: 0.0966, stage1_s: 0.0003, stage1_m: 0.0062, stage1_l: 0.0995, stage1_h: 0.0890, loss: 0.8259, grad_norm: 1.3639
2024-10-13 15:12:37,752 - mmdet - INFO - Saving checkpoint at 2 epochs
2024-10-13 15:14:46,825 - mmdet - INFO - Evaluating bbox...
2024-10-13 15:14:47,644 - mmdet - INFO -  Average Precision  (AP) @[ IoU=0.50:0.95 | area=   all | maxDets=100 ] = 0.0158
2024-10-13 15:14:47,644 - mmdet - INFO -  Average Precision  (AP) @[ IoU=0.50      | area=   all | maxDets=1000 ] = 0.0592
2024-10-13 15:14:47,645 - mmdet - INFO -  Average Precision  (AP) @[ IoU=0.60      | area=   all | maxDets=1000 ] = 0.0269
2024-10-13 15:14:47,645 - mmdet - INFO -  Average Precision  (AP) @[ IoU=0.70      | area=   all | maxDets=1000 ] = 0.0071
2024-10-13 15:14:47,645 - mmdet - INFO -  Average Precision  (AP) @[ IoU=0.75      | area=   all | maxDets=1000 ] = 0.0044
2024-10-13 15:14:47,645 - mmdet - INFO -  Average Precision  (AP) @[ IoU=0.80      | area=   all | maxDets=1000 ] = 0.0017
2024-10-13 15:14:47,645 - mmdet - INFO -  Average Precision  (AP) @[ IoU=0.90      | area=   all | maxDets=1000 ] = 0.0008
2024-10-13 15:14:47,645 - mmdet - INFO -  Average Precision  (AP) @[ IoU=0.50:0.95 | area= small | maxDets=1000 ] = 0.0084
2024-10-13 15:14:47,645 - mmdet - INFO -  Average Precision  (AP) @[ IoU=0.50:0.95 | area=medium | maxDets=1000 ] = 0.0241
2024-10-13 15:14:47,645 - mmdet - INFO -  Average Precision  (AP) @[ IoU=0.50:0.95 | area= large | maxDets=1000 ] = 0.0007
2024-10-13 15:14:47,645 - mmdet - INFO -  Average Recall     (AR) @[ IoU=0.50:0.95 | area=   all | maxDets=100 ] = 0.0489
2024-10-13 15:14:47,645 - mmdet - INFO -  Average Recall     (AR) @[ IoU=0.50      | area=   all | maxDets=100 ] = 0.1409
2024-10-13 15:14:47,646 - mmdet - INFO -  Average Recall     (AR) @[ IoU=0.50:0.95 | area=   all | maxDets=300 ] = 0.0489
2024-10-13 15:14:47,646 - mmdet - INFO -  Average Recall     (AR) @[ IoU=0.50:0.95 | area=   all | maxDets=1000 ] = 0.0489
2024-10-13 15:14:47,646 - mmdet - INFO -  Average Recall     (AR) @[ IoU=0.50:0.95 | area= small | maxDets=1000 ] = 0.0211
2024-10-13 15:14:47,646 - mmdet - INFO -  Average Recall     (AR) @[ IoU=0.50:0.95 | area=medium | maxDets=1000 ] = 0.0894
2024-10-13 15:14:47,646 - mmdet - INFO -  Average Recall     (AR) @[ IoU=0.50:0.95 | area= large | maxDets=1000 ] = 0.0016
2024-10-13 15:14:47,662 - mmdet - INFO - Exp name: P2BNet_r50_fpn_1x_coco_ms.py
2024-10-13 15:14:47,663 - mmdet - INFO - Epoch(val) [2][300]	eval_iter_num: 720, bbox_mAP: 0.0160, bbox_mAP_50: 0.0590, bbox_mAP_75: 0.0270, bbox_mAP_s: 0.0070, bbox_mAP_m: 0.0040, bbox_mAP_l: 0.0020, bbox_mAP_copypaste: 0.016 0.059 0.027 0.007 0.004 0.002
2024-10-13 15:15:33,813 - mmdet - INFO - Epoch [3][50/300]	lr: 3.000e-03, eta: 0:44:15, time: 0.923, data_time: 0.057, memory: 9752, stage0_loss_instance_mil: 0.6260, stage0_bag_acc: 25.0824, stage0_mean_ious: 0.1203, stage0_s: 0.0000, stage0_m: 0.0117, stage0_l: 0.0934, stage0_h: 0.1146, stage1_loss_instance_mil: 0.1843, stage1_bag_acc: 26.3049, stage1_neg_loss: 0.0139, stage1_mean_ious: 0.1215, stage1_s: 0.0000, stage1_m: 0.0162, stage1_l: 0.0961, stage1_h: 0.1135, loss: 0.8241, grad_norm: 1.2424
2024-10-13 15:16:19,021 - mmdet - INFO - Epoch [3][100/300]	lr: 3.000e-03, eta: 0:43:31, time: 0.904, data_time: 0.014, memory: 9752, stage0_loss_instance_mil: 0.6239, stage0_bag_acc: 18.4439, stage0_mean_ious: 0.1120, stage0_s: 0.0000, stage0_m: 0.0094, stage0_l: 0.0940, stage0_h: 0.1049, stage1_loss_instance_mil: 0.1832, stage1_bag_acc: 16.9327, stage1_neg_loss: 0.0164, stage1_mean_ious: 0.1118, stage1_s: 0.0000, stage1_m: 0.0101, stage1_l: 0.0921, stage1_h: 0.1060, loss: 0.8235, grad_norm: 1.2392
2024-10-13 15:17:02,569 - mmdet - INFO - Epoch [3][150/300]	lr: 3.000e-03, eta: 0:42:40, time: 0.871, data_time: 0.013, memory: 9752, stage0_loss_instance_mil: 0.6246, stage0_bag_acc: 23.0636, stage0_mean_ious: 0.1143, stage0_s: 0.0000, stage0_m: 0.0154, stage0_l: 0.0989, stage0_h: 0.1113, stage1_loss_instance_mil: 0.1850, stage1_bag_acc: 22.4353, stage1_neg_loss: 0.0154, stage1_mean_ious: 0.1103, stage1_s: 0.0000, stage1_m: 0.0192, stage1_l: 0.1060, stage1_h: 0.1041, loss: 0.8250, grad_norm: 1.3843
2024-10-13 15:17:47,259 - mmdet - INFO - Epoch [3][200/300]	lr: 3.000e-03, eta: 0:41:54, time: 0.894, data_time: 0.014, memory: 9752, stage0_loss_instance_mil: 0.6275, stage0_bag_acc: 25.6182, stage0_mean_ious: 0.1052, stage0_s: 0.0000, stage0_m: 0.0085, stage0_l: 0.0728, stage0_h: 0.1022, stage1_loss_instance_mil: 0.1754, stage1_bag_acc: 18.6902, stage1_neg_loss: 0.0160, stage1_mean_ious: 0.1035, stage1_s: 0.0000, stage1_m: 0.0115, stage1_l: 0.0809, stage1_h: 0.0976, loss: 0.8189, grad_norm: 1.2202
2024-10-13 15:18:30,989 - mmdet - INFO - Epoch [3][250/300]	lr: 3.000e-03, eta: 0:41:06, time: 0.875, data_time: 0.013, memory: 9752, stage0_loss_instance_mil: 0.6334, stage0_bag_acc: 26.1878, stage0_mean_ious: 0.1282, stage0_s: 0.0000, stage0_m: 0.0077, stage0_l: 0.0976, stage0_h: 0.1238, stage1_loss_instance_mil: 0.1706, stage1_bag_acc: 21.1867, stage1_neg_loss: 0.0187, stage1_mean_ious: 0.1214, stage1_s: 0.0000, stage1_m: 0.0085, stage1_l: 0.0962, stage1_h: 0.1159, loss: 0.8227, grad_norm: 1.2839
2024-10-13 15:19:14,607 - mmdet - INFO - Exp name: P2BNet_r50_fpn_1x_coco_ms.py
2024-10-13 15:19:14,607 - mmdet - INFO - Epoch [3][300/300]	lr: 3.000e-03, eta: 0:40:17, time: 0.872, data_time: 0.013, memory: 9752, stage0_loss_instance_mil: 0.6240, stage0_bag_acc: 22.9797, stage0_mean_ious: 0.1287, stage0_s: 0.0000, stage0_m: 0.0223, stage0_l: 0.1229, stage0_h: 0.1220, stage1_loss_instance_mil: 0.1575, stage1_bag_acc: 20.1415, stage1_neg_loss: 0.0176, stage1_mean_ious: 0.1203, stage1_s: 0.0000, stage1_m: 0.0246, stage1_l: 0.1113, stage1_h: 0.1140, loss: 0.7991, grad_norm: 1.0824
2024-10-13 15:19:14,716 - mmdet - INFO - Saving checkpoint at 3 epochs
2024-10-13 15:21:24,615 - mmdet - INFO - Evaluating bbox...
2024-10-13 15:21:25,437 - mmdet - INFO -  Average Precision  (AP) @[ IoU=0.50:0.95 | area=   all | maxDets=100 ] = 0.0623
2024-10-13 15:21:25,438 - mmdet - INFO -  Average Precision  (AP) @[ IoU=0.50      | area=   all | maxDets=1000 ] = 0.2065
2024-10-13 15:21:25,438 - mmdet - INFO -  Average Precision  (AP) @[ IoU=0.60      | area=   all | maxDets=1000 ] = 0.0943
2024-10-13 15:21:25,438 - mmdet - INFO -  Average Precision  (AP) @[ IoU=0.70      | area=   all | maxDets=1000 ] = 0.0468
2024-10-13 15:21:25,438 - mmdet - INFO -  Average Precision  (AP) @[ IoU=0.75      | area=   all | maxDets=1000 ] = 0.0325
2024-10-13 15:21:25,438 - mmdet - INFO -  Average Precision  (AP) @[ IoU=0.80      | area=   all | maxDets=1000 ] = 0.0212
2024-10-13 15:21:25,438 - mmdet - INFO -  Average Precision  (AP) @[ IoU=0.90      | area=   all | maxDets=1000 ] = 0.0036
2024-10-13 15:21:25,438 - mmdet - INFO -  Average Precision  (AP) @[ IoU=0.50:0.95 | area= small | maxDets=1000 ] = 0.0458
2024-10-13 15:21:25,438 - mmdet - INFO -  Average Precision  (AP) @[ IoU=0.50:0.95 | area=medium | maxDets=1000 ] = 0.0542
2024-10-13 15:21:25,439 - mmdet - INFO -  Average Precision  (AP) @[ IoU=0.50:0.95 | area= large | maxDets=1000 ] = 0.0601
2024-10-13 15:21:25,439 - mmdet - INFO -  Average Recall     (AR) @[ IoU=0.50:0.95 | area=   all | maxDets=100 ] = 0.1167
2024-10-13 15:21:25,439 - mmdet - INFO -  Average Recall     (AR) @[ IoU=0.50      | area=   all | maxDets=100 ] = 0.2862
2024-10-13 15:21:25,439 - mmdet - INFO -  Average Recall     (AR) @[ IoU=0.50:0.95 | area=   all | maxDets=300 ] = 0.1167
2024-10-13 15:21:25,439 - mmdet - INFO -  Average Recall     (AR) @[ IoU=0.50:0.95 | area=   all | maxDets=1000 ] = 0.1167
2024-10-13 15:21:25,439 - mmdet - INFO -  Average Recall     (AR) @[ IoU=0.50:0.95 | area= small | maxDets=1000 ] = 0.0743
2024-10-13 15:21:25,439 - mmdet - INFO -  Average Recall     (AR) @[ IoU=0.50:0.95 | area=medium | maxDets=1000 ] = 0.1046
2024-10-13 15:21:25,439 - mmdet - INFO -  Average Recall     (AR) @[ IoU=0.50:0.95 | area= large | maxDets=1000 ] = 0.1200
2024-10-13 15:21:25,454 - mmdet - INFO - Exp name: P2BNet_r50_fpn_1x_coco_ms.py
2024-10-13 15:21:25,454 - mmdet - INFO - Epoch(val) [3][300]	eval_iter_num: 720, bbox_mAP: 0.0620, bbox_mAP_50: 0.2070, bbox_mAP_75: 0.0940, bbox_mAP_s: 0.0470, bbox_mAP_m: 0.0330, bbox_mAP_l: 0.0210, bbox_mAP_copypaste: 0.062 0.207 0.094 0.047 0.033 0.021
2024-10-13 15:22:10,978 - mmdet - INFO - Epoch [4][50/300]	lr: 3.000e-03, eta: 0:39:34, time: 0.910, data_time: 0.061, memory: 9752, stage0_loss_instance_mil: 0.6169, stage0_bag_acc: 29.4640, stage0_mean_ious: 0.1278, stage0_s: 0.0004, stage0_m: 0.0083, stage0_l: 0.0948, stage0_h: 0.1251, stage1_loss_instance_mil: 0.1735, stage1_bag_acc: 22.4677, stage1_neg_loss: 0.0165, stage1_mean_ious: 0.1244, stage1_s: 0.0002, stage1_m: 0.0116, stage1_l: 0.0989, stage1_h: 0.1205, loss: 0.8069, grad_norm: 1.1459
2024-10-13 15:22:54,672 - mmdet - INFO - Exp name: P2BNet_r50_fpn_1x_coco_ms.py
2024-10-13 15:22:54,673 - mmdet - INFO - Epoch [4][100/300]	lr: 3.000e-03, eta: 0:38:47, time: 0.874, data_time: 0.013, memory: 9752, stage0_loss_instance_mil: 0.6187, stage0_bag_acc: 25.3145, stage0_mean_ious: 0.1344, stage0_s: 0.0000, stage0_m: 0.0052, stage0_l: 0.0978, stage0_h: 0.1263, stage1_loss_instance_mil: 0.1627, stage1_bag_acc: 18.5803, stage1_neg_loss: 0.0176, stage1_mean_ious: 0.1254, stage1_s: 0.0000, stage1_m: 0.0044, stage1_l: 0.0923, stage1_h: 0.1179, loss: 0.7991, grad_norm: 1.1120
2024-10-13 15:23:38,417 - mmdet - INFO - Epoch [4][150/300]	lr: 3.000e-03, eta: 0:37:59, time: 0.875, data_time: 0.013, memory: 9752, stage0_loss_instance_mil: 0.6109, stage0_bag_acc: 23.9998, stage0_mean_ious: 0.1317, stage0_s: 0.0000, stage0_m: 0.0126, stage0_l: 0.0848, stage0_h: 0.1323, stage1_loss_instance_mil: 0.1588, stage1_bag_acc: 20.3153, stage1_neg_loss: 0.0166, stage1_mean_ious: 0.1269, stage1_s: 0.0000, stage1_m: 0.0148, stage1_l: 0.0915, stage1_h: 0.1249, loss: 0.7862, grad_norm: 1.0891
2024-10-13 15:24:22,045 - mmdet - INFO - Epoch [4][200/300]	lr: 3.000e-03, eta: 0:37:12, time: 0.873, data_time: 0.013, memory: 9752, stage0_loss_instance_mil: 0.6152, stage0_bag_acc: 32.1126, stage0_mean_ious: 0.1270, stage0_s: 0.0000, stage0_m: 0.0093, stage0_l: 0.1123, stage0_h: 0.1247, stage1_loss_instance_mil: 0.1659, stage1_bag_acc: 26.9159, stage1_neg_loss: 0.0190, stage1_mean_ious: 0.1218, stage1_s: 0.0000, stage1_m: 0.0103, stage1_l: 0.1123, stage1_h: 0.1183, loss: 0.8002, grad_norm: 1.1940
2024-10-13 15:25:06,650 - mmdet - INFO - Epoch [4][250/300]	lr: 3.000e-03, eta: 0:36:28, time: 0.892, data_time: 0.013, memory: 9752, stage0_loss_instance_mil: 0.6265, stage0_bag_acc: 24.6708, stage0_mean_ious: 0.0992, stage0_s: 0.0000, stage0_m: 0.0105, stage0_l: 0.0880, stage0_h: 0.0968, stage1_loss_instance_mil: 0.1637, stage1_bag_acc: 23.9738, stage1_neg_loss: 0.0187, stage1_mean_ious: 0.0944, stage1_s: 0.0000, stage1_m: 0.0116, stage1_l: 0.0888, stage1_h: 0.0914, loss: 0.8089, grad_norm: 1.1210
2024-10-13 15:25:49,557 - mmdet - INFO - Exp name: P2BNet_r50_fpn_1x_coco_ms.py
2024-10-13 15:25:49,557 - mmdet - INFO - Epoch [4][300/300]	lr: 3.000e-03, eta: 0:35:39, time: 0.858, data_time: 0.013, memory: 9752, stage0_loss_instance_mil: 0.6215, stage0_bag_acc: 25.9611, stage0_mean_ious: 0.1108, stage0_s: 0.0000, stage0_m: 0.0335, stage0_l: 0.0963, stage0_h: 0.1030, stage1_loss_instance_mil: 0.1637, stage1_bag_acc: 17.4795, stage1_neg_loss: 0.0184, stage1_mean_ious: 0.1056, stage1_s: 0.0000, stage1_m: 0.0354, stage1_l: 0.0985, stage1_h: 0.0958, loss: 0.8037, grad_norm: 1.3046
2024-10-13 15:25:49,659 - mmdet - INFO - Saving checkpoint at 4 epochs
2024-10-13 15:27:56,932 - mmdet - INFO - Evaluating bbox...
2024-10-13 15:27:57,728 - mmdet - INFO -  Average Precision  (AP) @[ IoU=0.50:0.95 | area=   all | maxDets=100 ] = 0.0307
2024-10-13 15:27:57,729 - mmdet - INFO -  Average Precision  (AP) @[ IoU=0.50      | area=   all | maxDets=1000 ] = 0.1090
2024-10-13 15:27:57,729 - mmdet - INFO -  Average Precision  (AP) @[ IoU=0.60      | area=   all | maxDets=1000 ] = 0.0509
2024-10-13 15:27:57,729 - mmdet - INFO -  Average Precision  (AP) @[ IoU=0.70      | area=   all | maxDets=1000 ] = 0.0198
2024-10-13 15:27:57,729 - mmdet - INFO -  Average Precision  (AP) @[ IoU=0.75      | area=   all | maxDets=1000 ] = 0.0124
2024-10-13 15:27:57,729 - mmdet - INFO -  Average Precision  (AP) @[ IoU=0.80      | area=   all | maxDets=1000 ] = 0.0055
2024-10-13 15:27:57,729 - mmdet - INFO -  Average Precision  (AP) @[ IoU=0.90      | area=   all | maxDets=1000 ] = 0.0003
2024-10-13 15:27:57,729 - mmdet - INFO -  Average Precision  (AP) @[ IoU=0.50:0.95 | area= small | maxDets=1000 ] = 0.0724
2024-10-13 15:27:57,729 - mmdet - INFO -  Average Precision  (AP) @[ IoU=0.50:0.95 | area=medium | maxDets=1000 ] = 0.0543
2024-10-13 15:27:57,729 - mmdet - INFO -  Average Precision  (AP) @[ IoU=0.50:0.95 | area= large | maxDets=1000 ] = 0.0044
2024-10-13 15:27:57,729 - mmdet - INFO -  Average Recall     (AR) @[ IoU=0.50:0.95 | area=   all | maxDets=100 ] = 0.0732
2024-10-13 15:27:57,730 - mmdet - INFO -  Average Recall     (AR) @[ IoU=0.50      | area=   all | maxDets=100 ] = 0.2016
2024-10-13 15:27:57,730 - mmdet - INFO -  Average Recall     (AR) @[ IoU=0.50:0.95 | area=   all | maxDets=300 ] = 0.0732
2024-10-13 15:27:57,730 - mmdet - INFO -  Average Recall     (AR) @[ IoU=0.50:0.95 | area=   all | maxDets=1000 ] = 0.0732
2024-10-13 15:27:57,730 - mmdet - INFO -  Average Recall     (AR) @[ IoU=0.50:0.95 | area= small | maxDets=1000 ] = 0.0800
2024-10-13 15:27:57,730 - mmdet - INFO -  Average Recall     (AR) @[ IoU=0.50:0.95 | area=medium | maxDets=1000 ] = 0.1296
2024-10-13 15:27:57,730 - mmdet - INFO -  Average Recall     (AR) @[ IoU=0.50:0.95 | area= large | maxDets=1000 ] = 0.0297
2024-10-13 15:27:57,743 - mmdet - INFO - Exp name: P2BNet_r50_fpn_1x_coco_ms.py
2024-10-13 15:27:57,744 - mmdet - INFO - Epoch(val) [4][300]	eval_iter_num: 720, bbox_mAP: 0.0310, bbox_mAP_50: 0.1090, bbox_mAP_75: 0.0510, bbox_mAP_s: 0.0200, bbox_mAP_m: 0.0120, bbox_mAP_l: 0.0050, bbox_mAP_copypaste: 0.031 0.109 0.051 0.020 0.012 0.005
2024-10-13 15:28:43,655 - mmdet - INFO - Epoch [5][50/300]	lr: 3.000e-03, eta: 0:34:57, time: 0.918, data_time: 0.058, memory: 9752, stage0_loss_instance_mil: 0.6134, stage0_bag_acc: 27.2940, stage0_mean_ious: 0.1121, stage0_s: 0.0000, stage0_m: 0.0204, stage0_l: 0.1100, stage0_h: 0.1064, stage1_loss_instance_mil: 0.1660, stage1_bag_acc: 24.1783, stage1_neg_loss: 0.0170, stage1_mean_ious: 0.1047, stage1_s: 0.0000, stage1_m: 0.0196, stage1_l: 0.1063, stage1_h: 0.0968, loss: 0.7964, grad_norm: 1.1160
2024-10-13 15:29:28,156 - mmdet - INFO - Epoch [5][100/300]	lr: 3.000e-03, eta: 0:34:12, time: 0.890, data_time: 0.013, memory: 9752, stage0_loss_instance_mil: 0.6093, stage0_bag_acc: 25.1121, stage0_mean_ious: 0.1273, stage0_s: 0.0012, stage0_m: 0.0051, stage0_l: 0.0870, stage0_h: 0.1265, stage1_loss_instance_mil: 0.1529, stage1_bag_acc: 22.1571, stage1_neg_loss: 0.0194, stage1_mean_ious: 0.1225, stage1_s: 0.0012, stage1_m: 0.0059, stage1_l: 0.0998, stage1_h: 0.1195, loss: 0.7815, grad_norm: 1.1097
2024-10-13 15:30:11,207 - mmdet - INFO - Epoch [5][150/300]	lr: 3.000e-03, eta: 0:33:25, time: 0.861, data_time: 0.012, memory: 9752, stage0_loss_instance_mil: 0.6140, stage0_bag_acc: 22.7483, stage0_mean_ious: 0.1194, stage0_s: 0.0000, stage0_m: 0.0249, stage0_l: 0.0846, stage0_h: 0.1182, stage1_loss_instance_mil: 0.1482, stage1_bag_acc: 18.5735, stage1_neg_loss: 0.0222, stage1_mean_ious: 0.1153, stage1_s: 0.0000, stage1_m: 0.0249, stage1_l: 0.0885, stage1_h: 0.1120, loss: 0.7845, grad_norm: 0.9817
2024-10-13 15:30:56,023 - mmdet - INFO - Epoch [5][200/300]	lr: 3.000e-03, eta: 0:32:41, time: 0.896, data_time: 0.013, memory: 9752, stage0_loss_instance_mil: 0.5957, stage0_bag_acc: 31.9106, stage0_mean_ious: 0.1135, stage0_s: 0.0000, stage0_m: 0.0106, stage0_l: 0.0974, stage0_h: 0.1103, stage1_loss_instance_mil: 0.1678, stage1_bag_acc: 32.2675, stage1_neg_loss: 0.0223, stage1_mean_ious: 0.1106, stage1_s: 0.0000, stage1_m: 0.0108, stage1_l: 0.1037, stage1_h: 0.1053, loss: 0.7858, grad_norm: 1.1183
2024-10-13 15:31:39,394 - mmdet - INFO - Epoch [5][250/300]	lr: 3.000e-03, eta: 0:31:55, time: 0.867, data_time: 0.013, memory: 9752, stage0_loss_instance_mil: 0.6031, stage0_bag_acc: 26.7690, stage0_mean_ious: 0.0676, stage0_s: 0.0000, stage0_m: 0.0192, stage0_l: 0.0748, stage0_h: 0.0588, stage1_loss_instance_mil: 0.1760, stage1_bag_acc: 24.7871, stage1_neg_loss: 0.0159, stage1_mean_ious: 0.0645, stage1_s: 0.0000, stage1_m: 0.0191, stage1_l: 0.0742, stage1_h: 0.0554, loss: 0.7949, grad_norm: 1.0208
2024-10-13 15:32:23,596 - mmdet - INFO - Exp name: P2BNet_r50_fpn_1x_coco_ms.py
2024-10-13 15:32:23,596 - mmdet - INFO - Epoch [5][300/300]	lr: 3.000e-03, eta: 0:31:10, time: 0.884, data_time: 0.013, memory: 9752, stage0_loss_instance_mil: 0.6169, stage0_bag_acc: 26.3971, stage0_mean_ious: 0.0998, stage0_s: 0.0000, stage0_m: 0.0176, stage0_l: 0.0948, stage0_h: 0.0929, stage1_loss_instance_mil: 0.1686, stage1_bag_acc: 26.4910, stage1_neg_loss: 0.0193, stage1_mean_ious: 0.0979, stage1_s: 0.0000, stage1_m: 0.0160, stage1_l: 0.0924, stage1_h: 0.0914, loss: 0.8048, grad_norm: 1.0590
2024-10-13 15:32:23,689 - mmdet - INFO - Saving checkpoint at 5 epochs
2024-10-13 15:34:31,211 - mmdet - INFO - Evaluating bbox...
2024-10-13 15:34:32,036 - mmdet - INFO -  Average Precision  (AP) @[ IoU=0.50:0.95 | area=   all | maxDets=100 ] = 0.0275
2024-10-13 15:34:32,036 - mmdet - INFO -  Average Precision  (AP) @[ IoU=0.50      | area=   all | maxDets=1000 ] = 0.1091
2024-10-13 15:34:32,036 - mmdet - INFO -  Average Precision  (AP) @[ IoU=0.60      | area=   all | maxDets=1000 ] = 0.0435
2024-10-13 15:34:32,036 - mmdet - INFO -  Average Precision  (AP) @[ IoU=0.70      | area=   all | maxDets=1000 ] = 0.0134
2024-10-13 15:34:32,036 - mmdet - INFO -  Average Precision  (AP) @[ IoU=0.75      | area=   all | maxDets=1000 ] = 0.0062
2024-10-13 15:34:32,036 - mmdet - INFO -  Average Precision  (AP) @[ IoU=0.80      | area=   all | maxDets=1000 ] = 0.0027
2024-10-13 15:34:32,036 - mmdet - INFO -  Average Precision  (AP) @[ IoU=0.90      | area=   all | maxDets=1000 ] = 0.0008
2024-10-13 15:34:32,036 - mmdet - INFO -  Average Precision  (AP) @[ IoU=0.50:0.95 | area= small | maxDets=1000 ] = 0.0002
2024-10-13 15:34:32,037 - mmdet - INFO -  Average Precision  (AP) @[ IoU=0.50:0.95 | area=medium | maxDets=1000 ] = 0.0405
2024-10-13 15:34:32,037 - mmdet - INFO -  Average Precision  (AP) @[ IoU=0.50:0.95 | area= large | maxDets=1000 ] = 0.0020
2024-10-13 15:34:32,037 - mmdet - INFO -  Average Recall     (AR) @[ IoU=0.50:0.95 | area=   all | maxDets=100 ] = 0.0826
2024-10-13 15:34:32,037 - mmdet - INFO -  Average Recall     (AR) @[ IoU=0.50      | area=   all | maxDets=100 ] = 0.2398
2024-10-13 15:34:32,037 - mmdet - INFO -  Average Recall     (AR) @[ IoU=0.50:0.95 | area=   all | maxDets=300 ] = 0.0826
2024-10-13 15:34:32,037 - mmdet - INFO -  Average Recall     (AR) @[ IoU=0.50:0.95 | area=   all | maxDets=1000 ] = 0.0826
2024-10-13 15:34:32,037 - mmdet - INFO -  Average Recall     (AR) @[ IoU=0.50:0.95 | area= small | maxDets=1000 ] = 0.0010
2024-10-13 15:34:32,037 - mmdet - INFO -  Average Recall     (AR) @[ IoU=0.50:0.95 | area=medium | maxDets=1000 ] = 0.1330
2024-10-13 15:34:32,037 - mmdet - INFO -  Average Recall     (AR) @[ IoU=0.50:0.95 | area= large | maxDets=1000 ] = 0.0016
2024-10-13 15:34:32,051 - mmdet - INFO - Exp name: P2BNet_r50_fpn_1x_coco_ms.py
2024-10-13 15:34:32,051 - mmdet - INFO - Epoch(val) [5][300]	eval_iter_num: 720, bbox_mAP: 0.0270, bbox_mAP_50: 0.1090, bbox_mAP_75: 0.0440, bbox_mAP_s: 0.0130, bbox_mAP_m: 0.0060, bbox_mAP_l: 0.0030, bbox_mAP_copypaste: 0.027 0.109 0.044 0.013 0.006 0.003
2024-10-13 15:35:17,100 - mmdet - INFO - Epoch [6][50/300]	lr: 3.000e-03, eta: 0:30:26, time: 0.901, data_time: 0.059, memory: 9752, stage0_loss_instance_mil: 0.6169, stage0_bag_acc: 23.8632, stage0_mean_ious: 0.1152, stage0_s: 0.0000, stage0_m: 0.0239, stage0_l: 0.0720, stage0_h: 0.1116, stage1_loss_instance_mil: 0.1700, stage1_bag_acc: 21.9164, stage1_neg_loss: 0.0163, stage1_mean_ious: 0.1085, stage1_s: 0.0000, stage1_m: 0.0242, stage1_l: 0.0684, stage1_h: 0.1047, loss: 0.8032, grad_norm: 0.7823
2024-10-13 15:36:00,449 - mmdet - INFO - Epoch [6][100/300]	lr: 3.000e-03, eta: 0:29:40, time: 0.867, data_time: 0.012, memory: 9752, stage0_loss_instance_mil: 0.5942, stage0_bag_acc: 34.4711, stage0_mean_ious: 0.1114, stage0_s: 0.0000, stage0_m: 0.0290, stage0_l: 0.0760, stage0_h: 0.1067, stage1_loss_instance_mil: 0.1810, stage1_bag_acc: 27.4549, stage1_neg_loss: 0.0204, stage1_mean_ious: 0.1059, stage1_s: 0.0000, stage1_m: 0.0282, stage1_l: 0.0719, stage1_h: 0.1019, loss: 0.7956, grad_norm: 1.0157
2024-10-13 15:36:45,939 - mmdet - INFO - Epoch [6][150/300]	lr: 3.000e-03, eta: 0:28:56, time: 0.910, data_time: 0.014, memory: 9752, stage0_loss_instance_mil: 0.6065, stage0_bag_acc: 29.0373, stage0_mean_ious: 0.0980, stage0_s: 0.0014, stage0_m: 0.0090, stage0_l: 0.0733, stage0_h: 0.0953, stage1_loss_instance_mil: 0.1847, stage1_bag_acc: 27.2271, stage1_neg_loss: 0.0194, stage1_mean_ious: 0.0934, stage1_s: 0.0014, stage1_m: 0.0069, stage1_l: 0.0718, stage1_h: 0.0903, loss: 0.8105, grad_norm: 1.0606
2024-10-13 15:37:30,690 - mmdet - INFO - Epoch [6][200/300]	lr: 3.000e-03, eta: 0:28:12, time: 0.895, data_time: 0.013, memory: 9752, stage0_loss_instance_mil: 0.6189, stage0_bag_acc: 24.6761, stage0_mean_ious: 0.1044, stage0_s: 0.0000, stage0_m: 0.0113, stage0_l: 0.0782, stage0_h: 0.0980, stage1_loss_instance_mil: 0.1722, stage1_bag_acc: 22.9859, stage1_neg_loss: 0.0198, stage1_mean_ious: 0.1008, stage1_s: 0.0000, stage1_m: 0.0111, stage1_l: 0.0805, stage1_h: 0.0935, loss: 0.8110, grad_norm: 0.9869
2024-10-13 15:38:14,886 - mmdet - INFO - Epoch [6][250/300]	lr: 3.000e-03, eta: 0:27:27, time: 0.884, data_time: 0.013, memory: 9784, stage0_loss_instance_mil: 0.5977, stage0_bag_acc: 33.0652, stage0_mean_ious: 0.0883, stage0_s: 0.0000, stage0_m: 0.0183, stage0_l: 0.0755, stage0_h: 0.0805, stage1_loss_instance_mil: 0.1834, stage1_bag_acc: 33.1049, stage1_neg_loss: 0.0216, stage1_mean_ious: 0.0864, stage1_s: 0.0000, stage1_m: 0.0178, stage1_l: 0.0724, stage1_h: 0.0792, loss: 0.8027, grad_norm: 1.1366
2024-10-13 15:38:58,519 - mmdet - INFO - Exp name: P2BNet_r50_fpn_1x_coco_ms.py
2024-10-13 15:38:58,520 - mmdet - INFO - Epoch [6][300/300]	lr: 3.000e-03, eta: 0:26:42, time: 0.873, data_time: 0.012, memory: 9784, stage0_loss_instance_mil: 0.5992, stage0_bag_acc: 30.0356, stage0_mean_ious: 0.0769, stage0_s: 0.0000, stage0_m: 0.0137, stage0_l: 0.0689, stage0_h: 0.0700, stage1_loss_instance_mil: 0.1830, stage1_bag_acc: 26.4370, stage1_neg_loss: 0.0219, stage1_mean_ious: 0.0741, stage1_s: 0.0000, stage1_m: 0.0135, stage1_l: 0.0651, stage1_h: 0.0678, loss: 0.8041, grad_norm: 1.2003
2024-10-13 15:38:58,627 - mmdet - INFO - Saving checkpoint at 6 epochs
2024-10-13 15:41:06,099 - mmdet - INFO - Evaluating bbox...
2024-10-13 15:41:06,911 - mmdet - INFO -  Average Precision  (AP) @[ IoU=0.50:0.95 | area=   all | maxDets=100 ] = 0.0647
2024-10-13 15:41:06,912 - mmdet - INFO -  Average Precision  (AP) @[ IoU=0.50      | area=   all | maxDets=1000 ] = 0.2050
2024-10-13 15:41:06,912 - mmdet - INFO -  Average Precision  (AP) @[ IoU=0.60      | area=   all | maxDets=1000 ] = 0.1119
2024-10-13 15:41:06,912 - mmdet - INFO -  Average Precision  (AP) @[ IoU=0.70      | area=   all | maxDets=1000 ] = 0.0508
2024-10-13 15:41:06,912 - mmdet - INFO -  Average Precision  (AP) @[ IoU=0.75      | area=   all | maxDets=1000 ] = 0.0264
2024-10-13 15:41:06,912 - mmdet - INFO -  Average Precision  (AP) @[ IoU=0.80      | area=   all | maxDets=1000 ] = 0.0126
2024-10-13 15:41:06,912 - mmdet - INFO -  Average Precision  (AP) @[ IoU=0.90      | area=   all | maxDets=1000 ] = 0.0012
2024-10-13 15:41:06,912 - mmdet - INFO -  Average Precision  (AP) @[ IoU=0.50:0.95 | area= small | maxDets=1000 ] = 0.0017
2024-10-13 15:41:06,912 - mmdet - INFO -  Average Precision  (AP) @[ IoU=0.50:0.95 | area=medium | maxDets=1000 ] = 0.0746
2024-10-13 15:41:06,913 - mmdet - INFO -  Average Precision  (AP) @[ IoU=0.50:0.95 | area= large | maxDets=1000 ] = 0.0890
2024-10-13 15:41:06,913 - mmdet - INFO -  Average Recall     (AR) @[ IoU=0.50:0.95 | area=   all | maxDets=100 ] = 0.1570
2024-10-13 15:41:06,913 - mmdet - INFO -  Average Recall     (AR) @[ IoU=0.50      | area=   all | maxDets=100 ] = 0.3670
2024-10-13 15:41:06,913 - mmdet - INFO -  Average Recall     (AR) @[ IoU=0.50:0.95 | area=   all | maxDets=300 ] = 0.1570
2024-10-13 15:41:06,913 - mmdet - INFO -  Average Recall     (AR) @[ IoU=0.50:0.95 | area=   all | maxDets=1000 ] = 0.1570
2024-10-13 15:41:06,913 - mmdet - INFO -  Average Recall     (AR) @[ IoU=0.50:0.95 | area= small | maxDets=1000 ] = 0.0126
2024-10-13 15:41:06,913 - mmdet - INFO -  Average Recall     (AR) @[ IoU=0.50:0.95 | area=medium | maxDets=1000 ] = 0.1429
2024-10-13 15:41:06,913 - mmdet - INFO -  Average Recall     (AR) @[ IoU=0.50:0.95 | area= large | maxDets=1000 ] = 0.2711
2024-10-13 15:41:06,926 - mmdet - INFO - Exp name: P2BNet_r50_fpn_1x_coco_ms.py
2024-10-13 15:41:06,927 - mmdet - INFO - Epoch(val) [6][300]	eval_iter_num: 720, bbox_mAP: 0.0650, bbox_mAP_50: 0.2050, bbox_mAP_75: 0.1120, bbox_mAP_s: 0.0510, bbox_mAP_m: 0.0260, bbox_mAP_l: 0.0130, bbox_mAP_copypaste: 0.065 0.205 0.112 0.051 0.026 0.013
2024-10-13 15:41:53,801 - mmdet - INFO - Epoch [7][50/300]	lr: 3.000e-03, eta: 0:25:59, time: 0.937, data_time: 0.057, memory: 9784, stage0_loss_instance_mil: 0.6058, stage0_bag_acc: 31.6424, stage0_mean_ious: 0.0762, stage0_s: 0.0000, stage0_m: 0.0072, stage0_l: 0.0742, stage0_h: 0.0678, stage1_loss_instance_mil: 0.1855, stage1_bag_acc: 35.4111, stage1_neg_loss: 0.0219, stage1_mean_ious: 0.0711, stage1_s: 0.0000, stage1_m: 0.0058, stage1_l: 0.0704, stage1_h: 0.0639, loss: 0.8132, grad_norm: 1.3495
2024-10-13 15:42:38,130 - mmdet - INFO - Epoch [7][100/300]	lr: 3.000e-03, eta: 0:25:15, time: 0.887, data_time: 0.013, memory: 9784, stage0_loss_instance_mil: 0.6075, stage0_bag_acc: 30.1052, stage0_mean_ious: 0.0803, stage0_s: 0.0000, stage0_m: 0.0257, stage0_l: 0.0996, stage0_h: 0.0650, stage1_loss_instance_mil: 0.1705, stage1_bag_acc: 26.8550, stage1_neg_loss: 0.0173, stage1_mean_ious: 0.0770, stage1_s: 0.0000, stage1_m: 0.0253, stage1_l: 0.0938, stage1_h: 0.0623, loss: 0.7954, grad_norm: 1.1825
2024-10-13 15:43:22,241 - mmdet - INFO - Epoch [7][150/300]	lr: 3.000e-03, eta: 0:24:30, time: 0.882, data_time: 0.013, memory: 9784, stage0_loss_instance_mil: 0.6102, stage0_bag_acc: 27.0253, stage0_mean_ious: 0.0750, stage0_s: 0.0000, stage0_m: 0.0027, stage0_l: 0.0679, stage0_h: 0.0717, stage1_loss_instance_mil: 0.1672, stage1_bag_acc: 25.2802, stage1_neg_loss: 0.0187, stage1_mean_ious: 0.0708, stage1_s: 0.0000, stage1_m: 0.0029, stage1_l: 0.0675, stage1_h: 0.0677, loss: 0.7961, grad_norm: 0.9981
2024-10-13 15:44:07,539 - mmdet - INFO - Exp name: P2BNet_r50_fpn_1x_coco_ms.py
2024-10-13 15:44:07,539 - mmdet - INFO - Epoch [7][200/300]	lr: 3.000e-03, eta: 0:23:46, time: 0.906, data_time: 0.014, memory: 9784, stage0_loss_instance_mil: 0.5990, stage0_bag_acc: 28.8968, stage0_mean_ious: 0.0723, stage0_s: 0.0000, stage0_m: 0.0089, stage0_l: 0.0791, stage0_h: 0.0632, stage1_loss_instance_mil: 0.1720, stage1_bag_acc: 31.6737, stage1_neg_loss: 0.0182, stage1_mean_ious: 0.0683, stage1_s: 0.0000, stage1_m: 0.0076, stage1_l: 0.0753, stage1_h: 0.0595, loss: 0.7891, grad_norm: 1.0180
2024-10-13 15:44:51,060 - mmdet - INFO - Epoch [7][250/300]	lr: 3.000e-03, eta: 0:23:00, time: 0.870, data_time: 0.013, memory: 9784, stage0_loss_instance_mil: 0.5848, stage0_bag_acc: 31.4579, stage0_mean_ious: 0.0784, stage0_s: 0.0000, stage0_m: 0.0144, stage0_l: 0.0836, stage0_h: 0.0712, stage1_loss_instance_mil: 0.1764, stage1_bag_acc: 33.9589, stage1_neg_loss: 0.0269, stage1_mean_ious: 0.0716, stage1_s: 0.0000, stage1_m: 0.0111, stage1_l: 0.0802, stage1_h: 0.0644, loss: 0.7881, grad_norm: 1.2392
2024-10-13 15:45:34,134 - mmdet - INFO - Exp name: P2BNet_r50_fpn_1x_coco_ms.py
2024-10-13 15:45:34,134 - mmdet - INFO - Epoch [7][300/300]	lr: 3.000e-03, eta: 0:22:15, time: 0.861, data_time: 0.013, memory: 9784, stage0_loss_instance_mil: 0.5879, stage0_bag_acc: 30.3964, stage0_mean_ious: 0.0797, stage0_s: 0.0000, stage0_m: 0.0225, stage0_l: 0.1015, stage0_h: 0.0659, stage1_loss_instance_mil: 0.1712, stage1_bag_acc: 25.8355, stage1_neg_loss: 0.0215, stage1_mean_ious: 0.0689, stage1_s: 0.0000, stage1_m: 0.0234, stage1_l: 0.0894, stage1_h: 0.0570, loss: 0.7807, grad_norm: 1.2793
2024-10-13 15:45:34,227 - mmdet - INFO - Saving checkpoint at 7 epochs
2024-10-13 15:47:41,483 - mmdet - INFO - Evaluating bbox...
2024-10-13 15:47:42,292 - mmdet - INFO -  Average Precision  (AP) @[ IoU=0.50:0.95 | area=   all | maxDets=100 ] = 0.0015
2024-10-13 15:47:42,292 - mmdet - INFO -  Average Precision  (AP) @[ IoU=0.50      | area=   all | maxDets=1000 ] = 0.0046
2024-10-13 15:47:42,292 - mmdet - INFO -  Average Precision  (AP) @[ IoU=0.60      | area=   all | maxDets=1000 ] = 0.0027
2024-10-13 15:47:42,292 - mmdet - INFO -  Average Precision  (AP) @[ IoU=0.70      | area=   all | maxDets=1000 ] = 0.0011
2024-10-13 15:47:42,292 - mmdet - INFO -  Average Precision  (AP) @[ IoU=0.75      | area=   all | maxDets=1000 ] = 0.0003
2024-10-13 15:47:42,292 - mmdet - INFO -  Average Precision  (AP) @[ IoU=0.80      | area=   all | maxDets=1000 ] = 0.0001
2024-10-13 15:47:42,292 - mmdet - INFO -  Average Precision  (AP) @[ IoU=0.90      | area=   all | maxDets=1000 ] = 0.0001
2024-10-13 15:47:42,292 - mmdet - INFO -  Average Precision  (AP) @[ IoU=0.50:0.95 | area= small | maxDets=1000 ] = 0.0002
2024-10-13 15:47:42,293 - mmdet - INFO -  Average Precision  (AP) @[ IoU=0.50:0.95 | area=medium | maxDets=1000 ] = 0.0087
2024-10-13 15:47:42,293 - mmdet - INFO -  Average Precision  (AP) @[ IoU=0.50:0.95 | area= large | maxDets=1000 ] = 0.0000
2024-10-13 15:47:42,293 - mmdet - INFO -  Average Recall     (AR) @[ IoU=0.50:0.95 | area=   all | maxDets=100 ] = 0.0046
2024-10-13 15:47:42,293 - mmdet - INFO -  Average Recall     (AR) @[ IoU=0.50      | area=   all | maxDets=100 ] = 0.0144
2024-10-13 15:47:42,293 - mmdet - INFO -  Average Recall     (AR) @[ IoU=0.50:0.95 | area=   all | maxDets=300 ] = 0.0046
2024-10-13 15:47:42,293 - mmdet - INFO -  Average Recall     (AR) @[ IoU=0.50:0.95 | area=   all | maxDets=1000 ] = 0.0046
2024-10-13 15:47:42,293 - mmdet - INFO -  Average Recall     (AR) @[ IoU=0.50:0.95 | area= small | maxDets=1000 ] = 0.0064
2024-10-13 15:47:42,293 - mmdet - INFO -  Average Recall     (AR) @[ IoU=0.50:0.95 | area=medium | maxDets=1000 ] = 0.0090
2024-10-13 15:47:42,293 - mmdet - INFO -  Average Recall     (AR) @[ IoU=0.50:0.95 | area= large | maxDets=1000 ] = 0.0000
2024-10-13 15:47:42,308 - mmdet - INFO - Exp name: P2BNet_r50_fpn_1x_coco_ms.py
2024-10-13 15:47:42,308 - mmdet - INFO - Epoch(val) [7][300]	eval_iter_num: 720, bbox_mAP: 0.0010, bbox_mAP_50: 0.0050, bbox_mAP_75: 0.0030, bbox_mAP_s: 0.0010, bbox_mAP_m: 0.0000, bbox_mAP_l: 0.0000, bbox_mAP_copypaste: 0.001 0.005 0.003 0.001 0.000 0.000
2024-10-13 15:48:30,755 - mmdet - INFO - Epoch [8][50/300]	lr: 3.000e-03, eta: 0:21:33, time: 0.969, data_time: 0.060, memory: 9784, stage0_loss_instance_mil: 0.5712, stage0_bag_acc: 33.1906, stage0_mean_ious: 0.0798, stage0_s: 0.0000, stage0_m: 0.0330, stage0_l: 0.0682, stage0_h: 0.0699, stage1_loss_instance_mil: 0.1840, stage1_bag_acc: 33.8377, stage1_neg_loss: 0.0274, stage1_mean_ious: 0.0715, stage1_s: 0.0000, stage1_m: 0.0303, stage1_l: 0.0610, stage1_h: 0.0626, loss: 0.7827, grad_norm: 1.5870
2024-10-13 15:49:13,001 - mmdet - INFO - Epoch [8][100/300]	lr: 3.000e-03, eta: 0:20:47, time: 0.845, data_time: 0.013, memory: 9784, stage0_loss_instance_mil: 0.5551, stage0_bag_acc: 42.2458, stage0_mean_ious: 0.0644, stage0_s: 0.0020, stage0_m: 0.0375, stage0_l: 0.0786, stage0_h: 0.0503, stage1_loss_instance_mil: 0.2004, stage1_bag_acc: 37.0964, stage1_neg_loss: 0.0261, stage1_mean_ious: 0.0572, stage1_s: 0.0019, stage1_m: 0.0339, stage1_l: 0.0653, stage1_h: 0.0455, loss: 0.7817, grad_norm: 1.4590
2024-10-13 15:49:56,274 - mmdet - INFO - Epoch [8][150/300]	lr: 3.000e-03, eta: 0:20:02, time: 0.865, data_time: 0.013, memory: 9784, stage0_loss_instance_mil: 0.6058, stage0_bag_acc: 35.2042, stage0_mean_ious: 0.0506, stage0_s: 0.0000, stage0_m: 0.0226, stage0_l: 0.0758, stage0_h: 0.0357, stage1_loss_instance_mil: 0.1625, stage1_bag_acc: 37.0666, stage1_neg_loss: 0.0214, stage1_mean_ious: 0.0454, stage1_s: 0.0000, stage1_m: 0.0224, stage1_l: 0.0677, stage1_h: 0.0319, loss: 0.7897, grad_norm: 1.4210
2024-10-13 15:50:40,799 - mmdet - INFO - Epoch [8][200/300]	lr: 3.000e-03, eta: 0:19:17, time: 0.891, data_time: 0.013, memory: 9784, stage0_loss_instance_mil: 0.5660, stage0_bag_acc: 41.3763, stage0_mean_ious: 0.0663, stage0_s: 0.0000, stage0_m: 0.0244, stage0_l: 0.0892, stage0_h: 0.0550, stage1_loss_instance_mil: 0.1856, stage1_bag_acc: 37.8448, stage1_neg_loss: 0.0294, stage1_mean_ious: 0.0598, stage1_s: 0.0000, stage1_m: 0.0227, stage1_l: 0.0810, stage1_h: 0.0498, loss: 0.7809, grad_norm: 1.7697
2024-10-13 15:51:24,293 - mmdet - INFO - Epoch [8][250/300]	lr: 3.000e-03, eta: 0:18:32, time: 0.870, data_time: 0.013, memory: 9784, stage0_loss_instance_mil: 0.5733, stage0_bag_acc: 35.8062, stage0_mean_ious: 0.0653, stage0_s: 0.0000, stage0_m: 0.0075, stage0_l: 0.0616, stage0_h: 0.0589, stage1_loss_instance_mil: 0.1867, stage1_bag_acc: 36.4997, stage1_neg_loss: 0.0299, stage1_mean_ious: 0.0596, stage1_s: 0.0000, stage1_m: 0.0084, stage1_l: 0.0532, stage1_h: 0.0541, loss: 0.7899, grad_norm: 1.7431
2024-10-13 15:52:08,125 - mmdet - INFO - Exp name: P2BNet_r50_fpn_1x_coco_ms.py
2024-10-13 15:52:08,125 - mmdet - INFO - Epoch [8][300/300]	lr: 3.000e-03, eta: 0:17:47, time: 0.877, data_time: 0.014, memory: 9784, stage0_loss_instance_mil: 0.5320, stage0_bag_acc: 40.9426, stage0_mean_ious: 0.0565, stage0_s: 0.0000, stage0_m: 0.0113, stage0_l: 0.0914, stage0_h: 0.0410, stage1_loss_instance_mil: 0.1961, stage1_bag_acc: 41.3113, stage1_neg_loss: 0.0317, stage1_mean_ious: 0.0508, stage1_s: 0.0000, stage1_m: 0.0096, stage1_l: 0.0820, stage1_h: 0.0364, loss: 0.7597, grad_norm: 1.8905
2024-10-13 15:52:08,215 - mmdet - INFO - Saving checkpoint at 8 epochs
2024-10-13 15:54:15,431 - mmdet - INFO - Evaluating bbox...
2024-10-13 15:54:16,222 - mmdet - INFO -  Average Precision  (AP) @[ IoU=0.50:0.95 | area=   all | maxDets=100 ] = 0.0001
2024-10-13 15:54:16,222 - mmdet - INFO -  Average Precision  (AP) @[ IoU=0.50      | area=   all | maxDets=1000 ] = 0.0009
2024-10-13 15:54:16,222 - mmdet - INFO -  Average Precision  (AP) @[ IoU=0.60      | area=   all | maxDets=1000 ] = 0.0000
2024-10-13 15:54:16,222 - mmdet - INFO -  Average Precision  (AP) @[ IoU=0.70      | area=   all | maxDets=1000 ] = 0.0000
2024-10-13 15:54:16,222 - mmdet - INFO -  Average Precision  (AP) @[ IoU=0.75      | area=   all | maxDets=1000 ] = 0.0000
2024-10-13 15:54:16,222 - mmdet - INFO -  Average Precision  (AP) @[ IoU=0.80      | area=   all | maxDets=1000 ] = 0.0000
2024-10-13 15:54:16,223 - mmdet - INFO -  Average Precision  (AP) @[ IoU=0.90      | area=   all | maxDets=1000 ] = 0.0000
2024-10-13 15:54:16,223 - mmdet - INFO -  Average Precision  (AP) @[ IoU=0.50:0.95 | area= small | maxDets=1000 ] = 0.0002
2024-10-13 15:54:16,223 - mmdet - INFO -  Average Precision  (AP) @[ IoU=0.50:0.95 | area=medium | maxDets=1000 ] = 0.0001
2024-10-13 15:54:16,223 - mmdet - INFO -  Average Precision  (AP) @[ IoU=0.50:0.95 | area= large | maxDets=1000 ] = 0.0000
2024-10-13 15:54:16,223 - mmdet - INFO -  Average Recall     (AR) @[ IoU=0.50:0.95 | area=   all | maxDets=100 ] = 0.0009
2024-10-13 15:54:16,223 - mmdet - INFO -  Average Recall     (AR) @[ IoU=0.50      | area=   all | maxDets=100 ] = 0.0052
2024-10-13 15:54:16,223 - mmdet - INFO -  Average Recall     (AR) @[ IoU=0.50:0.95 | area=   all | maxDets=300 ] = 0.0009
2024-10-13 15:54:16,223 - mmdet - INFO -  Average Recall     (AR) @[ IoU=0.50:0.95 | area=   all | maxDets=1000 ] = 0.0009
2024-10-13 15:54:16,223 - mmdet - INFO -  Average Recall     (AR) @[ IoU=0.50:0.95 | area= small | maxDets=1000 ] = 0.0048
2024-10-13 15:54:16,223 - mmdet - INFO -  Average Recall     (AR) @[ IoU=0.50:0.95 | area=medium | maxDets=1000 ] = 0.0001
2024-10-13 15:54:16,223 - mmdet - INFO -  Average Recall     (AR) @[ IoU=0.50:0.95 | area= large | maxDets=1000 ] = 0.0000
2024-10-13 15:54:16,237 - mmdet - INFO - Exp name: P2BNet_r50_fpn_1x_coco_ms.py
2024-10-13 15:54:16,237 - mmdet - INFO - Epoch(val) [8][300]	eval_iter_num: 720, bbox_mAP: 0.0000, bbox_mAP_50: 0.0010, bbox_mAP_75: 0.0000, bbox_mAP_s: 0.0000, bbox_mAP_m: 0.0000, bbox_mAP_l: 0.0000, bbox_mAP_copypaste: 0.000 0.001 0.000 0.000 0.000 0.000
2024-10-13 15:55:02,965 - mmdet - INFO - Epoch [9][50/300]	lr: 3.000e-04, eta: 0:17:04, time: 0.934, data_time: 0.059, memory: 9784, stage0_loss_instance_mil: 0.4858, stage0_bag_acc: 43.2394, stage0_mean_ious: 0.0481, stage0_s: 0.0000, stage0_m: 0.0231, stage0_l: 0.0818, stage0_h: 0.0337, stage1_loss_instance_mil: 0.2027, stage1_bag_acc: 46.9970, stage1_neg_loss: 0.0284, stage1_mean_ious: 0.0433, stage1_s: 0.0000, stage1_m: 0.0245, stage1_l: 0.0730, stage1_h: 0.0298, loss: 0.7169, grad_norm: 1.5259
2024-10-13 15:55:45,539 - mmdet - INFO - Epoch [9][100/300]	lr: 3.000e-04, eta: 0:16:18, time: 0.851, data_time: 0.012, memory: 9784, stage0_loss_instance_mil: 0.4642, stage0_bag_acc: 45.0732, stage0_mean_ious: 0.0485, stage0_s: 0.0000, stage0_m: 0.0190, stage0_l: 0.0734, stage0_h: 0.0346, stage1_loss_instance_mil: 0.2095, stage1_bag_acc: 47.4686, stage1_neg_loss: 0.0383, stage1_mean_ious: 0.0437, stage1_s: 0.0000, stage1_m: 0.0192, stage1_l: 0.0676, stage1_h: 0.0311, loss: 0.7119, grad_norm: 1.9926
2024-10-13 15:56:30,065 - mmdet - INFO - Epoch [9][150/300]	lr: 3.000e-04, eta: 0:15:34, time: 0.891, data_time: 0.013, memory: 9784, stage0_loss_instance_mil: 0.4642, stage0_bag_acc: 46.1430, stage0_mean_ious: 0.0543, stage0_s: 0.0000, stage0_m: 0.0279, stage0_l: 0.0958, stage0_h: 0.0367, stage1_loss_instance_mil: 0.2072, stage1_bag_acc: 46.2734, stage1_neg_loss: 0.0339, stage1_mean_ious: 0.0490, stage1_s: 0.0000, stage1_m: 0.0252, stage1_l: 0.0900, stage1_h: 0.0314, loss: 0.7053, grad_norm: 2.2843
2024-10-13 15:57:14,422 - mmdet - INFO - Epoch [9][200/300]	lr: 3.000e-04, eta: 0:14:49, time: 0.887, data_time: 0.014, memory: 9784, stage0_loss_instance_mil: 0.4578, stage0_bag_acc: 52.2602, stage0_mean_ious: 0.0556, stage0_s: 0.0000, stage0_m: 0.0269, stage0_l: 0.0954, stage0_h: 0.0377, stage1_loss_instance_mil: 0.2062, stage1_bag_acc: 51.9072, stage1_neg_loss: 0.0384, stage1_mean_ious: 0.0505, stage1_s: 0.0000, stage1_m: 0.0303, stage1_l: 0.0857, stage1_h: 0.0337, loss: 0.7024, grad_norm: 2.3462
2024-10-13 15:57:58,005 - mmdet - INFO - Epoch [9][250/300]	lr: 3.000e-04, eta: 0:14:04, time: 0.872, data_time: 0.013, memory: 9784, stage0_loss_instance_mil: 0.4229, stage0_bag_acc: 53.4722, stage0_mean_ious: 0.0534, stage0_s: 0.0000, stage0_m: 0.0132, stage0_l: 0.0792, stage0_h: 0.0432, stage1_loss_instance_mil: 0.2159, stage1_bag_acc: 53.4253, stage1_neg_loss: 0.0401, stage1_mean_ious: 0.0475, stage1_s: 0.0000, stage1_m: 0.0130, stage1_l: 0.0719, stage1_h: 0.0379, loss: 0.6789, grad_norm: 2.4680
2024-10-13 15:58:42,828 - mmdet - INFO - Exp name: P2BNet_r50_fpn_1x_coco_ms.py
2024-10-13 15:58:42,828 - mmdet - INFO - Epoch [9][300/300]	lr: 3.000e-04, eta: 0:13:20, time: 0.896, data_time: 0.013, memory: 9784, stage0_loss_instance_mil: 0.4657, stage0_bag_acc: 48.5176, stage0_mean_ious: 0.0533, stage0_s: 0.0000, stage0_m: 0.0256, stage0_l: 0.0787, stage0_h: 0.0379, stage1_loss_instance_mil: 0.1969, stage1_bag_acc: 50.5557, stage1_neg_loss: 0.0394, stage1_mean_ious: 0.0482, stage1_s: 0.0000, stage1_m: 0.0207, stage1_l: 0.0711, stage1_h: 0.0345, loss: 0.7020, grad_norm: 2.2950
2024-10-13 15:58:42,924 - mmdet - INFO - Saving checkpoint at 9 epochs
2024-10-13 16:00:54,801 - mmdet - INFO - Evaluating bbox...
2024-10-13 16:00:55,669 - mmdet - INFO -  Average Precision  (AP) @[ IoU=0.50:0.95 | area=   all | maxDets=100 ] = 0.0002
2024-10-13 16:00:55,669 - mmdet - INFO -  Average Precision  (AP) @[ IoU=0.50      | area=   all | maxDets=1000 ] = 0.0006
2024-10-13 16:00:55,669 - mmdet - INFO -  Average Precision  (AP) @[ IoU=0.60      | area=   all | maxDets=1000 ] = 0.0004
2024-10-13 16:00:55,669 - mmdet - INFO -  Average Precision  (AP) @[ IoU=0.70      | area=   all | maxDets=1000 ] = 0.0001
2024-10-13 16:00:55,670 - mmdet - INFO -  Average Precision  (AP) @[ IoU=0.75      | area=   all | maxDets=1000 ] = 0.0001
2024-10-13 16:00:55,670 - mmdet - INFO -  Average Precision  (AP) @[ IoU=0.80      | area=   all | maxDets=1000 ] = 0.0000
2024-10-13 16:00:55,670 - mmdet - INFO -  Average Precision  (AP) @[ IoU=0.90      | area=   all | maxDets=1000 ] = 0.0000
2024-10-13 16:00:55,670 - mmdet - INFO -  Average Precision  (AP) @[ IoU=0.50:0.95 | area= small | maxDets=1000 ] = 0.0005
2024-10-13 16:00:55,670 - mmdet - INFO -  Average Precision  (AP) @[ IoU=0.50:0.95 | area=medium | maxDets=1000 ] = 0.0014
2024-10-13 16:00:55,670 - mmdet - INFO -  Average Precision  (AP) @[ IoU=0.50:0.95 | area= large | maxDets=1000 ] = 0.0000
2024-10-13 16:00:55,670 - mmdet - INFO -  Average Recall     (AR) @[ IoU=0.50:0.95 | area=   all | maxDets=100 ] = 0.0040
2024-10-13 16:00:55,670 - mmdet - INFO -  Average Recall     (AR) @[ IoU=0.50      | area=   all | maxDets=100 ] = 0.0122
2024-10-13 16:00:55,670 - mmdet - INFO -  Average Recall     (AR) @[ IoU=0.50:0.95 | area=   all | maxDets=300 ] = 0.0040
2024-10-13 16:00:55,671 - mmdet - INFO -  Average Recall     (AR) @[ IoU=0.50:0.95 | area=   all | maxDets=1000 ] = 0.0040
2024-10-13 16:00:55,671 - mmdet - INFO -  Average Recall     (AR) @[ IoU=0.50:0.95 | area= small | maxDets=1000 ] = 0.0263
2024-10-13 16:00:55,671 - mmdet - INFO -  Average Recall     (AR) @[ IoU=0.50:0.95 | area=medium | maxDets=1000 ] = 0.0012
2024-10-13 16:00:55,671 - mmdet - INFO -  Average Recall     (AR) @[ IoU=0.50:0.95 | area= large | maxDets=1000 ] = 0.0000
2024-10-13 16:00:55,688 - mmdet - INFO - Exp name: P2BNet_r50_fpn_1x_coco_ms.py
2024-10-13 16:00:55,689 - mmdet - INFO - Epoch(val) [9][300]	eval_iter_num: 720, bbox_mAP: 0.0000, bbox_mAP_50: 0.0010, bbox_mAP_75: 0.0000, bbox_mAP_s: 0.0000, bbox_mAP_m: 0.0000, bbox_mAP_l: 0.0000, bbox_mAP_copypaste: 0.000 0.001 0.000 0.000 0.000 0.000
2024-10-13 16:01:41,828 - mmdet - INFO - Epoch [10][50/300]	lr: 3.000e-04, eta: 0:12:36, time: 0.922, data_time: 0.060, memory: 9784, stage0_loss_instance_mil: 0.4278, stage0_bag_acc: 55.4414, stage0_mean_ious: 0.0533, stage0_s: 0.0011, stage0_m: 0.0243, stage0_l: 0.0850, stage0_h: 0.0392, stage1_loss_instance_mil: 0.2083, stage1_bag_acc: 54.8639, stage1_neg_loss: 0.0414, stage1_mean_ious: 0.0483, stage1_s: 0.0017, stage1_m: 0.0252, stage1_l: 0.0778, stage1_h: 0.0351, loss: 0.6775, grad_norm: 2.5410
