2024-10-08 13:30:31,541 - mmdet - INFO - Environment info:
------------------------------------------------------------
sys.platform: linux
Python: 3.7.16 (default, Jan 17 2023, 22:20:44) [GCC 11.2.0]
CUDA available: True
GPU 0,1,2,3,4,5,6,7: NVIDIA GeForce RTX 3090
CUDA_HOME: /usr/local/cuda-12.0
NVCC: Build cuda_12.0.r12.0/compiler.31968024_0
GCC: gcc (Ubuntu 11.4.0-2ubuntu1~18.04) 11.4.0
PyTorch: 1.7.0
PyTorch compiling details: PyTorch built with:
  - GCC 7.3
  - C++ Version: 201402
  - Intel(R) oneAPI Math Kernel Library Version 2021.4-Product Build 20210904 for Intel(R) 64 architecture applications
  - Intel(R) MKL-DNN v1.6.0 (Git Hash 5ef631a030a6f73131c77892041042805a06064f)
  - OpenMP 201511 (a.k.a. OpenMP 4.5)
  - NNPACK is enabled
  - CPU capability usage: AVX2
  - CUDA Runtime 11.0
  - NVCC architecture flags: -gencode;arch=compute_37,code=sm_37;-gencode;arch=compute_50,code=sm_50;-gencode;arch=compute_60,code=sm_60;-gencode;arch=compute_61,code=sm_61;-gencode;arch=compute_70,code=sm_70;-gencode;arch=compute_75,code=sm_75;-gencode;arch=compute_80,code=sm_80;-gencode;arch=compute_37,code=compute_37
  - CuDNN 8.0.3
  - Magma 2.5.2
  - Build settings: BLAS=MKL, BUILD_TYPE=Release, CXX_FLAGS= -Wno-deprecated -fvisibility-inlines-hidden -DUSE_PTHREADPOOL -fopenmp -DNDEBUG -DUSE_FBGEMM -DUSE_QNNPACK -DUSE_PYTORCH_QNNPACK -DUSE_XNNPACK -DUSE_VULKAN_WRAPPER -O2 -fPIC -Wno-narrowing -Wall -Wextra -Werror=return-type -Wno-missing-field-initializers -Wno-type-limits -Wno-array-bounds -Wno-unknown-pragmas -Wno-sign-compare -Wno-unused-parameter -Wno-unused-variable -Wno-unused-function -Wno-unused-result -Wno-unused-local-typedefs -Wno-strict-overflow -Wno-strict-aliasing -Wno-error=deprecated-declarations -Wno-stringop-overflow -Wno-psabi -Wno-error=pedantic -Wno-error=redundant-decls -Wno-error=old-style-cast -fdiagnostics-color=always -faligned-new -Wno-unused-but-set-variable -Wno-maybe-uninitialized -fno-math-errno -fno-trapping-math -Werror=format -Wno-stringop-overflow, PERF_WITH_AVX=1, PERF_WITH_AVX2=1, PERF_WITH_AVX512=1, USE_CUDA=ON, USE_EXCEPTION_PTR=1, USE_GFLAGS=OFF, USE_GLOG=OFF, USE_MKL=ON, USE_MKLDNN=ON, USE_MPI=OFF, USE_NCCL=ON, USE_NNPACK=ON, USE_OPENMP=ON, 

TorchVision: 0.8.0
OpenCV: 4.8.1
MMCV: 1.3.3
MMCV Compiler: GCC 7.3
MMCV CUDA Compiler: 11.0
MMDetection: 2.13.0+855f72a
------------------------------------------------------------

2024-10-08 13:30:32,357 - mmdet - INFO - Distributed training: False
2024-10-08 13:30:33,158 - mmdet - INFO - Config:
checkpoint_config = dict(interval=1)
log_config = dict(interval=50, hooks=[dict(type='TextLoggerHook')])
custom_hooks = [dict(type='NumClassCheckHook')]
dist_params = dict(backend='nccl')
log_level = 'INFO'
load_from = '../TOV_mmdetection_cache/work_dir/coco/pre_trained/P2B.pth'
resume_from = None
workflow = [('train', 1)]
norm_cfg = dict(type='GN', num_groups=32, requires_grad=True)
debug = False
num_stages = 2
model = dict(
    type='P2BNet',
    pretrained='torchvision://resnet50',
    backbone=dict(
        type='ResNet',
        depth=50,
        num_stages=4,
        out_indices=(0, 1, 2, 3),
        frozen_stages=1,
        norm_cfg=dict(type='BN', requires_grad=True),
        norm_eval=True,
        style='pytorch'),
    neck=dict(
        type='FPN',
        in_channels=[256, 512, 1024, 2048],
        out_channels=256,
        start_level=0,
        add_extra_convs='on_input',
        num_outs=4,
        norm_cfg=dict(type='BN', requires_grad=True)),
    roi_head=dict(
        type='P2BHead',
        num_stages=2,
        top_k=7,
        with_atten=False,
        bbox_roi_extractor=dict(
            type='SingleRoIExtractor',
            roi_layer=dict(type='RoIAlign', output_size=7),
            out_channels=256,
            featmap_strides=[4, 8, 16, 32]),
        bbox_head=dict(
            type='Shared2FCInstanceMILHead',
            num_stages=2,
            with_loss_pseudo=False,
            in_channels=256,
            fc_out_channels=1024,
            roi_feat_size=7,
            num_classes=6,
            num_ref_fcs=0,
            bbox_coder=dict(
                type='DeltaXYWHBBoxCoder',
                target_means=[0.0, 0.0, 0.0, 0.0],
                target_stds=[0.1, 0.1, 0.2, 0.2]),
            reg_class_agnostic=True,
            loss_type='MIL',
            loss_mil1=dict(
                type='MILLoss',
                binary_ins=False,
                loss_weight=0.25,
                loss_type='binary_cross_entropy'),
            loss_mil2=dict(
                type='MILLoss',
                binary_ins=False,
                loss_weight=0.25,
                loss_type='gfocal_loss'))),
    train_cfg=dict(
        base_proposal=dict(
            base_scales=[4, 8, 16, 32, 64, 128],
            base_ratios=[
                0.3333333333333333, 0.5, 0.6666666666666666, 1.0, 1.5, 2.0, 3.0
            ],
            shake_ratio=None,
            cut_mode='symmetry',
            gen_num_neg=0),
        fine_proposal=dict(
            gen_proposal_mode='fix_gen',
            cut_mode=None,
            shake_ratio=[0.1],
            base_ratios=[1, 1.2, 1.3, 0.8, 0.7],
            iou_thr=0.3,
            gen_num_neg=500),
        rcnn=None),
    test_cfg=dict(rpn=None, rcnn=None))
dataset_type = 'CocoFmtDataset'
data_root = 'data/coco/'
img_norm_cfg = dict(
    mean=[123.675, 116.28, 103.53], std=[58.395, 57.12, 57.375], to_rgb=True)
train_pipeline = [
    dict(type='LoadImageFromFile'),
    dict(type='LoadAnnotations', with_bbox=True),
    dict(
        type='Resize',
        img_scale=[(2000, 480), (2000, 576), (2000, 688), (2000, 864),
                   (2000, 1000), (2000, 1200)],
        multiscale_mode='value',
        keep_ratio=True),
    dict(type='RandomFlip', flip_ratio=0.5),
    dict(
        type='Normalize',
        mean=[123.675, 116.28, 103.53],
        std=[58.395, 57.12, 57.375],
        to_rgb=True),
    dict(type='Pad', size_divisor=32),
    dict(type='DefaultFormatBundle'),
    dict(
        type='Collect',
        keys=[
            'img', 'gt_bboxes', 'gt_labels', 'gt_bboxes_ignore',
            'gt_true_bboxes'
        ])
]
test_scale = 1200
test_pipeline = [
    dict(type='LoadImageFromFile'),
    dict(type='LoadAnnotations', with_bbox=True),
    dict(
        type='MultiScaleFlipAug',
        img_scale=(2000, 1200),
        flip=False,
        transforms=[
            dict(type='Resize', keep_ratio=True),
            dict(type='RandomFlip'),
            dict(
                type='Normalize',
                mean=[123.675, 116.28, 103.53],
                std=[58.395, 57.12, 57.375],
                to_rgb=True),
            dict(type='Pad', size_divisor=32),
            dict(type='DefaultFormatBundle'),
            dict(
                type='Collect',
                keys=[
                    'img', 'gt_bboxes', 'gt_labels', 'gt_bboxes_ignore',
                    'gt_anns_id', 'gt_true_bboxes'
                ])
        ])
]
data = dict(
    samples_per_gpu=8,
    workers_per_gpu=1,
    shuffle=None,
    train=dict(
        type='CocoFmtDataset',
        ann_file='data/coco/annotations_qc_pt/instances_train2017_coarse.json',
        img_prefix='data/coco/images/train/',
        pipeline=[
            dict(type='LoadImageFromFile'),
            dict(type='LoadAnnotations', with_bbox=True),
            dict(
                type='Resize',
                img_scale=[(2000, 480), (2000, 576), (2000, 688), (2000, 864),
                           (2000, 1000), (2000, 1200)],
                multiscale_mode='value',
                keep_ratio=True),
            dict(type='RandomFlip', flip_ratio=0.5),
            dict(
                type='Normalize',
                mean=[123.675, 116.28, 103.53],
                std=[58.395, 57.12, 57.375],
                to_rgb=True),
            dict(type='Pad', size_divisor=32),
            dict(type='DefaultFormatBundle'),
            dict(
                type='Collect',
                keys=[
                    'img', 'gt_bboxes', 'gt_labels', 'gt_bboxes_ignore',
                    'gt_true_bboxes'
                ])
        ]),
    val=dict(
        samples_per_gpu=16,
        type='CocoFmtDataset',
        ann_file=
        '/home/lxz/P2BNet/TOV_mmdetection/data/coco/annotations/instances_train.json',
        img_prefix='data/coco/images/train',
        pipeline=[
            dict(type='LoadImageFromFile'),
            dict(type='LoadAnnotations', with_bbox=True),
            dict(
                type='MultiScaleFlipAug',
                img_scale=(2000, 1200),
                flip=False,
                transforms=[
                    dict(type='Resize', keep_ratio=True),
                    dict(type='RandomFlip'),
                    dict(
                        type='Normalize',
                        mean=[123.675, 116.28, 103.53],
                        std=[58.395, 57.12, 57.375],
                        to_rgb=True),
                    dict(type='Pad', size_divisor=32),
                    dict(type='DefaultFormatBundle'),
                    dict(
                        type='Collect',
                        keys=[
                            'img', 'gt_bboxes', 'gt_labels',
                            'gt_bboxes_ignore', 'gt_anns_id', 'gt_true_bboxes'
                        ])
                ])
        ],
        test_mode=False),
    test=dict(
        samples_per_gpu=16,
        type='CocoFmtDataset',
        ann_file=
        '/home/lxz/P2BNet/TOV_mmdetection/data/coco/annotations/instances_train.json',
        img_prefix='data/coco/images/train/',
        pipeline=[
            dict(type='LoadImageFromFile'),
            dict(type='LoadAnnotations', with_bbox=True),
            dict(
                type='MultiScaleFlipAug',
                img_scale=(2000, 1200),
                flip=False,
                transforms=[
                    dict(type='Resize', keep_ratio=True),
                    dict(type='RandomFlip'),
                    dict(
                        type='Normalize',
                        mean=[123.675, 116.28, 103.53],
                        std=[58.395, 57.12, 57.375],
                        to_rgb=True),
                    dict(type='Pad', size_divisor=32),
                    dict(type='DefaultFormatBundle'),
                    dict(
                        type='Collect',
                        keys=[
                            'img', 'gt_bboxes', 'gt_labels',
                            'gt_bboxes_ignore', 'gt_anns_id', 'gt_true_bboxes'
                        ])
                ])
        ],
        test_mode=False))
check = dict(stop_while_nan=False)
optimizer = dict(type='SGD', lr=0.02, momentum=0.9, weight_decay=0.0001)
optimizer_config = dict(grad_clip=dict(max_norm=35, norm_type=2))
lr_config = dict(
    policy='step',
    warmup='linear',
    warmup_iters=500,
    warmup_ratio=0.001,
    step=[8, 11])
runner = dict(type='EpochBasedRunner', max_epochs=18)
work_dir = '../TOV_mmdetection_cache/work_dir/coco/'
evaluation = dict(
    interval=1,
    metric='bbox',
    save_result_file=
    '../TOV_mmdetection_cache/work_dir/coco/_1200_latest_result.json',
    do_first_eval=False,
    do_final_eval=True)
gpu_ids = [0]

2024-10-08 13:30:36,578 - mmdet - INFO - load checkpoint from ../TOV_mmdetection_cache/work_dir/coco/pre_trained/P2B.pth
2024-10-08 13:30:36,579 - mmdet - INFO - Use load_from_local loader
2024-10-08 13:30:36,899 - mmdet - WARNING - The model and loaded state dict do not match exactly

size mismatch for roi_head.bbox_head.fc_cls.0.weight: copying a param with shape torch.Size([81, 1024]) from checkpoint, the shape in current model is torch.Size([7, 1024]).
size mismatch for roi_head.bbox_head.fc_cls.0.bias: copying a param with shape torch.Size([81]) from checkpoint, the shape in current model is torch.Size([7]).
size mismatch for roi_head.bbox_head.fc_cls.1.weight: copying a param with shape torch.Size([80, 1024]) from checkpoint, the shape in current model is torch.Size([6, 1024]).
size mismatch for roi_head.bbox_head.fc_cls.1.bias: copying a param with shape torch.Size([80]) from checkpoint, the shape in current model is torch.Size([6]).
size mismatch for roi_head.bbox_head.fc_ins.0.weight: copying a param with shape torch.Size([81, 1024]) from checkpoint, the shape in current model is torch.Size([7, 1024]).
size mismatch for roi_head.bbox_head.fc_ins.0.bias: copying a param with shape torch.Size([81]) from checkpoint, the shape in current model is torch.Size([7]).
size mismatch for roi_head.bbox_head.fc_ins.1.weight: copying a param with shape torch.Size([80, 1024]) from checkpoint, the shape in current model is torch.Size([6, 1024]).
size mismatch for roi_head.bbox_head.fc_ins.1.bias: copying a param with shape torch.Size([80]) from checkpoint, the shape in current model is torch.Size([6]).
unexpected key in source state_dict: neck.lateral_convs.0.gn.weight, neck.lateral_convs.0.gn.bias, neck.lateral_convs.1.gn.weight, neck.lateral_convs.1.gn.bias, neck.lateral_convs.2.gn.weight, neck.lateral_convs.2.gn.bias, neck.lateral_convs.3.gn.weight, neck.lateral_convs.3.gn.bias, neck.fpn_convs.0.gn.weight, neck.fpn_convs.0.gn.bias, neck.fpn_convs.1.gn.weight, neck.fpn_convs.1.gn.bias, neck.fpn_convs.2.gn.weight, neck.fpn_convs.2.gn.bias, neck.fpn_convs.3.gn.weight, neck.fpn_convs.3.gn.bias

missing keys in source state_dict: neck.lateral_convs.0.bn.weight, neck.lateral_convs.0.bn.bias, neck.lateral_convs.0.bn.running_mean, neck.lateral_convs.0.bn.running_var, neck.lateral_convs.1.bn.weight, neck.lateral_convs.1.bn.bias, neck.lateral_convs.1.bn.running_mean, neck.lateral_convs.1.bn.running_var, neck.lateral_convs.2.bn.weight, neck.lateral_convs.2.bn.bias, neck.lateral_convs.2.bn.running_mean, neck.lateral_convs.2.bn.running_var, neck.lateral_convs.3.bn.weight, neck.lateral_convs.3.bn.bias, neck.lateral_convs.3.bn.running_mean, neck.lateral_convs.3.bn.running_var, neck.fpn_convs.0.bn.weight, neck.fpn_convs.0.bn.bias, neck.fpn_convs.0.bn.running_mean, neck.fpn_convs.0.bn.running_var, neck.fpn_convs.1.bn.weight, neck.fpn_convs.1.bn.bias, neck.fpn_convs.1.bn.running_mean, neck.fpn_convs.1.bn.running_var, neck.fpn_convs.2.bn.weight, neck.fpn_convs.2.bn.bias, neck.fpn_convs.2.bn.running_mean, neck.fpn_convs.2.bn.running_var, neck.fpn_convs.3.bn.weight, neck.fpn_convs.3.bn.bias, neck.fpn_convs.3.bn.running_mean, neck.fpn_convs.3.bn.running_var

2024-10-08 13:30:36,907 - mmdet - INFO - Start running, host: lxz@user-SYS-4029GP-TRT2, work_dir: /home/lxz/P2BNet/TOV_mmdetection_cache/work_dir/coco
2024-10-08 13:30:36,907 - mmdet - INFO - workflow: [('train', 1)], max: 18 epochs
2024-10-08 13:31:42,573 - mmdet - INFO - Epoch [1][50/180]	lr: 1.978e-03, eta: 1:09:49, time: 1.313, data_time: 0.082, memory: 16696, stage0_loss_instance_mil: 0.5144, stage0_bag_acc: 50.3238, stage0_mean_ious: 0.3586, stage0_s: 0.0000, stage0_m: 0.0129, stage0_l: 0.2694, stage0_h: 0.3676, stage1_loss_instance_mil: 0.2735, stage1_bag_acc: 42.8785, stage1_neg_loss: 0.0364, stage1_mean_ious: 0.3488, stage1_s: 0.0000, stage1_m: 0.0130, stage1_l: 0.2601, stage1_h: 0.3582, loss: 0.8243, grad_norm: 7.5526
2024-10-08 13:32:45,014 - mmdet - INFO - Epoch [1][100/180]	lr: 3.976e-03, eta: 1:07:02, time: 1.249, data_time: 0.030, memory: 16706, stage0_loss_instance_mil: 0.1791, stage0_bag_acc: 89.7244, stage0_mean_ious: 0.5033, stage0_s: 0.0000, stage0_m: 0.0164, stage0_l: 0.2774, stage0_h: 0.5280, stage1_loss_instance_mil: 0.3324, stage1_bag_acc: 65.8293, stage1_neg_loss: 0.0694, stage1_mean_ious: 0.5031, stage1_s: 0.0000, stage1_m: 0.0197, stage1_l: 0.3016, stage1_h: 0.5233, loss: 0.5809, grad_norm: 8.7937
2024-10-08 13:33:47,434 - mmdet - INFO - Epoch [1][150/180]	lr: 5.974e-03, eta: 1:05:24, time: 1.248, data_time: 0.027, memory: 16706, stage0_loss_instance_mil: 0.2174, stage0_bag_acc: 84.6572, stage0_mean_ious: 0.4509, stage0_s: 0.0000, stage0_m: 0.0722, stage0_l: 0.2653, stage0_h: 0.4770, stage1_loss_instance_mil: 0.2230, stage1_bag_acc: 75.1779, stage1_neg_loss: 0.0714, stage1_mean_ious: 0.4518, stage1_s: 0.0000, stage1_m: 0.0686, stage1_l: 0.2819, stage1_h: 0.4763, loss: 0.5118, grad_norm: 9.0171
2024-10-08 13:34:25,835 - mmdet - INFO - Saving checkpoint at 1 epochs
2024-10-08 13:35:56,012 - mmdet - INFO - Evaluating bbox...
2024-10-08 13:35:56,788 - mmdet - INFO -  Average Precision  (AP) @[ IoU=0.50:0.95 | area=   all | maxDets=100 ] = 0.0074
2024-10-08 13:35:56,788 - mmdet - INFO -  Average Precision  (AP) @[ IoU=0.50      | area=   all | maxDets=1000 ] = 0.0274
2024-10-08 13:35:56,789 - mmdet - INFO -  Average Precision  (AP) @[ IoU=0.60      | area=   all | maxDets=1000 ] = 0.0110
2024-10-08 13:35:56,789 - mmdet - INFO -  Average Precision  (AP) @[ IoU=0.70      | area=   all | maxDets=1000 ] = 0.0045
2024-10-08 13:35:56,789 - mmdet - INFO -  Average Precision  (AP) @[ IoU=0.75      | area=   all | maxDets=1000 ] = 0.0022
2024-10-08 13:35:56,789 - mmdet - INFO -  Average Precision  (AP) @[ IoU=0.80      | area=   all | maxDets=1000 ] = 0.0019
2024-10-08 13:35:56,789 - mmdet - INFO -  Average Precision  (AP) @[ IoU=0.90      | area=   all | maxDets=1000 ] = 0.0000
2024-10-08 13:35:56,789 - mmdet - INFO -  Average Precision  (AP) @[ IoU=0.50:0.95 | area= small | maxDets=1000 ] = 0.0040
2024-10-08 13:35:56,789 - mmdet - INFO -  Average Precision  (AP) @[ IoU=0.50:0.95 | area=medium | maxDets=1000 ] = 0.0118
2024-10-08 13:35:56,789 - mmdet - INFO -  Average Precision  (AP) @[ IoU=0.50:0.95 | area= large | maxDets=1000 ] = 0.0028
2024-10-08 13:35:56,789 - mmdet - INFO -  Average Recall     (AR) @[ IoU=0.50:0.95 | area=   all | maxDets=100 ] = 0.0259
2024-10-08 13:35:56,789 - mmdet - INFO -  Average Recall     (AR) @[ IoU=0.50      | area=   all | maxDets=100 ] = 0.0809
2024-10-08 13:35:56,790 - mmdet - INFO -  Average Recall     (AR) @[ IoU=0.50:0.95 | area=   all | maxDets=300 ] = 0.0259
2024-10-08 13:35:56,790 - mmdet - INFO -  Average Recall     (AR) @[ IoU=0.50:0.95 | area=   all | maxDets=1000 ] = 0.0259
2024-10-08 13:35:56,790 - mmdet - INFO -  Average Recall     (AR) @[ IoU=0.50:0.95 | area= small | maxDets=1000 ] = 0.0212
2024-10-08 13:35:56,790 - mmdet - INFO -  Average Recall     (AR) @[ IoU=0.50:0.95 | area=medium | maxDets=1000 ] = 0.0282
2024-10-08 13:35:56,790 - mmdet - INFO -  Average Recall     (AR) @[ IoU=0.50:0.95 | area= large | maxDets=1000 ] = 0.0130
2024-10-08 13:35:56,800 - mmdet - INFO - Exp name: P2BNet_r50_fpn_1x_coco_ms.py
2024-10-08 13:35:56,801 - mmdet - INFO - Epoch(val) [1][180]	eval_iter_num: 90, bbox_mAP: 0.0070, bbox_mAP_50: 0.0270, bbox_mAP_75: 0.0110, bbox_mAP_s: 0.0040, bbox_mAP_m: 0.0020, bbox_mAP_l: 0.0020, bbox_mAP_copypaste: 0.007 0.027 0.011 0.004 0.002 0.002
2024-10-08 13:37:00,613 - mmdet - INFO - Epoch [2][50/180]	lr: 9.171e-03, eta: 0:55:28, time: 1.276, data_time: 0.078, memory: 16708, stage0_loss_instance_mil: 0.4402, stage0_bag_acc: 61.2339, stage0_mean_ious: 0.1950, stage0_s: 0.0000, stage0_m: 0.0860, stage0_l: 0.2859, stage0_h: 0.1731, stage1_loss_instance_mil: 0.3174, stage1_bag_acc: 48.9616, stage1_neg_loss: 0.0737, stage1_mean_ious: 0.1925, stage1_s: 0.0000, stage1_m: 0.0873, stage1_l: 0.2834, stage1_h: 0.1706, loss: 0.8313, grad_norm: 5.7728
2024-10-08 13:38:03,034 - mmdet - INFO - Epoch [2][100/180]	lr: 1.117e-02, eta: 0:55:48, time: 1.248, data_time: 0.028, memory: 16708, stage0_loss_instance_mil: 0.4196, stage0_bag_acc: 64.2665, stage0_mean_ious: 0.1926, stage0_s: 0.0000, stage0_m: 0.0858, stage0_l: 0.2711, stage0_h: 0.1697, stage1_loss_instance_mil: 0.2800, stage1_bag_acc: 52.2049, stage1_neg_loss: 0.0662, stage1_mean_ious: 0.1804, stage1_s: 0.0000, stage1_m: 0.0852, stage1_l: 0.2681, stage1_h: 0.1563, loss: 0.7658, grad_norm: 4.7613
2024-10-08 13:39:05,115 - mmdet - INFO - Epoch [2][150/180]	lr: 1.317e-02, eta: 0:55:40, time: 1.242, data_time: 0.028, memory: 16708, stage0_loss_instance_mil: 0.3668, stage0_bag_acc: 73.5483, stage0_mean_ious: 0.1945, stage0_s: 0.0000, stage0_m: 0.0352, stage0_l: 0.2622, stage0_h: 0.1727, stage1_loss_instance_mil: 0.3378, stage1_bag_acc: 57.0879, stage1_neg_loss: 0.0645, stage1_mean_ious: 0.1850, stage1_s: 0.0000, stage1_m: 0.0337, stage1_l: 0.2652, stage1_h: 0.1629, loss: 0.7691, grad_norm: 4.4878
2024-10-08 13:39:42,439 - mmdet - INFO - Saving checkpoint at 2 epochs
2024-10-08 13:41:13,694 - mmdet - INFO - Evaluating bbox...
2024-10-08 13:41:14,505 - mmdet - INFO -  Average Precision  (AP) @[ IoU=0.50:0.95 | area=   all | maxDets=100 ] = 0.0018
2024-10-08 13:41:14,505 - mmdet - INFO -  Average Precision  (AP) @[ IoU=0.50      | area=   all | maxDets=1000 ] = 0.0077
2024-10-08 13:41:14,506 - mmdet - INFO -  Average Precision  (AP) @[ IoU=0.60      | area=   all | maxDets=1000 ] = 0.0027
2024-10-08 13:41:14,506 - mmdet - INFO -  Average Precision  (AP) @[ IoU=0.70      | area=   all | maxDets=1000 ] = 0.0007
2024-10-08 13:41:14,506 - mmdet - INFO -  Average Precision  (AP) @[ IoU=0.75      | area=   all | maxDets=1000 ] = 0.0004
2024-10-08 13:41:14,506 - mmdet - INFO -  Average Precision  (AP) @[ IoU=0.80      | area=   all | maxDets=1000 ] = 0.0003
2024-10-08 13:41:14,506 - mmdet - INFO -  Average Precision  (AP) @[ IoU=0.90      | area=   all | maxDets=1000 ] = 0.0000
2024-10-08 13:41:14,506 - mmdet - INFO -  Average Precision  (AP) @[ IoU=0.50:0.95 | area= small | maxDets=1000 ] = 0.0036
2024-10-08 13:41:14,506 - mmdet - INFO -  Average Precision  (AP) @[ IoU=0.50:0.95 | area=medium | maxDets=1000 ] = 0.0039
2024-10-08 13:41:14,506 - mmdet - INFO -  Average Precision  (AP) @[ IoU=0.50:0.95 | area= large | maxDets=1000 ] = 0.0000
2024-10-08 13:41:14,507 - mmdet - INFO -  Average Recall     (AR) @[ IoU=0.50:0.95 | area=   all | maxDets=100 ] = 0.0114
2024-10-08 13:41:14,507 - mmdet - INFO -  Average Recall     (AR) @[ IoU=0.50      | area=   all | maxDets=100 ] = 0.0370
2024-10-08 13:41:14,507 - mmdet - INFO -  Average Recall     (AR) @[ IoU=0.50:0.95 | area=   all | maxDets=300 ] = 0.0114
2024-10-08 13:41:14,507 - mmdet - INFO -  Average Recall     (AR) @[ IoU=0.50:0.95 | area=   all | maxDets=1000 ] = 0.0114
2024-10-08 13:41:14,507 - mmdet - INFO -  Average Recall     (AR) @[ IoU=0.50:0.95 | area= small | maxDets=1000 ] = 0.0531
2024-10-08 13:41:14,507 - mmdet - INFO -  Average Recall     (AR) @[ IoU=0.50:0.95 | area=medium | maxDets=1000 ] = 0.0082
2024-10-08 13:41:14,507 - mmdet - INFO -  Average Recall     (AR) @[ IoU=0.50:0.95 | area= large | maxDets=1000 ] = 0.0000
2024-10-08 13:41:14,520 - mmdet - INFO - Exp name: P2BNet_r50_fpn_1x_coco_ms.py
2024-10-08 13:41:14,521 - mmdet - INFO - Epoch(val) [2][180]	eval_iter_num: 90, bbox_mAP: 0.0020, bbox_mAP_50: 0.0080, bbox_mAP_75: 0.0030, bbox_mAP_s: 0.0010, bbox_mAP_m: 0.0000, bbox_mAP_l: 0.0000, bbox_mAP_copypaste: 0.002 0.008 0.003 0.001 0.000 0.000
