2024-10-08 19:51:32,641 - mmdet - INFO - Environment info:
------------------------------------------------------------
sys.platform: linux
Python: 3.7.16 (default, Jan 17 2023, 22:20:44) [GCC 11.2.0]
CUDA available: True
GPU 0,1,2,3,4,5,6,7: NVIDIA GeForce RTX 3090
CUDA_HOME: /usr/local/cuda-12.0
NVCC: Build cuda_12.0.r12.0/compiler.31968024_0
GCC: gcc (Ubuntu 11.4.0-2ubuntu1~18.04) 11.4.0
PyTorch: 1.7.0
PyTorch compiling details: PyTorch built with:
  - GCC 7.3
  - C++ Version: 201402
  - Intel(R) oneAPI Math Kernel Library Version 2021.4-Product Build 20210904 for Intel(R) 64 architecture applications
  - Intel(R) MKL-DNN v1.6.0 (Git Hash 5ef631a030a6f73131c77892041042805a06064f)
  - OpenMP 201511 (a.k.a. OpenMP 4.5)
  - NNPACK is enabled
  - CPU capability usage: AVX2
  - CUDA Runtime 11.0
  - NVCC architecture flags: -gencode;arch=compute_37,code=sm_37;-gencode;arch=compute_50,code=sm_50;-gencode;arch=compute_60,code=sm_60;-gencode;arch=compute_61,code=sm_61;-gencode;arch=compute_70,code=sm_70;-gencode;arch=compute_75,code=sm_75;-gencode;arch=compute_80,code=sm_80;-gencode;arch=compute_37,code=compute_37
  - CuDNN 8.0.3
  - Magma 2.5.2
  - Build settings: BLAS=MKL, BUILD_TYPE=Release, CXX_FLAGS= -Wno-deprecated -fvisibility-inlines-hidden -DUSE_PTHREADPOOL -fopenmp -DNDEBUG -DUSE_FBGEMM -DUSE_QNNPACK -DUSE_PYTORCH_QNNPACK -DUSE_XNNPACK -DUSE_VULKAN_WRAPPER -O2 -fPIC -Wno-narrowing -Wall -Wextra -Werror=return-type -Wno-missing-field-initializers -Wno-type-limits -Wno-array-bounds -Wno-unknown-pragmas -Wno-sign-compare -Wno-unused-parameter -Wno-unused-variable -Wno-unused-function -Wno-unused-result -Wno-unused-local-typedefs -Wno-strict-overflow -Wno-strict-aliasing -Wno-error=deprecated-declarations -Wno-stringop-overflow -Wno-psabi -Wno-error=pedantic -Wno-error=redundant-decls -Wno-error=old-style-cast -fdiagnostics-color=always -faligned-new -Wno-unused-but-set-variable -Wno-maybe-uninitialized -fno-math-errno -fno-trapping-math -Werror=format -Wno-stringop-overflow, PERF_WITH_AVX=1, PERF_WITH_AVX2=1, PERF_WITH_AVX512=1, USE_CUDA=ON, USE_EXCEPTION_PTR=1, USE_GFLAGS=OFF, USE_GLOG=OFF, USE_MKL=ON, USE_MKLDNN=ON, USE_MPI=OFF, USE_NCCL=ON, USE_NNPACK=ON, USE_OPENMP=ON, 

TorchVision: 0.8.0
OpenCV: 4.8.1
MMCV: 1.3.3
MMCV Compiler: GCC 7.3
MMCV CUDA Compiler: 11.0
MMDetection: 2.13.0+e1fb402
------------------------------------------------------------

2024-10-08 19:51:33,375 - mmdet - INFO - Distributed training: False
2024-10-08 19:51:34,087 - mmdet - INFO - Config:
checkpoint_config = dict(interval=1)
log_config = dict(interval=50, hooks=[dict(type='TextLoggerHook')])
custom_hooks = [dict(type='NumClassCheckHook')]
dist_params = dict(backend='nccl')
log_level = 'INFO'
load_from = '../TOV_mmdetection_cache/work_dir/coco/pre_trained/P2B.pth'
resume_from = None
workflow = [('train', 1)]
norm_cfg = dict(type='GN', num_groups=32, requires_grad=True)
debug = False
num_stages = 2
model = dict(
    type='P2BNet',
    pretrained='torchvision://resnet50',
    backbone=dict(
        type='ResNet',
        depth=50,
        num_stages=4,
        out_indices=(0, 1, 2, 3),
        frozen_stages=1,
        norm_cfg=dict(type='BN', requires_grad=True),
        norm_eval=True,
        style='pytorch'),
    neck=dict(
        type='FPN',
        in_channels=[256, 512, 1024, 2048],
        out_channels=256,
        start_level=0,
        add_extra_convs='on_input',
        num_outs=4,
        norm_cfg=dict(type='GN', num_groups=32, requires_grad=True)),
    roi_head=dict(
        type='P2BHead',
        num_stages=2,
        top_k=7,
        with_atten=False,
        bbox_roi_extractor=dict(
            type='SingleRoIExtractor',
            roi_layer=dict(type='RoIAlign', output_size=7),
            out_channels=256,
            featmap_strides=[4, 8, 16, 32]),
        bbox_head=dict(
            type='Shared2FCInstanceMILHead',
            num_stages=2,
            with_loss_pseudo=False,
            in_channels=256,
            fc_out_channels=1024,
            roi_feat_size=7,
            num_classes=6,
            num_ref_fcs=0,
            bbox_coder=dict(
                type='DeltaXYWHBBoxCoder',
                target_means=[0.0, 0.0, 0.0, 0.0],
                target_stds=[0.1, 0.1, 0.2, 0.2]),
            reg_class_agnostic=True,
            loss_type='MIL',
            loss_mil1=dict(
                type='MILLoss',
                binary_ins=False,
                loss_weight=0.25,
                loss_type='binary_cross_entropy'),
            loss_mil2=dict(
                type='MILLoss',
                binary_ins=False,
                loss_weight=0.25,
                loss_type='gfocal_loss'))),
    train_cfg=dict(
        base_proposal=dict(
            base_scales=[4, 8, 16, 32, 64, 128],
            base_ratios=[
                0.3333333333333333, 0.5, 0.6666666666666666, 1.0, 1.5, 2.0, 3.0
            ],
            shake_ratio=None,
            cut_mode='symmetry',
            gen_num_neg=0),
        fine_proposal=dict(
            gen_proposal_mode='fix_gen',
            cut_mode=None,
            shake_ratio=[0.1],
            base_ratios=[1, 1.2, 1.3, 0.8, 0.7],
            iou_thr=0.3,
            gen_num_neg=500),
        rcnn=None),
    test_cfg=dict(rpn=None, rcnn=None))
dataset_type = 'CocoFmtDataset'
data_root = 'data/coco/'
img_norm_cfg = dict(
    mean=[123.675, 116.28, 103.53], std=[58.395, 57.12, 57.375], to_rgb=True)
train_pipeline = [
    dict(type='LoadImageFromFile'),
    dict(type='LoadAnnotations', with_bbox=True),
    dict(
        type='Resize',
        img_scale=[(2000, 480), (2000, 576), (2000, 688), (2000, 864),
                   (2000, 1000), (2000, 1200)],
        multiscale_mode='value',
        keep_ratio=True),
    dict(type='RandomFlip', flip_ratio=0.5),
    dict(
        type='Normalize',
        mean=[123.675, 116.28, 103.53],
        std=[58.395, 57.12, 57.375],
        to_rgb=True),
    dict(type='Pad', size_divisor=32),
    dict(type='DefaultFormatBundle'),
    dict(
        type='Collect',
        keys=[
            'img', 'gt_bboxes', 'gt_labels', 'gt_bboxes_ignore',
            'gt_true_bboxes'
        ])
]
test_scale = 1200
test_pipeline = [
    dict(type='LoadImageFromFile'),
    dict(type='LoadAnnotations', with_bbox=True),
    dict(
        type='MultiScaleFlipAug',
        img_scale=(2000, 1200),
        flip=False,
        transforms=[
            dict(type='Resize', keep_ratio=True),
            dict(type='RandomFlip'),
            dict(
                type='Normalize',
                mean=[123.675, 116.28, 103.53],
                std=[58.395, 57.12, 57.375],
                to_rgb=True),
            dict(type='Pad', size_divisor=32),
            dict(type='DefaultFormatBundle'),
            dict(
                type='Collect',
                keys=[
                    'img', 'gt_bboxes', 'gt_labels', 'gt_bboxes_ignore',
                    'gt_anns_id', 'gt_true_bboxes'
                ])
        ])
]
data = dict(
    samples_per_gpu=4,
    workers_per_gpu=1,
    shuffle=None,
    train=dict(
        type='CocoFmtDataset',
        ann_file='data/coco/annotations_qc_pt/instances_train2017_coarse.json',
        img_prefix='data/coco/images/train/',
        pipeline=[
            dict(type='LoadImageFromFile'),
            dict(type='LoadAnnotations', with_bbox=True),
            dict(
                type='Resize',
                img_scale=[(2000, 480), (2000, 576), (2000, 688), (2000, 864),
                           (2000, 1000), (2000, 1200)],
                multiscale_mode='value',
                keep_ratio=True),
            dict(type='RandomFlip', flip_ratio=0.5),
            dict(
                type='Normalize',
                mean=[123.675, 116.28, 103.53],
                std=[58.395, 57.12, 57.375],
                to_rgb=True),
            dict(type='Pad', size_divisor=32),
            dict(type='DefaultFormatBundle'),
            dict(
                type='Collect',
                keys=[
                    'img', 'gt_bboxes', 'gt_labels', 'gt_bboxes_ignore',
                    'gt_true_bboxes'
                ])
        ]),
    val=dict(
        samples_per_gpu=2,
        type='CocoFmtDataset',
        ann_file='data/coco/annotations_qc_pt/instances_train2017_coarse.json',
        img_prefix='data/coco/images/train/',
        pipeline=[
            dict(type='LoadImageFromFile'),
            dict(type='LoadAnnotations', with_bbox=True),
            dict(
                type='MultiScaleFlipAug',
                img_scale=(2000, 1200),
                flip=False,
                transforms=[
                    dict(type='Resize', keep_ratio=True),
                    dict(type='RandomFlip'),
                    dict(
                        type='Normalize',
                        mean=[123.675, 116.28, 103.53],
                        std=[58.395, 57.12, 57.375],
                        to_rgb=True),
                    dict(type='Pad', size_divisor=32),
                    dict(type='DefaultFormatBundle'),
                    dict(
                        type='Collect',
                        keys=[
                            'img', 'gt_bboxes', 'gt_labels',
                            'gt_bboxes_ignore', 'gt_anns_id', 'gt_true_bboxes'
                        ])
                ])
        ],
        test_mode=False),
    test=dict(
        type='CocoFmtDataset',
        ann_file='data/coco/annotations/instances_val2017.json',
        img_prefix='data/coco/images/val/',
        pipeline=[
            dict(type='LoadImageFromFile'),
            dict(type='LoadAnnotations', with_bbox=True),
            dict(
                type='MultiScaleFlipAug',
                img_scale=(2000, 1200),
                flip=False,
                transforms=[
                    dict(type='Resize', keep_ratio=True),
                    dict(type='RandomFlip'),
                    dict(
                        type='Normalize',
                        mean=[123.675, 116.28, 103.53],
                        std=[58.395, 57.12, 57.375],
                        to_rgb=True),
                    dict(type='Pad', size_divisor=32),
                    dict(type='DefaultFormatBundle'),
                    dict(
                        type='Collect',
                        keys=[
                            'img', 'gt_bboxes', 'gt_labels',
                            'gt_bboxes_ignore', 'gt_anns_id', 'gt_true_bboxes'
                        ])
                ])
        ]))
check = dict(stop_while_nan=False)
optimizer = dict(type='SGD', lr=0.1, momentum=0.9, weight_decay=0.0001)
optimizer_config = dict(grad_clip=dict(max_norm=35, norm_type=2))
lr_config = dict(
    policy='step',
    warmup='linear',
    warmup_iters=500,
    warmup_ratio=0.001,
    step=[8, 11])
runner = dict(type='EpochBasedRunner', max_epochs=18)
work_dir = '../TOV_mmdetection_cache/work_dir/coco/'
evaluation = dict(
    interval=1,
    metric='bbox',
    save_result_file=
    '../TOV_mmdetection_cache/work_dir/coco/_1200_latest_result.json',
    do_first_eval=False,
    do_final_eval=True)
gpu_ids = [0]

2024-10-08 19:51:37,199 - mmdet - INFO - load checkpoint from ../TOV_mmdetection_cache/work_dir/coco/pre_trained/P2B.pth
2024-10-08 19:51:37,200 - mmdet - INFO - Use load_from_local loader
2024-10-08 19:51:37,502 - mmdet - WARNING - The model and loaded state dict do not match exactly

size mismatch for roi_head.bbox_head.fc_cls.0.weight: copying a param with shape torch.Size([81, 1024]) from checkpoint, the shape in current model is torch.Size([7, 1024]).
size mismatch for roi_head.bbox_head.fc_cls.0.bias: copying a param with shape torch.Size([81]) from checkpoint, the shape in current model is torch.Size([7]).
size mismatch for roi_head.bbox_head.fc_cls.1.weight: copying a param with shape torch.Size([80, 1024]) from checkpoint, the shape in current model is torch.Size([6, 1024]).
size mismatch for roi_head.bbox_head.fc_cls.1.bias: copying a param with shape torch.Size([80]) from checkpoint, the shape in current model is torch.Size([6]).
size mismatch for roi_head.bbox_head.fc_ins.0.weight: copying a param with shape torch.Size([81, 1024]) from checkpoint, the shape in current model is torch.Size([7, 1024]).
size mismatch for roi_head.bbox_head.fc_ins.0.bias: copying a param with shape torch.Size([81]) from checkpoint, the shape in current model is torch.Size([7]).
size mismatch for roi_head.bbox_head.fc_ins.1.weight: copying a param with shape torch.Size([80, 1024]) from checkpoint, the shape in current model is torch.Size([6, 1024]).
size mismatch for roi_head.bbox_head.fc_ins.1.bias: copying a param with shape torch.Size([80]) from checkpoint, the shape in current model is torch.Size([6]).
2024-10-08 19:51:37,509 - mmdet - INFO - Start running, host: lxz@user-SYS-4029GP-TRT2, work_dir: /home/lxz/P2BNet/TOV_mmdetection_cache/work_dir/coco
2024-10-08 19:51:37,509 - mmdet - INFO - workflow: [('train', 1)], max: 18 epochs
2024-10-08 19:52:10,164 - mmdet - INFO - Epoch [1][50/360]	lr: 9.890e-03, eta: 1:09:58, time: 0.653, data_time: 0.061, memory: 8612, stage0_loss_instance_mil: 0.5976, stage0_bag_acc: 39.3156, stage0_mean_ious: 0.4009, stage0_s: 0.0000, stage0_m: 0.0324, stage0_l: 0.1750, stage0_h: 0.4178, stage1_loss_instance_mil: 0.2575, stage1_bag_acc: 25.2949, stage1_neg_loss: 0.0251, stage1_mean_ious: 0.3804, stage1_s: 0.0000, stage1_m: 0.0326, stage1_l: 0.1643, stage1_h: 0.3970, loss: 0.8802, grad_norm: 5.5415
2024-10-08 19:52:40,569 - mmdet - INFO - Epoch [1][100/360]	lr: 1.988e-02, eta: 1:07:03, time: 0.608, data_time: 0.014, memory: 8612, stage0_loss_instance_mil: 0.6192, stage0_bag_acc: 34.1947, stage0_mean_ious: 0.3646, stage0_s: 0.0000, stage0_m: 0.0230, stage0_l: 0.1871, stage0_h: 0.3706, stage1_loss_instance_mil: 0.1975, stage1_bag_acc: 33.5004, stage1_neg_loss: 0.0347, stage1_mean_ious: 0.3704, stage1_s: 0.0000, stage1_m: 0.0298, stage1_l: 0.1843, stage1_h: 0.3778, loss: 0.8514, grad_norm: 3.6531
2024-10-08 19:53:11,678 - mmdet - INFO - Epoch [1][150/360]	lr: 2.987e-02, eta: 1:06:13, time: 0.622, data_time: 0.015, memory: 8635, stage0_loss_instance_mil: 0.6964, stage0_bag_acc: 18.9225, stage0_mean_ious: 0.3074, stage0_s: 0.0000, stage0_m: 0.0183, stage0_l: 0.1620, stage0_h: 0.3155, stage1_loss_instance_mil: 0.1443, stage1_bag_acc: 34.5433, stage1_neg_loss: 0.0078, stage1_mean_ious: 0.3014, stage1_s: 0.0000, stage1_m: 0.0221, stage1_l: 0.1589, stage1_h: 0.3089, loss: 0.8485, grad_norm: 1.3536
2024-10-08 19:53:41,552 - mmdet - INFO - Epoch [1][200/360]	lr: 3.986e-02, eta: 1:04:54, time: 0.597, data_time: 0.014, memory: 8635, stage0_loss_instance_mil: 0.6635, stage0_bag_acc: 28.6639, stage0_mean_ious: 0.2751, stage0_s: 0.0000, stage0_m: 0.0593, stage0_l: 0.1780, stage0_h: 0.2640, stage1_loss_instance_mil: 0.1793, stage1_bag_acc: 27.1264, stage1_neg_loss: 0.0129, stage1_mean_ious: 0.2694, stage1_s: 0.0000, stage1_m: 0.0540, stage1_l: 0.1592, stage1_h: 0.2643, loss: 0.8556, grad_norm: 1.5641
2024-10-08 19:54:12,167 - mmdet - INFO - Epoch [1][250/360]	lr: 4.985e-02, eta: 1:04:13, time: 0.612, data_time: 0.014, memory: 8635, stage0_loss_instance_mil: 0.6908, stage0_bag_acc: 19.1546, stage0_mean_ious: 0.3766, stage0_s: 0.0000, stage0_m: 0.0175, stage0_l: 0.1696, stage0_h: 0.3850, stage1_loss_instance_mil: 0.1544, stage1_bag_acc: 26.7912, stage1_neg_loss: 0.0063, stage1_mean_ious: 0.3602, stage1_s: 0.0000, stage1_m: 0.0185, stage1_l: 0.1557, stage1_h: 0.3711, loss: 0.8515, grad_norm: 0.6855
2024-10-08 19:54:43,890 - mmdet - INFO - Epoch [1][300/360]	lr: 5.984e-02, eta: 1:03:59, time: 0.634, data_time: 0.013, memory: 8635, stage0_loss_instance_mil: 0.6900, stage0_bag_acc: 17.6111, stage0_mean_ious: 0.2779, stage0_s: 0.0000, stage0_m: 0.0091, stage0_l: 0.1678, stage0_h: 0.2784, stage1_loss_instance_mil: 0.1389, stage1_bag_acc: 33.3076, stage1_neg_loss: 0.0084, stage1_mean_ious: 0.2621, stage1_s: 0.0000, stage1_m: 0.0073, stage1_l: 0.1753, stage1_h: 0.2595, loss: 0.8373, grad_norm: 0.5937
2024-10-08 19:55:14,217 - mmdet - INFO - Epoch [1][350/360]	lr: 6.983e-02, eta: 1:03:15, time: 0.607, data_time: 0.013, memory: 8635, stage0_loss_instance_mil: 0.6916, stage0_bag_acc: 19.1253, stage0_mean_ious: 0.3800, stage0_s: 0.0000, stage0_m: 0.0332, stage0_l: 0.1583, stage0_h: 0.3959, stage1_loss_instance_mil: 0.1381, stage1_bag_acc: 26.9363, stage1_neg_loss: 0.0075, stage1_mean_ious: 0.3495, stage1_s: 0.0000, stage1_m: 0.0318, stage1_l: 0.1535, stage1_h: 0.3627, loss: 0.8372, grad_norm: 0.4989
2024-10-08 19:55:20,721 - mmdet - INFO - Saving checkpoint at 1 epochs
2024-10-08 19:57:02,347 - mmdet - INFO - Evaluating bbox...
2024-10-08 19:57:03,200 - mmdet - INFO -  Average Precision  (AP) @[ IoU=0.50:0.95 | area=   all | maxDets=100 ] = 0.1320
2024-10-08 19:57:03,200 - mmdet - INFO -  Average Precision  (AP) @[ IoU=0.50      | area=   all | maxDets=1000 ] = 0.3053
2024-10-08 19:57:03,200 - mmdet - INFO -  Average Precision  (AP) @[ IoU=0.60      | area=   all | maxDets=1000 ] = 0.2361
2024-10-08 19:57:03,200 - mmdet - INFO -  Average Precision  (AP) @[ IoU=0.70      | area=   all | maxDets=1000 ] = 0.1605
2024-10-08 19:57:03,201 - mmdet - INFO -  Average Precision  (AP) @[ IoU=0.75      | area=   all | maxDets=1000 ] = 0.1086
2024-10-08 19:57:03,201 - mmdet - INFO -  Average Precision  (AP) @[ IoU=0.80      | area=   all | maxDets=1000 ] = 0.0358
2024-10-08 19:57:03,201 - mmdet - INFO -  Average Precision  (AP) @[ IoU=0.90      | area=   all | maxDets=1000 ] = 0.0000
2024-10-08 19:57:03,201 - mmdet - INFO -  Average Precision  (AP) @[ IoU=0.50:0.95 | area= small | maxDets=1000 ] = 0.0771
2024-10-08 19:57:03,201 - mmdet - INFO -  Average Precision  (AP) @[ IoU=0.50:0.95 | area=medium | maxDets=1000 ] = 0.1500
2024-10-08 19:57:03,201 - mmdet - INFO -  Average Precision  (AP) @[ IoU=0.50:0.95 | area= large | maxDets=1000 ] = 0.2152
2024-10-08 19:57:03,201 - mmdet - INFO -  Average Recall     (AR) @[ IoU=0.50:0.95 | area=   all | maxDets=100 ] = 0.1707
2024-10-08 19:57:03,202 - mmdet - INFO -  Average Recall     (AR) @[ IoU=0.50      | area=   all | maxDets=100 ] = 0.3192
2024-10-08 19:57:03,202 - mmdet - INFO -  Average Recall     (AR) @[ IoU=0.50:0.95 | area=   all | maxDets=300 ] = 0.1707
2024-10-08 19:57:03,202 - mmdet - INFO -  Average Recall     (AR) @[ IoU=0.50:0.95 | area=   all | maxDets=1000 ] = 0.1707
2024-10-08 19:57:03,202 - mmdet - INFO -  Average Recall     (AR) @[ IoU=0.50:0.95 | area= small | maxDets=1000 ] = 0.1332
2024-10-08 19:57:03,202 - mmdet - INFO -  Average Recall     (AR) @[ IoU=0.50:0.95 | area=medium | maxDets=1000 ] = 0.1741
2024-10-08 19:57:03,202 - mmdet - INFO -  Average Recall     (AR) @[ IoU=0.50:0.95 | area= large | maxDets=1000 ] = 0.2155
2024-10-08 19:57:03,214 - mmdet - INFO - Exp name: P2BNet_r50_fpn_1x_coco_ms.py
2024-10-08 19:57:03,215 - mmdet - INFO - Epoch(val) [1][360]	eval_iter_num: 720, bbox_mAP: 0.1320, bbox_mAP_50: 0.3050, bbox_mAP_75: 0.2360, bbox_mAP_s: 0.1600, bbox_mAP_m: 0.1090, bbox_mAP_l: 0.0360, bbox_mAP_copypaste: 0.132 0.305 0.236 0.160 0.109 0.036
2024-10-08 19:57:35,789 - mmdet - INFO - Epoch [2][50/360]	lr: 8.182e-02, eta: 1:01:30, time: 0.651, data_time: 0.057, memory: 8635, stage0_loss_instance_mil: 0.6908, stage0_bag_acc: 18.3327, stage0_mean_ious: 0.3872, stage0_s: 0.0000, stage0_m: 0.0163, stage0_l: 0.1351, stage0_h: 0.4050, stage1_loss_instance_mil: 0.1253, stage1_bag_acc: 27.1882, stage1_neg_loss: 0.0115, stage1_mean_ious: 0.3709, stage1_s: 0.0000, stage1_m: 0.0188, stage1_l: 0.1405, stage1_h: 0.3843, loss: 0.8276, grad_norm: 0.5460
2024-10-08 19:58:06,702 - mmdet - INFO - Epoch [2][100/360]	lr: 9.181e-02, eta: 1:01:06, time: 0.618, data_time: 0.014, memory: 8635, stage0_loss_instance_mil: 0.6875, stage0_bag_acc: 21.3120, stage0_mean_ious: 0.3697, stage0_s: 0.0000, stage0_m: 0.0255, stage0_l: 0.1417, stage0_h: 0.3800, stage1_loss_instance_mil: 0.1290, stage1_bag_acc: 20.0072, stage1_neg_loss: 0.0091, stage1_mean_ious: 0.3520, stage1_s: 0.0000, stage1_m: 0.0280, stage1_l: 0.1383, stage1_h: 0.3623, loss: 0.8256, grad_norm: 0.4198
2024-10-08 19:58:37,723 - mmdet - INFO - Epoch [2][150/360]	lr: 1.000e-01, eta: 1:00:42, time: 0.620, data_time: 0.014, memory: 8635, stage0_loss_instance_mil: 0.6861, stage0_bag_acc: 19.0480, stage0_mean_ious: 0.3349, stage0_s: 0.0000, stage0_m: 0.0015, stage0_l: 0.1597, stage0_h: 0.3398, stage1_loss_instance_mil: 0.1266, stage1_bag_acc: 20.1277, stage1_neg_loss: 0.0114, stage1_mean_ious: 0.3233, stage1_s: 0.0000, stage1_m: 0.0026, stage1_l: 0.1682, stage1_h: 0.3275, loss: 0.8242, grad_norm: 0.5135
2024-10-08 19:59:08,702 - mmdet - INFO - Epoch [2][200/360]	lr: 1.000e-01, eta: 1:00:17, time: 0.620, data_time: 0.014, memory: 8635, stage0_loss_instance_mil: 0.6776, stage0_bag_acc: 20.8010, stage0_mean_ious: 0.3933, stage0_s: 0.0000, stage0_m: 0.0134, stage0_l: 0.1578, stage0_h: 0.4034, stage1_loss_instance_mil: 0.1185, stage1_bag_acc: 33.5025, stage1_neg_loss: 0.0147, stage1_mean_ious: 0.3776, stage1_s: 0.0000, stage1_m: 0.0164, stage1_l: 0.1772, stage1_h: 0.3832, loss: 0.8108, grad_norm: 0.5144
2024-10-08 19:59:39,049 - mmdet - INFO - Epoch [2][250/360]	lr: 1.000e-01, eta: 0:59:44, time: 0.607, data_time: 0.014, memory: 8635, stage0_loss_instance_mil: 0.6724, stage0_bag_acc: 25.8162, stage0_mean_ious: 0.3664, stage0_s: 0.0000, stage0_m: 0.0393, stage0_l: 0.2205, stage0_h: 0.3724, stage1_loss_instance_mil: 0.1260, stage1_bag_acc: 33.0052, stage1_neg_loss: 0.0172, stage1_mean_ious: 0.3511, stage1_s: 0.0000, stage1_m: 0.0399, stage1_l: 0.2190, stage1_h: 0.3566, loss: 0.8156, grad_norm: 0.7291
2024-10-08 20:00:10,631 - mmdet - INFO - Epoch [2][300/360]	lr: 1.000e-01, eta: 0:59:23, time: 0.632, data_time: 0.015, memory: 8635, stage0_loss_instance_mil: 0.6729, stage0_bag_acc: 22.8314, stage0_mean_ious: 0.4182, stage0_s: 0.0000, stage0_m: 0.0412, stage0_l: 0.1700, stage0_h: 0.4390, stage1_loss_instance_mil: 0.1200, stage1_bag_acc: 28.2755, stage1_neg_loss: 0.0147, stage1_mean_ious: 0.4020, stage1_s: 0.0000, stage1_m: 0.0374, stage1_l: 0.1619, stage1_h: 0.4243, loss: 0.8076, grad_norm: 0.4006
2024-10-08 20:00:40,473 - mmdet - INFO - Epoch [2][350/360]	lr: 1.000e-01, eta: 0:58:46, time: 0.597, data_time: 0.013, memory: 8635, stage0_loss_instance_mil: 0.6894, stage0_bag_acc: 17.8026, stage0_mean_ious: 0.3619, stage0_s: 0.0000, stage0_m: 0.0139, stage0_l: 0.1599, stage0_h: 0.3785, stage1_loss_instance_mil: 0.1162, stage1_bag_acc: 26.7507, stage1_neg_loss: 0.0137, stage1_mean_ious: 0.3411, stage1_s: 0.0000, stage1_m: 0.0102, stage1_l: 0.1637, stage1_h: 0.3526, loss: 0.8192, grad_norm: 0.4166
2024-10-08 20:00:46,602 - mmdet - INFO - Saving checkpoint at 2 epochs
2024-10-08 20:02:25,272 - mmdet - INFO - Evaluating bbox...
2024-10-08 20:02:26,035 - mmdet - INFO -  Average Precision  (AP) @[ IoU=0.50:0.95 | area=   all | maxDets=100 ] = 0.0168
2024-10-08 20:02:26,035 - mmdet - INFO -  Average Precision  (AP) @[ IoU=0.50      | area=   all | maxDets=1000 ] = 0.0805
2024-10-08 20:02:26,036 - mmdet - INFO -  Average Precision  (AP) @[ IoU=0.60      | area=   all | maxDets=1000 ] = 0.0174
2024-10-08 20:02:26,036 - mmdet - INFO -  Average Precision  (AP) @[ IoU=0.70      | area=   all | maxDets=1000 ] = 0.0070
2024-10-08 20:02:26,036 - mmdet - INFO -  Average Precision  (AP) @[ IoU=0.75      | area=   all | maxDets=1000 ] = 0.0049
2024-10-08 20:02:26,036 - mmdet - INFO -  Average Precision  (AP) @[ IoU=0.80      | area=   all | maxDets=1000 ] = 0.0033
2024-10-08 20:02:26,036 - mmdet - INFO -  Average Precision  (AP) @[ IoU=0.90      | area=   all | maxDets=1000 ] = 0.0017
2024-10-08 20:02:26,036 - mmdet - INFO -  Average Precision  (AP) @[ IoU=0.50:0.95 | area= small | maxDets=1000 ] = 0.0859
2024-10-08 20:02:26,036 - mmdet - INFO -  Average Precision  (AP) @[ IoU=0.50:0.95 | area=medium | maxDets=1000 ] = 0.0126
2024-10-08 20:02:26,036 - mmdet - INFO -  Average Precision  (AP) @[ IoU=0.50:0.95 | area= large | maxDets=1000 ] = 0.0188
2024-10-08 20:02:26,036 - mmdet - INFO -  Average Recall     (AR) @[ IoU=0.50:0.95 | area=   all | maxDets=100 ] = 0.0269
2024-10-08 20:02:26,036 - mmdet - INFO -  Average Recall     (AR) @[ IoU=0.50      | area=   all | maxDets=100 ] = 0.1115
2024-10-08 20:02:26,037 - mmdet - INFO -  Average Recall     (AR) @[ IoU=0.50:0.95 | area=   all | maxDets=300 ] = 0.0269
2024-10-08 20:02:26,037 - mmdet - INFO -  Average Recall     (AR) @[ IoU=0.50:0.95 | area=   all | maxDets=1000 ] = 0.0269
2024-10-08 20:02:26,037 - mmdet - INFO -  Average Recall     (AR) @[ IoU=0.50:0.95 | area= small | maxDets=1000 ] = 0.1571
2024-10-08 20:02:26,037 - mmdet - INFO -  Average Recall     (AR) @[ IoU=0.50:0.95 | area=medium | maxDets=1000 ] = 0.0245
2024-10-08 20:02:26,037 - mmdet - INFO -  Average Recall     (AR) @[ IoU=0.50:0.95 | area= large | maxDets=1000 ] = 0.0187
2024-10-08 20:02:26,052 - mmdet - INFO - Exp name: P2BNet_r50_fpn_1x_coco_ms.py
2024-10-08 20:02:26,052 - mmdet - INFO - Epoch(val) [2][360]	eval_iter_num: 720, bbox_mAP: 0.0170, bbox_mAP_50: 0.0810, bbox_mAP_75: 0.0170, bbox_mAP_s: 0.0070, bbox_mAP_m: 0.0050, bbox_mAP_l: 0.0030, bbox_mAP_copypaste: 0.017 0.081 0.017 0.007 0.005 0.003
2024-10-08 20:02:58,221 - mmdet - INFO - Epoch [3][50/360]	lr: 1.000e-01, eta: 0:57:36, time: 0.643, data_time: 0.059, memory: 8635, stage0_loss_instance_mil: 0.6828, stage0_bag_acc: 19.4565, stage0_mean_ious: 0.3682, stage0_s: 0.0000, stage0_m: 0.0222, stage0_l: 0.1256, stage0_h: 0.3810, stage1_loss_instance_mil: 0.1106, stage1_bag_acc: 32.3911, stage1_neg_loss: 0.0171, stage1_mean_ious: 0.3529, stage1_s: 0.0000, stage1_m: 0.0220, stage1_l: 0.1253, stage1_h: 0.3646, loss: 0.8106, grad_norm: 0.3605
2024-10-08 20:03:29,557 - mmdet - INFO - Epoch [3][100/360]	lr: 1.000e-01, eta: 0:57:13, time: 0.627, data_time: 0.014, memory: 8635, stage0_loss_instance_mil: 0.6837, stage0_bag_acc: 16.5820, stage0_mean_ious: 0.2722, stage0_s: 0.0000, stage0_m: 0.0161, stage0_l: 0.1713, stage0_h: 0.2711, stage1_loss_instance_mil: 0.1160, stage1_bag_acc: 25.0849, stage1_neg_loss: 0.0112, stage1_mean_ious: 0.2442, stage1_s: 0.0000, stage1_m: 0.0175, stage1_l: 0.1872, stage1_h: 0.2364, loss: 0.8109, grad_norm: 0.3155
2024-10-08 20:03:58,621 - mmdet - INFO - Epoch [3][150/360]	lr: 1.000e-01, eta: 0:56:35, time: 0.581, data_time: 0.012, memory: 8635, stage0_loss_instance_mil: 0.6816, stage0_bag_acc: 21.2479, stage0_mean_ious: 0.2965, stage0_s: 0.0092, stage0_m: 0.0229, stage0_l: 0.2465, stage0_h: 0.2959, stage1_loss_instance_mil: 0.1069, stage1_bag_acc: 13.7832, stage1_neg_loss: 0.0114, stage1_mean_ious: 0.2740, stage1_s: 0.0094, stage1_m: 0.0252, stage1_l: 0.2594, stage1_h: 0.2635, loss: 0.8000, grad_norm: 0.4053
2024-10-08 20:04:27,900 - mmdet - INFO - Epoch [3][200/360]	lr: 1.000e-01, eta: 0:55:58, time: 0.586, data_time: 0.013, memory: 8635, stage0_loss_instance_mil: 0.6868, stage0_bag_acc: 20.0013, stage0_mean_ious: 0.3969, stage0_s: 0.0000, stage0_m: 0.0013, stage0_l: 0.2376, stage0_h: 0.4077, stage1_loss_instance_mil: 0.1013, stage1_bag_acc: 20.7442, stage1_neg_loss: 0.0116, stage1_mean_ious: 0.3685, stage1_s: 0.0000, stage1_m: 0.0017, stage1_l: 0.2643, stage1_h: 0.3708, loss: 0.7997, grad_norm: 0.6193
2024-10-08 20:04:58,144 - mmdet - INFO - Epoch [3][250/360]	lr: 1.000e-01, eta: 0:55:28, time: 0.605, data_time: 0.013, memory: 8635, stage0_loss_instance_mil: 0.6809, stage0_bag_acc: 29.3149, stage0_mean_ious: 0.3415, stage0_s: 0.0000, stage0_m: 0.0155, stage0_l: 0.1755, stage0_h: 0.3534, stage1_loss_instance_mil: 0.1017, stage1_bag_acc: 26.5604, stage1_neg_loss: 0.0208, stage1_mean_ious: 0.3006, stage1_s: 0.0000, stage1_m: 0.0152, stage1_l: 0.1829, stage1_h: 0.3033, loss: 0.8033, grad_norm: 0.6137
2024-10-08 20:05:29,049 - mmdet - INFO - Epoch [3][300/360]	lr: 1.000e-01, eta: 0:55:02, time: 0.618, data_time: 0.013, memory: 8635, stage0_loss_instance_mil: 0.6721, stage0_bag_acc: 27.7233, stage0_mean_ious: 0.1207, stage0_s: 0.0000, stage0_m: 0.0617, stage0_l: 0.1494, stage0_h: 0.0933, stage1_loss_instance_mil: 0.1054, stage1_bag_acc: 26.5719, stage1_neg_loss: 0.0154, stage1_mean_ious: 0.1103, stage1_s: 0.0000, stage1_m: 0.0550, stage1_l: 0.1394, stage1_h: 0.0842, loss: 0.7929, grad_norm: 0.3566
2024-10-08 20:05:59,266 - mmdet - INFO - Epoch [3][350/360]	lr: 1.000e-01, eta: 0:54:32, time: 0.604, data_time: 0.012, memory: 8635, stage0_loss_instance_mil: 0.6797, stage0_bag_acc: 24.8295, stage0_mean_ious: 0.1129, stage0_s: 0.0000, stage0_m: 0.0627, stage0_l: 0.2349, stage0_h: 0.0753, stage1_loss_instance_mil: 0.0995, stage1_bag_acc: 19.8354, stage1_neg_loss: 0.0172, stage1_mean_ious: 0.1041, stage1_s: 0.0000, stage1_m: 0.0709, stage1_l: 0.2054, stage1_h: 0.0687, loss: 0.7964, grad_norm: 0.5781
2024-10-08 20:06:04,929 - mmdet - INFO - Saving checkpoint at 3 epochs
2024-10-08 20:07:41,676 - mmdet - INFO - Evaluating bbox...
2024-10-08 20:07:42,401 - mmdet - INFO -  Average Precision  (AP) @[ IoU=0.50:0.95 | area=   all | maxDets=100 ] = 0.0000
2024-10-08 20:07:42,401 - mmdet - INFO -  Average Precision  (AP) @[ IoU=0.50      | area=   all | maxDets=1000 ] = 0.0000
2024-10-08 20:07:42,401 - mmdet - INFO -  Average Precision  (AP) @[ IoU=0.60      | area=   all | maxDets=1000 ] = 0.0000
2024-10-08 20:07:42,402 - mmdet - INFO -  Average Precision  (AP) @[ IoU=0.70      | area=   all | maxDets=1000 ] = 0.0000
2024-10-08 20:07:42,402 - mmdet - INFO -  Average Precision  (AP) @[ IoU=0.75      | area=   all | maxDets=1000 ] = 0.0000
2024-10-08 20:07:42,402 - mmdet - INFO -  Average Precision  (AP) @[ IoU=0.80      | area=   all | maxDets=1000 ] = 0.0000
2024-10-08 20:07:42,402 - mmdet - INFO -  Average Precision  (AP) @[ IoU=0.90      | area=   all | maxDets=1000 ] = 0.0000
2024-10-08 20:07:42,402 - mmdet - INFO -  Average Precision  (AP) @[ IoU=0.50:0.95 | area= small | maxDets=1000 ] = 0.0000
2024-10-08 20:07:42,402 - mmdet - INFO -  Average Precision  (AP) @[ IoU=0.50:0.95 | area=medium | maxDets=1000 ] = 0.0000
2024-10-08 20:07:42,402 - mmdet - INFO -  Average Precision  (AP) @[ IoU=0.50:0.95 | area= large | maxDets=1000 ] = 0.0000
2024-10-08 20:07:42,402 - mmdet - INFO -  Average Recall     (AR) @[ IoU=0.50:0.95 | area=   all | maxDets=100 ] = 0.0000
2024-10-08 20:07:42,402 - mmdet - INFO -  Average Recall     (AR) @[ IoU=0.50      | area=   all | maxDets=100 ] = 0.0000
2024-10-08 20:07:42,402 - mmdet - INFO -  Average Recall     (AR) @[ IoU=0.50:0.95 | area=   all | maxDets=300 ] = 0.0000
2024-10-08 20:07:42,402 - mmdet - INFO -  Average Recall     (AR) @[ IoU=0.50:0.95 | area=   all | maxDets=1000 ] = 0.0000
2024-10-08 20:07:42,402 - mmdet - INFO -  Average Recall     (AR) @[ IoU=0.50:0.95 | area= small | maxDets=1000 ] = 0.0000
2024-10-08 20:07:42,403 - mmdet - INFO -  Average Recall     (AR) @[ IoU=0.50:0.95 | area=medium | maxDets=1000 ] = 0.0000
2024-10-08 20:07:42,403 - mmdet - INFO -  Average Recall     (AR) @[ IoU=0.50:0.95 | area= large | maxDets=1000 ] = 0.0000
2024-10-08 20:07:42,412 - mmdet - INFO - Exp name: P2BNet_r50_fpn_1x_coco_ms.py
2024-10-08 20:07:42,412 - mmdet - INFO - Epoch(val) [3][360]	eval_iter_num: 720, bbox_mAP: 0.0000, bbox_mAP_50: 0.0000, bbox_mAP_75: 0.0000, bbox_mAP_s: 0.0000, bbox_mAP_m: 0.0000, bbox_mAP_l: 0.0000, bbox_mAP_copypaste: 0.000 0.000 0.000 0.000 0.000 0.000
2024-10-08 20:08:13,897 - mmdet - INFO - Epoch [4][50/360]	lr: 1.000e-01, eta: 0:53:32, time: 0.630, data_time: 0.059, memory: 8635, stage0_loss_instance_mil: 0.6701, stage0_bag_acc: 21.1636, stage0_mean_ious: 0.1102, stage0_s: 0.0000, stage0_m: 0.0374, stage0_l: 0.2055, stage0_h: 0.0735, stage1_loss_instance_mil: 0.0957, stage1_bag_acc: 20.9987, stage1_neg_loss: 0.0169, stage1_mean_ious: 0.0998, stage1_s: 0.0000, stage1_m: 0.0337, stage1_l: 0.1855, stage1_h: 0.0665, loss: 0.7827, grad_norm: 0.3382
2024-10-08 20:08:43,161 - mmdet - INFO - Epoch [4][100/360]	lr: 1.000e-01, eta: 0:52:59, time: 0.585, data_time: 0.012, memory: 8635, stage0_loss_instance_mil: 0.6754, stage0_bag_acc: 19.1206, stage0_mean_ious: 0.0966, stage0_s: 0.0000, stage0_m: 0.0468, stage0_l: 0.1580, stage0_h: 0.0649, stage1_loss_instance_mil: 0.0930, stage1_bag_acc: 19.3263, stage1_neg_loss: 0.0160, stage1_mean_ious: 0.0904, stage1_s: 0.0000, stage1_m: 0.0388, stage1_l: 0.1504, stage1_h: 0.0607, loss: 0.7844, grad_norm: 0.2398
2024-10-08 20:09:13,065 - mmdet - INFO - Epoch [4][150/360]	lr: 1.000e-01, eta: 0:52:29, time: 0.598, data_time: 0.013, memory: 8635, stage0_loss_instance_mil: 0.6848, stage0_bag_acc: 17.6371, stage0_mean_ious: 0.0743, stage0_s: 0.0000, stage0_m: 0.0293, stage0_l: 0.0983, stage0_h: 0.0544, stage1_loss_instance_mil: 0.0899, stage1_bag_acc: 18.1065, stage1_neg_loss: 0.0165, stage1_mean_ious: 0.0705, stage1_s: 0.0000, stage1_m: 0.0295, stage1_l: 0.0904, stage1_h: 0.0526, loss: 0.7912, grad_norm: 0.1989
2024-10-08 20:09:42,547 - mmdet - INFO - Epoch [4][200/360]	lr: 1.000e-01, eta: 0:51:57, time: 0.590, data_time: 0.012, memory: 8635, stage0_loss_instance_mil: 0.6852, stage0_bag_acc: 16.1007, stage0_mean_ious: 0.0931, stage0_s: 0.0000, stage0_m: 0.0309, stage0_l: 0.1574, stage0_h: 0.0689, stage1_loss_instance_mil: 0.0890, stage1_bag_acc: 20.7922, stage1_neg_loss: 0.0132, stage1_mean_ious: 0.0927, stage1_s: 0.0000, stage1_m: 0.0263, stage1_l: 0.1563, stage1_h: 0.0696, loss: 0.7874, grad_norm: 0.2559
2024-10-08 20:10:13,737 - mmdet - INFO - Epoch [4][250/360]	lr: 1.000e-01, eta: 0:51:31, time: 0.624, data_time: 0.014, memory: 8635, stage0_loss_instance_mil: 0.6846, stage0_bag_acc: 15.8823, stage0_mean_ious: 0.0839, stage0_s: 0.0000, stage0_m: 0.0199, stage0_l: 0.1322, stage0_h: 0.0648, stage1_loss_instance_mil: 0.0868, stage1_bag_acc: 17.5159, stage1_neg_loss: 0.0171, stage1_mean_ious: 0.0824, stage1_s: 0.0000, stage1_m: 0.0161, stage1_l: 0.1255, stage1_h: 0.0646, loss: 0.7885, grad_norm: 0.2223
2024-10-08 20:10:43,645 - mmdet - INFO - Epoch [4][300/360]	lr: 1.000e-01, eta: 0:51:01, time: 0.598, data_time: 0.012, memory: 8635, stage0_loss_instance_mil: 0.6682, stage0_bag_acc: 20.2287, stage0_mean_ious: 0.1147, stage0_s: 0.0000, stage0_m: 0.0327, stage0_l: 0.2054, stage0_h: 0.0898, stage1_loss_instance_mil: 0.0923, stage1_bag_acc: 22.2136, stage1_neg_loss: 0.0171, stage1_mean_ious: 0.1074, stage1_s: 0.0000, stage1_m: 0.0287, stage1_l: 0.1847, stage1_h: 0.0858, loss: 0.7776, grad_norm: 0.2278
2024-10-08 20:11:13,161 - mmdet - INFO - Epoch [4][350/360]	lr: 1.000e-01, eta: 0:50:29, time: 0.590, data_time: 0.011, memory: 8635, stage0_loss_instance_mil: 0.6762, stage0_bag_acc: 24.4264, stage0_mean_ious: 0.1020, stage0_s: 0.0000, stage0_m: 0.0647, stage0_l: 0.1442, stage0_h: 0.0743, stage1_loss_instance_mil: 0.0937, stage1_bag_acc: 22.6560, stage1_neg_loss: 0.0162, stage1_mean_ious: 0.0976, stage1_s: 0.0000, stage1_m: 0.0626, stage1_l: 0.1371, stage1_h: 0.0714, loss: 0.7861, grad_norm: 0.2710
2024-10-08 20:11:18,906 - mmdet - INFO - Saving checkpoint at 4 epochs
2024-10-08 20:12:54,776 - mmdet - INFO - Evaluating bbox...
2024-10-08 20:12:55,519 - mmdet - INFO -  Average Precision  (AP) @[ IoU=0.50:0.95 | area=   all | maxDets=100 ] = 0.0000
2024-10-08 20:12:55,519 - mmdet - INFO -  Average Precision  (AP) @[ IoU=0.50      | area=   all | maxDets=1000 ] = 0.0000
2024-10-08 20:12:55,519 - mmdet - INFO -  Average Precision  (AP) @[ IoU=0.60      | area=   all | maxDets=1000 ] = 0.0000
2024-10-08 20:12:55,519 - mmdet - INFO -  Average Precision  (AP) @[ IoU=0.70      | area=   all | maxDets=1000 ] = 0.0000
2024-10-08 20:12:55,520 - mmdet - INFO -  Average Precision  (AP) @[ IoU=0.75      | area=   all | maxDets=1000 ] = 0.0000
2024-10-08 20:12:55,520 - mmdet - INFO -  Average Precision  (AP) @[ IoU=0.80      | area=   all | maxDets=1000 ] = 0.0000
2024-10-08 20:12:55,520 - mmdet - INFO -  Average Precision  (AP) @[ IoU=0.90      | area=   all | maxDets=1000 ] = 0.0000
2024-10-08 20:12:55,520 - mmdet - INFO -  Average Precision  (AP) @[ IoU=0.50:0.95 | area= small | maxDets=1000 ] = 0.0000
2024-10-08 20:12:55,520 - mmdet - INFO -  Average Precision  (AP) @[ IoU=0.50:0.95 | area=medium | maxDets=1000 ] = 0.0000
2024-10-08 20:12:55,520 - mmdet - INFO -  Average Precision  (AP) @[ IoU=0.50:0.95 | area= large | maxDets=1000 ] = 0.0000
2024-10-08 20:12:55,520 - mmdet - INFO -  Average Recall     (AR) @[ IoU=0.50:0.95 | area=   all | maxDets=100 ] = 0.0000
2024-10-08 20:12:55,520 - mmdet - INFO -  Average Recall     (AR) @[ IoU=0.50      | area=   all | maxDets=100 ] = 0.0000
2024-10-08 20:12:55,520 - mmdet - INFO -  Average Recall     (AR) @[ IoU=0.50:0.95 | area=   all | maxDets=300 ] = 0.0000
2024-10-08 20:12:55,520 - mmdet - INFO -  Average Recall     (AR) @[ IoU=0.50:0.95 | area=   all | maxDets=1000 ] = 0.0000
2024-10-08 20:12:55,521 - mmdet - INFO -  Average Recall     (AR) @[ IoU=0.50:0.95 | area= small | maxDets=1000 ] = 0.0000
2024-10-08 20:12:55,521 - mmdet - INFO -  Average Recall     (AR) @[ IoU=0.50:0.95 | area=medium | maxDets=1000 ] = 0.0000
2024-10-08 20:12:55,521 - mmdet - INFO -  Average Recall     (AR) @[ IoU=0.50:0.95 | area= large | maxDets=1000 ] = 0.0000
2024-10-08 20:12:55,530 - mmdet - INFO - Exp name: P2BNet_r50_fpn_1x_coco_ms.py
2024-10-08 20:12:55,531 - mmdet - INFO - Epoch(val) [4][360]	eval_iter_num: 720, bbox_mAP: 0.0000, bbox_mAP_50: 0.0000, bbox_mAP_75: 0.0000, bbox_mAP_s: 0.0000, bbox_mAP_m: 0.0000, bbox_mAP_l: 0.0000, bbox_mAP_copypaste: 0.000 0.000 0.000 0.000 0.000 0.000
2024-10-08 20:13:27,809 - mmdet - INFO - Epoch [5][50/360]	lr: 1.000e-01, eta: 0:49:41, time: 0.645, data_time: 0.059, memory: 8635, stage0_loss_instance_mil: 0.6706, stage0_bag_acc: 28.4909, stage0_mean_ious: 0.0978, stage0_s: 0.0000, stage0_m: 0.0102, stage0_l: 0.1554, stage0_h: 0.0750, stage1_loss_instance_mil: 0.0933, stage1_bag_acc: 28.3636, stage1_neg_loss: 0.0187, stage1_mean_ious: 0.0888, stage1_s: 0.0000, stage1_m: 0.0079, stage1_l: 0.1338, stage1_h: 0.0696, loss: 0.7826, grad_norm: 0.4041
2024-10-08 20:13:57,445 - mmdet - INFO - Epoch [5][100/360]	lr: 1.000e-01, eta: 0:49:10, time: 0.593, data_time: 0.012, memory: 8635, stage0_loss_instance_mil: 0.6805, stage0_bag_acc: 18.4406, stage0_mean_ious: 0.1058, stage0_s: 0.0000, stage0_m: 0.0323, stage0_l: 0.1873, stage0_h: 0.0718, stage1_loss_instance_mil: 0.0870, stage1_bag_acc: 20.0885, stage1_neg_loss: 0.0173, stage1_mean_ious: 0.1022, stage1_s: 0.0000, stage1_m: 0.0339, stage1_l: 0.1819, stage1_h: 0.0684, loss: 0.7848, grad_norm: 0.1485
2024-10-08 20:14:26,638 - mmdet - INFO - Epoch [5][150/360]	lr: 1.000e-01, eta: 0:48:38, time: 0.584, data_time: 0.012, memory: 8635, stage0_loss_instance_mil: 0.6747, stage0_bag_acc: 19.7744, stage0_mean_ious: 0.0985, stage0_s: 0.0000, stage0_m: 0.0169, stage0_l: 0.1561, stage0_h: 0.0725, stage1_loss_instance_mil: 0.0907, stage1_bag_acc: 17.3608, stage1_neg_loss: 0.0186, stage1_mean_ious: 0.0952, stage1_s: 0.0000, stage1_m: 0.0165, stage1_l: 0.1449, stage1_h: 0.0711, loss: 0.7840, grad_norm: 0.1605
2024-10-08 20:14:54,691 - mmdet - INFO - Epoch [5][200/360]	lr: 1.000e-01, eta: 0:48:03, time: 0.561, data_time: 0.011, memory: 8635, stage0_loss_instance_mil: 0.6855, stage0_bag_acc: 16.3007, stage0_mean_ious: 0.1009, stage0_s: 0.0000, stage0_m: 0.0436, stage0_l: 0.1461, stage0_h: 0.0750, stage1_loss_instance_mil: 0.0896, stage1_bag_acc: 11.4933, stage1_neg_loss: 0.0147, stage1_mean_ious: 0.0995, stage1_s: 0.0000, stage1_m: 0.0451, stage1_l: 0.1517, stage1_h: 0.0723, loss: 0.7898, grad_norm: 0.2292
2024-10-08 20:15:24,327 - mmdet - INFO - Epoch [5][250/360]	lr: 1.000e-01, eta: 0:47:33, time: 0.593, data_time: 0.012, memory: 8635, stage0_loss_instance_mil: 0.6676, stage0_bag_acc: 27.6486, stage0_mean_ious: 0.0821, stage0_s: 0.0000, stage0_m: 0.0193, stage0_l: 0.1589, stage0_h: 0.0589, stage1_loss_instance_mil: 0.0901, stage1_bag_acc: 26.6819, stage1_neg_loss: 0.0167, stage1_mean_ious: 0.0787, stage1_s: 0.0000, stage1_m: 0.0142, stage1_l: 0.1520, stage1_h: 0.0573, loss: 0.7744, grad_norm: 0.1909
2024-10-08 20:15:54,750 - mmdet - INFO - Epoch [5][300/360]	lr: 1.000e-01, eta: 0:47:05, time: 0.608, data_time: 0.013, memory: 8635, stage0_loss_instance_mil: 0.6781, stage0_bag_acc: 21.2072, stage0_mean_ious: 0.0976, stage0_s: 0.0000, stage0_m: 0.0307, stage0_l: 0.1454, stage0_h: 0.0702, stage1_loss_instance_mil: 0.0899, stage1_bag_acc: 15.9165, stage1_neg_loss: 0.0196, stage1_mean_ious: 0.0952, stage1_s: 0.0000, stage1_m: 0.0270, stage1_l: 0.1430, stage1_h: 0.0686, loss: 0.7875, grad_norm: 0.1971
2024-10-08 20:16:24,446 - mmdet - INFO - Epoch [5][350/360]	lr: 1.000e-01, eta: 0:46:35, time: 0.594, data_time: 0.012, memory: 8635, stage0_loss_instance_mil: 0.6756, stage0_bag_acc: 17.8930, stage0_mean_ious: 0.1229, stage0_s: 0.0000, stage0_m: 0.0484, stage0_l: 0.2300, stage0_h: 0.0865, stage1_loss_instance_mil: 0.0903, stage1_bag_acc: 22.8954, stage1_neg_loss: 0.0171, stage1_mean_ious: 0.1181, stage1_s: 0.0000, stage1_m: 0.0529, stage1_l: 0.2287, stage1_h: 0.0802, loss: 0.7830, grad_norm: 0.1690
2024-10-08 20:16:30,715 - mmdet - INFO - Saving checkpoint at 5 epochs
2024-10-08 20:18:06,491 - mmdet - INFO - Evaluating bbox...
2024-10-08 20:18:07,206 - mmdet - INFO -  Average Precision  (AP) @[ IoU=0.50:0.95 | area=   all | maxDets=100 ] = 0.0000
2024-10-08 20:18:07,206 - mmdet - INFO -  Average Precision  (AP) @[ IoU=0.50      | area=   all | maxDets=1000 ] = 0.0000
2024-10-08 20:18:07,206 - mmdet - INFO -  Average Precision  (AP) @[ IoU=0.60      | area=   all | maxDets=1000 ] = 0.0000
2024-10-08 20:18:07,206 - mmdet - INFO -  Average Precision  (AP) @[ IoU=0.70      | area=   all | maxDets=1000 ] = 0.0000
2024-10-08 20:18:07,206 - mmdet - INFO -  Average Precision  (AP) @[ IoU=0.75      | area=   all | maxDets=1000 ] = 0.0000
2024-10-08 20:18:07,206 - mmdet - INFO -  Average Precision  (AP) @[ IoU=0.80      | area=   all | maxDets=1000 ] = 0.0000
2024-10-08 20:18:07,206 - mmdet - INFO -  Average Precision  (AP) @[ IoU=0.90      | area=   all | maxDets=1000 ] = 0.0000
2024-10-08 20:18:07,206 - mmdet - INFO -  Average Precision  (AP) @[ IoU=0.50:0.95 | area= small | maxDets=1000 ] = 0.0000
2024-10-08 20:18:07,206 - mmdet - INFO -  Average Precision  (AP) @[ IoU=0.50:0.95 | area=medium | maxDets=1000 ] = 0.0000
2024-10-08 20:18:07,207 - mmdet - INFO -  Average Precision  (AP) @[ IoU=0.50:0.95 | area= large | maxDets=1000 ] = 0.0000
2024-10-08 20:18:07,207 - mmdet - INFO -  Average Recall     (AR) @[ IoU=0.50:0.95 | area=   all | maxDets=100 ] = 0.0000
2024-10-08 20:18:07,207 - mmdet - INFO -  Average Recall     (AR) @[ IoU=0.50      | area=   all | maxDets=100 ] = 0.0000
2024-10-08 20:18:07,207 - mmdet - INFO -  Average Recall     (AR) @[ IoU=0.50:0.95 | area=   all | maxDets=300 ] = 0.0000
2024-10-08 20:18:07,207 - mmdet - INFO -  Average Recall     (AR) @[ IoU=0.50:0.95 | area=   all | maxDets=1000 ] = 0.0000
2024-10-08 20:18:07,207 - mmdet - INFO -  Average Recall     (AR) @[ IoU=0.50:0.95 | area= small | maxDets=1000 ] = 0.0000
2024-10-08 20:18:07,207 - mmdet - INFO -  Average Recall     (AR) @[ IoU=0.50:0.95 | area=medium | maxDets=1000 ] = 0.0000
2024-10-08 20:18:07,207 - mmdet - INFO -  Average Recall     (AR) @[ IoU=0.50:0.95 | area= large | maxDets=1000 ] = 0.0000
2024-10-08 20:18:07,217 - mmdet - INFO - Exp name: P2BNet_r50_fpn_1x_coco_ms.py
2024-10-08 20:18:07,217 - mmdet - INFO - Epoch(val) [5][360]	eval_iter_num: 720, bbox_mAP: 0.0000, bbox_mAP_50: 0.0000, bbox_mAP_75: 0.0000, bbox_mAP_s: 0.0000, bbox_mAP_m: 0.0000, bbox_mAP_l: 0.0000, bbox_mAP_copypaste: 0.000 0.000 0.000 0.000 0.000 0.000
2024-10-08 20:18:39,336 - mmdet - INFO - Epoch [6][50/360]	lr: 1.000e-01, eta: 0:45:50, time: 0.642, data_time: 0.059, memory: 8635, stage0_loss_instance_mil: 0.6748, stage0_bag_acc: 20.2939, stage0_mean_ious: 0.1184, stage0_s: 0.0000, stage0_m: 0.0285, stage0_l: 0.2332, stage0_h: 0.0845, stage1_loss_instance_mil: 0.0880, stage1_bag_acc: 20.5776, stage1_neg_loss: 0.0170, stage1_mean_ious: 0.1112, stage1_s: 0.0000, stage1_m: 0.0333, stage1_l: 0.2157, stage1_h: 0.0789, loss: 0.7798, grad_norm: 0.1582
2024-10-08 20:19:08,694 - mmdet - INFO - Epoch [6][100/360]	lr: 1.000e-01, eta: 0:45:19, time: 0.587, data_time: 0.012, memory: 8635, stage0_loss_instance_mil: 0.6700, stage0_bag_acc: 18.8737, stage0_mean_ious: 0.1064, stage0_s: 0.0000, stage0_m: 0.0648, stage0_l: 0.1534, stage0_h: 0.0763, stage1_loss_instance_mil: 0.0881, stage1_bag_acc: 23.5696, stage1_neg_loss: 0.0141, stage1_mean_ious: 0.1012, stage1_s: 0.0000, stage1_m: 0.0564, stage1_l: 0.1534, stage1_h: 0.0720, loss: 0.7722, grad_norm: 0.1615
2024-10-08 20:19:38,132 - mmdet - INFO - Epoch [6][150/360]	lr: 1.000e-01, eta: 0:44:49, time: 0.589, data_time: 0.012, memory: 8635, stage0_loss_instance_mil: 0.6796, stage0_bag_acc: 21.6608, stage0_mean_ious: 0.1214, stage0_s: 0.0000, stage0_m: 0.0218, stage0_l: 0.2113, stage0_h: 0.0897, stage1_loss_instance_mil: 0.0841, stage1_bag_acc: 23.7741, stage1_neg_loss: 0.0192, stage1_mean_ious: 0.1144, stage1_s: 0.0000, stage1_m: 0.0201, stage1_l: 0.2007, stage1_h: 0.0842, loss: 0.7829, grad_norm: 0.1743
2024-10-08 20:20:07,487 - mmdet - INFO - Exp name: P2BNet_r50_fpn_1x_coco_ms.py
2024-10-08 20:20:07,487 - mmdet - INFO - Epoch [6][200/360]	lr: 1.000e-01, eta: 0:44:18, time: 0.587, data_time: 0.012, memory: 8635, stage0_loss_instance_mil: 0.6800, stage0_bag_acc: 17.4819, stage0_mean_ious: 0.1010, stage0_s: 0.0000, stage0_m: 0.0000, stage0_l: 0.1314, stage0_h: 0.0806, stage1_loss_instance_mil: 0.0876, stage1_bag_acc: 18.8075, stage1_neg_loss: 0.0146, stage1_mean_ious: 0.0977, stage1_s: 0.0000, stage1_m: 0.0000, stage1_l: 0.1309, stage1_h: 0.0764, loss: 0.7822, grad_norm: 0.2933
2024-10-08 20:20:37,614 - mmdet - INFO - Epoch [6][250/360]	lr: 1.000e-01, eta: 0:43:50, time: 0.603, data_time: 0.013, memory: 8635, stage0_loss_instance_mil: 0.6728, stage0_bag_acc: 21.4637, stage0_mean_ious: 0.1185, stage0_s: 0.0000, stage0_m: 0.0382, stage0_l: 0.1951, stage0_h: 0.0840, stage1_loss_instance_mil: 0.0877, stage1_bag_acc: 21.3367, stage1_neg_loss: 0.0186, stage1_mean_ious: 0.1150, stage1_s: 0.0000, stage1_m: 0.0373, stage1_l: 0.1924, stage1_h: 0.0805, loss: 0.7791, grad_norm: 0.2745
2024-10-08 20:21:07,285 - mmdet - INFO - Epoch [6][300/360]	lr: 1.000e-01, eta: 0:43:20, time: 0.593, data_time: 0.013, memory: 8635, stage0_loss_instance_mil: 0.6712, stage0_bag_acc: 22.2344, stage0_mean_ious: 0.1067, stage0_s: 0.0000, stage0_m: 0.0196, stage0_l: 0.1816, stage0_h: 0.0821, stage1_loss_instance_mil: 0.0914, stage1_bag_acc: 23.7744, stage1_neg_loss: 0.0199, stage1_mean_ious: 0.0997, stage1_s: 0.0000, stage1_m: 0.0165, stage1_l: 0.1746, stage1_h: 0.0763, loss: 0.7825, grad_norm: 0.2982
2024-10-08 20:21:36,126 - mmdet - INFO - Epoch [6][350/360]	lr: 1.000e-01, eta: 0:42:49, time: 0.577, data_time: 0.012, memory: 8635, stage0_loss_instance_mil: 0.6607, stage0_bag_acc: 20.9407, stage0_mean_ious: 0.0955, stage0_s: 0.0000, stage0_m: 0.0218, stage0_l: 0.1108, stage0_h: 0.0774, stage1_loss_instance_mil: 0.0985, stage1_bag_acc: 27.9698, stage1_neg_loss: 0.0205, stage1_mean_ious: 0.0894, stage1_s: 0.0000, stage1_m: 0.0198, stage1_l: 0.1035, stage1_h: 0.0724, loss: 0.7797, grad_norm: 0.4408
2024-10-08 20:21:41,744 - mmdet - INFO - Saving checkpoint at 6 epochs
2024-10-08 20:23:17,942 - mmdet - INFO - Evaluating bbox...
2024-10-08 20:23:18,744 - mmdet - INFO -  Average Precision  (AP) @[ IoU=0.50:0.95 | area=   all | maxDets=100 ] = 0.0000
2024-10-08 20:23:18,744 - mmdet - INFO -  Average Precision  (AP) @[ IoU=0.50      | area=   all | maxDets=1000 ] = 0.0000
2024-10-08 20:23:18,744 - mmdet - INFO -  Average Precision  (AP) @[ IoU=0.60      | area=   all | maxDets=1000 ] = 0.0000
2024-10-08 20:23:18,744 - mmdet - INFO -  Average Precision  (AP) @[ IoU=0.70      | area=   all | maxDets=1000 ] = 0.0000
2024-10-08 20:23:18,744 - mmdet - INFO -  Average Precision  (AP) @[ IoU=0.75      | area=   all | maxDets=1000 ] = 0.0000
2024-10-08 20:23:18,745 - mmdet - INFO -  Average Precision  (AP) @[ IoU=0.80      | area=   all | maxDets=1000 ] = 0.0000
2024-10-08 20:23:18,745 - mmdet - INFO -  Average Precision  (AP) @[ IoU=0.90      | area=   all | maxDets=1000 ] = 0.0000
2024-10-08 20:23:18,745 - mmdet - INFO -  Average Precision  (AP) @[ IoU=0.50:0.95 | area= small | maxDets=1000 ] = 0.0000
2024-10-08 20:23:18,745 - mmdet - INFO -  Average Precision  (AP) @[ IoU=0.50:0.95 | area=medium | maxDets=1000 ] = 0.0000
2024-10-08 20:23:18,745 - mmdet - INFO -  Average Precision  (AP) @[ IoU=0.50:0.95 | area= large | maxDets=1000 ] = 0.0000
2024-10-08 20:23:18,745 - mmdet - INFO -  Average Recall     (AR) @[ IoU=0.50:0.95 | area=   all | maxDets=100 ] = 0.0000
2024-10-08 20:23:18,745 - mmdet - INFO -  Average Recall     (AR) @[ IoU=0.50      | area=   all | maxDets=100 ] = 0.0000
2024-10-08 20:23:18,745 - mmdet - INFO -  Average Recall     (AR) @[ IoU=0.50:0.95 | area=   all | maxDets=300 ] = 0.0000
2024-10-08 20:23:18,745 - mmdet - INFO -  Average Recall     (AR) @[ IoU=0.50:0.95 | area=   all | maxDets=1000 ] = 0.0000
2024-10-08 20:23:18,745 - mmdet - INFO -  Average Recall     (AR) @[ IoU=0.50:0.95 | area= small | maxDets=1000 ] = 0.0000
2024-10-08 20:23:18,745 - mmdet - INFO -  Average Recall     (AR) @[ IoU=0.50:0.95 | area=medium | maxDets=1000 ] = 0.0000
2024-10-08 20:23:18,746 - mmdet - INFO -  Average Recall     (AR) @[ IoU=0.50:0.95 | area= large | maxDets=1000 ] = 0.0000
2024-10-08 20:23:18,757 - mmdet - INFO - Exp name: P2BNet_r50_fpn_1x_coco_ms.py
2024-10-08 20:23:18,758 - mmdet - INFO - Epoch(val) [6][360]	eval_iter_num: 720, bbox_mAP: 0.0000, bbox_mAP_50: 0.0000, bbox_mAP_75: 0.0000, bbox_mAP_s: 0.0000, bbox_mAP_m: 0.0000, bbox_mAP_l: 0.0000, bbox_mAP_copypaste: 0.000 0.000 0.000 0.000 0.000 0.000
2024-10-08 20:23:51,281 - mmdet - INFO - Epoch [7][50/360]	lr: 1.000e-01, eta: 0:42:07, time: 0.650, data_time: 0.057, memory: 8635, stage0_loss_instance_mil: 0.6658, stage0_bag_acc: 23.5203, stage0_mean_ious: 0.1173, stage0_s: 0.0000, stage0_m: 0.0394, stage0_l: 0.1931, stage0_h: 0.0808, stage1_loss_instance_mil: 0.0958, stage1_bag_acc: 25.3157, stage1_neg_loss: 0.0184, stage1_mean_ious: 0.1069, stage1_s: 0.0000, stage1_m: 0.0343, stage1_l: 0.1772, stage1_h: 0.0742, loss: 0.7800, grad_norm: 0.3576
2024-10-08 20:24:21,728 - mmdet - INFO - Epoch [7][100/360]	lr: 1.000e-01, eta: 0:41:39, time: 0.609, data_time: 0.013, memory: 8635, stage0_loss_instance_mil: 0.6710, stage0_bag_acc: 26.3535, stage0_mean_ious: 0.1312, stage0_s: 0.0000, stage0_m: 0.0503, stage0_l: 0.1312, stage0_h: 0.1089, stage1_loss_instance_mil: 0.0908, stage1_bag_acc: 26.4319, stage1_neg_loss: 0.0218, stage1_mean_ious: 0.1230, stage1_s: 0.0000, stage1_m: 0.0339, stage1_l: 0.1394, stage1_h: 0.1014, loss: 0.7835, grad_norm: 0.3765
2024-10-08 20:24:51,196 - mmdet - INFO - Epoch [7][150/360]	lr: 1.000e-01, eta: 0:41:09, time: 0.589, data_time: 0.012, memory: 8635, stage0_loss_instance_mil: 0.6647, stage0_bag_acc: 22.5316, stage0_mean_ious: 0.0934, stage0_s: 0.0082, stage0_m: 0.0298, stage0_l: 0.1544, stage0_h: 0.0710, stage1_loss_instance_mil: 0.1008, stage1_bag_acc: 28.2953, stage1_neg_loss: 0.0168, stage1_mean_ious: 0.0867, stage1_s: 0.0078, stage1_m: 0.0284, stage1_l: 0.1473, stage1_h: 0.0646, loss: 0.7823, grad_norm: 0.3863
2024-10-08 20:25:20,649 - mmdet - INFO - Epoch [7][200/360]	lr: 1.000e-01, eta: 0:40:39, time: 0.589, data_time: 0.013, memory: 8635, stage0_loss_instance_mil: 0.6689, stage0_bag_acc: 24.2910, stage0_mean_ious: 0.0684, stage0_s: 0.0000, stage0_m: 0.0221, stage0_l: 0.1164, stage0_h: 0.0500, stage1_loss_instance_mil: 0.0886, stage1_bag_acc: 22.1624, stage1_neg_loss: 0.0196, stage1_mean_ious: 0.0681, stage1_s: 0.0000, stage1_m: 0.0192, stage1_l: 0.1100, stage1_h: 0.0505, loss: 0.7771, grad_norm: 0.1496
2024-10-08 20:25:51,266 - mmdet - INFO - Epoch [7][250/360]	lr: 1.000e-01, eta: 0:40:11, time: 0.612, data_time: 0.013, memory: 8635, stage0_loss_instance_mil: 0.6778, stage0_bag_acc: 18.3664, stage0_mean_ious: 0.1023, stage0_s: 0.0000, stage0_m: 0.0077, stage0_l: 0.1559, stage0_h: 0.0721, stage1_loss_instance_mil: 0.0891, stage1_bag_acc: 17.5475, stage1_neg_loss: 0.0173, stage1_mean_ious: 0.0955, stage1_s: 0.0000, stage1_m: 0.0091, stage1_l: 0.1426, stage1_h: 0.0674, loss: 0.7843, grad_norm: 0.1718
2024-10-08 20:26:22,109 - mmdet - INFO - Epoch [7][300/360]	lr: 1.000e-01, eta: 0:39:44, time: 0.617, data_time: 0.014, memory: 8635, stage0_loss_instance_mil: 0.6720, stage0_bag_acc: 25.2531, stage0_mean_ious: 0.1013, stage0_s: 0.0000, stage0_m: 0.0468, stage0_l: 0.2046, stage0_h: 0.0665, stage1_loss_instance_mil: 0.0881, stage1_bag_acc: 22.8882, stage1_neg_loss: 0.0161, stage1_mean_ious: 0.0972, stage1_s: 0.0000, stage1_m: 0.0422, stage1_l: 0.1974, stage1_h: 0.0638, loss: 0.7761, grad_norm: 0.2208
2024-10-08 20:26:52,368 - mmdet - INFO - Epoch [7][350/360]	lr: 1.000e-01, eta: 0:39:15, time: 0.605, data_time: 0.013, memory: 8635, stage0_loss_instance_mil: 0.6736, stage0_bag_acc: 21.8611, stage0_mean_ious: 0.0971, stage0_s: 0.0000, stage0_m: 0.0231, stage0_l: 0.1622, stage0_h: 0.0729, stage1_loss_instance_mil: 0.0890, stage1_bag_acc: 19.3380, stage1_neg_loss: 0.0164, stage1_mean_ious: 0.0903, stage1_s: 0.0000, stage1_m: 0.0221, stage1_l: 0.1473, stage1_h: 0.0690, loss: 0.7790, grad_norm: 0.2096
2024-10-08 20:26:58,792 - mmdet - INFO - Saving checkpoint at 7 epochs
2024-10-08 20:28:36,292 - mmdet - INFO - Evaluating bbox...
2024-10-08 20:28:37,075 - mmdet - INFO -  Average Precision  (AP) @[ IoU=0.50:0.95 | area=   all | maxDets=100 ] = 0.0000
2024-10-08 20:28:37,075 - mmdet - INFO -  Average Precision  (AP) @[ IoU=0.50      | area=   all | maxDets=1000 ] = 0.0000
2024-10-08 20:28:37,076 - mmdet - INFO -  Average Precision  (AP) @[ IoU=0.60      | area=   all | maxDets=1000 ] = 0.0000
2024-10-08 20:28:37,076 - mmdet - INFO -  Average Precision  (AP) @[ IoU=0.70      | area=   all | maxDets=1000 ] = 0.0000
2024-10-08 20:28:37,076 - mmdet - INFO -  Average Precision  (AP) @[ IoU=0.75      | area=   all | maxDets=1000 ] = 0.0000
2024-10-08 20:28:37,076 - mmdet - INFO -  Average Precision  (AP) @[ IoU=0.80      | area=   all | maxDets=1000 ] = 0.0000
2024-10-08 20:28:37,076 - mmdet - INFO -  Average Precision  (AP) @[ IoU=0.90      | area=   all | maxDets=1000 ] = 0.0000
2024-10-08 20:28:37,076 - mmdet - INFO -  Average Precision  (AP) @[ IoU=0.50:0.95 | area= small | maxDets=1000 ] = 0.0000
2024-10-08 20:28:37,076 - mmdet - INFO -  Average Precision  (AP) @[ IoU=0.50:0.95 | area=medium | maxDets=1000 ] = 0.0000
2024-10-08 20:28:37,076 - mmdet - INFO -  Average Precision  (AP) @[ IoU=0.50:0.95 | area= large | maxDets=1000 ] = 0.0000
2024-10-08 20:28:37,076 - mmdet - INFO -  Average Recall     (AR) @[ IoU=0.50:0.95 | area=   all | maxDets=100 ] = 0.0000
2024-10-08 20:28:37,076 - mmdet - INFO -  Average Recall     (AR) @[ IoU=0.50      | area=   all | maxDets=100 ] = 0.0000
2024-10-08 20:28:37,076 - mmdet - INFO -  Average Recall     (AR) @[ IoU=0.50:0.95 | area=   all | maxDets=300 ] = 0.0000
2024-10-08 20:28:37,077 - mmdet - INFO -  Average Recall     (AR) @[ IoU=0.50:0.95 | area=   all | maxDets=1000 ] = 0.0000
2024-10-08 20:28:37,077 - mmdet - INFO -  Average Recall     (AR) @[ IoU=0.50:0.95 | area= small | maxDets=1000 ] = 0.0000
2024-10-08 20:28:37,077 - mmdet - INFO -  Average Recall     (AR) @[ IoU=0.50:0.95 | area=medium | maxDets=1000 ] = 0.0000
2024-10-08 20:28:37,077 - mmdet - INFO -  Average Recall     (AR) @[ IoU=0.50:0.95 | area= large | maxDets=1000 ] = 0.0000
2024-10-08 20:28:37,088 - mmdet - INFO - Exp name: P2BNet_r50_fpn_1x_coco_ms.py
2024-10-08 20:28:37,088 - mmdet - INFO - Epoch(val) [7][360]	eval_iter_num: 720, bbox_mAP: 0.0000, bbox_mAP_50: 0.0000, bbox_mAP_75: 0.0000, bbox_mAP_s: 0.0000, bbox_mAP_m: 0.0000, bbox_mAP_l: 0.0000, bbox_mAP_copypaste: 0.000 0.000 0.000 0.000 0.000 0.000
2024-10-08 20:29:10,479 - mmdet - INFO - Epoch [8][50/360]	lr: 1.000e-01, eta: 0:38:36, time: 0.668, data_time: 0.059, memory: 8635, stage0_loss_instance_mil: 0.6658, stage0_bag_acc: 26.0123, stage0_mean_ious: 0.0976, stage0_s: 0.0000, stage0_m: 0.0501, stage0_l: 0.1393, stage0_h: 0.0729, stage1_loss_instance_mil: 0.0939, stage1_bag_acc: 23.9996, stage1_neg_loss: 0.0637, stage1_mean_ious: 0.0925, stage1_s: 0.0000, stage1_m: 0.0429, stage1_l: 0.1317, stage1_h: 0.0704, loss: 0.8234, grad_norm: 1.3018
2024-10-08 20:29:41,693 - mmdet - INFO - Epoch [8][100/360]	lr: 1.000e-01, eta: 0:38:09, time: 0.624, data_time: 0.014, memory: 8635, stage0_loss_instance_mil: 0.6854, stage0_bag_acc: 21.4541, stage0_mean_ious: 0.1035, stage0_s: 0.0000, stage0_m: 0.0386, stage0_l: 0.1321, stage0_h: 0.0777, stage1_loss_instance_mil: 0.0938, stage1_bag_acc: 18.7840, stage1_neg_loss: 0.0174, stage1_mean_ious: 0.0949, stage1_s: 0.0000, stage1_m: 0.0414, stage1_l: 0.1193, stage1_h: 0.0711, loss: 0.7966, grad_norm: 0.2962
2024-10-08 20:30:12,597 - mmdet - INFO - Epoch [8][150/360]	lr: 1.000e-01, eta: 0:37:41, time: 0.618, data_time: 0.013, memory: 8635, stage0_loss_instance_mil: 0.6681, stage0_bag_acc: 20.0779, stage0_mean_ious: 0.1269, stage0_s: 0.0000, stage0_m: 0.0652, stage0_l: 0.1874, stage0_h: 0.1055, stage1_loss_instance_mil: 0.1062, stage1_bag_acc: 22.3405, stage1_neg_loss: 0.0180, stage1_mean_ious: 0.1190, stage1_s: 0.0000, stage1_m: 0.0635, stage1_l: 0.1851, stage1_h: 0.0963, loss: 0.7923, grad_norm: 0.2521
2024-10-08 20:30:43,052 - mmdet - INFO - Epoch [8][200/360]	lr: 1.000e-01, eta: 0:37:12, time: 0.609, data_time: 0.013, memory: 8635, stage0_loss_instance_mil: 0.6794, stage0_bag_acc: 19.0751, stage0_mean_ious: 0.1195, stage0_s: 0.0000, stage0_m: 0.0607, stage0_l: 0.2014, stage0_h: 0.0865, stage1_loss_instance_mil: 0.0984, stage1_bag_acc: 19.8394, stage1_neg_loss: 0.0148, stage1_mean_ious: 0.1131, stage1_s: 0.0000, stage1_m: 0.0583, stage1_l: 0.1961, stage1_h: 0.0802, loss: 0.7927, grad_norm: 0.3541
2024-10-08 20:31:14,614 - mmdet - INFO - Epoch [8][250/360]	lr: 1.000e-01, eta: 0:36:45, time: 0.631, data_time: 0.014, memory: 8635, stage0_loss_instance_mil: 0.6701, stage0_bag_acc: 22.8180, stage0_mean_ious: 0.0935, stage0_s: 0.0000, stage0_m: 0.0362, stage0_l: 0.1333, stage0_h: 0.0676, stage1_loss_instance_mil: 0.0951, stage1_bag_acc: 21.7807, stage1_neg_loss: 0.0147, stage1_mean_ious: 0.0924, stage1_s: 0.0000, stage1_m: 0.0424, stage1_l: 0.1383, stage1_h: 0.0640, loss: 0.7799, grad_norm: 0.1401
2024-10-08 20:31:46,421 - mmdet - INFO - Epoch [8][300/360]	lr: 1.000e-01, eta: 0:36:18, time: 0.636, data_time: 0.014, memory: 8635, stage0_loss_instance_mil: 0.6767, stage0_bag_acc: 16.1682, stage0_mean_ious: 0.1003, stage0_s: 0.0088, stage0_m: 0.0125, stage0_l: 0.1746, stage0_h: 0.0747, stage1_loss_instance_mil: 0.0894, stage1_bag_acc: 15.1793, stage1_neg_loss: 0.0164, stage1_mean_ious: 0.0917, stage1_s: 0.0094, stage1_m: 0.0143, stage1_l: 0.1702, stage1_h: 0.0666, loss: 0.7824, grad_norm: 0.1411
2024-10-08 20:32:16,949 - mmdet - INFO - Epoch [8][350/360]	lr: 1.000e-01, eta: 0:35:49, time: 0.611, data_time: 0.012, memory: 8635, stage0_loss_instance_mil: 0.6913, stage0_bag_acc: 20.7827, stage0_mean_ious: 0.0726, stage0_s: 0.0000, stage0_m: 0.0244, stage0_l: 0.1041, stage0_h: 0.0556, stage1_loss_instance_mil: 0.0937, stage1_bag_acc: 17.5238, stage1_neg_loss: 0.0173, stage1_mean_ious: 0.0700, stage1_s: 0.0000, stage1_m: 0.0258, stage1_l: 0.1014, stage1_h: 0.0534, loss: 0.8023, grad_norm: 0.7001
2024-10-08 20:32:23,065 - mmdet - INFO - Saving checkpoint at 8 epochs
2024-10-08 20:33:59,981 - mmdet - INFO - Evaluating bbox...
2024-10-08 20:34:00,740 - mmdet - INFO -  Average Precision  (AP) @[ IoU=0.50:0.95 | area=   all | maxDets=100 ] = 0.0000
2024-10-08 20:34:00,740 - mmdet - INFO -  Average Precision  (AP) @[ IoU=0.50      | area=   all | maxDets=1000 ] = 0.0000
2024-10-08 20:34:00,740 - mmdet - INFO -  Average Precision  (AP) @[ IoU=0.60      | area=   all | maxDets=1000 ] = 0.0000
2024-10-08 20:34:00,740 - mmdet - INFO -  Average Precision  (AP) @[ IoU=0.70      | area=   all | maxDets=1000 ] = 0.0000
2024-10-08 20:34:00,740 - mmdet - INFO -  Average Precision  (AP) @[ IoU=0.75      | area=   all | maxDets=1000 ] = 0.0000
2024-10-08 20:34:00,740 - mmdet - INFO -  Average Precision  (AP) @[ IoU=0.80      | area=   all | maxDets=1000 ] = 0.0000
2024-10-08 20:34:00,741 - mmdet - INFO -  Average Precision  (AP) @[ IoU=0.90      | area=   all | maxDets=1000 ] = 0.0000
2024-10-08 20:34:00,741 - mmdet - INFO -  Average Precision  (AP) @[ IoU=0.50:0.95 | area= small | maxDets=1000 ] = 0.0000
2024-10-08 20:34:00,741 - mmdet - INFO -  Average Precision  (AP) @[ IoU=0.50:0.95 | area=medium | maxDets=1000 ] = 0.0000
2024-10-08 20:34:00,741 - mmdet - INFO -  Average Precision  (AP) @[ IoU=0.50:0.95 | area= large | maxDets=1000 ] = 0.0000
2024-10-08 20:34:00,741 - mmdet - INFO -  Average Recall     (AR) @[ IoU=0.50:0.95 | area=   all | maxDets=100 ] = 0.0000
2024-10-08 20:34:00,741 - mmdet - INFO -  Average Recall     (AR) @[ IoU=0.50      | area=   all | maxDets=100 ] = 0.0000
2024-10-08 20:34:00,741 - mmdet - INFO -  Average Recall     (AR) @[ IoU=0.50:0.95 | area=   all | maxDets=300 ] = 0.0000
2024-10-08 20:34:00,741 - mmdet - INFO -  Average Recall     (AR) @[ IoU=0.50:0.95 | area=   all | maxDets=1000 ] = 0.0000
2024-10-08 20:34:00,741 - mmdet - INFO -  Average Recall     (AR) @[ IoU=0.50:0.95 | area= small | maxDets=1000 ] = 0.0000
2024-10-08 20:34:00,741 - mmdet - INFO -  Average Recall     (AR) @[ IoU=0.50:0.95 | area=medium | maxDets=1000 ] = 0.0000
2024-10-08 20:34:00,741 - mmdet - INFO -  Average Recall     (AR) @[ IoU=0.50:0.95 | area= large | maxDets=1000 ] = 0.0000
2024-10-08 20:34:00,752 - mmdet - INFO - Exp name: P2BNet_r50_fpn_1x_coco_ms.py
2024-10-08 20:34:00,752 - mmdet - INFO - Epoch(val) [8][360]	eval_iter_num: 720, bbox_mAP: 0.0000, bbox_mAP_50: 0.0000, bbox_mAP_75: 0.0000, bbox_mAP_s: 0.0000, bbox_mAP_m: 0.0000, bbox_mAP_l: 0.0000, bbox_mAP_copypaste: 0.000 0.000 0.000 0.000 0.000 0.000
2024-10-08 20:34:33,713 - mmdet - INFO - Epoch [9][50/360]	lr: 1.000e-02, eta: 0:35:10, time: 0.659, data_time: 0.059, memory: 8635, stage0_loss_instance_mil: 0.6717, stage0_bag_acc: 22.6056, stage0_mean_ious: 0.0674, stage0_s: 0.0000, stage0_m: 0.0413, stage0_l: 0.1033, stage0_h: 0.0484, stage1_loss_instance_mil: 0.0889, stage1_bag_acc: 18.7866, stage1_neg_loss: 0.0191, stage1_mean_ious: 0.0679, stage1_s: 0.0000, stage1_m: 0.0428, stage1_l: 0.0999, stage1_h: 0.0492, loss: 0.7797, grad_norm: 0.2262
2024-10-08 20:35:04,828 - mmdet - INFO - Epoch [9][100/360]	lr: 1.000e-02, eta: 0:34:42, time: 0.622, data_time: 0.014, memory: 8635, stage0_loss_instance_mil: 0.6746, stage0_bag_acc: 16.6460, stage0_mean_ious: 0.0972, stage0_s: 0.0063, stage0_m: 0.0519, stage0_l: 0.1360, stage0_h: 0.0670, stage1_loss_instance_mil: 0.0882, stage1_bag_acc: 19.8635, stage1_neg_loss: 0.0162, stage1_mean_ious: 0.0912, stage1_s: 0.0077, stage1_m: 0.0438, stage1_l: 0.1273, stage1_h: 0.0628, loss: 0.7791, grad_norm: 0.1508
2024-10-08 20:35:35,862 - mmdet - INFO - Epoch [9][150/360]	lr: 1.000e-02, eta: 0:34:14, time: 0.621, data_time: 0.013, memory: 8635, stage0_loss_instance_mil: 0.6729, stage0_bag_acc: 21.8232, stage0_mean_ious: 0.1049, stage0_s: 0.0000, stage0_m: 0.0134, stage0_l: 0.1674, stage0_h: 0.0793, stage1_loss_instance_mil: 0.0884, stage1_bag_acc: 23.9836, stage1_neg_loss: 0.0169, stage1_mean_ious: 0.0974, stage1_s: 0.0000, stage1_m: 0.0143, stage1_l: 0.1548, stage1_h: 0.0726, loss: 0.7782, grad_norm: 0.1916
2024-10-08 20:36:07,384 - mmdet - INFO - Epoch [9][200/360]	lr: 1.000e-02, eta: 0:33:46, time: 0.630, data_time: 0.013, memory: 8635, stage0_loss_instance_mil: 0.6723, stage0_bag_acc: 24.8653, stage0_mean_ious: 0.1145, stage0_s: 0.0000, stage0_m: 0.0294, stage0_l: 0.2042, stage0_h: 0.0838, stage1_loss_instance_mil: 0.0899, stage1_bag_acc: 24.8653, stage1_neg_loss: 0.0170, stage1_mean_ious: 0.1072, stage1_s: 0.0000, stage1_m: 0.0291, stage1_l: 0.1888, stage1_h: 0.0788, loss: 0.7792, grad_norm: 0.3797
2024-10-08 20:36:37,185 - mmdet - INFO - Epoch [9][250/360]	lr: 1.000e-02, eta: 0:33:16, time: 0.596, data_time: 0.013, memory: 8635, stage0_loss_instance_mil: 0.6716, stage0_bag_acc: 17.6314, stage0_mean_ious: 0.1104, stage0_s: 0.0000, stage0_m: 0.0583, stage0_l: 0.1842, stage0_h: 0.0738, stage1_loss_instance_mil: 0.0889, stage1_bag_acc: 20.3262, stage1_neg_loss: 0.0173, stage1_mean_ious: 0.1060, stage1_s: 0.0000, stage1_m: 0.0656, stage1_l: 0.1726, stage1_h: 0.0696, loss: 0.7778, grad_norm: 0.1780
2024-10-08 20:37:07,373 - mmdet - INFO - Epoch [9][300/360]	lr: 1.000e-02, eta: 0:32:47, time: 0.604, data_time: 0.013, memory: 8635, stage0_loss_instance_mil: 0.6679, stage0_bag_acc: 19.8872, stage0_mean_ious: 0.1021, stage0_s: 0.0000, stage0_m: 0.0293, stage0_l: 0.1449, stage0_h: 0.0728, stage1_loss_instance_mil: 0.0926, stage1_bag_acc: 17.6291, stage1_neg_loss: 0.0179, stage1_mean_ious: 0.0946, stage1_s: 0.0000, stage1_m: 0.0275, stage1_l: 0.1345, stage1_h: 0.0673, loss: 0.7783, grad_norm: 0.5363
2024-10-08 20:37:36,965 - mmdet - INFO - Epoch [9][350/360]	lr: 1.000e-02, eta: 0:32:17, time: 0.592, data_time: 0.014, memory: 8635, stage0_loss_instance_mil: 0.6685, stage0_bag_acc: 21.5669, stage0_mean_ious: 0.1155, stage0_s: 0.0000, stage0_m: 0.0332, stage0_l: 0.2249, stage0_h: 0.0780, stage1_loss_instance_mil: 0.0917, stage1_bag_acc: 20.6088, stage1_neg_loss: 0.0165, stage1_mean_ious: 0.1101, stage1_s: 0.0000, stage1_m: 0.0324, stage1_l: 0.2156, stage1_h: 0.0735, loss: 0.7767, grad_norm: 0.2815
2024-10-08 20:37:43,577 - mmdet - INFO - Saving checkpoint at 9 epochs
2024-10-08 20:39:20,884 - mmdet - INFO - Evaluating bbox...
2024-10-08 20:39:21,737 - mmdet - INFO -  Average Precision  (AP) @[ IoU=0.50:0.95 | area=   all | maxDets=100 ] = 0.0000
2024-10-08 20:39:21,737 - mmdet - INFO -  Average Precision  (AP) @[ IoU=0.50      | area=   all | maxDets=1000 ] = 0.0000
2024-10-08 20:39:21,738 - mmdet - INFO -  Average Precision  (AP) @[ IoU=0.60      | area=   all | maxDets=1000 ] = 0.0000
2024-10-08 20:39:21,738 - mmdet - INFO -  Average Precision  (AP) @[ IoU=0.70      | area=   all | maxDets=1000 ] = 0.0000
2024-10-08 20:39:21,738 - mmdet - INFO -  Average Precision  (AP) @[ IoU=0.75      | area=   all | maxDets=1000 ] = 0.0000
2024-10-08 20:39:21,738 - mmdet - INFO -  Average Precision  (AP) @[ IoU=0.80      | area=   all | maxDets=1000 ] = 0.0000
2024-10-08 20:39:21,738 - mmdet - INFO -  Average Precision  (AP) @[ IoU=0.90      | area=   all | maxDets=1000 ] = 0.0000
2024-10-08 20:39:21,738 - mmdet - INFO -  Average Precision  (AP) @[ IoU=0.50:0.95 | area= small | maxDets=1000 ] = 0.0000
2024-10-08 20:39:21,738 - mmdet - INFO -  Average Precision  (AP) @[ IoU=0.50:0.95 | area=medium | maxDets=1000 ] = 0.0000
2024-10-08 20:39:21,738 - mmdet - INFO -  Average Precision  (AP) @[ IoU=0.50:0.95 | area= large | maxDets=1000 ] = 0.0000
2024-10-08 20:39:21,738 - mmdet - INFO -  Average Recall     (AR) @[ IoU=0.50:0.95 | area=   all | maxDets=100 ] = 0.0000
2024-10-08 20:39:21,738 - mmdet - INFO -  Average Recall     (AR) @[ IoU=0.50      | area=   all | maxDets=100 ] = 0.0000
2024-10-08 20:39:21,739 - mmdet - INFO -  Average Recall     (AR) @[ IoU=0.50:0.95 | area=   all | maxDets=300 ] = 0.0000
2024-10-08 20:39:21,739 - mmdet - INFO -  Average Recall     (AR) @[ IoU=0.50:0.95 | area=   all | maxDets=1000 ] = 0.0000
2024-10-08 20:39:21,739 - mmdet - INFO -  Average Recall     (AR) @[ IoU=0.50:0.95 | area= small | maxDets=1000 ] = 0.0000
2024-10-08 20:39:21,739 - mmdet - INFO -  Average Recall     (AR) @[ IoU=0.50:0.95 | area=medium | maxDets=1000 ] = 0.0000
2024-10-08 20:39:21,739 - mmdet - INFO -  Average Recall     (AR) @[ IoU=0.50:0.95 | area= large | maxDets=1000 ] = 0.0000
2024-10-08 20:39:21,752 - mmdet - INFO - Exp name: P2BNet_r50_fpn_1x_coco_ms.py
2024-10-08 20:39:21,752 - mmdet - INFO - Epoch(val) [9][360]	eval_iter_num: 720, bbox_mAP: 0.0000, bbox_mAP_50: 0.0000, bbox_mAP_75: 0.0000, bbox_mAP_s: 0.0000, bbox_mAP_m: 0.0000, bbox_mAP_l: 0.0000, bbox_mAP_copypaste: 0.000 0.000 0.000 0.000 0.000 0.000
2024-10-08 20:39:54,359 - mmdet - INFO - Epoch [10][50/360]	lr: 1.000e-02, eta: 0:31:38, time: 0.652, data_time: 0.059, memory: 8635, stage0_loss_instance_mil: 0.6718, stage0_bag_acc: 18.9737, stage0_mean_ious: 0.1084, stage0_s: 0.0000, stage0_m: 0.0251, stage0_l: 0.2025, stage0_h: 0.0791, stage1_loss_instance_mil: 0.0893, stage1_bag_acc: 18.8460, stage1_neg_loss: 0.0180, stage1_mean_ious: 0.1038, stage1_s: 0.0000, stage1_m: 0.0253, stage1_l: 0.2000, stage1_h: 0.0741, loss: 0.7792, grad_norm: 0.1681
2024-10-08 20:40:24,609 - mmdet - INFO - Epoch [10][100/360]	lr: 1.000e-02, eta: 0:31:09, time: 0.605, data_time: 0.012, memory: 8635, stage0_loss_instance_mil: 0.6645, stage0_bag_acc: 24.6284, stage0_mean_ious: 0.1028, stage0_s: 0.0000, stage0_m: 0.0427, stage0_l: 0.1876, stage0_h: 0.0742, stage1_loss_instance_mil: 0.0911, stage1_bag_acc: 22.2589, stage1_neg_loss: 0.0166, stage1_mean_ious: 0.0998, stage1_s: 0.0000, stage1_m: 0.0412, stage1_l: 0.1817, stage1_h: 0.0719, loss: 0.7722, grad_norm: 0.1561
2024-10-08 20:40:54,505 - mmdet - INFO - Epoch [10][150/360]	lr: 1.000e-02, eta: 0:30:39, time: 0.598, data_time: 0.014, memory: 8635, stage0_loss_instance_mil: 0.6662, stage0_bag_acc: 23.2206, stage0_mean_ious: 0.1227, stage0_s: 0.0000, stage0_m: 0.0217, stage0_l: 0.2184, stage0_h: 0.0868, stage1_loss_instance_mil: 0.0913, stage1_bag_acc: 22.7042, stage1_neg_loss: 0.0165, stage1_mean_ious: 0.1156, stage1_s: 0.0000, stage1_m: 0.0232, stage1_l: 0.2077, stage1_h: 0.0807, loss: 0.7741, grad_norm: 0.1834
2024-10-08 20:41:25,615 - mmdet - INFO - Epoch [10][200/360]	lr: 1.000e-02, eta: 0:30:10, time: 0.622, data_time: 0.014, memory: 8635, stage0_loss_instance_mil: 0.6694, stage0_bag_acc: 19.5862, stage0_mean_ious: 0.1159, stage0_s: 0.0000, stage0_m: 0.0474, stage0_l: 0.1999, stage0_h: 0.0783, stage1_loss_instance_mil: 0.0912, stage1_bag_acc: 19.4642, stage1_neg_loss: 0.0168, stage1_mean_ious: 0.1121, stage1_s: 0.0000, stage1_m: 0.0494, stage1_l: 0.1912, stage1_h: 0.0746, loss: 0.7774, grad_norm: 0.2277
2024-10-08 20:41:54,017 - mmdet - INFO - Epoch [10][250/360]	lr: 1.000e-02, eta: 0:29:39, time: 0.568, data_time: 0.012, memory: 8635, stage0_loss_instance_mil: 0.6779, stage0_bag_acc: 17.1402, stage0_mean_ious: 0.0932, stage0_s: 0.0000, stage0_m: 0.0314, stage0_l: 0.1711, stage0_h: 0.0675, stage1_loss_instance_mil: 0.0891, stage1_bag_acc: 15.3784, stage1_neg_loss: 0.0182, stage1_mean_ious: 0.0903, stage1_s: 0.0000, stage1_m: 0.0347, stage1_l: 0.1589, stage1_h: 0.0662, loss: 0.7852, grad_norm: 0.2802
2024-10-08 20:42:23,937 - mmdet - INFO - Epoch [10][300/360]	lr: 1.000e-02, eta: 0:29:10, time: 0.598, data_time: 0.012, memory: 8635, stage0_loss_instance_mil: 0.6688, stage0_bag_acc: 19.7489, stage0_mean_ious: 0.1088, stage0_s: 0.0000, stage0_m: 0.0414, stage0_l: 0.1764, stage0_h: 0.0776, stage1_loss_instance_mil: 0.0906, stage1_bag_acc: 24.4596, stage1_neg_loss: 0.0175, stage1_mean_ious: 0.1029, stage1_s: 0.0000, stage1_m: 0.0423, stage1_l: 0.1685, stage1_h: 0.0724, loss: 0.7769, grad_norm: 0.2330
