2024-04-28 23:42:36,645 - mmdet - INFO - Environment info:
------------------------------------------------------------
sys.platform: linux
Python: 3.7.16 (default, Jan 17 2023, 22:20:44) [GCC 11.2.0]
CUDA available: True
GPU 0,1,2,3,4,5,6,7: NVIDIA GeForce RTX 3090
CUDA_HOME: /usr/local/cuda-12.0
NVCC: Build cuda_12.0.r12.0/compiler.31968024_0
GCC: gcc (Ubuntu 7.5.0-3ubuntu1~18.04) 7.5.0
PyTorch: 1.7.0
PyTorch compiling details: PyTorch built with:
  - GCC 7.3
  - C++ Version: 201402
  - Intel(R) oneAPI Math Kernel Library Version 2021.4-Product Build 20210904 for Intel(R) 64 architecture applications
  - Intel(R) MKL-DNN v1.6.0 (Git Hash 5ef631a030a6f73131c77892041042805a06064f)
  - OpenMP 201511 (a.k.a. OpenMP 4.5)
  - NNPACK is enabled
  - CPU capability usage: AVX2
  - CUDA Runtime 11.0
  - NVCC architecture flags: -gencode;arch=compute_37,code=sm_37;-gencode;arch=compute_50,code=sm_50;-gencode;arch=compute_60,code=sm_60;-gencode;arch=compute_61,code=sm_61;-gencode;arch=compute_70,code=sm_70;-gencode;arch=compute_75,code=sm_75;-gencode;arch=compute_80,code=sm_80;-gencode;arch=compute_37,code=compute_37
  - CuDNN 8.0.3
  - Magma 2.5.2
  - Build settings: BLAS=MKL, BUILD_TYPE=Release, CXX_FLAGS= -Wno-deprecated -fvisibility-inlines-hidden -DUSE_PTHREADPOOL -fopenmp -DNDEBUG -DUSE_FBGEMM -DUSE_QNNPACK -DUSE_PYTORCH_QNNPACK -DUSE_XNNPACK -DUSE_VULKAN_WRAPPER -O2 -fPIC -Wno-narrowing -Wall -Wextra -Werror=return-type -Wno-missing-field-initializers -Wno-type-limits -Wno-array-bounds -Wno-unknown-pragmas -Wno-sign-compare -Wno-unused-parameter -Wno-unused-variable -Wno-unused-function -Wno-unused-result -Wno-unused-local-typedefs -Wno-strict-overflow -Wno-strict-aliasing -Wno-error=deprecated-declarations -Wno-stringop-overflow -Wno-psabi -Wno-error=pedantic -Wno-error=redundant-decls -Wno-error=old-style-cast -fdiagnostics-color=always -faligned-new -Wno-unused-but-set-variable -Wno-maybe-uninitialized -fno-math-errno -fno-trapping-math -Werror=format -Wno-stringop-overflow, PERF_WITH_AVX=1, PERF_WITH_AVX2=1, PERF_WITH_AVX512=1, USE_CUDA=ON, USE_EXCEPTION_PTR=1, USE_GFLAGS=OFF, USE_GLOG=OFF, USE_MKL=ON, USE_MKLDNN=ON, USE_MPI=OFF, USE_NCCL=ON, USE_NNPACK=ON, USE_OPENMP=ON, 

TorchVision: 0.8.0
OpenCV: 4.8.1
MMCV: 1.3.3
MMCV Compiler: GCC 7.3
MMCV CUDA Compiler: 11.0
MMDetection: 2.13.0+c820f32
------------------------------------------------------------

2024-04-28 23:42:37,506 - mmdet - INFO - Distributed training: False
2024-04-28 23:42:38,330 - mmdet - INFO - Config:
checkpoint_config = dict(interval=1)
log_config = dict(interval=50, hooks=[dict(type='TextLoggerHook')])
custom_hooks = [dict(type='NumClassCheckHook')]
dist_params = dict(backend='nccl')
log_level = 'INFO'
load_from = '../TOV_mmdetection_cache/work_dir/coco/pre_trained/P2B.pth'
resume_from = None
workflow = [('train', 1)]
norm_cfg = dict(type='GN', num_groups=32, requires_grad=True)
debug = False
num_stages = 2
model = dict(
    type='P2BNet',
    pretrained='torchvision://resnet50',
    backbone=dict(
        type='ResNet',
        depth=50,
        num_stages=4,
        out_indices=(0, 1, 2, 3),
        frozen_stages=1,
        norm_cfg=dict(type='BN', requires_grad=True),
        norm_eval=True,
        style='pytorch'),
    neck=dict(
        type='FPNPADNN',
        in_channels=[256, 512, 1024, 2048],
        out_channels=256,
        start_level=0,
        add_extra_convs='on_input',
        num_outs=4,
        norm_cfg=dict(type='GN', num_groups=32, requires_grad=True)),
    roi_head=dict(
        type='P2BHead',
        num_stages=2,
        top_k=7,
        with_atten=False,
        bbox_roi_extractor=dict(
            type='SingleRoIExtractor',
            roi_layer=dict(type='RoIAlign', output_size=7),
            out_channels=256,
            featmap_strides=[4, 8, 16, 32]),
        bbox_head=dict(
            type='Shared2FCInstanceMILHead',
            num_stages=2,
            with_loss_pseudo=False,
            in_channels=256,
            fc_out_channels=1024,
            roi_feat_size=7,
            num_classes=6,
            num_ref_fcs=0,
            bbox_coder=dict(
                type='DeltaXYWHBBoxCoder',
                target_means=[0.0, 0.0, 0.0, 0.0],
                target_stds=[0.1, 0.1, 0.2, 0.2]),
            reg_class_agnostic=True,
            loss_type='MIL',
            loss_mil1=dict(
                type='MILLoss',
                binary_ins=False,
                loss_weight=0.25,
                loss_type='binary_cross_entropy'),
            loss_mil2=dict(
                type='MILLoss',
                binary_ins=False,
                loss_weight=0.25,
                loss_type='gfocal_loss'))),
    train_cfg=dict(
        base_proposal=dict(
            base_scales=[4, 8, 16, 32, 64, 128],
            base_ratios=[
                0.3333333333333333, 0.5, 0.6666666666666666, 1.0, 1.5, 2.0, 3.0
            ],
            shake_ratio=None,
            cut_mode='symmetry',
            gen_num_neg=0),
        fine_proposal=dict(
            gen_proposal_mode='fix_gen',
            cut_mode=None,
            shake_ratio=[0.1],
            base_ratios=[1, 1.2, 1.3, 0.8, 0.7],
            iou_thr=0.3,
            gen_num_neg=3500),
        rcnn=None),
    test_cfg=dict(rpn=None, rcnn=None))
dataset_type = 'CocoFmtDataset'
data_root = 'data/coco/'
img_norm_cfg = dict(
    mean=[123.675, 116.28, 103.53], std=[58.395, 57.12, 57.375], to_rgb=True)
train_pipeline = [
    dict(type='LoadImageFromFile'),
    dict(type='LoadAnnotations', with_bbox=True),
    dict(
        type='Resize',
        img_scale=[(2000, 480), (2000, 576), (2000, 688), (2000, 864),
                   (2000, 1000), (2000, 1200)],
        multiscale_mode='value',
        keep_ratio=True),
    dict(type='RandomFlip', flip_ratio=0.5),
    dict(
        type='Normalize',
        mean=[123.675, 116.28, 103.53],
        std=[58.395, 57.12, 57.375],
        to_rgb=True),
    dict(type='Pad', size_divisor=32),
    dict(type='DefaultFormatBundle'),
    dict(
        type='Collect',
        keys=[
            'img', 'gt_bboxes', 'gt_labels', 'gt_bboxes_ignore',
            'gt_true_bboxes'
        ])
]
test_scale = 1200
test_pipeline = [
    dict(type='LoadImageFromFile'),
    dict(type='LoadAnnotations', with_bbox=True),
    dict(
        type='MultiScaleFlipAug',
        img_scale=(2000, 1200),
        flip=False,
        transforms=[
            dict(type='Resize', keep_ratio=True),
            dict(type='RandomFlip'),
            dict(
                type='Normalize',
                mean=[123.675, 116.28, 103.53],
                std=[58.395, 57.12, 57.375],
                to_rgb=True),
            dict(type='Pad', size_divisor=32),
            dict(type='DefaultFormatBundle'),
            dict(
                type='Collect',
                keys=[
                    'img', 'gt_bboxes', 'gt_labels', 'gt_bboxes_ignore',
                    'gt_anns_id', 'gt_true_bboxes'
                ])
        ])
]
data = dict(
    samples_per_gpu=8,
    workers_per_gpu=1,
    shuffle=None,
    train=dict(
        type='CocoFmtDataset',
        ann_file='data/coco/annotations_qc_pt/instances_train2017_coarse.json',
        img_prefix='data/coco/images/train/',
        pipeline=[
            dict(type='LoadImageFromFile'),
            dict(type='LoadAnnotations', with_bbox=True),
            dict(
                type='Resize',
                img_scale=[(2000, 480), (2000, 576), (2000, 688), (2000, 864),
                           (2000, 1000), (2000, 1200)],
                multiscale_mode='value',
                keep_ratio=True),
            dict(type='RandomFlip', flip_ratio=0.5),
            dict(
                type='Normalize',
                mean=[123.675, 116.28, 103.53],
                std=[58.395, 57.12, 57.375],
                to_rgb=True),
            dict(type='Pad', size_divisor=32),
            dict(type='DefaultFormatBundle'),
            dict(
                type='Collect',
                keys=[
                    'img', 'gt_bboxes', 'gt_labels', 'gt_bboxes_ignore',
                    'gt_true_bboxes'
                ])
        ]),
    val=dict(
        samples_per_gpu=16,
        type='CocoFmtDataset',
        ann_file=
        '/home/lxz/P2BNet/TOV_mmdetection/data/coco/annotations/instances_train.json',
        img_prefix='data/coco/images/train',
        pipeline=[
            dict(type='LoadImageFromFile'),
            dict(type='LoadAnnotations', with_bbox=True),
            dict(
                type='MultiScaleFlipAug',
                img_scale=(2000, 1200),
                flip=False,
                transforms=[
                    dict(type='Resize', keep_ratio=True),
                    dict(type='RandomFlip'),
                    dict(
                        type='Normalize',
                        mean=[123.675, 116.28, 103.53],
                        std=[58.395, 57.12, 57.375],
                        to_rgb=True),
                    dict(type='Pad', size_divisor=32),
                    dict(type='DefaultFormatBundle'),
                    dict(
                        type='Collect',
                        keys=[
                            'img', 'gt_bboxes', 'gt_labels',
                            'gt_bboxes_ignore', 'gt_anns_id', 'gt_true_bboxes'
                        ])
                ])
        ],
        test_mode=False),
    test=dict(
        samples_per_gpu=16,
        type='CocoFmtDataset',
        ann_file=
        '/home/lxz/P2BNet/TOV_mmdetection/data/coco/annotations/instances_train.json',
        img_prefix='data/coco/images/train/',
        pipeline=[
            dict(type='LoadImageFromFile'),
            dict(type='LoadAnnotations', with_bbox=True),
            dict(
                type='MultiScaleFlipAug',
                img_scale=(2000, 1200),
                flip=False,
                transforms=[
                    dict(type='Resize', keep_ratio=True),
                    dict(type='RandomFlip'),
                    dict(
                        type='Normalize',
                        mean=[123.675, 116.28, 103.53],
                        std=[58.395, 57.12, 57.375],
                        to_rgb=True),
                    dict(type='Pad', size_divisor=32),
                    dict(type='DefaultFormatBundle'),
                    dict(
                        type='Collect',
                        keys=[
                            'img', 'gt_bboxes', 'gt_labels',
                            'gt_bboxes_ignore', 'gt_anns_id', 'gt_true_bboxes'
                        ])
                ])
        ],
        test_mode=False))
check = dict(stop_while_nan=False)
optimizer = dict(
    type='AdamW',
    lr=5e-05,
    betas=(0.9, 0.999),
    weight_decay=0.05,
    paramwise_cfg=dict(
        custom_keys=dict(
            absolute_pos_embed=dict(decay_mult=0.0),
            relative_position_bias_table=dict(decay_mult=0.0),
            norm=dict(decay_mult=0.0))))
optimizer_config = dict(grad_clip=dict(max_norm=35, norm_type=2))
lr_config = dict(
    policy='step',
    warmup='linear',
    warmup_iters=500,
    warmup_ratio=0.001,
    step=[8, 11])
runner = dict(type='EpochBasedRunner', max_epochs=24)
work_dir = '../TOV_mmdetection_cache/work_dir/coco/'
evaluation = dict(
    interval=2,
    metric='bbox',
    save_result_file=
    '../TOV_mmdetection_cache/work_dir/coco/_1200_latest_result.json',
    do_first_eval=False,
    do_final_eval=True)
gpu_ids = [4]

2024-04-28 23:42:41,158 - mmdet - INFO - load checkpoint from ../TOV_mmdetection_cache/work_dir/coco/pre_trained/P2B.pth
2024-04-28 23:42:41,159 - mmdet - INFO - Use load_from_local loader
2024-04-28 23:42:41,404 - mmdet - WARNING - The model and loaded state dict do not match exactly

size mismatch for roi_head.bbox_head.fc_cls.0.weight: copying a param with shape torch.Size([81, 1024]) from checkpoint, the shape in current model is torch.Size([7, 1024]).
size mismatch for roi_head.bbox_head.fc_cls.0.bias: copying a param with shape torch.Size([81]) from checkpoint, the shape in current model is torch.Size([7]).
size mismatch for roi_head.bbox_head.fc_cls.1.weight: copying a param with shape torch.Size([80, 1024]) from checkpoint, the shape in current model is torch.Size([6, 1024]).
size mismatch for roi_head.bbox_head.fc_cls.1.bias: copying a param with shape torch.Size([80]) from checkpoint, the shape in current model is torch.Size([6]).
size mismatch for roi_head.bbox_head.fc_ins.0.weight: copying a param with shape torch.Size([81, 1024]) from checkpoint, the shape in current model is torch.Size([7, 1024]).
size mismatch for roi_head.bbox_head.fc_ins.0.bias: copying a param with shape torch.Size([81]) from checkpoint, the shape in current model is torch.Size([7]).
size mismatch for roi_head.bbox_head.fc_ins.1.weight: copying a param with shape torch.Size([80, 1024]) from checkpoint, the shape in current model is torch.Size([6, 1024]).
size mismatch for roi_head.bbox_head.fc_ins.1.bias: copying a param with shape torch.Size([80]) from checkpoint, the shape in current model is torch.Size([6]).
missing keys in source state_dict: neck.cbam.ca.fc1.weight, neck.cbam.ca.fc2.weight, neck.cbam.sa.conv1.weight, neck.offsets.weight, neck.offsets.bias, neck.dcn.weight

2024-04-28 23:42:41,409 - mmdet - INFO - Start running, host: lxz@user-SYS-4029GP-TRT2, work_dir: /home/lxz/P2BNet/TOV_mmdetection_cache/work_dir/coco
2024-04-28 23:42:41,409 - mmdet - INFO - workflow: [('train', 1)], max: 24 epochs
2024-04-28 23:44:04,604 - mmdet - INFO - Epoch [1][50/180]	lr: 4.945e-06, eta: 1:58:24, time: 1.664, data_time: 0.073, memory: 19677, stage0_loss_instance_mil: 0.6964, stage0_bag_acc: 24.6336, stage0_mean_ious: 0.2924, stage0_s: 0.0000, stage0_m: 0.0398, stage0_l: 0.2211, stage0_h: 0.2928, stage1_loss_instance_mil: 0.1754, stage1_bag_acc: 19.7944, stage1_neg_loss: 0.0011, stage1_mean_ious: 0.2866, stage1_s: 0.0000, stage1_m: 0.0377, stage1_l: 0.2140, stage1_h: 0.2876, loss: 0.8728, grad_norm: 1.4665
2024-04-28 23:45:22,395 - mmdet - INFO - Epoch [1][100/180]	lr: 9.940e-06, eta: 1:53:13, time: 1.556, data_time: 0.023, memory: 19680, stage0_loss_instance_mil: 0.6533, stage0_bag_acc: 47.0247, stage0_mean_ious: 0.3124, stage0_s: 0.0000, stage0_m: 0.0500, stage0_l: 0.2403, stage0_h: 0.3178, stage1_loss_instance_mil: 0.1943, stage1_bag_acc: 22.3499, stage1_neg_loss: 0.0019, stage1_mean_ious: 0.3079, stage1_s: 0.0000, stage1_m: 0.0448, stage1_l: 0.2275, stage1_h: 0.3151, loss: 0.8494, grad_norm: 2.3241
2024-04-28 23:46:43,591 - mmdet - INFO - Epoch [1][150/180]	lr: 1.494e-05, eta: 1:52:12, time: 1.624, data_time: 0.025, memory: 19723, stage0_loss_instance_mil: 0.4187, stage0_bag_acc: 82.7428, stage0_mean_ious: 0.3132, stage0_s: 0.0000, stage0_m: 0.0437, stage0_l: 0.2076, stage0_h: 0.3232, stage1_loss_instance_mil: 0.2902, stage1_bag_acc: 54.9832, stage1_neg_loss: 0.0353, stage1_mean_ious: 0.2917, stage1_s: 0.0000, stage1_m: 0.0369, stage1_l: 0.1949, stage1_h: 0.3007, loss: 0.7442, grad_norm: 8.0732
2024-04-28 23:47:32,698 - mmdet - INFO - Saving checkpoint at 1 epochs
2024-04-28 23:48:57,527 - mmdet - INFO - Epoch [2][50/180]	lr: 2.293e-05, eta: 1:36:17, time: 1.654, data_time: 0.071, memory: 19723, stage0_loss_instance_mil: 0.1651, stage0_bag_acc: 92.8598, stage0_mean_ious: 0.2996, stage0_s: 0.0006, stage0_m: 0.0388, stage0_l: 0.1443, stage0_h: 0.3196, stage1_loss_instance_mil: 0.3398, stage1_bag_acc: 93.9618, stage1_neg_loss: 0.0755, stage1_mean_ious: 0.2675, stage1_s: 0.0007, stage1_m: 0.0275, stage1_l: 0.1181, stage1_h: 0.2879, loss: 0.5804, grad_norm: 11.0731
2024-04-28 23:50:21,309 - mmdet - INFO - Epoch [2][100/180]	lr: 2.792e-05, eta: 1:38:16, time: 1.676, data_time: 0.023, memory: 19723, stage0_loss_instance_mil: 0.0986, stage0_bag_acc: 95.8311, stage0_mean_ious: 0.3205, stage0_s: 0.0000, stage0_m: 0.0382, stage0_l: 0.1282, stage0_h: 0.3452, stage1_loss_instance_mil: 0.3556, stage1_bag_acc: 98.1488, stage1_neg_loss: 0.0900, stage1_mean_ious: 0.2853, stage1_s: 0.0000, stage1_m: 0.0233, stage1_l: 0.1118, stage1_h: 0.3078, loss: 0.5443, grad_norm: 11.5963
2024-04-28 23:51:45,489 - mmdet - INFO - Epoch [2][150/180]	lr: 3.292e-05, eta: 1:39:19, time: 1.684, data_time: 0.024, memory: 19723, stage0_loss_instance_mil: 0.0658, stage0_bag_acc: 96.3419, stage0_mean_ious: 0.3244, stage0_s: 0.0000, stage0_m: 0.0416, stage0_l: 0.1157, stage0_h: 0.3465, stage1_loss_instance_mil: 0.3006, stage1_bag_acc: 97.7913, stage1_neg_loss: 0.0928, stage1_mean_ious: 0.2851, stage1_s: 0.0000, stage1_m: 0.0283, stage1_l: 0.0868, stage1_h: 0.3070, loss: 0.4593, grad_norm: 12.2712
2024-04-28 23:52:35,292 - mmdet - INFO - Saving checkpoint at 2 epochs
2024-04-28 23:54:10,917 - mmdet - INFO - Evaluating bbox...
2024-04-28 23:54:11,730 - mmdet - INFO -  Average Precision  (AP) @[ IoU=0.50:0.95 | area=   all | maxDets=100 ] = 0.0522
2024-04-28 23:54:11,730 - mmdet - INFO -  Average Precision  (AP) @[ IoU=0.50      | area=   all | maxDets=1000 ] = 0.1918
2024-04-28 23:54:11,730 - mmdet - INFO -  Average Precision  (AP) @[ IoU=0.60      | area=   all | maxDets=1000 ] = 0.0933
2024-04-28 23:54:11,730 - mmdet - INFO -  Average Precision  (AP) @[ IoU=0.70      | area=   all | maxDets=1000 ] = 0.0272
2024-04-28 23:54:11,730 - mmdet - INFO -  Average Precision  (AP) @[ IoU=0.75      | area=   all | maxDets=1000 ] = 0.0105
2024-04-28 23:54:11,730 - mmdet - INFO -  Average Precision  (AP) @[ IoU=0.80      | area=   all | maxDets=1000 ] = 0.0038
2024-04-28 23:54:11,730 - mmdet - INFO -  Average Precision  (AP) @[ IoU=0.90      | area=   all | maxDets=1000 ] = 0.0002
2024-04-28 23:54:11,730 - mmdet - INFO -  Average Precision  (AP) @[ IoU=0.50:0.95 | area= small | maxDets=1000 ] = 0.0159
2024-04-28 23:54:11,731 - mmdet - INFO -  Average Precision  (AP) @[ IoU=0.50:0.95 | area=medium | maxDets=1000 ] = 0.0581
2024-04-28 23:54:11,731 - mmdet - INFO -  Average Precision  (AP) @[ IoU=0.50:0.95 | area= large | maxDets=1000 ] = 0.0584
2024-04-28 23:54:11,731 - mmdet - INFO -  Average Recall     (AR) @[ IoU=0.50:0.95 | area=   all | maxDets=100 ] = 0.1041
2024-04-28 23:54:11,731 - mmdet - INFO -  Average Recall     (AR) @[ IoU=0.50:0.95 | area=   all | maxDets=300 ] = 0.1041
2024-04-28 23:54:11,731 - mmdet - INFO -  Average Recall     (AR) @[ IoU=0.50:0.95 | area=   all | maxDets=1000 ] = 0.1041
2024-04-28 23:54:11,731 - mmdet - INFO -  Average Recall     (AR) @[ IoU=0.50:0.95 | area= small | maxDets=1000 ] = 0.0168
2024-04-28 23:54:11,731 - mmdet - INFO -  Average Recall     (AR) @[ IoU=0.50:0.95 | area=medium | maxDets=1000 ] = 0.1462
2024-04-28 23:54:11,731 - mmdet - INFO -  Average Recall     (AR) @[ IoU=0.50:0.95 | area= large | maxDets=1000 ] = 0.0731
2024-04-28 23:54:11,747 - mmdet - INFO - Exp name: P2BNet_r50_fpn_1x_coco_ms.py
2024-04-28 23:54:11,747 - mmdet - INFO - Epoch(val) [2][180]	eval_iter_num: 90, bbox_mAP: 0.0520, bbox_mAP_50: 0.1920, bbox_mAP_75: 0.0930, bbox_mAP_s: 0.0270, bbox_mAP_m: 0.0100, bbox_mAP_l: 0.0040, bbox_mAP_copypaste: 0.052 0.192 0.093 0.027 0.010 0.004
2024-04-28 23:55:37,680 - mmdet - INFO - Epoch [3][50/180]	lr: 4.091e-05, eta: 1:31:59, time: 1.718, data_time: 0.074, memory: 19723, stage0_loss_instance_mil: 0.0452, stage0_bag_acc: 97.2681, stage0_mean_ious: 0.3086, stage0_s: 0.0000, stage0_m: 0.0411, stage0_l: 0.1071, stage0_h: 0.3369, stage1_loss_instance_mil: 0.2843, stage1_bag_acc: 98.7414, stage1_neg_loss: 0.0935, stage1_mean_ious: 0.2667, stage1_s: 0.0000, stage1_m: 0.0268, stage1_l: 0.0866, stage1_h: 0.2922, loss: 0.4230, grad_norm: 12.6886
2024-04-28 23:57:02,482 - mmdet - INFO - Epoch [3][100/180]	lr: 4.590e-05, eta: 1:32:48, time: 1.696, data_time: 0.024, memory: 19723, stage0_loss_instance_mil: 0.0517, stage0_bag_acc: 96.6447, stage0_mean_ious: 0.3058, stage0_s: 0.0000, stage0_m: 0.0172, stage0_l: 0.1032, stage0_h: 0.3295, stage1_loss_instance_mil: 0.2828, stage1_bag_acc: 97.8699, stage1_neg_loss: 0.0919, stage1_mean_ious: 0.2720, stage1_s: 0.0000, stage1_m: 0.0103, stage1_l: 0.0829, stage1_h: 0.2945, loss: 0.4264, grad_norm: 14.1613
2024-04-28 23:58:27,790 - mmdet - INFO - Epoch [3][150/180]	lr: 5.000e-05, eta: 1:33:14, time: 1.706, data_time: 0.024, memory: 19723, stage0_loss_instance_mil: 0.0383, stage0_bag_acc: 98.0645, stage0_mean_ious: 0.2914, stage0_s: 0.0000, stage0_m: 0.0411, stage0_l: 0.0990, stage0_h: 0.3165, stage1_loss_instance_mil: 0.3159, stage1_bag_acc: 98.5761, stage1_neg_loss: 0.0953, stage1_mean_ious: 0.2560, stage1_s: 0.0000, stage1_m: 0.0334, stage1_l: 0.0779, stage1_h: 0.2794, loss: 0.4494, grad_norm: 14.3754
2024-04-28 23:59:19,124 - mmdet - INFO - Saving checkpoint at 3 epochs
2024-04-29 00:00:46,334 - mmdet - INFO - Epoch [4][50/180]	lr: 5.000e-05, eta: 1:27:55, time: 1.712, data_time: 0.074, memory: 19723, stage0_loss_instance_mil: 0.0471, stage0_bag_acc: 96.5441, stage0_mean_ious: 0.2865, stage0_s: 0.0000, stage0_m: 0.0390, stage0_l: 0.1029, stage0_h: 0.3118, stage1_loss_instance_mil: 0.2449, stage1_bag_acc: 97.9986, stage1_neg_loss: 0.0812, stage1_mean_ious: 0.2569, stage1_s: 0.0000, stage1_m: 0.0246, stage1_l: 0.0827, stage1_h: 0.2829, loss: 0.3732, grad_norm: 9.7954
2024-04-29 00:02:10,902 - mmdet - INFO - Epoch [4][100/180]	lr: 5.000e-05, eta: 1:28:04, time: 1.691, data_time: 0.024, memory: 19723, stage0_loss_instance_mil: 0.0300, stage0_bag_acc: 98.7791, stage0_mean_ious: 0.2974, stage0_s: 0.0000, stage0_m: 0.0343, stage0_l: 0.1089, stage0_h: 0.3291, stage1_loss_instance_mil: 0.2340, stage1_bag_acc: 99.1529, stage1_neg_loss: 0.0819, stage1_mean_ious: 0.2626, stage1_s: 0.0000, stage1_m: 0.0193, stage1_l: 0.0807, stage1_h: 0.2949, loss: 0.3459, grad_norm: 11.0288
2024-04-29 00:03:33,154 - mmdet - INFO - Epoch [4][150/180]	lr: 5.000e-05, eta: 1:27:47, time: 1.645, data_time: 0.023, memory: 19723, stage0_loss_instance_mil: 0.0303, stage0_bag_acc: 97.9841, stage0_mean_ious: 0.3115, stage0_s: 0.0000, stage0_m: 0.0303, stage0_l: 0.1006, stage0_h: 0.3352, stage1_loss_instance_mil: 0.2804, stage1_bag_acc: 98.5943, stage1_neg_loss: 0.0862, stage1_mean_ious: 0.2756, stage1_s: 0.0000, stage1_m: 0.0197, stage1_l: 0.0798, stage1_h: 0.2990, loss: 0.3968, grad_norm: 14.3075
2024-04-29 00:04:23,598 - mmdet - INFO - Saving checkpoint at 4 epochs
2024-04-29 00:05:59,108 - mmdet - INFO - Evaluating bbox...
2024-04-29 00:05:59,894 - mmdet - INFO -  Average Precision  (AP) @[ IoU=0.50:0.95 | area=   all | maxDets=100 ] = 0.0301
2024-04-29 00:05:59,894 - mmdet - INFO -  Average Precision  (AP) @[ IoU=0.50      | area=   all | maxDets=1000 ] = 0.1165
2024-04-29 00:05:59,894 - mmdet - INFO -  Average Precision  (AP) @[ IoU=0.60      | area=   all | maxDets=1000 ] = 0.0497
2024-04-29 00:05:59,894 - mmdet - INFO -  Average Precision  (AP) @[ IoU=0.70      | area=   all | maxDets=1000 ] = 0.0145
2024-04-29 00:05:59,894 - mmdet - INFO -  Average Precision  (AP) @[ IoU=0.75      | area=   all | maxDets=1000 ] = 0.0052
2024-04-29 00:05:59,894 - mmdet - INFO -  Average Precision  (AP) @[ IoU=0.80      | area=   all | maxDets=1000 ] = 0.0024
2024-04-29 00:05:59,894 - mmdet - INFO -  Average Precision  (AP) @[ IoU=0.90      | area=   all | maxDets=1000 ] = 0.0000
2024-04-29 00:05:59,894 - mmdet - INFO -  Average Precision  (AP) @[ IoU=0.50:0.95 | area= small | maxDets=1000 ] = 0.0000
2024-04-29 00:05:59,895 - mmdet - INFO -  Average Precision  (AP) @[ IoU=0.50:0.95 | area=medium | maxDets=1000 ] = 0.0357
2024-04-29 00:05:59,895 - mmdet - INFO -  Average Precision  (AP) @[ IoU=0.50:0.95 | area= large | maxDets=1000 ] = 0.0461
2024-04-29 00:05:59,895 - mmdet - INFO -  Average Recall     (AR) @[ IoU=0.50:0.95 | area=   all | maxDets=100 ] = 0.0772
2024-04-29 00:05:59,895 - mmdet - INFO -  Average Recall     (AR) @[ IoU=0.50:0.95 | area=   all | maxDets=300 ] = 0.0772
2024-04-29 00:05:59,895 - mmdet - INFO -  Average Recall     (AR) @[ IoU=0.50:0.95 | area=   all | maxDets=1000 ] = 0.0772
2024-04-29 00:05:59,895 - mmdet - INFO -  Average Recall     (AR) @[ IoU=0.50:0.95 | area= small | maxDets=1000 ] = 0.0000
2024-04-29 00:05:59,895 - mmdet - INFO -  Average Recall     (AR) @[ IoU=0.50:0.95 | area=medium | maxDets=1000 ] = 0.1009
2024-04-29 00:05:59,895 - mmdet - INFO -  Average Recall     (AR) @[ IoU=0.50:0.95 | area= large | maxDets=1000 ] = 0.0601
2024-04-29 00:05:59,908 - mmdet - INFO - Exp name: P2BNet_r50_fpn_1x_coco_ms.py
2024-04-29 00:05:59,908 - mmdet - INFO - Epoch(val) [4][180]	eval_iter_num: 90, bbox_mAP: 0.0300, bbox_mAP_50: 0.1160, bbox_mAP_75: 0.0500, bbox_mAP_s: 0.0140, bbox_mAP_m: 0.0050, bbox_mAP_l: 0.0020, bbox_mAP_copypaste: 0.030 0.116 0.050 0.014 0.005 0.002
2024-04-29 00:07:21,930 - mmdet - INFO - Epoch [5][50/180]	lr: 5.000e-05, eta: 1:23:14, time: 1.640, data_time: 0.073, memory: 19723, stage0_loss_instance_mil: 0.0288, stage0_bag_acc: 98.0334, stage0_mean_ious: 0.2895, stage0_s: 0.0000, stage0_m: 0.0412, stage0_l: 0.0878, stage0_h: 0.3155, stage1_loss_instance_mil: 0.2358, stage1_bag_acc: 98.8874, stage1_neg_loss: 0.0734, stage1_mean_ious: 0.2507, stage1_s: 0.0000, stage1_m: 0.0251, stage1_l: 0.0662, stage1_h: 0.2759, loss: 0.3380, grad_norm: 10.1376
2024-04-29 00:08:44,774 - mmdet - INFO - Epoch [5][100/180]	lr: 5.000e-05, eta: 1:22:57, time: 1.657, data_time: 0.023, memory: 19723, stage0_loss_instance_mil: 0.0278, stage0_bag_acc: 98.7198, stage0_mean_ious: 0.3054, stage0_s: 0.0000, stage0_m: 0.0247, stage0_l: 0.0937, stage0_h: 0.3289, stage1_loss_instance_mil: 0.2320, stage1_bag_acc: 99.3568, stage1_neg_loss: 0.0893, stage1_mean_ious: 0.2666, stage1_s: 0.0000, stage1_m: 0.0164, stage1_l: 0.0722, stage1_h: 0.2890, loss: 0.3490, grad_norm: 14.3790
2024-04-29 00:10:07,490 - mmdet - INFO - Epoch [5][150/180]	lr: 5.000e-05, eta: 1:22:32, time: 1.654, data_time: 0.024, memory: 19723, stage0_loss_instance_mil: 0.0258, stage0_bag_acc: 98.5399, stage0_mean_ious: 0.2505, stage0_s: 0.0000, stage0_m: 0.0310, stage0_l: 0.0878, stage0_h: 0.2688, stage1_loss_instance_mil: 0.2277, stage1_bag_acc: 98.7245, stage1_neg_loss: 0.0705, stage1_mean_ious: 0.2197, stage1_s: 0.0000, stage1_m: 0.0226, stage1_l: 0.0662, stage1_h: 0.2377, loss: 0.3240, grad_norm: 9.9086
2024-04-29 00:10:57,707 - mmdet - INFO - Saving checkpoint at 5 epochs
2024-04-29 00:12:24,561 - mmdet - INFO - Epoch [6][50/180]	lr: 5.000e-05, eta: 1:18:49, time: 1.685, data_time: 0.075, memory: 19723, stage0_loss_instance_mil: 0.0214, stage0_bag_acc: 98.9350, stage0_mean_ious: 0.2137, stage0_s: 0.0012, stage0_m: 0.0260, stage0_l: 0.0839, stage0_h: 0.2307, stage1_loss_instance_mil: 0.2136, stage1_bag_acc: 99.4786, stage1_neg_loss: 0.0729, stage1_mean_ious: 0.1903, stage1_s: 0.0016, stage1_m: 0.0192, stage1_l: 0.0696, stage1_h: 0.2067, loss: 0.3079, grad_norm: 8.6034
2024-04-29 00:13:48,677 - mmdet - INFO - Exp name: P2BNet_r50_fpn_1x_coco_ms.py
2024-04-29 00:13:48,677 - mmdet - INFO - Epoch [6][100/180]	lr: 5.000e-05, eta: 1:18:25, time: 1.682, data_time: 0.024, memory: 19723, stage0_loss_instance_mil: 0.0152, stage0_bag_acc: 99.2117, stage0_mean_ious: 0.2493, stage0_s: 0.0000, stage0_m: 0.0308, stage0_l: 0.0775, stage0_h: 0.2712, stage1_loss_instance_mil: 0.2345, stage1_bag_acc: 99.2729, stage1_neg_loss: 0.0767, stage1_mean_ious: 0.2185, stage1_s: 0.0000, stage1_m: 0.0197, stage1_l: 0.0613, stage1_h: 0.2402, loss: 0.3265, grad_norm: 10.7180
2024-04-29 00:15:12,064 - mmdet - INFO - Epoch [6][150/180]	lr: 5.000e-05, eta: 1:17:53, time: 1.668, data_time: 0.024, memory: 19723, stage0_loss_instance_mil: 0.0148, stage0_bag_acc: 98.7943, stage0_mean_ious: 0.2115, stage0_s: 0.0000, stage0_m: 0.0330, stage0_l: 0.0873, stage0_h: 0.2241, stage1_loss_instance_mil: 0.1953, stage1_bag_acc: 99.4648, stage1_neg_loss: 0.0633, stage1_mean_ious: 0.1866, stage1_s: 0.0000, stage1_m: 0.0214, stage1_l: 0.0699, stage1_h: 0.2001, loss: 0.2733, grad_norm: 7.6763
2024-04-29 00:16:00,691 - mmdet - INFO - Saving checkpoint at 6 epochs
2024-04-29 00:17:36,837 - mmdet - INFO - Evaluating bbox...
2024-04-29 00:17:37,648 - mmdet - INFO -  Average Precision  (AP) @[ IoU=0.50:0.95 | area=   all | maxDets=100 ] = 0.0265
2024-04-29 00:17:37,649 - mmdet - INFO -  Average Precision  (AP) @[ IoU=0.50      | area=   all | maxDets=1000 ] = 0.1106
2024-04-29 00:17:37,649 - mmdet - INFO -  Average Precision  (AP) @[ IoU=0.60      | area=   all | maxDets=1000 ] = 0.0440
2024-04-29 00:17:37,649 - mmdet - INFO -  Average Precision  (AP) @[ IoU=0.70      | area=   all | maxDets=1000 ] = 0.0116
2024-04-29 00:17:37,649 - mmdet - INFO -  Average Precision  (AP) @[ IoU=0.75      | area=   all | maxDets=1000 ] = 0.0052
2024-04-29 00:17:37,649 - mmdet - INFO -  Average Precision  (AP) @[ IoU=0.80      | area=   all | maxDets=1000 ] = 0.0010
2024-04-29 00:17:37,649 - mmdet - INFO -  Average Precision  (AP) @[ IoU=0.90      | area=   all | maxDets=1000 ] = 0.0003
2024-04-29 00:17:37,649 - mmdet - INFO -  Average Precision  (AP) @[ IoU=0.50:0.95 | area= small | maxDets=1000 ] = 0.0009
2024-04-29 00:17:37,649 - mmdet - INFO -  Average Precision  (AP) @[ IoU=0.50:0.95 | area=medium | maxDets=1000 ] = 0.0263
2024-04-29 00:17:37,649 - mmdet - INFO -  Average Precision  (AP) @[ IoU=0.50:0.95 | area= large | maxDets=1000 ] = 0.0431
2024-04-29 00:17:37,650 - mmdet - INFO -  Average Recall     (AR) @[ IoU=0.50:0.95 | area=   all | maxDets=100 ] = 0.0624
2024-04-29 00:17:37,650 - mmdet - INFO -  Average Recall     (AR) @[ IoU=0.50:0.95 | area=   all | maxDets=300 ] = 0.0624
2024-04-29 00:17:37,650 - mmdet - INFO -  Average Recall     (AR) @[ IoU=0.50:0.95 | area=   all | maxDets=1000 ] = 0.0624
2024-04-29 00:17:37,650 - mmdet - INFO -  Average Recall     (AR) @[ IoU=0.50:0.95 | area= small | maxDets=1000 ] = 0.0314
2024-04-29 00:17:37,650 - mmdet - INFO -  Average Recall     (AR) @[ IoU=0.50:0.95 | area=medium | maxDets=1000 ] = 0.0711
2024-04-29 00:17:37,650 - mmdet - INFO -  Average Recall     (AR) @[ IoU=0.50:0.95 | area= large | maxDets=1000 ] = 0.0548
2024-04-29 00:17:37,662 - mmdet - INFO - Exp name: P2BNet_r50_fpn_1x_coco_ms.py
2024-04-29 00:17:37,662 - mmdet - INFO - Epoch(val) [6][180]	eval_iter_num: 90, bbox_mAP: 0.0260, bbox_mAP_50: 0.1110, bbox_mAP_75: 0.0440, bbox_mAP_s: 0.0120, bbox_mAP_m: 0.0050, bbox_mAP_l: 0.0010, bbox_mAP_copypaste: 0.026 0.111 0.044 0.012 0.005 0.001
2024-04-29 00:19:02,312 - mmdet - INFO - Epoch [7][50/180]	lr: 5.000e-05, eta: 1:14:35, time: 1.693, data_time: 0.074, memory: 19723, stage0_loss_instance_mil: 0.0225, stage0_bag_acc: 98.6670, stage0_mean_ious: 0.2050, stage0_s: 0.0000, stage0_m: 0.0192, stage0_l: 0.0863, stage0_h: 0.2175, stage1_loss_instance_mil: 0.1999, stage1_bag_acc: 99.1381, stage1_neg_loss: 0.0639, stage1_mean_ious: 0.1755, stage1_s: 0.0000, stage1_m: 0.0127, stage1_l: 0.0667, stage1_h: 0.1881, loss: 0.2863, grad_norm: 7.7760
2024-04-29 00:20:24,025 - mmdet - INFO - Epoch [7][100/180]	lr: 5.000e-05, eta: 1:13:55, time: 1.634, data_time: 0.025, memory: 19738, stage0_loss_instance_mil: 0.0238, stage0_bag_acc: 98.5315, stage0_mean_ious: 0.2180, stage0_s: 0.0000, stage0_m: 0.0298, stage0_l: 0.0917, stage0_h: 0.2344, stage1_loss_instance_mil: 0.1903, stage1_bag_acc: 99.0755, stage1_neg_loss: 0.0731, stage1_mean_ious: 0.1888, stage1_s: 0.0000, stage1_m: 0.0191, stage1_l: 0.0714, stage1_h: 0.2054, loss: 0.2872, grad_norm: 9.0512
2024-04-29 00:21:43,709 - mmdet - INFO - Epoch [7][150/180]	lr: 5.000e-05, eta: 1:13:07, time: 1.594, data_time: 0.024, memory: 19738, stage0_loss_instance_mil: 0.0219, stage0_bag_acc: 98.5010, stage0_mean_ious: 0.1879, stage0_s: 0.0000, stage0_m: 0.0315, stage0_l: 0.0850, stage0_h: 0.2011, stage1_loss_instance_mil: 0.2116, stage1_bag_acc: 98.6777, stage1_neg_loss: 0.0724, stage1_mean_ious: 0.1667, stage1_s: 0.0000, stage1_m: 0.0203, stage1_l: 0.0673, stage1_h: 0.1805, loss: 0.3059, grad_norm: 9.6716
2024-04-29 00:22:33,264 - mmdet - INFO - Saving checkpoint at 7 epochs
2024-04-29 00:24:00,341 - mmdet - INFO - Epoch [8][50/180]	lr: 5.000e-05, eta: 1:10:08, time: 1.697, data_time: 0.080, memory: 19738, stage0_loss_instance_mil: 0.0163, stage0_bag_acc: 99.1430, stage0_mean_ious: 0.1668, stage0_s: 0.0000, stage0_m: 0.0395, stage0_l: 0.0935, stage0_h: 0.1745, stage1_loss_instance_mil: 0.1807, stage1_bag_acc: 99.2763, stage1_neg_loss: 0.0680, stage1_mean_ious: 0.1417, stage1_s: 0.0000, stage1_m: 0.0301, stage1_l: 0.0693, stage1_h: 0.1507, loss: 0.2650, grad_norm: 6.5069
2024-04-29 00:25:23,509 - mmdet - INFO - Epoch [8][100/180]	lr: 5.000e-05, eta: 1:09:27, time: 1.663, data_time: 0.027, memory: 19738, stage0_loss_instance_mil: 0.0131, stage0_bag_acc: 99.0391, stage0_mean_ious: 0.1761, stage0_s: 0.0000, stage0_m: 0.0266, stage0_l: 0.0897, stage0_h: 0.1882, stage1_loss_instance_mil: 0.1895, stage1_bag_acc: 99.2637, stage1_neg_loss: 0.0659, stage1_mean_ious: 0.1553, stage1_s: 0.0000, stage1_m: 0.0217, stage1_l: 0.0723, stage1_h: 0.1675, loss: 0.2685, grad_norm: 6.5246
2024-04-29 00:26:45,792 - mmdet - INFO - Epoch [8][150/180]	lr: 5.000e-05, eta: 1:08:41, time: 1.646, data_time: 0.025, memory: 19738, stage0_loss_instance_mil: 0.0156, stage0_bag_acc: 99.3312, stage0_mean_ious: 0.1914, stage0_s: 0.0000, stage0_m: 0.0339, stage0_l: 0.0893, stage0_h: 0.2000, stage1_loss_instance_mil: 0.1744, stage1_bag_acc: 99.7120, stage1_neg_loss: 0.0716, stage1_mean_ious: 0.1695, stage1_s: 0.0000, stage1_m: 0.0222, stage1_l: 0.0680, stage1_h: 0.1807, loss: 0.2616, grad_norm: 7.5999
2024-04-29 00:27:35,030 - mmdet - INFO - Saving checkpoint at 8 epochs
2024-04-29 00:29:10,287 - mmdet - INFO - Evaluating bbox...
2024-04-29 00:29:11,080 - mmdet - INFO -  Average Precision  (AP) @[ IoU=0.50:0.95 | area=   all | maxDets=100 ] = 0.0168
2024-04-29 00:29:11,081 - mmdet - INFO -  Average Precision  (AP) @[ IoU=0.50      | area=   all | maxDets=1000 ] = 0.0729
2024-04-29 00:29:11,081 - mmdet - INFO -  Average Precision  (AP) @[ IoU=0.60      | area=   all | maxDets=1000 ] = 0.0261
2024-04-29 00:29:11,081 - mmdet - INFO -  Average Precision  (AP) @[ IoU=0.70      | area=   all | maxDets=1000 ] = 0.0057
2024-04-29 00:29:11,081 - mmdet - INFO -  Average Precision  (AP) @[ IoU=0.75      | area=   all | maxDets=1000 ] = 0.0018
2024-04-29 00:29:11,081 - mmdet - INFO -  Average Precision  (AP) @[ IoU=0.80      | area=   all | maxDets=1000 ] = 0.0008
2024-04-29 00:29:11,081 - mmdet - INFO -  Average Precision  (AP) @[ IoU=0.90      | area=   all | maxDets=1000 ] = 0.0000
2024-04-29 00:29:11,081 - mmdet - INFO -  Average Precision  (AP) @[ IoU=0.50:0.95 | area= small | maxDets=1000 ] = 0.0000
2024-04-29 00:29:11,081 - mmdet - INFO -  Average Precision  (AP) @[ IoU=0.50:0.95 | area=medium | maxDets=1000 ] = 0.0170
2024-04-29 00:29:11,081 - mmdet - INFO -  Average Precision  (AP) @[ IoU=0.50:0.95 | area= large | maxDets=1000 ] = 0.0359
2024-04-29 00:29:11,081 - mmdet - INFO -  Average Recall     (AR) @[ IoU=0.50:0.95 | area=   all | maxDets=100 ] = 0.0489
2024-04-29 00:29:11,082 - mmdet - INFO -  Average Recall     (AR) @[ IoU=0.50:0.95 | area=   all | maxDets=300 ] = 0.0489
2024-04-29 00:29:11,082 - mmdet - INFO -  Average Recall     (AR) @[ IoU=0.50:0.95 | area=   all | maxDets=1000 ] = 0.0489
2024-04-29 00:29:11,082 - mmdet - INFO -  Average Recall     (AR) @[ IoU=0.50:0.95 | area= small | maxDets=1000 ] = 0.0011
2024-04-29 00:29:11,082 - mmdet - INFO -  Average Recall     (AR) @[ IoU=0.50:0.95 | area=medium | maxDets=1000 ] = 0.0558
2024-04-29 00:29:11,082 - mmdet - INFO -  Average Recall     (AR) @[ IoU=0.50:0.95 | area= large | maxDets=1000 ] = 0.0480
2024-04-29 00:29:11,097 - mmdet - INFO - Exp name: P2BNet_r50_fpn_1x_coco_ms.py
2024-04-29 00:29:11,097 - mmdet - INFO - Epoch(val) [8][180]	eval_iter_num: 90, bbox_mAP: 0.0170, bbox_mAP_50: 0.0730, bbox_mAP_75: 0.0260, bbox_mAP_s: 0.0060, bbox_mAP_m: 0.0020, bbox_mAP_l: 0.0010, bbox_mAP_copypaste: 0.017 0.073 0.026 0.006 0.002 0.001
2024-04-29 00:30:35,290 - mmdet - INFO - Epoch [9][50/180]	lr: 5.000e-06, eta: 1:05:52, time: 1.684, data_time: 0.075, memory: 19738, stage0_loss_instance_mil: 0.0208, stage0_bag_acc: 98.6697, stage0_mean_ious: 0.1726, stage0_s: 0.0000, stage0_m: 0.0286, stage0_l: 0.0820, stage0_h: 0.1799, stage1_loss_instance_mil: 0.1701, stage1_bag_acc: 99.2148, stage1_neg_loss: 0.0681, stage1_mean_ious: 0.1563, stage1_s: 0.0000, stage1_m: 0.0214, stage1_l: 0.0680, stage1_h: 0.1650, loss: 0.2590, grad_norm: 6.0522
2024-04-29 00:31:56,023 - mmdet - INFO - Epoch [9][100/180]	lr: 5.000e-06, eta: 1:05:02, time: 1.615, data_time: 0.024, memory: 19738, stage0_loss_instance_mil: 0.0198, stage0_bag_acc: 98.9737, stage0_mean_ious: 0.1576, stage0_s: 0.0000, stage0_m: 0.0310, stage0_l: 0.0851, stage0_h: 0.1637, stage1_loss_instance_mil: 0.1633, stage1_bag_acc: 99.2098, stage1_neg_loss: 0.0644, stage1_mean_ious: 0.1397, stage1_s: 0.0000, stage1_m: 0.0226, stage1_l: 0.0713, stage1_h: 0.1465, loss: 0.2475, grad_norm: 4.7556
2024-04-29 00:33:15,822 - mmdet - INFO - Epoch [9][150/180]	lr: 5.000e-06, eta: 1:04:08, time: 1.596, data_time: 0.023, memory: 19738, stage0_loss_instance_mil: 0.0153, stage0_bag_acc: 99.2231, stage0_mean_ious: 0.1628, stage0_s: 0.0000, stage0_m: 0.0333, stage0_l: 0.0731, stage0_h: 0.1697, stage1_loss_instance_mil: 0.1638, stage1_bag_acc: 99.3785, stage1_neg_loss: 0.0633, stage1_mean_ious: 0.1472, stage1_s: 0.0000, stage1_m: 0.0243, stage1_l: 0.0610, stage1_h: 0.1549, loss: 0.2424, grad_norm: 5.0662
2024-04-29 00:34:05,186 - mmdet - INFO - Saving checkpoint at 9 epochs
2024-04-29 00:35:30,399 - mmdet - INFO - Epoch [10][50/180]	lr: 5.000e-06, eta: 1:01:29, time: 1.663, data_time: 0.073, memory: 19738, stage0_loss_instance_mil: 0.0122, stage0_bag_acc: 99.5712, stage0_mean_ious: 0.1420, stage0_s: 0.0000, stage0_m: 0.0263, stage0_l: 0.0900, stage0_h: 0.1500, stage1_loss_instance_mil: 0.1592, stage1_bag_acc: 99.5712, stage1_neg_loss: 0.0658, stage1_mean_ious: 0.1289, stage1_s: 0.0000, stage1_m: 0.0167, stage1_l: 0.0736, stage1_h: 0.1377, loss: 0.2372, grad_norm: 5.4870
2024-04-29 00:36:51,436 - mmdet - INFO - Epoch [10][100/180]	lr: 5.000e-06, eta: 1:00:36, time: 1.621, data_time: 0.023, memory: 19738, stage0_loss_instance_mil: 0.0053, stage0_bag_acc: 99.7205, stage0_mean_ious: 0.1483, stage0_s: 0.0000, stage0_m: 0.0197, stage0_l: 0.0842, stage0_h: 0.1563, stage1_loss_instance_mil: 0.1627, stage1_bag_acc: 99.9130, stage1_neg_loss: 0.0637, stage1_mean_ious: 0.1340, stage1_s: 0.0000, stage1_m: 0.0130, stage1_l: 0.0664, stage1_h: 0.1431, loss: 0.2317, grad_norm: 5.0496
2024-04-29 00:38:13,631 - mmdet - INFO - Epoch [10][150/180]	lr: 5.000e-06, eta: 0:59:44, time: 1.644, data_time: 0.024, memory: 19738, stage0_loss_instance_mil: 0.0154, stage0_bag_acc: 98.9299, stage0_mean_ious: 0.1585, stage0_s: 0.0000, stage0_m: 0.0339, stage0_l: 0.0974, stage0_h: 0.1654, stage1_loss_instance_mil: 0.1655, stage1_bag_acc: 99.3826, stage1_neg_loss: 0.0635, stage1_mean_ious: 0.1387, stage1_s: 0.0000, stage1_m: 0.0263, stage1_l: 0.0794, stage1_h: 0.1471, loss: 0.2444, grad_norm: 5.3616
2024-04-29 00:39:02,074 - mmdet - INFO - Saving checkpoint at 10 epochs
2024-04-29 00:40:38,240 - mmdet - INFO - Evaluating bbox...
2024-04-29 00:40:39,026 - mmdet - INFO -  Average Precision  (AP) @[ IoU=0.50:0.95 | area=   all | maxDets=100 ] = 0.0074
2024-04-29 00:40:39,027 - mmdet - INFO -  Average Precision  (AP) @[ IoU=0.50      | area=   all | maxDets=1000 ] = 0.0352
2024-04-29 00:40:39,027 - mmdet - INFO -  Average Precision  (AP) @[ IoU=0.60      | area=   all | maxDets=1000 ] = 0.0107
2024-04-29 00:40:39,027 - mmdet - INFO -  Average Precision  (AP) @[ IoU=0.70      | area=   all | maxDets=1000 ] = 0.0023
2024-04-29 00:40:39,027 - mmdet - INFO -  Average Precision  (AP) @[ IoU=0.75      | area=   all | maxDets=1000 ] = 0.0014
2024-04-29 00:40:39,027 - mmdet - INFO -  Average Precision  (AP) @[ IoU=0.80      | area=   all | maxDets=1000 ] = 0.0009
2024-04-29 00:40:39,027 - mmdet - INFO -  Average Precision  (AP) @[ IoU=0.90      | area=   all | maxDets=1000 ] = 0.0000
2024-04-29 00:40:39,027 - mmdet - INFO -  Average Precision  (AP) @[ IoU=0.50:0.95 | area= small | maxDets=1000 ] = 0.0000
2024-04-29 00:40:39,027 - mmdet - INFO -  Average Precision  (AP) @[ IoU=0.50:0.95 | area=medium | maxDets=1000 ] = 0.0080
2024-04-29 00:40:39,027 - mmdet - INFO -  Average Precision  (AP) @[ IoU=0.50:0.95 | area= large | maxDets=1000 ] = 0.0204
2024-04-29 00:40:39,027 - mmdet - INFO -  Average Recall     (AR) @[ IoU=0.50:0.95 | area=   all | maxDets=100 ] = 0.0276
2024-04-29 00:40:39,028 - mmdet - INFO -  Average Recall     (AR) @[ IoU=0.50:0.95 | area=   all | maxDets=300 ] = 0.0276
2024-04-29 00:40:39,028 - mmdet - INFO -  Average Recall     (AR) @[ IoU=0.50:0.95 | area=   all | maxDets=1000 ] = 0.0276
2024-04-29 00:40:39,028 - mmdet - INFO -  Average Recall     (AR) @[ IoU=0.50:0.95 | area= small | maxDets=1000 ] = 0.0000
2024-04-29 00:40:39,028 - mmdet - INFO -  Average Recall     (AR) @[ IoU=0.50:0.95 | area=medium | maxDets=1000 ] = 0.0307
2024-04-29 00:40:39,028 - mmdet - INFO -  Average Recall     (AR) @[ IoU=0.50:0.95 | area= large | maxDets=1000 ] = 0.0264
2024-04-29 00:40:39,040 - mmdet - INFO - Exp name: P2BNet_r50_fpn_1x_coco_ms.py
2024-04-29 00:40:39,040 - mmdet - INFO - Epoch(val) [10][180]	eval_iter_num: 90, bbox_mAP: 0.0070, bbox_mAP_50: 0.0350, bbox_mAP_75: 0.0110, bbox_mAP_s: 0.0020, bbox_mAP_m: 0.0010, bbox_mAP_l: 0.0010, bbox_mAP_copypaste: 0.007 0.035 0.011 0.002 0.001 0.001
2024-04-29 00:42:03,002 - mmdet - INFO - Epoch [11][50/180]	lr: 5.000e-06, eta: 0:57:13, time: 1.679, data_time: 0.081, memory: 19738, stage0_loss_instance_mil: 0.0061, stage0_bag_acc: 99.6043, stage0_mean_ious: 0.1390, stage0_s: 0.0000, stage0_m: 0.0371, stage0_l: 0.0880, stage0_h: 0.1437, stage1_loss_instance_mil: 0.1589, stage1_bag_acc: 99.7043, stage1_neg_loss: 0.0607, stage1_mean_ious: 0.1228, stage1_s: 0.0000, stage1_m: 0.0236, stage1_l: 0.0645, stage1_h: 0.1296, loss: 0.2258, grad_norm: 4.6187
2024-04-29 00:43:23,546 - mmdet - INFO - Epoch [11][100/180]	lr: 5.000e-06, eta: 0:56:18, time: 1.611, data_time: 0.028, memory: 19738, stage0_loss_instance_mil: 0.0114, stage0_bag_acc: 99.4575, stage0_mean_ious: 0.1435, stage0_s: 0.0000, stage0_m: 0.0293, stage0_l: 0.0860, stage0_h: 0.1472, stage1_loss_instance_mil: 0.1548, stage1_bag_acc: 99.9130, stage1_neg_loss: 0.0603, stage1_mean_ious: 0.1255, stage1_s: 0.0000, stage1_m: 0.0197, stage1_l: 0.0639, stage1_h: 0.1311, loss: 0.2265, grad_norm: 4.9228
