2024-10-10 01:27:51,072 - mmdet - INFO - Environment info:
------------------------------------------------------------
sys.platform: linux
Python: 3.7.16 (default, Jan 17 2023, 22:20:44) [GCC 11.2.0]
CUDA available: True
GPU 0,1,2,3,4,5,6,7: NVIDIA GeForce RTX 3090
CUDA_HOME: /usr/local/cuda-12.0
NVCC: Build cuda_12.0.r12.0/compiler.31968024_0
GCC: gcc (Ubuntu 11.4.0-2ubuntu1~18.04) 11.4.0
PyTorch: 1.7.0
PyTorch compiling details: PyTorch built with:
  - GCC 7.3
  - C++ Version: 201402
  - Intel(R) oneAPI Math Kernel Library Version 2021.4-Product Build 20210904 for Intel(R) 64 architecture applications
  - Intel(R) MKL-DNN v1.6.0 (Git Hash 5ef631a030a6f73131c77892041042805a06064f)
  - OpenMP 201511 (a.k.a. OpenMP 4.5)
  - NNPACK is enabled
  - CPU capability usage: AVX2
  - CUDA Runtime 11.0
  - NVCC architecture flags: -gencode;arch=compute_37,code=sm_37;-gencode;arch=compute_50,code=sm_50;-gencode;arch=compute_60,code=sm_60;-gencode;arch=compute_61,code=sm_61;-gencode;arch=compute_70,code=sm_70;-gencode;arch=compute_75,code=sm_75;-gencode;arch=compute_80,code=sm_80;-gencode;arch=compute_37,code=compute_37
  - CuDNN 8.0.3
  - Magma 2.5.2
  - Build settings: BLAS=MKL, BUILD_TYPE=Release, CXX_FLAGS= -Wno-deprecated -fvisibility-inlines-hidden -DUSE_PTHREADPOOL -fopenmp -DNDEBUG -DUSE_FBGEMM -DUSE_QNNPACK -DUSE_PYTORCH_QNNPACK -DUSE_XNNPACK -DUSE_VULKAN_WRAPPER -O2 -fPIC -Wno-narrowing -Wall -Wextra -Werror=return-type -Wno-missing-field-initializers -Wno-type-limits -Wno-array-bounds -Wno-unknown-pragmas -Wno-sign-compare -Wno-unused-parameter -Wno-unused-variable -Wno-unused-function -Wno-unused-result -Wno-unused-local-typedefs -Wno-strict-overflow -Wno-strict-aliasing -Wno-error=deprecated-declarations -Wno-stringop-overflow -Wno-psabi -Wno-error=pedantic -Wno-error=redundant-decls -Wno-error=old-style-cast -fdiagnostics-color=always -faligned-new -Wno-unused-but-set-variable -Wno-maybe-uninitialized -fno-math-errno -fno-trapping-math -Werror=format -Wno-stringop-overflow, PERF_WITH_AVX=1, PERF_WITH_AVX2=1, PERF_WITH_AVX512=1, USE_CUDA=ON, USE_EXCEPTION_PTR=1, USE_GFLAGS=OFF, USE_GLOG=OFF, USE_MKL=ON, USE_MKLDNN=ON, USE_MPI=OFF, USE_NCCL=ON, USE_NNPACK=ON, USE_OPENMP=ON, 

TorchVision: 0.8.0
OpenCV: 4.8.1
MMCV: 1.3.3
MMCV Compiler: GCC 7.3
MMCV CUDA Compiler: 11.0
MMDetection: 2.13.0+000451c
------------------------------------------------------------

2024-10-10 01:27:51,943 - mmdet - INFO - Distributed training: False
2024-10-10 01:27:52,770 - mmdet - INFO - Config:
checkpoint_config = dict(interval=1)
log_config = dict(interval=50, hooks=[dict(type='TextLoggerHook')])
custom_hooks = [dict(type='NumClassCheckHook')]
dist_params = dict(backend='nccl')
log_level = 'INFO'
load_from = '../TOV_mmdetection_cache/work_dir/coco/pre_trained/P2B.pth'
resume_from = None
workflow = [('train', 1)]
norm_cfg = dict(type='GN', num_groups=32, requires_grad=True)
debug = False
num_stages = 2
model = dict(
    type='P2BNet',
    pretrained='torchvision://resnet50',
    backbone=dict(
        type='ResNet',
        depth=50,
        num_stages=4,
        out_indices=(0, 1, 2, 3),
        frozen_stages=1,
        norm_cfg=dict(type='BN', requires_grad=True),
        norm_eval=True,
        style='pytorch'),
    neck=dict(
        type='FPN',
        in_channels=[256, 512, 1024, 2048],
        out_channels=256,
        start_level=0,
        add_extra_convs='on_input',
        num_outs=4,
        norm_cfg=dict(type='GN', num_groups=32, requires_grad=True)),
    roi_head=dict(
        type='P2BHead',
        num_stages=2,
        top_k=7,
        with_atten=False,
        bbox_roi_extractor=dict(
            type='SingleRoIExtractor',
            roi_layer=dict(type='RoIAlign', output_size=7),
            out_channels=256,
            featmap_strides=[4, 8, 16, 32]),
        bbox_head=dict(
            type='Shared2FCInstanceMILHead',
            num_stages=2,
            with_loss_pseudo=False,
            in_channels=256,
            fc_out_channels=1024,
            roi_feat_size=7,
            num_classes=6,
            num_ref_fcs=0,
            bbox_coder=dict(
                type='DeltaXYWHBBoxCoder',
                target_means=[0.0, 0.0, 0.0, 0.0],
                target_stds=[0.1, 0.1, 0.2, 0.2]),
            reg_class_agnostic=True,
            loss_type='MIL',
            loss_mil1=dict(
                type='MILLoss',
                binary_ins=False,
                loss_weight=0.25,
                loss_type='binary_cross_entropy'),
            loss_mil2=dict(
                type='MILLoss',
                binary_ins=False,
                loss_weight=0.25,
                loss_type='gfocal_loss'))),
    train_cfg=dict(
        base_proposal=dict(
            base_scales=[4, 8, 16, 32, 64, 128],
            base_ratios=[
                0.3333333333333333, 0.5, 0.6666666666666666, 1.0, 1.5, 2.0, 3.0
            ],
            shake_ratio=None,
            cut_mode='symmetry',
            gen_num_neg=0),
        fine_proposal=dict(
            gen_proposal_mode='fix_gen',
            cut_mode=None,
            shake_ratio=[0.1],
            base_ratios=[1, 1.2, 1.3, 0.8, 0.7],
            iou_thr=0.3,
            gen_num_neg=5000),
        rcnn=None),
    test_cfg=dict(rpn=None, rcnn=None))
dataset_type = 'CocoFmtDataset'
data_root = 'data/coco/'
img_norm_cfg = dict(
    mean=[123.675, 116.28, 103.53], std=[58.395, 57.12, 57.375], to_rgb=True)
train_pipeline = [
    dict(type='LoadImageFromFile'),
    dict(type='LoadAnnotations', with_bbox=True),
    dict(
        type='Resize',
        img_scale=[(2000, 480), (2000, 576), (2000, 688), (2000, 864),
                   (2000, 1000), (2000, 1200)],
        multiscale_mode='value',
        keep_ratio=True),
    dict(type='RandomFlip', flip_ratio=0.5),
    dict(
        type='Normalize',
        mean=[123.675, 116.28, 103.53],
        std=[58.395, 57.12, 57.375],
        to_rgb=True),
    dict(type='Pad', size_divisor=32),
    dict(type='DefaultFormatBundle'),
    dict(
        type='Collect',
        keys=[
            'img', 'gt_bboxes', 'gt_labels', 'gt_bboxes_ignore',
            'gt_true_bboxes'
        ])
]
test_scale = 1200
test_pipeline = [
    dict(type='LoadImageFromFile'),
    dict(type='LoadAnnotations', with_bbox=True),
    dict(
        type='MultiScaleFlipAug',
        img_scale=(2000, 1200),
        flip=False,
        transforms=[
            dict(type='Resize', keep_ratio=True),
            dict(type='RandomFlip'),
            dict(
                type='Normalize',
                mean=[123.675, 116.28, 103.53],
                std=[58.395, 57.12, 57.375],
                to_rgb=True),
            dict(type='Pad', size_divisor=32),
            dict(type='DefaultFormatBundle'),
            dict(
                type='Collect',
                keys=[
                    'img', 'gt_bboxes', 'gt_labels', 'gt_bboxes_ignore',
                    'gt_anns_id', 'gt_true_bboxes'
                ])
        ])
]
data = dict(
    samples_per_gpu=4,
    workers_per_gpu=1,
    shuffle=None,
    train=dict(
        type='CocoFmtDataset',
        ann_file='data/coco/annotations_qc_pt/instances_train2017_coarse.json',
        img_prefix='data/coco/images/train/',
        pipeline=[
            dict(type='LoadImageFromFile'),
            dict(type='LoadAnnotations', with_bbox=True),
            dict(
                type='Resize',
                img_scale=[(2000, 480), (2000, 576), (2000, 688), (2000, 864),
                           (2000, 1000), (2000, 1200)],
                multiscale_mode='value',
                keep_ratio=True),
            dict(type='RandomFlip', flip_ratio=0.5),
            dict(
                type='Normalize',
                mean=[123.675, 116.28, 103.53],
                std=[58.395, 57.12, 57.375],
                to_rgb=True),
            dict(type='Pad', size_divisor=32),
            dict(type='DefaultFormatBundle'),
            dict(
                type='Collect',
                keys=[
                    'img', 'gt_bboxes', 'gt_labels', 'gt_bboxes_ignore',
                    'gt_true_bboxes'
                ])
        ]),
    val=dict(
        samples_per_gpu=2,
        type='CocoFmtDataset',
        ann_file='data/coco/annotations_qc_pt/instances_train2017_coarse.json',
        img_prefix='data/coco/images/train/',
        pipeline=[
            dict(type='LoadImageFromFile'),
            dict(type='LoadAnnotations', with_bbox=True),
            dict(
                type='MultiScaleFlipAug',
                img_scale=(2000, 1200),
                flip=False,
                transforms=[
                    dict(type='Resize', keep_ratio=True),
                    dict(type='RandomFlip'),
                    dict(
                        type='Normalize',
                        mean=[123.675, 116.28, 103.53],
                        std=[58.395, 57.12, 57.375],
                        to_rgb=True),
                    dict(type='Pad', size_divisor=32),
                    dict(type='DefaultFormatBundle'),
                    dict(
                        type='Collect',
                        keys=[
                            'img', 'gt_bboxes', 'gt_labels',
                            'gt_bboxes_ignore', 'gt_anns_id', 'gt_true_bboxes'
                        ])
                ])
        ],
        test_mode=False),
    test=dict(
        type='CocoFmtDataset',
        ann_file='data/coco/annotations/instances_val2017.json',
        img_prefix='data/coco/images/val/',
        pipeline=[
            dict(type='LoadImageFromFile'),
            dict(type='LoadAnnotations', with_bbox=True),
            dict(
                type='MultiScaleFlipAug',
                img_scale=(2000, 1200),
                flip=False,
                transforms=[
                    dict(type='Resize', keep_ratio=True),
                    dict(type='RandomFlip'),
                    dict(
                        type='Normalize',
                        mean=[123.675, 116.28, 103.53],
                        std=[58.395, 57.12, 57.375],
                        to_rgb=True),
                    dict(type='Pad', size_divisor=32),
                    dict(type='DefaultFormatBundle'),
                    dict(
                        type='Collect',
                        keys=[
                            'img', 'gt_bboxes', 'gt_labels',
                            'gt_bboxes_ignore', 'gt_anns_id', 'gt_true_bboxes'
                        ])
                ])
        ]))
check = dict(stop_while_nan=False)
optimizer = dict(type='SGD', lr=0.1, momentum=0.9, weight_decay=0.001)
optimizer_config = dict(grad_clip=dict(max_norm=35, norm_type=2))
lr_config = dict(
    policy='step',
    warmup='linear',
    warmup_iters=500,
    warmup_ratio=0.001,
    step=[8, 11])
runner = dict(type='EpochBasedRunner', max_epochs=18)
work_dir = '../TOV_mmdetection_cache/work_dir/coco/'
evaluation = dict(
    interval=1,
    metric='bbox',
    save_result_file=
    '../TOV_mmdetection_cache/work_dir/coco/_1200_latest_result.json',
    do_first_eval=False,
    do_final_eval=True)
gpu_ids = [0]

2024-10-10 01:27:55,801 - mmdet - INFO - load checkpoint from ../TOV_mmdetection_cache/work_dir/coco/pre_trained/P2B.pth
2024-10-10 01:27:55,802 - mmdet - INFO - Use load_from_local loader
2024-10-10 01:27:56,083 - mmdet - WARNING - The model and loaded state dict do not match exactly

size mismatch for roi_head.bbox_head.fc_cls.0.weight: copying a param with shape torch.Size([81, 1024]) from checkpoint, the shape in current model is torch.Size([7, 1024]).
size mismatch for roi_head.bbox_head.fc_cls.0.bias: copying a param with shape torch.Size([81]) from checkpoint, the shape in current model is torch.Size([7]).
size mismatch for roi_head.bbox_head.fc_cls.1.weight: copying a param with shape torch.Size([80, 1024]) from checkpoint, the shape in current model is torch.Size([6, 1024]).
size mismatch for roi_head.bbox_head.fc_cls.1.bias: copying a param with shape torch.Size([80]) from checkpoint, the shape in current model is torch.Size([6]).
size mismatch for roi_head.bbox_head.fc_ins.0.weight: copying a param with shape torch.Size([81, 1024]) from checkpoint, the shape in current model is torch.Size([7, 1024]).
size mismatch for roi_head.bbox_head.fc_ins.0.bias: copying a param with shape torch.Size([81]) from checkpoint, the shape in current model is torch.Size([7]).
size mismatch for roi_head.bbox_head.fc_ins.1.weight: copying a param with shape torch.Size([80, 1024]) from checkpoint, the shape in current model is torch.Size([6, 1024]).
size mismatch for roi_head.bbox_head.fc_ins.1.bias: copying a param with shape torch.Size([80]) from checkpoint, the shape in current model is torch.Size([6]).
2024-10-10 01:27:56,089 - mmdet - INFO - Start running, host: lxz@user-SYS-4029GP-TRT2, work_dir: /home/lxz/P2BNet/TOV_mmdetection_cache/work_dir/coco
2024-10-10 01:27:56,089 - mmdet - INFO - workflow: [('train', 1)], max: 18 epochs
2024-10-10 01:28:45,473 - mmdet - INFO - Epoch [1][50/300]	lr: 9.890e-03, eta: 1:28:03, time: 0.988, data_time: 0.060, memory: 10015, stage0_loss_instance_mil: 0.5461, stage0_bag_acc: 42.5958, stage0_mean_ious: 0.1440, stage0_s: 0.0000, stage0_m: 0.0335, stage0_l: 0.1195, stage0_h: 0.1421, stage1_loss_instance_mil: 0.2709, stage1_bag_acc: 47.7318, stage1_neg_loss: 0.0579, stage1_mean_ious: 0.1396, stage1_s: 0.0000, stage1_m: 0.0363, stage1_l: 0.1163, stage1_h: 0.1374, loss: 0.8748, grad_norm: 7.9924
2024-10-10 01:29:31,089 - mmdet - INFO - Epoch [1][100/300]	lr: 1.988e-02, eta: 1:23:54, time: 0.912, data_time: 0.012, memory: 10026, stage0_loss_instance_mil: 0.5601, stage0_bag_acc: 46.4364, stage0_mean_ious: 0.0902, stage0_s: 0.0000, stage0_m: 0.0211, stage0_l: 0.0863, stage0_h: 0.0861, stage1_loss_instance_mil: 0.2866, stage1_bag_acc: 42.4391, stage1_neg_loss: 0.0260, stage1_mean_ious: 0.0851, stage1_s: 0.0000, stage1_m: 0.0214, stage1_l: 0.0815, stage1_h: 0.0802, loss: 0.8727, grad_norm: 3.5659
2024-10-10 01:30:17,077 - mmdet - INFO - Epoch [1][150/300]	lr: 2.987e-02, eta: 1:22:14, time: 0.920, data_time: 0.013, memory: 10026, stage0_loss_instance_mil: 0.6409, stage0_bag_acc: 30.3786, stage0_mean_ious: 0.1051, stage0_s: 0.0000, stage0_m: 0.0166, stage0_l: 0.0988, stage0_h: 0.1047, stage1_loss_instance_mil: 0.2313, stage1_bag_acc: 33.5388, stage1_neg_loss: 0.0433, stage1_mean_ious: 0.1048, stage1_s: 0.0000, stage1_m: 0.0176, stage1_l: 0.1005, stage1_h: 0.1035, loss: 0.9154, grad_norm: 3.8822
2024-10-10 01:31:03,613 - mmdet - INFO - Epoch [1][200/300]	lr: 3.986e-02, eta: 1:21:15, time: 0.931, data_time: 0.013, memory: 10026, stage0_loss_instance_mil: 0.6106, stage0_bag_acc: 37.1945, stage0_mean_ious: 0.0965, stage0_s: 0.0000, stage0_m: 0.0292, stage0_l: 0.0786, stage0_h: 0.0954, stage1_loss_instance_mil: 0.2097, stage1_bag_acc: 43.0233, stage1_neg_loss: 0.1568, stage1_mean_ious: 0.0968, stage1_s: 0.0000, stage1_m: 0.0279, stage1_l: 0.0794, stage1_h: 0.0964, loss: 0.9771, grad_norm: 7.1253
2024-10-10 01:31:49,537 - mmdet - INFO - Epoch [1][250/300]	lr: 4.985e-02, eta: 1:20:08, time: 0.918, data_time: 0.013, memory: 10044, stage0_loss_instance_mil: 0.6469, stage0_bag_acc: 22.7512, stage0_mean_ious: 0.1023, stage0_s: 0.0000, stage0_m: 0.0263, stage0_l: 0.0839, stage0_h: 0.0974, stage1_loss_instance_mil: 0.1898, stage1_bag_acc: 22.5216, stage1_neg_loss: 0.0096, stage1_mean_ious: 0.1002, stage1_s: 0.0000, stage1_m: 0.0240, stage1_l: 0.0836, stage1_h: 0.0958, loss: 0.8463, grad_norm: 0.7986
2024-10-10 01:32:36,494 - mmdet - INFO - Exp name: P2BNet_r50_fpn_1x_coco_ms.py
2024-10-10 01:32:36,494 - mmdet - INFO - Epoch [1][300/300]	lr: 5.984e-02, eta: 1:19:26, time: 0.939, data_time: 0.013, memory: 10044, stage0_loss_instance_mil: 0.6106, stage0_bag_acc: 23.8479, stage0_mean_ious: 0.1247, stage0_s: 0.0000, stage0_m: 0.0203, stage0_l: 0.1056, stage0_h: 0.1221, stage1_loss_instance_mil: 0.2143, stage1_bag_acc: 25.3017, stage1_neg_loss: 0.0158, stage1_mean_ious: 0.1197, stage1_s: 0.0000, stage1_m: 0.0176, stage1_l: 0.1016, stage1_h: 0.1174, loss: 0.8407, grad_norm: 1.1488
2024-10-10 01:32:36,575 - mmdet - INFO - Saving checkpoint at 1 epochs
2024-10-10 01:34:00,390 - mmdet - INFO - Evaluating bbox...
2024-10-10 01:34:01,052 - mmdet - INFO -  Average Precision  (AP) @[ IoU=0.50:0.95 | area=   all | maxDets=100 ] = 0.0002
2024-10-10 01:34:01,052 - mmdet - INFO -  Average Precision  (AP) @[ IoU=0.50      | area=   all | maxDets=1000 ] = 0.0010
2024-10-10 01:34:01,053 - mmdet - INFO -  Average Precision  (AP) @[ IoU=0.60      | area=   all | maxDets=1000 ] = 0.0001
2024-10-10 01:34:01,053 - mmdet - INFO -  Average Precision  (AP) @[ IoU=0.70      | area=   all | maxDets=1000 ] = 0.0000
2024-10-10 01:34:01,053 - mmdet - INFO -  Average Precision  (AP) @[ IoU=0.75      | area=   all | maxDets=1000 ] = 0.0000
2024-10-10 01:34:01,053 - mmdet - INFO -  Average Precision  (AP) @[ IoU=0.80      | area=   all | maxDets=1000 ] = 0.0000
2024-10-10 01:34:01,053 - mmdet - INFO -  Average Precision  (AP) @[ IoU=0.90      | area=   all | maxDets=1000 ] = 0.0000
2024-10-10 01:34:01,053 - mmdet - INFO -  Average Precision  (AP) @[ IoU=0.50:0.95 | area= small | maxDets=1000 ] = 0.0206
2024-10-10 01:34:01,053 - mmdet - INFO -  Average Precision  (AP) @[ IoU=0.50:0.95 | area=medium | maxDets=1000 ] = 0.0006
2024-10-10 01:34:01,053 - mmdet - INFO -  Average Precision  (AP) @[ IoU=0.50:0.95 | area= large | maxDets=1000 ] = 0.0002
2024-10-10 01:34:01,053 - mmdet - INFO -  Average Recall     (AR) @[ IoU=0.50:0.95 | area=   all | maxDets=100 ] = 0.0024
2024-10-10 01:34:01,053 - mmdet - INFO -  Average Recall     (AR) @[ IoU=0.50      | area=   all | maxDets=100 ] = 0.0111
2024-10-10 01:34:01,054 - mmdet - INFO -  Average Recall     (AR) @[ IoU=0.50:0.95 | area=   all | maxDets=300 ] = 0.0024
2024-10-10 01:34:01,054 - mmdet - INFO -  Average Recall     (AR) @[ IoU=0.50:0.95 | area=   all | maxDets=1000 ] = 0.0024
2024-10-10 01:34:01,054 - mmdet - INFO -  Average Recall     (AR) @[ IoU=0.50:0.95 | area= small | maxDets=1000 ] = 0.0203
2024-10-10 01:34:01,054 - mmdet - INFO -  Average Recall     (AR) @[ IoU=0.50:0.95 | area=medium | maxDets=1000 ] = 0.0060
2024-10-10 01:34:01,054 - mmdet - INFO -  Average Recall     (AR) @[ IoU=0.50:0.95 | area= large | maxDets=1000 ] = 0.0002
2024-10-10 01:34:01,063 - mmdet - INFO - Exp name: P2BNet_r50_fpn_1x_coco_ms.py
2024-10-10 01:34:01,063 - mmdet - INFO - Epoch(val) [1][300]	eval_iter_num: 599, bbox_mAP: 0.0000, bbox_mAP_50: 0.0010, bbox_mAP_75: 0.0000, bbox_mAP_s: 0.0000, bbox_mAP_m: 0.0000, bbox_mAP_l: 0.0000, bbox_mAP_copypaste: 0.000 0.001 0.000 0.000 0.000 0.000
2024-10-10 01:34:49,617 - mmdet - INFO - Epoch [2][50/300]	lr: 6.983e-02, eta: 1:19:06, time: 0.971, data_time: 0.058, memory: 10044, stage0_loss_instance_mil: 0.6390, stage0_bag_acc: 19.8320, stage0_mean_ious: 0.1197, stage0_s: 0.0000, stage0_m: 0.0318, stage0_l: 0.0942, stage0_h: 0.1257, stage1_loss_instance_mil: 0.1558, stage1_bag_acc: 39.1611, stage1_neg_loss: 0.0121, stage1_mean_ious: 0.1153, stage1_s: 0.0000, stage1_m: 0.0314, stage1_l: 0.0953, stage1_h: 0.1191, loss: 0.8068, grad_norm: 0.4548
2024-10-10 01:35:35,774 - mmdet - INFO - Epoch [2][100/300]	lr: 7.982e-02, eta: 1:18:08, time: 0.923, data_time: 0.013, memory: 10046, stage0_loss_instance_mil: 0.6329, stage0_bag_acc: 19.8769, stage0_mean_ious: 0.0847, stage0_s: 0.0000, stage0_m: 0.0251, stage0_l: 0.0584, stage0_h: 0.0807, stage1_loss_instance_mil: 0.1510, stage1_bag_acc: 26.8734, stage1_neg_loss: 0.0158, stage1_mean_ious: 0.0813, stage1_s: 0.0000, stage1_m: 0.0242, stage1_l: 0.0571, stage1_h: 0.0775, loss: 0.7997, grad_norm: 0.4184
2024-10-10 01:36:22,332 - mmdet - INFO - Epoch [2][150/300]	lr: 8.981e-02, eta: 1:17:18, time: 0.931, data_time: 0.012, memory: 10046, stage0_loss_instance_mil: 0.6266, stage0_bag_acc: 25.3173, stage0_mean_ious: 0.0554, stage0_s: 0.0000, stage0_m: 0.0225, stage0_l: 0.0543, stage0_h: 0.0500, stage1_loss_instance_mil: 0.1538, stage1_bag_acc: 27.0815, stage1_neg_loss: 0.0161, stage1_mean_ious: 0.0524, stage1_s: 0.0000, stage1_m: 0.0227, stage1_l: 0.0498, stage1_h: 0.0475, loss: 0.7965, grad_norm: 0.3569
2024-10-10 01:37:09,237 - mmdet - INFO - Epoch [2][200/300]	lr: 9.980e-02, eta: 1:16:31, time: 0.938, data_time: 0.013, memory: 10046, stage0_loss_instance_mil: 0.6378, stage0_bag_acc: 30.9600, stage0_mean_ious: 0.0604, stage0_s: 0.0005, stage0_m: 0.0253, stage0_l: 0.0659, stage0_h: 0.0505, stage1_loss_instance_mil: 0.1566, stage1_bag_acc: 28.5037, stage1_neg_loss: 0.0176, stage1_mean_ious: 0.0582, stage1_s: 0.0010, stage1_m: 0.0227, stage1_l: 0.0641, stage1_h: 0.0485, loss: 0.8120, grad_norm: 0.5491
2024-10-10 01:37:55,014 - mmdet - INFO - Epoch [2][250/300]	lr: 1.000e-01, eta: 1:15:35, time: 0.916, data_time: 0.012, memory: 10046, stage0_loss_instance_mil: 0.6188, stage0_bag_acc: 30.9416, stage0_mean_ious: 0.0498, stage0_s: 0.0000, stage0_m: 0.0172, stage0_l: 0.0611, stage0_h: 0.0403, stage1_loss_instance_mil: 0.1540, stage1_bag_acc: 34.2588, stage1_neg_loss: 0.0248, stage1_mean_ious: 0.0470, stage1_s: 0.0000, stage1_m: 0.0185, stage1_l: 0.0593, stage1_h: 0.0374, loss: 0.7976, grad_norm: 0.4748
