2024-10-09 01:11:24,971 - mmdet - INFO - Environment info:
------------------------------------------------------------
sys.platform: linux
Python: 3.7.16 (default, Jan 17 2023, 22:20:44) [GCC 11.2.0]
CUDA available: True
GPU 0,1,2,3,4,5,6,7: NVIDIA GeForce RTX 3090
CUDA_HOME: /usr/local/cuda-12.0
NVCC: Build cuda_12.0.r12.0/compiler.31968024_0
GCC: gcc (Ubuntu 11.4.0-2ubuntu1~18.04) 11.4.0
PyTorch: 1.7.0
PyTorch compiling details: PyTorch built with:
  - GCC 7.3
  - C++ Version: 201402
  - Intel(R) oneAPI Math Kernel Library Version 2021.4-Product Build 20210904 for Intel(R) 64 architecture applications
  - Intel(R) MKL-DNN v1.6.0 (Git Hash 5ef631a030a6f73131c77892041042805a06064f)
  - OpenMP 201511 (a.k.a. OpenMP 4.5)
  - NNPACK is enabled
  - CPU capability usage: AVX2
  - CUDA Runtime 11.0
  - NVCC architecture flags: -gencode;arch=compute_37,code=sm_37;-gencode;arch=compute_50,code=sm_50;-gencode;arch=compute_60,code=sm_60;-gencode;arch=compute_61,code=sm_61;-gencode;arch=compute_70,code=sm_70;-gencode;arch=compute_75,code=sm_75;-gencode;arch=compute_80,code=sm_80;-gencode;arch=compute_37,code=compute_37
  - CuDNN 8.0.3
  - Magma 2.5.2
  - Build settings: BLAS=MKL, BUILD_TYPE=Release, CXX_FLAGS= -Wno-deprecated -fvisibility-inlines-hidden -DUSE_PTHREADPOOL -fopenmp -DNDEBUG -DUSE_FBGEMM -DUSE_QNNPACK -DUSE_PYTORCH_QNNPACK -DUSE_XNNPACK -DUSE_VULKAN_WRAPPER -O2 -fPIC -Wno-narrowing -Wall -Wextra -Werror=return-type -Wno-missing-field-initializers -Wno-type-limits -Wno-array-bounds -Wno-unknown-pragmas -Wno-sign-compare -Wno-unused-parameter -Wno-unused-variable -Wno-unused-function -Wno-unused-result -Wno-unused-local-typedefs -Wno-strict-overflow -Wno-strict-aliasing -Wno-error=deprecated-declarations -Wno-stringop-overflow -Wno-psabi -Wno-error=pedantic -Wno-error=redundant-decls -Wno-error=old-style-cast -fdiagnostics-color=always -faligned-new -Wno-unused-but-set-variable -Wno-maybe-uninitialized -fno-math-errno -fno-trapping-math -Werror=format -Wno-stringop-overflow, PERF_WITH_AVX=1, PERF_WITH_AVX2=1, PERF_WITH_AVX512=1, USE_CUDA=ON, USE_EXCEPTION_PTR=1, USE_GFLAGS=OFF, USE_GLOG=OFF, USE_MKL=ON, USE_MKLDNN=ON, USE_MPI=OFF, USE_NCCL=ON, USE_NNPACK=ON, USE_OPENMP=ON, 

TorchVision: 0.8.0
OpenCV: 4.8.1
MMCV: 1.3.3
MMCV Compiler: GCC 7.3
MMCV CUDA Compiler: 11.0
MMDetection: 2.13.0+e1fb402
------------------------------------------------------------

2024-10-09 01:11:25,697 - mmdet - INFO - Distributed training: False
2024-10-09 01:11:26,397 - mmdet - INFO - Config:
checkpoint_config = dict(interval=1)
log_config = dict(interval=50, hooks=[dict(type='TextLoggerHook')])
custom_hooks = [dict(type='NumClassCheckHook')]
dist_params = dict(backend='nccl')
log_level = 'INFO'
load_from = '../TOV_mmdetection_cache/work_dir/coco/pre_trained/P2B.pth'
resume_from = None
workflow = [('train', 1)]
norm_cfg = dict(type='GN', num_groups=32, requires_grad=True)
debug = False
num_stages = 2
model = dict(
    type='P2BNet',
    pretrained='torchvision://resnet50',
    backbone=dict(
        type='ResNet',
        depth=50,
        num_stages=4,
        out_indices=(0, 1, 2, 3),
        frozen_stages=1,
        norm_cfg=dict(type='BN', requires_grad=True),
        norm_eval=True,
        style='pytorch'),
    neck=dict(
        type='FPN',
        in_channels=[256, 512, 1024, 2048],
        out_channels=256,
        start_level=0,
        add_extra_convs='on_input',
        num_outs=4,
        norm_cfg=dict(type='GN', num_groups=32, requires_grad=True)),
    roi_head=dict(
        type='P2BHead',
        num_stages=2,
        top_k=7,
        with_atten=False,
        bbox_roi_extractor=dict(
            type='SingleRoIExtractor',
            roi_layer=dict(type='RoIAlign', output_size=7),
            out_channels=256,
            featmap_strides=[4, 8, 16, 32]),
        bbox_head=dict(
            type='Shared2FCInstanceMILHead',
            num_stages=2,
            with_loss_pseudo=False,
            in_channels=256,
            fc_out_channels=1024,
            roi_feat_size=7,
            num_classes=6,
            num_ref_fcs=0,
            bbox_coder=dict(
                type='DeltaXYWHBBoxCoder',
                target_means=[0.0, 0.0, 0.0, 0.0],
                target_stds=[0.1, 0.1, 0.2, 0.2]),
            reg_class_agnostic=True,
            loss_type='MIL',
            loss_mil1=dict(
                type='MILLoss',
                binary_ins=False,
                loss_weight=0.25,
                loss_type='binary_cross_entropy'),
            loss_mil2=dict(
                type='MILLoss',
                binary_ins=False,
                loss_weight=0.25,
                loss_type='gfocal_loss'))),
    train_cfg=dict(
        base_proposal=dict(
            base_scales=[4, 8, 16, 32, 64, 128],
            base_ratios=[
                0.3333333333333333, 0.5, 0.6666666666666666, 1.0, 1.5, 2.0, 3.0
            ],
            shake_ratio=None,
            cut_mode='symmetry',
            gen_num_neg=0),
        fine_proposal=dict(
            gen_proposal_mode='fix_gen',
            cut_mode=None,
            shake_ratio=[0.1],
            base_ratios=[1, 1.2, 1.3, 0.8, 0.7],
            iou_thr=0.3,
            gen_num_neg=5000),
        rcnn=None),
    test_cfg=dict(rpn=None, rcnn=None))
dataset_type = 'CocoFmtDataset'
data_root = 'data/coco/'
img_norm_cfg = dict(
    mean=[123.675, 116.28, 103.53], std=[58.395, 57.12, 57.375], to_rgb=True)
train_pipeline = [
    dict(type='LoadImageFromFile'),
    dict(type='LoadAnnotations', with_bbox=True),
    dict(
        type='Resize',
        img_scale=[(2000, 480), (2000, 576), (2000, 688), (2000, 864),
                   (2000, 1000), (2000, 1200)],
        multiscale_mode='value',
        keep_ratio=True),
    dict(type='RandomFlip', flip_ratio=0.5),
    dict(
        type='Normalize',
        mean=[123.675, 116.28, 103.53],
        std=[58.395, 57.12, 57.375],
        to_rgb=True),
    dict(type='Pad', size_divisor=32),
    dict(type='DefaultFormatBundle'),
    dict(
        type='Collect',
        keys=[
            'img', 'gt_bboxes', 'gt_labels', 'gt_bboxes_ignore',
            'gt_true_bboxes'
        ])
]
test_scale = 1200
test_pipeline = [
    dict(type='LoadImageFromFile'),
    dict(type='LoadAnnotations', with_bbox=True),
    dict(
        type='MultiScaleFlipAug',
        img_scale=(2000, 1200),
        flip=False,
        transforms=[
            dict(type='Resize', keep_ratio=True),
            dict(type='RandomFlip'),
            dict(
                type='Normalize',
                mean=[123.675, 116.28, 103.53],
                std=[58.395, 57.12, 57.375],
                to_rgb=True),
            dict(type='Pad', size_divisor=32),
            dict(type='DefaultFormatBundle'),
            dict(
                type='Collect',
                keys=[
                    'img', 'gt_bboxes', 'gt_labels', 'gt_bboxes_ignore',
                    'gt_anns_id', 'gt_true_bboxes'
                ])
        ])
]
data = dict(
    samples_per_gpu=4,
    workers_per_gpu=1,
    shuffle=None,
    train=dict(
        type='CocoFmtDataset',
        ann_file='data/coco/annotations_qc_pt/instances_train2017_coarse.json',
        img_prefix='data/coco/images/train/',
        pipeline=[
            dict(type='LoadImageFromFile'),
            dict(type='LoadAnnotations', with_bbox=True),
            dict(
                type='Resize',
                img_scale=[(2000, 480), (2000, 576), (2000, 688), (2000, 864),
                           (2000, 1000), (2000, 1200)],
                multiscale_mode='value',
                keep_ratio=True),
            dict(type='RandomFlip', flip_ratio=0.5),
            dict(
                type='Normalize',
                mean=[123.675, 116.28, 103.53],
                std=[58.395, 57.12, 57.375],
                to_rgb=True),
            dict(type='Pad', size_divisor=32),
            dict(type='DefaultFormatBundle'),
            dict(
                type='Collect',
                keys=[
                    'img', 'gt_bboxes', 'gt_labels', 'gt_bboxes_ignore',
                    'gt_true_bboxes'
                ])
        ]),
    val=dict(
        samples_per_gpu=2,
        type='CocoFmtDataset',
        ann_file='data/coco/annotations_qc_pt/instances_train2017_coarse.json',
        img_prefix='data/coco/images/train/',
        pipeline=[
            dict(type='LoadImageFromFile'),
            dict(type='LoadAnnotations', with_bbox=True),
            dict(
                type='MultiScaleFlipAug',
                img_scale=(2000, 1200),
                flip=False,
                transforms=[
                    dict(type='Resize', keep_ratio=True),
                    dict(type='RandomFlip'),
                    dict(
                        type='Normalize',
                        mean=[123.675, 116.28, 103.53],
                        std=[58.395, 57.12, 57.375],
                        to_rgb=True),
                    dict(type='Pad', size_divisor=32),
                    dict(type='DefaultFormatBundle'),
                    dict(
                        type='Collect',
                        keys=[
                            'img', 'gt_bboxes', 'gt_labels',
                            'gt_bboxes_ignore', 'gt_anns_id', 'gt_true_bboxes'
                        ])
                ])
        ],
        test_mode=False),
    test=dict(
        type='CocoFmtDataset',
        ann_file='data/coco/annotations/instances_val2017.json',
        img_prefix='data/coco/images/val/',
        pipeline=[
            dict(type='LoadImageFromFile'),
            dict(type='LoadAnnotations', with_bbox=True),
            dict(
                type='MultiScaleFlipAug',
                img_scale=(2000, 1200),
                flip=False,
                transforms=[
                    dict(type='Resize', keep_ratio=True),
                    dict(type='RandomFlip'),
                    dict(
                        type='Normalize',
                        mean=[123.675, 116.28, 103.53],
                        std=[58.395, 57.12, 57.375],
                        to_rgb=True),
                    dict(type='Pad', size_divisor=32),
                    dict(type='DefaultFormatBundle'),
                    dict(
                        type='Collect',
                        keys=[
                            'img', 'gt_bboxes', 'gt_labels',
                            'gt_bboxes_ignore', 'gt_anns_id', 'gt_true_bboxes'
                        ])
                ])
        ]))
check = dict(stop_while_nan=False)
optimizer = dict(type='SGD', lr=0.1, momentum=0.9, weight_decay=0.001)
optimizer_config = dict(grad_clip=dict(max_norm=35, norm_type=2))
lr_config = dict(
    policy='step',
    warmup='linear',
    warmup_iters=500,
    warmup_ratio=0.001,
    step=[8, 11])
runner = dict(type='EpochBasedRunner', max_epochs=18)
work_dir = '../TOV_mmdetection_cache/work_dir/coco/'
evaluation = dict(
    interval=1,
    metric='bbox',
    save_result_file=
    '../TOV_mmdetection_cache/work_dir/coco/_1200_latest_result.json',
    do_first_eval=False,
    do_final_eval=True)
gpu_ids = [0]

2024-10-09 01:11:29,709 - mmdet - INFO - load checkpoint from ../TOV_mmdetection_cache/work_dir/coco/pre_trained/P2B.pth
2024-10-09 01:11:29,710 - mmdet - INFO - Use load_from_local loader
2024-10-09 01:11:30,012 - mmdet - WARNING - The model and loaded state dict do not match exactly

size mismatch for roi_head.bbox_head.fc_cls.0.weight: copying a param with shape torch.Size([81, 1024]) from checkpoint, the shape in current model is torch.Size([7, 1024]).
size mismatch for roi_head.bbox_head.fc_cls.0.bias: copying a param with shape torch.Size([81]) from checkpoint, the shape in current model is torch.Size([7]).
size mismatch for roi_head.bbox_head.fc_cls.1.weight: copying a param with shape torch.Size([80, 1024]) from checkpoint, the shape in current model is torch.Size([6, 1024]).
size mismatch for roi_head.bbox_head.fc_cls.1.bias: copying a param with shape torch.Size([80]) from checkpoint, the shape in current model is torch.Size([6]).
size mismatch for roi_head.bbox_head.fc_ins.0.weight: copying a param with shape torch.Size([81, 1024]) from checkpoint, the shape in current model is torch.Size([7, 1024]).
size mismatch for roi_head.bbox_head.fc_ins.0.bias: copying a param with shape torch.Size([81]) from checkpoint, the shape in current model is torch.Size([7]).
size mismatch for roi_head.bbox_head.fc_ins.1.weight: copying a param with shape torch.Size([80, 1024]) from checkpoint, the shape in current model is torch.Size([6, 1024]).
size mismatch for roi_head.bbox_head.fc_ins.1.bias: copying a param with shape torch.Size([80]) from checkpoint, the shape in current model is torch.Size([6]).
2024-10-09 01:11:30,032 - mmdet - INFO - Start running, host: lxz@user-SYS-4029GP-TRT2, work_dir: /home/lxz/P2BNet/TOV_mmdetection_cache/work_dir/coco
2024-10-09 01:11:30,033 - mmdet - INFO - workflow: [('train', 1)], max: 18 epochs
2024-10-09 01:12:18,084 - mmdet - INFO - Epoch [1][50/360]	lr: 9.890e-03, eta: 1:42:58, time: 0.961, data_time: 0.058, memory: 9989, stage0_loss_instance_mil: 0.5676, stage0_bag_acc: 42.3414, stage0_mean_ious: 0.3747, stage0_s: 0.0000, stage0_m: 0.0286, stage0_l: 0.2054, stage0_h: 0.3784, stage1_loss_instance_mil: 0.2856, stage1_bag_acc: 37.4883, stage1_neg_loss: 0.0391, stage1_mean_ious: 0.3657, stage1_s: 0.0000, stage1_m: 0.0285, stage1_l: 0.2008, stage1_h: 0.3683, loss: 0.8923, grad_norm: 6.2129
2024-10-09 01:13:03,732 - mmdet - INFO - Epoch [1][100/360]	lr: 1.988e-02, eta: 1:39:37, time: 0.913, data_time: 0.013, memory: 10002, stage0_loss_instance_mil: 0.6438, stage0_bag_acc: 39.2526, stage0_mean_ious: 0.3031, stage0_s: 0.0000, stage0_m: 0.0564, stage0_l: 0.2146, stage0_h: 0.2946, stage1_loss_instance_mil: 0.2400, stage1_bag_acc: 25.7440, stage1_neg_loss: 0.0164, stage1_mean_ious: 0.2960, stage1_s: 0.0000, stage1_m: 0.0599, stage1_l: 0.2078, stage1_h: 0.2865, loss: 0.9002, grad_norm: 3.3122
2024-10-09 01:13:49,908 - mmdet - INFO - Epoch [1][150/360]	lr: 2.987e-02, eta: 1:38:22, time: 0.924, data_time: 0.014, memory: 10031, stage0_loss_instance_mil: 0.6814, stage0_bag_acc: 25.0679, stage0_mean_ious: 0.2849, stage0_s: 0.0000, stage0_m: 0.0298, stage0_l: 0.1195, stage0_h: 0.2861, stage1_loss_instance_mil: 0.1926, stage1_bag_acc: 21.1190, stage1_neg_loss: 0.0207, stage1_mean_ious: 0.2737, stage1_s: 0.0000, stage1_m: 0.0297, stage1_l: 0.1147, stage1_h: 0.2764, loss: 0.8947, grad_norm: 1.8144
2024-10-09 01:14:36,435 - mmdet - INFO - Epoch [1][200/360]	lr: 3.986e-02, eta: 1:37:32, time: 0.931, data_time: 0.013, memory: 10031, stage0_loss_instance_mil: 0.6863, stage0_bag_acc: 20.9361, stage0_mean_ious: 0.2494, stage0_s: 0.0000, stage0_m: 0.0277, stage0_l: 0.1216, stage0_h: 0.2411, stage1_loss_instance_mil: 0.1725, stage1_bag_acc: 30.7308, stage1_neg_loss: 0.0083, stage1_mean_ious: 0.2409, stage1_s: 0.0000, stage1_m: 0.0268, stage1_l: 0.1208, stage1_h: 0.2330, loss: 0.8671, grad_norm: 0.7678
2024-10-09 01:15:22,293 - mmdet - INFO - Epoch [1][250/360]	lr: 4.985e-02, eta: 1:36:27, time: 0.917, data_time: 0.013, memory: 10031, stage0_loss_instance_mil: 0.6496, stage0_bag_acc: 31.5972, stage0_mean_ious: 0.3664, stage0_s: 0.0000, stage0_m: 0.0108, stage0_l: 0.2407, stage0_h: 0.3749, stage1_loss_instance_mil: 0.2087, stage1_bag_acc: 28.3633, stage1_neg_loss: 0.0139, stage1_mean_ious: 0.3528, stage1_s: 0.0000, stage1_m: 0.0100, stage1_l: 0.2283, stage1_h: 0.3587, loss: 0.8722, grad_norm: 2.0378
2024-10-09 01:16:09,579 - mmdet - INFO - Epoch [1][300/360]	lr: 5.984e-02, eta: 1:35:58, time: 0.946, data_time: 0.013, memory: 10031, stage0_loss_instance_mil: 0.6980, stage0_bag_acc: 16.3538, stage0_mean_ious: 0.3574, stage0_s: 0.0000, stage0_m: 0.0339, stage0_l: 0.1644, stage0_h: 0.3688, stage1_loss_instance_mil: 0.1537, stage1_bag_acc: 24.2234, stage1_neg_loss: 0.0102, stage1_mean_ious: 0.3476, stage1_s: 0.0000, stage1_m: 0.0428, stage1_l: 0.1589, stage1_h: 0.3569, loss: 0.8618, grad_norm: 0.5269
2024-10-09 01:16:56,287 - mmdet - INFO - Epoch [1][350/360]	lr: 6.983e-02, eta: 1:35:14, time: 0.934, data_time: 0.014, memory: 10031, stage0_loss_instance_mil: 0.6918, stage0_bag_acc: 16.8175, stage0_mean_ious: 0.3981, stage0_s: 0.0000, stage0_m: 0.0261, stage0_l: 0.1470, stage0_h: 0.4178, stage1_loss_instance_mil: 0.1506, stage1_bag_acc: 26.0419, stage1_neg_loss: 0.0106, stage1_mean_ious: 0.3898, stage1_s: 0.0000, stage1_m: 0.0260, stage1_l: 0.1314, stage1_h: 0.4088, loss: 0.8530, grad_norm: 0.3584
2024-10-09 01:17:05,720 - mmdet - INFO - Saving checkpoint at 1 epochs
2024-10-09 01:18:46,971 - mmdet - INFO - Evaluating bbox...
2024-10-09 01:18:47,761 - mmdet - INFO -  Average Precision  (AP) @[ IoU=0.50:0.95 | area=   all | maxDets=100 ] = 0.0132
2024-10-09 01:18:47,761 - mmdet - INFO -  Average Precision  (AP) @[ IoU=0.50      | area=   all | maxDets=1000 ] = 0.0742
2024-10-09 01:18:47,762 - mmdet - INFO -  Average Precision  (AP) @[ IoU=0.60      | area=   all | maxDets=1000 ] = 0.0111
2024-10-09 01:18:47,762 - mmdet - INFO -  Average Precision  (AP) @[ IoU=0.70      | area=   all | maxDets=1000 ] = 0.0015
2024-10-09 01:18:47,762 - mmdet - INFO -  Average Precision  (AP) @[ IoU=0.75      | area=   all | maxDets=1000 ] = 0.0007
2024-10-09 01:18:47,762 - mmdet - INFO -  Average Precision  (AP) @[ IoU=0.80      | area=   all | maxDets=1000 ] = 0.0003
2024-10-09 01:18:47,762 - mmdet - INFO -  Average Precision  (AP) @[ IoU=0.90      | area=   all | maxDets=1000 ] = 0.0000
2024-10-09 01:18:47,762 - mmdet - INFO -  Average Precision  (AP) @[ IoU=0.50:0.95 | area= small | maxDets=1000 ] = 0.0034
2024-10-09 01:18:47,762 - mmdet - INFO -  Average Precision  (AP) @[ IoU=0.50:0.95 | area=medium | maxDets=1000 ] = 0.0338
2024-10-09 01:18:47,762 - mmdet - INFO -  Average Precision  (AP) @[ IoU=0.50:0.95 | area= large | maxDets=1000 ] = 0.0335
2024-10-09 01:18:47,763 - mmdet - INFO -  Average Recall     (AR) @[ IoU=0.50:0.95 | area=   all | maxDets=100 ] = 0.0322
2024-10-09 01:18:47,763 - mmdet - INFO -  Average Recall     (AR) @[ IoU=0.50      | area=   all | maxDets=100 ] = 0.1205
2024-10-09 01:18:47,763 - mmdet - INFO -  Average Recall     (AR) @[ IoU=0.50:0.95 | area=   all | maxDets=300 ] = 0.0322
2024-10-09 01:18:47,763 - mmdet - INFO -  Average Recall     (AR) @[ IoU=0.50:0.95 | area=   all | maxDets=1000 ] = 0.0322
2024-10-09 01:18:47,763 - mmdet - INFO -  Average Recall     (AR) @[ IoU=0.50:0.95 | area= small | maxDets=1000 ] = 0.0455
2024-10-09 01:18:47,763 - mmdet - INFO -  Average Recall     (AR) @[ IoU=0.50:0.95 | area=medium | maxDets=1000 ] = 0.0326
2024-10-09 01:18:47,763 - mmdet - INFO -  Average Recall     (AR) @[ IoU=0.50:0.95 | area= large | maxDets=1000 ] = 0.0327
2024-10-09 01:18:47,774 - mmdet - INFO - Exp name: P2BNet_r50_fpn_1x_coco_ms.py
2024-10-09 01:18:47,775 - mmdet - INFO - Epoch(val) [1][360]	eval_iter_num: 720, bbox_mAP: 0.0130, bbox_mAP_50: 0.0740, bbox_mAP_75: 0.0110, bbox_mAP_s: 0.0020, bbox_mAP_m: 0.0010, bbox_mAP_l: 0.0000, bbox_mAP_copypaste: 0.013 0.074 0.011 0.002 0.001 0.000
2024-10-09 01:19:36,696 - mmdet - INFO - Epoch [2][50/360]	lr: 8.182e-02, eta: 1:32:34, time: 0.978, data_time: 0.061, memory: 10031, stage0_loss_instance_mil: 0.6911, stage0_bag_acc: 17.0815, stage0_mean_ious: 0.3503, stage0_s: 0.0000, stage0_m: 0.0196, stage0_l: 0.1473, stage0_h: 0.3577, stage1_loss_instance_mil: 0.1441, stage1_bag_acc: 35.6093, stage1_neg_loss: 0.0175, stage1_mean_ious: 0.3402, stage1_s: 0.0000, stage1_m: 0.0152, stage1_l: 0.1434, stage1_h: 0.3478, loss: 0.8527, grad_norm: 0.4437
2024-10-09 01:20:22,953 - mmdet - INFO - Epoch [2][100/360]	lr: 9.181e-02, eta: 1:31:55, time: 0.925, data_time: 0.014, memory: 10031, stage0_loss_instance_mil: 0.6732, stage0_bag_acc: 24.1556, stage0_mean_ious: 0.3794, stage0_s: 0.0000, stage0_m: 0.0207, stage0_l: 0.1802, stage0_h: 0.3922, stage1_loss_instance_mil: 0.1593, stage1_bag_acc: 24.1236, stage1_neg_loss: 0.0224, stage1_mean_ious: 0.3550, stage1_s: 0.0000, stage1_m: 0.0203, stage1_l: 0.1882, stage1_h: 0.3633, loss: 0.8548, grad_norm: 0.6192
2024-10-09 01:21:09,406 - mmdet - INFO - Epoch [2][150/360]	lr: 1.000e-01, eta: 1:31:16, time: 0.929, data_time: 0.013, memory: 10031, stage0_loss_instance_mil: 0.6724, stage0_bag_acc: 23.3000, stage0_mean_ious: 0.3840, stage0_s: 0.0000, stage0_m: 0.0200, stage0_l: 0.1508, stage0_h: 0.4037, stage1_loss_instance_mil: 0.1555, stage1_bag_acc: 24.8486, stage1_neg_loss: 0.0203, stage1_mean_ious: 0.3663, stage1_s: 0.0000, stage1_m: 0.0202, stage1_l: 0.1444, stage1_h: 0.3853, loss: 0.8481, grad_norm: 0.4511
2024-10-09 01:21:55,533 - mmdet - INFO - Epoch [2][200/360]	lr: 1.000e-01, eta: 1:30:33, time: 0.923, data_time: 0.013, memory: 10031, stage0_loss_instance_mil: 0.6879, stage0_bag_acc: 19.6544, stage0_mean_ious: 0.2735, stage0_s: 0.0000, stage0_m: 0.0182, stage0_l: 0.1110, stage0_h: 0.2794, stage1_loss_instance_mil: 0.1407, stage1_bag_acc: 28.1254, stage1_neg_loss: 0.0212, stage1_mean_ious: 0.2591, stage1_s: 0.0000, stage1_m: 0.0168, stage1_l: 0.1189, stage1_h: 0.2620, loss: 0.8498, grad_norm: 0.3871
2024-10-09 01:22:41,304 - mmdet - INFO - Epoch [2][250/360]	lr: 1.000e-01, eta: 1:29:46, time: 0.915, data_time: 0.014, memory: 10033, stage0_loss_instance_mil: 0.6876, stage0_bag_acc: 17.0563, stage0_mean_ious: 0.3131, stage0_s: 0.0000, stage0_m: 0.0321, stage0_l: 0.2103, stage0_h: 0.3127, stage1_loss_instance_mil: 0.1487, stage1_bag_acc: 18.6669, stage1_neg_loss: 0.0165, stage1_mean_ious: 0.2909, stage1_s: 0.0000, stage1_m: 0.0336, stage1_l: 0.2193, stage1_h: 0.2871, loss: 0.8527, grad_norm: 0.4285
2024-10-09 01:23:28,253 - mmdet - INFO - Epoch [2][300/360]	lr: 1.000e-01, eta: 1:29:10, time: 0.939, data_time: 0.013, memory: 10033, stage0_loss_instance_mil: 0.6798, stage0_bag_acc: 22.0551, stage0_mean_ious: 0.3483, stage0_s: 0.0000, stage0_m: 0.0229, stage0_l: 0.1627, stage0_h: 0.3461, stage1_loss_instance_mil: 0.1475, stage1_bag_acc: 32.9257, stage1_neg_loss: 0.0195, stage1_mean_ious: 0.3148, stage1_s: 0.0000, stage1_m: 0.0220, stage1_l: 0.1436, stage1_h: 0.3141, loss: 0.8467, grad_norm: 0.4880
2024-10-09 01:24:15,333 - mmdet - INFO - Epoch [2][350/360]	lr: 1.000e-01, eta: 1:28:33, time: 0.942, data_time: 0.014, memory: 10033, stage0_loss_instance_mil: 0.6653, stage0_bag_acc: 28.1516, stage0_mean_ious: 0.3546, stage0_s: 0.0000, stage0_m: 0.0124, stage0_l: 0.1339, stage0_h: 0.3656, stage1_loss_instance_mil: 0.1455, stage1_bag_acc: 43.6854, stage1_neg_loss: 0.0221, stage1_mean_ious: 0.3204, stage1_s: 0.0000, stage1_m: 0.0123, stage1_l: 0.1222, stage1_h: 0.3309, loss: 0.8328, grad_norm: 0.5809
2024-10-09 01:24:24,842 - mmdet - INFO - Saving checkpoint at 2 epochs
2024-10-09 01:26:08,770 - mmdet - INFO - Evaluating bbox...
2024-10-09 01:26:09,534 - mmdet - INFO -  Average Precision  (AP) @[ IoU=0.50:0.95 | area=   all | maxDets=100 ] = 0.0060
2024-10-09 01:26:09,534 - mmdet - INFO -  Average Precision  (AP) @[ IoU=0.50      | area=   all | maxDets=1000 ] = 0.0317
2024-10-09 01:26:09,534 - mmdet - INFO -  Average Precision  (AP) @[ IoU=0.60      | area=   all | maxDets=1000 ] = 0.0082
2024-10-09 01:26:09,534 - mmdet - INFO -  Average Precision  (AP) @[ IoU=0.70      | area=   all | maxDets=1000 ] = 0.0004
2024-10-09 01:26:09,534 - mmdet - INFO -  Average Precision  (AP) @[ IoU=0.75      | area=   all | maxDets=1000 ] = 0.0001
2024-10-09 01:26:09,535 - mmdet - INFO -  Average Precision  (AP) @[ IoU=0.80      | area=   all | maxDets=1000 ] = 0.0000
2024-10-09 01:26:09,535 - mmdet - INFO -  Average Precision  (AP) @[ IoU=0.90      | area=   all | maxDets=1000 ] = 0.0000
2024-10-09 01:26:09,535 - mmdet - INFO -  Average Precision  (AP) @[ IoU=0.50:0.95 | area= small | maxDets=1000 ] = 0.0006
2024-10-09 01:26:09,535 - mmdet - INFO -  Average Precision  (AP) @[ IoU=0.50:0.95 | area=medium | maxDets=1000 ] = 0.0126
2024-10-09 01:26:09,535 - mmdet - INFO -  Average Precision  (AP) @[ IoU=0.50:0.95 | area= large | maxDets=1000 ] = 0.0178
2024-10-09 01:26:09,535 - mmdet - INFO -  Average Recall     (AR) @[ IoU=0.50:0.95 | area=   all | maxDets=100 ] = 0.0193
2024-10-09 01:26:09,535 - mmdet - INFO -  Average Recall     (AR) @[ IoU=0.50      | area=   all | maxDets=100 ] = 0.0739
2024-10-09 01:26:09,535 - mmdet - INFO -  Average Recall     (AR) @[ IoU=0.50:0.95 | area=   all | maxDets=300 ] = 0.0193
2024-10-09 01:26:09,535 - mmdet - INFO -  Average Recall     (AR) @[ IoU=0.50:0.95 | area=   all | maxDets=1000 ] = 0.0193
2024-10-09 01:26:09,535 - mmdet - INFO -  Average Recall     (AR) @[ IoU=0.50:0.95 | area= small | maxDets=1000 ] = 0.0192
2024-10-09 01:26:09,536 - mmdet - INFO -  Average Recall     (AR) @[ IoU=0.50:0.95 | area=medium | maxDets=1000 ] = 0.0197
2024-10-09 01:26:09,536 - mmdet - INFO -  Average Recall     (AR) @[ IoU=0.50:0.95 | area= large | maxDets=1000 ] = 0.0176
2024-10-09 01:26:09,546 - mmdet - INFO - Exp name: P2BNet_r50_fpn_1x_coco_ms.py
2024-10-09 01:26:09,546 - mmdet - INFO - Epoch(val) [2][360]	eval_iter_num: 720, bbox_mAP: 0.0060, bbox_mAP_50: 0.0320, bbox_mAP_75: 0.0080, bbox_mAP_s: 0.0000, bbox_mAP_m: 0.0000, bbox_mAP_l: 0.0000, bbox_mAP_copypaste: 0.006 0.032 0.008 0.000 0.000 0.000
2024-10-09 01:26:57,927 - mmdet - INFO - Epoch [3][50/360]	lr: 1.000e-01, eta: 1:26:46, time: 0.967, data_time: 0.059, memory: 10041, stage0_loss_instance_mil: 0.6667, stage0_bag_acc: 27.5344, stage0_mean_ious: 0.4208, stage0_s: 0.0000, stage0_m: 0.0152, stage0_l: 0.2337, stage0_h: 0.4503, stage1_loss_instance_mil: 0.1602, stage1_bag_acc: 37.4868, stage1_neg_loss: 0.0234, stage1_mean_ious: 0.3943, stage1_s: 0.0000, stage1_m: 0.0137, stage1_l: 0.2476, stage1_h: 0.4142, loss: 0.8503, grad_norm: 0.6278
2024-10-09 01:27:44,769 - mmdet - INFO - Epoch [3][100/360]	lr: 1.000e-01, eta: 1:26:09, time: 0.937, data_time: 0.013, memory: 10041, stage0_loss_instance_mil: 0.6659, stage0_bag_acc: 26.6151, stage0_mean_ious: 0.4519, stage0_s: 0.0000, stage0_m: 0.0224, stage0_l: 0.1316, stage0_h: 0.4741, stage1_loss_instance_mil: 0.1473, stage1_bag_acc: 29.3727, stage1_neg_loss: 0.0196, stage1_mean_ious: 0.4276, stage1_s: 0.0000, stage1_m: 0.0228, stage1_l: 0.1336, stage1_h: 0.4472, loss: 0.8328, grad_norm: 0.4520
2024-10-09 01:28:31,128 - mmdet - INFO - Epoch [3][150/360]	lr: 1.000e-01, eta: 1:25:28, time: 0.927, data_time: 0.012, memory: 10090, stage0_loss_instance_mil: 0.6735, stage0_bag_acc: 21.9714, stage0_mean_ious: 0.4372, stage0_s: 0.0043, stage0_m: 0.0134, stage0_l: 0.2233, stage0_h: 0.4492, stage1_loss_instance_mil: 0.1514, stage1_bag_acc: 30.2258, stage1_neg_loss: 0.0229, stage1_mean_ious: 0.4132, stage1_s: 0.0040, stage1_m: 0.0116, stage1_l: 0.2177, stage1_h: 0.4224, loss: 0.8479, grad_norm: 0.5795
2024-10-09 01:29:16,027 - mmdet - INFO - Epoch [3][200/360]	lr: 1.000e-01, eta: 1:24:38, time: 0.898, data_time: 0.012, memory: 10090, stage0_loss_instance_mil: 0.6677, stage0_bag_acc: 28.8691, stage0_mean_ious: 0.3561, stage0_s: 0.0000, stage0_m: 0.0108, stage0_l: 0.1366, stage0_h: 0.3659, stage1_loss_instance_mil: 0.1417, stage1_bag_acc: 29.2488, stage1_neg_loss: 0.0247, stage1_mean_ious: 0.3204, stage1_s: 0.0000, stage1_m: 0.0143, stage1_l: 0.1432, stage1_h: 0.3251, loss: 0.8341, grad_norm: 0.4411
2024-10-09 01:30:02,739 - mmdet - INFO - Epoch [3][250/360]	lr: 1.000e-01, eta: 1:23:58, time: 0.934, data_time: 0.012, memory: 10090, stage0_loss_instance_mil: 0.6610, stage0_bag_acc: 25.9691, stage0_mean_ious: 0.3579, stage0_s: 0.0000, stage0_m: 0.0144, stage0_l: 0.1611, stage0_h: 0.3790, stage1_loss_instance_mil: 0.1429, stage1_bag_acc: 26.7193, stage1_neg_loss: 0.0211, stage1_mean_ious: 0.3313, stage1_s: 0.0000, stage1_m: 0.0154, stage1_l: 0.1711, stage1_h: 0.3459, loss: 0.8250, grad_norm: 0.5259
2024-10-09 01:30:48,733 - mmdet - INFO - Epoch [3][300/360]	lr: 1.000e-01, eta: 1:23:14, time: 0.920, data_time: 0.013, memory: 10090, stage0_loss_instance_mil: 0.6905, stage0_bag_acc: 16.8844, stage0_mean_ious: 0.2717, stage0_s: 0.0000, stage0_m: 0.0377, stage0_l: 0.1448, stage0_h: 0.2671, stage1_loss_instance_mil: 0.1312, stage1_bag_acc: 18.1367, stage1_neg_loss: 0.0230, stage1_mean_ious: 0.2598, stage1_s: 0.0000, stage1_m: 0.0350, stage1_l: 0.1335, stage1_h: 0.2554, loss: 0.8447, grad_norm: 0.4597
2024-10-09 01:31:33,560 - mmdet - INFO - Epoch [3][350/360]	lr: 1.000e-01, eta: 1:22:23, time: 0.897, data_time: 0.011, memory: 10090, stage0_loss_instance_mil: 0.6795, stage0_bag_acc: 20.6404, stage0_mean_ious: 0.1169, stage0_s: 0.0000, stage0_m: 0.0078, stage0_l: 0.1308, stage0_h: 0.1001, stage1_loss_instance_mil: 0.1330, stage1_bag_acc: 26.8148, stage1_neg_loss: 0.0208, stage1_mean_ious: 0.1060, stage1_s: 0.0000, stage1_m: 0.0079, stage1_l: 0.1303, stage1_h: 0.0883, loss: 0.8332, grad_norm: 0.3344
2024-10-09 01:31:43,176 - mmdet - INFO - Saving checkpoint at 3 epochs
2024-10-09 01:33:22,069 - mmdet - INFO - Evaluating bbox...
2024-10-09 01:33:22,828 - mmdet - INFO -  Average Precision  (AP) @[ IoU=0.50:0.95 | area=   all | maxDets=100 ] = 0.0408
2024-10-09 01:33:22,829 - mmdet - INFO -  Average Precision  (AP) @[ IoU=0.50      | area=   all | maxDets=1000 ] = 0.1778
2024-10-09 01:33:22,829 - mmdet - INFO -  Average Precision  (AP) @[ IoU=0.60      | area=   all | maxDets=1000 ] = 0.0610
2024-10-09 01:33:22,829 - mmdet - INFO -  Average Precision  (AP) @[ IoU=0.70      | area=   all | maxDets=1000 ] = 0.0179
2024-10-09 01:33:22,829 - mmdet - INFO -  Average Precision  (AP) @[ IoU=0.75      | area=   all | maxDets=1000 ] = 0.0076
2024-10-09 01:33:22,829 - mmdet - INFO -  Average Precision  (AP) @[ IoU=0.80      | area=   all | maxDets=1000 ] = 0.0021
2024-10-09 01:33:22,829 - mmdet - INFO -  Average Precision  (AP) @[ IoU=0.90      | area=   all | maxDets=1000 ] = 0.0000
2024-10-09 01:33:22,829 - mmdet - INFO -  Average Precision  (AP) @[ IoU=0.50:0.95 | area= small | maxDets=1000 ] = 0.0067
2024-10-09 01:33:22,829 - mmdet - INFO -  Average Precision  (AP) @[ IoU=0.50:0.95 | area=medium | maxDets=1000 ] = 0.1441
2024-10-09 01:33:22,829 - mmdet - INFO -  Average Precision  (AP) @[ IoU=0.50:0.95 | area= large | maxDets=1000 ] = 0.1358
2024-10-09 01:33:22,829 - mmdet - INFO -  Average Recall     (AR) @[ IoU=0.50:0.95 | area=   all | maxDets=100 ] = 0.1409
2024-10-09 01:33:22,830 - mmdet - INFO -  Average Recall     (AR) @[ IoU=0.50      | area=   all | maxDets=100 ] = 0.4156
2024-10-09 01:33:22,830 - mmdet - INFO -  Average Recall     (AR) @[ IoU=0.50:0.95 | area=   all | maxDets=300 ] = 0.1409
2024-10-09 01:33:22,830 - mmdet - INFO -  Average Recall     (AR) @[ IoU=0.50:0.95 | area=   all | maxDets=1000 ] = 0.1409
2024-10-09 01:33:22,830 - mmdet - INFO -  Average Recall     (AR) @[ IoU=0.50:0.95 | area= small | maxDets=1000 ] = 0.0967
2024-10-09 01:33:22,830 - mmdet - INFO -  Average Recall     (AR) @[ IoU=0.50:0.95 | area=medium | maxDets=1000 ] = 0.1418
2024-10-09 01:33:22,830 - mmdet - INFO -  Average Recall     (AR) @[ IoU=0.50:0.95 | area= large | maxDets=1000 ] = 0.1330
2024-10-09 01:33:22,844 - mmdet - INFO - Exp name: P2BNet_r50_fpn_1x_coco_ms.py
2024-10-09 01:33:22,845 - mmdet - INFO - Epoch(val) [3][360]	eval_iter_num: 720, bbox_mAP: 0.0410, bbox_mAP_50: 0.1780, bbox_mAP_75: 0.0610, bbox_mAP_s: 0.0180, bbox_mAP_m: 0.0080, bbox_mAP_l: 0.0020, bbox_mAP_copypaste: 0.041 0.178 0.061 0.018 0.008 0.002
2024-10-09 01:34:11,222 - mmdet - INFO - Epoch [4][50/360]	lr: 1.000e-01, eta: 1:20:58, time: 0.967, data_time: 0.059, memory: 10090, stage0_loss_instance_mil: 0.6768, stage0_bag_acc: 21.3493, stage0_mean_ious: 0.1076, stage0_s: 0.0000, stage0_m: 0.0226, stage0_l: 0.1949, stage0_h: 0.0773, stage1_loss_instance_mil: 0.1275, stage1_bag_acc: 25.1606, stage1_neg_loss: 0.0207, stage1_mean_ious: 0.0973, stage1_s: 0.0000, stage1_m: 0.0179, stage1_l: 0.1835, stage1_h: 0.0690, loss: 0.8249, grad_norm: 0.4834
2024-10-09 01:34:56,194 - mmdet - INFO - Epoch [4][100/360]	lr: 1.000e-01, eta: 1:20:11, time: 0.899, data_time: 0.012, memory: 10090, stage0_loss_instance_mil: 0.6656, stage0_bag_acc: 21.6343, stage0_mean_ious: 0.1294, stage0_s: 0.0000, stage0_m: 0.0092, stage0_l: 0.1831, stage0_h: 0.1091, stage1_loss_instance_mil: 0.1341, stage1_bag_acc: 28.6785, stage1_neg_loss: 0.0210, stage1_mean_ious: 0.1155, stage1_s: 0.0000, stage1_m: 0.0096, stage1_l: 0.1644, stage1_h: 0.0971, loss: 0.8208, grad_norm: 0.3548
2024-10-09 01:35:42,010 - mmdet - INFO - Epoch [4][150/360]	lr: 1.000e-01, eta: 1:19:27, time: 0.916, data_time: 0.012, memory: 10090, stage0_loss_instance_mil: 0.6778, stage0_bag_acc: 21.1045, stage0_mean_ious: 0.1133, stage0_s: 0.0000, stage0_m: 0.0415, stage0_l: 0.1673, stage0_h: 0.0823, stage1_loss_instance_mil: 0.1292, stage1_bag_acc: 22.2118, stage1_neg_loss: 0.0275, stage1_mean_ious: 0.1064, stage1_s: 0.0000, stage1_m: 0.0436, stage1_l: 0.1607, stage1_h: 0.0755, loss: 0.8346, grad_norm: 0.4624
2024-10-09 01:36:27,513 - mmdet - INFO - Epoch [4][200/360]	lr: 1.000e-01, eta: 1:18:42, time: 0.910, data_time: 0.012, memory: 10090, stage0_loss_instance_mil: 0.6786, stage0_bag_acc: 20.6211, stage0_mean_ious: 0.1074, stage0_s: 0.0000, stage0_m: 0.0273, stage0_l: 0.1973, stage0_h: 0.0816, stage1_loss_instance_mil: 0.1295, stage1_bag_acc: 18.7121, stage1_neg_loss: 0.0183, stage1_mean_ious: 0.0953, stage1_s: 0.0000, stage1_m: 0.0229, stage1_l: 0.1802, stage1_h: 0.0718, loss: 0.8265, grad_norm: 0.3420
2024-10-09 01:37:14,128 - mmdet - INFO - Epoch [4][250/360]	lr: 1.000e-01, eta: 1:18:01, time: 0.932, data_time: 0.013, memory: 10090, stage0_loss_instance_mil: 0.6803, stage0_bag_acc: 21.2721, stage0_mean_ious: 0.0955, stage0_s: 0.0000, stage0_m: 0.0371, stage0_l: 0.1358, stage0_h: 0.0702, stage1_loss_instance_mil: 0.1229, stage1_bag_acc: 20.2559, stage1_neg_loss: 0.0199, stage1_mean_ious: 0.0900, stage1_s: 0.0000, stage1_m: 0.0355, stage1_l: 0.1270, stage1_h: 0.0667, loss: 0.8231, grad_norm: 0.2581
2024-10-09 01:37:59,928 - mmdet - INFO - Epoch [4][300/360]	lr: 1.000e-01, eta: 1:17:17, time: 0.916, data_time: 0.012, memory: 10090, stage0_loss_instance_mil: 0.6652, stage0_bag_acc: 22.9553, stage0_mean_ious: 0.0940, stage0_s: 0.0000, stage0_m: 0.0410, stage0_l: 0.1366, stage0_h: 0.0716, stage1_loss_instance_mil: 0.1279, stage1_bag_acc: 26.7051, stage1_neg_loss: 0.0202, stage1_mean_ious: 0.0880, stage1_s: 0.0000, stage1_m: 0.0394, stage1_l: 0.1225, stage1_h: 0.0686, loss: 0.8133, grad_norm: 0.2636
2024-10-09 01:38:45,657 - mmdet - INFO - Epoch [4][350/360]	lr: 1.000e-01, eta: 1:16:33, time: 0.915, data_time: 0.012, memory: 10090, stage0_loss_instance_mil: 0.6781, stage0_bag_acc: 21.9642, stage0_mean_ious: 0.1051, stage0_s: 0.0000, stage0_m: 0.0558, stage0_l: 0.1670, stage0_h: 0.0735, stage1_loss_instance_mil: 0.1237, stage1_bag_acc: 25.1461, stage1_neg_loss: 0.0210, stage1_mean_ious: 0.0991, stage1_s: 0.0000, stage1_m: 0.0525, stage1_l: 0.1609, stage1_h: 0.0687, loss: 0.8228, grad_norm: 0.3643
2024-10-09 01:38:55,378 - mmdet - INFO - Saving checkpoint at 4 epochs
2024-10-09 01:40:33,058 - mmdet - INFO - Evaluating bbox...
2024-10-09 01:40:33,822 - mmdet - INFO -  Average Precision  (AP) @[ IoU=0.50:0.95 | area=   all | maxDets=100 ] = 0.0695
2024-10-09 01:40:33,822 - mmdet - INFO -  Average Precision  (AP) @[ IoU=0.50      | area=   all | maxDets=1000 ] = 0.2569
2024-10-09 01:40:33,822 - mmdet - INFO -  Average Precision  (AP) @[ IoU=0.60      | area=   all | maxDets=1000 ] = 0.1145
2024-10-09 01:40:33,822 - mmdet - INFO -  Average Precision  (AP) @[ IoU=0.70      | area=   all | maxDets=1000 ] = 0.0452
2024-10-09 01:40:33,822 - mmdet - INFO -  Average Precision  (AP) @[ IoU=0.75      | area=   all | maxDets=1000 ] = 0.0230
2024-10-09 01:40:33,822 - mmdet - INFO -  Average Precision  (AP) @[ IoU=0.80      | area=   all | maxDets=1000 ] = 0.0091
2024-10-09 01:40:33,822 - mmdet - INFO -  Average Precision  (AP) @[ IoU=0.90      | area=   all | maxDets=1000 ] = 0.0001
2024-10-09 01:40:33,823 - mmdet - INFO -  Average Precision  (AP) @[ IoU=0.50:0.95 | area= small | maxDets=1000 ] = 0.0052
2024-10-09 01:40:33,823 - mmdet - INFO -  Average Precision  (AP) @[ IoU=0.50:0.95 | area=medium | maxDets=1000 ] = 0.1733
2024-10-09 01:40:33,823 - mmdet - INFO -  Average Precision  (AP) @[ IoU=0.50:0.95 | area= large | maxDets=1000 ] = 0.1875
2024-10-09 01:40:33,823 - mmdet - INFO -  Average Recall     (AR) @[ IoU=0.50:0.95 | area=   all | maxDets=100 ] = 0.1706
2024-10-09 01:40:33,823 - mmdet - INFO -  Average Recall     (AR) @[ IoU=0.50      | area=   all | maxDets=100 ] = 0.4744
2024-10-09 01:40:33,823 - mmdet - INFO -  Average Recall     (AR) @[ IoU=0.50:0.95 | area=   all | maxDets=300 ] = 0.1706
2024-10-09 01:40:33,823 - mmdet - INFO -  Average Recall     (AR) @[ IoU=0.50:0.95 | area=   all | maxDets=1000 ] = 0.1706
2024-10-09 01:40:33,823 - mmdet - INFO -  Average Recall     (AR) @[ IoU=0.50:0.95 | area= small | maxDets=1000 ] = 0.1019
2024-10-09 01:40:33,823 - mmdet - INFO -  Average Recall     (AR) @[ IoU=0.50:0.95 | area=medium | maxDets=1000 ] = 0.1707
2024-10-09 01:40:33,824 - mmdet - INFO -  Average Recall     (AR) @[ IoU=0.50:0.95 | area= large | maxDets=1000 ] = 0.1858
2024-10-09 01:40:33,834 - mmdet - INFO - Exp name: P2BNet_r50_fpn_1x_coco_ms.py
2024-10-09 01:40:33,834 - mmdet - INFO - Epoch(val) [4][360]	eval_iter_num: 720, bbox_mAP: 0.0700, bbox_mAP_50: 0.2570, bbox_mAP_75: 0.1140, bbox_mAP_s: 0.0450, bbox_mAP_m: 0.0230, bbox_mAP_l: 0.0090, bbox_mAP_copypaste: 0.070 0.257 0.114 0.045 0.023 0.009
2024-10-09 01:41:22,894 - mmdet - INFO - Epoch [5][50/360]	lr: 1.000e-01, eta: 1:15:19, time: 0.981, data_time: 0.060, memory: 10090, stage0_loss_instance_mil: 0.6716, stage0_bag_acc: 24.0060, stage0_mean_ious: 0.1006, stage0_s: 0.0000, stage0_m: 0.0260, stage0_l: 0.1899, stage0_h: 0.0670, stage1_loss_instance_mil: 0.1287, stage1_bag_acc: 23.9728, stage1_neg_loss: 0.0203, stage1_mean_ious: 0.0954, stage1_s: 0.0000, stage1_m: 0.0232, stage1_l: 0.1868, stage1_h: 0.0634, loss: 0.8206, grad_norm: 0.4438
2024-10-09 01:42:08,652 - mmdet - INFO - Epoch [5][100/360]	lr: 1.000e-01, eta: 1:14:36, time: 0.915, data_time: 0.012, memory: 10090, stage0_loss_instance_mil: 0.6693, stage0_bag_acc: 23.5444, stage0_mean_ious: 0.1094, stage0_s: 0.0000, stage0_m: 0.0373, stage0_l: 0.1677, stage0_h: 0.0803, stage1_loss_instance_mil: 0.1281, stage1_bag_acc: 27.7063, stage1_neg_loss: 0.0248, stage1_mean_ious: 0.1023, stage1_s: 0.0000, stage1_m: 0.0304, stage1_l: 0.1417, stage1_h: 0.0781, loss: 0.8222, grad_norm: 0.4106
2024-10-09 01:42:53,698 - mmdet - INFO - Epoch [5][150/360]	lr: 1.000e-01, eta: 1:13:50, time: 0.901, data_time: 0.011, memory: 10090, stage0_loss_instance_mil: 0.6434, stage0_bag_acc: 32.0041, stage0_mean_ious: 0.1084, stage0_s: 0.0000, stage0_m: 0.0352, stage0_l: 0.1255, stage0_h: 0.0863, stage1_loss_instance_mil: 0.1552, stage1_bag_acc: 30.0267, stage1_neg_loss: 0.0219, stage1_mean_ious: 0.1014, stage1_s: 0.0000, stage1_m: 0.0361, stage1_l: 0.1166, stage1_h: 0.0803, loss: 0.8205, grad_norm: 0.5247
2024-10-09 01:43:40,540 - mmdet - INFO - Epoch [5][200/360]	lr: 1.000e-01, eta: 1:13:09, time: 0.937, data_time: 0.012, memory: 10090, stage0_loss_instance_mil: 0.6521, stage0_bag_acc: 27.5553, stage0_mean_ious: 0.0950, stage0_s: 0.0000, stage0_m: 0.0102, stage0_l: 0.1277, stage0_h: 0.0767, stage1_loss_instance_mil: 0.1389, stage1_bag_acc: 28.9862, stage1_neg_loss: 0.0256, stage1_mean_ious: 0.0910, stage1_s: 0.0000, stage1_m: 0.0080, stage1_l: 0.1183, stage1_h: 0.0736, loss: 0.8165, grad_norm: 0.4583
2024-10-09 01:44:25,005 - mmdet - INFO - Epoch [5][250/360]	lr: 1.000e-01, eta: 1:12:21, time: 0.889, data_time: 0.011, memory: 10090, stage0_loss_instance_mil: 0.6663, stage0_bag_acc: 24.3709, stage0_mean_ious: 0.1099, stage0_s: 0.0139, stage0_m: 0.0176, stage0_l: 0.1771, stage0_h: 0.0795, stage1_loss_instance_mil: 0.1352, stage1_bag_acc: 23.3512, stage1_neg_loss: 0.0220, stage1_mean_ious: 0.1042, stage1_s: 0.0141, stage1_m: 0.0167, stage1_l: 0.1712, stage1_h: 0.0755, loss: 0.8235, grad_norm: 0.4129
2024-10-09 01:45:11,336 - mmdet - INFO - Epoch [5][300/360]	lr: 1.000e-01, eta: 1:11:38, time: 0.927, data_time: 0.012, memory: 10090, stage0_loss_instance_mil: 0.6753, stage0_bag_acc: 21.7129, stage0_mean_ious: 0.1709, stage0_s: 0.0000, stage0_m: 0.0394, stage0_l: 0.2206, stage0_h: 0.1457, stage1_loss_instance_mil: 0.1328, stage1_bag_acc: 31.6457, stage1_neg_loss: 0.0199, stage1_mean_ious: 0.1599, stage1_s: 0.0000, stage1_m: 0.0349, stage1_l: 0.2142, stage1_h: 0.1357, loss: 0.8280, grad_norm: 0.2972
2024-10-09 01:45:58,876 - mmdet - INFO - Epoch [5][350/360]	lr: 1.000e-01, eta: 1:10:59, time: 0.951, data_time: 0.012, memory: 10090, stage0_loss_instance_mil: 0.6698, stage0_bag_acc: 22.8423, stage0_mean_ious: 0.1646, stage0_s: 0.0000, stage0_m: 0.0716, stage0_l: 0.2076, stage0_h: 0.1359, stage1_loss_instance_mil: 0.1268, stage1_bag_acc: 32.0000, stage1_neg_loss: 0.0192, stage1_mean_ious: 0.1575, stage1_s: 0.0000, stage1_m: 0.0679, stage1_l: 0.2008, stage1_h: 0.1287, loss: 0.8158, grad_norm: 0.3176
2024-10-09 01:46:08,199 - mmdet - INFO - Saving checkpoint at 5 epochs
2024-10-09 01:47:45,924 - mmdet - INFO - Evaluating bbox...
2024-10-09 01:47:46,668 - mmdet - INFO -  Average Precision  (AP) @[ IoU=0.50:0.95 | area=   all | maxDets=100 ] = 0.0865
2024-10-09 01:47:46,668 - mmdet - INFO -  Average Precision  (AP) @[ IoU=0.50      | area=   all | maxDets=1000 ] = 0.3378
2024-10-09 01:47:46,669 - mmdet - INFO -  Average Precision  (AP) @[ IoU=0.60      | area=   all | maxDets=1000 ] = 0.1453
2024-10-09 01:47:46,669 - mmdet - INFO -  Average Precision  (AP) @[ IoU=0.70      | area=   all | maxDets=1000 ] = 0.0452
2024-10-09 01:47:46,669 - mmdet - INFO -  Average Precision  (AP) @[ IoU=0.75      | area=   all | maxDets=1000 ] = 0.0203
2024-10-09 01:47:46,669 - mmdet - INFO -  Average Precision  (AP) @[ IoU=0.80      | area=   all | maxDets=1000 ] = 0.0061
2024-10-09 01:47:46,669 - mmdet - INFO -  Average Precision  (AP) @[ IoU=0.90      | area=   all | maxDets=1000 ] = 0.0000
2024-10-09 01:47:46,669 - mmdet - INFO -  Average Precision  (AP) @[ IoU=0.50:0.95 | area= small | maxDets=1000 ] = 0.0119
2024-10-09 01:47:46,669 - mmdet - INFO -  Average Precision  (AP) @[ IoU=0.50:0.95 | area=medium | maxDets=1000 ] = 0.2257
2024-10-09 01:47:46,669 - mmdet - INFO -  Average Precision  (AP) @[ IoU=0.50:0.95 | area= large | maxDets=1000 ] = 0.2198
2024-10-09 01:47:46,669 - mmdet - INFO -  Average Recall     (AR) @[ IoU=0.50:0.95 | area=   all | maxDets=100 ] = 0.2108
2024-10-09 01:47:46,669 - mmdet - INFO -  Average Recall     (AR) @[ IoU=0.50      | area=   all | maxDets=100 ] = 0.5728
2024-10-09 01:47:46,670 - mmdet - INFO -  Average Recall     (AR) @[ IoU=0.50:0.95 | area=   all | maxDets=300 ] = 0.2108
2024-10-09 01:47:46,670 - mmdet - INFO -  Average Recall     (AR) @[ IoU=0.50:0.95 | area=   all | maxDets=1000 ] = 0.2108
2024-10-09 01:47:46,670 - mmdet - INFO -  Average Recall     (AR) @[ IoU=0.50:0.95 | area= small | maxDets=1000 ] = 0.1368
2024-10-09 01:47:46,670 - mmdet - INFO -  Average Recall     (AR) @[ IoU=0.50:0.95 | area=medium | maxDets=1000 ] = 0.2234
2024-10-09 01:47:46,670 - mmdet - INFO -  Average Recall     (AR) @[ IoU=0.50:0.95 | area= large | maxDets=1000 ] = 0.2176
2024-10-09 01:47:46,679 - mmdet - INFO - Exp name: P2BNet_r50_fpn_1x_coco_ms.py
2024-10-09 01:47:46,679 - mmdet - INFO - Epoch(val) [5][360]	eval_iter_num: 720, bbox_mAP: 0.0860, bbox_mAP_50: 0.3380, bbox_mAP_75: 0.1450, bbox_mAP_s: 0.0450, bbox_mAP_m: 0.0200, bbox_mAP_l: 0.0060, bbox_mAP_copypaste: 0.086 0.338 0.145 0.045 0.020 0.006
2024-10-09 01:48:33,691 - mmdet - INFO - Epoch [6][50/360]	lr: 1.000e-01, eta: 1:09:46, time: 0.940, data_time: 0.058, memory: 10090, stage0_loss_instance_mil: 0.6584, stage0_bag_acc: 20.6495, stage0_mean_ious: 0.1263, stage0_s: 0.0125, stage0_m: 0.0496, stage0_l: 0.1706, stage0_h: 0.0950, stage1_loss_instance_mil: 0.1353, stage1_bag_acc: 28.1260, stage1_neg_loss: 0.0225, stage1_mean_ious: 0.1172, stage1_s: 0.0116, stage1_m: 0.0462, stage1_l: 0.1547, stage1_h: 0.0881, loss: 0.8162, grad_norm: 0.4559
2024-10-09 01:49:19,856 - mmdet - INFO - Epoch [6][100/360]	lr: 1.000e-01, eta: 1:09:03, time: 0.923, data_time: 0.013, memory: 10090, stage0_loss_instance_mil: 0.6843, stage0_bag_acc: 20.6672, stage0_mean_ious: 0.1279, stage0_s: 0.0000, stage0_m: 0.0606, stage0_l: 0.1804, stage0_h: 0.0929, stage1_loss_instance_mil: 0.1228, stage1_bag_acc: 23.5208, stage1_neg_loss: 0.0205, stage1_mean_ious: 0.1221, stage1_s: 0.0000, stage1_m: 0.0680, stage1_l: 0.1788, stage1_h: 0.0842, loss: 0.8276, grad_norm: 0.2842
2024-10-09 01:50:06,094 - mmdet - INFO - Epoch [6][150/360]	lr: 1.000e-01, eta: 1:08:20, time: 0.925, data_time: 0.012, memory: 10090, stage0_loss_instance_mil: 0.6729, stage0_bag_acc: 26.2990, stage0_mean_ious: 0.1087, stage0_s: 0.0000, stage0_m: 0.0437, stage0_l: 0.1619, stage0_h: 0.0767, stage1_loss_instance_mil: 0.1310, stage1_bag_acc: 22.4318, stage1_neg_loss: 0.0199, stage1_mean_ious: 0.0989, stage1_s: 0.0000, stage1_m: 0.0444, stage1_l: 0.1461, stage1_h: 0.0693, loss: 0.8238, grad_norm: 0.2485
2024-10-09 01:50:51,934 - mmdet - INFO - Exp name: P2BNet_r50_fpn_1x_coco_ms.py
2024-10-09 01:50:51,934 - mmdet - INFO - Epoch [6][200/360]	lr: 1.000e-01, eta: 1:07:36, time: 0.917, data_time: 0.012, memory: 10090, stage0_loss_instance_mil: 0.6733, stage0_bag_acc: 23.3073, stage0_mean_ious: 0.1067, stage0_s: 0.0000, stage0_m: 0.0384, stage0_l: 0.1546, stage0_h: 0.0770, stage1_loss_instance_mil: 0.1267, stage1_bag_acc: 20.9466, stage1_neg_loss: 0.0208, stage1_mean_ious: 0.1003, stage1_s: 0.0000, stage1_m: 0.0354, stage1_l: 0.1470, stage1_h: 0.0722, loss: 0.8208, grad_norm: 0.2527
2024-10-09 01:51:39,505 - mmdet - INFO - Epoch [6][250/360]	lr: 1.000e-01, eta: 1:06:56, time: 0.951, data_time: 0.013, memory: 10090, stage0_loss_instance_mil: 0.6827, stage0_bag_acc: 19.6842, stage0_mean_ious: 0.1469, stage0_s: 0.0000, stage0_m: 0.0068, stage0_l: 0.1546, stage0_h: 0.1259, stage1_loss_instance_mil: 0.1224, stage1_bag_acc: 22.7546, stage1_neg_loss: 0.0208, stage1_mean_ious: 0.1422, stage1_s: 0.0000, stage1_m: 0.0063, stage1_l: 0.1567, stage1_h: 0.1210, loss: 0.8259, grad_norm: 0.2449
2024-10-09 01:52:26,549 - mmdet - INFO - Epoch [6][300/360]	lr: 1.000e-01, eta: 1:06:14, time: 0.941, data_time: 0.012, memory: 10090, stage0_loss_instance_mil: 0.6808, stage0_bag_acc: 20.6112, stage0_mean_ious: 0.1747, stage0_s: 0.0000, stage0_m: 0.0191, stage0_l: 0.2005, stage0_h: 0.1612, stage1_loss_instance_mil: 0.1230, stage1_bag_acc: 25.9419, stage1_neg_loss: 0.0168, stage1_mean_ious: 0.1703, stage1_s: 0.0000, stage1_m: 0.0228, stage1_l: 0.1974, stage1_h: 0.1559, loss: 0.8206, grad_norm: 0.2587
2024-10-09 01:53:13,470 - mmdet - INFO - Epoch [6][350/360]	lr: 1.000e-01, eta: 1:05:32, time: 0.938, data_time: 0.012, memory: 10090, stage0_loss_instance_mil: 0.6811, stage0_bag_acc: 20.8686, stage0_mean_ious: 0.1122, stage0_s: 0.0000, stage0_m: 0.0216, stage0_l: 0.1370, stage0_h: 0.0934, stage1_loss_instance_mil: 0.1183, stage1_bag_acc: 22.3765, stage1_neg_loss: 0.0205, stage1_mean_ious: 0.1106, stage1_s: 0.0000, stage1_m: 0.0243, stage1_l: 0.1331, stage1_h: 0.0939, loss: 0.8198, grad_norm: 0.2760
2024-10-09 01:53:22,745 - mmdet - INFO - Saving checkpoint at 6 epochs
2024-10-09 01:55:01,503 - mmdet - INFO - Evaluating bbox...
2024-10-09 01:55:02,294 - mmdet - INFO -  Average Precision  (AP) @[ IoU=0.50:0.95 | area=   all | maxDets=100 ] = 0.0337
2024-10-09 01:55:02,294 - mmdet - INFO -  Average Precision  (AP) @[ IoU=0.50      | area=   all | maxDets=1000 ] = 0.1425
2024-10-09 01:55:02,294 - mmdet - INFO -  Average Precision  (AP) @[ IoU=0.60      | area=   all | maxDets=1000 ] = 0.0520
2024-10-09 01:55:02,294 - mmdet - INFO -  Average Precision  (AP) @[ IoU=0.70      | area=   all | maxDets=1000 ] = 0.0159
2024-10-09 01:55:02,295 - mmdet - INFO -  Average Precision  (AP) @[ IoU=0.75      | area=   all | maxDets=1000 ] = 0.0060
2024-10-09 01:55:02,295 - mmdet - INFO -  Average Precision  (AP) @[ IoU=0.80      | area=   all | maxDets=1000 ] = 0.0010
2024-10-09 01:55:02,295 - mmdet - INFO -  Average Precision  (AP) @[ IoU=0.90      | area=   all | maxDets=1000 ] = 0.0000
2024-10-09 01:55:02,295 - mmdet - INFO -  Average Precision  (AP) @[ IoU=0.50:0.95 | area= small | maxDets=1000 ] = 0.0049
2024-10-09 01:55:02,295 - mmdet - INFO -  Average Precision  (AP) @[ IoU=0.50:0.95 | area=medium | maxDets=1000 ] = 0.1323
2024-10-09 01:55:02,295 - mmdet - INFO -  Average Precision  (AP) @[ IoU=0.50:0.95 | area= large | maxDets=1000 ] = 0.1152
2024-10-09 01:55:02,295 - mmdet - INFO -  Average Recall     (AR) @[ IoU=0.50:0.95 | area=   all | maxDets=100 ] = 0.1280
2024-10-09 01:55:02,295 - mmdet - INFO -  Average Recall     (AR) @[ IoU=0.50      | area=   all | maxDets=100 ] = 0.3712
2024-10-09 01:55:02,295 - mmdet - INFO -  Average Recall     (AR) @[ IoU=0.50:0.95 | area=   all | maxDets=300 ] = 0.1280
2024-10-09 01:55:02,295 - mmdet - INFO -  Average Recall     (AR) @[ IoU=0.50:0.95 | area=   all | maxDets=1000 ] = 0.1280
2024-10-09 01:55:02,296 - mmdet - INFO -  Average Recall     (AR) @[ IoU=0.50:0.95 | area= small | maxDets=1000 ] = 0.1021
2024-10-09 01:55:02,296 - mmdet - INFO -  Average Recall     (AR) @[ IoU=0.50:0.95 | area=medium | maxDets=1000 ] = 0.1293
2024-10-09 01:55:02,296 - mmdet - INFO -  Average Recall     (AR) @[ IoU=0.50:0.95 | area= large | maxDets=1000 ] = 0.1128
2024-10-09 01:55:02,305 - mmdet - INFO - Exp name: P2BNet_r50_fpn_1x_coco_ms.py
2024-10-09 01:55:02,306 - mmdet - INFO - Epoch(val) [6][360]	eval_iter_num: 720, bbox_mAP: 0.0340, bbox_mAP_50: 0.1430, bbox_mAP_75: 0.0520, bbox_mAP_s: 0.0160, bbox_mAP_m: 0.0060, bbox_mAP_l: 0.0010, bbox_mAP_copypaste: 0.034 0.143 0.052 0.016 0.006 0.001
2024-10-09 01:55:51,763 - mmdet - INFO - Epoch [7][50/360]	lr: 1.000e-01, eta: 1:04:27, time: 0.989, data_time: 0.059, memory: 10090, stage0_loss_instance_mil: 0.6744, stage0_bag_acc: 19.6799, stage0_mean_ious: 0.1717, stage0_s: 0.0000, stage0_m: 0.0234, stage0_l: 0.1874, stage0_h: 0.1515, stage1_loss_instance_mil: 0.1278, stage1_bag_acc: 25.8591, stage1_neg_loss: 0.0156, stage1_mean_ious: 0.1646, stage1_s: 0.0000, stage1_m: 0.0260, stage1_l: 0.1847, stage1_h: 0.1442, loss: 0.8178, grad_norm: 0.2778
2024-10-09 01:56:38,138 - mmdet - INFO - Epoch [7][100/360]	lr: 1.000e-01, eta: 1:03:44, time: 0.928, data_time: 0.012, memory: 10090, stage0_loss_instance_mil: 0.6788, stage0_bag_acc: 17.1827, stage0_mean_ious: 0.1566, stage0_s: 0.0000, stage0_m: 0.0440, stage0_l: 0.1683, stage0_h: 0.1293, stage1_loss_instance_mil: 0.1166, stage1_bag_acc: 29.2347, stage1_neg_loss: 0.0175, stage1_mean_ious: 0.1449, stage1_s: 0.0000, stage1_m: 0.0353, stage1_l: 0.1511, stage1_h: 0.1206, loss: 0.8129, grad_norm: 0.3016
2024-10-09 01:57:26,135 - mmdet - INFO - Epoch [7][150/360]	lr: 1.000e-01, eta: 1:03:04, time: 0.960, data_time: 0.013, memory: 10090, stage0_loss_instance_mil: 0.6772, stage0_bag_acc: 19.3239, stage0_mean_ious: 0.0905, stage0_s: 0.0000, stage0_m: 0.0085, stage0_l: 0.1226, stage0_h: 0.0708, stage1_loss_instance_mil: 0.1210, stage1_bag_acc: 18.8796, stage1_neg_loss: 0.0202, stage1_mean_ious: 0.0828, stage1_s: 0.0000, stage1_m: 0.0083, stage1_l: 0.1066, stage1_h: 0.0656, loss: 0.8184, grad_norm: 0.3026
2024-10-09 01:58:12,008 - mmdet - INFO - Epoch [7][200/360]	lr: 1.000e-01, eta: 1:02:19, time: 0.917, data_time: 0.013, memory: 10090, stage0_loss_instance_mil: 0.6709, stage0_bag_acc: 22.2238, stage0_mean_ious: 0.1752, stage0_s: 0.0000, stage0_m: 0.0606, stage0_l: 0.1529, stage0_h: 0.1584, stage1_loss_instance_mil: 0.1394, stage1_bag_acc: 23.5514, stage1_neg_loss: 0.0248, stage1_mean_ious: 0.1666, stage1_s: 0.0000, stage1_m: 0.0500, stage1_l: 0.1408, stage1_h: 0.1516, loss: 0.8351, grad_norm: 0.4033
2024-10-09 01:58:57,237 - mmdet - INFO - Epoch [7][250/360]	lr: 1.000e-01, eta: 1:01:33, time: 0.905, data_time: 0.013, memory: 10090, stage0_loss_instance_mil: 0.6528, stage0_bag_acc: 28.0727, stage0_mean_ious: 0.3061, stage0_s: 0.0000, stage0_m: 0.0270, stage0_l: 0.1269, stage0_h: 0.3016, stage1_loss_instance_mil: 0.1684, stage1_bag_acc: 41.6024, stage1_neg_loss: 0.0231, stage1_mean_ious: 0.2887, stage1_s: 0.0000, stage1_m: 0.0262, stage1_l: 0.1215, stage1_h: 0.2821, loss: 0.8444, grad_norm: 0.5889
2024-10-09 01:59:43,507 - mmdet - INFO - Epoch [7][300/360]	lr: 1.000e-01, eta: 1:00:50, time: 0.925, data_time: 0.013, memory: 10090, stage0_loss_instance_mil: 0.6536, stage0_bag_acc: 30.2009, stage0_mean_ious: 0.2655, stage0_s: 0.0000, stage0_m: 0.0326, stage0_l: 0.1867, stage0_h: 0.2568, stage1_loss_instance_mil: 0.1536, stage1_bag_acc: 38.0317, stage1_neg_loss: 0.0207, stage1_mean_ious: 0.2456, stage1_s: 0.0000, stage1_m: 0.0294, stage1_l: 0.1720, stage1_h: 0.2373, loss: 0.8280, grad_norm: 0.4148
2024-10-09 02:00:31,548 - mmdet - INFO - Epoch [7][350/360]	lr: 1.000e-01, eta: 1:00:08, time: 0.961, data_time: 0.013, memory: 10090, stage0_loss_instance_mil: 0.6616, stage0_bag_acc: 27.1366, stage0_mean_ious: 0.3037, stage0_s: 0.0000, stage0_m: 0.0201, stage0_l: 0.1863, stage0_h: 0.3130, stage1_loss_instance_mil: 0.1536, stage1_bag_acc: 38.1330, stage1_neg_loss: 0.0234, stage1_mean_ious: 0.2831, stage1_s: 0.0000, stage1_m: 0.0166, stage1_l: 0.1909, stage1_h: 0.2868, loss: 0.8386, grad_norm: 0.4436
2024-10-09 02:00:40,332 - mmdet - INFO - Saving checkpoint at 7 epochs
2024-10-09 02:02:20,924 - mmdet - INFO - Evaluating bbox...
2024-10-09 02:02:21,673 - mmdet - INFO -  Average Precision  (AP) @[ IoU=0.50:0.95 | area=   all | maxDets=100 ] = 0.0425
2024-10-09 02:02:21,673 - mmdet - INFO -  Average Precision  (AP) @[ IoU=0.50      | area=   all | maxDets=1000 ] = 0.1623
2024-10-09 02:02:21,673 - mmdet - INFO -  Average Precision  (AP) @[ IoU=0.60      | area=   all | maxDets=1000 ] = 0.0728
2024-10-09 02:02:21,673 - mmdet - INFO -  Average Precision  (AP) @[ IoU=0.70      | area=   all | maxDets=1000 ] = 0.0241
2024-10-09 02:02:21,673 - mmdet - INFO -  Average Precision  (AP) @[ IoU=0.75      | area=   all | maxDets=1000 ] = 0.0115
2024-10-09 02:02:21,673 - mmdet - INFO -  Average Precision  (AP) @[ IoU=0.80      | area=   all | maxDets=1000 ] = 0.0026
2024-10-09 02:02:21,674 - mmdet - INFO -  Average Precision  (AP) @[ IoU=0.90      | area=   all | maxDets=1000 ] = 0.0000
2024-10-09 02:02:21,674 - mmdet - INFO -  Average Precision  (AP) @[ IoU=0.50:0.95 | area= small | maxDets=1000 ] = 0.0059
2024-10-09 02:02:21,674 - mmdet - INFO -  Average Precision  (AP) @[ IoU=0.50:0.95 | area=medium | maxDets=1000 ] = 0.0973
2024-10-09 02:02:21,674 - mmdet - INFO -  Average Precision  (AP) @[ IoU=0.50:0.95 | area= large | maxDets=1000 ] = 0.1010
2024-10-09 02:02:21,674 - mmdet - INFO -  Average Recall     (AR) @[ IoU=0.50:0.95 | area=   all | maxDets=100 ] = 0.1128
2024-10-09 02:02:21,674 - mmdet - INFO -  Average Recall     (AR) @[ IoU=0.50      | area=   all | maxDets=100 ] = 0.3069
2024-10-09 02:02:21,674 - mmdet - INFO -  Average Recall     (AR) @[ IoU=0.50:0.95 | area=   all | maxDets=300 ] = 0.1128
2024-10-09 02:02:21,674 - mmdet - INFO -  Average Recall     (AR) @[ IoU=0.50:0.95 | area=   all | maxDets=1000 ] = 0.1128
2024-10-09 02:02:21,674 - mmdet - INFO -  Average Recall     (AR) @[ IoU=0.50:0.95 | area= small | maxDets=1000 ] = 0.0894
2024-10-09 02:02:21,674 - mmdet - INFO -  Average Recall     (AR) @[ IoU=0.50:0.95 | area=medium | maxDets=1000 ] = 0.1178
2024-10-09 02:02:21,674 - mmdet - INFO -  Average Recall     (AR) @[ IoU=0.50:0.95 | area= large | maxDets=1000 ] = 0.1111
2024-10-09 02:02:21,685 - mmdet - INFO - Exp name: P2BNet_r50_fpn_1x_coco_ms.py
2024-10-09 02:02:21,685 - mmdet - INFO - Epoch(val) [7][360]	eval_iter_num: 720, bbox_mAP: 0.0430, bbox_mAP_50: 0.1620, bbox_mAP_75: 0.0730, bbox_mAP_s: 0.0240, bbox_mAP_m: 0.0120, bbox_mAP_l: 0.0030, bbox_mAP_copypaste: 0.043 0.162 0.073 0.024 0.012 0.003
2024-10-09 02:03:09,281 - mmdet - INFO - Epoch [8][50/360]	lr: 1.000e-01, eta: 0:59:03, time: 0.952, data_time: 0.057, memory: 10090, stage0_loss_instance_mil: 0.6635, stage0_bag_acc: 23.6973, stage0_mean_ious: 0.3402, stage0_s: 0.0000, stage0_m: 0.0419, stage0_l: 0.1393, stage0_h: 0.3455, stage1_loss_instance_mil: 0.1458, stage1_bag_acc: 40.0838, stage1_neg_loss: 0.0216, stage1_mean_ious: 0.3224, stage1_s: 0.0000, stage1_m: 0.0380, stage1_l: 0.1325, stage1_h: 0.3269, loss: 0.8309, grad_norm: 0.4808
