2024-10-08 22:25:49,123 - mmdet - INFO - Environment info:
------------------------------------------------------------
sys.platform: linux
Python: 3.7.16 (default, Jan 17 2023, 22:20:44) [GCC 11.2.0]
CUDA available: True
GPU 0,1,2,3,4,5,6,7: NVIDIA GeForce RTX 3090
CUDA_HOME: /usr/local/cuda-12.0
NVCC: Build cuda_12.0.r12.0/compiler.31968024_0
GCC: gcc (Ubuntu 11.4.0-2ubuntu1~18.04) 11.4.0
PyTorch: 1.7.0
PyTorch compiling details: PyTorch built with:
  - GCC 7.3
  - C++ Version: 201402
  - Intel(R) oneAPI Math Kernel Library Version 2021.4-Product Build 20210904 for Intel(R) 64 architecture applications
  - Intel(R) MKL-DNN v1.6.0 (Git Hash 5ef631a030a6f73131c77892041042805a06064f)
  - OpenMP 201511 (a.k.a. OpenMP 4.5)
  - NNPACK is enabled
  - CPU capability usage: AVX2
  - CUDA Runtime 11.0
  - NVCC architecture flags: -gencode;arch=compute_37,code=sm_37;-gencode;arch=compute_50,code=sm_50;-gencode;arch=compute_60,code=sm_60;-gencode;arch=compute_61,code=sm_61;-gencode;arch=compute_70,code=sm_70;-gencode;arch=compute_75,code=sm_75;-gencode;arch=compute_80,code=sm_80;-gencode;arch=compute_37,code=compute_37
  - CuDNN 8.0.3
  - Magma 2.5.2
  - Build settings: BLAS=MKL, BUILD_TYPE=Release, CXX_FLAGS= -Wno-deprecated -fvisibility-inlines-hidden -DUSE_PTHREADPOOL -fopenmp -DNDEBUG -DUSE_FBGEMM -DUSE_QNNPACK -DUSE_PYTORCH_QNNPACK -DUSE_XNNPACK -DUSE_VULKAN_WRAPPER -O2 -fPIC -Wno-narrowing -Wall -Wextra -Werror=return-type -Wno-missing-field-initializers -Wno-type-limits -Wno-array-bounds -Wno-unknown-pragmas -Wno-sign-compare -Wno-unused-parameter -Wno-unused-variable -Wno-unused-function -Wno-unused-result -Wno-unused-local-typedefs -Wno-strict-overflow -Wno-strict-aliasing -Wno-error=deprecated-declarations -Wno-stringop-overflow -Wno-psabi -Wno-error=pedantic -Wno-error=redundant-decls -Wno-error=old-style-cast -fdiagnostics-color=always -faligned-new -Wno-unused-but-set-variable -Wno-maybe-uninitialized -fno-math-errno -fno-trapping-math -Werror=format -Wno-stringop-overflow, PERF_WITH_AVX=1, PERF_WITH_AVX2=1, PERF_WITH_AVX512=1, USE_CUDA=ON, USE_EXCEPTION_PTR=1, USE_GFLAGS=OFF, USE_GLOG=OFF, USE_MKL=ON, USE_MKLDNN=ON, USE_MPI=OFF, USE_NCCL=ON, USE_NNPACK=ON, USE_OPENMP=ON, 

TorchVision: 0.8.0
OpenCV: 4.8.1
MMCV: 1.3.3
MMCV Compiler: GCC 7.3
MMCV CUDA Compiler: 11.0
MMDetection: 2.13.0+e1fb402
------------------------------------------------------------

2024-10-08 22:25:49,938 - mmdet - INFO - Distributed training: False
2024-10-08 22:25:50,632 - mmdet - INFO - Config:
checkpoint_config = dict(interval=1)
log_config = dict(interval=50, hooks=[dict(type='TextLoggerHook')])
custom_hooks = [dict(type='NumClassCheckHook')]
dist_params = dict(backend='nccl')
log_level = 'INFO'
load_from = '../TOV_mmdetection_cache/work_dir/coco/pre_trained/P2B.pth'
resume_from = None
workflow = [('train', 1)]
norm_cfg = dict(type='GN', num_groups=32, requires_grad=True)
debug = False
num_stages = 2
model = dict(
    type='P2BNet',
    pretrained='torchvision://resnet50',
    backbone=dict(
        type='ResNet',
        depth=50,
        num_stages=4,
        out_indices=(0, 1, 2, 3),
        frozen_stages=1,
        norm_cfg=dict(type='BN', requires_grad=True),
        norm_eval=True,
        style='pytorch'),
    neck=dict(
        type='FPN',
        in_channels=[256, 512, 1024, 2048],
        out_channels=256,
        start_level=0,
        add_extra_convs='on_input',
        num_outs=4,
        norm_cfg=dict(type='GN', num_groups=32, requires_grad=True)),
    roi_head=dict(
        type='P2BHead',
        num_stages=2,
        top_k=7,
        with_atten=False,
        bbox_roi_extractor=dict(
            type='SingleRoIExtractor',
            roi_layer=dict(type='RoIAlign', output_size=7),
            out_channels=256,
            featmap_strides=[4, 8, 16, 32]),
        bbox_head=dict(
            type='Shared2FCInstanceMILHead',
            num_stages=2,
            with_loss_pseudo=False,
            in_channels=256,
            fc_out_channels=1024,
            roi_feat_size=7,
            num_classes=6,
            num_ref_fcs=0,
            bbox_coder=dict(
                type='DeltaXYWHBBoxCoder',
                target_means=[0.0, 0.0, 0.0, 0.0],
                target_stds=[0.1, 0.1, 0.2, 0.2]),
            reg_class_agnostic=True,
            loss_type='MIL',
            loss_mil1=dict(
                type='MILLoss',
                binary_ins=False,
                loss_weight=0.25,
                loss_type='binary_cross_entropy'),
            loss_mil2=dict(
                type='MILLoss',
                binary_ins=False,
                loss_weight=0.25,
                loss_type='gfocal_loss'))),
    train_cfg=dict(
        base_proposal=dict(
            base_scales=[4, 8, 16, 32, 64, 128],
            base_ratios=[
                0.3333333333333333, 0.5, 0.6666666666666666, 1.0, 1.5, 2.0, 3.0
            ],
            shake_ratio=None,
            cut_mode='symmetry',
            gen_num_neg=0),
        fine_proposal=dict(
            gen_proposal_mode='fix_gen',
            cut_mode=None,
            shake_ratio=[0.1],
            base_ratios=[1, 1.2, 1.3, 0.8, 0.7],
            iou_thr=0.3,
            gen_num_neg=500),
        rcnn=None),
    test_cfg=dict(rpn=None, rcnn=None))
dataset_type = 'CocoFmtDataset'
data_root = 'data/coco/'
img_norm_cfg = dict(
    mean=[123.675, 116.28, 103.53], std=[58.395, 57.12, 57.375], to_rgb=True)
train_pipeline = [
    dict(type='LoadImageFromFile'),
    dict(type='LoadAnnotations', with_bbox=True),
    dict(
        type='Resize',
        img_scale=[(2000, 480), (2000, 576), (2000, 688), (2000, 864),
                   (2000, 1000), (2000, 1200)],
        multiscale_mode='value',
        keep_ratio=True),
    dict(type='RandomFlip', flip_ratio=0.5),
    dict(
        type='Normalize',
        mean=[123.675, 116.28, 103.53],
        std=[58.395, 57.12, 57.375],
        to_rgb=True),
    dict(type='Pad', size_divisor=32),
    dict(type='DefaultFormatBundle'),
    dict(
        type='Collect',
        keys=[
            'img', 'gt_bboxes', 'gt_labels', 'gt_bboxes_ignore',
            'gt_true_bboxes'
        ])
]
test_scale = 1200
test_pipeline = [
    dict(type='LoadImageFromFile'),
    dict(type='LoadAnnotations', with_bbox=True),
    dict(
        type='MultiScaleFlipAug',
        img_scale=(2000, 1200),
        flip=False,
        transforms=[
            dict(type='Resize', keep_ratio=True),
            dict(type='RandomFlip'),
            dict(
                type='Normalize',
                mean=[123.675, 116.28, 103.53],
                std=[58.395, 57.12, 57.375],
                to_rgb=True),
            dict(type='Pad', size_divisor=32),
            dict(type='DefaultFormatBundle'),
            dict(
                type='Collect',
                keys=[
                    'img', 'gt_bboxes', 'gt_labels', 'gt_bboxes_ignore',
                    'gt_anns_id', 'gt_true_bboxes'
                ])
        ])
]
data = dict(
    samples_per_gpu=4,
    workers_per_gpu=1,
    shuffle=None,
    train=dict(
        type='CocoFmtDataset',
        ann_file='data/coco/annotations_qc_pt/instances_train2017_coarse.json',
        img_prefix='data/coco/images/train/',
        pipeline=[
            dict(type='LoadImageFromFile'),
            dict(type='LoadAnnotations', with_bbox=True),
            dict(
                type='Resize',
                img_scale=[(2000, 480), (2000, 576), (2000, 688), (2000, 864),
                           (2000, 1000), (2000, 1200)],
                multiscale_mode='value',
                keep_ratio=True),
            dict(type='RandomFlip', flip_ratio=0.5),
            dict(
                type='Normalize',
                mean=[123.675, 116.28, 103.53],
                std=[58.395, 57.12, 57.375],
                to_rgb=True),
            dict(type='Pad', size_divisor=32),
            dict(type='DefaultFormatBundle'),
            dict(
                type='Collect',
                keys=[
                    'img', 'gt_bboxes', 'gt_labels', 'gt_bboxes_ignore',
                    'gt_true_bboxes'
                ])
        ]),
    val=dict(
        samples_per_gpu=2,
        type='CocoFmtDataset',
        ann_file='data/coco/annotations_qc_pt/instances_train2017_coarse.json',
        img_prefix='data/coco/images/train/',
        pipeline=[
            dict(type='LoadImageFromFile'),
            dict(type='LoadAnnotations', with_bbox=True),
            dict(
                type='MultiScaleFlipAug',
                img_scale=(2000, 1200),
                flip=False,
                transforms=[
                    dict(type='Resize', keep_ratio=True),
                    dict(type='RandomFlip'),
                    dict(
                        type='Normalize',
                        mean=[123.675, 116.28, 103.53],
                        std=[58.395, 57.12, 57.375],
                        to_rgb=True),
                    dict(type='Pad', size_divisor=32),
                    dict(type='DefaultFormatBundle'),
                    dict(
                        type='Collect',
                        keys=[
                            'img', 'gt_bboxes', 'gt_labels',
                            'gt_bboxes_ignore', 'gt_anns_id', 'gt_true_bboxes'
                        ])
                ])
        ],
        test_mode=False),
    test=dict(
        type='CocoFmtDataset',
        ann_file='data/coco/annotations/instances_val2017.json',
        img_prefix='data/coco/images/val/',
        pipeline=[
            dict(type='LoadImageFromFile'),
            dict(type='LoadAnnotations', with_bbox=True),
            dict(
                type='MultiScaleFlipAug',
                img_scale=(2000, 1200),
                flip=False,
                transforms=[
                    dict(type='Resize', keep_ratio=True),
                    dict(type='RandomFlip'),
                    dict(
                        type='Normalize',
                        mean=[123.675, 116.28, 103.53],
                        std=[58.395, 57.12, 57.375],
                        to_rgb=True),
                    dict(type='Pad', size_divisor=32),
                    dict(type='DefaultFormatBundle'),
                    dict(
                        type='Collect',
                        keys=[
                            'img', 'gt_bboxes', 'gt_labels',
                            'gt_bboxes_ignore', 'gt_anns_id', 'gt_true_bboxes'
                        ])
                ])
        ]))
check = dict(stop_while_nan=False)
optimizer = dict(type='SGD', lr=0.3, momentum=0.9, weight_decay=0.001)
optimizer_config = dict(grad_clip=dict(max_norm=35, norm_type=2))
lr_config = dict(
    policy='step',
    warmup='linear',
    warmup_iters=500,
    warmup_ratio=0.001,
    step=[8, 11])
runner = dict(type='EpochBasedRunner', max_epochs=18)
work_dir = '../TOV_mmdetection_cache/work_dir/coco/'
evaluation = dict(
    interval=1,
    metric='bbox',
    save_result_file=
    '../TOV_mmdetection_cache/work_dir/coco/_1200_latest_result.json',
    do_first_eval=False,
    do_final_eval=True)
gpu_ids = [0]

2024-10-08 22:25:53,420 - mmdet - INFO - load checkpoint from ../TOV_mmdetection_cache/work_dir/coco/pre_trained/P2B.pth
2024-10-08 22:25:53,421 - mmdet - INFO - Use load_from_local loader
2024-10-08 22:25:53,682 - mmdet - WARNING - The model and loaded state dict do not match exactly

size mismatch for roi_head.bbox_head.fc_cls.0.weight: copying a param with shape torch.Size([81, 1024]) from checkpoint, the shape in current model is torch.Size([7, 1024]).
size mismatch for roi_head.bbox_head.fc_cls.0.bias: copying a param with shape torch.Size([81]) from checkpoint, the shape in current model is torch.Size([7]).
size mismatch for roi_head.bbox_head.fc_cls.1.weight: copying a param with shape torch.Size([80, 1024]) from checkpoint, the shape in current model is torch.Size([6, 1024]).
size mismatch for roi_head.bbox_head.fc_cls.1.bias: copying a param with shape torch.Size([80]) from checkpoint, the shape in current model is torch.Size([6]).
size mismatch for roi_head.bbox_head.fc_ins.0.weight: copying a param with shape torch.Size([81, 1024]) from checkpoint, the shape in current model is torch.Size([7, 1024]).
size mismatch for roi_head.bbox_head.fc_ins.0.bias: copying a param with shape torch.Size([81]) from checkpoint, the shape in current model is torch.Size([7]).
size mismatch for roi_head.bbox_head.fc_ins.1.weight: copying a param with shape torch.Size([80, 1024]) from checkpoint, the shape in current model is torch.Size([6, 1024]).
size mismatch for roi_head.bbox_head.fc_ins.1.bias: copying a param with shape torch.Size([80]) from checkpoint, the shape in current model is torch.Size([6]).
2024-10-08 22:25:53,698 - mmdet - INFO - Start running, host: lxz@user-SYS-4029GP-TRT2, work_dir: /home/lxz/P2BNet/TOV_mmdetection_cache/work_dir/coco
2024-10-08 22:25:53,698 - mmdet - INFO - workflow: [('train', 1)], max: 18 epochs
2024-10-08 22:26:25,265 - mmdet - INFO - Epoch [1][50/360]	lr: 2.967e-02, eta: 1:07:39, time: 0.631, data_time: 0.056, memory: 8582, stage0_loss_instance_mil: 0.6866, stage0_bag_acc: 25.2812, stage0_mean_ious: 0.3230, stage0_s: 0.0000, stage0_m: 0.0021, stage0_l: 0.1055, stage0_h: 0.3401, stage1_loss_instance_mil: 0.2036, stage1_bag_acc: 29.2877, stage1_neg_loss: 0.0157, stage1_mean_ious: 0.3112, stage1_s: 0.0000, stage1_m: 0.0023, stage1_l: 0.1091, stage1_h: 0.3260, loss: 0.9058, grad_norm: 5.0326
2024-10-08 22:26:54,789 - mmdet - INFO - Epoch [1][100/360]	lr: 5.964e-02, eta: 1:04:57, time: 0.590, data_time: 0.011, memory: 8598, stage0_loss_instance_mil: 0.7149, stage0_bag_acc: 17.5388, stage0_mean_ious: 0.2627, stage0_s: 0.0000, stage0_m: 0.0015, stage0_l: 0.0842, stage0_h: 0.2774, stage1_loss_instance_mil: 0.1457, stage1_bag_acc: 22.7540, stage1_neg_loss: 0.0048, stage1_mean_ious: 0.2523, stage1_s: 0.0000, stage1_m: 0.0020, stage1_l: 0.0790, stage1_h: 0.2664, loss: 0.8654, grad_norm: 0.9679
2024-10-08 22:27:25,556 - mmdet - INFO - Epoch [1][150/360]	lr: 8.961e-02, eta: 1:04:36, time: 0.615, data_time: 0.012, memory: 8598, stage0_loss_instance_mil: 0.6995, stage0_bag_acc: 20.4219, stage0_mean_ious: 0.2350, stage0_s: 0.0000, stage0_m: 0.0026, stage0_l: 0.0642, stage0_h: 0.2458, stage1_loss_instance_mil: 0.1439, stage1_bag_acc: 21.3439, stage1_neg_loss: 0.0048, stage1_mean_ious: 0.2268, stage1_s: 0.0000, stage1_m: 0.0019, stage1_l: 0.0618, stage1_h: 0.2375, loss: 0.8483, grad_norm: 0.5907
2024-10-08 22:27:55,568 - mmdet - INFO - Epoch [1][200/360]	lr: 1.196e-01, eta: 1:03:46, time: 0.600, data_time: 0.011, memory: 8636, stage0_loss_instance_mil: 0.6806, stage0_bag_acc: 27.6697, stage0_mean_ious: 0.3084, stage0_s: 0.0000, stage0_m: 0.0065, stage0_l: 0.0547, stage0_h: 0.3318, stage1_loss_instance_mil: 0.1423, stage1_bag_acc: 18.4537, stage1_neg_loss: 0.0123, stage1_mean_ious: 0.3027, stage1_s: 0.0000, stage1_m: 0.0067, stage1_l: 0.0506, stage1_h: 0.3262, loss: 0.8353, grad_norm: 0.7149
2024-10-08 22:28:24,815 - mmdet - INFO - Epoch [1][250/360]	lr: 1.496e-01, eta: 1:02:45, time: 0.585, data_time: 0.011, memory: 8645, stage0_loss_instance_mil: 0.6903, stage0_bag_acc: 20.6235, stage0_mean_ious: 0.2875, stage0_s: 0.0000, stage0_m: 0.0078, stage0_l: 0.0782, stage0_h: 0.3180, stage1_loss_instance_mil: 0.1254, stage1_bag_acc: 33.3715, stage1_neg_loss: 0.0150, stage1_mean_ious: 0.2772, stage1_s: 0.0000, stage1_m: 0.0079, stage1_l: 0.0762, stage1_h: 0.3076, loss: 0.8307, grad_norm: 0.6334
2024-10-08 22:28:54,440 - mmdet - INFO - Epoch [1][300/360]	lr: 1.795e-01, eta: 1:02:03, time: 0.592, data_time: 0.011, memory: 8645, stage0_loss_instance_mil: 0.6863, stage0_bag_acc: 19.9859, stage0_mean_ious: 0.3083, stage0_s: 0.0000, stage0_m: 0.0073, stage0_l: 0.1111, stage0_h: 0.3325, stage1_loss_instance_mil: 0.1161, stage1_bag_acc: 20.6649, stage1_neg_loss: 0.0157, stage1_mean_ious: 0.2993, stage1_s: 0.0000, stage1_m: 0.0067, stage1_l: 0.1095, stage1_h: 0.3218, loss: 0.8180, grad_norm: 0.4569
2024-10-08 22:29:24,417 - mmdet - INFO - Epoch [1][350/360]	lr: 2.095e-01, eta: 1:01:30, time: 0.600, data_time: 0.012, memory: 8645, stage0_loss_instance_mil: 0.6902, stage0_bag_acc: 14.4781, stage0_mean_ious: 0.2420, stage0_s: 0.0004, stage0_m: 0.0057, stage0_l: 0.0882, stage0_h: 0.2519, stage1_loss_instance_mil: 0.1106, stage1_bag_acc: 18.1541, stage1_neg_loss: 0.0192, stage1_mean_ious: 0.2369, stage1_s: 0.0001, stage1_m: 0.0074, stage1_l: 0.0907, stage1_h: 0.2446, loss: 0.8200, grad_norm: 0.2948
2024-10-08 22:29:30,128 - mmdet - INFO - Saving checkpoint at 1 epochs
2024-10-08 22:31:07,356 - mmdet - INFO - Evaluating bbox...
2024-10-08 22:31:08,068 - mmdet - INFO -  Average Precision  (AP) @[ IoU=0.50:0.95 | area=   all | maxDets=100 ] = 0.0000
2024-10-08 22:31:08,068 - mmdet - INFO -  Average Precision  (AP) @[ IoU=0.50      | area=   all | maxDets=1000 ] = 0.0000
2024-10-08 22:31:08,068 - mmdet - INFO -  Average Precision  (AP) @[ IoU=0.60      | area=   all | maxDets=1000 ] = 0.0000
2024-10-08 22:31:08,068 - mmdet - INFO -  Average Precision  (AP) @[ IoU=0.70      | area=   all | maxDets=1000 ] = 0.0000
2024-10-08 22:31:08,069 - mmdet - INFO -  Average Precision  (AP) @[ IoU=0.75      | area=   all | maxDets=1000 ] = 0.0000
2024-10-08 22:31:08,069 - mmdet - INFO -  Average Precision  (AP) @[ IoU=0.80      | area=   all | maxDets=1000 ] = 0.0000
2024-10-08 22:31:08,069 - mmdet - INFO -  Average Precision  (AP) @[ IoU=0.90      | area=   all | maxDets=1000 ] = 0.0000
2024-10-08 22:31:08,069 - mmdet - INFO -  Average Precision  (AP) @[ IoU=0.50:0.95 | area= small | maxDets=1000 ] = 0.0000
2024-10-08 22:31:08,069 - mmdet - INFO -  Average Precision  (AP) @[ IoU=0.50:0.95 | area=medium | maxDets=1000 ] = 0.0000
2024-10-08 22:31:08,069 - mmdet - INFO -  Average Precision  (AP) @[ IoU=0.50:0.95 | area= large | maxDets=1000 ] = 0.0000
2024-10-08 22:31:08,069 - mmdet - INFO -  Average Recall     (AR) @[ IoU=0.50:0.95 | area=   all | maxDets=100 ] = 0.0000
2024-10-08 22:31:08,069 - mmdet - INFO -  Average Recall     (AR) @[ IoU=0.50      | area=   all | maxDets=100 ] = 0.0000
2024-10-08 22:31:08,069 - mmdet - INFO -  Average Recall     (AR) @[ IoU=0.50:0.95 | area=   all | maxDets=300 ] = 0.0000
2024-10-08 22:31:08,069 - mmdet - INFO -  Average Recall     (AR) @[ IoU=0.50:0.95 | area=   all | maxDets=1000 ] = 0.0000
2024-10-08 22:31:08,069 - mmdet - INFO -  Average Recall     (AR) @[ IoU=0.50:0.95 | area= small | maxDets=1000 ] = 0.0000
2024-10-08 22:31:08,070 - mmdet - INFO -  Average Recall     (AR) @[ IoU=0.50:0.95 | area=medium | maxDets=1000 ] = 0.0000
2024-10-08 22:31:08,070 - mmdet - INFO -  Average Recall     (AR) @[ IoU=0.50:0.95 | area= large | maxDets=1000 ] = 0.0000
2024-10-08 22:31:08,079 - mmdet - INFO - Exp name: P2BNet_r50_fpn_1x_coco_ms.py
2024-10-08 22:31:08,080 - mmdet - INFO - Epoch(val) [1][360]	eval_iter_num: 720, bbox_mAP: 0.0000, bbox_mAP_50: 0.0000, bbox_mAP_75: 0.0000, bbox_mAP_s: 0.0000, bbox_mAP_m: 0.0000, bbox_mAP_l: 0.0000, bbox_mAP_copypaste: 0.000 0.000 0.000 0.000 0.000 0.000
2024-10-08 22:31:39,655 - mmdet - INFO - Epoch [2][50/360]	lr: 2.455e-01, eta: 0:59:46, time: 0.631, data_time: 0.058, memory: 8645, stage0_loss_instance_mil: 0.6843, stage0_bag_acc: 20.7443, stage0_mean_ious: 0.2731, stage0_s: 0.0000, stage0_m: 0.0057, stage0_l: 0.1237, stage0_h: 0.2832, stage1_loss_instance_mil: 0.1087, stage1_bag_acc: 19.3741, stage1_neg_loss: 0.0213, stage1_mean_ious: 0.2468, stage1_s: 0.0000, stage1_m: 0.0058, stage1_l: 0.1266, stage1_h: 0.2541, loss: 0.8144, grad_norm: 0.2583
2024-10-08 22:32:09,097 - mmdet - INFO - Epoch [2][100/360]	lr: 2.754e-01, eta: 0:59:16, time: 0.589, data_time: 0.011, memory: 8645, stage0_loss_instance_mil: 0.6941, stage0_bag_acc: 19.8001, stage0_mean_ious: 0.3384, stage0_s: 0.0000, stage0_m: 0.0035, stage0_l: 0.0758, stage0_h: 0.3674, stage1_loss_instance_mil: 0.1007, stage1_bag_acc: 18.5796, stage1_neg_loss: 0.0205, stage1_mean_ious: 0.3152, stage1_s: 0.0000, stage1_m: 0.0040, stage1_l: 0.0750, stage1_h: 0.3418, loss: 0.8154, grad_norm: 0.3296
2024-10-08 22:32:38,805 - mmdet - INFO - Epoch [2][150/360]	lr: 3.000e-01, eta: 0:58:48, time: 0.594, data_time: 0.012, memory: 8645, stage0_loss_instance_mil: 0.6890, stage0_bag_acc: 17.4352, stage0_mean_ious: 0.0888, stage0_s: 0.0000, stage0_m: 0.0171, stage0_l: 0.0980, stage0_h: 0.0792, stage1_loss_instance_mil: 0.0870, stage1_bag_acc: 20.1761, stage1_neg_loss: 0.0187, stage1_mean_ious: 0.0817, stage1_s: 0.0000, stage1_m: 0.0132, stage1_l: 0.1001, stage1_h: 0.0710, loss: 0.7946, grad_norm: 0.2207
2024-10-08 22:33:08,938 - mmdet - INFO - Epoch [2][200/360]	lr: 3.000e-01, eta: 0:58:25, time: 0.603, data_time: 0.011, memory: 8645, stage0_loss_instance_mil: 0.6891, stage0_bag_acc: 16.5296, stage0_mean_ious: 0.0781, stage0_s: 0.0000, stage0_m: 0.0268, stage0_l: 0.1067, stage0_h: 0.0602, stage1_loss_instance_mil: 0.0846, stage1_bag_acc: 19.1106, stage1_neg_loss: 0.0224, stage1_mean_ious: 0.0736, stage1_s: 0.0000, stage1_m: 0.0302, stage1_l: 0.1037, stage1_h: 0.0560, loss: 0.7961, grad_norm: 0.1625
2024-10-08 22:33:38,901 - mmdet - INFO - Epoch [2][250/360]	lr: 3.000e-01, eta: 0:57:58, time: 0.599, data_time: 0.011, memory: 8645, stage0_loss_instance_mil: 0.6721, stage0_bag_acc: 26.2863, stage0_mean_ious: 0.0733, stage0_s: 0.0000, stage0_m: 0.0111, stage0_l: 0.1069, stage0_h: 0.0579, stage1_loss_instance_mil: 0.0887, stage1_bag_acc: 23.4747, stage1_neg_loss: 0.0221, stage1_mean_ious: 0.0694, stage1_s: 0.0000, stage1_m: 0.0116, stage1_l: 0.1033, stage1_h: 0.0543, loss: 0.7829, grad_norm: 0.1772
2024-10-08 22:34:09,794 - mmdet - INFO - Epoch [2][300/360]	lr: 3.000e-01, eta: 0:57:40, time: 0.618, data_time: 0.012, memory: 8645, stage0_loss_instance_mil: 0.6933, stage0_bag_acc: 14.9365, stage0_mean_ious: 0.0682, stage0_s: 0.0000, stage0_m: 0.0108, stage0_l: 0.0825, stage0_h: 0.0588, stage1_loss_instance_mil: 0.0825, stage1_bag_acc: 10.3844, stage1_neg_loss: 0.0217, stage1_mean_ious: 0.0656, stage1_s: 0.0000, stage1_m: 0.0134, stage1_l: 0.0787, stage1_h: 0.0561, loss: 0.7975, grad_norm: 0.1570
2024-10-08 22:34:37,849 - mmdet - INFO - Epoch [2][350/360]	lr: 3.000e-01, eta: 0:56:57, time: 0.561, data_time: 0.011, memory: 8645, stage0_loss_instance_mil: 0.6879, stage0_bag_acc: 17.5759, stage0_mean_ious: 0.0746, stage0_s: 0.0000, stage0_m: 0.0130, stage0_l: 0.0792, stage0_h: 0.0614, stage1_loss_instance_mil: 0.0863, stage1_bag_acc: 19.2357, stage1_neg_loss: 0.0198, stage1_mean_ious: 0.0683, stage1_s: 0.0000, stage1_m: 0.0117, stage1_l: 0.0749, stage1_h: 0.0560, loss: 0.7939, grad_norm: 0.1779
2024-10-08 22:34:43,869 - mmdet - INFO - Saving checkpoint at 2 epochs
2024-10-08 22:36:21,707 - mmdet - INFO - Evaluating bbox...
2024-10-08 22:36:22,413 - mmdet - INFO -  Average Precision  (AP) @[ IoU=0.50:0.95 | area=   all | maxDets=100 ] = 0.0000
2024-10-08 22:36:22,413 - mmdet - INFO -  Average Precision  (AP) @[ IoU=0.50      | area=   all | maxDets=1000 ] = 0.0000
2024-10-08 22:36:22,413 - mmdet - INFO -  Average Precision  (AP) @[ IoU=0.60      | area=   all | maxDets=1000 ] = 0.0000
2024-10-08 22:36:22,413 - mmdet - INFO -  Average Precision  (AP) @[ IoU=0.70      | area=   all | maxDets=1000 ] = 0.0000
2024-10-08 22:36:22,413 - mmdet - INFO -  Average Precision  (AP) @[ IoU=0.75      | area=   all | maxDets=1000 ] = 0.0000
2024-10-08 22:36:22,413 - mmdet - INFO -  Average Precision  (AP) @[ IoU=0.80      | area=   all | maxDets=1000 ] = 0.0000
2024-10-08 22:36:22,413 - mmdet - INFO -  Average Precision  (AP) @[ IoU=0.90      | area=   all | maxDets=1000 ] = 0.0000
2024-10-08 22:36:22,413 - mmdet - INFO -  Average Precision  (AP) @[ IoU=0.50:0.95 | area= small | maxDets=1000 ] = 0.0000
2024-10-08 22:36:22,414 - mmdet - INFO -  Average Precision  (AP) @[ IoU=0.50:0.95 | area=medium | maxDets=1000 ] = 0.0000
2024-10-08 22:36:22,414 - mmdet - INFO -  Average Precision  (AP) @[ IoU=0.50:0.95 | area= large | maxDets=1000 ] = 0.0000
2024-10-08 22:36:22,414 - mmdet - INFO -  Average Recall     (AR) @[ IoU=0.50:0.95 | area=   all | maxDets=100 ] = 0.0000
2024-10-08 22:36:22,414 - mmdet - INFO -  Average Recall     (AR) @[ IoU=0.50      | area=   all | maxDets=100 ] = 0.0000
2024-10-08 22:36:22,414 - mmdet - INFO -  Average Recall     (AR) @[ IoU=0.50:0.95 | area=   all | maxDets=300 ] = 0.0000
2024-10-08 22:36:22,414 - mmdet - INFO -  Average Recall     (AR) @[ IoU=0.50:0.95 | area=   all | maxDets=1000 ] = 0.0000
2024-10-08 22:36:22,414 - mmdet - INFO -  Average Recall     (AR) @[ IoU=0.50:0.95 | area= small | maxDets=1000 ] = 0.0000
2024-10-08 22:36:22,415 - mmdet - INFO -  Average Recall     (AR) @[ IoU=0.50:0.95 | area=medium | maxDets=1000 ] = 0.0000
2024-10-08 22:36:22,415 - mmdet - INFO -  Average Recall     (AR) @[ IoU=0.50:0.95 | area= large | maxDets=1000 ] = 0.0000
2024-10-08 22:36:22,425 - mmdet - INFO - Exp name: P2BNet_r50_fpn_1x_coco_ms.py
2024-10-08 22:36:22,426 - mmdet - INFO - Epoch(val) [2][360]	eval_iter_num: 720, bbox_mAP: 0.0000, bbox_mAP_50: 0.0000, bbox_mAP_75: 0.0000, bbox_mAP_s: 0.0000, bbox_mAP_m: 0.0000, bbox_mAP_l: 0.0000, bbox_mAP_copypaste: 0.000 0.000 0.000 0.000 0.000 0.000
2024-10-08 22:36:55,345 - mmdet - INFO - Epoch [3][50/360]	lr: 3.000e-01, eta: 0:56:02, time: 0.658, data_time: 0.059, memory: 8645, stage0_loss_instance_mil: 0.6784, stage0_bag_acc: 21.3226, stage0_mean_ious: 0.0685, stage0_s: 0.0000, stage0_m: 0.0158, stage0_l: 0.0755, stage0_h: 0.0593, stage1_loss_instance_mil: 0.0843, stage1_bag_acc: 26.1231, stage1_neg_loss: 0.0217, stage1_mean_ious: 0.0627, stage1_s: 0.0000, stage1_m: 0.0157, stage1_l: 0.0706, stage1_h: 0.0538, loss: 0.7844, grad_norm: 0.1545
2024-10-08 22:37:26,060 - mmdet - INFO - Epoch [3][100/360]	lr: 3.000e-01, eta: 0:55:41, time: 0.614, data_time: 0.012, memory: 8645, stage0_loss_instance_mil: 0.6925, stage0_bag_acc: 16.5232, stage0_mean_ious: 0.0656, stage0_s: 0.0000, stage0_m: 0.0212, stage0_l: 0.0622, stage0_h: 0.0555, stage1_loss_instance_mil: 0.0813, stage1_bag_acc: 19.6512, stage1_neg_loss: 0.0230, stage1_mean_ious: 0.0613, stage1_s: 0.0000, stage1_m: 0.0217, stage1_l: 0.0564, stage1_h: 0.0512, loss: 0.7969, grad_norm: 0.1825
2024-10-08 22:37:55,442 - mmdet - INFO - Epoch [3][150/360]	lr: 3.000e-01, eta: 0:55:11, time: 0.588, data_time: 0.013, memory: 8647, stage0_loss_instance_mil: 0.6915, stage0_bag_acc: 21.6839, stage0_mean_ious: 0.1473, stage0_s: 0.0000, stage0_m: 0.0072, stage0_l: 0.0799, stage0_h: 0.1501, stage1_loss_instance_mil: 0.0905, stage1_bag_acc: 18.1340, stage1_neg_loss: 0.0222, stage1_mean_ious: 0.1409, stage1_s: 0.0000, stage1_m: 0.0065, stage1_l: 0.0784, stage1_h: 0.1426, loss: 0.8042, grad_norm: 0.2189
2024-10-08 22:38:26,322 - mmdet - INFO - Epoch [3][200/360]	lr: 3.000e-01, eta: 0:54:49, time: 0.618, data_time: 0.013, memory: 8647, stage0_loss_instance_mil: 0.7043, stage0_bag_acc: 17.5164, stage0_mean_ious: 0.3231, stage0_s: 0.0000, stage0_m: 0.0072, stage0_l: 0.0687, stage0_h: 0.3482, stage1_loss_instance_mil: 0.1014, stage1_bag_acc: 19.7609, stage1_neg_loss: 0.0236, stage1_mean_ious: 0.3079, stage1_s: 0.0000, stage1_m: 0.0063, stage1_l: 0.0593, stage1_h: 0.3330, loss: 0.8292, grad_norm: 0.2433
2024-10-08 22:38:57,813 - mmdet - INFO - Epoch [3][250/360]	lr: 3.000e-01, eta: 0:54:31, time: 0.630, data_time: 0.013, memory: 8647, stage0_loss_instance_mil: 0.7024, stage0_bag_acc: 13.1486, stage0_mean_ious: 0.3475, stage0_s: 0.0000, stage0_m: 0.0006, stage0_l: 0.0808, stage0_h: 0.3704, stage1_loss_instance_mil: 0.1035, stage1_bag_acc: 21.8374, stage1_neg_loss: 0.0224, stage1_mean_ious: 0.3431, stage1_s: 0.0000, stage1_m: 0.0004, stage1_l: 0.0804, stage1_h: 0.3654, loss: 0.8283, grad_norm: 0.2125
2024-10-08 22:39:28,509 - mmdet - INFO - Epoch [3][300/360]	lr: 3.000e-01, eta: 0:54:06, time: 0.614, data_time: 0.013, memory: 8647, stage0_loss_instance_mil: 0.6884, stage0_bag_acc: 21.1070, stage0_mean_ious: 0.3444, stage0_s: 0.0000, stage0_m: 0.0049, stage0_l: 0.0676, stage0_h: 0.3824, stage1_loss_instance_mil: 0.1064, stage1_bag_acc: 25.0142, stage1_neg_loss: 0.0237, stage1_mean_ious: 0.3407, stage1_s: 0.0000, stage1_m: 0.0048, stage1_l: 0.0649, stage1_h: 0.3775, loss: 0.8186, grad_norm: 0.1536
2024-10-08 22:39:58,377 - mmdet - INFO - Epoch [3][350/360]	lr: 3.000e-01, eta: 0:53:37, time: 0.597, data_time: 0.013, memory: 8647, stage0_loss_instance_mil: 0.6870, stage0_bag_acc: 20.6325, stage0_mean_ious: 0.3182, stage0_s: 0.0000, stage0_m: 0.0029, stage0_l: 0.0786, stage0_h: 0.3431, stage1_loss_instance_mil: 0.1091, stage1_bag_acc: 25.6068, stage1_neg_loss: 0.0230, stage1_mean_ious: 0.3098, stage1_s: 0.0000, stage1_m: 0.0030, stage1_l: 0.0740, stage1_h: 0.3343, loss: 0.8190, grad_norm: 0.1487
2024-10-08 22:40:04,002 - mmdet - INFO - Saving checkpoint at 3 epochs
