2024-03-03 23:26:45,440 - mmdet - INFO - Environment info:
------------------------------------------------------------
sys.platform: linux
Python: 3.7.16 (default, Jan 17 2023, 22:20:44) [GCC 11.2.0]
CUDA available: True
GPU 0,1,2,3,4,5,6,7: NVIDIA GeForce RTX 3090
CUDA_HOME: /usr/local/cuda-12.0
NVCC: Build cuda_12.0.r12.0/compiler.31968024_0
GCC: gcc (Ubuntu 7.5.0-3ubuntu1~18.04) 7.5.0
PyTorch: 1.7.0
PyTorch compiling details: PyTorch built with:
  - GCC 7.3
  - C++ Version: 201402
  - Intel(R) oneAPI Math Kernel Library Version 2021.4-Product Build 20210904 for Intel(R) 64 architecture applications
  - Intel(R) MKL-DNN v1.6.0 (Git Hash 5ef631a030a6f73131c77892041042805a06064f)
  - OpenMP 201511 (a.k.a. OpenMP 4.5)
  - NNPACK is enabled
  - CPU capability usage: AVX2
  - CUDA Runtime 11.0
  - NVCC architecture flags: -gencode;arch=compute_37,code=sm_37;-gencode;arch=compute_50,code=sm_50;-gencode;arch=compute_60,code=sm_60;-gencode;arch=compute_61,code=sm_61;-gencode;arch=compute_70,code=sm_70;-gencode;arch=compute_75,code=sm_75;-gencode;arch=compute_80,code=sm_80;-gencode;arch=compute_37,code=compute_37
  - CuDNN 8.0.3
  - Magma 2.5.2
  - Build settings: BLAS=MKL, BUILD_TYPE=Release, CXX_FLAGS= -Wno-deprecated -fvisibility-inlines-hidden -DUSE_PTHREADPOOL -fopenmp -DNDEBUG -DUSE_FBGEMM -DUSE_QNNPACK -DUSE_PYTORCH_QNNPACK -DUSE_XNNPACK -DUSE_VULKAN_WRAPPER -O2 -fPIC -Wno-narrowing -Wall -Wextra -Werror=return-type -Wno-missing-field-initializers -Wno-type-limits -Wno-array-bounds -Wno-unknown-pragmas -Wno-sign-compare -Wno-unused-parameter -Wno-unused-variable -Wno-unused-function -Wno-unused-result -Wno-unused-local-typedefs -Wno-strict-overflow -Wno-strict-aliasing -Wno-error=deprecated-declarations -Wno-stringop-overflow -Wno-psabi -Wno-error=pedantic -Wno-error=redundant-decls -Wno-error=old-style-cast -fdiagnostics-color=always -faligned-new -Wno-unused-but-set-variable -Wno-maybe-uninitialized -fno-math-errno -fno-trapping-math -Werror=format -Wno-stringop-overflow, PERF_WITH_AVX=1, PERF_WITH_AVX2=1, PERF_WITH_AVX512=1, USE_CUDA=ON, USE_EXCEPTION_PTR=1, USE_GFLAGS=OFF, USE_GLOG=OFF, USE_MKL=ON, USE_MKLDNN=ON, USE_MPI=OFF, USE_NCCL=ON, USE_NNPACK=ON, USE_OPENMP=ON, 

TorchVision: 0.8.0
OpenCV: 4.8.1
MMCV: 1.3.3
MMCV Compiler: GCC 7.3
MMCV CUDA Compiler: 11.0
MMDetection: 2.13.0+c820f32
------------------------------------------------------------

2024-03-03 23:26:47,303 - mmdet - INFO - Distributed training: False
2024-03-03 23:26:48,958 - mmdet - INFO - Config:
checkpoint_config = dict(interval=1)
log_config = dict(interval=50, hooks=[dict(type='TextLoggerHook')])
custom_hooks = [dict(type='NumClassCheckHook')]
dist_params = dict(backend='nccl')
log_level = 'INFO'
load_from = '../TOV_mmdetection_cache/work_dir/coco/pre_trained/P2B.pth'
resume_from = None
workflow = [('train', 1)]
norm_cfg = dict(type='GN', num_groups=32, requires_grad=True)
debug = False
num_stages = 2
model = dict(
    type='P2BNet',
    pretrained='torchvision://resnet50',
    backbone=dict(
        type='ResNet',
        depth=50,
        num_stages=4,
        out_indices=(0, 1, 2, 3),
        frozen_stages=1,
        norm_cfg=dict(type='BN', requires_grad=True),
        norm_eval=True,
        style='pytorch'),
    neck=dict(
        type='FPN',
        in_channels=[256, 512, 1024, 2048],
        out_channels=256,
        start_level=0,
        add_extra_convs='on_input',
        num_outs=4,
        norm_cfg=dict(type='GN', num_groups=32, requires_grad=True)),
    roi_head=dict(
        type='P2BHead',
        num_stages=2,
        top_k=7,
        with_atten=False,
        bbox_roi_extractor=dict(
            type='SingleRoIExtractor',
            roi_layer=dict(type='RoIAlign', output_size=7),
            out_channels=256,
            featmap_strides=[4, 8, 16, 32]),
        bbox_head=dict(
            type='Shared2FCInstanceMILHead',
            num_stages=2,
            with_loss_pseudo=False,
            in_channels=256,
            fc_out_channels=1024,
            roi_feat_size=7,
            num_classes=6,
            num_ref_fcs=0,
            bbox_coder=dict(
                type='DeltaXYWHBBoxCoder',
                target_means=[0.0, 0.0, 0.0, 0.0],
                target_stds=[0.1, 0.1, 0.2, 0.2]),
            reg_class_agnostic=True,
            loss_type='MIL',
            loss_mil1=dict(
                type='MILLoss',
                binary_ins=False,
                loss_weight=0.25,
                loss_type='binary_cross_entropy'),
            loss_mil2=dict(
                type='MILLoss',
                binary_ins=False,
                loss_weight=0.25,
                loss_type='gfocal_loss'))),
    train_cfg=dict(
        base_proposal=dict(
            base_scales=[4, 8, 16, 32, 64, 128],
            base_ratios=[
                0.3333333333333333, 0.5, 0.6666666666666666, 1.0, 1.5, 2.0, 3.0
            ],
            shake_ratio=None,
            cut_mode='symmetry',
            gen_num_neg=0),
        fine_proposal=dict(
            gen_proposal_mode='fix_gen',
            cut_mode=None,
            shake_ratio=[0.1],
            base_ratios=[1, 1.2, 1.3, 0.8, 0.7],
            iou_thr=0.3,
            gen_num_neg=500),
        rcnn=None),
    test_cfg=dict(rpn=None, rcnn=None))
dataset_type = 'CocoFmtDataset'
data_root = 'data/coco/'
img_norm_cfg = dict(
    mean=[123.675, 116.28, 103.53], std=[58.395, 57.12, 57.375], to_rgb=True)
train_pipeline = [
    dict(type='LoadImageFromFile'),
    dict(type='LoadAnnotations', with_bbox=True),
    dict(
        type='Resize',
        img_scale=[(2000, 480), (2000, 576), (2000, 688), (2000, 864),
                   (2000, 1000), (2000, 1200)],
        multiscale_mode='value',
        keep_ratio=True),
    dict(type='RandomFlip', flip_ratio=0.5),
    dict(
        type='Normalize',
        mean=[123.675, 116.28, 103.53],
        std=[58.395, 57.12, 57.375],
        to_rgb=True),
    dict(type='Pad', size_divisor=32),
    dict(type='DefaultFormatBundle'),
    dict(
        type='Collect',
        keys=[
            'img', 'gt_bboxes', 'gt_labels', 'gt_bboxes_ignore',
            'gt_true_bboxes'
        ])
]
test_scale = 1200
test_pipeline = [
    dict(type='LoadImageFromFile'),
    dict(type='LoadAnnotations', with_bbox=True),
    dict(
        type='MultiScaleFlipAug',
        img_scale=(2000, 1200),
        flip=False,
        transforms=[
            dict(type='Resize', keep_ratio=True),
            dict(type='RandomFlip'),
            dict(
                type='Normalize',
                mean=[123.675, 116.28, 103.53],
                std=[58.395, 57.12, 57.375],
                to_rgb=True),
            dict(type='Pad', size_divisor=32),
            dict(type='DefaultFormatBundle'),
            dict(
                type='Collect',
                keys=[
                    'img', 'gt_bboxes', 'gt_labels', 'gt_bboxes_ignore',
                    'gt_anns_id', 'gt_true_bboxes'
                ])
        ])
]
data = dict(
    samples_per_gpu=8,
    workers_per_gpu=1,
    shuffle=None,
    train=dict(
        type='CocoFmtDataset',
        ann_file='data/coco/annotations_qc_pt/instances_train2017_coarse.json',
        img_prefix='data/coco/images/train/',
        pipeline=[
            dict(type='LoadImageFromFile'),
            dict(type='LoadAnnotations', with_bbox=True),
            dict(
                type='Resize',
                img_scale=[(2000, 480), (2000, 576), (2000, 688), (2000, 864),
                           (2000, 1000), (2000, 1200)],
                multiscale_mode='value',
                keep_ratio=True),
            dict(type='RandomFlip', flip_ratio=0.5),
            dict(
                type='Normalize',
                mean=[123.675, 116.28, 103.53],
                std=[58.395, 57.12, 57.375],
                to_rgb=True),
            dict(type='Pad', size_divisor=32),
            dict(type='DefaultFormatBundle'),
            dict(
                type='Collect',
                keys=[
                    'img', 'gt_bboxes', 'gt_labels', 'gt_bboxes_ignore',
                    'gt_true_bboxes'
                ])
        ]),
    val=dict(
        samples_per_gpu=2,
        type='CocoFmtDataset',
        ann_file='data/coco/annotations_qc_pt/instances_train2017_coarse.json',
        img_prefix='data/coco/images/train/',
        pipeline=[
            dict(type='LoadImageFromFile'),
            dict(type='LoadAnnotations', with_bbox=True),
            dict(
                type='MultiScaleFlipAug',
                img_scale=(2000, 1200),
                flip=False,
                transforms=[
                    dict(type='Resize', keep_ratio=True),
                    dict(type='RandomFlip'),
                    dict(
                        type='Normalize',
                        mean=[123.675, 116.28, 103.53],
                        std=[58.395, 57.12, 57.375],
                        to_rgb=True),
                    dict(type='Pad', size_divisor=32),
                    dict(type='DefaultFormatBundle'),
                    dict(
                        type='Collect',
                        keys=[
                            'img', 'gt_bboxes', 'gt_labels',
                            'gt_bboxes_ignore', 'gt_anns_id', 'gt_true_bboxes'
                        ])
                ])
        ],
        test_mode=False),
    test=dict(
        samples_per_gpu=2,
        type='CocoFmtDataset',
        ann_file='data/coco/annotations/instances_val.json',
        img_prefix='data/coco/images/val/',
        pipeline=[
            dict(type='LoadImageFromFile'),
            dict(type='LoadAnnotations', with_bbox=True),
            dict(
                type='MultiScaleFlipAug',
                img_scale=(2000, 1200),
                flip=False,
                transforms=[
                    dict(type='Resize', keep_ratio=True),
                    dict(type='RandomFlip'),
                    dict(
                        type='Normalize',
                        mean=[123.675, 116.28, 103.53],
                        std=[58.395, 57.12, 57.375],
                        to_rgb=True),
                    dict(type='Pad', size_divisor=32),
                    dict(type='DefaultFormatBundle'),
                    dict(
                        type='Collect',
                        keys=[
                            'img', 'gt_bboxes', 'gt_labels',
                            'gt_bboxes_ignore', 'gt_anns_id', 'gt_true_bboxes'
                        ])
                ])
        ],
        test_mode=False))
check = dict(stop_while_nan=False)
optimizer = dict(type='SGD', lr=0.01, momentum=0.9, weight_decay=0.0001)
optimizer_config = dict(grad_clip=dict(max_norm=35, norm_type=2))
lr_config = dict(
    policy='step',
    warmup='linear',
    warmup_iters=500,
    warmup_ratio=0.001,
    step=[8, 11])
runner = dict(type='EpochBasedRunner', max_epochs=12)
work_dir = '../TOV_mmdetection_cache/work_dir/coco/'
evaluation = dict(
    interval=1,
    metric='bbox',
    save_result_file=
    '../TOV_mmdetection_cache/work_dir/coco/_1200_latest_result.json',
    do_first_eval=False,
    do_final_eval=True)
gpu_ids = range(0, 1)

2024-03-03 23:26:54,118 - mmdet - INFO - load checkpoint from ../TOV_mmdetection_cache/work_dir/coco/pre_trained/P2B.pth
2024-03-03 23:26:54,119 - mmdet - INFO - Use load_from_local loader
2024-03-03 23:26:54,552 - mmdet - WARNING - The model and loaded state dict do not match exactly

size mismatch for roi_head.bbox_head.fc_cls.0.weight: copying a param with shape torch.Size([81, 1024]) from checkpoint, the shape in current model is torch.Size([7, 1024]).
size mismatch for roi_head.bbox_head.fc_cls.0.bias: copying a param with shape torch.Size([81]) from checkpoint, the shape in current model is torch.Size([7]).
size mismatch for roi_head.bbox_head.fc_cls.1.weight: copying a param with shape torch.Size([80, 1024]) from checkpoint, the shape in current model is torch.Size([6, 1024]).
size mismatch for roi_head.bbox_head.fc_cls.1.bias: copying a param with shape torch.Size([80]) from checkpoint, the shape in current model is torch.Size([6]).
size mismatch for roi_head.bbox_head.fc_ins.0.weight: copying a param with shape torch.Size([81, 1024]) from checkpoint, the shape in current model is torch.Size([7, 1024]).
size mismatch for roi_head.bbox_head.fc_ins.0.bias: copying a param with shape torch.Size([81]) from checkpoint, the shape in current model is torch.Size([7]).
size mismatch for roi_head.bbox_head.fc_ins.1.weight: copying a param with shape torch.Size([80, 1024]) from checkpoint, the shape in current model is torch.Size([6, 1024]).
size mismatch for roi_head.bbox_head.fc_ins.1.bias: copying a param with shape torch.Size([80]) from checkpoint, the shape in current model is torch.Size([6]).
2024-03-03 23:26:54,560 - mmdet - INFO - Start running, host: lxz@user-SYS-4029GP-TRT2, work_dir: /home/lxz/P2BNet/TOV_mmdetection_cache/work_dir/coco
2024-03-03 23:26:54,560 - mmdet - INFO - workflow: [('train', 1)], max: 12 epochs
2024-03-03 23:27:58,321 - mmdet - INFO - Epoch [1][50/180]	lr: 9.890e-04, eta: 0:44:50, time: 1.275, data_time: 0.084, memory: 16562, stage0_loss_instance_mil: 0.6785, stage0_bag_acc: 28.0496, stage0_mean_ious: 0.2717, stage0_s: 0.0000, stage0_m: 0.0355, stage0_l: 0.2245, stage0_h: 0.2718, stage1_loss_instance_mil: 0.1734, stage1_bag_acc: 14.4409, stage1_neg_loss: 0.0054, stage1_mean_ious: 0.2573, stage1_s: 0.0000, stage1_m: 0.0376, stage1_l: 0.2257, stage1_h: 0.2551, loss: 0.8573, grad_norm: 3.4230
2024-03-03 23:29:00,415 - mmdet - INFO - Epoch [1][100/180]	lr: 1.988e-03, eta: 0:43:12, time: 1.242, data_time: 0.034, memory: 16564, stage0_loss_instance_mil: 0.4495, stage0_bag_acc: 61.0535, stage0_mean_ious: 0.3974, stage0_s: 0.0000, stage0_m: 0.0653, stage0_l: 0.2441, stage0_h: 0.4140, stage1_loss_instance_mil: 0.2217, stage1_bag_acc: 51.6452, stage1_neg_loss: 0.0349, stage1_mean_ious: 0.3599, stage1_s: 0.0000, stage1_m: 0.0620, stage1_l: 0.2221, stage1_h: 0.3743, loss: 0.7061, grad_norm: 5.0684
2024-03-03 23:30:01,767 - mmdet - INFO - Epoch [1][150/180]	lr: 2.987e-03, eta: 0:41:48, time: 1.227, data_time: 0.034, memory: 16564, stage0_loss_instance_mil: 0.1590, stage0_bag_acc: 91.3196, stage0_mean_ious: 0.3438, stage0_s: 0.0000, stage0_m: 0.0770, stage0_l: 0.2252, stage0_h: 0.3587, stage1_loss_instance_mil: 0.3727, stage1_bag_acc: 79.8895, stage1_neg_loss: 0.0616, stage1_mean_ious: 0.3439, stage1_s: 0.0000, stage1_m: 0.0788, stage1_l: 0.2360, stage1_h: 0.3574, loss: 0.5933, grad_norm: 6.3403
2024-03-03 23:30:38,798 - mmdet - INFO - Saving checkpoint at 1 epochs
2024-03-03 23:32:49,587 - mmdet - INFO - Evaluating bbox...
2024-03-03 23:32:51,547 - mmdet - INFO -  Average Precision  (AP) @[ IoU=0.50:0.95 | area=   all | maxDets=100 ] = 0.0371
2024-03-03 23:32:51,547 - mmdet - INFO -  Average Precision  (AP) @[ IoU=0.50      | area=   all | maxDets=1000 ] = 0.1423
2024-03-03 23:32:51,548 - mmdet - INFO -  Average Precision  (AP) @[ IoU=0.60      | area=   all | maxDets=1000 ] = 0.0596
2024-03-03 23:32:51,548 - mmdet - INFO -  Average Precision  (AP) @[ IoU=0.70      | area=   all | maxDets=1000 ] = 0.0211
2024-03-03 23:32:51,548 - mmdet - INFO -  Average Precision  (AP) @[ IoU=0.75      | area=   all | maxDets=1000 ] = 0.0105
2024-03-03 23:32:51,548 - mmdet - INFO -  Average Precision  (AP) @[ IoU=0.80      | area=   all | maxDets=1000 ] = 0.0043
2024-03-03 23:32:51,548 - mmdet - INFO -  Average Precision  (AP) @[ IoU=0.90      | area=   all | maxDets=1000 ] = 0.0001
2024-03-03 23:32:51,548 - mmdet - INFO -  Average Precision  (AP) @[ IoU=0.50:0.95 | area= small | maxDets=1000 ] = 0.0916
2024-03-03 23:32:51,548 - mmdet - INFO -  Average Precision  (AP) @[ IoU=0.50:0.95 | area=medium | maxDets=1000 ] = 0.0486
2024-03-03 23:32:51,549 - mmdet - INFO -  Average Precision  (AP) @[ IoU=0.50:0.95 | area= large | maxDets=1000 ] = 0.0545
2024-03-03 23:32:51,549 - mmdet - INFO -  Average Recall     (AR) @[ IoU=0.50:0.95 | area=   all | maxDets=100 ] = 0.1048
2024-03-03 23:32:51,549 - mmdet - INFO -  Average Recall     (AR) @[ IoU=0.50:0.95 | area=   all | maxDets=300 ] = 0.1048
2024-03-03 23:32:51,549 - mmdet - INFO -  Average Recall     (AR) @[ IoU=0.50:0.95 | area=   all | maxDets=1000 ] = 0.1048
2024-03-03 23:32:51,549 - mmdet - INFO -  Average Recall     (AR) @[ IoU=0.50:0.95 | area= small | maxDets=1000 ] = 0.1154
2024-03-03 23:32:51,549 - mmdet - INFO -  Average Recall     (AR) @[ IoU=0.50:0.95 | area=medium | maxDets=1000 ] = 0.1189
2024-03-03 23:32:51,549 - mmdet - INFO -  Average Recall     (AR) @[ IoU=0.50:0.95 | area= large | maxDets=1000 ] = 0.0595
2024-03-03 23:32:51,581 - mmdet - INFO - Exp name: P2BNet_r50_fpn_1x_coco_ms.py
2024-03-03 23:32:51,583 - mmdet - INFO - Epoch(val) [1][180]	eval_iter_num: 720, bbox_mAP: 0.0370, bbox_mAP_50: 0.1420, bbox_mAP_75: 0.0600, bbox_mAP_s: 0.0210, bbox_mAP_m: 0.0110, bbox_mAP_l: 0.0040, bbox_mAP_copypaste: 0.037 0.142 0.060 0.021 0.011 0.004
2024-03-03 23:33:53,300 - mmdet - INFO - Epoch [2][50/180]	lr: 4.585e-03, eta: 0:34:48, time: 1.234, data_time: 0.085, memory: 16567, stage0_loss_instance_mil: 0.0954, stage0_bag_acc: 94.5065, stage0_mean_ious: 0.3831, stage0_s: 0.0000, stage0_m: 0.0459, stage0_l: 0.2260, stage0_h: 0.3927, stage1_loss_instance_mil: 0.3771, stage1_bag_acc: 80.9055, stage1_neg_loss: 0.0694, stage1_mean_ious: 0.3872, stage1_s: 0.0000, stage1_m: 0.0494, stage1_l: 0.2297, stage1_h: 0.3974, loss: 0.5420, grad_norm: 5.6223
2024-03-03 23:34:52,901 - mmdet - INFO - Epoch [2][100/180]	lr: 5.584e-03, eta: 0:34:31, time: 1.192, data_time: 0.036, memory: 16567, stage0_loss_instance_mil: 0.1001, stage0_bag_acc: 94.1135, stage0_mean_ious: 0.3691, stage0_s: 0.0000, stage0_m: 0.0585, stage0_l: 0.2677, stage0_h: 0.3799, stage1_loss_instance_mil: 0.3224, stage1_bag_acc: 81.7224, stage1_neg_loss: 0.0820, stage1_mean_ious: 0.3790, stage1_s: 0.0000, stage1_m: 0.0703, stage1_l: 0.2812, stage1_h: 0.3873, loss: 0.5045, grad_norm: 4.9138
2024-03-03 23:35:53,694 - mmdet - INFO - Epoch [2][150/180]	lr: 6.583e-03, eta: 0:34:07, time: 1.216, data_time: 0.037, memory: 16574, stage0_loss_instance_mil: 0.1396, stage0_bag_acc: 91.1221, stage0_mean_ious: 0.3779, stage0_s: 0.0000, stage0_m: 0.0568, stage0_l: 0.1889, stage0_h: 0.3867, stage1_loss_instance_mil: 0.2816, stage1_bag_acc: 86.0135, stage1_neg_loss: 0.0528, stage1_mean_ious: 0.3798, stage1_s: 0.0000, stage1_m: 0.0652, stage1_l: 0.2075, stage1_h: 0.3853, loss: 0.4740, grad_norm: 5.0240
2024-03-03 23:36:30,642 - mmdet - INFO - Saving checkpoint at 2 epochs
2024-03-03 23:38:42,629 - mmdet - INFO - Evaluating bbox...
2024-03-03 23:38:44,520 - mmdet - INFO -  Average Precision  (AP) @[ IoU=0.50:0.95 | area=   all | maxDets=100 ] = 0.0245
2024-03-03 23:38:44,520 - mmdet - INFO -  Average Precision  (AP) @[ IoU=0.50      | area=   all | maxDets=1000 ] = 0.0963
2024-03-03 23:38:44,521 - mmdet - INFO -  Average Precision  (AP) @[ IoU=0.60      | area=   all | maxDets=1000 ] = 0.0366
2024-03-03 23:38:44,521 - mmdet - INFO -  Average Precision  (AP) @[ IoU=0.70      | area=   all | maxDets=1000 ] = 0.0139
2024-03-03 23:38:44,521 - mmdet - INFO -  Average Precision  (AP) @[ IoU=0.75      | area=   all | maxDets=1000 ] = 0.0084
2024-03-03 23:38:44,521 - mmdet - INFO -  Average Precision  (AP) @[ IoU=0.80      | area=   all | maxDets=1000 ] = 0.0037
2024-03-03 23:38:44,521 - mmdet - INFO -  Average Precision  (AP) @[ IoU=0.90      | area=   all | maxDets=1000 ] = 0.0005
2024-03-03 23:38:44,521 - mmdet - INFO -  Average Precision  (AP) @[ IoU=0.50:0.95 | area= small | maxDets=1000 ] = 0.0865
2024-03-03 23:38:44,522 - mmdet - INFO -  Average Precision  (AP) @[ IoU=0.50:0.95 | area=medium | maxDets=1000 ] = 0.0374
2024-03-03 23:38:44,522 - mmdet - INFO -  Average Precision  (AP) @[ IoU=0.50:0.95 | area= large | maxDets=1000 ] = 0.0101
2024-03-03 23:38:44,522 - mmdet - INFO -  Average Recall     (AR) @[ IoU=0.50:0.95 | area=   all | maxDets=100 ] = 0.0768
2024-03-03 23:38:44,522 - mmdet - INFO -  Average Recall     (AR) @[ IoU=0.50:0.95 | area=   all | maxDets=300 ] = 0.0768
2024-03-03 23:38:44,522 - mmdet - INFO -  Average Recall     (AR) @[ IoU=0.50:0.95 | area=   all | maxDets=1000 ] = 0.0768
2024-03-03 23:38:44,523 - mmdet - INFO -  Average Recall     (AR) @[ IoU=0.50:0.95 | area= small | maxDets=1000 ] = 0.0931
2024-03-03 23:38:44,523 - mmdet - INFO -  Average Recall     (AR) @[ IoU=0.50:0.95 | area=medium | maxDets=1000 ] = 0.0892
2024-03-03 23:38:44,523 - mmdet - INFO -  Average Recall     (AR) @[ IoU=0.50:0.95 | area= large | maxDets=1000 ] = 0.0245
2024-03-03 23:38:44,567 - mmdet - INFO - Exp name: P2BNet_r50_fpn_1x_coco_ms.py
2024-03-03 23:38:44,569 - mmdet - INFO - Epoch(val) [2][180]	eval_iter_num: 720, bbox_mAP: 0.0250, bbox_mAP_50: 0.0960, bbox_mAP_75: 0.0370, bbox_mAP_s: 0.0140, bbox_mAP_m: 0.0080, bbox_mAP_l: 0.0040, bbox_mAP_copypaste: 0.025 0.096 0.037 0.014 0.008 0.004
2024-03-03 23:39:45,861 - mmdet - INFO - Epoch [3][50/180]	lr: 8.182e-03, eta: 0:30:37, time: 1.225, data_time: 0.088, memory: 16574, stage0_loss_instance_mil: 0.0849, stage0_bag_acc: 95.7640, stage0_mean_ious: 0.4072, stage0_s: 0.0000, stage0_m: 0.0233, stage0_l: 0.2388, stage0_h: 0.4199, stage1_loss_instance_mil: 0.2759, stage1_bag_acc: 85.8790, stage1_neg_loss: 0.0699, stage1_mean_ious: 0.4028, stage1_s: 0.0000, stage1_m: 0.0275, stage1_l: 0.2489, stage1_h: 0.4125, loss: 0.4307, grad_norm: 4.3460
2024-03-03 23:40:47,095 - mmdet - INFO - Epoch [3][100/180]	lr: 9.181e-03, eta: 0:30:17, time: 1.225, data_time: 0.037, memory: 16574, stage0_loss_instance_mil: 0.2456, stage0_bag_acc: 82.5161, stage0_mean_ious: 0.4369, stage0_s: 0.0000, stage0_m: 0.0051, stage0_l: 0.2853, stage0_h: 0.4495, stage1_loss_instance_mil: 0.2635, stage1_bag_acc: 71.5776, stage1_neg_loss: 0.0407, stage1_mean_ious: 0.4375, stage1_s: 0.0000, stage1_m: 0.0053, stage1_l: 0.3025, stage1_h: 0.4480, loss: 0.5498, grad_norm: 4.3462
2024-03-03 23:41:47,227 - mmdet - INFO - Epoch [3][150/180]	lr: 1.000e-02, eta: 0:29:45, time: 1.203, data_time: 0.037, memory: 16574, stage0_loss_instance_mil: 0.1479, stage0_bag_acc: 89.5080, stage0_mean_ious: 0.4440, stage0_s: 0.0000, stage0_m: 0.0430, stage0_l: 0.3091, stage0_h: 0.4533, stage1_loss_instance_mil: 0.2023, stage1_bag_acc: 85.8306, stage1_neg_loss: 0.0547, stage1_mean_ious: 0.4605, stage1_s: 0.0000, stage1_m: 0.0530, stage1_l: 0.3377, stage1_h: 0.4661, loss: 0.4049, grad_norm: 3.7593
2024-03-03 23:42:23,838 - mmdet - INFO - Saving checkpoint at 3 epochs
2024-03-03 23:44:34,840 - mmdet - INFO - Evaluating bbox...
2024-03-03 23:44:36,695 - mmdet - INFO -  Average Precision  (AP) @[ IoU=0.50:0.95 | area=   all | maxDets=100 ] = 0.0266
2024-03-03 23:44:36,695 - mmdet - INFO -  Average Precision  (AP) @[ IoU=0.50      | area=   all | maxDets=1000 ] = 0.0985
2024-03-03 23:44:36,695 - mmdet - INFO -  Average Precision  (AP) @[ IoU=0.60      | area=   all | maxDets=1000 ] = 0.0432
2024-03-03 23:44:36,695 - mmdet - INFO -  Average Precision  (AP) @[ IoU=0.70      | area=   all | maxDets=1000 ] = 0.0152
2024-03-03 23:44:36,695 - mmdet - INFO -  Average Precision  (AP) @[ IoU=0.75      | area=   all | maxDets=1000 ] = 0.0086
2024-03-03 23:44:36,696 - mmdet - INFO -  Average Precision  (AP) @[ IoU=0.80      | area=   all | maxDets=1000 ] = 0.0044
2024-03-03 23:44:36,696 - mmdet - INFO -  Average Precision  (AP) @[ IoU=0.90      | area=   all | maxDets=1000 ] = 0.0004
2024-03-03 23:44:36,696 - mmdet - INFO -  Average Precision  (AP) @[ IoU=0.50:0.95 | area= small | maxDets=1000 ] = 0.0886
2024-03-03 23:44:36,696 - mmdet - INFO -  Average Precision  (AP) @[ IoU=0.50:0.95 | area=medium | maxDets=1000 ] = 0.0370
2024-03-03 23:44:36,697 - mmdet - INFO -  Average Precision  (AP) @[ IoU=0.50:0.95 | area= large | maxDets=1000 ] = 0.0329
2024-03-03 23:44:36,697 - mmdet - INFO -  Average Recall     (AR) @[ IoU=0.50:0.95 | area=   all | maxDets=100 ] = 0.0845
2024-03-03 23:44:36,697 - mmdet - INFO -  Average Recall     (AR) @[ IoU=0.50:0.95 | area=   all | maxDets=300 ] = 0.0845
2024-03-03 23:44:36,697 - mmdet - INFO -  Average Recall     (AR) @[ IoU=0.50:0.95 | area=   all | maxDets=1000 ] = 0.0845
2024-03-03 23:44:36,697 - mmdet - INFO -  Average Recall     (AR) @[ IoU=0.50:0.95 | area= small | maxDets=1000 ] = 0.1172
2024-03-03 23:44:36,697 - mmdet - INFO -  Average Recall     (AR) @[ IoU=0.50:0.95 | area=medium | maxDets=1000 ] = 0.0945
2024-03-03 23:44:36,697 - mmdet - INFO -  Average Recall     (AR) @[ IoU=0.50:0.95 | area= large | maxDets=1000 ] = 0.0391
2024-03-03 23:44:36,737 - mmdet - INFO - Exp name: P2BNet_r50_fpn_1x_coco_ms.py
2024-03-03 23:44:36,739 - mmdet - INFO - Epoch(val) [3][180]	eval_iter_num: 720, bbox_mAP: 0.0270, bbox_mAP_50: 0.0990, bbox_mAP_75: 0.0430, bbox_mAP_s: 0.0150, bbox_mAP_m: 0.0090, bbox_mAP_l: 0.0040, bbox_mAP_copypaste: 0.027 0.099 0.043 0.015 0.009 0.004
2024-03-03 23:45:39,669 - mmdet - INFO - Epoch [4][50/180]	lr: 1.000e-02, eta: 0:27:15, time: 1.258, data_time: 0.089, memory: 16574, stage0_loss_instance_mil: 0.1081, stage0_bag_acc: 93.9690, stage0_mean_ious: 0.3732, stage0_s: 0.0000, stage0_m: 0.0679, stage0_l: 0.3112, stage0_h: 0.3692, stage1_loss_instance_mil: 0.3282, stage1_bag_acc: 82.1502, stage1_neg_loss: 0.0524, stage1_mean_ious: 0.3877, stage1_s: 0.0000, stage1_m: 0.0803, stage1_l: 0.3655, stage1_h: 0.3762, loss: 0.4888, grad_norm: 3.7053
2024-03-03 23:46:39,862 - mmdet - INFO - Epoch [4][100/180]	lr: 1.000e-02, eta: 0:26:43, time: 1.204, data_time: 0.037, memory: 16574, stage0_loss_instance_mil: 0.0700, stage0_bag_acc: 96.2302, stage0_mean_ious: 0.3912, stage0_s: 0.0000, stage0_m: 0.0706, stage0_l: 0.2621, stage0_h: 0.4002, stage1_loss_instance_mil: 0.2201, stage1_bag_acc: 92.5272, stage1_neg_loss: 0.0567, stage1_mean_ious: 0.4072, stage1_s: 0.0000, stage1_m: 0.0744, stage1_l: 0.2961, stage1_h: 0.4129, loss: 0.3468, grad_norm: 3.3725
2024-03-03 23:47:38,030 - mmdet - INFO - Epoch [4][150/180]	lr: 1.000e-02, eta: 0:26:01, time: 1.163, data_time: 0.037, memory: 16574, stage0_loss_instance_mil: 0.1336, stage0_bag_acc: 91.9897, stage0_mean_ious: 0.4204, stage0_s: 0.0000, stage0_m: 0.0941, stage0_l: 0.3090, stage0_h: 0.4269, stage1_loss_instance_mil: 0.1446, stage1_bag_acc: 90.9361, stage1_neg_loss: 0.0504, stage1_mean_ious: 0.4297, stage1_s: 0.0000, stage1_m: 0.0960, stage1_l: 0.3586, stage1_h: 0.4288, loss: 0.3286, grad_norm: 3.6571
2024-03-03 23:48:14,392 - mmdet - INFO - Saving checkpoint at 4 epochs
2024-03-03 23:50:25,290 - mmdet - INFO - Evaluating bbox...
2024-03-03 23:50:27,169 - mmdet - INFO -  Average Precision  (AP) @[ IoU=0.50:0.95 | area=   all | maxDets=100 ] = 0.0311
2024-03-03 23:50:27,170 - mmdet - INFO -  Average Precision  (AP) @[ IoU=0.50      | area=   all | maxDets=1000 ] = 0.1247
2024-03-03 23:50:27,170 - mmdet - INFO -  Average Precision  (AP) @[ IoU=0.60      | area=   all | maxDets=1000 ] = 0.0479
2024-03-03 23:50:27,170 - mmdet - INFO -  Average Precision  (AP) @[ IoU=0.70      | area=   all | maxDets=1000 ] = 0.0154
2024-03-03 23:50:27,170 - mmdet - INFO -  Average Precision  (AP) @[ IoU=0.75      | area=   all | maxDets=1000 ] = 0.0080
2024-03-03 23:50:27,170 - mmdet - INFO -  Average Precision  (AP) @[ IoU=0.80      | area=   all | maxDets=1000 ] = 0.0032
2024-03-03 23:50:27,171 - mmdet - INFO -  Average Precision  (AP) @[ IoU=0.90      | area=   all | maxDets=1000 ] = 0.0001
2024-03-03 23:50:27,171 - mmdet - INFO -  Average Precision  (AP) @[ IoU=0.50:0.95 | area= small | maxDets=1000 ] = 0.1137
2024-03-03 23:50:27,171 - mmdet - INFO -  Average Precision  (AP) @[ IoU=0.50:0.95 | area=medium | maxDets=1000 ] = 0.0399
2024-03-03 23:50:27,171 - mmdet - INFO -  Average Precision  (AP) @[ IoU=0.50:0.95 | area= large | maxDets=1000 ] = 0.0198
2024-03-03 23:50:27,172 - mmdet - INFO -  Average Recall     (AR) @[ IoU=0.50:0.95 | area=   all | maxDets=100 ] = 0.0940
2024-03-03 23:50:27,172 - mmdet - INFO -  Average Recall     (AR) @[ IoU=0.50:0.95 | area=   all | maxDets=300 ] = 0.0940
2024-03-03 23:50:27,172 - mmdet - INFO -  Average Recall     (AR) @[ IoU=0.50:0.95 | area=   all | maxDets=1000 ] = 0.0940
2024-03-03 23:50:27,172 - mmdet - INFO -  Average Recall     (AR) @[ IoU=0.50:0.95 | area= small | maxDets=1000 ] = 0.1306
2024-03-03 23:50:27,172 - mmdet - INFO -  Average Recall     (AR) @[ IoU=0.50:0.95 | area=medium | maxDets=1000 ] = 0.1082
2024-03-03 23:50:27,172 - mmdet - INFO -  Average Recall     (AR) @[ IoU=0.50:0.95 | area= large | maxDets=1000 ] = 0.0478
2024-03-03 23:50:27,216 - mmdet - INFO - Exp name: P2BNet_r50_fpn_1x_coco_ms.py
2024-03-03 23:50:27,217 - mmdet - INFO - Epoch(val) [4][180]	eval_iter_num: 720, bbox_mAP: 0.0310, bbox_mAP_50: 0.1250, bbox_mAP_75: 0.0480, bbox_mAP_s: 0.0150, bbox_mAP_m: 0.0080, bbox_mAP_l: 0.0030, bbox_mAP_copypaste: 0.031 0.125 0.048 0.015 0.008 0.003
2024-03-03 23:51:28,690 - mmdet - INFO - Epoch [5][50/180]	lr: 1.000e-02, eta: 0:23:54, time: 1.229, data_time: 0.088, memory: 16574, stage0_loss_instance_mil: 0.0427, stage0_bag_acc: 97.0721, stage0_mean_ious: 0.4327, stage0_s: 0.0000, stage0_m: 0.0467, stage0_l: 0.3827, stage0_h: 0.4354, stage1_loss_instance_mil: 0.1276, stage1_bag_acc: 97.2160, stage1_neg_loss: 0.0478, stage1_mean_ious: 0.4365, stage1_s: 0.0000, stage1_m: 0.0514, stage1_l: 0.4102, stage1_h: 0.4345, loss: 0.2180, grad_norm: 2.3453
2024-03-03 23:52:28,328 - mmdet - INFO - Epoch [5][100/180]	lr: 1.000e-02, eta: 0:23:15, time: 1.193, data_time: 0.036, memory: 16574, stage0_loss_instance_mil: 0.0817, stage0_bag_acc: 94.1276, stage0_mean_ious: 0.3850, stage0_s: 0.0000, stage0_m: 0.0562, stage0_l: 0.2540, stage0_h: 0.3883, stage1_loss_instance_mil: 0.1274, stage1_bag_acc: 96.0763, stage1_neg_loss: 0.0503, stage1_mean_ious: 0.3962, stage1_s: 0.0000, stage1_m: 0.0575, stage1_l: 0.2851, stage1_h: 0.3964, loss: 0.2593, grad_norm: 3.2309
2024-03-03 23:53:28,261 - mmdet - INFO - Epoch [5][150/180]	lr: 1.000e-02, eta: 0:22:35, time: 1.199, data_time: 0.037, memory: 16574, stage0_loss_instance_mil: 0.0419, stage0_bag_acc: 97.5731, stage0_mean_ious: 0.3251, stage0_s: 0.0000, stage0_m: 0.0829, stage0_l: 0.2839, stage0_h: 0.3152, stage1_loss_instance_mil: 0.1273, stage1_bag_acc: 96.7911, stage1_neg_loss: 0.0484, stage1_mean_ious: 0.3375, stage1_s: 0.0000, stage1_m: 0.0800, stage1_l: 0.2975, stage1_h: 0.3266, loss: 0.2175, grad_norm: 2.4020
2024-03-03 23:54:05,300 - mmdet - INFO - Saving checkpoint at 5 epochs
2024-03-03 23:56:19,294 - mmdet - INFO - Evaluating bbox...
2024-03-03 23:56:21,354 - mmdet - INFO -  Average Precision  (AP) @[ IoU=0.50:0.95 | area=   all | maxDets=100 ] = 0.0295
2024-03-03 23:56:21,355 - mmdet - INFO -  Average Precision  (AP) @[ IoU=0.50      | area=   all | maxDets=1000 ] = 0.1096
2024-03-03 23:56:21,355 - mmdet - INFO -  Average Precision  (AP) @[ IoU=0.60      | area=   all | maxDets=1000 ] = 0.0502
2024-03-03 23:56:21,355 - mmdet - INFO -  Average Precision  (AP) @[ IoU=0.70      | area=   all | maxDets=1000 ] = 0.0188
2024-03-03 23:56:21,355 - mmdet - INFO -  Average Precision  (AP) @[ IoU=0.75      | area=   all | maxDets=1000 ] = 0.0086
2024-03-03 23:56:21,356 - mmdet - INFO -  Average Precision  (AP) @[ IoU=0.80      | area=   all | maxDets=1000 ] = 0.0031
2024-03-03 23:56:21,356 - mmdet - INFO -  Average Precision  (AP) @[ IoU=0.90      | area=   all | maxDets=1000 ] = 0.0001
2024-03-03 23:56:21,356 - mmdet - INFO -  Average Precision  (AP) @[ IoU=0.50:0.95 | area= small | maxDets=1000 ] = 0.1220
2024-03-03 23:56:21,356 - mmdet - INFO -  Average Precision  (AP) @[ IoU=0.50:0.95 | area=medium | maxDets=1000 ] = 0.0366
2024-03-03 23:56:21,357 - mmdet - INFO -  Average Precision  (AP) @[ IoU=0.50:0.95 | area= large | maxDets=1000 ] = 0.0233
2024-03-03 23:56:21,357 - mmdet - INFO -  Average Recall     (AR) @[ IoU=0.50:0.95 | area=   all | maxDets=100 ] = 0.0871
2024-03-03 23:56:21,357 - mmdet - INFO -  Average Recall     (AR) @[ IoU=0.50:0.95 | area=   all | maxDets=300 ] = 0.0871
2024-03-03 23:56:21,357 - mmdet - INFO -  Average Recall     (AR) @[ IoU=0.50:0.95 | area=   all | maxDets=1000 ] = 0.0871
2024-03-03 23:56:21,357 - mmdet - INFO -  Average Recall     (AR) @[ IoU=0.50:0.95 | area= small | maxDets=1000 ] = 0.1348
2024-03-03 23:56:21,357 - mmdet - INFO -  Average Recall     (AR) @[ IoU=0.50:0.95 | area=medium | maxDets=1000 ] = 0.0936
2024-03-03 23:56:21,357 - mmdet - INFO -  Average Recall     (AR) @[ IoU=0.50:0.95 | area= large | maxDets=1000 ] = 0.0503
2024-03-03 23:56:21,395 - mmdet - INFO - Exp name: P2BNet_r50_fpn_1x_coco_ms.py
2024-03-03 23:56:21,397 - mmdet - INFO - Epoch(val) [5][180]	eval_iter_num: 720, bbox_mAP: 0.0300, bbox_mAP_50: 0.1100, bbox_mAP_75: 0.0500, bbox_mAP_s: 0.0190, bbox_mAP_m: 0.0090, bbox_mAP_l: 0.0030, bbox_mAP_copypaste: 0.030 0.110 0.050 0.019 0.009 0.003
2024-03-03 23:57:24,672 - mmdet - INFO - Epoch [6][50/180]	lr: 1.000e-02, eta: 0:20:44, time: 1.265, data_time: 0.086, memory: 16578, stage0_loss_instance_mil: 0.0685, stage0_bag_acc: 95.2165, stage0_mean_ious: 0.3836, stage0_s: 0.0000, stage0_m: 0.0770, stage0_l: 0.3569, stage0_h: 0.3805, stage1_loss_instance_mil: 0.0969, stage1_bag_acc: 95.6927, stage1_neg_loss: 0.0419, stage1_mean_ious: 0.3846, stage1_s: 0.0000, stage1_m: 0.0789, stage1_l: 0.3662, stage1_h: 0.3800, loss: 0.2074, grad_norm: 2.9693
2024-03-03 23:58:24,936 - mmdet - INFO - Exp name: P2BNet_r50_fpn_1x_coco_ms.py
2024-03-03 23:58:24,937 - mmdet - INFO - Epoch [6][100/180]	lr: 1.000e-02, eta: 0:20:03, time: 1.205, data_time: 0.036, memory: 16578, stage0_loss_instance_mil: 0.0371, stage0_bag_acc: 97.3012, stage0_mean_ious: 0.3960, stage0_s: 0.0000, stage0_m: 0.0462, stage0_l: 0.2850, stage0_h: 0.3990, stage1_loss_instance_mil: 0.0876, stage1_bag_acc: 97.9246, stage1_neg_loss: 0.0371, stage1_mean_ious: 0.3976, stage1_s: 0.0000, stage1_m: 0.0446, stage1_l: 0.3168, stage1_h: 0.3960, loss: 0.1618, grad_norm: 2.3463
2024-03-03 23:59:27,788 - mmdet - INFO - Epoch [6][150/180]	lr: 1.000e-02, eta: 0:19:23, time: 1.257, data_time: 0.037, memory: 16578, stage0_loss_instance_mil: 0.0271, stage0_bag_acc: 98.4148, stage0_mean_ious: 0.4069, stage0_s: 0.0000, stage0_m: 0.0695, stage0_l: 0.3263, stage0_h: 0.4123, stage1_loss_instance_mil: 0.0661, stage1_bag_acc: 98.4848, stage1_neg_loss: 0.0393, stage1_mean_ious: 0.4101, stage1_s: 0.0000, stage1_m: 0.0691, stage1_l: 0.3494, stage1_h: 0.4105, loss: 0.1324, grad_norm: 2.0523
2024-03-04 00:00:05,027 - mmdet - INFO - Saving checkpoint at 6 epochs
2024-03-04 00:02:16,862 - mmdet - INFO - Evaluating bbox...
2024-03-04 00:02:18,678 - mmdet - INFO -  Average Precision  (AP) @[ IoU=0.50:0.95 | area=   all | maxDets=100 ] = 0.0203
2024-03-04 00:02:18,678 - mmdet - INFO -  Average Precision  (AP) @[ IoU=0.50      | area=   all | maxDets=1000 ] = 0.0790
2024-03-04 00:02:18,678 - mmdet - INFO -  Average Precision  (AP) @[ IoU=0.60      | area=   all | maxDets=1000 ] = 0.0343
2024-03-04 00:02:18,679 - mmdet - INFO -  Average Precision  (AP) @[ IoU=0.70      | area=   all | maxDets=1000 ] = 0.0091
2024-03-04 00:02:18,679 - mmdet - INFO -  Average Precision  (AP) @[ IoU=0.75      | area=   all | maxDets=1000 ] = 0.0052
2024-03-04 00:02:18,679 - mmdet - INFO -  Average Precision  (AP) @[ IoU=0.80      | area=   all | maxDets=1000 ] = 0.0018
2024-03-04 00:02:18,679 - mmdet - INFO -  Average Precision  (AP) @[ IoU=0.90      | area=   all | maxDets=1000 ] = 0.0001
2024-03-04 00:02:18,679 - mmdet - INFO -  Average Precision  (AP) @[ IoU=0.50:0.95 | area= small | maxDets=1000 ] = 0.1436
2024-03-04 00:02:18,680 - mmdet - INFO -  Average Precision  (AP) @[ IoU=0.50:0.95 | area=medium | maxDets=1000 ] = 0.0280
2024-03-04 00:02:18,680 - mmdet - INFO -  Average Precision  (AP) @[ IoU=0.50:0.95 | area= large | maxDets=1000 ] = 0.0130
2024-03-04 00:02:18,680 - mmdet - INFO -  Average Recall     (AR) @[ IoU=0.50:0.95 | area=   all | maxDets=100 ] = 0.0830
2024-03-04 00:02:18,680 - mmdet - INFO -  Average Recall     (AR) @[ IoU=0.50:0.95 | area=   all | maxDets=300 ] = 0.0830
2024-03-04 00:02:18,680 - mmdet - INFO -  Average Recall     (AR) @[ IoU=0.50:0.95 | area=   all | maxDets=1000 ] = 0.0830
2024-03-04 00:02:18,681 - mmdet - INFO -  Average Recall     (AR) @[ IoU=0.50:0.95 | area= small | maxDets=1000 ] = 0.2383
2024-03-04 00:02:18,681 - mmdet - INFO -  Average Recall     (AR) @[ IoU=0.50:0.95 | area=medium | maxDets=1000 ] = 0.0840
2024-03-04 00:02:18,681 - mmdet - INFO -  Average Recall     (AR) @[ IoU=0.50:0.95 | area= large | maxDets=1000 ] = 0.0259
2024-03-04 00:02:18,718 - mmdet - INFO - Exp name: P2BNet_r50_fpn_1x_coco_ms.py
2024-03-04 00:02:18,720 - mmdet - INFO - Epoch(val) [6][180]	eval_iter_num: 720, bbox_mAP: 0.0200, bbox_mAP_50: 0.0790, bbox_mAP_75: 0.0340, bbox_mAP_s: 0.0090, bbox_mAP_m: 0.0050, bbox_mAP_l: 0.0020, bbox_mAP_copypaste: 0.020 0.079 0.034 0.009 0.005 0.002
2024-03-04 00:03:22,200 - mmdet - INFO - Epoch [7][50/180]	lr: 1.000e-02, eta: 0:17:40, time: 1.269, data_time: 0.089, memory: 16578, stage0_loss_instance_mil: 0.0303, stage0_bag_acc: 98.3685, stage0_mean_ious: 0.4329, stage0_s: 0.0000, stage0_m: 0.0553, stage0_l: 0.3007, stage0_h: 0.4496, stage1_loss_instance_mil: 0.0867, stage1_bag_acc: 97.4409, stage1_neg_loss: 0.0410, stage1_mean_ious: 0.4363, stage1_s: 0.0000, stage1_m: 0.0617, stage1_l: 0.3320, stage1_h: 0.4491, loss: 0.1580, grad_norm: 1.8629
2024-03-04 00:04:24,025 - mmdet - INFO - Epoch [7][100/180]	lr: 1.000e-02, eta: 0:16:58, time: 1.236, data_time: 0.037, memory: 16578, stage0_loss_instance_mil: 0.0278, stage0_bag_acc: 98.3250, stage0_mean_ious: 0.4634, stage0_s: 0.0012, stage0_m: 0.0570, stage0_l: 0.2966, stage0_h: 0.4814, stage1_loss_instance_mil: 0.0956, stage1_bag_acc: 98.2335, stage1_neg_loss: 0.0427, stage1_mean_ious: 0.4758, stage1_s: 0.0013, stage1_m: 0.0584, stage1_l: 0.3402, stage1_h: 0.4893, loss: 0.1661, grad_norm: 2.4710
2024-03-04 00:05:25,464 - mmdet - INFO - Epoch [7][150/180]	lr: 1.000e-02, eta: 0:16:13, time: 1.229, data_time: 0.037, memory: 16578, stage0_loss_instance_mil: 0.0390, stage0_bag_acc: 97.2932, stage0_mean_ious: 0.4385, stage0_s: 0.0000, stage0_m: 0.0586, stage0_l: 0.3010, stage0_h: 0.4471, stage1_loss_instance_mil: 0.1189, stage1_bag_acc: 96.8510, stage1_neg_loss: 0.0457, stage1_mean_ious: 0.4382, stage1_s: 0.0000, stage1_m: 0.0676, stage1_l: 0.3489, stage1_h: 0.4408, loss: 0.2036, grad_norm: 2.4126
2024-03-04 00:06:02,309 - mmdet - INFO - Saving checkpoint at 7 epochs
2024-03-04 00:08:13,934 - mmdet - INFO - Evaluating bbox...
2024-03-04 00:08:15,772 - mmdet - INFO -  Average Precision  (AP) @[ IoU=0.50:0.95 | area=   all | maxDets=100 ] = 0.0303
2024-03-04 00:08:15,773 - mmdet - INFO -  Average Precision  (AP) @[ IoU=0.50      | area=   all | maxDets=1000 ] = 0.1074
2024-03-04 00:08:15,773 - mmdet - INFO -  Average Precision  (AP) @[ IoU=0.60      | area=   all | maxDets=1000 ] = 0.0505
2024-03-04 00:08:15,773 - mmdet - INFO -  Average Precision  (AP) @[ IoU=0.70      | area=   all | maxDets=1000 ] = 0.0201
2024-03-04 00:08:15,773 - mmdet - INFO -  Average Precision  (AP) @[ IoU=0.75      | area=   all | maxDets=1000 ] = 0.0104
2024-03-04 00:08:15,773 - mmdet - INFO -  Average Precision  (AP) @[ IoU=0.80      | area=   all | maxDets=1000 ] = 0.0035
2024-03-04 00:08:15,773 - mmdet - INFO -  Average Precision  (AP) @[ IoU=0.90      | area=   all | maxDets=1000 ] = 0.0003
2024-03-04 00:08:15,774 - mmdet - INFO -  Average Precision  (AP) @[ IoU=0.50:0.95 | area= small | maxDets=1000 ] = 0.2064
2024-03-04 00:08:15,774 - mmdet - INFO -  Average Precision  (AP) @[ IoU=0.50:0.95 | area=medium | maxDets=1000 ] = 0.0453
2024-03-04 00:08:15,774 - mmdet - INFO -  Average Precision  (AP) @[ IoU=0.50:0.95 | area= large | maxDets=1000 ] = 0.0033
2024-03-04 00:08:15,774 - mmdet - INFO -  Average Recall     (AR) @[ IoU=0.50:0.95 | area=   all | maxDets=100 ] = 0.0827
2024-03-04 00:08:15,774 - mmdet - INFO -  Average Recall     (AR) @[ IoU=0.50:0.95 | area=   all | maxDets=300 ] = 0.0827
2024-03-04 00:08:15,775 - mmdet - INFO -  Average Recall     (AR) @[ IoU=0.50:0.95 | area=   all | maxDets=1000 ] = 0.0827
2024-03-04 00:08:15,775 - mmdet - INFO -  Average Recall     (AR) @[ IoU=0.50:0.95 | area= small | maxDets=1000 ] = 0.2685
2024-03-04 00:08:15,775 - mmdet - INFO -  Average Recall     (AR) @[ IoU=0.50:0.95 | area=medium | maxDets=1000 ] = 0.1094
2024-03-04 00:08:15,775 - mmdet - INFO -  Average Recall     (AR) @[ IoU=0.50:0.95 | area= large | maxDets=1000 ] = 0.0161
2024-03-04 00:08:15,813 - mmdet - INFO - Exp name: P2BNet_r50_fpn_1x_coco_ms.py
2024-03-04 00:08:15,814 - mmdet - INFO - Epoch(val) [7][180]	eval_iter_num: 720, bbox_mAP: 0.0300, bbox_mAP_50: 0.1070, bbox_mAP_75: 0.0510, bbox_mAP_s: 0.0200, bbox_mAP_m: 0.0100, bbox_mAP_l: 0.0030, bbox_mAP_copypaste: 0.030 0.107 0.051 0.020 0.010 0.003
2024-03-04 00:09:20,446 - mmdet - INFO - Epoch [8][50/180]	lr: 1.000e-02, eta: 0:14:37, time: 1.292, data_time: 0.088, memory: 16578, stage0_loss_instance_mil: 0.0223, stage0_bag_acc: 98.3526, stage0_mean_ious: 0.4469, stage0_s: 0.0000, stage0_m: 0.0656, stage0_l: 0.3259, stage0_h: 0.4599, stage1_loss_instance_mil: 0.0735, stage1_bag_acc: 98.7025, stage1_neg_loss: 0.0377, stage1_mean_ious: 0.4474, stage1_s: 0.0000, stage1_m: 0.0816, stage1_l: 0.3463, stage1_h: 0.4567, loss: 0.1334, grad_norm: 2.0867
2024-03-04 00:10:22,383 - mmdet - INFO - Epoch [8][100/180]	lr: 1.000e-02, eta: 0:13:51, time: 1.239, data_time: 0.042, memory: 16578, stage0_loss_instance_mil: 0.0229, stage0_bag_acc: 98.4526, stage0_mean_ious: 0.4298, stage0_s: 0.0000, stage0_m: 0.0531, stage0_l: 0.2804, stage0_h: 0.4482, stage1_loss_instance_mil: 0.0660, stage1_bag_acc: 98.5795, stage1_neg_loss: 0.0337, stage1_mean_ious: 0.4474, stage1_s: 0.0000, stage1_m: 0.0563, stage1_l: 0.3305, stage1_h: 0.4596, loss: 0.1225, grad_norm: 1.9194
2024-03-04 00:11:24,420 - mmdet - INFO - Epoch [8][150/180]	lr: 1.000e-02, eta: 0:13:05, time: 1.241, data_time: 0.041, memory: 16578, stage0_loss_instance_mil: 0.0274, stage0_bag_acc: 98.1789, stage0_mean_ious: 0.4191, stage0_s: 0.0000, stage0_m: 0.0354, stage0_l: 0.2988, stage0_h: 0.4313, stage1_loss_instance_mil: 0.0728, stage1_bag_acc: 98.5075, stage1_neg_loss: 0.0369, stage1_mean_ious: 0.4314, stage1_s: 0.0000, stage1_m: 0.0357, stage1_l: 0.3363, stage1_h: 0.4396, loss: 0.1371, grad_norm: 2.1898
2024-03-04 00:12:00,316 - mmdet - INFO - Saving checkpoint at 8 epochs
2024-03-04 00:14:12,846 - mmdet - INFO - Evaluating bbox...
2024-03-04 00:14:14,689 - mmdet - INFO -  Average Precision  (AP) @[ IoU=0.50:0.95 | area=   all | maxDets=100 ] = 0.0196
2024-03-04 00:14:14,690 - mmdet - INFO -  Average Precision  (AP) @[ IoU=0.50      | area=   all | maxDets=1000 ] = 0.0758
2024-03-04 00:14:14,690 - mmdet - INFO -  Average Precision  (AP) @[ IoU=0.60      | area=   all | maxDets=1000 ] = 0.0334
2024-03-04 00:14:14,690 - mmdet - INFO -  Average Precision  (AP) @[ IoU=0.70      | area=   all | maxDets=1000 ] = 0.0093
2024-03-04 00:14:14,690 - mmdet - INFO -  Average Precision  (AP) @[ IoU=0.75      | area=   all | maxDets=1000 ] = 0.0038
2024-03-04 00:14:14,691 - mmdet - INFO -  Average Precision  (AP) @[ IoU=0.80      | area=   all | maxDets=1000 ] = 0.0015
2024-03-04 00:14:14,691 - mmdet - INFO -  Average Precision  (AP) @[ IoU=0.90      | area=   all | maxDets=1000 ] = 0.0000
2024-03-04 00:14:14,691 - mmdet - INFO -  Average Precision  (AP) @[ IoU=0.50:0.95 | area= small | maxDets=1000 ] = 0.1189
2024-03-04 00:14:14,691 - mmdet - INFO -  Average Precision  (AP) @[ IoU=0.50:0.95 | area=medium | maxDets=1000 ] = 0.0356
2024-03-04 00:14:14,692 - mmdet - INFO -  Average Precision  (AP) @[ IoU=0.50:0.95 | area= large | maxDets=1000 ] = 0.0039
2024-03-04 00:14:14,692 - mmdet - INFO -  Average Recall     (AR) @[ IoU=0.50:0.95 | area=   all | maxDets=100 ] = 0.0730
2024-03-04 00:14:14,692 - mmdet - INFO -  Average Recall     (AR) @[ IoU=0.50:0.95 | area=   all | maxDets=300 ] = 0.0730
2024-03-04 00:14:14,692 - mmdet - INFO -  Average Recall     (AR) @[ IoU=0.50:0.95 | area=   all | maxDets=1000 ] = 0.0730
2024-03-04 00:14:14,692 - mmdet - INFO -  Average Recall     (AR) @[ IoU=0.50:0.95 | area= small | maxDets=1000 ] = 0.1286
2024-03-04 00:14:14,692 - mmdet - INFO -  Average Recall     (AR) @[ IoU=0.50:0.95 | area=medium | maxDets=1000 ] = 0.0974
2024-03-04 00:14:14,692 - mmdet - INFO -  Average Recall     (AR) @[ IoU=0.50:0.95 | area= large | maxDets=1000 ] = 0.0141
2024-03-04 00:14:14,725 - mmdet - INFO - Exp name: P2BNet_r50_fpn_1x_coco_ms.py
2024-03-04 00:14:14,726 - mmdet - INFO - Epoch(val) [8][180]	eval_iter_num: 720, bbox_mAP: 0.0200, bbox_mAP_50: 0.0760, bbox_mAP_75: 0.0330, bbox_mAP_s: 0.0090, bbox_mAP_m: 0.0040, bbox_mAP_l: 0.0020, bbox_mAP_copypaste: 0.020 0.076 0.033 0.009 0.004 0.002
2024-03-04 00:15:19,051 - mmdet - INFO - Epoch [9][50/180]	lr: 1.000e-03, eta: 0:11:32, time: 1.286, data_time: 0.089, memory: 16578, stage0_loss_instance_mil: 0.0272, stage0_bag_acc: 98.1613, stage0_mean_ious: 0.4654, stage0_s: 0.0000, stage0_m: 0.0205, stage0_l: 0.3054, stage0_h: 0.4807, stage1_loss_instance_mil: 0.0577, stage1_bag_acc: 98.6257, stage1_neg_loss: 0.0271, stage1_mean_ious: 0.4721, stage1_s: 0.0000, stage1_m: 0.0226, stage1_l: 0.3391, stage1_h: 0.4837, loss: 0.1119, grad_norm: 1.8754
2024-03-04 00:16:20,075 - mmdet - INFO - Epoch [9][100/180]	lr: 1.000e-03, eta: 0:10:44, time: 1.220, data_time: 0.040, memory: 16578, stage0_loss_instance_mil: 0.0101, stage0_bag_acc: 99.4962, stage0_mean_ious: 0.4551, stage0_s: 0.0000, stage0_m: 0.0684, stage0_l: 0.2773, stage0_h: 0.4709, stage1_loss_instance_mil: 0.0470, stage1_bag_acc: 99.5760, stage1_neg_loss: 0.0273, stage1_mean_ious: 0.4613, stage1_s: 0.0000, stage1_m: 0.0711, stage1_l: 0.3117, stage1_h: 0.4733, loss: 0.0844, grad_norm: 1.2948
2024-03-04 00:17:20,970 - mmdet - INFO - Epoch [9][150/180]	lr: 1.000e-03, eta: 0:09:55, time: 1.218, data_time: 0.041, memory: 16578, stage0_loss_instance_mil: 0.0096, stage0_bag_acc: 99.7095, stage0_mean_ious: 0.4530, stage0_s: 0.0000, stage0_m: 0.0680, stage0_l: 0.3367, stage0_h: 0.4671, stage1_loss_instance_mil: 0.0449, stage1_bag_acc: 99.6845, stage1_neg_loss: 0.0339, stage1_mean_ious: 0.4605, stage1_s: 0.0000, stage1_m: 0.0772, stage1_l: 0.3727, stage1_h: 0.4691, loss: 0.0883, grad_norm: 1.3216
2024-03-04 00:17:58,635 - mmdet - INFO - Saving checkpoint at 9 epochs
2024-03-04 00:20:09,865 - mmdet - INFO - Evaluating bbox...
2024-03-04 00:20:11,780 - mmdet - INFO -  Average Precision  (AP) @[ IoU=0.50:0.95 | area=   all | maxDets=100 ] = 0.0233
2024-03-04 00:20:11,781 - mmdet - INFO -  Average Precision  (AP) @[ IoU=0.50      | area=   all | maxDets=1000 ] = 0.0891
2024-03-04 00:20:11,781 - mmdet - INFO -  Average Precision  (AP) @[ IoU=0.60      | area=   all | maxDets=1000 ] = 0.0402
2024-03-04 00:20:11,781 - mmdet - INFO -  Average Precision  (AP) @[ IoU=0.70      | area=   all | maxDets=1000 ] = 0.0112
2024-03-04 00:20:11,781 - mmdet - INFO -  Average Precision  (AP) @[ IoU=0.75      | area=   all | maxDets=1000 ] = 0.0051
2024-03-04 00:20:11,781 - mmdet - INFO -  Average Precision  (AP) @[ IoU=0.80      | area=   all | maxDets=1000 ] = 0.0015
2024-03-04 00:20:11,781 - mmdet - INFO -  Average Precision  (AP) @[ IoU=0.90      | area=   all | maxDets=1000 ] = 0.0001
2024-03-04 00:20:11,781 - mmdet - INFO -  Average Precision  (AP) @[ IoU=0.50:0.95 | area= small | maxDets=1000 ] = 0.1405
2024-03-04 00:20:11,782 - mmdet - INFO -  Average Precision  (AP) @[ IoU=0.50:0.95 | area=medium | maxDets=1000 ] = 0.0399
2024-03-04 00:20:11,782 - mmdet - INFO -  Average Precision  (AP) @[ IoU=0.50:0.95 | area= large | maxDets=1000 ] = 0.0026
2024-03-04 00:20:11,782 - mmdet - INFO -  Average Recall     (AR) @[ IoU=0.50:0.95 | area=   all | maxDets=100 ] = 0.0765
2024-03-04 00:20:11,782 - mmdet - INFO -  Average Recall     (AR) @[ IoU=0.50:0.95 | area=   all | maxDets=300 ] = 0.0765
2024-03-04 00:20:11,782 - mmdet - INFO -  Average Recall     (AR) @[ IoU=0.50:0.95 | area=   all | maxDets=1000 ] = 0.0765
2024-03-04 00:20:11,782 - mmdet - INFO -  Average Recall     (AR) @[ IoU=0.50:0.95 | area= small | maxDets=1000 ] = 0.1781
2024-03-04 00:20:11,782 - mmdet - INFO -  Average Recall     (AR) @[ IoU=0.50:0.95 | area=medium | maxDets=1000 ] = 0.1046
2024-03-04 00:20:11,782 - mmdet - INFO -  Average Recall     (AR) @[ IoU=0.50:0.95 | area= large | maxDets=1000 ] = 0.0158
2024-03-04 00:20:11,813 - mmdet - INFO - Exp name: P2BNet_r50_fpn_1x_coco_ms.py
2024-03-04 00:20:11,814 - mmdet - INFO - Epoch(val) [9][180]	eval_iter_num: 720, bbox_mAP: 0.0230, bbox_mAP_50: 0.0890, bbox_mAP_75: 0.0400, bbox_mAP_s: 0.0110, bbox_mAP_m: 0.0050, bbox_mAP_l: 0.0020, bbox_mAP_copypaste: 0.023 0.089 0.040 0.011 0.005 0.002
2024-03-04 00:21:15,394 - mmdet - INFO - Epoch [10][50/180]	lr: 1.000e-03, eta: 0:08:26, time: 1.271, data_time: 0.089, memory: 16578, stage0_loss_instance_mil: 0.0118, stage0_bag_acc: 99.4175, stage0_mean_ious: 0.4609, stage0_s: 0.0016, stage0_m: 0.0487, stage0_l: 0.3294, stage0_h: 0.4765, stage1_loss_instance_mil: 0.0425, stage1_bag_acc: 99.7381, stage1_neg_loss: 0.0259, stage1_mean_ious: 0.4698, stage1_s: 0.0018, stage1_m: 0.0537, stage1_l: 0.3587, stage1_h: 0.4809, loss: 0.0802, grad_norm: 1.2159
2024-03-04 00:22:16,831 - mmdet - INFO - Epoch [10][100/180]	lr: 1.000e-03, eta: 0:07:37, time: 1.229, data_time: 0.038, memory: 16578, stage0_loss_instance_mil: 0.0053, stage0_bag_acc: 99.8947, stage0_mean_ious: 0.4635, stage0_s: 0.0000, stage0_m: 0.0595, stage0_l: 0.2722, stage0_h: 0.4831, stage1_loss_instance_mil: 0.0375, stage1_bag_acc: 99.9048, stage1_neg_loss: 0.0247, stage1_mean_ious: 0.4661, stage1_s: 0.0000, stage1_m: 0.0561, stage1_l: 0.2971, stage1_h: 0.4814, loss: 0.0675, grad_norm: 1.2339
2024-03-04 00:23:18,673 - mmdet - INFO - Epoch [10][150/180]	lr: 1.000e-03, eta: 0:06:47, time: 1.237, data_time: 0.041, memory: 16578, stage0_loss_instance_mil: 0.0119, stage0_bag_acc: 99.1054, stage0_mean_ious: 0.4668, stage0_s: 0.0000, stage0_m: 0.0522, stage0_l: 0.2931, stage0_h: 0.4793, stage1_loss_instance_mil: 0.0408, stage1_bag_acc: 99.0873, stage1_neg_loss: 0.0277, stage1_mean_ious: 0.4714, stage1_s: 0.0000, stage1_m: 0.0472, stage1_l: 0.3178, stage1_h: 0.4817, loss: 0.0804, grad_norm: 1.2867
2024-03-04 00:23:56,750 - mmdet - INFO - Saving checkpoint at 10 epochs
2024-03-04 00:26:13,122 - mmdet - INFO - Evaluating bbox...
2024-03-04 00:26:15,180 - mmdet - INFO -  Average Precision  (AP) @[ IoU=0.50:0.95 | area=   all | maxDets=100 ] = 0.0226
2024-03-04 00:26:15,181 - mmdet - INFO -  Average Precision  (AP) @[ IoU=0.50      | area=   all | maxDets=1000 ] = 0.0865
2024-03-04 00:26:15,181 - mmdet - INFO -  Average Precision  (AP) @[ IoU=0.60      | area=   all | maxDets=1000 ] = 0.0402
2024-03-04 00:26:15,181 - mmdet - INFO -  Average Precision  (AP) @[ IoU=0.70      | area=   all | maxDets=1000 ] = 0.0112
2024-03-04 00:26:15,181 - mmdet - INFO -  Average Precision  (AP) @[ IoU=0.75      | area=   all | maxDets=1000 ] = 0.0051
2024-03-04 00:26:15,182 - mmdet - INFO -  Average Precision  (AP) @[ IoU=0.80      | area=   all | maxDets=1000 ] = 0.0012
2024-03-04 00:26:15,182 - mmdet - INFO -  Average Precision  (AP) @[ IoU=0.90      | area=   all | maxDets=1000 ] = 0.0000
2024-03-04 00:26:15,182 - mmdet - INFO -  Average Precision  (AP) @[ IoU=0.50:0.95 | area= small | maxDets=1000 ] = 0.1382
2024-03-04 00:26:15,182 - mmdet - INFO -  Average Precision  (AP) @[ IoU=0.50:0.95 | area=medium | maxDets=1000 ] = 0.0387
2024-03-04 00:26:15,183 - mmdet - INFO -  Average Precision  (AP) @[ IoU=0.50:0.95 | area= large | maxDets=1000 ] = 0.0019
2024-03-04 00:26:15,183 - mmdet - INFO -  Average Recall     (AR) @[ IoU=0.50:0.95 | area=   all | maxDets=100 ] = 0.0769
2024-03-04 00:26:15,183 - mmdet - INFO -  Average Recall     (AR) @[ IoU=0.50:0.95 | area=   all | maxDets=300 ] = 0.0769
2024-03-04 00:26:15,183 - mmdet - INFO -  Average Recall     (AR) @[ IoU=0.50:0.95 | area=   all | maxDets=1000 ] = 0.0769
2024-03-04 00:26:15,183 - mmdet - INFO -  Average Recall     (AR) @[ IoU=0.50:0.95 | area= small | maxDets=1000 ] = 0.1709
2024-03-04 00:26:15,183 - mmdet - INFO -  Average Recall     (AR) @[ IoU=0.50:0.95 | area=medium | maxDets=1000 ] = 0.1026
2024-03-04 00:26:15,184 - mmdet - INFO -  Average Recall     (AR) @[ IoU=0.50:0.95 | area= large | maxDets=1000 ] = 0.0152
2024-03-04 00:26:15,215 - mmdet - INFO - Exp name: P2BNet_r50_fpn_1x_coco_ms.py
2024-03-04 00:26:15,216 - mmdet - INFO - Epoch(val) [10][180]	eval_iter_num: 720, bbox_mAP: 0.0230, bbox_mAP_50: 0.0870, bbox_mAP_75: 0.0400, bbox_mAP_s: 0.0110, bbox_mAP_m: 0.0050, bbox_mAP_l: 0.0010, bbox_mAP_copypaste: 0.023 0.087 0.040 0.011 0.005 0.001
2024-03-04 00:27:19,864 - mmdet - INFO - Epoch [11][50/180]	lr: 1.000e-03, eta: 0:05:20, time: 1.292, data_time: 0.090, memory: 16578, stage0_loss_instance_mil: 0.0071, stage0_bag_acc: 99.6889, stage0_mean_ious: 0.4638, stage0_s: 0.0000, stage0_m: 0.0195, stage0_l: 0.3125, stage0_h: 0.4874, stage1_loss_instance_mil: 0.0386, stage1_bag_acc: 99.6836, stage1_neg_loss: 0.0233, stage1_mean_ious: 0.4718, stage1_s: 0.0000, stage1_m: 0.0240, stage1_l: 0.3491, stage1_h: 0.4912, loss: 0.0690, grad_norm: 1.1413
2024-03-04 00:28:21,084 - mmdet - INFO - Epoch [11][100/180]	lr: 1.000e-03, eta: 0:04:30, time: 1.224, data_time: 0.039, memory: 16578, stage0_loss_instance_mil: 0.0070, stage0_bag_acc: 99.5639, stage0_mean_ious: 0.4554, stage0_s: 0.0000, stage0_m: 0.0406, stage0_l: 0.2919, stage0_h: 0.4656, stage1_loss_instance_mil: 0.0398, stage1_bag_acc: 99.9048, stage1_neg_loss: 0.0242, stage1_mean_ious: 0.4601, stage1_s: 0.0000, stage1_m: 0.0469, stage1_l: 0.3174, stage1_h: 0.4667, loss: 0.0710, grad_norm: 1.2147
2024-03-04 00:29:20,770 - mmdet - INFO - Epoch [11][150/180]	lr: 1.000e-03, eta: 0:03:39, time: 1.194, data_time: 0.038, memory: 16578, stage0_loss_instance_mil: 0.0097, stage0_bag_acc: 99.6010, stage0_mean_ious: 0.4471, stage0_s: 0.0000, stage0_m: 0.0851, stage0_l: 0.3078, stage0_h: 0.4619, stage1_loss_instance_mil: 0.0382, stage1_bag_acc: 99.4005, stage1_neg_loss: 0.0237, stage1_mean_ious: 0.4529, stage1_s: 0.0000, stage1_m: 0.0920, stage1_l: 0.3366, stage1_h: 0.4634, loss: 0.0716, grad_norm: 1.1673
2024-03-04 00:29:58,295 - mmdet - INFO - Saving checkpoint at 11 epochs
2024-03-04 00:32:12,964 - mmdet - INFO - Evaluating bbox...
2024-03-04 00:32:14,974 - mmdet - INFO -  Average Precision  (AP) @[ IoU=0.50:0.95 | area=   all | maxDets=100 ] = 0.0215
2024-03-04 00:32:14,975 - mmdet - INFO -  Average Precision  (AP) @[ IoU=0.50      | area=   all | maxDets=1000 ] = 0.0835
2024-03-04 00:32:14,975 - mmdet - INFO -  Average Precision  (AP) @[ IoU=0.60      | area=   all | maxDets=1000 ] = 0.0374
2024-03-04 00:32:14,975 - mmdet - INFO -  Average Precision  (AP) @[ IoU=0.70      | area=   all | maxDets=1000 ] = 0.0104
2024-03-04 00:32:14,976 - mmdet - INFO -  Average Precision  (AP) @[ IoU=0.75      | area=   all | maxDets=1000 ] = 0.0047
2024-03-04 00:32:14,976 - mmdet - INFO -  Average Precision  (AP) @[ IoU=0.80      | area=   all | maxDets=1000 ] = 0.0014
2024-03-04 00:32:14,976 - mmdet - INFO -  Average Precision  (AP) @[ IoU=0.90      | area=   all | maxDets=1000 ] = 0.0001
2024-03-04 00:32:14,976 - mmdet - INFO -  Average Precision  (AP) @[ IoU=0.50:0.95 | area= small | maxDets=1000 ] = 0.1620
2024-03-04 00:32:14,977 - mmdet - INFO -  Average Precision  (AP) @[ IoU=0.50:0.95 | area=medium | maxDets=1000 ] = 0.0373
2024-03-04 00:32:14,977 - mmdet - INFO -  Average Precision  (AP) @[ IoU=0.50:0.95 | area= large | maxDets=1000 ] = 0.0014
2024-03-04 00:32:14,977 - mmdet - INFO -  Average Recall     (AR) @[ IoU=0.50:0.95 | area=   all | maxDets=100 ] = 0.0740
2024-03-04 00:32:14,977 - mmdet - INFO -  Average Recall     (AR) @[ IoU=0.50:0.95 | area=   all | maxDets=300 ] = 0.0740
2024-03-04 00:32:14,977 - mmdet - INFO -  Average Recall     (AR) @[ IoU=0.50:0.95 | area=   all | maxDets=1000 ] = 0.0740
2024-03-04 00:32:14,978 - mmdet - INFO -  Average Recall     (AR) @[ IoU=0.50:0.95 | area= small | maxDets=1000 ] = 0.1689
2024-03-04 00:32:14,978 - mmdet - INFO -  Average Recall     (AR) @[ IoU=0.50:0.95 | area=medium | maxDets=1000 ] = 0.0987
2024-03-04 00:32:14,978 - mmdet - INFO -  Average Recall     (AR) @[ IoU=0.50:0.95 | area= large | maxDets=1000 ] = 0.0136
2024-03-04 00:32:15,017 - mmdet - INFO - Exp name: P2BNet_r50_fpn_1x_coco_ms.py
2024-03-04 00:32:15,018 - mmdet - INFO - Epoch(val) [11][180]	eval_iter_num: 720, bbox_mAP: 0.0210, bbox_mAP_50: 0.0840, bbox_mAP_75: 0.0370, bbox_mAP_s: 0.0100, bbox_mAP_m: 0.0050, bbox_mAP_l: 0.0010, bbox_mAP_copypaste: 0.021 0.084 0.037 0.010 0.005 0.001
2024-03-04 00:33:17,560 - mmdet - INFO - Epoch [12][50/180]	lr: 1.000e-04, eta: 0:02:14, time: 1.250, data_time: 0.090, memory: 16578, stage0_loss_instance_mil: 0.0097, stage0_bag_acc: 99.3940, stage0_mean_ious: 0.4364, stage0_s: 0.0000, stage0_m: 0.0808, stage0_l: 0.2867, stage0_h: 0.4518, stage1_loss_instance_mil: 0.0375, stage1_bag_acc: 99.4993, stage1_neg_loss: 0.0197, stage1_mean_ious: 0.4440, stage1_s: 0.0000, stage1_m: 0.0822, stage1_l: 0.3310, stage1_h: 0.4536, loss: 0.0669, grad_norm: 1.1757
2024-03-04 00:34:17,564 - mmdet - INFO - Epoch [12][100/180]	lr: 1.000e-04, eta: 0:01:22, time: 1.200, data_time: 0.036, memory: 16578, stage0_loss_instance_mil: 0.0078, stage0_bag_acc: 99.5633, stage0_mean_ious: 0.4592, stage0_s: 0.0000, stage0_m: 0.0163, stage0_l: 0.2974, stage0_h: 0.4764, stage1_loss_instance_mil: 0.0389, stage1_bag_acc: 99.1883, stage1_neg_loss: 0.0252, stage1_mean_ious: 0.4652, stage1_s: 0.0000, stage1_m: 0.0141, stage1_l: 0.3303, stage1_h: 0.4778, loss: 0.0719, grad_norm: 1.2625
2024-03-04 00:35:18,094 - mmdet - INFO - Epoch [12][150/180]	lr: 1.000e-04, eta: 0:00:31, time: 1.211, data_time: 0.038, memory: 16578, stage0_loss_instance_mil: 0.0041, stage0_bag_acc: 99.8947, stage0_mean_ious: 0.4546, stage0_s: 0.0000, stage0_m: 0.0723, stage0_l: 0.2458, stage0_h: 0.4800, stage1_loss_instance_mil: 0.0407, stage1_bag_acc: 100.0000, stage1_neg_loss: 0.0206, stage1_mean_ious: 0.4627, stage1_s: 0.0000, stage1_m: 0.0687, stage1_l: 0.2939, stage1_h: 0.4806, loss: 0.0655, grad_norm: 1.0992
2024-03-04 00:35:54,982 - mmdet - INFO - Saving checkpoint at 12 epochs
2024-03-04 00:38:08,136 - mmdet - INFO - Evaluating bbox...
2024-03-04 00:38:10,080 - mmdet - INFO -  Average Precision  (AP) @[ IoU=0.50:0.95 | area=   all | maxDets=100 ] = 0.0218
2024-03-04 00:38:10,080 - mmdet - INFO -  Average Precision  (AP) @[ IoU=0.50      | area=   all | maxDets=1000 ] = 0.0851
2024-03-04 00:38:10,080 - mmdet - INFO -  Average Precision  (AP) @[ IoU=0.60      | area=   all | maxDets=1000 ] = 0.0381
2024-03-04 00:38:10,081 - mmdet - INFO -  Average Precision  (AP) @[ IoU=0.70      | area=   all | maxDets=1000 ] = 0.0111
2024-03-04 00:38:10,081 - mmdet - INFO -  Average Precision  (AP) @[ IoU=0.75      | area=   all | maxDets=1000 ] = 0.0047
2024-03-04 00:38:10,081 - mmdet - INFO -  Average Precision  (AP) @[ IoU=0.80      | area=   all | maxDets=1000 ] = 0.0015
2024-03-04 00:38:10,081 - mmdet - INFO -  Average Precision  (AP) @[ IoU=0.90      | area=   all | maxDets=1000 ] = 0.0001
2024-03-04 00:38:10,081 - mmdet - INFO -  Average Precision  (AP) @[ IoU=0.50:0.95 | area= small | maxDets=1000 ] = 0.1633
2024-03-04 00:38:10,082 - mmdet - INFO -  Average Precision  (AP) @[ IoU=0.50:0.95 | area=medium | maxDets=1000 ] = 0.0381
2024-03-04 00:38:10,082 - mmdet - INFO -  Average Precision  (AP) @[ IoU=0.50:0.95 | area= large | maxDets=1000 ] = 0.0014
2024-03-04 00:38:10,082 - mmdet - INFO -  Average Recall     (AR) @[ IoU=0.50:0.95 | area=   all | maxDets=100 ] = 0.0746
2024-03-04 00:38:10,082 - mmdet - INFO -  Average Recall     (AR) @[ IoU=0.50:0.95 | area=   all | maxDets=300 ] = 0.0746
2024-03-04 00:38:10,082 - mmdet - INFO -  Average Recall     (AR) @[ IoU=0.50:0.95 | area=   all | maxDets=1000 ] = 0.0746
2024-03-04 00:38:10,082 - mmdet - INFO -  Average Recall     (AR) @[ IoU=0.50:0.95 | area= small | maxDets=1000 ] = 0.1702
2024-03-04 00:38:10,083 - mmdet - INFO -  Average Recall     (AR) @[ IoU=0.50:0.95 | area=medium | maxDets=1000 ] = 0.0992
2024-03-04 00:38:10,083 - mmdet - INFO -  Average Recall     (AR) @[ IoU=0.50:0.95 | area= large | maxDets=1000 ] = 0.0141
2024-03-04 00:38:10,129 - mmdet - INFO - Exp name: P2BNet_r50_fpn_1x_coco_ms.py
2024-03-04 00:38:10,130 - mmdet - INFO - Epoch(val) [12][180]	eval_iter_num: 720, bbox_mAP: 0.0220, bbox_mAP_50: 0.0850, bbox_mAP_75: 0.0380, bbox_mAP_s: 0.0110, bbox_mAP_m: 0.0050, bbox_mAP_l: 0.0010, bbox_mAP_copypaste: 0.022 0.085 0.038 0.011 0.005 0.001
2024-03-04 00:40:21,306 - mmdet - INFO - Evaluating bbox...
2024-03-04 00:40:23,166 - mmdet - INFO -  Average Precision  (AP) @[ IoU=0.50:0.95 | area=   all | maxDets=100 ] = 0.0218
2024-03-04 00:40:23,167 - mmdet - INFO -  Average Precision  (AP) @[ IoU=0.50      | area=   all | maxDets=1000 ] = 0.0851
2024-03-04 00:40:23,167 - mmdet - INFO -  Average Precision  (AP) @[ IoU=0.60      | area=   all | maxDets=1000 ] = 0.0381
2024-03-04 00:40:23,167 - mmdet - INFO -  Average Precision  (AP) @[ IoU=0.70      | area=   all | maxDets=1000 ] = 0.0111
2024-03-04 00:40:23,169 - mmdet - INFO -  Average Precision  (AP) @[ IoU=0.75      | area=   all | maxDets=1000 ] = 0.0047
2024-03-04 00:40:23,169 - mmdet - INFO -  Average Precision  (AP) @[ IoU=0.80      | area=   all | maxDets=1000 ] = 0.0015
2024-03-04 00:40:23,169 - mmdet - INFO -  Average Precision  (AP) @[ IoU=0.90      | area=   all | maxDets=1000 ] = 0.0001
2024-03-04 00:40:23,169 - mmdet - INFO -  Average Precision  (AP) @[ IoU=0.50:0.95 | area= small | maxDets=1000 ] = 0.1633
2024-03-04 00:40:23,170 - mmdet - INFO -  Average Precision  (AP) @[ IoU=0.50:0.95 | area=medium | maxDets=1000 ] = 0.0381
2024-03-04 00:40:23,170 - mmdet - INFO -  Average Precision  (AP) @[ IoU=0.50:0.95 | area= large | maxDets=1000 ] = 0.0014
2024-03-04 00:40:23,170 - mmdet - INFO -  Average Recall     (AR) @[ IoU=0.50:0.95 | area=   all | maxDets=100 ] = 0.0746
2024-03-04 00:40:23,170 - mmdet - INFO -  Average Recall     (AR) @[ IoU=0.50:0.95 | area=   all | maxDets=300 ] = 0.0746
2024-03-04 00:40:23,170 - mmdet - INFO -  Average Recall     (AR) @[ IoU=0.50:0.95 | area=   all | maxDets=1000 ] = 0.0746
2024-03-04 00:40:23,170 - mmdet - INFO -  Average Recall     (AR) @[ IoU=0.50:0.95 | area= small | maxDets=1000 ] = 0.1702
2024-03-04 00:40:23,170 - mmdet - INFO -  Average Recall     (AR) @[ IoU=0.50:0.95 | area=medium | maxDets=1000 ] = 0.0992
2024-03-04 00:40:23,171 - mmdet - INFO -  Average Recall     (AR) @[ IoU=0.50:0.95 | area= large | maxDets=1000 ] = 0.0141
