2024-03-21 00:14:42,557 - mmdet - INFO - Environment info:
------------------------------------------------------------
sys.platform: linux
Python: 3.7.16 (default, Jan 17 2023, 22:20:44) [GCC 11.2.0]
CUDA available: True
GPU 0,1,2,3,4,5,6,7: NVIDIA GeForce RTX 3090
CUDA_HOME: /usr/local/cuda-12.0
NVCC: Build cuda_12.0.r12.0/compiler.31968024_0
GCC: gcc (Ubuntu 7.5.0-3ubuntu1~18.04) 7.5.0
PyTorch: 1.7.0
PyTorch compiling details: PyTorch built with:
  - GCC 7.3
  - C++ Version: 201402
  - Intel(R) oneAPI Math Kernel Library Version 2021.4-Product Build 20210904 for Intel(R) 64 architecture applications
  - Intel(R) MKL-DNN v1.6.0 (Git Hash 5ef631a030a6f73131c77892041042805a06064f)
  - OpenMP 201511 (a.k.a. OpenMP 4.5)
  - NNPACK is enabled
  - CPU capability usage: AVX2
  - CUDA Runtime 11.0
  - NVCC architecture flags: -gencode;arch=compute_37,code=sm_37;-gencode;arch=compute_50,code=sm_50;-gencode;arch=compute_60,code=sm_60;-gencode;arch=compute_61,code=sm_61;-gencode;arch=compute_70,code=sm_70;-gencode;arch=compute_75,code=sm_75;-gencode;arch=compute_80,code=sm_80;-gencode;arch=compute_37,code=compute_37
  - CuDNN 8.0.3
  - Magma 2.5.2
  - Build settings: BLAS=MKL, BUILD_TYPE=Release, CXX_FLAGS= -Wno-deprecated -fvisibility-inlines-hidden -DUSE_PTHREADPOOL -fopenmp -DNDEBUG -DUSE_FBGEMM -DUSE_QNNPACK -DUSE_PYTORCH_QNNPACK -DUSE_XNNPACK -DUSE_VULKAN_WRAPPER -O2 -fPIC -Wno-narrowing -Wall -Wextra -Werror=return-type -Wno-missing-field-initializers -Wno-type-limits -Wno-array-bounds -Wno-unknown-pragmas -Wno-sign-compare -Wno-unused-parameter -Wno-unused-variable -Wno-unused-function -Wno-unused-result -Wno-unused-local-typedefs -Wno-strict-overflow -Wno-strict-aliasing -Wno-error=deprecated-declarations -Wno-stringop-overflow -Wno-psabi -Wno-error=pedantic -Wno-error=redundant-decls -Wno-error=old-style-cast -fdiagnostics-color=always -faligned-new -Wno-unused-but-set-variable -Wno-maybe-uninitialized -fno-math-errno -fno-trapping-math -Werror=format -Wno-stringop-overflow, PERF_WITH_AVX=1, PERF_WITH_AVX2=1, PERF_WITH_AVX512=1, USE_CUDA=ON, USE_EXCEPTION_PTR=1, USE_GFLAGS=OFF, USE_GLOG=OFF, USE_MKL=ON, USE_MKLDNN=ON, USE_MPI=OFF, USE_NCCL=ON, USE_NNPACK=ON, USE_OPENMP=ON, 

TorchVision: 0.8.0
OpenCV: 4.8.1
MMCV: 1.3.3
MMCV Compiler: GCC 7.3
MMCV CUDA Compiler: 11.0
MMDetection: 2.13.0+c820f32
------------------------------------------------------------

2024-03-21 00:14:44,372 - mmdet - INFO - Distributed training: False
2024-03-21 00:14:46,200 - mmdet - INFO - Config:
checkpoint_config = dict(interval=1)
log_config = dict(interval=50, hooks=[dict(type='TextLoggerHook')])
custom_hooks = [dict(type='NumClassCheckHook')]
dist_params = dict(backend='nccl')
log_level = 'INFO'
load_from = '../TOV_mmdetection_cache/work_dir/coco/pre_trained/P2B.pth'
resume_from = None
workflow = [('train', 1)]
norm_cfg = dict(type='GN', num_groups=32, requires_grad=True)
debug = False
num_stages = 2
model = dict(
    type='P2BNet',
    pretrained='torchvision://resnet50',
    backbone=dict(
        type='ResNet',
        depth=50,
        num_stages=4,
        out_indices=(0, 1, 2, 3),
        frozen_stages=1,
        norm_cfg=dict(type='BN', requires_grad=True),
        norm_eval=True,
        style='pytorch'),
    neck=dict(
        type='FPNPADNN',
        in_channels=[256, 512, 1024, 2048],
        out_channels=256,
        start_level=0,
        add_extra_convs='on_input',
        num_outs=4,
        norm_cfg=dict(type='GN', num_groups=32, requires_grad=True)),
    roi_head=dict(
        type='P2BHead',
        num_stages=2,
        top_k=7,
        with_atten=False,
        bbox_roi_extractor=dict(
            type='SingleRoIExtractor',
            roi_layer=dict(type='RoIAlign', output_size=7),
            out_channels=256,
            featmap_strides=[4, 8, 16, 32]),
        bbox_head=dict(
            type='Shared2FCInstanceMILHead',
            num_stages=2,
            with_loss_pseudo=False,
            in_channels=256,
            fc_out_channels=1024,
            roi_feat_size=7,
            num_classes=6,
            num_ref_fcs=0,
            bbox_coder=dict(
                type='DeltaXYWHBBoxCoder',
                target_means=[0.0, 0.0, 0.0, 0.0],
                target_stds=[0.1, 0.1, 0.2, 0.2]),
            reg_class_agnostic=True,
            loss_type='MIL',
            loss_mil1=dict(
                type='MILLoss',
                binary_ins=False,
                loss_weight=0.25,
                loss_type='binary_cross_entropy'),
            loss_mil2=dict(
                type='MILLoss',
                binary_ins=False,
                loss_weight=0.25,
                loss_type='gfocal_loss'))),
    train_cfg=dict(
        base_proposal=dict(
            base_scales=[4, 8, 16, 32, 64, 128],
            base_ratios=[
                0.3333333333333333, 0.5, 0.6666666666666666, 1.0, 1.5, 2.0, 3.0
            ],
            shake_ratio=None,
            cut_mode='symmetry',
            gen_num_neg=0),
        fine_proposal=dict(
            gen_proposal_mode='fix_gen',
            cut_mode=None,
            shake_ratio=[0.1],
            base_ratios=[1, 1.2, 1.3, 0.8, 0.7],
            iou_thr=0.3,
            gen_num_neg=500),
        rcnn=None),
    test_cfg=dict(rpn=None, rcnn=None))
dataset_type = 'CocoFmtDataset'
data_root = 'data/coco/'
img_norm_cfg = dict(
    mean=[123.675, 116.28, 103.53], std=[58.395, 57.12, 57.375], to_rgb=True)
train_pipeline = [
    dict(type='LoadImageFromFile'),
    dict(type='LoadAnnotations', with_bbox=True),
    dict(
        type='Resize',
        img_scale=[(2000, 480), (2000, 576), (2000, 688), (2000, 864),
                   (2000, 1000), (2000, 1200)],
        multiscale_mode='value',
        keep_ratio=True),
    dict(type='RandomFlip', flip_ratio=0.5),
    dict(
        type='Normalize',
        mean=[123.675, 116.28, 103.53],
        std=[58.395, 57.12, 57.375],
        to_rgb=True),
    dict(type='Pad', size_divisor=32),
    dict(type='DefaultFormatBundle'),
    dict(
        type='Collect',
        keys=[
            'img', 'gt_bboxes', 'gt_labels', 'gt_bboxes_ignore',
            'gt_true_bboxes'
        ])
]
test_scale = 1200
test_pipeline = [
    dict(type='LoadImageFromFile'),
    dict(type='LoadAnnotations', with_bbox=True),
    dict(
        type='MultiScaleFlipAug',
        img_scale=(2000, 1200),
        flip=False,
        transforms=[
            dict(type='Resize', keep_ratio=True),
            dict(type='RandomFlip'),
            dict(
                type='Normalize',
                mean=[123.675, 116.28, 103.53],
                std=[58.395, 57.12, 57.375],
                to_rgb=True),
            dict(type='Pad', size_divisor=32),
            dict(type='DefaultFormatBundle'),
            dict(
                type='Collect',
                keys=[
                    'img', 'gt_bboxes', 'gt_labels', 'gt_bboxes_ignore',
                    'gt_anns_id', 'gt_true_bboxes'
                ])
        ])
]
data = dict(
    samples_per_gpu=4,
    workers_per_gpu=1,
    shuffle=None,
    train=dict(
        type='CocoFmtDataset',
        ann_file='data/coco/annotations_qc_pt/instances_train2017_coarse.json',
        img_prefix='data/coco/images/train/',
        pipeline=[
            dict(type='LoadImageFromFile'),
            dict(type='LoadAnnotations', with_bbox=True),
            dict(
                type='Resize',
                img_scale=[(2000, 480), (2000, 576), (2000, 688), (2000, 864),
                           (2000, 1000), (2000, 1200)],
                multiscale_mode='value',
                keep_ratio=True),
            dict(type='RandomFlip', flip_ratio=0.5),
            dict(
                type='Normalize',
                mean=[123.675, 116.28, 103.53],
                std=[58.395, 57.12, 57.375],
                to_rgb=True),
            dict(type='Pad', size_divisor=32),
            dict(type='DefaultFormatBundle'),
            dict(
                type='Collect',
                keys=[
                    'img', 'gt_bboxes', 'gt_labels', 'gt_bboxes_ignore',
                    'gt_true_bboxes'
                ])
        ]),
    val=dict(
        samples_per_gpu=4,
        type='CocoFmtDataset',
        ann_file='data/coco/annotations_qc_pt/instances_train2017_coarse.json',
        img_prefix='data/coco/images/train/',
        pipeline=[
            dict(type='LoadImageFromFile'),
            dict(type='LoadAnnotations', with_bbox=True),
            dict(
                type='MultiScaleFlipAug',
                img_scale=(2000, 1200),
                flip=False,
                transforms=[
                    dict(type='Resize', keep_ratio=True),
                    dict(type='RandomFlip'),
                    dict(
                        type='Normalize',
                        mean=[123.675, 116.28, 103.53],
                        std=[58.395, 57.12, 57.375],
                        to_rgb=True),
                    dict(type='Pad', size_divisor=32),
                    dict(type='DefaultFormatBundle'),
                    dict(
                        type='Collect',
                        keys=[
                            'img', 'gt_bboxes', 'gt_labels',
                            'gt_bboxes_ignore', 'gt_anns_id', 'gt_true_bboxes'
                        ])
                ])
        ],
        test_mode=False),
    test=dict(
        samples_per_gpu=4,
        type='CocoFmtDataset',
        ann_file='data/coco/annotations/instances_val.json',
        img_prefix='data/coco/images/val/',
        pipeline=[
            dict(type='LoadImageFromFile'),
            dict(type='LoadAnnotations', with_bbox=True),
            dict(
                type='MultiScaleFlipAug',
                img_scale=(2000, 1200),
                flip=False,
                transforms=[
                    dict(type='Resize', keep_ratio=True),
                    dict(type='RandomFlip'),
                    dict(
                        type='Normalize',
                        mean=[123.675, 116.28, 103.53],
                        std=[58.395, 57.12, 57.375],
                        to_rgb=True),
                    dict(type='Pad', size_divisor=32),
                    dict(type='DefaultFormatBundle'),
                    dict(
                        type='Collect',
                        keys=[
                            'img', 'gt_bboxes', 'gt_labels',
                            'gt_bboxes_ignore', 'gt_anns_id', 'gt_true_bboxes'
                        ])
                ])
        ],
        test_mode=False))
check = dict(stop_while_nan=False)
optimizer = dict(type='SGD', lr=0.04, momentum=0.9, weight_decay=0.0001)
optimizer_config = dict(grad_clip=dict(max_norm=35, norm_type=2))
lr_config = dict(
    policy='step',
    warmup='linear',
    warmup_iters=500,
    warmup_ratio=0.001,
    step=[8, 11])
runner = dict(type='EpochBasedRunner', max_epochs=12)
work_dir = '../TOV_mmdetection_cache/work_dir/coco/'
evaluation = dict(
    interval=1,
    metric='bbox',
    save_result_file=
    '../TOV_mmdetection_cache/work_dir/coco/_1200_latest_result.json',
    do_first_eval=False,
    do_final_eval=True)
gpu_ids = [3]

2024-03-21 00:14:56,680 - mmdet - INFO - load checkpoint from ../TOV_mmdetection_cache/work_dir/coco/pre_trained/P2B.pth
2024-03-21 00:14:56,681 - mmdet - INFO - Use load_from_local loader
2024-03-21 00:14:57,735 - mmdet - WARNING - The model and loaded state dict do not match exactly

size mismatch for roi_head.bbox_head.fc_cls.0.weight: copying a param with shape torch.Size([81, 1024]) from checkpoint, the shape in current model is torch.Size([7, 1024]).
size mismatch for roi_head.bbox_head.fc_cls.0.bias: copying a param with shape torch.Size([81]) from checkpoint, the shape in current model is torch.Size([7]).
size mismatch for roi_head.bbox_head.fc_cls.1.weight: copying a param with shape torch.Size([80, 1024]) from checkpoint, the shape in current model is torch.Size([6, 1024]).
size mismatch for roi_head.bbox_head.fc_cls.1.bias: copying a param with shape torch.Size([80]) from checkpoint, the shape in current model is torch.Size([6]).
size mismatch for roi_head.bbox_head.fc_ins.0.weight: copying a param with shape torch.Size([81, 1024]) from checkpoint, the shape in current model is torch.Size([7, 1024]).
size mismatch for roi_head.bbox_head.fc_ins.0.bias: copying a param with shape torch.Size([81]) from checkpoint, the shape in current model is torch.Size([7]).
size mismatch for roi_head.bbox_head.fc_ins.1.weight: copying a param with shape torch.Size([80, 1024]) from checkpoint, the shape in current model is torch.Size([6, 1024]).
size mismatch for roi_head.bbox_head.fc_ins.1.bias: copying a param with shape torch.Size([80]) from checkpoint, the shape in current model is torch.Size([6]).
missing keys in source state_dict: neck.cbam.ca.fc1.weight, neck.cbam.ca.fc2.weight, neck.cbam.sa.conv1.weight, neck.offsets.weight, neck.offsets.bias, neck.dcn.weight

2024-03-21 00:14:57,747 - mmdet - INFO - Start running, host: lxz@user-SYS-4029GP-TRT2, work_dir: /home/lxz/P2BNet/TOV_mmdetection_cache/work_dir/coco
2024-03-21 00:14:57,747 - mmdet - INFO - workflow: [('train', 1)], max: 12 epochs
2024-03-21 00:16:19,687 - mmdet - INFO - Epoch [1][50/360]	lr: 3.956e-03, eta: 1:56:36, time: 1.639, data_time: 0.074, memory: 9556, stage0_loss_instance_mil: 0.6934, stage0_bag_acc: 22.1001, stage0_mean_ious: 0.3833, stage0_s: 0.0000, stage0_m: 0.0295, stage0_l: 0.1742, stage0_h: 0.3987, stage1_loss_instance_mil: 0.1595, stage1_bag_acc: 21.2373, stage1_neg_loss: 0.0053, stage1_mean_ious: 0.3643, stage1_s: 0.0000, stage1_m: 0.0279, stage1_l: 0.1631, stage1_h: 0.3812, loss: 0.8582, grad_norm: 2.2868
2024-03-21 00:17:39,802 - mmdet - INFO - Epoch [1][100/360]	lr: 7.952e-03, eta: 1:53:58, time: 1.602, data_time: 0.027, memory: 9568, stage0_loss_instance_mil: 0.5512, stage0_bag_acc: 46.2248, stage0_mean_ious: 0.4398, stage0_s: 0.0000, stage0_m: 0.0193, stage0_l: 0.1800, stage0_h: 0.4664, stage1_loss_instance_mil: 0.2485, stage1_bag_acc: 36.0270, stage1_neg_loss: 0.0355, stage1_mean_ious: 0.4173, stage1_s: 0.0000, stage1_m: 0.0196, stage1_l: 0.1835, stage1_h: 0.4432, loss: 0.8352, grad_norm: 3.8577
2024-03-21 00:19:00,133 - mmdet - INFO - Epoch [1][150/360]	lr: 1.195e-02, eta: 1:52:17, time: 1.607, data_time: 0.026, memory: 9568, stage0_loss_instance_mil: 0.4670, stage0_bag_acc: 60.4746, stage0_mean_ious: 0.3392, stage0_s: 0.0000, stage0_m: 0.0209, stage0_l: 0.1472, stage0_h: 0.3493, stage1_loss_instance_mil: 0.3537, stage1_bag_acc: 42.6828, stage1_neg_loss: 0.0214, stage1_mean_ious: 0.3434, stage1_s: 0.0000, stage1_m: 0.0194, stage1_l: 0.1491, stage1_h: 0.3535, loss: 0.8422, grad_norm: 3.0695
2024-03-21 00:20:20,271 - mmdet - INFO - Epoch [1][200/360]	lr: 1.594e-02, eta: 1:50:43, time: 1.603, data_time: 0.026, memory: 9568, stage0_loss_instance_mil: 0.3849, stage0_bag_acc: 69.7769, stage0_mean_ious: 0.3625, stage0_s: 0.0000, stage0_m: 0.0098, stage0_l: 0.1278, stage0_h: 0.3710, stage1_loss_instance_mil: 0.3058, stage1_bag_acc: 63.8512, stage1_neg_loss: 0.1290, stage1_mean_ious: 0.3459, stage1_s: 0.0000, stage1_m: 0.0138, stage1_l: 0.1221, stage1_h: 0.3539, loss: 0.8196, grad_norm: 6.0789
2024-03-21 00:21:43,174 - mmdet - INFO - Epoch [1][250/360]	lr: 1.994e-02, eta: 1:50:00, time: 1.658, data_time: 0.028, memory: 9568, stage0_loss_instance_mil: 0.5773, stage0_bag_acc: 46.6240, stage0_mean_ious: 0.3289, stage0_s: 0.0000, stage0_m: 0.0159, stage0_l: 0.1344, stage0_h: 0.3305, stage1_loss_instance_mil: 0.2517, stage1_bag_acc: 38.6039, stage1_neg_loss: 0.0140, stage1_mean_ious: 0.3179, stage1_s: 0.0000, stage1_m: 0.0125, stage1_l: 0.1363, stage1_h: 0.3188, loss: 0.8430, grad_norm: 1.8292
2024-03-21 00:23:03,550 - mmdet - INFO - Epoch [1][300/360]	lr: 2.394e-02, eta: 1:48:29, time: 1.608, data_time: 0.030, memory: 9577, stage0_loss_instance_mil: 0.5207, stage0_bag_acc: 51.1607, stage0_mean_ious: 0.3113, stage0_s: 0.0000, stage0_m: 0.0264, stage0_l: 0.1483, stage0_h: 0.3200, stage1_loss_instance_mil: 0.2700, stage1_bag_acc: 40.5959, stage1_neg_loss: 0.0245, stage1_mean_ious: 0.3021, stage1_s: 0.0007, stage1_m: 0.0279, stage1_l: 0.1517, stage1_h: 0.3079, loss: 0.8151, grad_norm: 2.3467
2024-03-21 00:24:25,206 - mmdet - INFO - Epoch [1][350/360]	lr: 2.793e-02, eta: 1:47:16, time: 1.633, data_time: 0.030, memory: 9577, stage0_loss_instance_mil: 0.4727, stage0_bag_acc: 57.8027, stage0_mean_ious: 0.3562, stage0_s: 0.0000, stage0_m: 0.0232, stage0_l: 0.1387, stage0_h: 0.3606, stage1_loss_instance_mil: 0.3145, stage1_bag_acc: 43.3549, stage1_neg_loss: 0.0378, stage1_mean_ious: 0.3497, stage1_s: 0.0000, stage1_m: 0.0209, stage1_l: 0.1527, stage1_h: 0.3515, loss: 0.8251, grad_norm: 1.9641
2024-03-21 00:24:41,564 - mmdet - INFO - Saving checkpoint at 1 epochs
2024-03-21 00:31:15,085 - mmdet - INFO - Evaluating bbox...
2024-03-21 00:31:17,084 - mmdet - INFO -  Average Precision  (AP) @[ IoU=0.50:0.95 | area=   all | maxDets=100 ] = 0.0732
2024-03-21 00:31:17,085 - mmdet - INFO -  Average Precision  (AP) @[ IoU=0.50      | area=   all | maxDets=1000 ] = 0.2418
2024-03-21 00:31:17,085 - mmdet - INFO -  Average Precision  (AP) @[ IoU=0.60      | area=   all | maxDets=1000 ] = 0.1297
2024-03-21 00:31:17,085 - mmdet - INFO -  Average Precision  (AP) @[ IoU=0.70      | area=   all | maxDets=1000 ] = 0.0570
2024-03-21 00:31:17,086 - mmdet - INFO -  Average Precision  (AP) @[ IoU=0.75      | area=   all | maxDets=1000 ] = 0.0282
2024-03-21 00:31:17,086 - mmdet - INFO -  Average Precision  (AP) @[ IoU=0.80      | area=   all | maxDets=1000 ] = 0.0071
2024-03-21 00:31:17,086 - mmdet - INFO -  Average Precision  (AP) @[ IoU=0.90      | area=   all | maxDets=1000 ] = 0.0001
2024-03-21 00:31:17,086 - mmdet - INFO -  Average Precision  (AP) @[ IoU=0.50:0.95 | area= small | maxDets=1000 ] = 0.0489
2024-03-21 00:31:17,086 - mmdet - INFO -  Average Precision  (AP) @[ IoU=0.50:0.95 | area=medium | maxDets=1000 ] = 0.0749
2024-03-21 00:31:17,087 - mmdet - INFO -  Average Precision  (AP) @[ IoU=0.50:0.95 | area= large | maxDets=1000 ] = 0.1036
2024-03-21 00:31:17,087 - mmdet - INFO -  Average Recall     (AR) @[ IoU=0.50:0.95 | area=   all | maxDets=100 ] = 0.1415
2024-03-21 00:31:17,087 - mmdet - INFO -  Average Recall     (AR) @[ IoU=0.50:0.95 | area=   all | maxDets=300 ] = 0.1415
2024-03-21 00:31:17,087 - mmdet - INFO -  Average Recall     (AR) @[ IoU=0.50:0.95 | area=   all | maxDets=1000 ] = 0.1415
2024-03-21 00:31:17,087 - mmdet - INFO -  Average Recall     (AR) @[ IoU=0.50:0.95 | area= small | maxDets=1000 ] = 0.0962
2024-03-21 00:31:17,087 - mmdet - INFO -  Average Recall     (AR) @[ IoU=0.50:0.95 | area=medium | maxDets=1000 ] = 0.1445
2024-03-21 00:31:17,087 - mmdet - INFO -  Average Recall     (AR) @[ IoU=0.50:0.95 | area= large | maxDets=1000 ] = 0.1276
2024-03-21 00:31:17,135 - mmdet - INFO - Exp name: P2BNet_r50_fpn_1x_coco_ms.py
2024-03-21 00:31:17,138 - mmdet - INFO - Epoch(val) [1][360]	eval_iter_num: 360, bbox_mAP: 0.0730, bbox_mAP_50: 0.2420, bbox_mAP_75: 0.1300, bbox_mAP_s: 0.0570, bbox_mAP_m: 0.0280, bbox_mAP_l: 0.0070, bbox_mAP_copypaste: 0.073 0.242 0.130 0.057 0.028 0.007
2024-03-21 00:32:42,656 - mmdet - INFO - Epoch [2][50/360]	lr: 3.273e-02, eta: 1:43:46, time: 1.710, data_time: 0.084, memory: 9577, stage0_loss_instance_mil: 0.4891, stage0_bag_acc: 58.5466, stage0_mean_ious: 0.2998, stage0_s: 0.0000, stage0_m: 0.0235, stage0_l: 0.1967, stage0_h: 0.3046, stage1_loss_instance_mil: 0.2411, stage1_bag_acc: 39.1638, stage1_neg_loss: 0.0311, stage1_mean_ious: 0.2829, stage1_s: 0.0000, stage1_m: 0.0239, stage1_l: 0.2111, stage1_h: 0.2787, loss: 0.7613, grad_norm: 1.4933
2024-03-21 00:34:03,501 - mmdet - INFO - Epoch [2][100/360]	lr: 3.672e-02, eta: 1:42:37, time: 1.617, data_time: 0.028, memory: 9577, stage0_loss_instance_mil: 0.5991, stage0_bag_acc: 37.8291, stage0_mean_ious: 0.2786, stage0_s: 0.0000, stage0_m: 0.0179, stage0_l: 0.1853, stage0_h: 0.2820, stage1_loss_instance_mil: 0.1871, stage1_bag_acc: 37.5779, stage1_neg_loss: 0.0200, stage1_mean_ious: 0.2685, stage1_s: 0.0000, stage1_m: 0.0189, stage1_l: 0.2033, stage1_h: 0.2656, loss: 0.8063, grad_norm: 1.6920
2024-03-21 00:35:24,731 - mmdet - INFO - Epoch [2][150/360]	lr: 4.000e-02, eta: 1:41:28, time: 1.625, data_time: 0.028, memory: 9577, stage0_loss_instance_mil: 0.4653, stage0_bag_acc: 60.3948, stage0_mean_ious: 0.3066, stage0_s: 0.0000, stage0_m: 0.0107, stage0_l: 0.1613, stage0_h: 0.3090, stage1_loss_instance_mil: 0.2873, stage1_bag_acc: 35.8086, stage1_neg_loss: 0.0267, stage1_mean_ious: 0.2970, stage1_s: 0.0000, stage1_m: 0.0125, stage1_l: 0.1759, stage1_h: 0.2936, loss: 0.7793, grad_norm: 1.2013
2024-03-21 00:36:46,406 - mmdet - INFO - Epoch [2][200/360]	lr: 4.000e-02, eta: 1:40:20, time: 1.633, data_time: 0.028, memory: 9577, stage0_loss_instance_mil: 0.4227, stage0_bag_acc: 62.4508, stage0_mean_ious: 0.3167, stage0_s: 0.0000, stage0_m: 0.0258, stage0_l: 0.1567, stage0_h: 0.3215, stage1_loss_instance_mil: 0.2550, stage1_bag_acc: 64.7055, stage1_neg_loss: 0.0527, stage1_mean_ious: 0.2989, stage1_s: 0.0000, stage1_m: 0.0242, stage1_l: 0.1552, stage1_h: 0.3017, loss: 0.7304, grad_norm: 2.2309
2024-03-21 00:38:07,206 - mmdet - INFO - Epoch [2][250/360]	lr: 4.000e-02, eta: 1:39:04, time: 1.616, data_time: 0.028, memory: 9577, stage0_loss_instance_mil: 0.6856, stage0_bag_acc: 25.4895, stage0_mean_ious: 0.1590, stage0_s: 0.0000, stage0_m: 0.0387, stage0_l: 0.1395, stage0_h: 0.1441, stage1_loss_instance_mil: 0.1771, stage1_bag_acc: 19.3779, stage1_neg_loss: 0.0037, stage1_mean_ious: 0.1499, stage1_s: 0.0000, stage1_m: 0.0337, stage1_l: 0.1439, stage1_h: 0.1348, loss: 0.8663, grad_norm: 0.7561
2024-03-21 00:39:29,177 - mmdet - INFO - Epoch [2][300/360]	lr: 4.000e-02, eta: 1:37:55, time: 1.639, data_time: 0.029, memory: 9577, stage0_loss_instance_mil: 0.6885, stage0_bag_acc: 20.9537, stage0_mean_ious: 0.2059, stage0_s: 0.0000, stage0_m: 0.0059, stage0_l: 0.1491, stage0_h: 0.2002, stage1_loss_instance_mil: 0.1345, stage1_bag_acc: 22.9060, stage1_neg_loss: 0.0095, stage1_mean_ious: 0.1993, stage1_s: 0.0000, stage1_m: 0.0059, stage1_l: 0.1475, stage1_h: 0.1918, loss: 0.8325, grad_norm: 0.5585
2024-03-21 00:40:50,940 - mmdet - INFO - Epoch [2][350/360]	lr: 4.000e-02, eta: 1:36:42, time: 1.635, data_time: 0.028, memory: 9577, stage0_loss_instance_mil: 0.6806, stage0_bag_acc: 24.0696, stage0_mean_ious: 0.2285, stage0_s: 0.0000, stage0_m: 0.0256, stage0_l: 0.2092, stage0_h: 0.2237, stage1_loss_instance_mil: 0.1254, stage1_bag_acc: 23.7311, stage1_neg_loss: 0.0144, stage1_mean_ious: 0.2215, stage1_s: 0.0000, stage1_m: 0.0256, stage1_l: 0.2098, stage1_h: 0.2158, loss: 0.8204, grad_norm: 0.4206
2024-03-21 00:41:05,527 - mmdet - INFO - Saving checkpoint at 2 epochs
2024-03-21 00:47:36,604 - mmdet - INFO - Evaluating bbox...
2024-03-21 00:47:38,631 - mmdet - INFO -  Average Precision  (AP) @[ IoU=0.50:0.95 | area=   all | maxDets=100 ] = 0.0017
2024-03-21 00:47:38,632 - mmdet - INFO -  Average Precision  (AP) @[ IoU=0.50      | area=   all | maxDets=1000 ] = 0.0024
2024-03-21 00:47:38,632 - mmdet - INFO -  Average Precision  (AP) @[ IoU=0.60      | area=   all | maxDets=1000 ] = 0.0020
2024-03-21 00:47:38,632 - mmdet - INFO -  Average Precision  (AP) @[ IoU=0.70      | area=   all | maxDets=1000 ] = 0.0020
2024-03-21 00:47:38,633 - mmdet - INFO -  Average Precision  (AP) @[ IoU=0.75      | area=   all | maxDets=1000 ] = 0.0020
2024-03-21 00:47:38,633 - mmdet - INFO -  Average Precision  (AP) @[ IoU=0.80      | area=   all | maxDets=1000 ] = 0.0017
2024-03-21 00:47:38,633 - mmdet - INFO -  Average Precision  (AP) @[ IoU=0.90      | area=   all | maxDets=1000 ] = 0.0008
2024-03-21 00:47:38,633 - mmdet - INFO -  Average Precision  (AP) @[ IoU=0.50:0.95 | area= small | maxDets=1000 ] = 0.0025
2024-03-21 00:47:38,634 - mmdet - INFO -  Average Precision  (AP) @[ IoU=0.50:0.95 | area=medium | maxDets=1000 ] = 0.0014
2024-03-21 00:47:38,634 - mmdet - INFO -  Average Precision  (AP) @[ IoU=0.50:0.95 | area= large | maxDets=1000 ] = 0.0003
2024-03-21 00:47:38,634 - mmdet - INFO -  Average Recall     (AR) @[ IoU=0.50:0.95 | area=   all | maxDets=100 ] = 0.0044
2024-03-21 00:47:38,634 - mmdet - INFO -  Average Recall     (AR) @[ IoU=0.50:0.95 | area=   all | maxDets=300 ] = 0.0044
2024-03-21 00:47:38,634 - mmdet - INFO -  Average Recall     (AR) @[ IoU=0.50:0.95 | area=   all | maxDets=1000 ] = 0.0044
2024-03-21 00:47:38,634 - mmdet - INFO -  Average Recall     (AR) @[ IoU=0.50:0.95 | area= small | maxDets=1000 ] = 0.0171
2024-03-21 00:47:38,635 - mmdet - INFO -  Average Recall     (AR) @[ IoU=0.50:0.95 | area=medium | maxDets=1000 ] = 0.0064
2024-03-21 00:47:38,635 - mmdet - INFO -  Average Recall     (AR) @[ IoU=0.50:0.95 | area= large | maxDets=1000 ] = 0.0002
2024-03-21 00:47:38,685 - mmdet - INFO - Exp name: P2BNet_r50_fpn_1x_coco_ms.py
2024-03-21 00:47:38,687 - mmdet - INFO - Epoch(val) [2][360]	eval_iter_num: 360, bbox_mAP: 0.0020, bbox_mAP_50: 0.0020, bbox_mAP_75: 0.0020, bbox_mAP_s: 0.0020, bbox_mAP_m: 0.0020, bbox_mAP_l: 0.0020, bbox_mAP_copypaste: 0.002 0.002 0.002 0.002 0.002 0.002
2024-03-21 00:49:01,229 - mmdet - INFO - Epoch [3][50/360]	lr: 4.000e-02, eta: 1:34:01, time: 1.650, data_time: 0.080, memory: 9577, stage0_loss_instance_mil: 0.6809, stage0_bag_acc: 18.7661, stage0_mean_ious: 0.2040, stage0_s: 0.0000, stage0_m: 0.0123, stage0_l: 0.1466, stage0_h: 0.1947, stage1_loss_instance_mil: 0.1185, stage1_bag_acc: 18.4678, stage1_neg_loss: 0.0166, stage1_mean_ious: 0.2037, stage1_s: 0.0000, stage1_m: 0.0125, stage1_l: 0.1512, stage1_h: 0.1936, loss: 0.8160, grad_norm: 0.3849
2024-03-21 00:50:23,776 - mmdet - INFO - Epoch [3][100/360]	lr: 4.000e-02, eta: 1:32:55, time: 1.651, data_time: 0.030, memory: 9577, stage0_loss_instance_mil: 0.6967, stage0_bag_acc: 11.3505, stage0_mean_ious: 0.2245, stage0_s: 0.0000, stage0_m: 0.0060, stage0_l: 0.1533, stage0_h: 0.2177, stage1_loss_instance_mil: 0.1146, stage1_bag_acc: 16.3138, stage1_neg_loss: 0.0129, stage1_mean_ious: 0.2203, stage1_s: 0.0000, stage1_m: 0.0056, stage1_l: 0.1591, stage1_h: 0.2125, loss: 0.8241, grad_norm: 0.3753
2024-03-21 00:51:44,765 - mmdet - INFO - Epoch [3][150/360]	lr: 4.000e-02, eta: 1:31:41, time: 1.620, data_time: 0.026, memory: 9577, stage0_loss_instance_mil: 0.6828, stage0_bag_acc: 16.9670, stage0_mean_ious: 0.2256, stage0_s: 0.0000, stage0_m: 0.0136, stage0_l: 0.1778, stage0_h: 0.2138, stage1_loss_instance_mil: 0.1185, stage1_bag_acc: 16.9348, stage1_neg_loss: 0.0154, stage1_mean_ious: 0.2227, stage1_s: 0.0000, stage1_m: 0.0143, stage1_l: 0.1776, stage1_h: 0.2111, loss: 0.8168, grad_norm: 0.3207
2024-03-21 00:53:03,571 - mmdet - INFO - Epoch [3][200/360]	lr: 4.000e-02, eta: 1:30:18, time: 1.576, data_time: 0.027, memory: 9577, stage0_loss_instance_mil: 0.6847, stage0_bag_acc: 18.1141, stage0_mean_ious: 0.2423, stage0_s: 0.0000, stage0_m: 0.0130, stage0_l: 0.1926, stage0_h: 0.2394, stage1_loss_instance_mil: 0.1184, stage1_bag_acc: 13.7929, stage1_neg_loss: 0.0152, stage1_mean_ious: 0.2388, stage1_s: 0.0000, stage1_m: 0.0139, stage1_l: 0.2022, stage1_h: 0.2362, loss: 0.8183, grad_norm: 0.3139
2024-03-21 00:54:23,783 - mmdet - INFO - Epoch [3][250/360]	lr: 4.000e-02, eta: 1:29:00, time: 1.604, data_time: 0.028, memory: 9577, stage0_loss_instance_mil: 0.6746, stage0_bag_acc: 20.7392, stage0_mean_ious: 0.2481, stage0_s: 0.0000, stage0_m: 0.0134, stage0_l: 0.1749, stage0_h: 0.2462, stage1_loss_instance_mil: 0.1192, stage1_bag_acc: 19.3739, stage1_neg_loss: 0.0160, stage1_mean_ious: 0.2380, stage1_s: 0.0000, stage1_m: 0.0146, stage1_l: 0.1793, stage1_h: 0.2330, loss: 0.8099, grad_norm: 0.3019
2024-03-21 00:55:41,970 - mmdet - INFO - Epoch [3][300/360]	lr: 4.000e-02, eta: 1:27:35, time: 1.564, data_time: 0.027, memory: 9577, stage0_loss_instance_mil: 0.6789, stage0_bag_acc: 21.0981, stage0_mean_ious: 0.2741, stage0_s: 0.0000, stage0_m: 0.0143, stage0_l: 0.1435, stage0_h: 0.2804, stage1_loss_instance_mil: 0.1204, stage1_bag_acc: 19.6108, stage1_neg_loss: 0.0162, stage1_mean_ious: 0.2667, stage1_s: 0.0000, stage1_m: 0.0149, stage1_l: 0.1471, stage1_h: 0.2701, loss: 0.8156, grad_norm: 0.3008
2024-03-21 00:57:02,342 - mmdet - INFO - Epoch [3][350/360]	lr: 4.000e-02, eta: 1:26:18, time: 1.607, data_time: 0.027, memory: 9577, stage0_loss_instance_mil: 0.6695, stage0_bag_acc: 23.0014, stage0_mean_ious: 0.3506, stage0_s: 0.0000, stage0_m: 0.0111, stage0_l: 0.1610, stage0_h: 0.3673, stage1_loss_instance_mil: 0.1213, stage1_bag_acc: 23.7264, stage1_neg_loss: 0.0158, stage1_mean_ious: 0.3497, stage1_s: 0.0000, stage1_m: 0.0127, stage1_l: 0.1738, stage1_h: 0.3633, loss: 0.8066, grad_norm: 0.5634
2024-03-21 00:57:19,477 - mmdet - INFO - Saving checkpoint at 3 epochs
2024-03-21 01:03:50,776 - mmdet - INFO - Evaluating bbox...
2024-03-21 01:03:52,911 - mmdet - INFO -  Average Precision  (AP) @[ IoU=0.50:0.95 | area=   all | maxDets=100 ] = 0.1397
2024-03-21 01:03:52,912 - mmdet - INFO -  Average Precision  (AP) @[ IoU=0.50      | area=   all | maxDets=1000 ] = 0.4724
2024-03-21 01:03:52,912 - mmdet - INFO -  Average Precision  (AP) @[ IoU=0.60      | area=   all | maxDets=1000 ] = 0.2552
2024-03-21 01:03:52,912 - mmdet - INFO -  Average Precision  (AP) @[ IoU=0.70      | area=   all | maxDets=1000 ] = 0.0794
2024-03-21 01:03:52,913 - mmdet - INFO -  Average Precision  (AP) @[ IoU=0.75      | area=   all | maxDets=1000 ] = 0.0455
2024-03-21 01:03:52,913 - mmdet - INFO -  Average Precision  (AP) @[ IoU=0.80      | area=   all | maxDets=1000 ] = 0.0211
2024-03-21 01:03:52,913 - mmdet - INFO -  Average Precision  (AP) @[ IoU=0.90      | area=   all | maxDets=1000 ] = 0.0024
2024-03-21 01:03:52,913 - mmdet - INFO -  Average Precision  (AP) @[ IoU=0.50:0.95 | area= small | maxDets=1000 ] = 0.2305
2024-03-21 01:03:52,914 - mmdet - INFO -  Average Precision  (AP) @[ IoU=0.50:0.95 | area=medium | maxDets=1000 ] = 0.1502
2024-03-21 01:03:52,914 - mmdet - INFO -  Average Precision  (AP) @[ IoU=0.50:0.95 | area= large | maxDets=1000 ] = 0.0754
2024-03-21 01:03:52,914 - mmdet - INFO -  Average Recall     (AR) @[ IoU=0.50:0.95 | area=   all | maxDets=100 ] = 0.2560
2024-03-21 01:03:52,914 - mmdet - INFO -  Average Recall     (AR) @[ IoU=0.50:0.95 | area=   all | maxDets=300 ] = 0.2560
2024-03-21 01:03:52,914 - mmdet - INFO -  Average Recall     (AR) @[ IoU=0.50:0.95 | area=   all | maxDets=1000 ] = 0.2560
2024-03-21 01:03:52,914 - mmdet - INFO -  Average Recall     (AR) @[ IoU=0.50:0.95 | area= small | maxDets=1000 ] = 0.2914
2024-03-21 01:03:52,914 - mmdet - INFO -  Average Recall     (AR) @[ IoU=0.50:0.95 | area=medium | maxDets=1000 ] = 0.2784
2024-03-21 01:03:52,915 - mmdet - INFO -  Average Recall     (AR) @[ IoU=0.50:0.95 | area= large | maxDets=1000 ] = 0.1865
2024-03-21 01:03:52,967 - mmdet - INFO - Exp name: P2BNet_r50_fpn_1x_coco_ms.py
2024-03-21 01:03:52,971 - mmdet - INFO - Epoch(val) [3][360]	eval_iter_num: 360, bbox_mAP: 0.1400, bbox_mAP_50: 0.4720, bbox_mAP_75: 0.2550, bbox_mAP_s: 0.0790, bbox_mAP_m: 0.0460, bbox_mAP_l: 0.0210, bbox_mAP_copypaste: 0.140 0.472 0.255 0.079 0.046 0.021
2024-03-21 01:05:15,310 - mmdet - INFO - Epoch [4][50/360]	lr: 4.000e-02, eta: 1:24:05, time: 1.646, data_time: 0.079, memory: 9577, stage0_loss_instance_mil: 0.6768, stage0_bag_acc: 25.0396, stage0_mean_ious: 0.3915, stage0_s: 0.0000, stage0_m: 0.0037, stage0_l: 0.1178, stage0_h: 0.4213, stage1_loss_instance_mil: 0.1164, stage1_bag_acc: 25.0396, stage1_neg_loss: 0.0153, stage1_mean_ious: 0.3837, stage1_s: 0.0000, stage1_m: 0.0044, stage1_l: 0.1182, stage1_h: 0.4131, loss: 0.8086, grad_norm: 0.2718
2024-03-21 01:06:31,149 - mmdet - INFO - Epoch [4][100/360]	lr: 4.000e-02, eta: 1:22:37, time: 1.517, data_time: 0.026, memory: 9577, stage0_loss_instance_mil: 0.6796, stage0_bag_acc: 19.6678, stage0_mean_ious: 0.3965, stage0_s: 0.0000, stage0_m: 0.0057, stage0_l: 0.1665, stage0_h: 0.4215, stage1_loss_instance_mil: 0.1163, stage1_bag_acc: 20.6427, stage1_neg_loss: 0.0166, stage1_mean_ious: 0.3867, stage1_s: 0.0000, stage1_m: 0.0061, stage1_l: 0.1688, stage1_h: 0.4092, loss: 0.8125, grad_norm: 0.2676
2024-03-21 01:07:51,477 - mmdet - INFO - Epoch [4][150/360]	lr: 4.000e-02, eta: 1:21:21, time: 1.606, data_time: 0.027, memory: 9577, stage0_loss_instance_mil: 0.6832, stage0_bag_acc: 15.6537, stage0_mean_ious: 0.3823, stage0_s: 0.0012, stage0_m: 0.0219, stage0_l: 0.1381, stage0_h: 0.4114, stage1_loss_instance_mil: 0.1151, stage1_bag_acc: 12.8732, stage1_neg_loss: 0.0145, stage1_mean_ious: 0.3716, stage1_s: 0.0010, stage1_m: 0.0233, stage1_l: 0.1458, stage1_h: 0.3987, loss: 0.8129, grad_norm: 0.2475
2024-03-21 01:09:11,930 - mmdet - INFO - Epoch [4][200/360]	lr: 4.000e-02, eta: 1:20:06, time: 1.609, data_time: 0.027, memory: 9577, stage0_loss_instance_mil: 0.6824, stage0_bag_acc: 17.6884, stage0_mean_ious: 0.4018, stage0_s: 0.0000, stage0_m: 0.0073, stage0_l: 0.1001, stage0_h: 0.4279, stage1_loss_instance_mil: 0.1140, stage1_bag_acc: 15.9569, stage1_neg_loss: 0.0150, stage1_mean_ious: 0.3863, stage1_s: 0.0000, stage1_m: 0.0071, stage1_l: 0.1061, stage1_h: 0.4096, loss: 0.8114, grad_norm: 0.2432
2024-03-21 01:10:31,395 - mmdet - INFO - Epoch [4][250/360]	lr: 4.000e-02, eta: 1:18:48, time: 1.589, data_time: 0.026, memory: 9577, stage0_loss_instance_mil: 0.6728, stage0_bag_acc: 22.3970, stage0_mean_ious: 0.3944, stage0_s: 0.0000, stage0_m: 0.0106, stage0_l: 0.1252, stage0_h: 0.4332, stage1_loss_instance_mil: 0.1175, stage1_bag_acc: 26.1644, stage1_neg_loss: 0.0154, stage1_mean_ious: 0.3799, stage1_s: 0.0000, stage1_m: 0.0102, stage1_l: 0.1309, stage1_h: 0.4158, loss: 0.8057, grad_norm: 0.2594
2024-03-21 01:11:49,014 - mmdet - INFO - Epoch [4][300/360]	lr: 4.000e-02, eta: 1:17:26, time: 1.552, data_time: 0.026, memory: 9577, stage0_loss_instance_mil: 0.6791, stage0_bag_acc: 19.7607, stage0_mean_ious: 0.4259, stage0_s: 0.0000, stage0_m: 0.0125, stage0_l: 0.1249, stage0_h: 0.4636, stage1_loss_instance_mil: 0.1141, stage1_bag_acc: 21.9426, stage1_neg_loss: 0.0177, stage1_mean_ious: 0.4113, stage1_s: 0.0000, stage1_m: 0.0124, stage1_l: 0.1264, stage1_h: 0.4465, loss: 0.8109, grad_norm: 0.2587
2024-03-21 01:13:11,052 - mmdet - INFO - Epoch [4][350/360]	lr: 4.000e-02, eta: 1:16:13, time: 1.641, data_time: 0.027, memory: 9577, stage0_loss_instance_mil: 0.6787, stage0_bag_acc: 22.9373, stage0_mean_ious: 0.4009, stage0_s: 0.0000, stage0_m: 0.0087, stage0_l: 0.1138, stage0_h: 0.4298, stage1_loss_instance_mil: 0.1158, stage1_bag_acc: 20.6516, stage1_neg_loss: 0.0152, stage1_mean_ious: 0.3918, stage1_s: 0.0000, stage1_m: 0.0089, stage1_l: 0.1130, stage1_h: 0.4197, loss: 0.8097, grad_norm: 0.2306
2024-03-21 01:13:27,134 - mmdet - INFO - Saving checkpoint at 4 epochs
2024-03-21 01:19:57,784 - mmdet - INFO - Evaluating bbox...
2024-03-21 01:19:59,991 - mmdet - INFO -  Average Precision  (AP) @[ IoU=0.50:0.95 | area=   all | maxDets=100 ] = 0.1403
2024-03-21 01:19:59,992 - mmdet - INFO -  Average Precision  (AP) @[ IoU=0.50      | area=   all | maxDets=1000 ] = 0.4901
2024-03-21 01:19:59,992 - mmdet - INFO -  Average Precision  (AP) @[ IoU=0.60      | area=   all | maxDets=1000 ] = 0.2412
2024-03-21 01:19:59,992 - mmdet - INFO -  Average Precision  (AP) @[ IoU=0.70      | area=   all | maxDets=1000 ] = 0.0868
2024-03-21 01:19:59,992 - mmdet - INFO -  Average Precision  (AP) @[ IoU=0.75      | area=   all | maxDets=1000 ] = 0.0464
2024-03-21 01:19:59,992 - mmdet - INFO -  Average Precision  (AP) @[ IoU=0.80      | area=   all | maxDets=1000 ] = 0.0187
2024-03-21 01:19:59,993 - mmdet - INFO -  Average Precision  (AP) @[ IoU=0.90      | area=   all | maxDets=1000 ] = 0.0015
2024-03-21 01:19:59,993 - mmdet - INFO -  Average Precision  (AP) @[ IoU=0.50:0.95 | area= small | maxDets=1000 ] = 0.3301
2024-03-21 01:19:59,993 - mmdet - INFO -  Average Precision  (AP) @[ IoU=0.50:0.95 | area=medium | maxDets=1000 ] = 0.1534
2024-03-21 01:19:59,993 - mmdet - INFO -  Average Precision  (AP) @[ IoU=0.50:0.95 | area= large | maxDets=1000 ] = 0.0929
2024-03-21 01:19:59,994 - mmdet - INFO -  Average Recall     (AR) @[ IoU=0.50:0.95 | area=   all | maxDets=100 ] = 0.2636
2024-03-21 01:19:59,994 - mmdet - INFO -  Average Recall     (AR) @[ IoU=0.50:0.95 | area=   all | maxDets=300 ] = 0.2636
2024-03-21 01:19:59,994 - mmdet - INFO -  Average Recall     (AR) @[ IoU=0.50:0.95 | area=   all | maxDets=1000 ] = 0.2636
2024-03-21 01:19:59,994 - mmdet - INFO -  Average Recall     (AR) @[ IoU=0.50:0.95 | area= small | maxDets=1000 ] = 0.3392
2024-03-21 01:19:59,994 - mmdet - INFO -  Average Recall     (AR) @[ IoU=0.50:0.95 | area=medium | maxDets=1000 ] = 0.2912
2024-03-21 01:19:59,994 - mmdet - INFO -  Average Recall     (AR) @[ IoU=0.50:0.95 | area= large | maxDets=1000 ] = 0.2475
2024-03-21 01:20:00,045 - mmdet - INFO - Exp name: P2BNet_r50_fpn_1x_coco_ms.py
2024-03-21 01:20:00,049 - mmdet - INFO - Epoch(val) [4][360]	eval_iter_num: 360, bbox_mAP: 0.1400, bbox_mAP_50: 0.4900, bbox_mAP_75: 0.2410, bbox_mAP_s: 0.0870, bbox_mAP_m: 0.0460, bbox_mAP_l: 0.0190, bbox_mAP_copypaste: 0.140 0.490 0.241 0.087 0.046 0.019
2024-03-21 01:21:22,243 - mmdet - INFO - Epoch [5][50/360]	lr: 4.000e-02, eta: 1:14:13, time: 1.643, data_time: 0.081, memory: 9577, stage0_loss_instance_mil: 0.6765, stage0_bag_acc: 17.8782, stage0_mean_ious: 0.4048, stage0_s: 0.0000, stage0_m: 0.0016, stage0_l: 0.1215, stage0_h: 0.4390, stage1_loss_instance_mil: 0.1157, stage1_bag_acc: 21.8758, stage1_neg_loss: 0.0159, stage1_mean_ious: 0.3970, stage1_s: 0.0000, stage1_m: 0.0017, stage1_l: 0.1285, stage1_h: 0.4287, loss: 0.8081, grad_norm: 0.2376
2024-03-21 01:22:41,966 - mmdet - INFO - Epoch [5][100/360]	lr: 4.000e-02, eta: 1:12:57, time: 1.594, data_time: 0.028, memory: 9577, stage0_loss_instance_mil: 0.6749, stage0_bag_acc: 19.3035, stage0_mean_ious: 0.3662, stage0_s: 0.0000, stage0_m: 0.0071, stage0_l: 0.1347, stage0_h: 0.3992, stage1_loss_instance_mil: 0.1149, stage1_bag_acc: 24.2924, stage1_neg_loss: 0.0171, stage1_mean_ious: 0.3596, stage1_s: 0.0000, stage1_m: 0.0072, stage1_l: 0.1349, stage1_h: 0.3907, loss: 0.8069, grad_norm: 0.2189
2024-03-21 01:24:04,101 - mmdet - INFO - Epoch [5][150/360]	lr: 4.000e-02, eta: 1:11:44, time: 1.643, data_time: 0.028, memory: 9577, stage0_loss_instance_mil: 0.6758, stage0_bag_acc: 18.5788, stage0_mean_ious: 0.3894, stage0_s: 0.0000, stage0_m: 0.0056, stage0_l: 0.1115, stage0_h: 0.4288, stage1_loss_instance_mil: 0.1163, stage1_bag_acc: 23.5679, stage1_neg_loss: 0.0151, stage1_mean_ious: 0.3903, stage1_s: 0.0000, stage1_m: 0.0049, stage1_l: 0.1099, stage1_h: 0.4287, loss: 0.8073, grad_norm: 0.2127
2024-03-21 01:25:23,404 - mmdet - INFO - Epoch [5][200/360]	lr: 4.000e-02, eta: 1:10:26, time: 1.586, data_time: 0.028, memory: 9577, stage0_loss_instance_mil: 0.6722, stage0_bag_acc: 20.3555, stage0_mean_ious: 0.4351, stage0_s: 0.0000, stage0_m: 0.0219, stage0_l: 0.0846, stage0_h: 0.4610, stage1_loss_instance_mil: 0.1180, stage1_bag_acc: 18.3333, stage1_neg_loss: 0.0176, stage1_mean_ious: 0.4287, stage1_s: 0.0000, stage1_m: 0.0223, stage1_l: 0.0910, stage1_h: 0.4524, loss: 0.8078, grad_norm: 0.2331
2024-03-21 01:26:45,325 - mmdet - INFO - Epoch [5][250/360]	lr: 4.000e-02, eta: 1:09:12, time: 1.638, data_time: 0.029, memory: 9577, stage0_loss_instance_mil: 0.6799, stage0_bag_acc: 19.1778, stage0_mean_ious: 0.4073, stage0_s: 0.0000, stage0_m: 0.0040, stage0_l: 0.1073, stage0_h: 0.4383, stage1_loss_instance_mil: 0.1151, stage1_bag_acc: 19.2920, stage1_neg_loss: 0.0162, stage1_mean_ious: 0.3991, stage1_s: 0.0000, stage1_m: 0.0035, stage1_l: 0.1084, stage1_h: 0.4277, loss: 0.8112, grad_norm: 0.2109
2024-03-21 01:28:06,050 - mmdet - INFO - Epoch [5][300/360]	lr: 4.000e-02, eta: 1:07:55, time: 1.615, data_time: 0.029, memory: 9577, stage0_loss_instance_mil: 0.6629, stage0_bag_acc: 30.2446, stage0_mean_ious: 0.4124, stage0_s: 0.0000, stage0_m: 0.0042, stage0_l: 0.1241, stage0_h: 0.4410, stage1_loss_instance_mil: 0.1198, stage1_bag_acc: 29.0444, stage1_neg_loss: 0.0192, stage1_mean_ious: 0.3979, stage1_s: 0.0000, stage1_m: 0.0046, stage1_l: 0.1277, stage1_h: 0.4227, loss: 0.8019, grad_norm: 0.2029
