2024-03-04 18:02:42,863 - mmdet - INFO - Environment info:
------------------------------------------------------------
sys.platform: linux
Python: 3.7.16 (default, Jan 17 2023, 22:20:44) [GCC 11.2.0]
CUDA available: True
GPU 0,1,2,3,4,5,6,7: NVIDIA GeForce RTX 3090
CUDA_HOME: /usr/local/cuda-12.0
NVCC: Build cuda_12.0.r12.0/compiler.31968024_0
GCC: gcc (Ubuntu 7.5.0-3ubuntu1~18.04) 7.5.0
PyTorch: 1.7.0
PyTorch compiling details: PyTorch built with:
  - GCC 7.3
  - C++ Version: 201402
  - Intel(R) oneAPI Math Kernel Library Version 2021.4-Product Build 20210904 for Intel(R) 64 architecture applications
  - Intel(R) MKL-DNN v1.6.0 (Git Hash 5ef631a030a6f73131c77892041042805a06064f)
  - OpenMP 201511 (a.k.a. OpenMP 4.5)
  - NNPACK is enabled
  - CPU capability usage: AVX2
  - CUDA Runtime 11.0
  - NVCC architecture flags: -gencode;arch=compute_37,code=sm_37;-gencode;arch=compute_50,code=sm_50;-gencode;arch=compute_60,code=sm_60;-gencode;arch=compute_61,code=sm_61;-gencode;arch=compute_70,code=sm_70;-gencode;arch=compute_75,code=sm_75;-gencode;arch=compute_80,code=sm_80;-gencode;arch=compute_37,code=compute_37
  - CuDNN 8.0.3
  - Magma 2.5.2
  - Build settings: BLAS=MKL, BUILD_TYPE=Release, CXX_FLAGS= -Wno-deprecated -fvisibility-inlines-hidden -DUSE_PTHREADPOOL -fopenmp -DNDEBUG -DUSE_FBGEMM -DUSE_QNNPACK -DUSE_PYTORCH_QNNPACK -DUSE_XNNPACK -DUSE_VULKAN_WRAPPER -O2 -fPIC -Wno-narrowing -Wall -Wextra -Werror=return-type -Wno-missing-field-initializers -Wno-type-limits -Wno-array-bounds -Wno-unknown-pragmas -Wno-sign-compare -Wno-unused-parameter -Wno-unused-variable -Wno-unused-function -Wno-unused-result -Wno-unused-local-typedefs -Wno-strict-overflow -Wno-strict-aliasing -Wno-error=deprecated-declarations -Wno-stringop-overflow -Wno-psabi -Wno-error=pedantic -Wno-error=redundant-decls -Wno-error=old-style-cast -fdiagnostics-color=always -faligned-new -Wno-unused-but-set-variable -Wno-maybe-uninitialized -fno-math-errno -fno-trapping-math -Werror=format -Wno-stringop-overflow, PERF_WITH_AVX=1, PERF_WITH_AVX2=1, PERF_WITH_AVX512=1, USE_CUDA=ON, USE_EXCEPTION_PTR=1, USE_GFLAGS=OFF, USE_GLOG=OFF, USE_MKL=ON, USE_MKLDNN=ON, USE_MPI=OFF, USE_NCCL=ON, USE_NNPACK=ON, USE_OPENMP=ON, 

TorchVision: 0.8.0
OpenCV: 4.8.1
MMCV: 1.3.3
MMCV Compiler: GCC 7.3
MMCV CUDA Compiler: 11.0
MMDetection: 2.13.0+c820f32
------------------------------------------------------------

2024-03-04 18:02:47,468 - mmdet - INFO - Distributed training: False
2024-03-04 18:02:50,651 - mmdet - INFO - Config:
checkpoint_config = dict(interval=1)
log_config = dict(interval=50, hooks=[dict(type='TextLoggerHook')])
custom_hooks = [dict(type='NumClassCheckHook')]
dist_params = dict(backend='nccl')
log_level = 'INFO'
load_from = '../TOV_mmdetection_cache/work_dir/coco/pre_trained/P2B.pth'
resume_from = None
workflow = [('train', 1)]
norm_cfg = dict(type='GN', num_groups=32, requires_grad=True)
debug = False
num_stages = 2
model = dict(
    type='P2BNet',
    pretrained='torchvision://resnet50',
    backbone=dict(
        type='ResNet',
        depth=50,
        num_stages=4,
        out_indices=(0, 1, 2, 3),
        frozen_stages=1,
        norm_cfg=dict(type='BN', requires_grad=True),
        norm_eval=True,
        style='pytorch'),
    neck=dict(
        type='FPN',
        in_channels=[256, 512, 1024, 2048],
        out_channels=256,
        start_level=0,
        add_extra_convs='on_input',
        num_outs=4,
        norm_cfg=dict(type='GN', num_groups=32, requires_grad=True)),
    roi_head=dict(
        type='P2BHead',
        num_stages=2,
        top_k=7,
        with_atten=False,
        bbox_roi_extractor=dict(
            type='SingleRoIExtractor',
            roi_layer=dict(type='RoIAlign', output_size=7),
            out_channels=256,
            featmap_strides=[4, 8, 16, 32]),
        bbox_head=dict(
            type='Shared2FCInstanceMILHead',
            num_stages=2,
            with_loss_pseudo=False,
            in_channels=256,
            fc_out_channels=1024,
            roi_feat_size=7,
            num_classes=6,
            num_ref_fcs=0,
            bbox_coder=dict(
                type='DeltaXYWHBBoxCoder',
                target_means=[0.0, 0.0, 0.0, 0.0],
                target_stds=[0.1, 0.1, 0.2, 0.2]),
            reg_class_agnostic=True,
            loss_type='MIL',
            loss_mil1=dict(
                type='MILLoss',
                binary_ins=False,
                loss_weight=0.25,
                loss_type='binary_cross_entropy'),
            loss_mil2=dict(
                type='MILLoss',
                binary_ins=False,
                loss_weight=0.25,
                loss_type='gfocal_loss'))),
    train_cfg=dict(
        base_proposal=dict(
            base_scales=[4, 8, 16, 32, 64, 128],
            base_ratios=[
                0.3333333333333333, 0.5, 0.6666666666666666, 1.0, 1.5, 2.0, 3.0
            ],
            shake_ratio=None,
            cut_mode='symmetry',
            gen_num_neg=0),
        fine_proposal=dict(
            gen_proposal_mode='fix_gen',
            cut_mode=None,
            shake_ratio=[0.1],
            base_ratios=[1, 1.2, 1.3, 0.8, 0.7],
            iou_thr=0.3,
            gen_num_neg=500),
        rcnn=None),
    test_cfg=dict(rpn=None, rcnn=None))
dataset_type = 'CocoFmtDataset'
data_root = 'data/coco/'
img_norm_cfg = dict(
    mean=[123.675, 116.28, 103.53], std=[58.395, 57.12, 57.375], to_rgb=True)
train_pipeline = [
    dict(type='LoadImageFromFile'),
    dict(type='LoadAnnotations', with_bbox=True),
    dict(
        type='Resize',
        img_scale=[(2000, 480), (2000, 576), (2000, 688), (2000, 864),
                   (2000, 1000), (2000, 1200)],
        multiscale_mode='value',
        keep_ratio=True),
    dict(type='RandomFlip', flip_ratio=0.5),
    dict(
        type='Normalize',
        mean=[123.675, 116.28, 103.53],
        std=[58.395, 57.12, 57.375],
        to_rgb=True),
    dict(type='Pad', size_divisor=32),
    dict(type='DefaultFormatBundle'),
    dict(
        type='Collect',
        keys=[
            'img', 'gt_bboxes', 'gt_labels', 'gt_bboxes_ignore',
            'gt_true_bboxes'
        ])
]
test_scale = 1200
test_pipeline = [
    dict(type='LoadImageFromFile'),
    dict(type='LoadAnnotations', with_bbox=True),
    dict(
        type='MultiScaleFlipAug',
        img_scale=(2000, 1200),
        flip=False,
        transforms=[
            dict(type='Resize', keep_ratio=True),
            dict(type='RandomFlip'),
            dict(
                type='Normalize',
                mean=[123.675, 116.28, 103.53],
                std=[58.395, 57.12, 57.375],
                to_rgb=True),
            dict(type='Pad', size_divisor=32),
            dict(type='DefaultFormatBundle'),
            dict(
                type='Collect',
                keys=[
                    'img', 'gt_bboxes', 'gt_labels', 'gt_bboxes_ignore',
                    'gt_anns_id', 'gt_true_bboxes'
                ])
        ])
]
data = dict(
    samples_per_gpu=8,
    workers_per_gpu=1,
    shuffle=None,
    train=dict(
        type='CocoFmtDataset',
        ann_file='data/coco/annotations_qc_pt/instances_train2017_coarse.json',
        img_prefix='data/coco/images/train/',
        pipeline=[
            dict(type='LoadImageFromFile'),
            dict(type='LoadAnnotations', with_bbox=True),
            dict(
                type='Resize',
                img_scale=[(2000, 480), (2000, 576), (2000, 688), (2000, 864),
                           (2000, 1000), (2000, 1200)],
                multiscale_mode='value',
                keep_ratio=True),
            dict(type='RandomFlip', flip_ratio=0.5),
            dict(
                type='Normalize',
                mean=[123.675, 116.28, 103.53],
                std=[58.395, 57.12, 57.375],
                to_rgb=True),
            dict(type='Pad', size_divisor=32),
            dict(type='DefaultFormatBundle'),
            dict(
                type='Collect',
                keys=[
                    'img', 'gt_bboxes', 'gt_labels', 'gt_bboxes_ignore',
                    'gt_true_bboxes'
                ])
        ]),
    val=dict(
        samples_per_gpu=2,
        type='CocoFmtDataset',
        ann_file='data/coco/annotations_qc_pt/instances_train2017_coarse.json',
        img_prefix='data/coco/images/train/',
        pipeline=[
            dict(type='LoadImageFromFile'),
            dict(type='LoadAnnotations', with_bbox=True),
            dict(
                type='MultiScaleFlipAug',
                img_scale=(2000, 1200),
                flip=False,
                transforms=[
                    dict(type='Resize', keep_ratio=True),
                    dict(type='RandomFlip'),
                    dict(
                        type='Normalize',
                        mean=[123.675, 116.28, 103.53],
                        std=[58.395, 57.12, 57.375],
                        to_rgb=True),
                    dict(type='Pad', size_divisor=32),
                    dict(type='DefaultFormatBundle'),
                    dict(
                        type='Collect',
                        keys=[
                            'img', 'gt_bboxes', 'gt_labels',
                            'gt_bboxes_ignore', 'gt_anns_id', 'gt_true_bboxes'
                        ])
                ])
        ],
        test_mode=False),
    test=dict(
        samples_per_gpu=2,
        type='CocoFmtDataset',
        ann_file='data/coco/annotations/instances_val.json',
        img_prefix='data/coco/images/val/',
        pipeline=[
            dict(type='LoadImageFromFile'),
            dict(type='LoadAnnotations', with_bbox=True),
            dict(
                type='MultiScaleFlipAug',
                img_scale=(2000, 1200),
                flip=False,
                transforms=[
                    dict(type='Resize', keep_ratio=True),
                    dict(type='RandomFlip'),
                    dict(
                        type='Normalize',
                        mean=[123.675, 116.28, 103.53],
                        std=[58.395, 57.12, 57.375],
                        to_rgb=True),
                    dict(type='Pad', size_divisor=32),
                    dict(type='DefaultFormatBundle'),
                    dict(
                        type='Collect',
                        keys=[
                            'img', 'gt_bboxes', 'gt_labels',
                            'gt_bboxes_ignore', 'gt_anns_id', 'gt_true_bboxes'
                        ])
                ])
        ],
        test_mode=False))
check = dict(stop_while_nan=False)
optimizer = dict(type='SGD', lr=0.01, momentum=0.9, weight_decay=0.0001)
optimizer_config = dict(grad_clip=dict(max_norm=35, norm_type=2))
lr_config = dict(
    policy='step',
    warmup='linear',
    warmup_iters=500,
    warmup_ratio=0.001,
    step=[8, 11])
runner = dict(type='EpochBasedRunner', max_epochs=12)
work_dir = '../TOV_mmdetection_cache/work_dir/coco/'
evaluation = dict(
    interval=1,
    metric='bbox',
    save_result_file=
    '../TOV_mmdetection_cache/work_dir/coco/_1200_latest_result.json',
    do_first_eval=False,
    do_final_eval=True)
gpu_ids = range(0, 1)

2024-03-04 18:03:02,979 - mmdet - INFO - load checkpoint from ../TOV_mmdetection_cache/work_dir/coco/pre_trained/P2B.pth
2024-03-04 18:03:02,989 - mmdet - INFO - Use load_from_local loader
2024-03-04 18:03:03,669 - mmdet - WARNING - The model and loaded state dict do not match exactly

size mismatch for roi_head.bbox_head.fc_cls.0.weight: copying a param with shape torch.Size([81, 1024]) from checkpoint, the shape in current model is torch.Size([7, 1024]).
size mismatch for roi_head.bbox_head.fc_cls.0.bias: copying a param with shape torch.Size([81]) from checkpoint, the shape in current model is torch.Size([7]).
size mismatch for roi_head.bbox_head.fc_cls.1.weight: copying a param with shape torch.Size([80, 1024]) from checkpoint, the shape in current model is torch.Size([6, 1024]).
size mismatch for roi_head.bbox_head.fc_cls.1.bias: copying a param with shape torch.Size([80]) from checkpoint, the shape in current model is torch.Size([6]).
size mismatch for roi_head.bbox_head.fc_ins.0.weight: copying a param with shape torch.Size([81, 1024]) from checkpoint, the shape in current model is torch.Size([7, 1024]).
size mismatch for roi_head.bbox_head.fc_ins.0.bias: copying a param with shape torch.Size([81]) from checkpoint, the shape in current model is torch.Size([7]).
size mismatch for roi_head.bbox_head.fc_ins.1.weight: copying a param with shape torch.Size([80, 1024]) from checkpoint, the shape in current model is torch.Size([6, 1024]).
size mismatch for roi_head.bbox_head.fc_ins.1.bias: copying a param with shape torch.Size([80]) from checkpoint, the shape in current model is torch.Size([6]).
2024-03-04 18:03:03,676 - mmdet - INFO - Start running, host: lxz@user-SYS-4029GP-TRT2, work_dir: /home/lxz/P2BNet/TOV_mmdetection_cache/work_dir/coco
2024-03-04 18:03:03,677 - mmdet - INFO - workflow: [('train', 1)], max: 12 epochs
2024-03-04 18:04:28,011 - mmdet - INFO - Epoch [1][50/180]	lr: 9.890e-04, eta: 0:59:18, time: 1.687, data_time: 0.177, memory: 16588, stage0_loss_instance_mil: 0.6725, stage0_bag_acc: 24.8334, stage0_mean_ious: 0.4214, stage0_s: 0.0000, stage0_m: 0.0455, stage0_l: 0.2641, stage0_h: 0.4385, stage1_loss_instance_mil: 0.1702, stage1_bag_acc: 20.9946, stage1_neg_loss: 0.0051, stage1_mean_ious: 0.3890, stage1_s: 0.0000, stage1_m: 0.0449, stage1_l: 0.2322, stage1_h: 0.4058, loss: 0.8479, grad_norm: 3.3242
2024-03-04 18:05:46,351 - mmdet - INFO - Epoch [1][100/180]	lr: 1.988e-03, eta: 0:55:50, time: 1.567, data_time: 0.102, memory: 16590, stage0_loss_instance_mil: 0.4578, stage0_bag_acc: 60.0617, stage0_mean_ious: 0.4526, stage0_s: 0.0000, stage0_m: 0.0471, stage0_l: 0.2695, stage0_h: 0.4684, stage1_loss_instance_mil: 0.2178, stage1_bag_acc: 53.0266, stage1_neg_loss: 0.0326, stage1_mean_ious: 0.4180, stage1_s: 0.0000, stage1_m: 0.0420, stage1_l: 0.2533, stage1_h: 0.4324, loss: 0.7082, grad_norm: 5.1822
2024-03-04 18:07:03,792 - mmdet - INFO - Epoch [1][150/180]	lr: 2.987e-03, eta: 0:53:37, time: 1.549, data_time: 0.093, memory: 16590, stage0_loss_instance_mil: 0.1390, stage0_bag_acc: 91.8977, stage0_mean_ious: 0.4864, stage0_s: 0.0000, stage0_m: 0.0435, stage0_l: 0.2808, stage0_h: 0.5101, stage1_loss_instance_mil: 0.3582, stage1_bag_acc: 80.9827, stage1_neg_loss: 0.0778, stage1_mean_ious: 0.4791, stage1_s: 0.0000, stage1_m: 0.0430, stage1_l: 0.2859, stage1_h: 0.5014, loss: 0.5749, grad_norm: 8.1871
2024-03-04 18:07:49,808 - mmdet - INFO - Saving checkpoint at 1 epochs
2024-03-04 18:12:45,683 - mmdet - INFO - Evaluating bbox...
2024-03-04 18:12:49,845 - mmdet - INFO -  Average Precision  (AP) @[ IoU=0.50:0.95 | area=   all | maxDets=100 ] = 0.0075
2024-03-04 18:12:49,846 - mmdet - INFO -  Average Precision  (AP) @[ IoU=0.50      | area=   all | maxDets=1000 ] = 0.0395
2024-03-04 18:12:49,847 - mmdet - INFO -  Average Precision  (AP) @[ IoU=0.60      | area=   all | maxDets=1000 ] = 0.0082
2024-03-04 18:12:49,848 - mmdet - INFO -  Average Precision  (AP) @[ IoU=0.70      | area=   all | maxDets=1000 ] = 0.0020
2024-03-04 18:12:49,849 - mmdet - INFO -  Average Precision  (AP) @[ IoU=0.75      | area=   all | maxDets=1000 ] = 0.0007
2024-03-04 18:12:49,849 - mmdet - INFO -  Average Precision  (AP) @[ IoU=0.80      | area=   all | maxDets=1000 ] = 0.0003
2024-03-04 18:12:49,850 - mmdet - INFO -  Average Precision  (AP) @[ IoU=0.90      | area=   all | maxDets=1000 ] = 0.0000
2024-03-04 18:12:49,851 - mmdet - INFO -  Average Precision  (AP) @[ IoU=0.50:0.95 | area= small | maxDets=1000 ] = 0.1186
2024-03-04 18:12:49,851 - mmdet - INFO -  Average Precision  (AP) @[ IoU=0.50:0.95 | area=medium | maxDets=1000 ] = 0.0040
2024-03-04 18:12:49,852 - mmdet - INFO -  Average Precision  (AP) @[ IoU=0.50:0.95 | area= large | maxDets=1000 ] = 0.0201
2024-03-04 18:12:49,853 - mmdet - INFO -  Average Recall     (AR) @[ IoU=0.50:0.95 | area=   all | maxDets=100 ] = 0.0403
2024-03-04 18:12:49,853 - mmdet - INFO -  Average Recall     (AR) @[ IoU=0.50:0.95 | area=   all | maxDets=300 ] = 0.0403
2024-03-04 18:12:49,854 - mmdet - INFO -  Average Recall     (AR) @[ IoU=0.50:0.95 | area=   all | maxDets=1000 ] = 0.0403
2024-03-04 18:12:49,854 - mmdet - INFO -  Average Recall     (AR) @[ IoU=0.50:0.95 | area= small | maxDets=1000 ] = 0.1604
2024-03-04 18:12:49,855 - mmdet - INFO -  Average Recall     (AR) @[ IoU=0.50:0.95 | area=medium | maxDets=1000 ] = 0.0268
2024-03-04 18:12:49,855 - mmdet - INFO -  Average Recall     (AR) @[ IoU=0.50:0.95 | area= large | maxDets=1000 ] = 0.0195
2024-03-04 18:12:49,925 - mmdet - INFO - Exp name: P2BNet_r50_fpn_1x_coco_ms.py
2024-03-04 18:12:49,927 - mmdet - INFO - Epoch(val) [1][180]	eval_iter_num: 720, bbox_mAP: 0.0080, bbox_mAP_50: 0.0390, bbox_mAP_75: 0.0080, bbox_mAP_s: 0.0020, bbox_mAP_m: 0.0010, bbox_mAP_l: 0.0000, bbox_mAP_copypaste: 0.008 0.039 0.008 0.002 0.001 0.000
2024-03-04 18:14:14,578 - mmdet - INFO - Epoch [2][50/180]	lr: 4.585e-03, eta: 0:45:24, time: 1.693, data_time: 0.184, memory: 16590, stage0_loss_instance_mil: 0.1347, stage0_bag_acc: 93.4003, stage0_mean_ious: 0.4690, stage0_s: 0.0000, stage0_m: 0.0387, stage0_l: 0.3469, stage0_h: 0.4785, stage1_loss_instance_mil: 0.3493, stage1_bag_acc: 73.4310, stage1_neg_loss: 0.0434, stage1_mean_ious: 0.4811, stage1_s: 0.0000, stage1_m: 0.0455, stage1_l: 0.3734, stage1_h: 0.4879, loss: 0.5274, grad_norm: 4.3861
2024-03-04 18:15:33,299 - mmdet - INFO - Epoch [2][100/180]	lr: 5.584e-03, eta: 0:45:08, time: 1.574, data_time: 0.101, memory: 16594, stage0_loss_instance_mil: 0.1752, stage0_bag_acc: 88.1155, stage0_mean_ious: 0.4517, stage0_s: 0.0000, stage0_m: 0.0478, stage0_l: 0.3221, stage0_h: 0.4672, stage1_loss_instance_mil: 0.2255, stage1_bag_acc: 83.8104, stage1_neg_loss: 0.0539, stage1_mean_ious: 0.4670, stage1_s: 0.0000, stage1_m: 0.0581, stage1_l: 0.3510, stage1_h: 0.4799, loss: 0.4546, grad_norm: 6.7817
2024-03-04 18:16:51,879 - mmdet - INFO - Epoch [2][150/180]	lr: 6.583e-03, eta: 0:44:33, time: 1.572, data_time: 0.102, memory: 16594, stage0_loss_instance_mil: 0.2364, stage0_bag_acc: 81.8811, stage0_mean_ious: 0.3838, stage0_s: 0.0000, stage0_m: 0.0326, stage0_l: 0.3164, stage0_h: 0.3806, stage1_loss_instance_mil: 0.2344, stage1_bag_acc: 78.4167, stage1_neg_loss: 0.0297, stage1_mean_ious: 0.3909, stage1_s: 0.0000, stage1_m: 0.0342, stage1_l: 0.3392, stage1_h: 0.3856, loss: 0.5006, grad_norm: 3.5798
2024-03-04 18:17:37,194 - mmdet - INFO - Saving checkpoint at 2 epochs
2024-03-04 18:22:29,315 - mmdet - INFO - Evaluating bbox...
2024-03-04 18:22:33,755 - mmdet - INFO -  Average Precision  (AP) @[ IoU=0.50:0.95 | area=   all | maxDets=100 ] = 0.0051
2024-03-04 18:22:33,755 - mmdet - INFO -  Average Precision  (AP) @[ IoU=0.50      | area=   all | maxDets=1000 ] = 0.0237
2024-03-04 18:22:33,756 - mmdet - INFO -  Average Precision  (AP) @[ IoU=0.60      | area=   all | maxDets=1000 ] = 0.0081
2024-03-04 18:22:33,756 - mmdet - INFO -  Average Precision  (AP) @[ IoU=0.70      | area=   all | maxDets=1000 ] = 0.0012
2024-03-04 18:22:33,756 - mmdet - INFO -  Average Precision  (AP) @[ IoU=0.75      | area=   all | maxDets=1000 ] = 0.0007
2024-03-04 18:22:33,757 - mmdet - INFO -  Average Precision  (AP) @[ IoU=0.80      | area=   all | maxDets=1000 ] = 0.0004
2024-03-04 18:22:33,757 - mmdet - INFO -  Average Precision  (AP) @[ IoU=0.90      | area=   all | maxDets=1000 ] = 0.0000
2024-03-04 18:22:33,757 - mmdet - INFO -  Average Precision  (AP) @[ IoU=0.50:0.95 | area= small | maxDets=1000 ] = 0.1051
2024-03-04 18:22:33,758 - mmdet - INFO -  Average Precision  (AP) @[ IoU=0.50:0.95 | area=medium | maxDets=1000 ] = 0.0049
2024-03-04 18:22:33,758 - mmdet - INFO -  Average Precision  (AP) @[ IoU=0.50:0.95 | area= large | maxDets=1000 ] = 0.0133
2024-03-04 18:22:33,758 - mmdet - INFO -  Average Recall     (AR) @[ IoU=0.50:0.95 | area=   all | maxDets=100 ] = 0.0364
2024-03-04 18:22:33,758 - mmdet - INFO -  Average Recall     (AR) @[ IoU=0.50:0.95 | area=   all | maxDets=300 ] = 0.0364
2024-03-04 18:22:33,759 - mmdet - INFO -  Average Recall     (AR) @[ IoU=0.50:0.95 | area=   all | maxDets=1000 ] = 0.0364
2024-03-04 18:22:33,759 - mmdet - INFO -  Average Recall     (AR) @[ IoU=0.50:0.95 | area= small | maxDets=1000 ] = 0.1429
2024-03-04 18:22:33,759 - mmdet - INFO -  Average Recall     (AR) @[ IoU=0.50:0.95 | area=medium | maxDets=1000 ] = 0.0247
2024-03-04 18:22:33,759 - mmdet - INFO -  Average Recall     (AR) @[ IoU=0.50:0.95 | area= large | maxDets=1000 ] = 0.0193
2024-03-04 18:22:33,797 - mmdet - INFO - Exp name: P2BNet_r50_fpn_1x_coco_ms.py
2024-03-04 18:22:33,799 - mmdet - INFO - Epoch(val) [2][180]	eval_iter_num: 720, bbox_mAP: 0.0050, bbox_mAP_50: 0.0240, bbox_mAP_75: 0.0080, bbox_mAP_s: 0.0010, bbox_mAP_m: 0.0010, bbox_mAP_l: 0.0000, bbox_mAP_copypaste: 0.005 0.024 0.008 0.001 0.001 0.000
2024-03-04 18:23:57,760 - mmdet - INFO - Epoch [3][50/180]	lr: 8.182e-03, eta: 0:40:15, time: 1.678, data_time: 0.192, memory: 16594, stage0_loss_instance_mil: 0.0772, stage0_bag_acc: 95.1384, stage0_mean_ious: 0.4538, stage0_s: 0.0000, stage0_m: 0.0800, stage0_l: 0.3503, stage0_h: 0.4582, stage1_loss_instance_mil: 0.2679, stage1_bag_acc: 88.3455, stage1_neg_loss: 0.0618, stage1_mean_ious: 0.4614, stage1_s: 0.0000, stage1_m: 0.0913, stage1_l: 0.3640, stage1_h: 0.4621, loss: 0.4069, grad_norm: 3.6679
2024-03-04 18:25:20,048 - mmdet - INFO - Epoch [3][100/180]	lr: 9.181e-03, eta: 0:39:55, time: 1.646, data_time: 0.097, memory: 16594, stage0_loss_instance_mil: 0.0761, stage0_bag_acc: 95.0823, stage0_mean_ious: 0.4980, stage0_s: 0.0000, stage0_m: 0.0397, stage0_l: 0.3126, stage0_h: 0.5143, stage1_loss_instance_mil: 0.2705, stage1_bag_acc: 88.6649, stage1_neg_loss: 0.0631, stage1_mean_ious: 0.4999, stage1_s: 0.0000, stage1_m: 0.0362, stage1_l: 0.3309, stage1_h: 0.5132, loss: 0.4097, grad_norm: 3.9719
2024-03-04 18:26:36,069 - mmdet - INFO - Epoch [3][150/180]	lr: 1.000e-02, eta: 0:39:03, time: 1.520, data_time: 0.096, memory: 16594, stage0_loss_instance_mil: 0.1188, stage0_bag_acc: 93.5260, stage0_mean_ious: 0.5365, stage0_s: 0.0000, stage0_m: 0.1559, stage0_l: 0.4709, stage0_h: 0.5362, stage1_loss_instance_mil: 0.2345, stage1_bag_acc: 81.6070, stage1_neg_loss: 0.0416, stage1_mean_ious: 0.5494, stage1_s: 0.0000, stage1_m: 0.1645, stage1_l: 0.5063, stage1_h: 0.5447, loss: 0.3949, grad_norm: 3.5368
2024-03-04 18:27:23,398 - mmdet - INFO - Saving checkpoint at 3 epochs
2024-03-04 18:32:20,473 - mmdet - INFO - Evaluating bbox...
2024-03-04 18:32:23,679 - mmdet - INFO -  Average Precision  (AP) @[ IoU=0.50:0.95 | area=   all | maxDets=100 ] = 0.0125
2024-03-04 18:32:23,679 - mmdet - INFO -  Average Precision  (AP) @[ IoU=0.50      | area=   all | maxDets=1000 ] = 0.0493
2024-03-04 18:32:23,680 - mmdet - INFO -  Average Precision  (AP) @[ IoU=0.60      | area=   all | maxDets=1000 ] = 0.0197
2024-03-04 18:32:23,680 - mmdet - INFO -  Average Precision  (AP) @[ IoU=0.70      | area=   all | maxDets=1000 ] = 0.0064
2024-03-04 18:32:23,680 - mmdet - INFO -  Average Precision  (AP) @[ IoU=0.75      | area=   all | maxDets=1000 ] = 0.0031
2024-03-04 18:32:23,681 - mmdet - INFO -  Average Precision  (AP) @[ IoU=0.80      | area=   all | maxDets=1000 ] = 0.0011
2024-03-04 18:32:23,681 - mmdet - INFO -  Average Precision  (AP) @[ IoU=0.90      | area=   all | maxDets=1000 ] = 0.0000
2024-03-04 18:32:23,681 - mmdet - INFO -  Average Precision  (AP) @[ IoU=0.50:0.95 | area= small | maxDets=1000 ] = 0.0927
2024-03-04 18:32:23,682 - mmdet - INFO -  Average Precision  (AP) @[ IoU=0.50:0.95 | area=medium | maxDets=1000 ] = 0.0142
2024-03-04 18:32:23,682 - mmdet - INFO -  Average Precision  (AP) @[ IoU=0.50:0.95 | area= large | maxDets=1000 ] = 0.0311
2024-03-04 18:32:23,682 - mmdet - INFO -  Average Recall     (AR) @[ IoU=0.50:0.95 | area=   all | maxDets=100 ] = 0.0507
2024-03-04 18:32:23,682 - mmdet - INFO -  Average Recall     (AR) @[ IoU=0.50:0.95 | area=   all | maxDets=300 ] = 0.0507
2024-03-04 18:32:23,683 - mmdet - INFO -  Average Recall     (AR) @[ IoU=0.50:0.95 | area=   all | maxDets=1000 ] = 0.0507
2024-03-04 18:32:23,683 - mmdet - INFO -  Average Recall     (AR) @[ IoU=0.50:0.95 | area= small | maxDets=1000 ] = 0.1561
2024-03-04 18:32:23,683 - mmdet - INFO -  Average Recall     (AR) @[ IoU=0.50:0.95 | area=medium | maxDets=1000 ] = 0.0469
2024-03-04 18:32:23,683 - mmdet - INFO -  Average Recall     (AR) @[ IoU=0.50:0.95 | area= large | maxDets=1000 ] = 0.0333
2024-03-04 18:32:23,729 - mmdet - INFO - Exp name: P2BNet_r50_fpn_1x_coco_ms.py
2024-03-04 18:32:23,732 - mmdet - INFO - Epoch(val) [3][180]	eval_iter_num: 720, bbox_mAP: 0.0120, bbox_mAP_50: 0.0490, bbox_mAP_75: 0.0200, bbox_mAP_s: 0.0060, bbox_mAP_m: 0.0030, bbox_mAP_l: 0.0010, bbox_mAP_copypaste: 0.012 0.049 0.020 0.006 0.003 0.001
2024-03-04 18:33:46,955 - mmdet - INFO - Epoch [4][50/180]	lr: 1.000e-02, eta: 0:35:48, time: 1.663, data_time: 0.178, memory: 16594, stage0_loss_instance_mil: 0.0467, stage0_bag_acc: 97.6392, stage0_mean_ious: 0.5073, stage0_s: 0.0000, stage0_m: 0.0873, stage0_l: 0.4411, stage0_h: 0.5088, stage1_loss_instance_mil: 0.1901, stage1_bag_acc: 94.6278, stage1_neg_loss: 0.0470, stage1_mean_ious: 0.5205, stage1_s: 0.0000, stage1_m: 0.0957, stage1_l: 0.4699, stage1_h: 0.5180, loss: 0.2838, grad_norm: 3.0936
2024-03-04 18:35:04,172 - mmdet - INFO - Epoch [4][100/180]	lr: 1.000e-02, eta: 0:35:00, time: 1.544, data_time: 0.099, memory: 16594, stage0_loss_instance_mil: 0.0697, stage0_bag_acc: 95.4051, stage0_mean_ious: 0.5004, stage0_s: 0.0083, stage0_m: 0.0410, stage0_l: 0.4284, stage0_h: 0.5085, stage1_loss_instance_mil: 0.1215, stage1_bag_acc: 95.2349, stage1_neg_loss: 0.0413, stage1_mean_ious: 0.5134, stage1_s: 0.0104, stage1_m: 0.0516, stage1_l: 0.4833, stage1_h: 0.5144, loss: 0.2326, grad_norm: 3.3023
2024-03-04 18:36:23,133 - mmdet - INFO - Epoch [4][150/180]	lr: 1.000e-02, eta: 0:34:12, time: 1.579, data_time: 0.096, memory: 16594, stage0_loss_instance_mil: 0.0514, stage0_bag_acc: 97.4493, stage0_mean_ious: 0.4583, stage0_s: 0.0000, stage0_m: 0.0274, stage0_l: 0.3593, stage0_h: 0.4671, stage1_loss_instance_mil: 0.1495, stage1_bag_acc: 92.3915, stage1_neg_loss: 0.0488, stage1_mean_ious: 0.4714, stage1_s: 0.0000, stage1_m: 0.0305, stage1_l: 0.3913, stage1_h: 0.4759, loss: 0.2497, grad_norm: 3.2131
2024-03-04 18:37:10,049 - mmdet - INFO - Saving checkpoint at 4 epochs
2024-03-04 18:42:20,891 - mmdet - INFO - Evaluating bbox...
2024-03-04 18:42:25,603 - mmdet - INFO -  Average Precision  (AP) @[ IoU=0.50:0.95 | area=   all | maxDets=100 ] = 0.0151
2024-03-04 18:42:25,604 - mmdet - INFO -  Average Precision  (AP) @[ IoU=0.50      | area=   all | maxDets=1000 ] = 0.0605
2024-03-04 18:42:25,604 - mmdet - INFO -  Average Precision  (AP) @[ IoU=0.60      | area=   all | maxDets=1000 ] = 0.0253
2024-03-04 18:42:25,604 - mmdet - INFO -  Average Precision  (AP) @[ IoU=0.70      | area=   all | maxDets=1000 ] = 0.0066
2024-03-04 18:42:25,605 - mmdet - INFO -  Average Precision  (AP) @[ IoU=0.75      | area=   all | maxDets=1000 ] = 0.0034
2024-03-04 18:42:25,605 - mmdet - INFO -  Average Precision  (AP) @[ IoU=0.80      | area=   all | maxDets=1000 ] = 0.0011
2024-03-04 18:42:25,605 - mmdet - INFO -  Average Precision  (AP) @[ IoU=0.90      | area=   all | maxDets=1000 ] = 0.0000
2024-03-04 18:42:25,606 - mmdet - INFO -  Average Precision  (AP) @[ IoU=0.50:0.95 | area= small | maxDets=1000 ] = 0.1135
2024-03-04 18:42:25,606 - mmdet - INFO -  Average Precision  (AP) @[ IoU=0.50:0.95 | area=medium | maxDets=1000 ] = 0.0164
2024-03-04 18:42:25,606 - mmdet - INFO -  Average Precision  (AP) @[ IoU=0.50:0.95 | area= large | maxDets=1000 ] = 0.0270
2024-03-04 18:42:25,606 - mmdet - INFO -  Average Recall     (AR) @[ IoU=0.50:0.95 | area=   all | maxDets=100 ] = 0.0518
2024-03-04 18:42:25,607 - mmdet - INFO -  Average Recall     (AR) @[ IoU=0.50:0.95 | area=   all | maxDets=300 ] = 0.0518
2024-03-04 18:42:25,607 - mmdet - INFO -  Average Recall     (AR) @[ IoU=0.50:0.95 | area=   all | maxDets=1000 ] = 0.0518
2024-03-04 18:42:25,607 - mmdet - INFO -  Average Recall     (AR) @[ IoU=0.50:0.95 | area= small | maxDets=1000 ] = 0.1698
2024-03-04 18:42:25,607 - mmdet - INFO -  Average Recall     (AR) @[ IoU=0.50:0.95 | area=medium | maxDets=1000 ] = 0.0517
2024-03-04 18:42:25,607 - mmdet - INFO -  Average Recall     (AR) @[ IoU=0.50:0.95 | area= large | maxDets=1000 ] = 0.0312
2024-03-04 18:42:25,669 - mmdet - INFO - Exp name: P2BNet_r50_fpn_1x_coco_ms.py
2024-03-04 18:42:25,678 - mmdet - INFO - Epoch(val) [4][180]	eval_iter_num: 720, bbox_mAP: 0.0150, bbox_mAP_50: 0.0600, bbox_mAP_75: 0.0250, bbox_mAP_s: 0.0070, bbox_mAP_m: 0.0030, bbox_mAP_l: 0.0010, bbox_mAP_copypaste: 0.015 0.060 0.025 0.007 0.003 0.001
2024-03-04 18:43:48,609 - mmdet - INFO - Epoch [5][50/180]	lr: 1.000e-02, eta: 0:31:29, time: 1.657, data_time: 0.186, memory: 16594, stage0_loss_instance_mil: 0.0493, stage0_bag_acc: 96.2538, stage0_mean_ious: 0.4999, stage0_s: 0.0000, stage0_m: 0.0667, stage0_l: 0.3513, stage0_h: 0.5093, stage1_loss_instance_mil: 0.0996, stage1_bag_acc: 96.3681, stage1_neg_loss: 0.0479, stage1_mean_ious: 0.5053, stage1_s: 0.0000, stage1_m: 0.0688, stage1_l: 0.3794, stage1_h: 0.5111, loss: 0.1968, grad_norm: 3.2290
2024-03-04 18:45:07,551 - mmdet - INFO - Epoch [5][100/180]	lr: 1.000e-02, eta: 0:30:39, time: 1.579, data_time: 0.095, memory: 16594, stage0_loss_instance_mil: 0.1134, stage0_bag_acc: 92.0913, stage0_mean_ious: 0.5214, stage0_s: 0.0000, stage0_m: 0.0547, stage0_l: 0.4214, stage0_h: 0.5217, stage1_loss_instance_mil: 0.1392, stage1_bag_acc: 87.9820, stage1_neg_loss: 0.0354, stage1_mean_ious: 0.5261, stage1_s: 0.0000, stage1_m: 0.0586, stage1_l: 0.4619, stage1_h: 0.5219, loss: 0.2880, grad_norm: 3.2581
2024-03-04 18:46:26,133 - mmdet - INFO - Epoch [5][150/180]	lr: 1.000e-02, eta: 0:29:45, time: 1.572, data_time: 0.085, memory: 16594, stage0_loss_instance_mil: 0.0401, stage0_bag_acc: 97.1800, stage0_mean_ious: 0.5609, stage0_s: 0.0000, stage0_m: 0.0799, stage0_l: 0.3871, stage0_h: 0.5820, stage1_loss_instance_mil: 0.0696, stage1_bag_acc: 97.5492, stage1_neg_loss: 0.0328, stage1_mean_ious: 0.5682, stage1_s: 0.0000, stage1_m: 0.0810, stage1_l: 0.4499, stage1_h: 0.5800, loss: 0.1425, grad_norm: 2.4408
2024-03-04 18:47:17,182 - mmdet - INFO - Saving checkpoint at 5 epochs
2024-03-04 18:52:18,402 - mmdet - INFO - Evaluating bbox...
2024-03-04 18:52:20,982 - mmdet - INFO -  Average Precision  (AP) @[ IoU=0.50:0.95 | area=   all | maxDets=100 ] = 0.0068
2024-03-04 18:52:20,982 - mmdet - INFO -  Average Precision  (AP) @[ IoU=0.50      | area=   all | maxDets=1000 ] = 0.0312
2024-03-04 18:52:20,983 - mmdet - INFO -  Average Precision  (AP) @[ IoU=0.60      | area=   all | maxDets=1000 ] = 0.0105
2024-03-04 18:52:20,983 - mmdet - INFO -  Average Precision  (AP) @[ IoU=0.70      | area=   all | maxDets=1000 ] = 0.0016
2024-03-04 18:52:20,983 - mmdet - INFO -  Average Precision  (AP) @[ IoU=0.75      | area=   all | maxDets=1000 ] = 0.0008
2024-03-04 18:52:20,983 - mmdet - INFO -  Average Precision  (AP) @[ IoU=0.80      | area=   all | maxDets=1000 ] = 0.0003
2024-03-04 18:52:20,983 - mmdet - INFO -  Average Precision  (AP) @[ IoU=0.90      | area=   all | maxDets=1000 ] = 0.0000
2024-03-04 18:52:20,984 - mmdet - INFO -  Average Precision  (AP) @[ IoU=0.50:0.95 | area= small | maxDets=1000 ] = 0.1872
2024-03-04 18:52:20,984 - mmdet - INFO -  Average Precision  (AP) @[ IoU=0.50:0.95 | area=medium | maxDets=1000 ] = 0.0079
2024-03-04 18:52:20,984 - mmdet - INFO -  Average Precision  (AP) @[ IoU=0.50:0.95 | area= large | maxDets=1000 ] = 0.0051
2024-03-04 18:52:20,984 - mmdet - INFO -  Average Recall     (AR) @[ IoU=0.50:0.95 | area=   all | maxDets=100 ] = 0.0339
2024-03-04 18:52:20,984 - mmdet - INFO -  Average Recall     (AR) @[ IoU=0.50:0.95 | area=   all | maxDets=300 ] = 0.0339
2024-03-04 18:52:20,985 - mmdet - INFO -  Average Recall     (AR) @[ IoU=0.50:0.95 | area=   all | maxDets=1000 ] = 0.0339
2024-03-04 18:52:20,985 - mmdet - INFO -  Average Recall     (AR) @[ IoU=0.50:0.95 | area= small | maxDets=1000 ] = 0.2518
2024-03-04 18:52:20,985 - mmdet - INFO -  Average Recall     (AR) @[ IoU=0.50:0.95 | area=medium | maxDets=1000 ] = 0.0333
2024-03-04 18:52:20,985 - mmdet - INFO -  Average Recall     (AR) @[ IoU=0.50:0.95 | area= large | maxDets=1000 ] = 0.0047
2024-03-04 18:52:21,023 - mmdet - INFO - Exp name: P2BNet_r50_fpn_1x_coco_ms.py
2024-03-04 18:52:21,025 - mmdet - INFO - Epoch(val) [5][180]	eval_iter_num: 720, bbox_mAP: 0.0070, bbox_mAP_50: 0.0310, bbox_mAP_75: 0.0110, bbox_mAP_s: 0.0020, bbox_mAP_m: 0.0010, bbox_mAP_l: 0.0000, bbox_mAP_copypaste: 0.007 0.031 0.011 0.002 0.001 0.000
2024-03-04 18:53:43,643 - mmdet - INFO - Epoch [6][50/180]	lr: 1.000e-02, eta: 0:27:18, time: 1.652, data_time: 0.170, memory: 16594, stage0_loss_instance_mil: 0.0589, stage0_bag_acc: 97.4107, stage0_mean_ious: 0.5598, stage0_s: 0.0000, stage0_m: 0.1204, stage0_l: 0.3795, stage0_h: 0.5711, stage1_loss_instance_mil: 0.1034, stage1_bag_acc: 97.1271, stage1_neg_loss: 0.0443, stage1_mean_ious: 0.5594, stage1_s: 0.0000, stage1_m: 0.1301, stage1_l: 0.4040, stage1_h: 0.5665, loss: 0.2065, grad_norm: 2.8659
2024-03-04 18:55:02,157 - mmdet - INFO - Exp name: P2BNet_r50_fpn_1x_coco_ms.py
2024-03-04 18:55:02,158 - mmdet - INFO - Epoch [6][100/180]	lr: 1.000e-02, eta: 0:26:23, time: 1.570, data_time: 0.099, memory: 16594, stage0_loss_instance_mil: 0.0968, stage0_bag_acc: 92.6759, stage0_mean_ious: 0.5632, stage0_s: 0.0000, stage0_m: 0.0931, stage0_l: 0.3790, stage0_h: 0.5848, stage1_loss_instance_mil: 0.0884, stage1_bag_acc: 92.6815, stage1_neg_loss: 0.0279, stage1_mean_ious: 0.5685, stage1_s: 0.0000, stage1_m: 0.1000, stage1_l: 0.3925, stage1_h: 0.5868, loss: 0.2131, grad_norm: 3.0261
2024-03-04 18:56:18,189 - mmdet - INFO - Epoch [6][150/180]	lr: 1.000e-02, eta: 0:25:23, time: 1.521, data_time: 0.092, memory: 16594, stage0_loss_instance_mil: 0.0472, stage0_bag_acc: 96.8116, stage0_mean_ious: 0.5856, stage0_s: 0.0000, stage0_m: 0.0603, stage0_l: 0.3750, stage0_h: 0.6025, stage1_loss_instance_mil: 0.0515, stage1_bag_acc: 97.0086, stage1_neg_loss: 0.0295, stage1_mean_ious: 0.5831, stage1_s: 0.0000, stage1_m: 0.0507, stage1_l: 0.3896, stage1_h: 0.5973, loss: 0.1282, grad_norm: 2.4074
2024-03-04 18:57:02,874 - mmdet - INFO - Saving checkpoint at 6 epochs
2024-03-04 19:01:59,993 - mmdet - INFO - Evaluating bbox...
2024-03-04 19:02:02,823 - mmdet - INFO -  Average Precision  (AP) @[ IoU=0.50:0.95 | area=   all | maxDets=100 ] = 0.0107
2024-03-04 19:02:02,824 - mmdet - INFO -  Average Precision  (AP) @[ IoU=0.50      | area=   all | maxDets=1000 ] = 0.0429
2024-03-04 19:02:02,824 - mmdet - INFO -  Average Precision  (AP) @[ IoU=0.60      | area=   all | maxDets=1000 ] = 0.0166
2024-03-04 19:02:02,825 - mmdet - INFO -  Average Precision  (AP) @[ IoU=0.70      | area=   all | maxDets=1000 ] = 0.0050
2024-03-04 19:02:02,825 - mmdet - INFO -  Average Precision  (AP) @[ IoU=0.75      | area=   all | maxDets=1000 ] = 0.0030
2024-03-04 19:02:02,825 - mmdet - INFO -  Average Precision  (AP) @[ IoU=0.80      | area=   all | maxDets=1000 ] = 0.0021
2024-03-04 19:02:02,825 - mmdet - INFO -  Average Precision  (AP) @[ IoU=0.90      | area=   all | maxDets=1000 ] = 0.0000
2024-03-04 19:02:02,826 - mmdet - INFO -  Average Precision  (AP) @[ IoU=0.50:0.95 | area= small | maxDets=1000 ] = 0.1225
2024-03-04 19:02:02,826 - mmdet - INFO -  Average Precision  (AP) @[ IoU=0.50:0.95 | area=medium | maxDets=1000 ] = 0.0123
2024-03-04 19:02:02,827 - mmdet - INFO -  Average Precision  (AP) @[ IoU=0.50:0.95 | area= large | maxDets=1000 ] = 0.0157
2024-03-04 19:02:02,827 - mmdet - INFO -  Average Recall     (AR) @[ IoU=0.50:0.95 | area=   all | maxDets=100 ] = 0.0491
2024-03-04 19:02:02,827 - mmdet - INFO -  Average Recall     (AR) @[ IoU=0.50:0.95 | area=   all | maxDets=300 ] = 0.0491
2024-03-04 19:02:02,827 - mmdet - INFO -  Average Recall     (AR) @[ IoU=0.50:0.95 | area=   all | maxDets=1000 ] = 0.0491
2024-03-04 19:02:02,827 - mmdet - INFO -  Average Recall     (AR) @[ IoU=0.50:0.95 | area= small | maxDets=1000 ] = 0.1697
2024-03-04 19:02:02,828 - mmdet - INFO -  Average Recall     (AR) @[ IoU=0.50:0.95 | area=medium | maxDets=1000 ] = 0.0536
2024-03-04 19:02:02,828 - mmdet - INFO -  Average Recall     (AR) @[ IoU=0.50:0.95 | area= large | maxDets=1000 ] = 0.0174
2024-03-04 19:02:02,863 - mmdet - INFO - Exp name: P2BNet_r50_fpn_1x_coco_ms.py
2024-03-04 19:02:02,864 - mmdet - INFO - Epoch(val) [6][180]	eval_iter_num: 720, bbox_mAP: 0.0110, bbox_mAP_50: 0.0430, bbox_mAP_75: 0.0170, bbox_mAP_s: 0.0050, bbox_mAP_m: 0.0030, bbox_mAP_l: 0.0020, bbox_mAP_copypaste: 0.011 0.043 0.017 0.005 0.003 0.002
2024-03-04 19:03:33,240 - mmdet - INFO - Epoch [7][50/180]	lr: 1.000e-02, eta: 0:23:15, time: 1.807, data_time: 0.204, memory: 16599, stage0_loss_instance_mil: 0.0376, stage0_bag_acc: 98.1887, stage0_mean_ious: 0.5420, stage0_s: 0.0000, stage0_m: 0.0782, stage0_l: 0.4666, stage0_h: 0.5496, stage1_loss_instance_mil: 0.0589, stage1_bag_acc: 97.8527, stage1_neg_loss: 0.0303, stage1_mean_ious: 0.5450, stage1_s: 0.0000, stage1_m: 0.0785, stage1_l: 0.5094, stage1_h: 0.5454, loss: 0.1268, grad_norm: 1.9448
2024-03-04 19:04:46,391 - mmdet - INFO - Epoch [7][100/180]	lr: 1.000e-02, eta: 0:22:12, time: 1.463, data_time: 0.083, memory: 16599, stage0_loss_instance_mil: 0.0160, stage0_bag_acc: 98.6481, stage0_mean_ious: 0.5423, stage0_s: 0.0093, stage0_m: 0.0510, stage0_l: 0.4400, stage0_h: 0.5490, stage1_loss_instance_mil: 0.0600, stage1_bag_acc: 99.5534, stage1_neg_loss: 0.0242, stage1_mean_ious: 0.5450, stage1_s: 0.0108, stage1_m: 0.0615, stage1_l: 0.4694, stage1_h: 0.5464, loss: 0.1003, grad_norm: 1.7637
2024-03-04 19:06:05,363 - mmdet - INFO - Epoch [7][150/180]	lr: 1.000e-02, eta: 0:21:12, time: 1.579, data_time: 0.098, memory: 16599, stage0_loss_instance_mil: 0.0315, stage0_bag_acc: 98.1005, stage0_mean_ious: 0.5866, stage0_s: 0.0000, stage0_m: 0.0709, stage0_l: 0.4744, stage0_h: 0.6012, stage1_loss_instance_mil: 0.0517, stage1_bag_acc: 97.5420, stage1_neg_loss: 0.0377, stage1_mean_ious: 0.5873, stage1_s: 0.0000, stage1_m: 0.0903, stage1_l: 0.4967, stage1_h: 0.5962, loss: 0.1210, grad_norm: 2.1237
2024-03-04 19:06:52,139 - mmdet - INFO - Saving checkpoint at 7 epochs
2024-03-04 19:11:43,247 - mmdet - INFO - Evaluating bbox...
2024-03-04 19:11:46,393 - mmdet - INFO -  Average Precision  (AP) @[ IoU=0.50:0.95 | area=   all | maxDets=100 ] = 0.0028
2024-03-04 19:11:46,393 - mmdet - INFO -  Average Precision  (AP) @[ IoU=0.50      | area=   all | maxDets=1000 ] = 0.0135
2024-03-04 19:11:46,393 - mmdet - INFO -  Average Precision  (AP) @[ IoU=0.60      | area=   all | maxDets=1000 ] = 0.0035
2024-03-04 19:11:46,393 - mmdet - INFO -  Average Precision  (AP) @[ IoU=0.70      | area=   all | maxDets=1000 ] = 0.0007
2024-03-04 19:11:46,394 - mmdet - INFO -  Average Precision  (AP) @[ IoU=0.75      | area=   all | maxDets=1000 ] = 0.0005
2024-03-04 19:11:46,402 - mmdet - INFO -  Average Precision  (AP) @[ IoU=0.80      | area=   all | maxDets=1000 ] = 0.0002
2024-03-04 19:11:46,403 - mmdet - INFO -  Average Precision  (AP) @[ IoU=0.90      | area=   all | maxDets=1000 ] = 0.0000
2024-03-04 19:11:46,404 - mmdet - INFO -  Average Precision  (AP) @[ IoU=0.50:0.95 | area= small | maxDets=1000 ] = 0.2364
2024-03-04 19:11:46,405 - mmdet - INFO -  Average Precision  (AP) @[ IoU=0.50:0.95 | area=medium | maxDets=1000 ] = 0.0031
2024-03-04 19:11:46,406 - mmdet - INFO -  Average Precision  (AP) @[ IoU=0.50:0.95 | area= large | maxDets=1000 ] = 0.0016
2024-03-04 19:11:46,406 - mmdet - INFO -  Average Recall     (AR) @[ IoU=0.50:0.95 | area=   all | maxDets=100 ] = 0.0283
2024-03-04 19:11:46,407 - mmdet - INFO -  Average Recall     (AR) @[ IoU=0.50:0.95 | area=   all | maxDets=300 ] = 0.0283
2024-03-04 19:11:46,407 - mmdet - INFO -  Average Recall     (AR) @[ IoU=0.50:0.95 | area=   all | maxDets=1000 ] = 0.0283
2024-03-04 19:11:46,408 - mmdet - INFO -  Average Recall     (AR) @[ IoU=0.50:0.95 | area= small | maxDets=1000 ] = 0.2712
2024-03-04 19:11:46,408 - mmdet - INFO -  Average Recall     (AR) @[ IoU=0.50:0.95 | area=medium | maxDets=1000 ] = 0.0299
2024-03-04 19:11:46,408 - mmdet - INFO -  Average Recall     (AR) @[ IoU=0.50:0.95 | area= large | maxDets=1000 ] = 0.0053
2024-03-04 19:11:46,479 - mmdet - INFO - Exp name: P2BNet_r50_fpn_1x_coco_ms.py
2024-03-04 19:11:46,487 - mmdet - INFO - Epoch(val) [7][180]	eval_iter_num: 720, bbox_mAP: 0.0030, bbox_mAP_50: 0.0130, bbox_mAP_75: 0.0030, bbox_mAP_s: 0.0010, bbox_mAP_m: 0.0000, bbox_mAP_l: 0.0000, bbox_mAP_copypaste: 0.003 0.013 0.003 0.001 0.000 0.000
2024-03-04 19:13:12,958 - mmdet - INFO - Epoch [8][50/180]	lr: 1.000e-02, eta: 0:19:08, time: 1.726, data_time: 0.171, memory: 16599, stage0_loss_instance_mil: 0.0232, stage0_bag_acc: 98.4799, stage0_mean_ious: 0.6074, stage0_s: 0.0079, stage0_m: 0.0915, stage0_l: 0.3659, stage0_h: 0.6236, stage1_loss_instance_mil: 0.0492, stage1_bag_acc: 98.8247, stage1_neg_loss: 0.0293, stage1_mean_ious: 0.6076, stage1_s: 0.0098, stage1_m: 0.0924, stage1_l: 0.3870, stage1_h: 0.6188, loss: 0.1018, grad_norm: 1.9580
2024-03-04 19:14:31,063 - mmdet - INFO - Epoch [8][100/180]	lr: 1.000e-02, eta: 0:18:07, time: 1.562, data_time: 0.106, memory: 16603, stage0_loss_instance_mil: 0.0233, stage0_bag_acc: 98.8404, stage0_mean_ious: 0.5826, stage0_s: 0.0000, stage0_m: 0.0803, stage0_l: 0.4582, stage0_h: 0.5955, stage1_loss_instance_mil: 0.0572, stage1_bag_acc: 98.5883, stage1_neg_loss: 0.0272, stage1_mean_ious: 0.5765, stage1_s: 0.0000, stage1_m: 0.0915, stage1_l: 0.4841, stage1_h: 0.5830, loss: 0.1077, grad_norm: 1.8926
2024-03-04 19:15:42,934 - mmdet - INFO - Epoch [8][150/180]	lr: 1.000e-02, eta: 0:17:01, time: 1.437, data_time: 0.070, memory: 16603, stage0_loss_instance_mil: 0.0120, stage0_bag_acc: 99.5410, stage0_mean_ious: 0.6027, stage0_s: 0.0000, stage0_m: 0.1080, stage0_l: 0.4457, stage0_h: 0.6164, stage1_loss_instance_mil: 0.0401, stage1_bag_acc: 99.4274, stage1_neg_loss: 0.0244, stage1_mean_ious: 0.5957, stage1_s: 0.0000, stage1_m: 0.1178, stage1_l: 0.4659, stage1_h: 0.6051, loss: 0.0765, grad_norm: 1.4585
2024-03-04 19:16:21,817 - mmdet - INFO - Saving checkpoint at 8 epochs
2024-03-04 19:21:16,297 - mmdet - INFO - Evaluating bbox...
2024-03-04 19:21:20,065 - mmdet - INFO -  Average Precision  (AP) @[ IoU=0.50:0.95 | area=   all | maxDets=100 ] = 0.0021
2024-03-04 19:21:20,066 - mmdet - INFO -  Average Precision  (AP) @[ IoU=0.50      | area=   all | maxDets=1000 ] = 0.0097
2024-03-04 19:21:20,066 - mmdet - INFO -  Average Precision  (AP) @[ IoU=0.60      | area=   all | maxDets=1000 ] = 0.0026
2024-03-04 19:21:20,066 - mmdet - INFO -  Average Precision  (AP) @[ IoU=0.70      | area=   all | maxDets=1000 ] = 0.0005
2024-03-04 19:21:20,067 - mmdet - INFO -  Average Precision  (AP) @[ IoU=0.75      | area=   all | maxDets=1000 ] = 0.0003
2024-03-04 19:21:20,067 - mmdet - INFO -  Average Precision  (AP) @[ IoU=0.80      | area=   all | maxDets=1000 ] = 0.0001
2024-03-04 19:21:20,067 - mmdet - INFO -  Average Precision  (AP) @[ IoU=0.90      | area=   all | maxDets=1000 ] = 0.0001
2024-03-04 19:21:20,068 - mmdet - INFO -  Average Precision  (AP) @[ IoU=0.50:0.95 | area= small | maxDets=1000 ] = 0.2589
2024-03-04 19:21:20,068 - mmdet - INFO -  Average Precision  (AP) @[ IoU=0.50:0.95 | area=medium | maxDets=1000 ] = 0.0020
2024-03-04 19:21:20,068 - mmdet - INFO -  Average Precision  (AP) @[ IoU=0.50:0.95 | area= large | maxDets=1000 ] = 0.0000
2024-03-04 19:21:20,069 - mmdet - INFO -  Average Recall     (AR) @[ IoU=0.50:0.95 | area=   all | maxDets=100 ] = 0.0221
2024-03-04 19:21:20,069 - mmdet - INFO -  Average Recall     (AR) @[ IoU=0.50:0.95 | area=   all | maxDets=300 ] = 0.0221
2024-03-04 19:21:20,069 - mmdet - INFO -  Average Recall     (AR) @[ IoU=0.50:0.95 | area=   all | maxDets=1000 ] = 0.0221
2024-03-04 19:21:20,069 - mmdet - INFO -  Average Recall     (AR) @[ IoU=0.50:0.95 | area= small | maxDets=1000 ] = 0.2779
2024-03-04 19:21:20,069 - mmdet - INFO -  Average Recall     (AR) @[ IoU=0.50:0.95 | area=medium | maxDets=1000 ] = 0.0198
2024-03-04 19:21:20,069 - mmdet - INFO -  Average Recall     (AR) @[ IoU=0.50:0.95 | area= large | maxDets=1000 ] = 0.0005
2024-03-04 19:21:20,150 - mmdet - INFO - Exp name: P2BNet_r50_fpn_1x_coco_ms.py
2024-03-04 19:21:20,161 - mmdet - INFO - Epoch(val) [8][180]	eval_iter_num: 720, bbox_mAP: 0.0020, bbox_mAP_50: 0.0100, bbox_mAP_75: 0.0030, bbox_mAP_s: 0.0010, bbox_mAP_m: 0.0000, bbox_mAP_l: 0.0000, bbox_mAP_copypaste: 0.002 0.010 0.003 0.001 0.000 0.000
2024-03-04 19:22:35,433 - mmdet - INFO - Epoch [9][50/180]	lr: 1.000e-03, eta: 0:14:57, time: 1.504, data_time: 0.163, memory: 16603, stage0_loss_instance_mil: 0.0056, stage0_bag_acc: 99.6509, stage0_mean_ious: 0.6175, stage0_s: 0.0000, stage0_m: 0.1028, stage0_l: 0.4043, stage0_h: 0.6347, stage1_loss_instance_mil: 0.0278, stage1_bag_acc: 99.7509, stage1_neg_loss: 0.0157, stage1_mean_ious: 0.6144, stage1_s: 0.0000, stage1_m: 0.0927, stage1_l: 0.4325, stage1_h: 0.6270, loss: 0.0491, grad_norm: 1.1694
2024-03-04 19:23:50,287 - mmdet - INFO - Epoch [9][100/180]	lr: 1.000e-03, eta: 0:13:53, time: 1.497, data_time: 0.086, memory: 16603, stage0_loss_instance_mil: 0.0105, stage0_bag_acc: 99.5122, stage0_mean_ious: 0.6115, stage0_s: 0.0000, stage0_m: 0.1320, stage0_l: 0.4248, stage0_h: 0.6287, stage1_loss_instance_mil: 0.0267, stage1_bag_acc: 99.4250, stage1_neg_loss: 0.0201, stage1_mean_ious: 0.6074, stage1_s: 0.0000, stage1_m: 0.1472, stage1_l: 0.4398, stage1_h: 0.6192, loss: 0.0574, grad_norm: 1.1394
2024-03-04 19:25:08,601 - mmdet - INFO - Epoch [9][150/180]	lr: 1.000e-03, eta: 0:12:50, time: 1.567, data_time: 0.086, memory: 16603, stage0_loss_instance_mil: 0.0035, stage0_bag_acc: 99.9167, stage0_mean_ious: 0.6217, stage0_s: 0.0094, stage0_m: 0.1025, stage0_l: 0.4418, stage0_h: 0.6369, stage1_loss_instance_mil: 0.0251, stage1_bag_acc: 99.7000, stage1_neg_loss: 0.0153, stage1_mean_ious: 0.6166, stage1_s: 0.0107, stage1_m: 0.1127, stage1_l: 0.4582, stage1_h: 0.6280, loss: 0.0438, grad_norm: 0.9456
2024-03-04 19:25:58,497 - mmdet - INFO - Saving checkpoint at 9 epochs
2024-03-04 19:31:04,154 - mmdet - INFO - Evaluating bbox...
2024-03-04 19:31:06,142 - mmdet - INFO -  Average Precision  (AP) @[ IoU=0.50:0.95 | area=   all | maxDets=100 ] = 0.0013
2024-03-04 19:31:06,142 - mmdet - INFO -  Average Precision  (AP) @[ IoU=0.50      | area=   all | maxDets=1000 ] = 0.0060
2024-03-04 19:31:06,142 - mmdet - INFO -  Average Precision  (AP) @[ IoU=0.60      | area=   all | maxDets=1000 ] = 0.0017
2024-03-04 19:31:06,143 - mmdet - INFO -  Average Precision  (AP) @[ IoU=0.70      | area=   all | maxDets=1000 ] = 0.0003
2024-03-04 19:31:06,143 - mmdet - INFO -  Average Precision  (AP) @[ IoU=0.75      | area=   all | maxDets=1000 ] = 0.0002
2024-03-04 19:31:06,143 - mmdet - INFO -  Average Precision  (AP) @[ IoU=0.80      | area=   all | maxDets=1000 ] = 0.0001
2024-03-04 19:31:06,144 - mmdet - INFO -  Average Precision  (AP) @[ IoU=0.90      | area=   all | maxDets=1000 ] = 0.0000
2024-03-04 19:31:06,144 - mmdet - INFO -  Average Precision  (AP) @[ IoU=0.50:0.95 | area= small | maxDets=1000 ] = 0.2467
2024-03-04 19:31:06,144 - mmdet - INFO -  Average Precision  (AP) @[ IoU=0.50:0.95 | area=medium | maxDets=1000 ] = 0.0013
2024-03-04 19:31:06,145 - mmdet - INFO -  Average Precision  (AP) @[ IoU=0.50:0.95 | area= large | maxDets=1000 ] = 0.0000
2024-03-04 19:31:06,145 - mmdet - INFO -  Average Recall     (AR) @[ IoU=0.50:0.95 | area=   all | maxDets=100 ] = 0.0193
2024-03-04 19:31:06,145 - mmdet - INFO -  Average Recall     (AR) @[ IoU=0.50:0.95 | area=   all | maxDets=300 ] = 0.0193
2024-03-04 19:31:06,145 - mmdet - INFO -  Average Recall     (AR) @[ IoU=0.50:0.95 | area=   all | maxDets=1000 ] = 0.0193
2024-03-04 19:31:06,146 - mmdet - INFO -  Average Recall     (AR) @[ IoU=0.50:0.95 | area= small | maxDets=1000 ] = 0.2586
2024-03-04 19:31:06,146 - mmdet - INFO -  Average Recall     (AR) @[ IoU=0.50:0.95 | area=medium | maxDets=1000 ] = 0.0187
2024-03-04 19:31:06,146 - mmdet - INFO -  Average Recall     (AR) @[ IoU=0.50:0.95 | area= large | maxDets=1000 ] = 0.0005
2024-03-04 19:31:06,181 - mmdet - INFO - Exp name: P2BNet_r50_fpn_1x_coco_ms.py
2024-03-04 19:31:06,182 - mmdet - INFO - Epoch(val) [9][180]	eval_iter_num: 720, bbox_mAP: 0.0010, bbox_mAP_50: 0.0060, bbox_mAP_75: 0.0020, bbox_mAP_s: 0.0000, bbox_mAP_m: 0.0000, bbox_mAP_l: 0.0000, bbox_mAP_copypaste: 0.001 0.006 0.002 0.000 0.000 0.000
2024-03-04 19:32:29,951 - mmdet - INFO - Epoch [10][50/180]	lr: 1.000e-03, eta: 0:10:54, time: 1.675, data_time: 0.181, memory: 16603, stage0_loss_instance_mil: 0.0049, stage0_bag_acc: 99.9000, stage0_mean_ious: 0.6241, stage0_s: 0.0000, stage0_m: 0.0838, stage0_l: 0.4744, stage0_h: 0.6362, stage1_loss_instance_mil: 0.0237, stage1_bag_acc: 99.9000, stage1_neg_loss: 0.0167, stage1_mean_ious: 0.6152, stage1_s: 0.0000, stage1_m: 0.0952, stage1_l: 0.4797, stage1_h: 0.6247, loss: 0.0453, grad_norm: 1.0455
2024-03-04 19:33:46,220 - mmdet - INFO - Epoch [10][100/180]	lr: 1.000e-03, eta: 0:09:50, time: 1.525, data_time: 0.095, memory: 16603, stage0_loss_instance_mil: 0.0037, stage0_bag_acc: 99.7917, stage0_mean_ious: 0.6142, stage0_s: 0.0000, stage0_m: 0.1214, stage0_l: 0.3459, stage0_h: 0.6340, stage1_loss_instance_mil: 0.0276, stage1_bag_acc: 99.7222, stage1_neg_loss: 0.0240, stage1_mean_ious: 0.6065, stage1_s: 0.0000, stage1_m: 0.1219, stage1_l: 0.3641, stage1_h: 0.6202, loss: 0.0553, grad_norm: 1.2289
2024-03-04 19:34:45,805 - mmdet - INFO - Epoch [10][150/180]	lr: 1.000e-03, eta: 0:08:41, time: 1.192, data_time: 0.039, memory: 16603, stage0_loss_instance_mil: 0.0088, stage0_bag_acc: 99.5194, stage0_mean_ious: 0.6371, stage0_s: 0.0000, stage0_m: 0.0714, stage0_l: 0.4456, stage0_h: 0.6515, stage1_loss_instance_mil: 0.0229, stage1_bag_acc: 99.6306, stage1_neg_loss: 0.0131, stage1_mean_ious: 0.6292, stage1_s: 0.0000, stage1_m: 0.0634, stage1_l: 0.4573, stage1_h: 0.6421, loss: 0.0448, grad_norm: 0.9934
2024-03-04 19:35:22,566 - mmdet - INFO - Saving checkpoint at 10 epochs
2024-03-04 19:37:38,365 - mmdet - INFO - Evaluating bbox...
2024-03-04 19:37:40,108 - mmdet - INFO -  Average Precision  (AP) @[ IoU=0.50:0.95 | area=   all | maxDets=100 ] = 0.0012
2024-03-04 19:37:40,108 - mmdet - INFO -  Average Precision  (AP) @[ IoU=0.50      | area=   all | maxDets=1000 ] = 0.0055
2024-03-04 19:37:40,108 - mmdet - INFO -  Average Precision  (AP) @[ IoU=0.60      | area=   all | maxDets=1000 ] = 0.0017
2024-03-04 19:37:40,109 - mmdet - INFO -  Average Precision  (AP) @[ IoU=0.70      | area=   all | maxDets=1000 ] = 0.0003
2024-03-04 19:37:40,109 - mmdet - INFO -  Average Precision  (AP) @[ IoU=0.75      | area=   all | maxDets=1000 ] = 0.0002
2024-03-04 19:37:40,109 - mmdet - INFO -  Average Precision  (AP) @[ IoU=0.80      | area=   all | maxDets=1000 ] = 0.0001
2024-03-04 19:37:40,109 - mmdet - INFO -  Average Precision  (AP) @[ IoU=0.90      | area=   all | maxDets=1000 ] = 0.0000
2024-03-04 19:37:40,110 - mmdet - INFO -  Average Precision  (AP) @[ IoU=0.50:0.95 | area= small | maxDets=1000 ] = 0.2533
2024-03-04 19:37:40,110 - mmdet - INFO -  Average Precision  (AP) @[ IoU=0.50:0.95 | area=medium | maxDets=1000 ] = 0.0012
2024-03-04 19:37:40,110 - mmdet - INFO -  Average Precision  (AP) @[ IoU=0.50:0.95 | area= large | maxDets=1000 ] = 0.0000
2024-03-04 19:37:40,110 - mmdet - INFO -  Average Recall     (AR) @[ IoU=0.50:0.95 | area=   all | maxDets=100 ] = 0.0187
2024-03-04 19:37:40,110 - mmdet - INFO -  Average Recall     (AR) @[ IoU=0.50:0.95 | area=   all | maxDets=300 ] = 0.0187
2024-03-04 19:37:40,110 - mmdet - INFO -  Average Recall     (AR) @[ IoU=0.50:0.95 | area=   all | maxDets=1000 ] = 0.0187
2024-03-04 19:37:40,111 - mmdet - INFO -  Average Recall     (AR) @[ IoU=0.50:0.95 | area= small | maxDets=1000 ] = 0.2677
2024-03-04 19:37:40,111 - mmdet - INFO -  Average Recall     (AR) @[ IoU=0.50:0.95 | area=medium | maxDets=1000 ] = 0.0169
2024-03-04 19:37:40,111 - mmdet - INFO -  Average Recall     (AR) @[ IoU=0.50:0.95 | area= large | maxDets=1000 ] = 0.0003
2024-03-04 19:37:40,148 - mmdet - INFO - Exp name: P2BNet_r50_fpn_1x_coco_ms.py
2024-03-04 19:37:40,149 - mmdet - INFO - Epoch(val) [10][180]	eval_iter_num: 720, bbox_mAP: 0.0010, bbox_mAP_50: 0.0060, bbox_mAP_75: 0.0020, bbox_mAP_s: 0.0000, bbox_mAP_m: 0.0000, bbox_mAP_l: 0.0000, bbox_mAP_copypaste: 0.001 0.006 0.002 0.000 0.000 0.000
2024-03-04 19:38:43,633 - mmdet - INFO - Epoch [11][50/180]	lr: 1.000e-03, eta: 0:06:47, time: 1.269, data_time: 0.092, memory: 16603, stage0_loss_instance_mil: 0.0046, stage0_bag_acc: 99.7180, stage0_mean_ious: 0.6158, stage0_s: 0.0000, stage0_m: 0.1341, stage0_l: 0.3947, stage0_h: 0.6325, stage1_loss_instance_mil: 0.0264, stage1_bag_acc: 100.0000, stage1_neg_loss: 0.0176, stage1_mean_ious: 0.6080, stage1_s: 0.0000, stage1_m: 0.1323, stage1_l: 0.4144, stage1_h: 0.6217, loss: 0.0486, grad_norm: 1.0094
2024-03-04 19:39:44,240 - mmdet - INFO - Epoch [11][100/180]	lr: 1.000e-03, eta: 0:05:40, time: 1.212, data_time: 0.039, memory: 16603, stage0_loss_instance_mil: 0.0082, stage0_bag_acc: 99.6847, stage0_mean_ious: 0.6146, stage0_s: 0.0000, stage0_m: 0.1045, stage0_l: 0.4006, stage0_h: 0.6312, stage1_loss_instance_mil: 0.0197, stage1_bag_acc: 99.5795, stage1_neg_loss: 0.0159, stage1_mean_ious: 0.6058, stage1_s: 0.0000, stage1_m: 0.0955, stage1_l: 0.4217, stage1_h: 0.6174, loss: 0.0438, grad_norm: 1.0220
2024-03-04 19:40:45,473 - mmdet - INFO - Epoch [11][150/180]	lr: 1.000e-03, eta: 0:04:34, time: 1.225, data_time: 0.041, memory: 16603, stage0_loss_instance_mil: 0.0024, stage0_bag_acc: 99.8947, stage0_mean_ious: 0.6151, stage0_s: 0.0000, stage0_m: 0.0965, stage0_l: 0.4401, stage0_h: 0.6312, stage1_loss_instance_mil: 0.0242, stage1_bag_acc: 99.8947, stage1_neg_loss: 0.0129, stage1_mean_ious: 0.6091, stage1_s: 0.0000, stage1_m: 0.0925, stage1_l: 0.4442, stage1_h: 0.6231, loss: 0.0394, grad_norm: 0.9898
2024-03-04 19:41:23,219 - mmdet - INFO - Saving checkpoint at 11 epochs
2024-03-04 19:43:35,574 - mmdet - INFO - Evaluating bbox...
2024-03-04 19:43:37,512 - mmdet - INFO -  Average Precision  (AP) @[ IoU=0.50:0.95 | area=   all | maxDets=100 ] = 0.0012
2024-03-04 19:43:37,513 - mmdet - INFO -  Average Precision  (AP) @[ IoU=0.50      | area=   all | maxDets=1000 ] = 0.0058
2024-03-04 19:43:37,513 - mmdet - INFO -  Average Precision  (AP) @[ IoU=0.60      | area=   all | maxDets=1000 ] = 0.0016
2024-03-04 19:43:37,513 - mmdet - INFO -  Average Precision  (AP) @[ IoU=0.70      | area=   all | maxDets=1000 ] = 0.0003
2024-03-04 19:43:37,514 - mmdet - INFO -  Average Precision  (AP) @[ IoU=0.75      | area=   all | maxDets=1000 ] = 0.0002
2024-03-04 19:43:37,514 - mmdet - INFO -  Average Precision  (AP) @[ IoU=0.80      | area=   all | maxDets=1000 ] = 0.0001
2024-03-04 19:43:37,514 - mmdet - INFO -  Average Precision  (AP) @[ IoU=0.90      | area=   all | maxDets=1000 ] = 0.0000
2024-03-04 19:43:37,514 - mmdet - INFO -  Average Precision  (AP) @[ IoU=0.50:0.95 | area= small | maxDets=1000 ] = 0.2434
2024-03-04 19:43:37,515 - mmdet - INFO -  Average Precision  (AP) @[ IoU=0.50:0.95 | area=medium | maxDets=1000 ] = 0.0012
2024-03-04 19:43:37,515 - mmdet - INFO -  Average Precision  (AP) @[ IoU=0.50:0.95 | area= large | maxDets=1000 ] = 0.0000
2024-03-04 19:43:37,515 - mmdet - INFO -  Average Recall     (AR) @[ IoU=0.50:0.95 | area=   all | maxDets=100 ] = 0.0188
2024-03-04 19:43:37,515 - mmdet - INFO -  Average Recall     (AR) @[ IoU=0.50:0.95 | area=   all | maxDets=300 ] = 0.0188
2024-03-04 19:43:37,515 - mmdet - INFO -  Average Recall     (AR) @[ IoU=0.50:0.95 | area=   all | maxDets=1000 ] = 0.0188
2024-03-04 19:43:37,516 - mmdet - INFO -  Average Recall     (AR) @[ IoU=0.50:0.95 | area= small | maxDets=1000 ] = 0.2590
2024-03-04 19:43:37,516 - mmdet - INFO -  Average Recall     (AR) @[ IoU=0.50:0.95 | area=medium | maxDets=1000 ] = 0.0169
2024-03-04 19:43:37,516 - mmdet - INFO -  Average Recall     (AR) @[ IoU=0.50:0.95 | area= large | maxDets=1000 ] = 0.0003
2024-03-04 19:43:37,556 - mmdet - INFO - Exp name: P2BNet_r50_fpn_1x_coco_ms.py
2024-03-04 19:43:37,559 - mmdet - INFO - Epoch(val) [11][180]	eval_iter_num: 720, bbox_mAP: 0.0010, bbox_mAP_50: 0.0060, bbox_mAP_75: 0.0020, bbox_mAP_s: 0.0000, bbox_mAP_m: 0.0000, bbox_mAP_l: 0.0000, bbox_mAP_copypaste: 0.001 0.006 0.002 0.000 0.000 0.000
2024-03-04 19:44:41,714 - mmdet - INFO - Epoch [12][50/180]	lr: 1.000e-04, eta: 0:02:47, time: 1.282, data_time: 0.090, memory: 16603, stage0_loss_instance_mil: 0.0032, stage0_bag_acc: 99.7639, stage0_mean_ious: 0.6119, stage0_s: 0.0000, stage0_m: 0.0928, stage0_l: 0.4226, stage0_h: 0.6308, stage1_loss_instance_mil: 0.0170, stage1_bag_acc: 99.6687, stage1_neg_loss: 0.0153, stage1_mean_ious: 0.6103, stage1_s: 0.0000, stage1_m: 0.0935, stage1_l: 0.4601, stage1_h: 0.6229, loss: 0.0355, grad_norm: 0.9063
2024-03-04 19:45:43,264 - mmdet - INFO - Epoch [12][100/180]	lr: 1.000e-04, eta: 0:01:43, time: 1.231, data_time: 0.040, memory: 16603, stage0_loss_instance_mil: 0.0026, stage0_bag_acc: 100.0000, stage0_mean_ious: 0.6091, stage0_s: 0.0000, stage0_m: 0.0497, stage0_l: 0.4182, stage0_h: 0.6251, stage1_loss_instance_mil: 0.0203, stage1_bag_acc: 99.8889, stage1_neg_loss: 0.0173, stage1_mean_ious: 0.6089, stage1_s: 0.0000, stage1_m: 0.0605, stage1_l: 0.4301, stage1_h: 0.6229, loss: 0.0403, grad_norm: 1.0025
2024-03-04 19:46:43,647 - mmdet - INFO - Epoch [12][150/180]	lr: 1.000e-04, eta: 0:00:38, time: 1.208, data_time: 0.041, memory: 16603, stage0_loss_instance_mil: 0.0067, stage0_bag_acc: 99.7995, stage0_mean_ious: 0.6349, stage0_s: 0.0000, stage0_m: 0.0720, stage0_l: 0.4332, stage0_h: 0.6542, stage1_loss_instance_mil: 0.0192, stage1_bag_acc: 99.8947, stage1_neg_loss: 0.0187, stage1_mean_ious: 0.6206, stage1_s: 0.0000, stage1_m: 0.0679, stage1_l: 0.4556, stage1_h: 0.6348, loss: 0.0446, grad_norm: 1.0922
2024-03-04 19:47:19,638 - mmdet - INFO - Saving checkpoint at 12 epochs
2024-03-04 19:49:32,460 - mmdet - INFO - Evaluating bbox...
2024-03-04 19:49:34,342 - mmdet - INFO -  Average Precision  (AP) @[ IoU=0.50:0.95 | area=   all | maxDets=100 ] = 0.0012
2024-03-04 19:49:34,342 - mmdet - INFO -  Average Precision  (AP) @[ IoU=0.50      | area=   all | maxDets=1000 ] = 0.0060
2024-03-04 19:49:34,342 - mmdet - INFO -  Average Precision  (AP) @[ IoU=0.60      | area=   all | maxDets=1000 ] = 0.0016
2024-03-04 19:49:34,343 - mmdet - INFO -  Average Precision  (AP) @[ IoU=0.70      | area=   all | maxDets=1000 ] = 0.0003
2024-03-04 19:49:34,343 - mmdet - INFO -  Average Precision  (AP) @[ IoU=0.75      | area=   all | maxDets=1000 ] = 0.0002
2024-03-04 19:49:34,343 - mmdet - INFO -  Average Precision  (AP) @[ IoU=0.80      | area=   all | maxDets=1000 ] = 0.0001
2024-03-04 19:49:34,343 - mmdet - INFO -  Average Precision  (AP) @[ IoU=0.90      | area=   all | maxDets=1000 ] = 0.0000
2024-03-04 19:49:34,344 - mmdet - INFO -  Average Precision  (AP) @[ IoU=0.50:0.95 | area= small | maxDets=1000 ] = 0.2449
2024-03-04 19:49:34,344 - mmdet - INFO -  Average Precision  (AP) @[ IoU=0.50:0.95 | area=medium | maxDets=1000 ] = 0.0012
2024-03-04 19:49:34,344 - mmdet - INFO -  Average Precision  (AP) @[ IoU=0.50:0.95 | area= large | maxDets=1000 ] = 0.0000
2024-03-04 19:49:34,344 - mmdet - INFO -  Average Recall     (AR) @[ IoU=0.50:0.95 | area=   all | maxDets=100 ] = 0.0187
2024-03-04 19:49:34,344 - mmdet - INFO -  Average Recall     (AR) @[ IoU=0.50:0.95 | area=   all | maxDets=300 ] = 0.0187
2024-03-04 19:49:34,344 - mmdet - INFO -  Average Recall     (AR) @[ IoU=0.50:0.95 | area=   all | maxDets=1000 ] = 0.0187
2024-03-04 19:49:34,344 - mmdet - INFO -  Average Recall     (AR) @[ IoU=0.50:0.95 | area= small | maxDets=1000 ] = 0.2601
2024-03-04 19:49:34,344 - mmdet - INFO -  Average Recall     (AR) @[ IoU=0.50:0.95 | area=medium | maxDets=1000 ] = 0.0167
2024-03-04 19:49:34,344 - mmdet - INFO -  Average Recall     (AR) @[ IoU=0.50:0.95 | area= large | maxDets=1000 ] = 0.0004
2024-03-04 19:49:34,376 - mmdet - INFO - Exp name: P2BNet_r50_fpn_1x_coco_ms.py
2024-03-04 19:49:34,377 - mmdet - INFO - Epoch(val) [12][180]	eval_iter_num: 720, bbox_mAP: 0.0010, bbox_mAP_50: 0.0060, bbox_mAP_75: 0.0020, bbox_mAP_s: 0.0000, bbox_mAP_m: 0.0000, bbox_mAP_l: 0.0000, bbox_mAP_copypaste: 0.001 0.006 0.002 0.000 0.000 0.000
2024-03-04 19:51:46,324 - mmdet - INFO - Evaluating bbox...
2024-03-04 19:51:48,239 - mmdet - INFO -  Average Precision  (AP) @[ IoU=0.50:0.95 | area=   all | maxDets=100 ] = 0.0012
2024-03-04 19:51:48,240 - mmdet - INFO -  Average Precision  (AP) @[ IoU=0.50      | area=   all | maxDets=1000 ] = 0.0060
2024-03-04 19:51:48,240 - mmdet - INFO -  Average Precision  (AP) @[ IoU=0.60      | area=   all | maxDets=1000 ] = 0.0016
2024-03-04 19:51:48,240 - mmdet - INFO -  Average Precision  (AP) @[ IoU=0.70      | area=   all | maxDets=1000 ] = 0.0003
2024-03-04 19:51:48,240 - mmdet - INFO -  Average Precision  (AP) @[ IoU=0.75      | area=   all | maxDets=1000 ] = 0.0002
2024-03-04 19:51:48,241 - mmdet - INFO -  Average Precision  (AP) @[ IoU=0.80      | area=   all | maxDets=1000 ] = 0.0001
2024-03-04 19:51:48,241 - mmdet - INFO -  Average Precision  (AP) @[ IoU=0.90      | area=   all | maxDets=1000 ] = 0.0000
2024-03-04 19:51:48,241 - mmdet - INFO -  Average Precision  (AP) @[ IoU=0.50:0.95 | area= small | maxDets=1000 ] = 0.2449
2024-03-04 19:51:48,241 - mmdet - INFO -  Average Precision  (AP) @[ IoU=0.50:0.95 | area=medium | maxDets=1000 ] = 0.0012
2024-03-04 19:51:48,242 - mmdet - INFO -  Average Precision  (AP) @[ IoU=0.50:0.95 | area= large | maxDets=1000 ] = 0.0000
2024-03-04 19:51:48,242 - mmdet - INFO -  Average Recall     (AR) @[ IoU=0.50:0.95 | area=   all | maxDets=100 ] = 0.0187
2024-03-04 19:51:48,242 - mmdet - INFO -  Average Recall     (AR) @[ IoU=0.50:0.95 | area=   all | maxDets=300 ] = 0.0187
2024-03-04 19:51:48,242 - mmdet - INFO -  Average Recall     (AR) @[ IoU=0.50:0.95 | area=   all | maxDets=1000 ] = 0.0187
2024-03-04 19:51:48,242 - mmdet - INFO -  Average Recall     (AR) @[ IoU=0.50:0.95 | area= small | maxDets=1000 ] = 0.2601
2024-03-04 19:51:48,242 - mmdet - INFO -  Average Recall     (AR) @[ IoU=0.50:0.95 | area=medium | maxDets=1000 ] = 0.0167
2024-03-04 19:51:48,242 - mmdet - INFO -  Average Recall     (AR) @[ IoU=0.50:0.95 | area= large | maxDets=1000 ] = 0.0004
