2024-10-13 11:48:34,533 - mmdet - INFO - Environment info:
------------------------------------------------------------
sys.platform: linux
Python: 3.7.16 (default, Jan 17 2023, 22:20:44) [GCC 11.2.0]
CUDA available: True
GPU 0,1,2,3,4,5,6,7: NVIDIA GeForce RTX 3090
CUDA_HOME: /usr/local/cuda-12.0
NVCC: Build cuda_12.0.r12.0/compiler.31968024_0
GCC: gcc (Ubuntu 11.4.0-2ubuntu1~18.04) 11.4.0
PyTorch: 1.7.0
PyTorch compiling details: PyTorch built with:
  - GCC 7.3
  - C++ Version: 201402
  - Intel(R) oneAPI Math Kernel Library Version 2021.4-Product Build 20210904 for Intel(R) 64 architecture applications
  - Intel(R) MKL-DNN v1.6.0 (Git Hash 5ef631a030a6f73131c77892041042805a06064f)
  - OpenMP 201511 (a.k.a. OpenMP 4.5)
  - NNPACK is enabled
  - CPU capability usage: AVX2
  - CUDA Runtime 11.0
  - NVCC architecture flags: -gencode;arch=compute_37,code=sm_37;-gencode;arch=compute_50,code=sm_50;-gencode;arch=compute_60,code=sm_60;-gencode;arch=compute_61,code=sm_61;-gencode;arch=compute_70,code=sm_70;-gencode;arch=compute_75,code=sm_75;-gencode;arch=compute_80,code=sm_80;-gencode;arch=compute_37,code=compute_37
  - CuDNN 8.0.3
  - Magma 2.5.2
  - Build settings: BLAS=MKL, BUILD_TYPE=Release, CXX_FLAGS= -Wno-deprecated -fvisibility-inlines-hidden -DUSE_PTHREADPOOL -fopenmp -DNDEBUG -DUSE_FBGEMM -DUSE_QNNPACK -DUSE_PYTORCH_QNNPACK -DUSE_XNNPACK -DUSE_VULKAN_WRAPPER -O2 -fPIC -Wno-narrowing -Wall -Wextra -Werror=return-type -Wno-missing-field-initializers -Wno-type-limits -Wno-array-bounds -Wno-unknown-pragmas -Wno-sign-compare -Wno-unused-parameter -Wno-unused-variable -Wno-unused-function -Wno-unused-result -Wno-unused-local-typedefs -Wno-strict-overflow -Wno-strict-aliasing -Wno-error=deprecated-declarations -Wno-stringop-overflow -Wno-psabi -Wno-error=pedantic -Wno-error=redundant-decls -Wno-error=old-style-cast -fdiagnostics-color=always -faligned-new -Wno-unused-but-set-variable -Wno-maybe-uninitialized -fno-math-errno -fno-trapping-math -Werror=format -Wno-stringop-overflow, PERF_WITH_AVX=1, PERF_WITH_AVX2=1, PERF_WITH_AVX512=1, USE_CUDA=ON, USE_EXCEPTION_PTR=1, USE_GFLAGS=OFF, USE_GLOG=OFF, USE_MKL=ON, USE_MKLDNN=ON, USE_MPI=OFF, USE_NCCL=ON, USE_NNPACK=ON, USE_OPENMP=ON, 

TorchVision: 0.8.0
OpenCV: 4.8.1
MMCV: 1.3.3
MMCV Compiler: GCC 7.3
MMCV CUDA Compiler: 11.0
MMDetection: 2.13.0+bdcbe92
------------------------------------------------------------

2024-10-13 11:48:35,343 - mmdet - INFO - Distributed training: False
2024-10-13 11:48:36,144 - mmdet - INFO - Config:
checkpoint_config = dict(interval=1)
log_config = dict(interval=50, hooks=[dict(type='TextLoggerHook')])
custom_hooks = [dict(type='NumClassCheckHook')]
dist_params = dict(backend='nccl')
log_level = 'INFO'
load_from = '../TOV_mmdetection_cache/work_dir/coco/pre_trained/P2B.pth'
resume_from = None
workflow = [('train', 1)]
norm_cfg = dict(type='GN', num_groups=32, requires_grad=True)
debug = False
num_stages = 2
model = dict(
    type='P2BNet',
    pretrained='torchvision://resnet50',
    backbone=dict(
        type='ResNet',
        depth=50,
        num_stages=4,
        out_indices=(0, 1, 2, 3),
        frozen_stages=1,
        norm_cfg=dict(type='BN', requires_grad=True),
        norm_eval=True,
        style='pytorch'),
    neck=dict(
        type='FPN',
        in_channels=[256, 512, 1024, 2048],
        out_channels=256,
        start_level=0,
        add_extra_convs='on_input',
        num_outs=4,
        norm_cfg=dict(type='GN', num_groups=32, requires_grad=True)),
    roi_head=dict(
        type='P2BHead',
        num_stages=2,
        top_k=7,
        with_atten=False,
        bbox_roi_extractor=dict(
            type='SingleRoIExtractor',
            roi_layer=dict(type='RoIAlign', output_size=7),
            out_channels=256,
            featmap_strides=[4, 8, 16, 32]),
        bbox_head=dict(
            type='Shared2FCInstanceMILHead',
            num_stages=2,
            with_loss_pseudo=False,
            in_channels=256,
            fc_out_channels=1024,
            roi_feat_size=7,
            num_classes=6,
            num_ref_fcs=0,
            bbox_coder=dict(
                type='DeltaXYWHBBoxCoder',
                target_means=[0.0, 0.0, 0.0, 0.0],
                target_stds=[0.1, 0.1, 0.2, 0.2]),
            reg_class_agnostic=True,
            loss_type='MIL',
            loss_mil1=dict(
                type='MILLoss',
                binary_ins=False,
                loss_weight=0.25,
                loss_type='binary_cross_entropy'),
            loss_mil2=dict(
                type='MILLoss',
                binary_ins=False,
                loss_weight=0.25,
                loss_type='gfocal_loss'))),
    train_cfg=dict(
        base_proposal=dict(
            base_scales=[16, 16, 32, 32, 32, 32],
            base_ratios=[2.0, 2.0, 2.0, 2.0, 2.0, 2.0, 3.0],
            shake_ratio=None,
            cut_mode='symmetry',
            gen_num_neg=0),
        fine_proposal=dict(
            gen_proposal_mode='fix_gen',
            cut_mode=None,
            shake_ratio=[0.1],
            base_ratios=[1, 1.2, 1.3, 0.8, 0.7],
            iou_thr=0.3,
            gen_num_neg=3500),
        rcnn=None),
    test_cfg=dict(rpn=None, rcnn=None))
dataset_type = 'CocoFmtDataset'
data_root = 'data/coco/'
img_norm_cfg = dict(
    mean=[123.675, 116.28, 103.53], std=[58.395, 57.12, 57.375], to_rgb=True)
train_pipeline = [
    dict(type='LoadImageFromFile'),
    dict(type='LoadAnnotations', with_bbox=True),
    dict(
        type='Resize',
        img_scale=[(2000, 480), (2000, 576), (2000, 688), (2000, 864),
                   (2000, 1000), (2000, 1200)],
        multiscale_mode='value',
        keep_ratio=True),
    dict(type='RandomFlip', flip_ratio=0.5),
    dict(
        type='Normalize',
        mean=[123.675, 116.28, 103.53],
        std=[58.395, 57.12, 57.375],
        to_rgb=True),
    dict(type='Pad', size_divisor=32),
    dict(type='DefaultFormatBundle'),
    dict(
        type='Collect',
        keys=[
            'img', 'gt_bboxes', 'gt_labels', 'gt_bboxes_ignore',
            'gt_true_bboxes'
        ])
]
test_scale = 1200
test_pipeline = [
    dict(type='LoadImageFromFile'),
    dict(type='LoadAnnotations', with_bbox=True),
    dict(
        type='MultiScaleFlipAug',
        img_scale=(2000, 1200),
        flip=False,
        transforms=[
            dict(type='Resize', keep_ratio=True),
            dict(type='RandomFlip'),
            dict(
                type='Normalize',
                mean=[123.675, 116.28, 103.53],
                std=[58.395, 57.12, 57.375],
                to_rgb=True),
            dict(type='Pad', size_divisor=32),
            dict(type='DefaultFormatBundle'),
            dict(
                type='Collect',
                keys=[
                    'img', 'gt_bboxes', 'gt_labels', 'gt_bboxes_ignore',
                    'gt_anns_id', 'gt_true_bboxes'
                ])
        ])
]
data = dict(
    samples_per_gpu=4,
    workers_per_gpu=1,
    shuffle=None,
    train=dict(
        type='CocoFmtDataset',
        ann_file='data/coco/annotations_qc_pt/instances_train2017_coarse.json',
        img_prefix='data/coco/images/train/',
        pipeline=[
            dict(type='LoadImageFromFile'),
            dict(type='LoadAnnotations', with_bbox=True),
            dict(
                type='Resize',
                img_scale=[(2000, 480), (2000, 576), (2000, 688), (2000, 864),
                           (2000, 1000), (2000, 1200)],
                multiscale_mode='value',
                keep_ratio=True),
            dict(type='RandomFlip', flip_ratio=0.5),
            dict(
                type='Normalize',
                mean=[123.675, 116.28, 103.53],
                std=[58.395, 57.12, 57.375],
                to_rgb=True),
            dict(type='Pad', size_divisor=32),
            dict(type='DefaultFormatBundle'),
            dict(
                type='Collect',
                keys=[
                    'img', 'gt_bboxes', 'gt_labels', 'gt_bboxes_ignore',
                    'gt_true_bboxes'
                ])
        ]),
    val=dict(
        samples_per_gpu=2,
        type='CocoFmtDataset',
        ann_file='data/coco/annotations/instances_train.json',
        img_prefix='data/coco/images/train/',
        pipeline=[
            dict(type='LoadImageFromFile'),
            dict(type='LoadAnnotations', with_bbox=True),
            dict(
                type='MultiScaleFlipAug',
                img_scale=(2000, 1200),
                flip=False,
                transforms=[
                    dict(type='Resize', keep_ratio=True),
                    dict(type='RandomFlip'),
                    dict(
                        type='Normalize',
                        mean=[123.675, 116.28, 103.53],
                        std=[58.395, 57.12, 57.375],
                        to_rgb=True),
                    dict(type='Pad', size_divisor=32),
                    dict(type='DefaultFormatBundle'),
                    dict(
                        type='Collect',
                        keys=[
                            'img', 'gt_bboxes', 'gt_labels',
                            'gt_bboxes_ignore', 'gt_anns_id', 'gt_true_bboxes'
                        ])
                ])
        ],
        test_mode=False),
    test=dict(
        type='CocoFmtDataset',
        ann_file='data/coco/annotations/instances_train.json',
        img_prefix='data/coco/images/train/',
        pipeline=[
            dict(type='LoadImageFromFile'),
            dict(type='LoadAnnotations', with_bbox=True),
            dict(
                type='MultiScaleFlipAug',
                img_scale=(2000, 1200),
                flip=False,
                transforms=[
                    dict(type='Resize', keep_ratio=True),
                    dict(type='RandomFlip'),
                    dict(
                        type='Normalize',
                        mean=[123.675, 116.28, 103.53],
                        std=[58.395, 57.12, 57.375],
                        to_rgb=True),
                    dict(type='Pad', size_divisor=32),
                    dict(type='DefaultFormatBundle'),
                    dict(
                        type='Collect',
                        keys=[
                            'img', 'gt_bboxes', 'gt_labels',
                            'gt_bboxes_ignore', 'gt_anns_id', 'gt_true_bboxes'
                        ])
                ])
        ]))
check = dict(stop_while_nan=False)
optimizer = dict(type='Adam', lr=0.003, weight_decay=0.0001)
optimizer_config = dict(grad_clip=dict(max_norm=35, norm_type=2))
lr_config = dict(
    policy='step',
    warmup='linear',
    warmup_iters=500,
    warmup_ratio=0.001,
    step=[8, 11])
runner = dict(type='EpochBasedRunner', max_epochs=12)
work_dir = '../TOV_mmdetection_cache/work_dir/coco/'
evaluation = dict(
    interval=1,
    metric='bbox',
    save_result_file=
    '../TOV_mmdetection_cache/work_dir/coco/_1200_latest_result.json',
    do_first_eval=False,
    do_final_eval=True)
gpu_ids = [1]

2024-10-13 11:48:39,502 - mmdet - INFO - load checkpoint from ../TOV_mmdetection_cache/work_dir/coco/pre_trained/P2B.pth
2024-10-13 11:48:39,502 - mmdet - INFO - Use load_from_local loader
2024-10-13 11:48:39,944 - mmdet - WARNING - The model and loaded state dict do not match exactly

size mismatch for roi_head.bbox_head.fc_cls.0.weight: copying a param with shape torch.Size([81, 1024]) from checkpoint, the shape in current model is torch.Size([7, 1024]).
size mismatch for roi_head.bbox_head.fc_cls.0.bias: copying a param with shape torch.Size([81]) from checkpoint, the shape in current model is torch.Size([7]).
size mismatch for roi_head.bbox_head.fc_cls.1.weight: copying a param with shape torch.Size([80, 1024]) from checkpoint, the shape in current model is torch.Size([6, 1024]).
size mismatch for roi_head.bbox_head.fc_cls.1.bias: copying a param with shape torch.Size([80]) from checkpoint, the shape in current model is torch.Size([6]).
size mismatch for roi_head.bbox_head.fc_ins.0.weight: copying a param with shape torch.Size([81, 1024]) from checkpoint, the shape in current model is torch.Size([7, 1024]).
size mismatch for roi_head.bbox_head.fc_ins.0.bias: copying a param with shape torch.Size([81]) from checkpoint, the shape in current model is torch.Size([7]).
size mismatch for roi_head.bbox_head.fc_ins.1.weight: copying a param with shape torch.Size([80, 1024]) from checkpoint, the shape in current model is torch.Size([6, 1024]).
size mismatch for roi_head.bbox_head.fc_ins.1.bias: copying a param with shape torch.Size([80]) from checkpoint, the shape in current model is torch.Size([6]).
2024-10-13 11:48:39,951 - mmdet - INFO - Start running, host: lxz@user-SYS-4029GP-TRT2, work_dir: /home/lxz/P2BNet/TOV_mmdetection_cache/work_dir/coco
2024-10-13 11:48:39,951 - mmdet - INFO - workflow: [('train', 1)], max: 12 epochs
2024-10-13 11:49:27,968 - mmdet - INFO - Epoch [1][50/300]	lr: 2.967e-04, eta: 0:56:48, time: 0.960, data_time: 0.061, memory: 9702, stage0_loss_instance_mil: 0.5960, stage0_bag_acc: 44.3735, stage0_mean_ious: 0.0956, stage0_s: 0.0000, stage0_m: 0.0207, stage0_l: 0.0786, stage0_h: 0.0892, stage1_loss_instance_mil: 0.2556, stage1_bag_acc: 34.5470, stage1_neg_loss: 0.0563, stage1_mean_ious: 0.0933, stage1_s: 0.0000, stage1_m: 0.0210, stage1_l: 0.0808, stage1_h: 0.0859, loss: 0.9079, grad_norm: 16.6032
2024-10-13 11:50:12,435 - mmdet - INFO - Epoch [1][100/300]	lr: 5.964e-04, eta: 0:53:56, time: 0.889, data_time: 0.013, memory: 9724, stage0_loss_instance_mil: 0.5318, stage0_bag_acc: 47.5041, stage0_mean_ious: 0.1027, stage0_s: 0.0000, stage0_m: 0.0082, stage0_l: 0.1098, stage0_h: 0.0930, stage1_loss_instance_mil: 0.3097, stage1_bag_acc: 44.8371, stage1_neg_loss: 0.0316, stage1_mean_ious: 0.0982, stage1_s: 0.0000, stage1_m: 0.0092, stage1_l: 0.1030, stage1_h: 0.0890, loss: 0.8731, grad_norm: 8.0211
2024-10-13 11:50:58,279 - mmdet - INFO - Epoch [1][150/300]	lr: 8.961e-04, eta: 0:53:01, time: 0.917, data_time: 0.014, memory: 9765, stage0_loss_instance_mil: 0.5036, stage0_bag_acc: 52.3244, stage0_mean_ious: 0.0937, stage0_s: 0.0000, stage0_m: 0.0152, stage0_l: 0.0760, stage0_h: 0.0881, stage1_loss_instance_mil: 0.3419, stage1_bag_acc: 44.0534, stage1_neg_loss: 0.0342, stage1_mean_ious: 0.0923, stage1_s: 0.0000, stage1_m: 0.0152, stage1_l: 0.0778, stage1_h: 0.0862, loss: 0.8798, grad_norm: 8.1455
2024-10-13 11:51:42,518 - mmdet - INFO - Epoch [1][200/300]	lr: 1.196e-03, eta: 0:51:43, time: 0.885, data_time: 0.013, memory: 9765, stage0_loss_instance_mil: 0.5719, stage0_bag_acc: 42.5043, stage0_mean_ious: 0.0972, stage0_s: 0.0000, stage0_m: 0.0064, stage0_l: 0.0903, stage0_h: 0.0911, stage1_loss_instance_mil: 0.2853, stage1_bag_acc: 36.2968, stage1_neg_loss: 0.2571, stage1_mean_ious: 0.0950, stage1_s: 0.0000, stage1_m: 0.0073, stage1_l: 0.0865, stage1_h: 0.0885, loss: 1.1143, grad_norm: 24.5840
2024-10-13 11:52:28,554 - mmdet - INFO - Epoch [1][250/300]	lr: 1.496e-03, eta: 0:51:03, time: 0.921, data_time: 0.014, memory: 9765, stage0_loss_instance_mil: 0.5682, stage0_bag_acc: 41.1441, stage0_mean_ious: 0.0950, stage0_s: 0.0000, stage0_m: 0.0035, stage0_l: 0.0970, stage0_h: 0.0861, stage1_loss_instance_mil: 0.2570, stage1_bag_acc: 36.1128, stage1_neg_loss: 0.0611, stage1_mean_ious: 0.0946, stage1_s: 0.0000, stage1_m: 0.0042, stage1_l: 0.0984, stage1_h: 0.0848, loss: 0.8863, grad_norm: 12.6156
2024-10-13 11:53:13,672 - mmdet - INFO - Exp name: P2BNet_r50_fpn_1x_coco_ms.py
2024-10-13 11:53:13,672 - mmdet - INFO - Epoch [1][300/300]	lr: 1.795e-03, eta: 0:50:10, time: 0.902, data_time: 0.013, memory: 9765, stage0_loss_instance_mil: 0.6012, stage0_bag_acc: 32.3269, stage0_mean_ious: 0.0890, stage0_s: 0.0000, stage0_m: 0.0151, stage0_l: 0.0730, stage0_h: 0.0848, stage1_loss_instance_mil: 0.2342, stage1_bag_acc: 23.9415, stage1_neg_loss: 0.0152, stage1_mean_ious: 0.0843, stage1_s: 0.0000, stage1_m: 0.0143, stage1_l: 0.0726, stage1_h: 0.0797, loss: 0.8506, grad_norm: 2.6520
2024-10-13 11:53:13,755 - mmdet - INFO - Saving checkpoint at 1 epochs
2024-10-13 11:55:21,878 - mmdet - INFO - Evaluating bbox...
2024-10-13 11:55:22,692 - mmdet - INFO -  Average Precision  (AP) @[ IoU=0.50:0.95 | area=   all | maxDets=100 ] = 0.0012
2024-10-13 11:55:22,692 - mmdet - INFO -  Average Precision  (AP) @[ IoU=0.50      | area=   all | maxDets=1000 ] = 0.0060
2024-10-13 11:55:22,692 - mmdet - INFO -  Average Precision  (AP) @[ IoU=0.60      | area=   all | maxDets=1000 ] = 0.0015
2024-10-13 11:55:22,692 - mmdet - INFO -  Average Precision  (AP) @[ IoU=0.70      | area=   all | maxDets=1000 ] = 0.0004
2024-10-13 11:55:22,693 - mmdet - INFO -  Average Precision  (AP) @[ IoU=0.75      | area=   all | maxDets=1000 ] = 0.0002
2024-10-13 11:55:22,693 - mmdet - INFO -  Average Precision  (AP) @[ IoU=0.80      | area=   all | maxDets=1000 ] = 0.0000
2024-10-13 11:55:22,693 - mmdet - INFO -  Average Precision  (AP) @[ IoU=0.90      | area=   all | maxDets=1000 ] = 0.0000
2024-10-13 11:55:22,693 - mmdet - INFO -  Average Precision  (AP) @[ IoU=0.50:0.95 | area= small | maxDets=1000 ] = 0.0165
2024-10-13 11:55:22,693 - mmdet - INFO -  Average Precision  (AP) @[ IoU=0.50:0.95 | area=medium | maxDets=1000 ] = 0.0015
2024-10-13 11:55:22,693 - mmdet - INFO -  Average Precision  (AP) @[ IoU=0.50:0.95 | area= large | maxDets=1000 ] = 0.0000
2024-10-13 11:55:22,693 - mmdet - INFO -  Average Recall     (AR) @[ IoU=0.50:0.95 | area=   all | maxDets=100 ] = 0.0191
2024-10-13 11:55:22,693 - mmdet - INFO -  Average Recall     (AR) @[ IoU=0.50      | area=   all | maxDets=100 ] = 0.0645
2024-10-13 11:55:22,693 - mmdet - INFO -  Average Recall     (AR) @[ IoU=0.50:0.95 | area=   all | maxDets=300 ] = 0.0191
2024-10-13 11:55:22,693 - mmdet - INFO -  Average Recall     (AR) @[ IoU=0.50:0.95 | area=   all | maxDets=1000 ] = 0.0191
2024-10-13 11:55:22,693 - mmdet - INFO -  Average Recall     (AR) @[ IoU=0.50:0.95 | area= small | maxDets=1000 ] = 0.0607
2024-10-13 11:55:22,694 - mmdet - INFO -  Average Recall     (AR) @[ IoU=0.50:0.95 | area=medium | maxDets=1000 ] = 0.0229
2024-10-13 11:55:22,694 - mmdet - INFO -  Average Recall     (AR) @[ IoU=0.50:0.95 | area= large | maxDets=1000 ] = 0.0000
2024-10-13 11:55:22,709 - mmdet - INFO - Exp name: P2BNet_r50_fpn_1x_coco_ms.py
2024-10-13 11:55:22,710 - mmdet - INFO - Epoch(val) [1][300]	eval_iter_num: 720, bbox_mAP: 0.0010, bbox_mAP_50: 0.0060, bbox_mAP_75: 0.0020, bbox_mAP_s: 0.0000, bbox_mAP_m: 0.0000, bbox_mAP_l: 0.0000, bbox_mAP_copypaste: 0.001 0.006 0.002 0.000 0.000 0.000
2024-10-13 11:56:09,489 - mmdet - INFO - Epoch [2][50/300]	lr: 2.095e-03, eta: 0:49:35, time: 0.935, data_time: 0.057, memory: 9765, stage0_loss_instance_mil: 0.6276, stage0_bag_acc: 32.3531, stage0_mean_ious: 0.1044, stage0_s: 0.0000, stage0_m: 0.0122, stage0_l: 0.0984, stage0_h: 0.0985, stage1_loss_instance_mil: 0.1991, stage1_bag_acc: 23.2080, stage1_neg_loss: 0.0113, stage1_mean_ious: 0.1029, stage1_s: 0.0000, stage1_m: 0.0110, stage1_l: 0.0983, stage1_h: 0.0966, loss: 0.8380, grad_norm: 1.4720
2024-10-13 11:56:54,549 - mmdet - INFO - Epoch [2][100/300]	lr: 2.395e-03, eta: 0:48:44, time: 0.901, data_time: 0.013, memory: 9765, stage0_loss_instance_mil: 0.6131, stage0_bag_acc: 27.3834, stage0_mean_ious: 0.0921, stage0_s: 0.0000, stage0_m: 0.0122, stage0_l: 0.0843, stage0_h: 0.0883, stage1_loss_instance_mil: 0.1759, stage1_bag_acc: 28.1710, stage1_neg_loss: 0.0167, stage1_mean_ious: 0.0914, stage1_s: 0.0000, stage1_m: 0.0133, stage1_l: 0.0904, stage1_h: 0.0856, loss: 0.8057, grad_norm: 1.3687
2024-10-13 11:57:38,803 - mmdet - INFO - Epoch [2][150/300]	lr: 2.694e-03, eta: 0:47:48, time: 0.885, data_time: 0.012, memory: 9765, stage0_loss_instance_mil: 0.6272, stage0_bag_acc: 28.1030, stage0_mean_ious: 0.0968, stage0_s: 0.0000, stage0_m: 0.0183, stage0_l: 0.0918, stage0_h: 0.0903, stage1_loss_instance_mil: 0.1787, stage1_bag_acc: 27.0842, stage1_neg_loss: 0.1146, stage1_mean_ious: 0.0957, stage1_s: 0.0000, stage1_m: 0.0185, stage1_l: 0.0974, stage1_h: 0.0882, loss: 0.9206, grad_norm: 15.0137
2024-10-13 11:58:22,293 - mmdet - INFO - Epoch [2][200/300]	lr: 2.994e-03, eta: 0:46:50, time: 0.870, data_time: 0.012, memory: 9765, stage0_loss_instance_mil: 0.6358, stage0_bag_acc: 21.9234, stage0_mean_ious: 0.1032, stage0_s: 0.0011, stage0_m: 0.0136, stage0_l: 0.1031, stage0_h: 0.0952, stage1_loss_instance_mil: 0.1692, stage1_bag_acc: 25.4665, stage1_neg_loss: 0.0159, stage1_mean_ious: 0.0980, stage1_s: 0.0007, stage1_m: 0.0141, stage1_l: 0.1016, stage1_h: 0.0892, loss: 0.8209, grad_norm: 1.3641
2024-10-13 11:59:07,816 - mmdet - INFO - Epoch [2][250/300]	lr: 3.000e-03, eta: 0:46:06, time: 0.910, data_time: 0.013, memory: 9765, stage0_loss_instance_mil: 0.6334, stage0_bag_acc: 23.6018, stage0_mean_ious: 0.1001, stage0_s: 0.0000, stage0_m: 0.0144, stage0_l: 0.0595, stage0_h: 0.0975, stage1_loss_instance_mil: 0.1642, stage1_bag_acc: 22.8234, stage1_neg_loss: 0.0173, stage1_mean_ious: 0.0953, stage1_s: 0.0000, stage1_m: 0.0141, stage1_l: 0.0557, stage1_h: 0.0929, loss: 0.8148, grad_norm: 0.9948
2024-10-13 11:59:53,142 - mmdet - INFO - Exp name: P2BNet_r50_fpn_1x_coco_ms.py
2024-10-13 11:59:53,142 - mmdet - INFO - Epoch [2][300/300]	lr: 3.000e-03, eta: 0:45:20, time: 0.907, data_time: 0.014, memory: 9765, stage0_loss_instance_mil: 0.6381, stage0_bag_acc: 21.5921, stage0_mean_ious: 0.0953, stage0_s: 0.0000, stage0_m: 0.0119, stage0_l: 0.0916, stage0_h: 0.0873, stage1_loss_instance_mil: 0.1651, stage1_bag_acc: 27.2018, stage1_neg_loss: 0.0158, stage1_mean_ious: 0.0938, stage1_s: 0.0000, stage1_m: 0.0103, stage1_l: 0.0912, stage1_h: 0.0860, loss: 0.8189, grad_norm: 0.9036
2024-10-13 11:59:53,241 - mmdet - INFO - Saving checkpoint at 2 epochs
2024-10-13 12:02:01,152 - mmdet - INFO - Evaluating bbox...
2024-10-13 12:02:01,956 - mmdet - INFO -  Average Precision  (AP) @[ IoU=0.50:0.95 | area=   all | maxDets=100 ] = 0.0054
2024-10-13 12:02:01,956 - mmdet - INFO -  Average Precision  (AP) @[ IoU=0.50      | area=   all | maxDets=1000 ] = 0.0163
2024-10-13 12:02:01,956 - mmdet - INFO -  Average Precision  (AP) @[ IoU=0.60      | area=   all | maxDets=1000 ] = 0.0096
2024-10-13 12:02:01,956 - mmdet - INFO -  Average Precision  (AP) @[ IoU=0.70      | area=   all | maxDets=1000 ] = 0.0043
2024-10-13 12:02:01,956 - mmdet - INFO -  Average Precision  (AP) @[ IoU=0.75      | area=   all | maxDets=1000 ] = 0.0026
2024-10-13 12:02:01,957 - mmdet - INFO -  Average Precision  (AP) @[ IoU=0.80      | area=   all | maxDets=1000 ] = 0.0009
2024-10-13 12:02:01,957 - mmdet - INFO -  Average Precision  (AP) @[ IoU=0.90      | area=   all | maxDets=1000 ] = 0.0001
2024-10-13 12:02:01,957 - mmdet - INFO -  Average Precision  (AP) @[ IoU=0.50:0.95 | area= small | maxDets=1000 ] = 0.0118
2024-10-13 12:02:01,957 - mmdet - INFO -  Average Precision  (AP) @[ IoU=0.50:0.95 | area=medium | maxDets=1000 ] = 0.0063
2024-10-13 12:02:01,957 - mmdet - INFO -  Average Precision  (AP) @[ IoU=0.50:0.95 | area= large | maxDets=1000 ] = 0.0000
2024-10-13 12:02:01,957 - mmdet - INFO -  Average Recall     (AR) @[ IoU=0.50:0.95 | area=   all | maxDets=100 ] = 0.0276
2024-10-13 12:02:01,957 - mmdet - INFO -  Average Recall     (AR) @[ IoU=0.50      | area=   all | maxDets=100 ] = 0.0706
2024-10-13 12:02:01,957 - mmdet - INFO -  Average Recall     (AR) @[ IoU=0.50:0.95 | area=   all | maxDets=300 ] = 0.0276
2024-10-13 12:02:01,957 - mmdet - INFO -  Average Recall     (AR) @[ IoU=0.50:0.95 | area=   all | maxDets=1000 ] = 0.0276
2024-10-13 12:02:01,957 - mmdet - INFO -  Average Recall     (AR) @[ IoU=0.50:0.95 | area= small | maxDets=1000 ] = 0.1334
2024-10-13 12:02:01,958 - mmdet - INFO -  Average Recall     (AR) @[ IoU=0.50:0.95 | area=medium | maxDets=1000 ] = 0.0320
2024-10-13 12:02:01,958 - mmdet - INFO -  Average Recall     (AR) @[ IoU=0.50:0.95 | area= large | maxDets=1000 ] = 0.0000
2024-10-13 12:02:01,971 - mmdet - INFO - Exp name: P2BNet_r50_fpn_1x_coco_ms.py
2024-10-13 12:02:01,972 - mmdet - INFO - Epoch(val) [2][300]	eval_iter_num: 720, bbox_mAP: 0.0050, bbox_mAP_50: 0.0160, bbox_mAP_75: 0.0100, bbox_mAP_s: 0.0040, bbox_mAP_m: 0.0030, bbox_mAP_l: 0.0010, bbox_mAP_copypaste: 0.005 0.016 0.010 0.004 0.003 0.001
2024-10-13 12:02:48,929 - mmdet - INFO - Epoch [3][50/300]	lr: 3.000e-03, eta: 0:44:42, time: 0.939, data_time: 0.057, memory: 9765, stage0_loss_instance_mil: 0.6339, stage0_bag_acc: 23.0707, stage0_mean_ious: 0.0926, stage0_s: 0.0000, stage0_m: 0.0094, stage0_l: 0.0864, stage0_h: 0.0868, stage1_loss_instance_mil: 0.1538, stage1_bag_acc: 18.0214, stage1_neg_loss: 0.0179, stage1_mean_ious: 0.0913, stage1_s: 0.0000, stage1_m: 0.0091, stage1_l: 0.0842, stage1_h: 0.0852, loss: 0.8057, grad_norm: 1.0921
2024-10-13 12:03:33,918 - mmdet - INFO - Epoch [3][100/300]	lr: 3.000e-03, eta: 0:43:55, time: 0.900, data_time: 0.013, memory: 9765, stage0_loss_instance_mil: 0.6300, stage0_bag_acc: 23.6684, stage0_mean_ious: 0.0993, stage0_s: 0.0000, stage0_m: 0.0137, stage0_l: 0.1023, stage0_h: 0.0890, stage1_loss_instance_mil: 0.1628, stage1_bag_acc: 29.5781, stage1_neg_loss: 0.0176, stage1_mean_ious: 0.1007, stage1_s: 0.0000, stage1_m: 0.0142, stage1_l: 0.1054, stage1_h: 0.0900, loss: 0.8105, grad_norm: 0.8902
2024-10-13 12:04:19,367 - mmdet - INFO - Epoch [3][150/300]	lr: 3.000e-03, eta: 0:43:09, time: 0.909, data_time: 0.013, memory: 9765, stage0_loss_instance_mil: 0.6553, stage0_bag_acc: 29.4524, stage0_mean_ious: 0.0999, stage0_s: 0.0000, stage0_m: 0.0222, stage0_l: 0.0915, stage0_h: 0.0916, stage1_loss_instance_mil: 0.1681, stage1_bag_acc: 27.2538, stage1_neg_loss: 0.0204, stage1_mean_ious: 0.0997, stage1_s: 0.0000, stage1_m: 0.0205, stage1_l: 0.0971, stage1_h: 0.0909, loss: 0.8438, grad_norm: 1.6434
